<?xml version='1.1' encoding='UTF-8'?>
<result plugin="junit@1.24">
  <suites>
    <suite>
      <file>/home/jenkins/workspace/Backend/CMC@3/test-results/TEST-cli-TestDecoderConfig.xml</file>
      <name>cli.TestDecoderConfig</name>
      <stdout>Test skipped on the Central Manager
.Test skipped on the Central Manager
.Test skipped on the Central Manager
.Test skipped on the Central Manager
.Test skipped on the Central Manager
.Test skipped on the Central Manager
.Test skipped on the Central Manager
.Test skipped on the Central Manager
.Test skipped on the Central Manager
.</stdout>
      <stderr></stderr>
      <duration>4276.663</duration>
      <timestamp>2019-05-07T12:32:25.585391</timestamp>
      <time>0.001</time>
      <enclosingBlocks/>
      <enclosingBlockNames/>
      <cases>
        <case>
          <duration>0.0</duration>
          <className>TestDecoderConfig</className>
          <testName>TestCase04.test01</testName>
          <skipped>false</skipped>
          <failedSince>0</failedSince>
        </case>
        <case>
          <duration>0.0</duration>
          <className>TestDecoderConfig</className>
          <testName>TestCase04.test02</testName>
          <skipped>false</skipped>
          <failedSince>0</failedSince>
        </case>
        <case>
          <duration>0.0</duration>
          <className>TestDecoderConfig</className>
          <testName>TestCase04.test03</testName>
          <skipped>false</skipped>
          <failedSince>0</failedSince>
        </case>
        <case>
          <duration>0.0</duration>
          <className>TestDecoderConfig</className>
          <testName>TestCase04.test04</testName>
          <skipped>false</skipped>
          <failedSince>0</failedSince>
        </case>
        <case>
          <duration>0.0</duration>
          <className>TestDecoderConfig</className>
          <testName>TestCase04.test05</testName>
          <skipped>false</skipped>
          <failedSince>0</failedSince>
        </case>
        <case>
          <duration>0.0</duration>
          <className>TestDecoderConfig</className>
          <testName>TestCase04.test06</testName>
          <skipped>false</skipped>
          <failedSince>0</failedSince>
        </case>
        <case>
          <duration>0.0</duration>
          <className>TestDecoderConfig</className>
          <testName>TestCase04.test07</testName>
          <skipped>false</skipped>
          <failedSince>0</failedSince>
        </case>
        <case>
          <duration>0.0</duration>
          <className>TestDecoderConfig</className>
          <testName>TestCase04.test08</testName>
          <skipped>false</skipped>
          <failedSince>0</failedSince>
        </case>
        <case>
          <duration>0.0</duration>
          <className>TestDecoderConfig</className>
          <testName>TestCase04.test09</testName>
          <skipped>false</skipped>
          <failedSince>0</failedSince>
        </case>
        <case>
          <duration>0.0</duration>
          <className>TestDecoderConfig</className>
          <testName>TestCase06.test01</testName>
          <skipped>false</skipped>
          <failedSince>0</failedSince>
        </case>
        <case>
          <duration>0.0</duration>
          <className>TestDecoderConfig</className>
          <testName>TestCase06.test02</testName>
          <skipped>false</skipped>
          <failedSince>0</failedSince>
        </case>
        <case>
          <duration>0.0</duration>
          <className>TestDecoderConfig</className>
          <testName>TestCase06.test03</testName>
          <skipped>false</skipped>
          <failedSince>0</failedSince>
        </case>
        <case>
          <duration>0.0</duration>
          <className>TestDecoderConfig</className>
          <testName>TestCase06.test04</testName>
          <skipped>false</skipped>
          <failedSince>0</failedSince>
        </case>
        <case>
          <duration>0.0</duration>
          <className>TestDecoderConfig</className>
          <testName>TestCase06.test05</testName>
          <skipped>false</skipped>
          <failedSince>0</failedSince>
        </case>
        <case>
          <duration>0.0</duration>
          <className>TestDecoderConfig</className>
          <testName>TestCase06.test06</testName>
          <skipped>false</skipped>
          <failedSince>0</failedSince>
        </case>
        <case>
          <duration>0.0</duration>
          <className>TestDecoderConfig</className>
          <testName>TestCase06.test07</testName>
          <skipped>false</skipped>
          <failedSince>0</failedSince>
        </case>
        <case>
          <duration>0.0</duration>
          <className>TestDecoderConfig</className>
          <testName>TestCase06.test08</testName>
          <skipped>false</skipped>
          <failedSince>0</failedSince>
        </case>
        <case>
          <duration>0.0</duration>
          <className>TestDecoderConfig</className>
          <testName>TestCase06.test09</testName>
          <skipped>false</skipped>
          <failedSince>0</failedSince>
        </case>
        <case>
          <duration>0.0</duration>
          <className>TestDecoderConfig</className>
          <testName>TestCase06.test10</testName>
          <skipped>false</skipped>
          <failedSince>0</failedSince>
        </case>
        <case>
          <duration>0.0</duration>
          <className>TestDecoderConfig</className>
          <testName>TestCase06.test11</testName>
          <skipped>false</skipped>
          <failedSince>0</failedSince>
        </case>
        <case>
          <duration>0.0</duration>
          <className>TestDecoderConfig</className>
          <testName>TestCase06.test12</testName>
          <skipped>false</skipped>
          <failedSince>0</failedSince>
        </case>
        <case>
          <duration>0.0</duration>
          <className>TestDecoderConfig</className>
          <testName>TestCase06.test13</testName>
          <skipped>false</skipped>
          <failedSince>0</failedSince>
        </case>
        <case>
          <duration>0.0</duration>
          <className>TestDecoderConfig</className>
          <testName>TestCase06.test14</testName>
          <skipped>false</skipped>
          <failedSince>0</failedSince>
        </case>
        <case>
          <duration>0.0</duration>
          <className>TestDecoderConfig</className>
          <testName>TestCase06.test15</testName>
          <skipped>false</skipped>
          <failedSince>0</failedSince>
        </case>
        <case>
          <duration>0.0</duration>
          <className>TestDecoderConfig</className>
          <testName>TestCase06.test16</testName>
          <skipped>false</skipped>
          <failedSince>0</failedSince>
        </case>
        <case>
          <duration>0.0</duration>
          <className>TestDecoderConfig</className>
          <testName>TestCase06.test17</testName>
          <skipped>false</skipped>
          <failedSince>0</failedSince>
        </case>
        <case>
          <duration>0.0</duration>
          <className>TestDecoderConfig</className>
          <testName>TestCase06.test18</testName>
          <skipped>false</skipped>
          <failedSince>0</failedSince>
        </case>
        <case>
          <duration>0.0</duration>
          <className>TestDecoderConfig</className>
          <testName>TestCase06.test19</testName>
          <skipped>false</skipped>
          <failedSince>0</failedSince>
        </case>
        <case>
          <duration>0.0</duration>
          <className>TestDecoderConfig</className>
          <testName>TestCase06.test20</testName>
          <skipped>false</skipped>
          <failedSince>0</failedSince>
        </case>
        <case>
          <duration>0.0</duration>
          <className>TestDecoderConfig</className>
          <testName>TestCase06.test21</testName>
          <skipped>false</skipped>
          <failedSince>0</failedSince>
        </case>
        <case>
          <duration>0.0</duration>
          <className>TestDecoderConfig</className>
          <testName>TestCase06.test22</testName>
          <skipped>false</skipped>
          <failedSince>0</failedSince>
        </case>
        <case>
          <duration>0.0</duration>
          <className>TestDecoderConfig</className>
          <testName>TestCase09.test01</testName>
          <skipped>false</skipped>
          <failedSince>0</failedSince>
        </case>
        <case>
          <duration>0.0</duration>
          <className>TestDecoderConfig</className>
          <testName>TestCase09.test02</testName>
          <skipped>false</skipped>
          <failedSince>0</failedSince>
        </case>
        <case>
          <duration>0.001</duration>
          <className>TestDecoderConfig</className>
          <testName>TestCase03.test01</testName>
          <skipped>false</skipped>
          <failedSince>0</failedSince>
        </case>
        <case>
          <duration>0.0</duration>
          <className>TestDecoderConfig</className>
          <testName>TestCase03.test02</testName>
          <skipped>false</skipped>
          <failedSince>0</failedSince>
        </case>
        <case>
          <duration>0.0</duration>
          <className>TestDecoderConfig</className>
          <testName>TestCase03.test03</testName>
          <skipped>false</skipped>
          <failedSince>0</failedSince>
        </case>
        <case>
          <duration>0.0</duration>
          <className>TestDecoderConfig</className>
          <testName>TestCase03.test04</testName>
          <skipped>false</skipped>
          <failedSince>0</failedSince>
        </case>
        <case>
          <duration>0.0</duration>
          <className>TestDecoderConfig</className>
          <testName>TestCase03.test05</testName>
          <skipped>false</skipped>
          <failedSince>0</failedSince>
        </case>
        <case>
          <duration>0.0</duration>
          <className>TestDecoderConfig</className>
          <testName>TestCase03.test06</testName>
          <skipped>false</skipped>
          <failedSince>0</failedSince>
        </case>
        <case>
          <duration>0.0</duration>
          <className>TestDecoderConfig</className>
          <testName>TestCase03.test07</testName>
          <skipped>false</skipped>
          <failedSince>0</failedSince>
        </case>
        <case>
          <duration>0.0</duration>
          <className>TestDecoderConfig</className>
          <testName>TestCase03.test08</testName>
          <skipped>false</skipped>
          <failedSince>0</failedSince>
        </case>
        <case>
          <duration>0.001</duration>
          <className>TestDecoderConfig</className>
          <testName>TestCase03.test09</testName>
          <skipped>false</skipped>
          <failedSince>0</failedSince>
        </case>
        <case>
          <duration>0.0</duration>
          <className>TestDecoderConfig</className>
          <testName>TestCase03.test10</testName>
          <skipped>false</skipped>
          <failedSince>0</failedSince>
        </case>
        <case>
          <duration>0.001</duration>
          <className>TestDecoderConfig</className>
          <testName>TestCase03.test11</testName>
          <skipped>false</skipped>
          <failedSince>0</failedSince>
        </case>
        <case>
          <duration>0.0</duration>
          <className>TestDecoderConfig</className>
          <testName>TestCase03.test12</testName>
          <skipped>false</skipped>
          <failedSince>0</failedSince>
        </case>
        <case>
          <duration>0.0</duration>
          <className>TestDecoderConfig</className>
          <testName>TestCase03.test13</testName>
          <skipped>false</skipped>
          <failedSince>0</failedSince>
        </case>
        <case>
          <duration>0.0</duration>
          <className>TestDecoderConfig</className>
          <testName>TestCase03.test14</testName>
          <skipped>false</skipped>
          <failedSince>0</failedSince>
        </case>
        <case>
          <duration>0.0</duration>
          <className>TestDecoderConfig</className>
          <testName>TestCase03.test15</testName>
          <skipped>false</skipped>
          <failedSince>0</failedSince>
        </case>
        <case>
          <duration>0.0</duration>
          <className>TestDecoderConfig</className>
          <testName>TestCase03.test16</testName>
          <skipped>false</skipped>
          <failedSince>0</failedSince>
        </case>
        <case>
          <duration>0.0</duration>
          <className>TestDecoderConfig</className>
          <testName>TestCase03.test17</testName>
          <skipped>false</skipped>
          <failedSince>0</failedSince>
        </case>
        <case>
          <duration>0.0</duration>
          <className>TestDecoderConfig</className>
          <testName>TestCase03.test18</testName>
          <skipped>false</skipped>
          <failedSince>0</failedSince>
        </case>
        <case>
          <duration>0.0</duration>
          <className>TestDecoderConfig</className>
          <testName>TestCase03.test19</testName>
          <skipped>false</skipped>
          <failedSince>0</failedSince>
        </case>
        <case>
          <duration>0.0</duration>
          <className>TestDecoderConfig</className>
          <testName>TestCase03.test20</testName>
          <skipped>false</skipped>
          <failedSince>0</failedSince>
        </case>
        <case>
          <duration>0.0</duration>
          <className>TestDecoderConfig</className>
          <testName>TestCase03.test21</testName>
          <skipped>false</skipped>
          <failedSince>0</failedSince>
        </case>
        <case>
          <duration>0.0</duration>
          <className>TestDecoderConfig</className>
          <testName>TestCase03.test22</testName>
          <skipped>false</skipped>
          <failedSince>0</failedSince>
        </case>
        <case>
          <duration>0.0</duration>
          <className>TestDecoderConfig</className>
          <testName>TestCase03.test23</testName>
          <skipped>false</skipped>
          <failedSince>0</failedSince>
        </case>
        <case>
          <duration>0.001</duration>
          <className>TestDecoderConfig</className>
          <testName>TestCase03.test24</testName>
          <skipped>false</skipped>
          <failedSince>0</failedSince>
        </case>
        <case>
          <duration>0.0</duration>
          <className>TestDecoderConfig</className>
          <testName>TestCase03.test25</testName>
          <skipped>false</skipped>
          <failedSince>0</failedSince>
        </case>
        <case>
          <duration>0.0</duration>
          <className>TestDecoderConfig</className>
          <testName>TestCase03.test26</testName>
          <skipped>false</skipped>
          <failedSince>0</failedSince>
        </case>
        <case>
          <duration>0.0</duration>
          <className>TestDecoderConfig</className>
          <testName>TestCase03.test27</testName>
          <skipped>false</skipped>
          <failedSince>0</failedSince>
        </case>
        <case>
          <duration>0.0</duration>
          <className>TestDecoderConfig</className>
          <testName>TestCase03.test28</testName>
          <skipped>false</skipped>
          <failedSince>0</failedSince>
        </case>
        <case>
          <duration>0.0</duration>
          <className>TestDecoderConfig</className>
          <testName>TestCase03.test29</testName>
          <skipped>false</skipped>
          <failedSince>0</failedSince>
        </case>
        <case>
          <duration>0.0</duration>
          <className>TestDecoderConfig</className>
          <testName>TestCase03.test30</testName>
          <skipped>false</skipped>
          <failedSince>0</failedSince>
        </case>
        <case>
          <duration>0.0</duration>
          <className>TestDecoderConfig</className>
          <testName>TestCase03.test31</testName>
          <skipped>false</skipped>
          <failedSince>0</failedSince>
        </case>
        <case>
          <duration>0.022</duration>
          <className>TestDecoderConfig</className>
          <testName>TestCase14.test01</testName>
          <skipped>false</skipped>
          <failedSince>0</failedSince>
        </case>
        <case>
          <duration>0.012</duration>
          <className>TestDecoderConfig</className>
          <testName>TestCase14.test02</testName>
          <skipped>false</skipped>
          <failedSince>0</failedSince>
        </case>
        <case>
          <duration>0.0</duration>
          <className>TestDecoderConfig</className>
          <testName>TestCase02.test09</testName>
          <skipped>false</skipped>
          <failedSince>0</failedSince>
        </case>
        <case>
          <duration>0.0</duration>
          <className>TestDecoderConfig</className>
          <testName>TestCase02.test10</testName>
          <skipped>false</skipped>
          <failedSince>0</failedSince>
        </case>
        <case>
          <duration>0.0</duration>
          <className>TestDecoderConfig</className>
          <testName>TestCase02.test11</testName>
          <skipped>false</skipped>
          <failedSince>0</failedSince>
        </case>
        <case>
          <duration>0.0</duration>
          <className>TestDecoderConfig</className>
          <testName>TestCase02.test12</testName>
          <skipped>false</skipped>
          <failedSince>0</failedSince>
        </case>
        <case>
          <duration>0.0</duration>
          <className>TestDecoderConfig</className>
          <testName>TestCase01.test01</testName>
          <skipped>false</skipped>
          <failedSince>0</failedSince>
        </case>
        <case>
          <duration>0.0</duration>
          <className>TestDecoderConfig</className>
          <testName>TestCase01.test02</testName>
          <skipped>false</skipped>
          <failedSince>0</failedSince>
        </case>
        <case>
          <duration>0.0</duration>
          <className>TestDecoderConfig</className>
          <testName>TestCase01.test03</testName>
          <skipped>false</skipped>
          <failedSince>0</failedSince>
        </case>
        <case>
          <duration>0.0</duration>
          <className>TestDecoderConfig</className>
          <testName>TestCase01.test04</testName>
          <skipped>false</skipped>
          <failedSince>0</failedSince>
        </case>
        <case>
          <duration>0.0</duration>
          <className>TestDecoderConfig</className>
          <testName>TestCase01.test05</testName>
          <skipped>false</skipped>
          <failedSince>0</failedSince>
        </case>
        <case>
          <duration>0.0</duration>
          <className>TestDecoderConfig</className>
          <testName>TestCase01.test06</testName>
          <skipped>false</skipped>
          <failedSince>0</failedSince>
        </case>
        <case>
          <duration>0.0</duration>
          <className>TestDecoderConfig</className>
          <testName>TestCase01.test07</testName>
          <skipped>false</skipped>
          <failedSince>0</failedSince>
        </case>
        <case>
          <duration>0.0</duration>
          <className>TestDecoderConfig</className>
          <testName>TestCase01.test13</testName>
          <skipped>false</skipped>
          <failedSince>0</failedSince>
        </case>
        <case>
          <duration>0.0</duration>
          <className>TestDecoderConfig</className>
          <testName>TestCase01.test14</testName>
          <skipped>false</skipped>
          <failedSince>0</failedSince>
        </case>
        <case>
          <duration>0.0</duration>
          <className>TestDecoderConfig</className>
          <testName>TestCase01.test15</testName>
          <skipped>false</skipped>
          <failedSince>0</failedSince>
        </case>
        <case>
          <duration>0.0</duration>
          <className>TestDecoderConfig</className>
          <testName>TestCase01.test16</testName>
          <skipped>false</skipped>
          <failedSince>0</failedSince>
        </case>
        <case>
          <duration>0.0</duration>
          <className>TestDecoderConfig</className>
          <testName>TestCase01.test17</testName>
          <skipped>false</skipped>
          <failedSince>0</failedSince>
        </case>
        <case>
          <duration>0.0</duration>
          <className>TestDecoderConfig</className>
          <testName>TestCase01.test18</testName>
          <skipped>false</skipped>
          <failedSince>0</failedSince>
        </case>
        <case>
          <duration>0.0</duration>
          <className>TestDecoderConfig</className>
          <testName>TestCase01.test19</testName>
          <skipped>false</skipped>
          <failedSince>0</failedSince>
        </case>
        <case>
          <duration>0.0</duration>
          <className>TestDecoderConfig</className>
          <testName>TestCase01.test20</testName>
          <skipped>false</skipped>
          <failedSince>0</failedSince>
        </case>
        <case>
          <duration>0.0</duration>
          <className>TestDecoderConfig</className>
          <testName>TestCase01.test21</testName>
          <skipped>false</skipped>
          <failedSince>0</failedSince>
        </case>
        <case>
          <duration>0.0</duration>
          <className>TestDecoderConfig</className>
          <testName>TestCase01.test22</testName>
          <skipped>false</skipped>
          <failedSince>0</failedSince>
        </case>
        <case>
          <duration>0.0</duration>
          <className>TestDecoderConfig</className>
          <testName>TestCase01.test23</testName>
          <skipped>false</skipped>
          <failedSince>0</failedSince>
        </case>
        <case>
          <duration>0.0</duration>
          <className>TestDecoderConfig</className>
          <testName>TestCase01.test24</testName>
          <skipped>false</skipped>
          <failedSince>0</failedSince>
        </case>
        <case>
          <duration>0.0</duration>
          <className>TestDecoderConfig</className>
          <testName>TestCase01.test25</testName>
          <skipped>false</skipped>
          <failedSince>0</failedSince>
        </case>
        <case>
          <duration>0.0</duration>
          <className>TestDecoderConfig</className>
          <testName>TestCase01.test26</testName>
          <skipped>false</skipped>
          <failedSince>0</failedSince>
        </case>
        <case>
          <duration>0.0</duration>
          <className>TestDecoderConfig</className>
          <testName>TestCase01.test27</testName>
          <skipped>false</skipped>
          <failedSince>0</failedSince>
        </case>
        <case>
          <duration>0.0</duration>
          <className>TestDecoderConfig</className>
          <testName>TestCase01.test28</testName>
          <skipped>false</skipped>
          <failedSince>0</failedSince>
        </case>
        <case>
          <duration>0.0</duration>
          <className>TestDecoderConfig</className>
          <testName>TestCase01.test30</testName>
          <skipped>false</skipped>
          <failedSince>0</failedSince>
        </case>
        <case>
          <duration>0.0</duration>
          <className>TestDecoderConfig</className>
          <testName>TestCase01.test31</testName>
          <skipped>false</skipped>
          <failedSince>0</failedSince>
        </case>
        <case>
          <duration>0.0</duration>
          <className>TestDecoderConfig</className>
          <testName>TestCase01.test32</testName>
          <skipped>false</skipped>
          <failedSince>0</failedSince>
        </case>
        <case>
          <duration>0.0</duration>
          <className>TestDecoderConfig</className>
          <testName>TestCase01.test33</testName>
          <skipped>false</skipped>
          <failedSince>0</failedSince>
        </case>
        <case>
          <duration>0.0</duration>
          <className>TestDecoderConfig</className>
          <testName>TestCase01.test34</testName>
          <skipped>false</skipped>
          <failedSince>0</failedSince>
        </case>
        <case>
          <duration>0.0</duration>
          <className>TestDecoderConfig</className>
          <testName>TestCase01.test35</testName>
          <skipped>false</skipped>
          <failedSince>0</failedSince>
        </case>
        <case>
          <duration>0.0</duration>
          <className>TestDecoderConfig</className>
          <testName>TestCase01.test36</testName>
          <skipped>false</skipped>
          <failedSince>0</failedSince>
        </case>
        <case>
          <duration>0.0</duration>
          <className>TestDecoderConfig</className>
          <testName>TestCase01.test37</testName>
          <skipped>false</skipped>
          <failedSince>0</failedSince>
        </case>
        <case>
          <duration>0.0</duration>
          <className>TestDecoderConfig</className>
          <testName>TestCase01.test38</testName>
          <skipped>false</skipped>
          <failedSince>0</failedSince>
        </case>
        <case>
          <duration>0.0</duration>
          <className>TestDecoderConfig</className>
          <testName>TestCase01.test39</testName>
          <skipped>false</skipped>
          <failedSince>0</failedSince>
        </case>
        <case>
          <duration>0.0</duration>
          <className>TestDecoderConfig</className>
          <testName>TestCase01.test40</testName>
          <skipped>false</skipped>
          <failedSince>0</failedSince>
        </case>
        <case>
          <duration>0.0</duration>
          <className>TestDecoderConfig</className>
          <testName>TestCase01.test41</testName>
          <skipped>false</skipped>
          <failedSince>0</failedSince>
        </case>
        <case>
          <duration>0.0</duration>
          <className>TestDecoderConfig</className>
          <testName>TestCase01.test42</testName>
          <skipped>false</skipped>
          <failedSince>0</failedSince>
        </case>
        <case>
          <duration>0.0</duration>
          <className>TestDecoderConfig</className>
          <testName>TestCase01.test43</testName>
          <skipped>false</skipped>
          <failedSince>0</failedSince>
        </case>
        <case>
          <duration>0.0</duration>
          <className>TestDecoderConfig</className>
          <testName>TestCase01.test44</testName>
          <skipped>false</skipped>
          <failedSince>0</failedSince>
        </case>
        <case>
          <duration>0.0</duration>
          <className>TestDecoderConfig</className>
          <testName>TestCase01.test45</testName>
          <skipped>false</skipped>
          <failedSince>0</failedSince>
        </case>
        <case>
          <duration>0.0</duration>
          <className>TestDecoderConfig</className>
          <testName>TestCase01.test46</testName>
          <skipped>false</skipped>
          <failedSince>0</failedSince>
        </case>
        <case>
          <duration>0.0</duration>
          <className>TestDecoderConfig</className>
          <testName>TestCase01.test47</testName>
          <skipped>false</skipped>
          <failedSince>0</failedSince>
        </case>
        <case>
          <duration>0.0</duration>
          <className>TestDecoderConfig</className>
          <testName>TestCase01.test48</testName>
          <skipped>false</skipped>
          <failedSince>0</failedSince>
        </case>
        <case>
          <duration>0.0</duration>
          <className>TestDecoderConfig</className>
          <testName>TestCase01.test49</testName>
          <skipped>false</skipped>
          <failedSince>0</failedSince>
        </case>
        <case>
          <duration>0.0</duration>
          <className>TestDecoderConfig</className>
          <testName>TestCase01.test50</testName>
          <skipped>false</skipped>
          <failedSince>0</failedSince>
        </case>
        <case>
          <duration>0.0</duration>
          <className>TestDecoderConfig</className>
          <testName>TestCase01.test51</testName>
          <skipped>false</skipped>
          <failedSince>0</failedSince>
        </case>
        <case>
          <duration>0.0</duration>
          <className>TestDecoderConfig</className>
          <testName>TestCase01.test52</testName>
          <skipped>false</skipped>
          <failedSince>0</failedSince>
        </case>
        <case>
          <duration>0.0</duration>
          <className>TestDecoderConfig</className>
          <testName>TestCase01.test61</testName>
          <skipped>false</skipped>
          <failedSince>0</failedSince>
        </case>
        <case>
          <duration>0.0</duration>
          <className>TestDecoderConfig</className>
          <testName>TestCase01.test63</testName>
          <skipped>false</skipped>
          <failedSince>0</failedSince>
        </case>
        <case>
          <duration>0.0</duration>
          <className>TestDecoderConfig</className>
          <testName>TestCase01.test64</testName>
          <skipped>false</skipped>
          <failedSince>0</failedSince>
        </case>
        <case>
          <duration>0.0</duration>
          <className>TestDecoderConfig</className>
          <testName>TestCase01.test65</testName>
          <skipped>false</skipped>
          <failedSince>0</failedSince>
        </case>
        <case>
          <duration>0.0</duration>
          <className>TestDecoderConfig</className>
          <testName>TestCase01.test66</testName>
          <skipped>false</skipped>
          <failedSince>0</failedSince>
        </case>
        <case>
          <duration>0.0</duration>
          <className>TestDecoderConfig</className>
          <testName>TestCase01.test67</testName>
          <skipped>false</skipped>
          <failedSince>0</failedSince>
        </case>
        <case>
          <duration>0.0</duration>
          <className>TestDecoderConfig</className>
          <testName>TestCase01.test68</testName>
          <skipped>false</skipped>
          <failedSince>0</failedSince>
        </case>
        <case>
          <duration>0.0</duration>
          <className>TestDecoderConfig</className>
          <testName>TestCase01.test69</testName>
          <skipped>false</skipped>
          <failedSince>0</failedSince>
        </case>
        <case>
          <duration>0.0</duration>
          <className>TestDecoderConfig</className>
          <testName>TestCase01.test99</testName>
          <skipped>false</skipped>
          <failedSince>0</failedSince>
        </case>
        <case>
          <duration>0.0</duration>
          <className>TestDecoderConfig</className>
          <testName>TestCase05.test01</testName>
          <skipped>false</skipped>
          <failedSince>0</failedSince>
        </case>
        <case>
          <duration>0.0</duration>
          <className>TestDecoderConfig</className>
          <testName>TestCase05.test02</testName>
          <skipped>false</skipped>
          <failedSince>0</failedSince>
        </case>
        <case>
          <duration>0.0</duration>
          <className>TestDecoderConfig</className>
          <testName>TestCase05.test03</testName>
          <skipped>false</skipped>
          <failedSince>0</failedSince>
        </case>
        <case>
          <duration>0.0</duration>
          <className>TestDecoderConfig</className>
          <testName>TestCase05.test04</testName>
          <skipped>false</skipped>
          <failedSince>0</failedSince>
        </case>
        <case>
          <duration>0.0</duration>
          <className>TestDecoderConfig</className>
          <testName>TestCase05.test05</testName>
          <skipped>false</skipped>
          <failedSince>0</failedSince>
        </case>
        <case>
          <duration>25.55</duration>
          <className>TestDecoderConfig</className>
          <testName>TestCase11.test01</testName>
          <skipped>false</skipped>
          <failedSince>0</failedSince>
        </case>
        <case>
          <duration>0.024</duration>
          <className>TestDecoderConfig</className>
          <testName>TestCase11.test02</testName>
          <skipped>false</skipped>
          <failedSince>0</failedSince>
        </case>
        <case>
          <duration>0.018</duration>
          <className>TestDecoderConfig</className>
          <testName>TestCase11.test03</testName>
          <skipped>false</skipped>
          <failedSince>0</failedSince>
        </case>
        <case>
          <duration>12.391</duration>
          <className>TestDecoderConfig</className>
          <testName>TestCase11.test04</testName>
          <skipped>false</skipped>
          <failedSince>0</failedSince>
        </case>
        <case>
          <duration>0.029</duration>
          <className>TestDecoderConfig</className>
          <testName>TestCase11.test05</testName>
          <skipped>false</skipped>
          <failedSince>0</failedSince>
        </case>
        <case>
          <duration>32.465</duration>
          <className>TestDecoderConfig</className>
          <testName>TestCase99.test99</testName>
          <skipped>false</skipped>
          <failedSince>0</failedSince>
        </case>
        <case>
          <duration>26.444</duration>
          <className>TestDecoderConfig</className>
          <testName>TestCase08.test01</testName>
          <skipped>false</skipped>
          <failedSince>0</failedSince>
        </case>
        <case>
          <duration>0.038</duration>
          <className>TestDecoderConfig</className>
          <testName>TestCase08.test02</testName>
          <skipped>false</skipped>
          <failedSince>0</failedSince>
        </case>
        <case>
          <duration>7.69</duration>
          <className>TestDecoderConfig</className>
          <testName>TestCase08.test03</testName>
          <skipped>false</skipped>
          <failedSince>0</failedSince>
        </case>
        <case>
          <duration>0.033</duration>
          <className>TestDecoderConfig</className>
          <testName>TestCase08.test04</testName>
          <skipped>false</skipped>
          <failedSince>0</failedSince>
        </case>
        <case>
          <duration>0.036</duration>
          <className>TestDecoderConfig</className>
          <testName>TestCase08.test05</testName>
          <skipped>false</skipped>
          <failedSince>0</failedSince>
        </case>
        <case>
          <duration>6.534</duration>
          <className>TestDecoderConfig</className>
          <testName>TestCase08.test06</testName>
          <skipped>false</skipped>
          <failedSince>0</failedSince>
        </case>
        <case>
          <duration>0.022</duration>
          <className>TestDecoderConfig</className>
          <testName>TestCase08.test07</testName>
          <skipped>false</skipped>
          <failedSince>0</failedSince>
        </case>
        <case>
          <duration>0.027</duration>
          <className>TestDecoderConfig</className>
          <testName>TestCase08.test08</testName>
          <skipped>false</skipped>
          <failedSince>0</failedSince>
        </case>
        <case>
          <duration>6.378</duration>
          <className>TestDecoderConfig</className>
          <testName>TestCase08.test09</testName>
          <skipped>false</skipped>
          <failedSince>0</failedSince>
        </case>
        <case>
          <duration>0.023</duration>
          <className>TestDecoderConfig</className>
          <testName>TestCase08.test10</testName>
          <skipped>false</skipped>
          <failedSince>0</failedSince>
        </case>
        <case>
          <duration>0.05</duration>
          <className>TestDecoderConfig</className>
          <testName>TestCase12.test01</testName>
          <skipped>false</skipped>
          <failedSince>0</failedSince>
        </case>
        <case>
          <duration>23.723</duration>
          <className>TestDecoderConfig</className>
          <testName>TestCase12.test02</testName>
          <skipped>false</skipped>
          <failedSince>0</failedSince>
        </case>
        <case>
          <duration>0.035</duration>
          <className>TestDecoderConfig</className>
          <testName>TestCase12.test03</testName>
          <skipped>false</skipped>
          <failedSince>0</failedSince>
        </case>
        <case>
          <duration>0.03</duration>
          <className>TestDecoderConfig</className>
          <testName>TestCase12.test04</testName>
          <skipped>false</skipped>
          <failedSince>0</failedSince>
        </case>
        <case>
          <duration>1.919</duration>
          <className>TestDecoderConfig</className>
          <testName>TestCase12.test05</testName>
          <skipped>false</skipped>
          <failedSince>0</failedSince>
        </case>
        <case>
          <duration>10.159</duration>
          <className>TestDecoderConfig</className>
          <testName>TestCase12.test06</testName>
          <skipped>false</skipped>
          <failedSince>0</failedSince>
        </case>
        <case>
          <duration>4.365</duration>
          <className>TestDecoderConfig</className>
          <testName>TestCase12.test07</testName>
          <skipped>false</skipped>
          <failedSince>0</failedSince>
        </case>
        <case>
          <duration>0.032</duration>
          <className>TestDecoderConfig</className>
          <testName>TestCase12.test08</testName>
          <skipped>false</skipped>
          <failedSince>0</failedSince>
        </case>
        <case>
          <duration>16.384</duration>
          <className>TestDecoderConfig</className>
          <testName>TestCase12.test09</testName>
          <skipped>false</skipped>
          <failedSince>0</failedSince>
        </case>
        <case>
          <duration>14.014</duration>
          <className>TestDecoderConfig</className>
          <testName>TestCase12.test10</testName>
          <skipped>false</skipped>
          <failedSince>0</failedSince>
        </case>
        <case>
          <duration>70.599</duration>
          <className>TestDecoderConfig</className>
          <testName>TestCase13.test01</testName>
          <skipped>false</skipped>
          <failedSince>0</failedSince>
        </case>
        <case>
          <duration>20.841</duration>
          <className>TestDecoderConfig</className>
          <testName>TestCase13.test02</testName>
          <skipped>false</skipped>
          <failedSince>0</failedSince>
        </case>
        <case>
          <duration>87.921</duration>
          <className>TestDecoderConfig</className>
          <testName>TestCase10.test01</testName>
          <skipped>false</skipped>
          <failedSince>0</failedSince>
        </case>
        <case>
          <duration>79.187</duration>
          <className>TestDecoderConfig</className>
          <testName>TestCase10.test02</testName>
          <skipped>false</skipped>
          <failedSince>0</failedSince>
        </case>
        <case>
          <duration>5.69</duration>
          <className>TestDecoderConfig</className>
          <testName>TestCase10.test03</testName>
          <skipped>false</skipped>
          <failedSince>0</failedSince>
        </case>
        <case>
          <duration>0.065</duration>
          <className>TestDecoderConfig</className>
          <testName>TestCase10.test04</testName>
          <skipped>false</skipped>
          <failedSince>0</failedSince>
        </case>
        <case>
          <duration>4.223</duration>
          <className>TestDecoderConfig</className>
          <testName>TestCase10.test05</testName>
          <skipped>false</skipped>
          <failedSince>0</failedSince>
        </case>
        <case>
          <duration>4.838</duration>
          <className>TestDecoderConfig</className>
          <testName>TestCase10.test06</testName>
          <skipped>false</skipped>
          <failedSince>0</failedSince>
        </case>
        <case>
          <duration>741.199</duration>
          <className>TestDecoderConfig</className>
          <testName>TestCase10.test07</testName>
          <skipped>false</skipped>
          <failedSince>0</failedSince>
        </case>
        <case>
          <duration>617.563</duration>
          <className>TestDecoderConfig</className>
          <testName>TestCase10.test08</testName>
          <skipped>false</skipped>
          <failedSince>0</failedSince>
        </case>
        <case>
          <duration>82.872</duration>
          <className>TestDecoderConfig</className>
          <testName>TestCase10.test09</testName>
          <skipped>false</skipped>
          <failedSince>0</failedSince>
        </case>
        <case>
          <duration>38.747</duration>
          <className>TestDecoderConfig</className>
          <testName>TestCase10.test10</testName>
          <skipped>false</skipped>
          <failedSince>0</failedSince>
        </case>
        <case>
          <duration>0.026</duration>
          <className>TestDecoderConfig</className>
          <testName>TestCase10.test11</testName>
          <skipped>false</skipped>
          <failedSince>0</failedSince>
        </case>
        <case>
          <duration>0.019</duration>
          <className>TestDecoderConfig</className>
          <testName>TestCase10.test12</testName>
          <skipped>false</skipped>
          <failedSince>0</failedSince>
        </case>
        <case>
          <duration>20.076</duration>
          <className>TestDecoderConfig</className>
          <testName>TestCase10.test13</testName>
          <skipped>false</skipped>
          <failedSince>0</failedSince>
        </case>
        <case>
          <duration>94.297</duration>
          <className>TestDecoderConfig</className>
          <testName>TestCase10.test14</testName>
          <skipped>false</skipped>
          <failedSince>0</failedSince>
        </case>
        <case>
          <duration>36.922</duration>
          <className>TestDecoderConfig</className>
          <testName>TestCase10.test15</testName>
          <skipped>false</skipped>
          <failedSince>0</failedSince>
        </case>
        <case>
          <duration>36.979</duration>
          <className>TestDecoderConfig</className>
          <testName>TestCase10.test16</testName>
          <skipped>false</skipped>
          <failedSince>0</failedSince>
        </case>
        <case>
          <duration>0.048</duration>
          <className>TestDecoderConfig</className>
          <testName>TestCase10.test17_bqm54247_update_error_discards_for_variant</testName>
          <skipped>false</skipped>
          <failedSince>0</failedSince>
        </case>
        <case>
          <duration>53.192</duration>
          <className>TestDecoderConfig</className>
          <testName>TestCase07.test01</testName>
          <skipped>false</skipped>
          <failedSince>0</failedSince>
        </case>
        <case>
          <duration>6.612</duration>
          <className>TestDecoderConfig</className>
          <testName>TestCase07.test02</testName>
          <skipped>false</skipped>
          <failedSince>0</failedSince>
        </case>
        <case>
          <duration>32.145</duration>
          <className>TestDecoderConfig</className>
          <testName>TestCase07.test03</testName>
          <skipped>false</skipped>
          <failedSince>0</failedSince>
        </case>
        <case>
          <duration>22.369</duration>
          <className>TestDecoderConfig</className>
          <testName>TestCase07.test04</testName>
          <skipped>false</skipped>
          <failedSince>0</failedSince>
        </case>
        <case>
          <duration>41.767</duration>
          <className>TestDecoderConfig</className>
          <testName>TestCase07.test05</testName>
          <skipped>false</skipped>
          <failedSince>0</failedSince>
        </case>
        <case>
          <duration>61.891</duration>
          <className>TestDecoderConfig</className>
          <testName>TestCase07.test06</testName>
          <skipped>false</skipped>
          <failedSince>0</failedSince>
        </case>
        <case>
          <duration>14.039</duration>
          <className>TestDecoderConfig</className>
          <testName>TestCase07.test07</testName>
          <skipped>false</skipped>
          <failedSince>0</failedSince>
        </case>
        <case>
          <duration>39.551</duration>
          <className>TestDecoderConfig</className>
          <testName>TestCase07.test08</testName>
          <skipped>false</skipped>
          <failedSince>0</failedSince>
        </case>
        <case>
          <duration>33.301</duration>
          <className>TestDecoderConfig</className>
          <testName>TestCase07.test09</testName>
          <skipped>false</skipped>
          <failedSince>0</failedSince>
        </case>
        <case>
          <duration>1433.11</duration>
          <className>TestDecoderConfig</className>
          <testName>TestCase07.test10</testName>
          <skipped>false</skipped>
          <failedSince>0</failedSince>
        </case>
        <case>
          <duration>44.441</duration>
          <className>TestDecoderConfig</className>
          <testName>TestCase07.test11</testName>
          <skipped>false</skipped>
          <failedSince>0</failedSince>
        </case>
        <case>
          <duration>132.876</duration>
          <className>TestDecoderConfig</className>
          <testName>TestCase07.test12</testName>
          <skipped>false</skipped>
          <failedSince>0</failedSince>
        </case>
        <case>
          <duration>3.878</duration>
          <className>TestDecoderConfig</className>
          <testName>TestCase07.test13</testName>
          <skipped>false</skipped>
          <failedSince>0</failedSince>
        </case>
        <case>
          <duration>90.876</duration>
          <className>TestDecoderConfig</className>
          <testName>TestCase07.test14</testName>
          <skipped>false</skipped>
          <failedSince>0</failedSince>
        </case>
        <case>
          <duration>14.849</duration>
          <className>TestDecoderConfig</className>
          <testName>TestCase07.test15</testName>
          <skipped>false</skipped>
          <failedSince>0</failedSince>
        </case>
        <case>
          <duration>1.523</duration>
          <className>TestDecoderConfig</className>
          <testName>TestCase07.test16</testName>
          <skipped>false</skipped>
          <failedSince>0</failedSince>
        </case>
        <case>
          <duration>38.92</duration>
          <className>TestDecoderConfig</className>
          <testName>TestCase07.test18</testName>
          <skipped>false</skipped>
          <failedSince>0</failedSince>
        </case>
        <case>
          <duration>4.562</duration>
          <className>TestDecoderConfig</className>
          <testName>TestCase07.test20</testName>
          <skipped>false</skipped>
          <failedSince>0</failedSince>
        </case>
        <case>
          <duration>21.207</duration>
          <className>TestDecoderConfig</className>
          <testName>TestCase07.test21</testName>
          <skipped>false</skipped>
          <failedSince>0</failedSince>
        </case>
        <case>
          <duration>9.294</duration>
          <className>TestDecoderConfig</className>
          <testName>TestCase07.test22</testName>
          <skipped>false</skipped>
          <failedSince>0</failedSince>
        </case>
        <case>
          <duration>10.876</duration>
          <className>TestDecoderConfig</className>
          <testName>TestCase07.test23</testName>
          <skipped>false</skipped>
          <failedSince>0</failedSince>
        </case>
        <case>
          <duration>5.579</duration>
          <className>TestDecoderConfig</className>
          <testName>TestCase07.test24</testName>
          <skipped>false</skipped>
          <failedSince>0</failedSince>
        </case>
        <case>
          <duration>24.529</duration>
          <className>TestDecoderConfig</className>
          <testName>TestCase07.test25</testName>
          <skipped>false</skipped>
          <failedSince>0</failedSince>
        </case>
        <case>
          <duration>4.679</duration>
          <className>TestDecoderConfig</className>
          <testName>TestCase07.test99</testName>
          <skipped>false</skipped>
          <failedSince>0</failedSince>
        </case>
      </cases>
    </suite>
    <suite>
      <file>/home/jenkins/workspace/Backend/CMC/test-results/TEST-cli-TestProtocolDiscovery.xml</file>
      <name>cli.TestProtocolDiscovery</name>
      <stdout>
TestCase04.test01: Protocol discovery triggered by decode-failures in custom-application with on-decode-failures try-protocol-discovery
Test skipped on the Central Manager
.
TestCase04.test02: BQM-33834 try-protocol-discovery is supposed to disable flow if neither of decoder-group protocols can decode it
Test skipped on the Central Manager
.
TestCase04.test03: BQM-33189 - Messages that are claimed by PD after try-PD kicks in are claimed as decoded by the old (wrong) app
Test skipped on the Cent
...[truncated 1676 chars]...
 protocol discovery to start
Test skipped on the Central Manager
.
TestCase04.test26: Test a situation when there is insufficient number of discovery slots
Test skipped on the Central Manager
.Test skipped on the Central Manager
.Test skipped on the Central Manager
.Test skipped on the Central Manager
.Test skipped on the Central Manager
.Test skipped on the Central Manager
.Test skipped on the Central Manager
.
TestCase04.test33: Crash during flow rehashing
Test skipped on the Central Manager
.</stdout>
      <stderr></stderr>
      <duration>1544.7561</duration>
      <timestamp>2019-05-07T12:33:01.012460</timestamp>
      <time>1.021</time>
      <enclosingBlocks/>
      <enclosingBlockNames/>
      <cases>
        <case>
          <duration>0.037</duration>
          <className>TestProtocolDiscovery</className>
          <testName>TestCase04.test01</testName>
          <skipped>false</skipped>
          <failedSince>0</failedSince>
        </case>
        <case>
          <duration>0.032</duration>
          <className>TestProtocolDiscovery</className>
          <testName>TestCase04.test02</testName>
          <skipped>false</skipped>
          <failedSince>0</failedSince>
        </case>
        <case>
          <duration>0.021</duration>
          <className>TestProtocolDiscovery</className>
          <testName>TestCase04.test03</testName>
          <skipped>false</skipped>
          <failedSince>0</failedSince>
        </case>
        <case>
          <duration>0.023</duration>
          <className>TestProtocolDiscovery</className>
          <testName>TestCase04.test04</testName>
          <skipped>false</skipped>
          <failedSince>0</failedSince>
        </case>
        <case>
          <duration>0.022</duration>
          <className>TestProtocolDiscovery</className>
          <testName>TestCase04.test05</testName>
          <skipped>false</skipped>
          <failedSince>0</failedSince>
        </case>
        <case>
          <duration>0.023</duration>
          <className>TestProtocolDiscovery</className>
          <testName>TestCase04.test06</testName>
          <skipped>false</skipped>
          <failedSince>0</failedSince>
        </case>
        <case>
          <duration>0.02</duration>
          <className>TestProtocolDiscovery</className>
          <testName>TestCase04.test07</testName>
          <skipped>false</skipped>
          <failedSince>0</failedSince>
        </case>
        <case>
          <duration>0.019</duration>
          <className>TestProtocolDiscovery</className>
          <testName>TestCase04.test08</testName>
          <skipped>false</skipped>
          <failedSince>0</failedSince>
        </case>
        <case>
          <duration>0.023</duration>
          <className>TestProtocolDiscovery</className>
          <testName>TestCase04.test09</testName>
          <skipped>false</skipped>
          <failedSince>0</failedSince>
        </case>
        <case>
          <duration>0.023</duration>
          <className>TestProtocolDiscovery</className>
          <testName>TestCase04.test10</testName>
          <skipped>false</skipped>
          <failedSince>0</failedSince>
        </case>
        <case>
          <duration>0.028</duration>
          <className>TestProtocolDiscovery</className>
          <testName>TestCase04.test11</testName>
          <skipped>false</skipped>
          <failedSince>0</failedSince>
        </case>
        <case>
          <duration>0.02</duration>
          <className>TestProtocolDiscovery</className>
          <testName>TestCase04.test12</testName>
          <skipped>false</skipped>
          <failedSince>0</failedSince>
        </case>
        <case>
          <duration>0.022</duration>
          <className>TestProtocolDiscovery</className>
          <testName>TestCase04.test13</testName>
          <skipped>false</skipped>
          <failedSince>0</failedSince>
        </case>
        <case>
          <duration>0.041</duration>
          <className>TestProtocolDiscovery</className>
          <testName>TestCase04.test14</testName>
          <skipped>false</skipped>
          <failedSince>0</failedSince>
        </case>
        <case>
          <duration>0.032</duration>
          <className>TestProtocolDiscovery</className>
          <testName>TestCase04.test15</testName>
          <skipped>false</skipped>
          <failedSince>0</failedSince>
        </case>
        <case>
          <duration>0.021</duration>
          <className>TestProtocolDiscovery</className>
          <testName>TestCase04.test16</testName>
          <skipped>false</skipped>
          <failedSince>0</failedSince>
        </case>
        <case>
          <duration>0.047</duration>
          <className>TestProtocolDiscovery</className>
          <testName>TestCase04.test17</testName>
          <skipped>false</skipped>
          <failedSince>0</failedSince>
        </case>
        <case>
          <duration>0.041</duration>
          <className>TestProtocolDiscovery</className>
          <testName>TestCase04.test18</testName>
          <skipped>false</skipped>
          <failedSince>0</failedSince>
        </case>
        <case>
          <duration>0.024</duration>
          <className>TestProtocolDiscovery</className>
          <testName>TestCase04.test19</testName>
          <skipped>false</skipped>
          <failedSince>0</failedSince>
        </case>
        <case>
          <duration>0.021</duration>
          <className>TestProtocolDiscovery</className>
          <testName>TestCase04.test20</testName>
          <skipped>false</skipped>
          <failedSince>0</failedSince>
        </case>
        <case>
          <duration>0.028</duration>
          <className>TestProtocolDiscovery</className>
          <testName>TestCase04.test21</testName>
          <skipped>false</skipped>
          <failedSince>0</failedSince>
        </case>
        <case>
          <duration>0.05</duration>
          <className>TestProtocolDiscovery</className>
          <testName>TestCase04.test22</testName>
          <skipped>false</skipped>
          <failedSince>0</failedSince>
        </case>
        <case>
          <duration>0.022</duration>
          <className>TestProtocolDiscovery</className>
          <testName>TestCase04.test23</testName>
          <skipped>false</skipped>
          <failedSince>0</failedSince>
        </case>
        <case>
          <duration>0.023</duration>
          <className>TestProtocolDiscovery</className>
          <testName>TestCase04.test24</testName>
          <skipped>false</skipped>
          <failedSince>0</failedSince>
        </case>
        <case>
          <duration>0.025</duration>
          <className>TestProtocolDiscovery</className>
          <testName>TestCase04.test25</testName>
          <skipped>false</skipped>
          <failedSince>0</failedSince>
        </case>
        <case>
          <duration>0.053</duration>
          <className>TestProtocolDiscovery</className>
          <testName>TestCase04.test26</testName>
          <skipped>false</skipped>
          <failedSince>0</failedSince>
        </case>
        <case>
          <duration>0.033</duration>
          <className>TestProtocolDiscovery</className>
          <testName>TestCase04.test27</testName>
          <skipped>false</skipped>
          <failedSince>0</failedSince>
        </case>
        <case>
          <duration>0.034</duration>
          <className>TestProtocolDiscovery</className>
          <testName>TestCase04.test28</testName>
          <skipped>false</skipped>
          <failedSince>0</failedSince>
        </case>
        <case>
          <duration>0.038</duration>
          <className>TestProtocolDiscovery</className>
          <testName>TestCase04.test29</testName>
          <skipped>false</skipped>
          <failedSince>0</failedSince>
        </case>
        <case>
          <duration>0.026</duration>
          <className>TestProtocolDiscovery</className>
          <testName>TestCase04.test30</testName>
          <skipped>false</skipped>
          <failedSince>0</failedSince>
        </case>
        <case>
          <duration>0.072</duration>
          <className>TestProtocolDiscovery</className>
          <testName>TestCase04.test31</testName>
          <skipped>false</skipped>
          <failedSince>0</failedSince>
        </case>
        <case>
          <duration>0.033</duration>
          <className>TestProtocolDiscovery</className>
          <testName>TestCase04.test32</testName>
          <skipped>false</skipped>
          <failedSince>0</failedSince>
        </case>
        <case>
          <duration>0.04</duration>
          <className>TestProtocolDiscovery</className>
          <testName>TestCase04.test33</testName>
          <skipped>false</skipped>
          <failedSince>0</failedSince>
        </case>
        <case>
          <duration>0.063</duration>
          <className>TestProtocolDiscovery</className>
          <testName>TestCase05.test01</testName>
          <skipped>false</skipped>
          <failedSince>0</failedSince>
        </case>
        <case>
          <duration>0.024</duration>
          <className>TestProtocolDiscovery</className>
          <testName>TestCase05.test02</testName>
          <skipped>false</skipped>
          <failedSince>0</failedSince>
        </case>
        <case>
          <duration>0.035</duration>
          <className>TestProtocolDiscovery</className>
          <testName>TestCase05.test03</testName>
          <skipped>false</skipped>
          <failedSince>0</failedSince>
        </case>
        <case>
          <duration>0.026</duration>
          <className>TestProtocolDiscovery</className>
          <testName>TestCase05.test04</testName>
          <skipped>false</skipped>
          <failedSince>0</failedSince>
        </case>
        <case>
          <duration>0.016</duration>
          <className>TestProtocolDiscovery</className>
          <testName>TestCase05.test05</testName>
          <skipped>false</skipped>
          <failedSince>0</failedSince>
        </case>
        <case>
          <duration>0.029</duration>
          <className>TestProtocolDiscovery</className>
          <testName>TestCase05.test06</testName>
          <skipped>false</skipped>
          <failedSince>0</failedSince>
        </case>
        <case>
          <duration>0.023</duration>
          <className>TestProtocolDiscovery</className>
          <testName>TestCase05.test07</testName>
          <skipped>false</skipped>
          <failedSince>0</failedSince>
        </case>
        <case>
          <duration>0.035</duration>
          <className>TestProtocolDiscovery</className>
          <testName>TestCase05.test08</testName>
          <skipped>false</skipped>
          <failedSince>0</failedSince>
        </case>
        <case>
          <duration>0.02</duration>
          <className>TestProtocolDiscovery</className>
          <testName>TestCase05.test09</testName>
          <skipped>false</skipped>
          <failedSince>0</failedSince>
        </case>
        <case>
          <duration>0.017</duration>
          <className>TestProtocolDiscovery</className>
          <testName>TestCase05.test10</testName>
          <skipped>false</skipped>
          <failedSince>0</failedSince>
        </case>
        <case>
          <duration>0.018</duration>
          <className>TestProtocolDiscovery</className>
          <testName>TestCase05.test11</testName>
          <skipped>false</skipped>
          <failedSince>0</failedSince>
        </case>
        <case>
          <duration>0.016</duration>
          <className>TestProtocolDiscovery</className>
          <testName>TestCase05.test12</testName>
          <skipped>false</skipped>
          <failedSince>0</failedSince>
        </case>
        <case>
          <duration>0.027</duration>
          <className>TestProtocolDiscovery</className>
          <testName>TestCase05.test13</testName>
          <skipped>false</skipped>
          <failedSince>0</failedSince>
        </case>
        <case>
          <duration>0.057</duration>
          <className>TestProtocolDiscovery</className>
          <testName>TestCase05.test14</testName>
          <skipped>false</skipped>
          <failedSince>0</failedSince>
        </case>
        <case>
          <duration>0.051</duration>
          <className>TestProtocolDiscovery</className>
          <testName>TestCase05.test15</testName>
          <skipped>false</skipped>
          <failedSince>0</failedSince>
        </case>
        <case>
          <duration>0.048</duration>
          <className>TestProtocolDiscovery</className>
          <testName>TestCase05.test16</testName>
          <skipped>false</skipped>
          <failedSince>0</failedSince>
        </case>
        <case>
          <duration>0.0</duration>
          <className>TestProtocolDiscovery</className>
          <testName>TestCase07.test01</testName>
          <skipped>false</skipped>
          <failedSince>0</failedSince>
        </case>
        <case>
          <duration>0.001</duration>
          <className>TestProtocolDiscovery</className>
          <testName>TestCase07.test02</testName>
          <skipped>false</skipped>
          <failedSince>0</failedSince>
        </case>
        <case>
          <duration>0.003</duration>
          <className>TestProtocolDiscovery</className>
          <testName>TestCase07.test03</testName>
          <skipped>false</skipped>
          <failedSince>0</failedSince>
        </case>
        <case>
          <duration>0.0</duration>
          <className>TestProtocolDiscovery</className>
          <testName>TestCase07.test04</testName>
          <skipped>false</skipped>
          <failedSince>0</failedSince>
        </case>
        <case>
          <duration>0.0</duration>
          <className>TestProtocolDiscovery</className>
          <testName>TestCase07.test05</testName>
          <skipped>false</skipped>
          <failedSince>0</failedSince>
        </case>
        <case>
          <duration>0.0</duration>
          <className>TestProtocolDiscovery</className>
          <testName>TestCase07.test99</testName>
          <skipped>false</skipped>
          <failedSince>0</failedSince>
        </case>
        <case>
          <duration>0.075</duration>
          <className>TestProtocolDiscovery</className>
          <testName>TestCase06.test00</testName>
          <skipped>false</skipped>
          <failedSince>0</failedSince>
        </case>
        <case>
          <duration>0.019</duration>
          <className>TestProtocolDiscovery</className>
          <testName>TestCase06.test01</testName>
          <skipped>false</skipped>
          <failedSince>0</failedSince>
        </case>
        <case>
          <duration>0.019</duration>
          <className>TestProtocolDiscovery</className>
          <testName>TestCase06.test02</testName>
          <skipped>false</skipped>
          <failedSince>0</failedSince>
        </case>
        <case>
          <duration>0.018</duration>
          <className>TestProtocolDiscovery</className>
          <testName>TestCase06.test03</testName>
          <skipped>false</skipped>
          <failedSince>0</failedSince>
        </case>
        <case>
          <duration>0.044</duration>
          <className>TestProtocolDiscovery</className>
          <testName>TestCase06.test04</testName>
          <skipped>false</skipped>
          <failedSince>0</failedSince>
        </case>
        <case>
          <duration>0.023</duration>
          <className>TestProtocolDiscovery</className>
          <testName>TestCase06.test05</testName>
          <skipped>false</skipped>
          <failedSince>0</failedSince>
        </case>
        <case>
          <duration>0.022</duration>
          <className>TestProtocolDiscovery</className>
          <testName>TestCase06.test06</testName>
          <skipped>false</skipped>
          <failedSince>0</failedSince>
        </case>
        <case>
          <duration>0.022</duration>
          <className>TestProtocolDiscovery</className>
          <testName>TestCase06.test07</testName>
          <skipped>false</skipped>
          <failedSince>0</failedSince>
        </case>
        <case>
          <duration>0.02</duration>
          <className>TestProtocolDiscovery</className>
          <testName>TestCase06.test08</testName>
          <skipped>false</skipped>
          <failedSince>0</failedSince>
        </case>
        <case>
          <duration>0.017</duration>
          <className>TestProtocolDiscovery</className>
          <testName>TestCase06.test09</testName>
          <skipped>false</skipped>
          <failedSince>0</failedSince>
        </case>
        <case>
          <duration>0.021</duration>
          <className>TestProtocolDiscovery</className>
          <testName>TestCase06.test10</testName>
          <skipped>false</skipped>
          <failedSince>0</failedSince>
        </case>
        <case>
          <duration>0.023</duration>
          <className>TestProtocolDiscovery</className>
          <testName>TestCase06.test11</testName>
          <skipped>false</skipped>
          <failedSince>0</failedSince>
        </case>
        <case>
          <duration>0.04</duration>
          <className>TestProtocolDiscovery</className>
          <testName>TestCase06.test12</testName>
          <skipped>false</skipped>
          <failedSince>0</failedSince>
        </case>
        <case>
          <duration>0.039</duration>
          <className>TestProtocolDiscovery</className>
          <testName>TestCase06.test13</testName>
          <skipped>false</skipped>
          <failedSince>0</failedSince>
        </case>
        <case>
          <duration>0.018</duration>
          <className>TestProtocolDiscovery</className>
          <testName>TestCase06.test14</testName>
          <skipped>false</skipped>
          <failedSince>0</failedSince>
        </case>
        <case>
          <duration>0.029</duration>
          <className>TestProtocolDiscovery</className>
          <testName>TestCase06.test15</testName>
          <skipped>false</skipped>
          <failedSince>0</failedSince>
        </case>
        <case>
          <duration>0.084</duration>
          <className>TestProtocolDiscovery</className>
          <testName>TestCase06.test16</testName>
          <skipped>false</skipped>
          <failedSince>0</failedSince>
        </case>
        <case>
          <duration>0.069</duration>
          <className>TestProtocolDiscovery</className>
          <testName>TestCase06.test17</testName>
          <skipped>false</skipped>
          <failedSince>0</failedSince>
        </case>
        <case>
          <duration>0.053</duration>
          <className>TestProtocolDiscovery</className>
          <testName>TestCase06.test18</testName>
          <skipped>false</skipped>
          <failedSince>0</failedSince>
        </case>
        <case>
          <duration>0.034</duration>
          <className>TestProtocolDiscovery</className>
          <testName>TestCase06.test19</testName>
          <skipped>false</skipped>
          <failedSince>0</failedSince>
        </case>
        <case>
          <duration>0.016</duration>
          <className>TestProtocolDiscovery</className>
          <testName>TestCase06.test20</testName>
          <skipped>false</skipped>
          <failedSince>0</failedSince>
        </case>
        <case>
          <duration>41.972</duration>
          <className>TestProtocolDiscovery</className>
          <testName>TestCase06.test21</testName>
          <skipped>false</skipped>
          <failedSince>0</failedSince>
        </case>
        <case>
          <duration>0.016</duration>
          <className>TestProtocolDiscovery</className>
          <testName>TestCase06.test22</testName>
          <skipped>false</skipped>
          <failedSince>0</failedSince>
        </case>
        <case>
          <duration>0.013</duration>
          <className>TestProtocolDiscovery</className>
          <testName>TestCase06.test99</testName>
          <skipped>false</skipped>
          <failedSince>0</failedSince>
        </case>
        <case>
          <duration>0.066</duration>
          <className>TestProtocolDiscovery</className>
          <testName>TestCase03.test01</testName>
          <skipped>false</skipped>
          <failedSince>0</failedSince>
        </case>
        <case>
          <duration>0.039</duration>
          <className>TestProtocolDiscovery</className>
          <testName>TestCase03.test02</testName>
          <skipped>false</skipped>
          <failedSince>0</failedSince>
        </case>
        <case>
          <duration>0.057</duration>
          <className>TestProtocolDiscovery</className>
          <testName>TestCase03.test03</testName>
          <skipped>false</skipped>
          <failedSince>0</failedSince>
        </case>
        <case>
          <duration>0.029</duration>
          <className>TestProtocolDiscovery</className>
          <testName>TestCase03.test04</testName>
          <skipped>false</skipped>
          <failedSince>0</failedSince>
        </case>
        <case>
          <duration>0.06</duration>
          <className>TestProtocolDiscovery</className>
          <testName>TestCase03.test05</testName>
          <skipped>false</skipped>
          <failedSince>0</failedSince>
        </case>
        <case>
          <duration>157.271</duration>
          <className>TestProtocolDiscovery</className>
          <testName>TestCase03.test06</testName>
          <skipped>false</skipped>
          <failedSince>0</failedSince>
        </case>
        <case>
          <duration>0.053</duration>
          <className>TestProtocolDiscovery</className>
          <testName>TestCase03.test07</testName>
          <skipped>false</skipped>
          <failedSince>0</failedSince>
        </case>
        <case>
          <duration>0.031</duration>
          <className>TestProtocolDiscovery</className>
          <testName>TestCase03.test08</testName>
          <skipped>false</skipped>
          <failedSince>0</failedSince>
        </case>
        <case>
          <duration>6.898</duration>
          <className>TestProtocolDiscovery</className>
          <testName>TestCase03.test09</testName>
          <skipped>false</skipped>
          <failedSince>0</failedSince>
        </case>
        <case>
          <duration>11.476</duration>
          <className>TestProtocolDiscovery</className>
          <testName>TestCase03.test10</testName>
          <skipped>false</skipped>
          <failedSince>0</failedSince>
        </case>
        <case>
          <duration>0.073</duration>
          <className>TestProtocolDiscovery</className>
          <testName>TestCase03.test11</testName>
          <skipped>false</skipped>
          <failedSince>0</failedSince>
        </case>
        <case>
          <duration>7.919</duration>
          <className>TestProtocolDiscovery</className>
          <testName>TestCase03.test12</testName>
          <skipped>false</skipped>
          <failedSince>0</failedSince>
        </case>
        <case>
          <duration>0.041</duration>
          <className>TestProtocolDiscovery</className>
          <testName>TestCase03.test13</testName>
          <skipped>false</skipped>
          <failedSince>0</failedSince>
        </case>
        <case>
          <duration>0.024</duration>
          <className>TestProtocolDiscovery</className>
          <testName>TestCase03.test14</testName>
          <skipped>false</skipped>
          <failedSince>0</failedSince>
        </case>
        <case>
          <duration>0.044</duration>
          <className>TestProtocolDiscovery</className>
          <testName>TestCase03.test15</testName>
          <skipped>false</skipped>
          <failedSince>0</failedSince>
        </case>
        <case>
          <duration>0.037</duration>
          <className>TestProtocolDiscovery</className>
          <testName>TestCase03.test16</testName>
          <skipped>false</skipped>
          <failedSince>0</failedSince>
        </case>
        <case>
          <duration>0.031</duration>
          <className>TestProtocolDiscovery</className>
          <testName>TestCase03.test17</testName>
          <skipped>false</skipped>
          <failedSince>0</failedSince>
        </case>
        <case>
          <duration>0.069</duration>
          <className>TestProtocolDiscovery</className>
          <testName>TestCase03.test18</testName>
          <skipped>false</skipped>
          <failedSince>0</failedSince>
        </case>
        <case>
          <duration>0.03</duration>
          <className>TestProtocolDiscovery</className>
          <testName>TestCase03.test19</testName>
          <skipped>false</skipped>
          <failedSince>0</failedSince>
        </case>
        <case>
          <duration>0.035</duration>
          <className>TestProtocolDiscovery</className>
          <testName>TestCase03.test20</testName>
          <skipped>false</skipped>
          <failedSince>0</failedSince>
        </case>
        <case>
          <duration>0.024</duration>
          <className>TestProtocolDiscovery</className>
          <testName>TestCase03.test21</testName>
          <skipped>false</skipped>
          <failedSince>0</failedSince>
        </case>
        <case>
          <duration>0.03</duration>
          <className>TestProtocolDiscovery</className>
          <testName>TestCase03.test22</testName>
          <skipped>false</skipped>
          <failedSince>0</failedSince>
        </case>
        <case>
          <duration>0.02</duration>
          <className>TestProtocolDiscovery</className>
          <testName>TestCase03.test23</testName>
          <skipped>false</skipped>
          <failedSince>0</failedSince>
        </case>
        <case>
          <duration>0.028</duration>
          <className>TestProtocolDiscovery</className>
          <testName>TestCase03.test24</testName>
          <skipped>false</skipped>
          <failedSince>0</failedSince>
        </case>
        <case>
          <duration>0.03</duration>
          <className>TestProtocolDiscovery</className>
          <testName>TestCase03.test25</testName>
          <skipped>false</skipped>
          <failedSince>0</failedSince>
        </case>
        <case>
          <duration>0.035</duration>
          <className>TestProtocolDiscovery</className>
          <testName>TestCase03.test26</testName>
          <skipped>false</skipped>
          <failedSince>0</failedSince>
        </case>
        <case>
          <duration>0.024</duration>
          <className>TestProtocolDiscovery</className>
          <testName>TestCase03.test27</testName>
          <skipped>false</skipped>
          <failedSince>0</failedSince>
        </case>
        <case>
          <duration>0.024</duration>
          <className>TestProtocolDiscovery</className>
          <testName>TestCase03.test28</testName>
          <skipped>false</skipped>
          <failedSince>0</failedSince>
        </case>
        <case>
          <duration>0.058</duration>
          <className>TestProtocolDiscovery</className>
          <testName>TestCase03.test29</testName>
          <skipped>false</skipped>
          <failedSince>0</failedSince>
        </case>
        <case>
          <duration>0.072</duration>
          <className>TestProtocolDiscovery</className>
          <testName>TestCase03.test30</testName>
          <skipped>false</skipped>
          <failedSince>0</failedSince>
        </case>
        <case>
          <duration>0.05</duration>
          <className>TestProtocolDiscovery</className>
          <testName>TestCase03.test31</testName>
          <skipped>false</skipped>
          <failedSince>0</failedSince>
        </case>
        <case>
          <duration>0.05</duration>
          <className>TestProtocolDiscovery</className>
          <testName>TestCase03.test32</testName>
          <skipped>false</skipped>
          <failedSince>0</failedSince>
        </case>
        <case>
          <duration>0.022</duration>
          <className>TestProtocolDiscovery</className>
          <testName>TestCase03.test33</testName>
          <skipped>false</skipped>
          <failedSince>0</failedSince>
        </case>
        <case>
          <duration>0.041</duration>
          <className>TestProtocolDiscovery</className>
          <testName>TestCase03.test34</testName>
          <skipped>false</skipped>
          <failedSince>0</failedSince>
        </case>
        <case>
          <duration>0.043</duration>
          <className>TestProtocolDiscovery</className>
          <testName>TestCase03.test35</testName>
          <skipped>false</skipped>
          <failedSince>0</failedSince>
        </case>
        <case>
          <duration>0.027</duration>
          <className>TestProtocolDiscovery</className>
          <testName>TestCase03.test36</testName>
          <skipped>false</skipped>
          <failedSince>0</failedSince>
        </case>
        <case>
          <duration>0.027</duration>
          <className>TestProtocolDiscovery</className>
          <testName>TestCase03.test37</testName>
          <skipped>false</skipped>
          <failedSince>0</failedSince>
        </case>
        <case>
          <duration>0.021</duration>
          <className>TestProtocolDiscovery</className>
          <testName>TestCase03.test38</testName>
          <skipped>false</skipped>
          <failedSince>0</failedSince>
        </case>
        <case>
          <duration>0.025</duration>
          <className>TestProtocolDiscovery</className>
          <testName>TestCase03.test39</testName>
          <skipped>false</skipped>
          <failedSince>0</failedSince>
        </case>
        <case>
          <duration>0.029</duration>
          <className>TestProtocolDiscovery</className>
          <testName>TestCase03.test40</testName>
          <skipped>false</skipped>
          <failedSince>0</failedSince>
        </case>
        <case>
          <duration>0.04</duration>
          <className>TestProtocolDiscovery</className>
          <testName>TestCase03.test41</testName>
          <skipped>false</skipped>
          <failedSince>0</failedSince>
        </case>
        <case>
          <duration>0.032</duration>
          <className>TestProtocolDiscovery</className>
          <testName>TestCase03.test42</testName>
          <skipped>false</skipped>
          <failedSince>0</failedSince>
        </case>
        <case>
          <duration>140.987</duration>
          <className>TestProtocolDiscovery</className>
          <testName>TestCase02.test01</testName>
          <skipped>false</skipped>
          <failedSince>0</failedSince>
        </case>
        <case>
          <duration>95.944</duration>
          <className>TestProtocolDiscovery</className>
          <testName>TestCase02.test02</testName>
          <skipped>false</skipped>
          <failedSince>0</failedSince>
        </case>
        <case>
          <duration>48.656</duration>
          <className>TestProtocolDiscovery</className>
          <testName>TestCase02.test03</testName>
          <skipped>false</skipped>
          <failedSince>0</failedSince>
        </case>
        <case>
          <duration>278.415</duration>
          <className>TestProtocolDiscovery</className>
          <testName>TestCase02.test04</testName>
          <skipped>false</skipped>
          <failedSince>0</failedSince>
        </case>
        <case>
          <duration>2.765</duration>
          <className>TestProtocolDiscovery</className>
          <testName>TestCase02.test05</testName>
          <skipped>false</skipped>
          <failedSince>0</failedSince>
        </case>
        <case>
          <duration>0.03</duration>
          <className>TestProtocolDiscovery</className>
          <testName>TestCase02.test06</testName>
          <skipped>false</skipped>
          <failedSince>0</failedSince>
        </case>
        <case>
          <duration>0.036</duration>
          <className>TestProtocolDiscovery</className>
          <testName>TestCase02.test07</testName>
          <skipped>false</skipped>
          <failedSince>0</failedSince>
        </case>
        <case>
          <duration>0.022</duration>
          <className>TestProtocolDiscovery</className>
          <testName>TestCase02.test08</testName>
          <skipped>false</skipped>
          <failedSince>0</failedSince>
        </case>
        <case>
          <duration>0.014</duration>
          <className>TestProtocolDiscovery</className>
          <testName>TestCase02.test09</testName>
          <skipped>false</skipped>
          <failedSince>0</failedSince>
        </case>
        <case>
          <duration>0.014</duration>
          <className>TestProtocolDiscovery</className>
          <testName>TestCase02.test10</testName>
          <skipped>false</skipped>
          <failedSince>0</failedSince>
        </case>
        <case>
          <duration>0.015</duration>
          <className>TestProtocolDiscovery</className>
          <testName>TestCase02.test11</testName>
          <skipped>false</skipped>
          <failedSince>0</failedSince>
        </case>
        <case>
          <duration>0.014</duration>
          <className>TestProtocolDiscovery</className>
          <testName>TestCase02.test12</testName>
          <skipped>false</skipped>
          <failedSince>0</failedSince>
        </case>
        <case>
          <duration>28.721</duration>
          <className>TestProtocolDiscovery</className>
          <testName>TestCase01.test01</testName>
          <skipped>false</skipped>
          <failedSince>0</failedSince>
        </case>
        <case>
          <duration>9.647</duration>
          <className>TestProtocolDiscovery</className>
          <testName>TestCase01.test02</testName>
          <skipped>false</skipped>
          <failedSince>0</failedSince>
        </case>
        <case>
          <duration>10.74</duration>
          <className>TestProtocolDiscovery</className>
          <testName>TestCase01.test03</testName>
          <skipped>false</skipped>
          <failedSince>0</failedSince>
        </case>
        <case>
          <duration>0.027</duration>
          <className>TestProtocolDiscovery</className>
          <testName>TestCase01.test04</testName>
          <skipped>false</skipped>
          <failedSince>0</failedSince>
        </case>
        <case>
          <duration>1.857</duration>
          <className>TestProtocolDiscovery</className>
          <testName>TestCase01.test05</testName>
          <skipped>false</skipped>
          <failedSince>0</failedSince>
        </case>
        <case>
          <duration>2.266</duration>
          <className>TestProtocolDiscovery</className>
          <testName>TestCase01.test06</testName>
          <skipped>false</skipped>
          <failedSince>0</failedSince>
        </case>
        <case>
          <duration>0.02</duration>
          <className>TestProtocolDiscovery</className>
          <testName>TestCase01.test07</testName>
          <skipped>false</skipped>
          <failedSince>0</failedSince>
        </case>
        <case>
          <duration>1.558</duration>
          <className>TestProtocolDiscovery</className>
          <testName>TestCase01.test08</testName>
          <skipped>false</skipped>
          <failedSince>0</failedSince>
        </case>
        <case>
          <duration>2.067</duration>
          <className>TestProtocolDiscovery</className>
          <testName>TestCase01.test09</testName>
          <skipped>false</skipped>
          <failedSince>0</failedSince>
        </case>
        <case>
          <duration>0.628</duration>
          <className>TestProtocolDiscovery</className>
          <testName>TestCase01.test10</testName>
          <skipped>false</skipped>
          <failedSince>0</failedSince>
        </case>
        <case>
          <duration>427.798</duration>
          <className>TestProtocolDiscovery</className>
          <testName>TestCase01.test11</testName>
          <skipped>false</skipped>
          <failedSince>0</failedSince>
        </case>
        <case>
          <duration>8.621</duration>
          <className>TestProtocolDiscovery</className>
          <testName>TestCase01.test12</testName>
          <skipped>false</skipped>
          <failedSince>0</failedSince>
        </case>
        <case>
          <duration>7.183</duration>
          <className>TestProtocolDiscovery</className>
          <testName>TestCase01.test13</testName>
          <skipped>false</skipped>
          <failedSince>0</failedSince>
        </case>
        <case>
          <duration>0.023</duration>
          <className>TestProtocolDiscovery</className>
          <testName>TestCase01.test14</testName>
          <skipped>false</skipped>
          <failedSince>0</failedSince>
        </case>
        <case>
          <duration>0.102</duration>
          <className>TestProtocolDiscovery</className>
          <testName>TestCase01.test15</testName>
          <skipped>false</skipped>
          <failedSince>0</failedSince>
        </case>
        <case>
          <duration>121.932</duration>
          <className>TestProtocolDiscovery</className>
          <testName>TestCase01.test16</testName>
          <skipped>false</skipped>
          <failedSince>0</failedSince>
        </case>
        <case>
          <duration>69.458</duration>
          <className>TestProtocolDiscovery</className>
          <testName>TestCase01.test17</testName>
          <skipped>false</skipped>
          <failedSince>0</failedSince>
        </case>
        <case>
          <duration>0.009</duration>
          <className>TestProtocolDiscovery</className>
          <testName>TestCase01.test18</testName>
          <skipped>false</skipped>
          <failedSince>0</failedSince>
        </case>
        <case>
          <duration>0.064</duration>
          <className>TestProtocolDiscovery</className>
          <testName>TestCase01.test19</testName>
          <skipped>false</skipped>
          <failedSince>0</failedSince>
        </case>
        <case>
          <duration>11.95</duration>
          <className>TestProtocolDiscovery</className>
          <testName>TestCase01.test20</testName>
          <skipped>false</skipped>
          <failedSince>0</failedSince>
        </case>
        <case>
          <duration>0.027</duration>
          <className>TestProtocolDiscovery</className>
          <testName>TestCase01.test21</testName>
          <skipped>false</skipped>
          <failedSince>0</failedSince>
        </case>
        <case>
          <duration>43.85</duration>
          <className>TestProtocolDiscovery</className>
          <testName>TestCase01.test22</testName>
          <skipped>false</skipped>
          <failedSince>0</failedSince>
        </case>
      </cases>
    </suite>
    <suite>
      <file>/home/jenkins/workspace/Backend/CMC/test-results/TEST-rest-TestRestDecoderConfig.xml</file>
      <name>rest.TestRestDecoderConfig</name>
      <stdout>.</stdout>
      <stderr></stderr>
      <duration>1163.06</duration>
      <timestamp>2019-05-07T12:33:24.243801</timestamp>
      <time>15.720</time>
      <enclosingBlocks/>
      <enclosingBlockNames/>
      <cases>
        <case>
          <duration>15.72</duration>
          <className>TestRestDecoderConfig</className>
          <testName>TestCase16.test01</testName>
          <skipped>false</skipped>
          <failedSince>0</failedSince>
        </case>
        <case>
          <duration>0.0</duration>
          <className>TestRestDecoderConfig</className>
          <testName>TestCase11.test01</testName>
          <skipped>false</skipped>
          <failedSince>0</failedSince>
        </case>
        <case>
          <duration>0.0</duration>
          <className>TestRestDecoderConfig</className>
          <testName>TestCase11.test02</testName>
          <skipped>false</skipped>
          <failedSince>0</failedSince>
        </case>
        <case>
          <duration>0.0</duration>
          <className>TestRestDecoderConfig</className>
          <testName>TestCase11.test03</testName>
          <skipped>false</skipped>
          <failedSince>0</failedSince>
        </case>
        <case>
          <duration>0.0</duration>
          <className>TestRestDecoderConfig</className>
          <testName>TestCase11.test04</testName>
          <skipped>false</skipped>
          <failedSince>0</failedSince>
        </case>
        <case>
          <duration>0.0</duration>
          <className>TestRestDecoderConfig</className>
          <testName>TestCase11.test05</testName>
          <skipped>false</skipped>
          <failedSince>0</failedSince>
        </case>
        <case>
          <duration>0.0</duration>
          <className>TestRestDecoderConfig</className>
          <testName>TestCase11.test06</testName>
          <skipped>false</skipped>
          <failedSince>0</failedSince>
        </case>
        <case>
          <duration>0.0</duration>
          <className>TestRestDecoderConfig</className>
          <testName>TestCase11.test07</testName>
          <skipped>false</skipped>
          <failedSince>0</failedSince>
        </case>
        <case>
          <duration>0.0</duration>
          <className>TestRestDecoderConfig</className>
          <testName>TestCase11.test08</testName>
          <skipped>false</skipped>
          <failedSince>0</failedSince>
        </case>
        <case>
          <duration>0.0</duration>
          <className>TestRestDecoderConfig</className>
          <testName>TestCase11.test09</testName>
          <skipped>false</skipped>
          <failedSince>0</failedSince>
        </case>
        <case>
          <duration>0.0</duration>
          <className>TestRestDecoderConfig</className>
          <testName>TestCase11.test10</testName>
          <skipped>false</skipped>
          <failedSince>0</failedSince>
        </case>
        <case>
          <duration>0.0</duration>
          <className>TestRestDecoderConfig</className>
          <testName>TestCase11.test11</testName>
          <skipped>false</skipped>
          <failedSince>0</failedSince>
        </case>
        <case>
          <duration>20.545</duration>
          <className>TestRestDecoderConfig</className>
          <testName>TestCase01.test01</testName>
          <skipped>false</skipped>
          <failedSince>0</failedSince>
        </case>
        <case>
          <duration>7.552</duration>
          <className>TestRestDecoderConfig</className>
          <testName>TestCase01.test02</testName>
          <skipped>false</skipped>
          <failedSince>0</failedSince>
        </case>
        <case>
          <duration>2.706</duration>
          <className>TestRestDecoderConfig</className>
          <testName>TestCase01.test03</testName>
          <skipped>false</skipped>
          <failedSince>0</failedSince>
        </case>
        <case>
          <duration>2.924</duration>
          <className>TestRestDecoderConfig</className>
          <testName>TestCase01.test04</testName>
          <skipped>false</skipped>
          <failedSince>0</failedSince>
        </case>
        <case>
          <duration>2.634</duration>
          <className>TestRestDecoderConfig</className>
          <testName>TestCase01.test05</testName>
          <skipped>false</skipped>
          <failedSince>0</failedSince>
        </case>
        <case>
          <duration>6.611</duration>
          <className>TestRestDecoderConfig</className>
          <testName>TestCase01.test06</testName>
          <skipped>false</skipped>
          <failedSince>0</failedSince>
        </case>
        <case>
          <duration>2.684</duration>
          <className>TestRestDecoderConfig</className>
          <testName>TestCase01.test07</testName>
          <skipped>false</skipped>
          <failedSince>0</failedSince>
        </case>
        <case>
          <duration>2.558</duration>
          <className>TestRestDecoderConfig</className>
          <testName>TestCase01.test08</testName>
          <skipped>false</skipped>
          <failedSince>0</failedSince>
        </case>
        <case>
          <duration>0.018</duration>
          <className>TestRestDecoderConfig</className>
          <testName>TestCase01.test09</testName>
          <skipped>false</skipped>
          <failedSince>0</failedSince>
        </case>
        <case>
          <duration>0.015</duration>
          <className>TestRestDecoderConfig</className>
          <testName>TestCase01.test10</testName>
          <skipped>false</skipped>
          <failedSince>0</failedSince>
        </case>
        <case>
          <duration>0.014</duration>
          <className>TestRestDecoderConfig</className>
          <testName>TestCase01.test11</testName>
          <skipped>false</skipped>
          <failedSince>0</failedSince>
        </case>
        <case>
          <duration>0.159</duration>
          <className>TestRestDecoderConfig</className>
          <testName>TestCase01.test12</testName>
          <skipped>false</skipped>
          <failedSince>0</failedSince>
        </case>
        <case>
          <duration>5.022</duration>
          <className>TestRestDecoderConfig</className>
          <testName>TestCase01.test13</testName>
          <skipped>false</skipped>
          <failedSince>0</failedSince>
        </case>
        <case>
          <duration>22.405</duration>
          <className>TestRestDecoderConfig</className>
          <testName>TestCase02.test01</testName>
          <skipped>false</skipped>
          <failedSince>0</failedSince>
        </case>
        <case>
          <duration>0.03</duration>
          <className>TestRestDecoderConfig</className>
          <testName>TestCase02.test02</testName>
          <skipped>false</skipped>
          <failedSince>0</failedSince>
        </case>
        <case>
          <duration>12.159</duration>
          <className>TestRestDecoderConfig</className>
          <testName>TestCase02.test03</testName>
          <skipped>false</skipped>
          <failedSince>0</failedSince>
        </case>
        <case>
          <duration>0.044</duration>
          <className>TestRestDecoderConfig</className>
          <testName>TestCase02.test04</testName>
          <skipped>false</skipped>
          <failedSince>0</failedSince>
        </case>
        <case>
          <duration>0.075</duration>
          <className>TestRestDecoderConfig</className>
          <testName>TestCase02.test05</testName>
          <skipped>false</skipped>
          <failedSince>0</failedSince>
        </case>
        <case>
          <duration>7.187</duration>
          <className>TestRestDecoderConfig</className>
          <testName>TestCase02.test06</testName>
          <skipped>false</skipped>
          <failedSince>0</failedSince>
        </case>
        <case>
          <duration>0.047</duration>
          <className>TestRestDecoderConfig</className>
          <testName>TestCase02.test07</testName>
          <skipped>false</skipped>
          <failedSince>0</failedSince>
        </case>
        <case>
          <duration>12.422</duration>
          <className>TestRestDecoderConfig</className>
          <testName>TestCase06.test01</testName>
          <skipped>false</skipped>
          <failedSince>0</failedSince>
        </case>
        <case>
          <duration>17.375</duration>
          <className>TestRestDecoderConfig</className>
          <testName>TestCase06.test02</testName>
          <skipped>false</skipped>
          <failedSince>0</failedSince>
        </case>
        <case>
          <duration>5.996</duration>
          <className>TestRestDecoderConfig</className>
          <testName>TestCase06.test03</testName>
          <skipped>false</skipped>
          <failedSince>0</failedSince>
        </case>
        <case>
          <duration>6.485</duration>
          <className>TestRestDecoderConfig</className>
          <testName>TestCase06.test04</testName>
          <skipped>false</skipped>
          <failedSince>0</failedSince>
        </case>
        <case>
          <duration>5.533</duration>
          <className>TestRestDecoderConfig</className>
          <testName>TestCase06.test05</testName>
          <skipped>false</skipped>
          <failedSince>0</failedSince>
        </case>
        <case>
          <duration>2.459</duration>
          <className>TestRestDecoderConfig</className>
          <testName>TestCase06.test06</testName>
          <skipped>false</skipped>
          <failedSince>0</failedSince>
        </case>
        <case>
          <duration>2.318</duration>
          <className>TestRestDecoderConfig</className>
          <testName>TestCase06.test08</testName>
          <skipped>false</skipped>
          <failedSince>0</failedSince>
        </case>
        <case>
          <duration>0.027</duration>
          <className>TestRestDecoderConfig</className>
          <testName>TestCase06.test09</testName>
          <skipped>false</skipped>
          <failedSince>0</failedSince>
        </case>
        <case>
          <duration>23.512</duration>
          <className>TestRestDecoderConfig</className>
          <testName>TestCase15.test01</testName>
          <skipped>false</skipped>
          <failedSince>0</failedSince>
        </case>
        <case>
          <duration>14.572</duration>
          <className>TestRestDecoderConfig</className>
          <testName>TestCase15.test02</testName>
          <skipped>false</skipped>
          <failedSince>0</failedSince>
        </case>
        <case>
          <duration>29.729</duration>
          <className>TestRestDecoderConfig</className>
          <testName>TestCase05.test01</testName>
          <skipped>false</skipped>
          <failedSince>0</failedSince>
        </case>
        <case>
          <duration>5.714</duration>
          <className>TestRestDecoderConfig</className>
          <testName>TestCase05.test02</testName>
          <skipped>false</skipped>
          <failedSince>0</failedSince>
        </case>
        <case>
          <duration>8.47</duration>
          <className>TestRestDecoderConfig</className>
          <testName>TestCase05.test03</testName>
          <skipped>false</skipped>
          <failedSince>0</failedSince>
        </case>
        <case>
          <duration>2.43</duration>
          <className>TestRestDecoderConfig</className>
          <testName>TestCase05.test04</testName>
          <skipped>false</skipped>
          <failedSince>0</failedSince>
        </case>
        <case>
          <duration>2.336</duration>
          <className>TestRestDecoderConfig</className>
          <testName>TestCase05.test05</testName>
          <skipped>false</skipped>
          <failedSince>0</failedSince>
        </case>
        <case>
          <duration>2.277</duration>
          <className>TestRestDecoderConfig</className>
          <testName>TestCase05.test06</testName>
          <skipped>false</skipped>
          <failedSince>0</failedSince>
        </case>
        <case>
          <duration>2.322</duration>
          <className>TestRestDecoderConfig</className>
          <testName>TestCase05.test07</testName>
          <skipped>false</skipped>
          <failedSince>0</failedSince>
        </case>
        <case>
          <duration>2.87</duration>
          <className>TestRestDecoderConfig</className>
          <testName>TestCase05.test08</testName>
          <skipped>false</skipped>
          <failedSince>0</failedSince>
        </case>
        <case>
          <duration>0.025</duration>
          <className>TestRestDecoderConfig</className>
          <testName>TestCase05.test09</testName>
          <skipped>false</skipped>
          <failedSince>0</failedSince>
        </case>
        <case>
          <duration>29.939</duration>
          <className>TestRestDecoderConfig</className>
          <testName>TestCase12.test01</testName>
          <skipped>false</skipped>
          <failedSince>0</failedSince>
        </case>
        <case>
          <duration>6.202</duration>
          <className>TestRestDecoderConfig</className>
          <testName>TestCase12.test02</testName>
          <skipped>false</skipped>
          <failedSince>0</failedSince>
        </case>
        <case>
          <duration>6.454</duration>
          <className>TestRestDecoderConfig</className>
          <testName>TestCase12.test03</testName>
          <skipped>false</skipped>
          <failedSince>0</failedSince>
        </case>
        <case>
          <duration>3.611</duration>
          <className>TestRestDecoderConfig</className>
          <testName>TestCase12.test04</testName>
          <skipped>false</skipped>
          <failedSince>0</failedSince>
        </case>
        <case>
          <duration>3.676</duration>
          <className>TestRestDecoderConfig</className>
          <testName>TestCase12.test05</testName>
          <skipped>false</skipped>
          <failedSince>0</failedSince>
        </case>
        <case>
          <duration>4.586</duration>
          <className>TestRestDecoderConfig</className>
          <testName>TestCase12.test06</testName>
          <skipped>false</skipped>
          <failedSince>0</failedSince>
        </case>
        <case>
          <duration>4.187</duration>
          <className>TestRestDecoderConfig</className>
          <testName>TestCase12.test07</testName>
          <skipped>false</skipped>
          <failedSince>0</failedSince>
        </case>
        <case>
          <duration>3.842</duration>
          <className>TestRestDecoderConfig</className>
          <testName>TestCase12.test08</testName>
          <skipped>false</skipped>
          <failedSince>0</failedSince>
        </case>
        <case>
          <duration>4.013</duration>
          <className>TestRestDecoderConfig</className>
          <testName>TestCase12.test09</testName>
          <skipped>false</skipped>
          <failedSince>0</failedSince>
        </case>
        <case>
          <duration>2.858</duration>
          <className>TestRestDecoderConfig</className>
          <testName>TestCase12.test10</testName>
          <skipped>false</skipped>
          <failedSince>0</failedSince>
        </case>
        <case>
          <duration>3.002</duration>
          <className>TestRestDecoderConfig</className>
          <testName>TestCase12.test11</testName>
          <skipped>false</skipped>
          <failedSince>0</failedSince>
        </case>
        <case>
          <duration>30.832</duration>
          <className>TestRestDecoderConfig</className>
          <testName>TestCase13.test01</testName>
          <skipped>false</skipped>
          <failedSince>0</failedSince>
        </case>
        <case>
          <duration>0.245</duration>
          <className>TestRestDecoderConfig</className>
          <testName>TestCase13.test02</testName>
          <skipped>false</skipped>
          <failedSince>0</failedSince>
        </case>
        <case>
          <duration>0.149</duration>
          <className>TestRestDecoderConfig</className>
          <testName>TestCase13.test03</testName>
          <skipped>false</skipped>
          <failedSince>0</failedSince>
        </case>
        <case>
          <duration>27.895</duration>
          <className>TestRestDecoderConfig</className>
          <testName>TestCase09.test01</testName>
          <skipped>false</skipped>
          <failedSince>0</failedSince>
        </case>
        <case>
          <duration>5.77</duration>
          <className>TestRestDecoderConfig</className>
          <testName>TestCase09.test02</testName>
          <skipped>false</skipped>
          <failedSince>0</failedSince>
        </case>
        <case>
          <duration>3.254</duration>
          <className>TestRestDecoderConfig</className>
          <testName>TestCase09.test03</testName>
          <skipped>false</skipped>
          <failedSince>0</failedSince>
        </case>
        <case>
          <duration>3.098</duration>
          <className>TestRestDecoderConfig</className>
          <testName>TestCase09.test04</testName>
          <skipped>false</skipped>
          <failedSince>0</failedSince>
        </case>
        <case>
          <duration>3.305</duration>
          <className>TestRestDecoderConfig</className>
          <testName>TestCase09.test05</testName>
          <skipped>false</skipped>
          <failedSince>0</failedSince>
        </case>
        <case>
          <duration>5.865</duration>
          <className>TestRestDecoderConfig</className>
          <testName>TestCase09.test06</testName>
          <skipped>false</skipped>
          <failedSince>0</failedSince>
        </case>
        <case>
          <duration>3.036</duration>
          <className>TestRestDecoderConfig</className>
          <testName>TestCase09.test07</testName>
          <skipped>false</skipped>
          <failedSince>0</failedSince>
        </case>
        <case>
          <duration>2.993</duration>
          <className>TestRestDecoderConfig</className>
          <testName>TestCase09.test08</testName>
          <skipped>false</skipped>
          <failedSince>0</failedSince>
        </case>
        <case>
          <duration>2.775</duration>
          <className>TestRestDecoderConfig</className>
          <testName>TestCase09.test09</testName>
          <skipped>false</skipped>
          <failedSince>0</failedSince>
        </case>
        <case>
          <duration>3.243</duration>
          <className>TestRestDecoderConfig</className>
          <testName>TestCase09.test10</testName>
          <skipped>false</skipped>
          <failedSince>0</failedSince>
        </case>
        <case>
          <duration>3.271</duration>
          <className>TestRestDecoderConfig</className>
          <testName>TestCase09.test11</testName>
          <skipped>false</skipped>
          <failedSince>0</failedSince>
        </case>
        <case>
          <duration>13.434</duration>
          <className>TestRestDecoderConfig</className>
          <testName>TestCase04.test01</testName>
          <skipped>false</skipped>
          <failedSince>0</failedSince>
        </case>
        <case>
          <duration>14.441</duration>
          <className>TestRestDecoderConfig</className>
          <testName>TestCase04.test02</testName>
          <skipped>false</skipped>
          <failedSince>0</failedSince>
        </case>
        <case>
          <duration>7.256</duration>
          <className>TestRestDecoderConfig</className>
          <testName>TestCase04.test03</testName>
          <skipped>false</skipped>
          <failedSince>0</failedSince>
        </case>
        <case>
          <duration>6.88</duration>
          <className>TestRestDecoderConfig</className>
          <testName>TestCase04.test04</testName>
          <skipped>false</skipped>
          <failedSince>0</failedSince>
        </case>
        <case>
          <duration>4.587</duration>
          <className>TestRestDecoderConfig</className>
          <testName>TestCase04.test05</testName>
          <skipped>false</skipped>
          <failedSince>0</failedSince>
        </case>
        <case>
          <duration>2.817</duration>
          <className>TestRestDecoderConfig</className>
          <testName>TestCase04.test06</testName>
          <skipped>false</skipped>
          <failedSince>0</failedSince>
        </case>
        <case>
          <duration>2.845</duration>
          <className>TestRestDecoderConfig</className>
          <testName>TestCase04.test07</testName>
          <skipped>false</skipped>
          <failedSince>0</failedSince>
        </case>
        <case>
          <duration>2.708</duration>
          <className>TestRestDecoderConfig</className>
          <testName>TestCase04.test08</testName>
          <skipped>false</skipped>
          <failedSince>0</failedSince>
        </case>
        <case>
          <duration>0.024</duration>
          <className>TestRestDecoderConfig</className>
          <testName>TestCase04.test09</testName>
          <skipped>false</skipped>
          <failedSince>0</failedSince>
        </case>
        <case>
          <duration>2.732</duration>
          <className>TestRestDecoderConfig</className>
          <testName>TestCase04.test10</testName>
          <skipped>false</skipped>
          <failedSince>0</failedSince>
        </case>
        <case>
          <duration>3.222</duration>
          <className>TestRestDecoderConfig</className>
          <testName>TestCase04.test11</testName>
          <skipped>false</skipped>
          <failedSince>0</failedSince>
        </case>
        <case>
          <duration>3.16</duration>
          <className>TestRestDecoderConfig</className>
          <testName>TestCase04.test12</testName>
          <skipped>false</skipped>
          <failedSince>0</failedSince>
        </case>
        <case>
          <duration>2.862</duration>
          <className>TestRestDecoderConfig</className>
          <testName>TestCase04.test13</testName>
          <skipped>false</skipped>
          <failedSince>0</failedSince>
        </case>
        <case>
          <duration>2.925</duration>
          <className>TestRestDecoderConfig</className>
          <testName>TestCase04.test14</testName>
          <skipped>false</skipped>
          <failedSince>0</failedSince>
        </case>
        <case>
          <duration>3.104</duration>
          <className>TestRestDecoderConfig</className>
          <testName>TestCase04.test15</testName>
          <skipped>false</skipped>
          <failedSince>0</failedSince>
        </case>
        <case>
          <duration>2.672</duration>
          <className>TestRestDecoderConfig</className>
          <testName>TestCase04.test16</testName>
          <skipped>false</skipped>
          <failedSince>0</failedSince>
        </case>
        <case>
          <duration>2.587</duration>
          <className>TestRestDecoderConfig</className>
          <testName>TestCase04.test17</testName>
          <skipped>false</skipped>
          <failedSince>0</failedSince>
        </case>
        <case>
          <duration>2.73</duration>
          <className>TestRestDecoderConfig</className>
          <testName>TestCase04.test18</testName>
          <skipped>false</skipped>
          <failedSince>0</failedSince>
        </case>
        <case>
          <duration>2.748</duration>
          <className>TestRestDecoderConfig</className>
          <testName>TestCase04.test19</testName>
          <skipped>false</skipped>
          <failedSince>0</failedSince>
        </case>
        <case>
          <duration>2.78</duration>
          <className>TestRestDecoderConfig</className>
          <testName>TestCase04.test20</testName>
          <skipped>false</skipped>
          <failedSince>0</failedSince>
        </case>
        <case>
          <duration>2.952</duration>
          <className>TestRestDecoderConfig</className>
          <testName>TestCase04.test21</testName>
          <skipped>false</skipped>
          <failedSince>0</failedSince>
        </case>
        <case>
          <duration>2.599</duration>
          <className>TestRestDecoderConfig</className>
          <testName>TestCase04.test22</testName>
          <skipped>false</skipped>
          <failedSince>0</failedSince>
        </case>
        <case>
          <duration>3.263</duration>
          <className>TestRestDecoderConfig</className>
          <testName>TestCase04.test23</testName>
          <skipped>false</skipped>
          <failedSince>0</failedSince>
        </case>
        <case>
          <duration>11.606</duration>
          <className>TestRestDecoderConfig</className>
          <testName>TestCase04.test24</testName>
          <skipped>false</skipped>
          <failedSince>0</failedSince>
        </case>
        <case>
          <duration>21.763</duration>
          <className>TestRestDecoderConfig</className>
          <testName>TestCase08.test01</testName>
          <skipped>false</skipped>
          <failedSince>0</failedSince>
        </case>
        <case>
          <duration>12.125</duration>
          <className>TestRestDecoderConfig</className>
          <testName>TestCase08.test02</testName>
          <skipped>false</skipped>
          <failedSince>0</failedSince>
        </case>
        <case>
          <duration>3.158</duration>
          <className>TestRestDecoderConfig</className>
          <testName>TestCase08.test03</testName>
          <skipped>false</skipped>
          <failedSince>0</failedSince>
        </case>
        <case>
          <duration>2.855</duration>
          <className>TestRestDecoderConfig</className>
          <testName>TestCase08.test04</testName>
          <skipped>false</skipped>
          <failedSince>0</failedSince>
        </case>
        <case>
          <duration>3.039</duration>
          <className>TestRestDecoderConfig</className>
          <testName>TestCase08.test05</testName>
          <skipped>false</skipped>
          <failedSince>0</failedSince>
        </case>
        <case>
          <duration>2.777</duration>
          <className>TestRestDecoderConfig</className>
          <testName>TestCase08.test06</testName>
          <skipped>false</skipped>
          <failedSince>0</failedSince>
        </case>
        <case>
          <duration>2.826</duration>
          <className>TestRestDecoderConfig</className>
          <testName>TestCase08.test07</testName>
          <skipped>false</skipped>
          <failedSince>0</failedSince>
        </case>
        <case>
          <duration>2.994</duration>
          <className>TestRestDecoderConfig</className>
          <testName>TestCase08.test08</testName>
          <skipped>false</skipped>
          <failedSince>0</failedSince>
        </case>
        <case>
          <duration>3.122</duration>
          <className>TestRestDecoderConfig</className>
          <testName>TestCase08.test09</testName>
          <skipped>false</skipped>
          <failedSince>0</failedSince>
        </case>
        <case>
          <duration>0.002</duration>
          <className>TestRestDecoderConfig</className>
          <testName>TestCase08.test10</testName>
          <skipped>false</skipped>
          <failedSince>0</failedSince>
        </case>
        <case>
          <duration>2.886</duration>
          <className>TestRestDecoderConfig</className>
          <testName>TestCase08.test11</testName>
          <skipped>false</skipped>
          <failedSince>0</failedSince>
        </case>
        <case>
          <duration>3.143</duration>
          <className>TestRestDecoderConfig</className>
          <testName>TestCase08.test12</testName>
          <skipped>false</skipped>
          <failedSince>0</failedSince>
        </case>
        <case>
          <duration>3.093</duration>
          <className>TestRestDecoderConfig</className>
          <testName>TestCase08.test12_a</testName>
          <skipped>false</skipped>
          <failedSince>0</failedSince>
        </case>
        <case>
          <duration>2.751</duration>
          <className>TestRestDecoderConfig</className>
          <testName>TestCase08.test13</testName>
          <skipped>false</skipped>
          <failedSince>0</failedSince>
        </case>
        <case>
          <duration>2.882</duration>
          <className>TestRestDecoderConfig</className>
          <testName>TestCase08.test13_a</testName>
          <skipped>false</skipped>
          <failedSince>0</failedSince>
        </case>
        <case>
          <duration>0.138</duration>
          <className>TestRestDecoderConfig</className>
          <testName>TestCase08.test14</testName>
          <skipped>false</skipped>
          <failedSince>0</failedSince>
        </case>
        <case>
          <duration>2.574</duration>
          <className>TestRestDecoderConfig</className>
          <testName>TestCase08.test15</testName>
          <skipped>false</skipped>
          <failedSince>0</failedSince>
        </case>
        <case>
          <duration>29.397</duration>
          <className>TestRestDecoderConfig</className>
          <testName>TestCase07.test01</testName>
          <skipped>false</skipped>
          <failedSince>0</failedSince>
        </case>
        <case>
          <duration>11.376</duration>
          <className>TestRestDecoderConfig</className>
          <testName>TestCase07.test02</testName>
          <skipped>false</skipped>
          <failedSince>0</failedSince>
        </case>
        <case>
          <duration>3.411</duration>
          <className>TestRestDecoderConfig</className>
          <testName>TestCase07.test03</testName>
          <skipped>false</skipped>
          <failedSince>0</failedSince>
        </case>
        <case>
          <duration>3.028</duration>
          <className>TestRestDecoderConfig</className>
          <testName>TestCase07.test04</testName>
          <skipped>false</skipped>
          <failedSince>0</failedSince>
        </case>
        <case>
          <duration>3.116</duration>
          <className>TestRestDecoderConfig</className>
          <testName>TestCase07.test05</testName>
          <skipped>false</skipped>
          <failedSince>0</failedSince>
        </case>
        <case>
          <duration>7.105</duration>
          <className>TestRestDecoderConfig</className>
          <testName>TestCase07.test06</testName>
          <skipped>false</skipped>
          <failedSince>0</failedSince>
        </case>
        <case>
          <duration>3.784</duration>
          <className>TestRestDecoderConfig</className>
          <testName>TestCase07.test07</testName>
          <skipped>false</skipped>
          <failedSince>0</failedSince>
        </case>
        <case>
          <duration>2.951</duration>
          <className>TestRestDecoderConfig</className>
          <testName>TestCase07.test08</testName>
          <skipped>false</skipped>
          <failedSince>0</failedSince>
        </case>
        <case>
          <duration>3.775</duration>
          <className>TestRestDecoderConfig</className>
          <testName>TestCase07.test09</testName>
          <skipped>false</skipped>
          <failedSince>0</failedSince>
        </case>
        <case>
          <duration>0.002</duration>
          <className>TestRestDecoderConfig</className>
          <testName>TestCase07.test10</testName>
          <skipped>false</skipped>
          <failedSince>0</failedSince>
        </case>
        <case>
          <duration>3.615</duration>
          <className>TestRestDecoderConfig</className>
          <testName>TestCase07.test11</testName>
          <skipped>false</skipped>
          <failedSince>0</failedSince>
        </case>
        <case>
          <duration>4.867</duration>
          <className>TestRestDecoderConfig</className>
          <testName>TestCase07.test12</testName>
          <skipped>false</skipped>
          <failedSince>0</failedSince>
        </case>
        <case>
          <duration>11.721</duration>
          <className>TestRestDecoderConfig</className>
          <testName>TestCase07.test12_a</testName>
          <skipped>false</skipped>
          <failedSince>0</failedSince>
        </case>
        <case>
          <duration>3.798</duration>
          <className>TestRestDecoderConfig</className>
          <testName>TestCase07.test13</testName>
          <skipped>false</skipped>
          <failedSince>0</failedSince>
        </case>
        <case>
          <duration>3.56</duration>
          <className>TestRestDecoderConfig</className>
          <testName>TestCase07.test13_a</testName>
          <skipped>false</skipped>
          <failedSince>0</failedSince>
        </case>
        <case>
          <duration>0.152</duration>
          <className>TestRestDecoderConfig</className>
          <testName>TestCase07.test14</testName>
          <skipped>false</skipped>
          <failedSince>0</failedSince>
        </case>
        <case>
          <duration>3.924</duration>
          <className>TestRestDecoderConfig</className>
          <testName>TestCase07.test15</testName>
          <skipped>false</skipped>
          <failedSince>0</failedSince>
        </case>
        <case>
          <duration>20.299</duration>
          <className>TestRestDecoderConfig</className>
          <testName>TestCase03.test01</testName>
          <skipped>false</skipped>
          <failedSince>0</failedSince>
        </case>
        <case>
          <duration>0.029</duration>
          <className>TestRestDecoderConfig</className>
          <testName>TestCase03.test02</testName>
          <skipped>false</skipped>
          <failedSince>0</failedSince>
        </case>
        <case>
          <duration>0.245</duration>
          <className>TestRestDecoderConfig</className>
          <testName>TestCase03.test03</testName>
          <skipped>false</skipped>
          <failedSince>0</failedSince>
        </case>
        <case>
          <duration>28.255</duration>
          <className>TestRestDecoderConfig</className>
          <testName>TestCase03.test04</testName>
          <skipped>false</skipped>
          <failedSince>0</failedSince>
        </case>
        <case>
          <duration>3.057</duration>
          <className>TestRestDecoderConfig</className>
          <testName>TestCase03.test05</testName>
          <skipped>false</skipped>
          <failedSince>0</failedSince>
        </case>
        <case>
          <duration>5.388</duration>
          <className>TestRestDecoderConfig</className>
          <testName>TestCase03.test06</testName>
          <skipped>false</skipped>
          <failedSince>0</failedSince>
        </case>
        <case>
          <duration>3.037</duration>
          <className>TestRestDecoderConfig</className>
          <testName>TestCase03.test07</testName>
          <skipped>false</skipped>
          <failedSince>0</failedSince>
        </case>
        <case>
          <duration>2.574</duration>
          <className>TestRestDecoderConfig</className>
          <testName>TestCase03.test08</testName>
          <skipped>false</skipped>
          <failedSince>0</failedSince>
        </case>
        <case>
          <duration>40.184</duration>
          <className>TestRestDecoderConfig</className>
          <testName>TestCase03.test09</testName>
          <skipped>false</skipped>
          <failedSince>0</failedSince>
        </case>
        <case>
          <duration>3.194</duration>
          <className>TestRestDecoderConfig</className>
          <testName>TestCase03.test10</testName>
          <skipped>false</skipped>
          <failedSince>0</failedSince>
        </case>
        <case>
          <duration>2.72</duration>
          <className>TestRestDecoderConfig</className>
          <testName>TestCase03.test11</testName>
          <skipped>false</skipped>
          <failedSince>0</failedSince>
        </case>
        <case>
          <duration>7.382</duration>
          <className>TestRestDecoderConfig</className>
          <testName>TestCase03.test12</testName>
          <skipped>false</skipped>
          <failedSince>0</failedSince>
        </case>
        <case>
          <duration>17.716</duration>
          <className>TestRestDecoderConfig</className>
          <testName>TestCase03.test99</testName>
          <skipped>false</skipped>
          <failedSince>0</failedSince>
        </case>
        <case>
          <duration>9.44</duration>
          <className>TestRestDecoderConfig</className>
          <testName>TestCase17.test01</testName>
          <skipped>false</skipped>
          <failedSince>0</failedSince>
        </case>
        <case>
          <duration>40.526</duration>
          <className>TestRestDecoderConfig</className>
          <testName>TestCase17.test02</testName>
          <skipped>false</skipped>
          <failedSince>0</failedSince>
        </case>
        <case>
          <duration>4.815</duration>
          <className>TestRestDecoderConfig</className>
          <testName>TestCase17.test03</testName>
          <skipped>false</skipped>
          <failedSince>0</failedSince>
        </case>
        <case>
          <duration>90.399</duration>
          <className>TestRestDecoderConfig</className>
          <testName>TestCase17.test04</testName>
          <skipped>false</skipped>
          <failedSince>0</failedSince>
        </case>
        <case>
          <duration>7.433</duration>
          <className>TestRestDecoderConfig</className>
          <testName>TestCase17.test05</testName>
          <skipped>false</skipped>
          <failedSince>0</failedSince>
        </case>
        <case>
          <duration>4.676</duration>
          <className>TestRestDecoderConfig</className>
          <testName>TestCase17.test06</testName>
          <skipped>false</skipped>
          <failedSince>0</failedSince>
        </case>
        <case>
          <duration>8.684</duration>
          <className>TestRestDecoderConfig</className>
          <testName>TestCase17.test07</testName>
          <skipped>false</skipped>
          <failedSince>0</failedSince>
        </case>
        <case>
          <duration>40.032</duration>
          <className>TestRestDecoderConfig</className>
          <testName>TestCase10.test01</testName>
          <skipped>false</skipped>
          <failedSince>0</failedSince>
        </case>
        <case>
          <duration>5.33</duration>
          <className>TestRestDecoderConfig</className>
          <testName>TestCase10.test02</testName>
          <skipped>false</skipped>
          <failedSince>0</failedSince>
        </case>
        <case>
          <duration>4.878</duration>
          <className>TestRestDecoderConfig</className>
          <testName>TestCase10.test03</testName>
          <skipped>false</skipped>
          <failedSince>0</failedSince>
        </case>
        <case>
          <duration>4.765</duration>
          <className>TestRestDecoderConfig</className>
          <testName>TestCase10.test04</testName>
          <skipped>false</skipped>
          <failedSince>0</failedSince>
        </case>
        <case>
          <duration>11.454</duration>
          <className>TestRestDecoderConfig</className>
          <testName>TestCase10.test05</testName>
          <skipped>false</skipped>
          <failedSince>0</failedSince>
        </case>
        <case>
          <duration>4.78</duration>
          <className>TestRestDecoderConfig</className>
          <testName>TestCase10.test06</testName>
          <skipped>false</skipped>
          <failedSince>0</failedSince>
        </case>
        <case>
          <duration>4.839</duration>
          <className>TestRestDecoderConfig</className>
          <testName>TestCase10.test07</testName>
          <skipped>false</skipped>
          <failedSince>0</failedSince>
        </case>
        <case>
          <duration>10.368</duration>
          <className>TestRestDecoderConfig</className>
          <testName>TestCase10.test08</testName>
          <skipped>false</skipped>
          <failedSince>0</failedSince>
        </case>
        <case>
          <duration>4.767</duration>
          <className>TestRestDecoderConfig</className>
          <testName>TestCase10.test09</testName>
          <skipped>false</skipped>
          <failedSince>0</failedSince>
        </case>
        <case>
          <duration>5.647</duration>
          <className>TestRestDecoderConfig</className>
          <testName>TestCase10.test10</testName>
          <skipped>false</skipped>
          <failedSince>0</failedSince>
        </case>
        <case>
          <duration>4.498</duration>
          <className>TestRestDecoderConfig</className>
          <testName>TestCase10.test11</testName>
          <skipped>false</skipped>
          <failedSince>0</failedSince>
        </case>
        <case>
          <duration>56.908</duration>
          <className>TestRestDecoderConfig</className>
          <testName>TestCase14.test01</testName>
          <skipped>false</skipped>
          <failedSince>0</failedSince>
        </case>
      </cases>
    </suite>
    <suite>
      <file>/home/jenkins/workspace/Backend/CMC@4/test-results/TEST-cli-TestMessageDecoders.xml</file>
      <name>cli.TestMessageDecoders</name>
      <stdout>.</stdout>
      <stderr></stderr>
      <duration>792.235</duration>
      <timestamp>2019-05-07T12:33:28.837762</timestamp>
      <time>13.499</time>
      <enclosingBlocks/>
      <enclosingBlockNames/>
      <cases>
        <case>
          <duration>13.499</duration>
          <className>TestMessageDecoders</className>
          <testName>TestCase54.test01</testName>
          <skipped>false</skipped>
          <failedSince>0</failedSince>
        </case>
        <case>
          <duration>0.034</duration>
          <className>TestMessageDecoders</className>
          <testName>TestCase57.test01</testName>
          <skipped>false</skipped>
          <failedSince>0</failedSince>
        </case>
        <case>
          <duration>27.656</duration>
          <className>TestMessageDecoders</className>
          <testName>TestCase55.test01</testName>
          <skipped>false</skipped>
          <failedSince>0</failedSince>
        </case>
        <case>
          <duration>42.877</duration>
          <className>TestMessageDecoders</className>
          <testName>TestCase01.test01</testName>
          <skipped>false</skipped>
          <failedSince>0</failedSince>
        </case>
        <case>
          <duration>0.129</duration>
          <className>TestMessageDecoders</className>
          <testName>TestCase01.test02</testName>
          <skipped>false</skipped>
          <failedSince>0</failedSince>
        </case>
        <case>
          <duration>6.165</duration>
          <className>TestMessageDecoders</className>
          <testName>TestCase01.test03</testName>
          <skipped>false</skipped>
          <failedSince>0</failedSince>
        </case>
        <case>
          <duration>0.078</duration>
          <className>TestMessageDecoders</className>
          <testName>TestCase01.test04</testName>
          <skipped>false</skipped>
          <failedSince>0</failedSince>
        </case>
        <case>
          <duration>49.97</duration>
          <className>TestMessageDecoders</className>
          <testName>TestCase49.test99</testName>
          <skipped>false</skipped>
          <failedSince>0</failedSince>
        </case>
        <case>
          <duration>32.618</duration>
          <className>TestMessageDecoders</className>
          <testName>TestCase52.test01</testName>
          <skipped>false</skipped>
          <failedSince>0</failedSince>
        </case>
        <case>
          <duration>1.776</duration>
          <className>TestMessageDecoders</className>
          <testName>TestCase52.test02</testName>
          <skipped>false</skipped>
          <failedSince>0</failedSince>
        </case>
        <case>
          <duration>2.848</duration>
          <className>TestMessageDecoders</className>
          <testName>TestCase52.test03</testName>
          <skipped>false</skipped>
          <failedSince>0</failedSince>
        </case>
        <case>
          <duration>0.001</duration>
          <className>TestMessageDecoders</className>
          <testName>TestCase48.test01</testName>
          <skipped>false</skipped>
          <failedSince>0</failedSince>
        </case>
        <case>
          <duration>0.001</duration>
          <className>TestMessageDecoders</className>
          <testName>TestCase48.test02</testName>
          <skipped>false</skipped>
          <failedSince>0</failedSince>
        </case>
        <case>
          <duration>0.0</duration>
          <className>TestMessageDecoders</className>
          <testName>TestCase48.test03</testName>
          <skipped>false</skipped>
          <failedSince>0</failedSince>
        </case>
        <case>
          <duration>54.326</duration>
          <className>TestMessageDecoders</className>
          <testName>TestCase48.test04</testName>
          <skipped>false</skipped>
          <failedSince>0</failedSince>
        </case>
        <case>
          <duration>99.122</duration>
          <className>TestMessageDecoders</className>
          <testName>TestCase51.test01</testName>
          <skipped>false</skipped>
          <failedSince>0</failedSince>
        </case>
        <case>
          <duration>0.004</duration>
          <className>TestMessageDecoders</className>
          <testName>TestCase51.test02</testName>
          <skipped>false</skipped>
          <failedSince>0</failedSince>
        </case>
        <case>
          <duration>186.549</duration>
          <className>TestMessageDecoders</className>
          <testName>TestCase56.test01</testName>
          <skipped>false</skipped>
          <failedSince>0</failedSince>
        </case>
        <case>
          <duration>274.581</duration>
          <className>TestMessageDecoders</className>
          <testName>TestCase53.test01</testName>
          <skipped>false</skipped>
          <failedSince>0</failedSince>
        </case>
      </cases>
    </suite>
    <suite>
      <file>/home/jenkins/workspace/Backend/CMC@10/test-results/TEST-cli-TestProbeShell.xml</file>
      <name>cli.TestProbeShell</name>
      <stdout>Test test01 skipped in sandbox
.Test test02 skipped in sandbox
.Test test03 skipped in sandbox
.</stdout>
      <stderr></stderr>
      <duration>1161.633</duration>
      <timestamp>2019-05-07T12:35:02.280829</timestamp>
      <time>0.001</time>
      <enclosingBlocks/>
      <enclosingBlockNames/>
      <cases>
        <case>
          <duration>0.0</duration>
          <className>TestProbeShell</className>
          <testName>TestCase06.test01</testName>
          <skipped>false</skipped>
          <failedSince>0</failedSince>
        </case>
        <case>
          <duration>0.0</duration>
          <className>TestProbeShell</className>
          <testName>TestCase06.test02</testName>
          <skipped>false</skipped>
          <failedSince>0</failedSince>
        </case>
        <case>
          <duration>0.0</duration>
          <className>TestProbeShell</className>
          <testName>TestCase06.test03</testName>
          <skipped>false</skipped>
          <failedSince>0</failedSince>
        </case>
        <case>
          <duration>0.0</duration>
          <className>TestProbeShell</className>
          <testName>TestCase03.test03</testName>
          <skipped>false</skipped>
          <failedSince>0</failedSince>
        </case>
        <case>
          <duration>0.0</duration>
          <className>TestProbeShell</className>
          <testName>TestCase03.test04</testName>
          <skipped>false</skipped>
          <failedSince>0</failedSince>
        </case>
        <case>
          <duration>2.12</duration>
          <className>TestProbeShell</className>
          <testName>TestCase03.test05</testName>
          <skipped>false</skipped>
          <failedSince>0</failedSince>
        </case>
        <case>
          <duration>18.128</duration>
          <className>TestProbeShell</className>
          <testName>TestCase10.test01</testName>
          <skipped>false</skipped>
          <failedSince>0</failedSince>
        </case>
        <case>
          <duration>3.723</duration>
          <className>TestProbeShell</className>
          <testName>TestCase10.test02</testName>
          <skipped>false</skipped>
          <failedSince>0</failedSince>
        </case>
        <case>
          <duration>0.775</duration>
          <className>TestProbeShell</className>
          <testName>TestCase10.test03</testName>
          <skipped>false</skipped>
          <failedSince>0</failedSince>
        </case>
        <case>
          <duration>0.715</duration>
          <className>TestProbeShell</className>
          <testName>TestCase10.test04</testName>
          <skipped>false</skipped>
          <failedSince>0</failedSince>
        </case>
        <case>
          <duration>1.24</duration>
          <className>TestProbeShell</className>
          <testName>TestCase10.test05</testName>
          <skipped>false</skipped>
          <failedSince>0</failedSince>
        </case>
        <case>
          <duration>0.727</duration>
          <className>TestProbeShell</className>
          <testName>TestCase10.test06</testName>
          <skipped>false</skipped>
          <failedSince>0</failedSince>
        </case>
        <case>
          <duration>3.038</duration>
          <className>TestProbeShell</className>
          <testName>TestCase10.test07</testName>
          <skipped>false</skipped>
          <failedSince>0</failedSince>
        </case>
        <case>
          <duration>0.823</duration>
          <className>TestProbeShell</className>
          <testName>TestCase10.test08</testName>
          <skipped>false</skipped>
          <failedSince>0</failedSince>
        </case>
        <case>
          <duration>0.741</duration>
          <className>TestProbeShell</className>
          <testName>TestCase10.test09</testName>
          <skipped>false</skipped>
          <failedSince>0</failedSince>
        </case>
        <case>
          <duration>0.644</duration>
          <className>TestProbeShell</className>
          <testName>TestCase10.test10</testName>
          <skipped>false</skipped>
          <failedSince>0</failedSince>
        </case>
        <case>
          <duration>1.183</duration>
          <className>TestProbeShell</className>
          <testName>TestCase10.test11</testName>
          <skipped>false</skipped>
          <failedSince>0</failedSince>
        </case>
        <case>
          <duration>0.576</duration>
          <className>TestProbeShell</className>
          <testName>TestCase10.test12</testName>
          <skipped>false</skipped>
          <failedSince>0</failedSince>
        </case>
        <case>
          <duration>0.592</duration>
          <className>TestProbeShell</className>
          <testName>TestCase10.test13</testName>
          <skipped>false</skipped>
          <failedSince>0</failedSince>
        </case>
        <case>
          <duration>0.593</duration>
          <className>TestProbeShell</className>
          <testName>TestCase10.test14</testName>
          <skipped>false</skipped>
          <failedSince>0</failedSince>
        </case>
        <case>
          <duration>1.224</duration>
          <className>TestProbeShell</className>
          <testName>TestCase10.test15</testName>
          <skipped>false</skipped>
          <failedSince>0</failedSince>
        </case>
        <case>
          <duration>1.752</duration>
          <className>TestProbeShell</className>
          <testName>TestCase09.test01</testName>
          <skipped>false</skipped>
          <failedSince>0</failedSince>
        </case>
        <case>
          <duration>0.001</duration>
          <className>TestProbeShell</className>
          <testName>TestCase09.test02</testName>
          <skipped>false</skipped>
          <failedSince>0</failedSince>
        </case>
        <case>
          <duration>1.945</duration>
          <className>TestProbeShell</className>
          <testName>TestCase04.test01</testName>
          <skipped>false</skipped>
          <failedSince>0</failedSince>
        </case>
        <case>
          <duration>0.231</duration>
          <className>TestProbeShell</className>
          <testName>TestCase04.test02</testName>
          <skipped>false</skipped>
          <failedSince>0</failedSince>
        </case>
        <case>
          <duration>0.034</duration>
          <className>TestProbeShell</className>
          <testName>TestCase04.test03</testName>
          <skipped>false</skipped>
          <failedSince>0</failedSince>
        </case>
        <case>
          <duration>17.065</duration>
          <className>TestProbeShell</className>
          <testName>TestCase04.test04</testName>
          <skipped>false</skipped>
          <failedSince>0</failedSince>
        </case>
        <case>
          <duration>57.756</duration>
          <className>TestProbeShell</className>
          <testName>TestCase07.test01</testName>
          <skipped>false</skipped>
          <failedSince>0</failedSince>
        </case>
        <case>
          <duration>5.644</duration>
          <className>TestProbeShell</className>
          <testName>TestCase07.test02</testName>
          <skipped>false</skipped>
          <failedSince>0</failedSince>
        </case>
        <case>
          <duration>3.718</duration>
          <className>TestProbeShell</className>
          <testName>TestCase07.test03</testName>
          <skipped>false</skipped>
          <failedSince>0</failedSince>
        </case>
        <case>
          <duration>13.543</duration>
          <className>TestProbeShell</className>
          <testName>TestCase05.test01</testName>
          <skipped>false</skipped>
          <failedSince>0</failedSince>
        </case>
        <case>
          <duration>8.612</duration>
          <className>TestProbeShell</className>
          <testName>TestCase05.test02</testName>
          <skipped>false</skipped>
          <failedSince>0</failedSince>
        </case>
        <case>
          <duration>7.901</duration>
          <className>TestProbeShell</className>
          <testName>TestCase05.test03</testName>
          <skipped>false</skipped>
          <failedSince>0</failedSince>
        </case>
        <case>
          <duration>26.71</duration>
          <className>TestProbeShell</className>
          <testName>TestCase05.test04</testName>
          <skipped>false</skipped>
          <failedSince>0</failedSince>
        </case>
        <case>
          <duration>67.196</duration>
          <className>TestProbeShell</className>
          <testName>TestCase05.test05</testName>
          <skipped>false</skipped>
          <failedSince>0</failedSince>
        </case>
        <case>
          <duration>26.54</duration>
          <className>TestProbeShell</className>
          <testName>TestCase01.test01</testName>
          <skipped>false</skipped>
          <failedSince>0</failedSince>
        </case>
        <case>
          <duration>1.547</duration>
          <className>TestProbeShell</className>
          <testName>TestCase01.test02</testName>
          <skipped>false</skipped>
          <failedSince>0</failedSince>
        </case>
        <case>
          <duration>103.448</duration>
          <className>TestProbeShell</className>
          <testName>TestCase01.test03</testName>
          <skipped>false</skipped>
          <failedSince>0</failedSince>
        </case>
        <case>
          <duration>180.495</duration>
          <className>TestProbeShell</className>
          <testName>TestCase01.test04</testName>
          <skipped>false</skipped>
          <failedSince>0</failedSince>
        </case>
        <case>
          <duration>7.706</duration>
          <className>TestProbeShell</className>
          <testName>TestCase01.test05</testName>
          <skipped>false</skipped>
          <failedSince>0</failedSince>
        </case>
        <case>
          <duration>1.308</duration>
          <className>TestProbeShell</className>
          <testName>TestCase01.test06</testName>
          <skipped>false</skipped>
          <failedSince>0</failedSince>
        </case>
        <case>
          <duration>2.639</duration>
          <className>TestProbeShell</className>
          <testName>TestCase01.test07</testName>
          <skipped>false</skipped>
          <failedSince>0</failedSince>
        </case>
        <case>
          <duration>3.292</duration>
          <className>TestProbeShell</className>
          <testName>TestCase01.test08</testName>
          <skipped>false</skipped>
          <failedSince>0</failedSince>
        </case>
        <case>
          <duration>69.181</duration>
          <className>TestProbeShell</className>
          <testName>TestCase01.test09</testName>
          <skipped>false</skipped>
          <failedSince>0</failedSince>
        </case>
        <case>
          <duration>3.05</duration>
          <className>TestProbeShell</className>
          <testName>TestCase01.test10</testName>
          <skipped>false</skipped>
          <failedSince>0</failedSince>
        </case>
        <case>
          <duration>8.666</duration>
          <className>TestProbeShell</className>
          <testName>TestCase01.test11</testName>
          <skipped>false</skipped>
          <failedSince>0</failedSince>
        </case>
        <case>
          <duration>5.911</duration>
          <className>TestProbeShell</className>
          <testName>TestCase01.test12</testName>
          <skipped>false</skipped>
          <failedSince>0</failedSince>
        </case>
        <case>
          <duration>0.0</duration>
          <className>TestProbeShell</className>
          <testName>TestCase01.test13</testName>
          <skipped>false</skipped>
          <failedSince>0</failedSince>
        </case>
        <case>
          <duration>1.363</duration>
          <className>TestProbeShell</className>
          <testName>TestCase01.test14</testName>
          <skipped>false</skipped>
          <failedSince>0</failedSince>
        </case>
        <case>
          <duration>1.047</duration>
          <className>TestProbeShell</className>
          <testName>TestCase01.test15</testName>
          <skipped>false</skipped>
          <failedSince>0</failedSince>
        </case>
        <case>
          <duration>0.984</duration>
          <className>TestProbeShell</className>
          <testName>TestCase01.test16</testName>
          <skipped>false</skipped>
          <failedSince>0</failedSince>
        </case>
        <case>
          <duration>0.401</duration>
          <className>TestProbeShell</className>
          <testName>TestCase01.test18</testName>
          <skipped>false</skipped>
          <failedSince>0</failedSince>
        </case>
        <case>
          <duration>15.345</duration>
          <className>TestProbeShell</className>
          <testName>TestCase01.test19</testName>
          <skipped>false</skipped>
          <failedSince>0</failedSince>
        </case>
        <case>
          <duration>11.744</duration>
          <className>TestProbeShell</className>
          <testName>TestCase01.test20</testName>
          <skipped>false</skipped>
          <failedSince>0</failedSince>
        </case>
        <case>
          <duration>3.033</duration>
          <className>TestProbeShell</className>
          <testName>TestCase01.test21</testName>
          <skipped>false</skipped>
          <failedSince>0</failedSince>
        </case>
        <case>
          <duration>3.2</duration>
          <className>TestProbeShell</className>
          <testName>TestCase01.test22</testName>
          <skipped>false</skipped>
          <failedSince>0</failedSince>
        </case>
        <case>
          <duration>1.083</duration>
          <className>TestProbeShell</className>
          <testName>TestCase01.test23</testName>
          <skipped>false</skipped>
          <failedSince>0</failedSince>
        </case>
        <case>
          <duration>1.336</duration>
          <className>TestProbeShell</className>
          <testName>TestCase01.test24</testName>
          <skipped>false</skipped>
          <failedSince>0</failedSince>
        </case>
        <case>
          <duration>59.349</duration>
          <className>TestProbeShell</className>
          <testName>TestCase08.test01</testName>
          <skipped>false</skipped>
          <failedSince>0</failedSince>
        </case>
        <case>
          <duration>19.654</duration>
          <className>TestProbeShell</className>
          <testName>TestCase08.test02</testName>
          <skipped>false</skipped>
          <failedSince>0</failedSince>
        </case>
        <case>
          <duration>37.324</duration>
          <className>TestProbeShell</className>
          <testName>TestCase08.test03</testName>
          <skipped>false</skipped>
          <failedSince>0</failedSince>
        </case>
        <case>
          <duration>86.875</duration>
          <className>TestProbeShell</className>
          <testName>TestCase08.test04</testName>
          <skipped>false</skipped>
          <failedSince>0</failedSince>
        </case>
        <case>
          <duration>29.082</duration>
          <className>TestProbeShell</className>
          <testName>TestCase08.test05</testName>
          <skipped>false</skipped>
          <failedSince>0</failedSince>
        </case>
        <case>
          <duration>32.954</duration>
          <className>TestProbeShell</className>
          <testName>TestCase08.test06</testName>
          <skipped>false</skipped>
          <failedSince>0</failedSince>
        </case>
        <case>
          <duration>19.502</duration>
          <className>TestProbeShell</className>
          <testName>TestCase08.test07</testName>
          <skipped>false</skipped>
          <failedSince>0</failedSince>
        </case>
        <case>
          <duration>17.982</duration>
          <className>TestProbeShell</className>
          <testName>TestCase08.test08</testName>
          <skipped>false</skipped>
          <failedSince>0</failedSince>
        </case>
        <case>
          <duration>29.438</duration>
          <className>TestProbeShell</className>
          <testName>TestCase08.test09</testName>
          <skipped>false</skipped>
          <failedSince>0</failedSince>
        </case>
        <case>
          <duration>21.658</duration>
          <className>TestProbeShell</className>
          <testName>TestCase08.test10</testName>
          <skipped>false</skipped>
          <failedSince>0</failedSince>
        </case>
        <case>
          <duration>77.435</duration>
          <className>TestProbeShell</className>
          <testName>TestCase08.test11</testName>
          <skipped>false</skipped>
          <failedSince>0</failedSince>
        </case>
        <case>
          <duration>13.207</duration>
          <className>TestProbeShell</className>
          <testName>TestCase08.test12</testName>
          <skipped>false</skipped>
          <failedSince>0</failedSince>
        </case>
        <case>
          <duration>14.889</duration>
          <className>TestProbeShell</className>
          <testName>TestCase08.test13</testName>
          <skipped>false</skipped>
          <failedSince>0</failedSince>
        </case>
      </cases>
    </suite>
    <suite>
      <file>/home/jenkins/workspace/Backend/CMC@6/test-results/TEST-cli-TestDecoderDashboards.xml</file>
      <name>cli.TestDecoderDashboards</name>
      <stdout>Test skipped on the Central Manager
.Test skipped on the Central Manager
.Test skipped on the Central Manager
.Test skipped on the Central Manager
.Test skipped on the Central Manager
.</stdout>
      <stderr></stderr>
      <duration>958.614</duration>
      <timestamp>2019-05-07T12:35:28.281109</timestamp>
      <time>0.170</time>
      <enclosingBlocks/>
      <enclosingBlockNames/>
      <cases>
        <case>
          <duration>0.059</duration>
          <className>TestDecoderDashboards</className>
          <testName>TestCase05.test01</testName>
          <skipped>false</skipped>
          <failedSince>0</failedSince>
        </case>
        <case>
          <duration>0.029</duration>
          <className>TestDecoderDashboards</className>
          <testName>TestCase05.test02</testName>
          <skipped>false</skipped>
          <failedSince>0</failedSince>
        </case>
        <case>
          <duration>0.028</duration>
          <className>TestDecoderDashboards</className>
          <testName>TestCase05.test03</testName>
          <skipped>false</skipped>
          <failedSince>0</failedSince>
        </case>
        <case>
          <duration>0.026</duration>
          <className>TestDecoderDashboards</className>
          <testName>TestCase05.test04</testName>
          <skipped>false</skipped>
          <failedSince>0</failedSince>
        </case>
        <case>
          <duration>0.026</duration>
          <className>TestDecoderDashboards</className>
          <testName>TestCase05.test05</testName>
          <skipped>false</skipped>
          <failedSince>0</failedSince>
        </case>
        <case>
          <duration>0.129</duration>
          <className>TestDecoderDashboards</className>
          <testName>TestCase02.test01</testName>
          <skipped>false</skipped>
          <failedSince>0</failedSince>
        </case>
        <case>
          <duration>0.076</duration>
          <className>TestDecoderDashboards</className>
          <testName>TestCase02.test02</testName>
          <skipped>false</skipped>
          <failedSince>0</failedSince>
        </case>
        <case>
          <duration>0.074</duration>
          <className>TestDecoderDashboards</className>
          <testName>TestCase02.test03</testName>
          <skipped>false</skipped>
          <failedSince>0</failedSince>
        </case>
        <case>
          <duration>0.083</duration>
          <className>TestDecoderDashboards</className>
          <testName>TestCase02.test04</testName>
          <skipped>false</skipped>
          <failedSince>0</failedSince>
        </case>
        <case>
          <duration>0.081</duration>
          <className>TestDecoderDashboards</className>
          <testName>TestCase02.test98</testName>
          <skipped>false</skipped>
          <failedSince>0</failedSince>
        </case>
        <case>
          <duration>0.038</duration>
          <className>TestDecoderDashboards</className>
          <testName>TestCase02.test99</testName>
          <skipped>false</skipped>
          <failedSince>0</failedSince>
        </case>
        <case>
          <duration>124.813</duration>
          <className>TestDecoderDashboards</className>
          <testName>TestCase04.test01</testName>
          <skipped>false</skipped>
          <failedSince>0</failedSince>
        </case>
        <case>
          <duration>19.03</duration>
          <className>TestDecoderDashboards</className>
          <testName>TestCase04.test02</testName>
          <skipped>false</skipped>
          <failedSince>0</failedSince>
        </case>
        <case>
          <duration>90.419</duration>
          <className>TestDecoderDashboards</className>
          <testName>TestCase03.test01</testName>
          <skipped>false</skipped>
          <failedSince>0</failedSince>
        </case>
        <case>
          <duration>139.86</duration>
          <className>TestDecoderDashboards</className>
          <testName>TestCase03.test02</testName>
          <skipped>false</skipped>
          <failedSince>0</failedSince>
        </case>
        <case>
          <duration>158.704</duration>
          <className>TestDecoderDashboards</className>
          <testName>TestCase01.test01</testName>
          <skipped>false</skipped>
          <failedSince>0</failedSince>
        </case>
        <case>
          <duration>167.345</duration>
          <className>TestDecoderDashboards</className>
          <testName>TestCase01.test02</testName>
          <skipped>false</skipped>
          <failedSince>0</failedSince>
        </case>
        <case>
          <duration>123.239</duration>
          <className>TestDecoderDashboards</className>
          <testName>TestCase01.test03</testName>
          <skipped>false</skipped>
          <failedSince>0</failedSince>
        </case>
        <case>
          <duration>124.491</duration>
          <className>TestDecoderDashboards</className>
          <testName>TestCase01.test04</testName>
          <skipped>false</skipped>
          <failedSince>0</failedSince>
        </case>
        <case>
          <duration>10.049</duration>
          <className>TestDecoderDashboards</className>
          <testName>TestCase01.test05</testName>
          <skipped>false</skipped>
          <failedSince>0</failedSince>
        </case>
      </cases>
    </suite>
    <suite>
      <file>/home/jenkins/workspace/Backend/CMC/test-results/TEST-cli-TestAAACommon.xml</file>
      <name>cli.TestAAACommon</name>
      <stdout>.......</stdout>
      <stderr></stderr>
      <duration>30.12</duration>
      <timestamp>2019-05-07T12:37:13.135028</timestamp>
      <time>30.120</time>
      <enclosingBlocks/>
      <enclosingBlockNames/>
      <cases>
        <case>
          <duration>23.215</duration>
          <className>TestAAACommon</className>
          <testName>TestCase01.test00</testName>
          <skipped>false</skipped>
          <failedSince>0</failedSince>
        </case>
        <case>
          <duration>0.009</duration>
          <className>TestAAACommon</className>
          <testName>TestCase01.test01</testName>
          <skipped>false</skipped>
          <failedSince>0</failedSince>
        </case>
        <case>
          <duration>0.024</duration>
          <className>TestAAACommon</className>
          <testName>TestCase01.test02</testName>
          <skipped>false</skipped>
          <failedSince>0</failedSince>
        </case>
        <case>
          <duration>0.034</duration>
          <className>TestAAACommon</className>
          <testName>TestCase01.test03</testName>
          <skipped>false</skipped>
          <failedSince>0</failedSince>
        </case>
        <case>
          <duration>0.027</duration>
          <className>TestAAACommon</className>
          <testName>TestCase01.test04</testName>
          <skipped>false</skipped>
          <failedSince>0</failedSince>
        </case>
        <case>
          <duration>0.704</duration>
          <className>TestAAACommon</className>
          <testName>TestCase01.test05</testName>
          <skipped>false</skipped>
          <failedSince>0</failedSince>
        </case>
        <case>
          <duration>6.106</duration>
          <className>TestAAACommon</className>
          <testName>TestCase01.test99</testName>
          <skipped>false</skipped>
          <failedSince>0</failedSince>
        </case>
      </cases>
    </suite>
    <suite>
      <file>/home/jenkins/workspace/Backend/CMC/test-results/TEST-rest-TestRestConfigurableStatsMap.xml</file>
      <name>rest.TestRestConfigurableStatsMap</name>
      <stdout>.............
TestCase01.test14: Enforcement of maximum configurable stats maps
.</stdout>
      <stderr></stderr>
      <duration>80.359</duration>
      <timestamp>2019-05-07T12:36:35.620708</timestamp>
      <time>80.359</time>
      <enclosingBlocks/>
      <enclosingBlockNames/>
      <cases>
        <case>
          <duration>35.775</duration>
          <className>TestRestConfigurableStatsMap</className>
          <testName>TestCase01.test01</testName>
          <skipped>false</skipped>
          <failedSince>0</failedSince>
        </case>
        <case>
          <duration>8.507</duration>
          <className>TestRestConfigurableStatsMap</className>
          <testName>TestCase01.test02</testName>
          <skipped>false</skipped>
          <failedSince>0</failedSince>
        </case>
        <case>
          <duration>5.639</duration>
          <className>TestRestConfigurableStatsMap</className>
          <testName>TestCase01.test03</testName>
          <skipped>false</skipped>
          <failedSince>0</failedSince>
        </case>
        <case>
          <duration>1.023</duration>
          <className>TestRestConfigurableStatsMap</className>
          <testName>TestCase01.test04</testName>
          <skipped>false</skipped>
          <failedSince>0</failedSince>
        </case>
        <case>
          <duration>3.108</duration>
          <className>TestRestConfigurableStatsMap</className>
          <testName>TestCase01.test05</testName>
          <skipped>false</skipped>
          <failedSince>0</failedSince>
        </case>
        <case>
          <duration>2.938</duration>
          <className>TestRestConfigurableStatsMap</className>
          <testName>TestCase01.test06</testName>
          <skipped>false</skipped>
          <failedSince>0</failedSince>
        </case>
        <case>
          <duration>1.318</duration>
          <className>TestRestConfigurableStatsMap</className>
          <testName>TestCase01.test07</testName>
          <skipped>false</skipped>
          <failedSince>0</failedSince>
        </case>
        <case>
          <duration>0.749</duration>
          <className>TestRestConfigurableStatsMap</className>
          <testName>TestCase01.test08</testName>
          <skipped>false</skipped>
          <failedSince>0</failedSince>
        </case>
        <case>
          <duration>7.925</duration>
          <className>TestRestConfigurableStatsMap</className>
          <testName>TestCase01.test09</testName>
          <skipped>false</skipped>
          <failedSince>0</failedSince>
        </case>
        <case>
          <duration>3.575</duration>
          <className>TestRestConfigurableStatsMap</className>
          <testName>TestCase01.test10</testName>
          <skipped>false</skipped>
          <failedSince>0</failedSince>
        </case>
        <case>
          <duration>0.66</duration>
          <className>TestRestConfigurableStatsMap</className>
          <testName>TestCase01.test11</testName>
          <skipped>false</skipped>
          <failedSince>0</failedSince>
        </case>
        <case>
          <duration>3.046</duration>
          <className>TestRestConfigurableStatsMap</className>
          <testName>TestCase01.test12</testName>
          <skipped>false</skipped>
          <failedSince>0</failedSince>
        </case>
        <case>
          <duration>5.062</duration>
          <className>TestRestConfigurableStatsMap</className>
          <testName>TestCase01.test13</testName>
          <skipped>false</skipped>
          <failedSince>0</failedSince>
        </case>
        <case>
          <duration>1.034</duration>
          <className>TestRestConfigurableStatsMap</className>
          <testName>TestCase01.test14</testName>
          <skipped>false</skipped>
          <failedSince>0</failedSince>
        </case>
      </cases>
    </suite>
    <suite>
      <file>/home/jenkins/workspace/Backend/CMC/test-results/TEST-rest-TestRestPnqmSecRules.xml</file>
      <name>rest.TestRestPnqmSecRules</name>
      <stdout>.....</stdout>
      <stderr></stderr>
      <duration>56.356</duration>
      <timestamp>2019-05-07T12:37:09.907354</timestamp>
      <time>56.356</time>
      <enclosingBlocks/>
      <enclosingBlockNames/>
      <cases>
        <case>
          <duration>11.873</duration>
          <className>TestRestPnqmSecRules</className>
          <testName>TestCase01.test01</testName>
          <skipped>false</skipped>
          <failedSince>0</failedSince>
        </case>
        <case>
          <duration>0.077</duration>
          <className>TestRestPnqmSecRules</className>
          <testName>TestCase01.test02</testName>
          <skipped>false</skipped>
          <failedSince>0</failedSince>
        </case>
        <case>
          <duration>1.575</duration>
          <className>TestRestPnqmSecRules</className>
          <testName>TestCase01.test03</testName>
          <skipped>false</skipped>
          <failedSince>0</failedSince>
        </case>
        <case>
          <duration>0.031</duration>
          <className>TestRestPnqmSecRules</className>
          <testName>TestCase01.test04</testName>
          <skipped>false</skipped>
          <failedSince>0</failedSince>
        </case>
        <case>
          <duration>42.8</duration>
          <className>TestRestPnqmSecRules</className>
          <testName>TestCase01.test05</testName>
          <skipped>false</skipped>
          <failedSince>0</failedSince>
        </case>
      </cases>
    </suite>
    <suite>
      <file>/home/jenkins/workspace/Backend/CMC@2/test-results/TEST-cli-TestTraceEvents.xml</file>
      <name>cli.TestTraceEvents</name>
      <stdout>..........Test skipped on the Central Manager
...</stdout>
      <stderr></stderr>
      <duration>85.308</duration>
      <timestamp>2019-05-07T12:36:41.135803</timestamp>
      <time>85.308</time>
      <enclosingBlocks/>
      <enclosingBlockNames/>
      <cases>
        <case>
          <duration>23.47</duration>
          <className>TestTraceEvents</className>
          <testName>TestCase00.test01</testName>
          <skipped>false</skipped>
          <failedSince>0</failedSince>
        </case>
        <case>
          <duration>8.28</duration>
          <className>TestTraceEvents</className>
          <testName>TestCase01.test01</testName>
          <skipped>false</skipped>
          <failedSince>0</failedSince>
        </case>
        <case>
          <duration>3.73</duration>
          <className>TestTraceEvents</className>
          <testName>TestCase01.test02</testName>
          <skipped>false</skipped>
          <failedSince>0</failedSince>
        </case>
        <case>
          <duration>7.16</duration>
          <className>TestTraceEvents</className>
          <testName>TestCase02.test01</testName>
          <skipped>false</skipped>
          <failedSince>0</failedSince>
        </case>
        <case>
          <duration>3.358</duration>
          <className>TestTraceEvents</className>
          <testName>TestCase02.test02</testName>
          <skipped>false</skipped>
          <failedSince>0</failedSince>
        </case>
        <case>
          <duration>5.191</duration>
          <className>TestTraceEvents</className>
          <testName>TestCase02.test03</testName>
          <skipped>false</skipped>
          <failedSince>0</failedSince>
        </case>
        <case>
          <duration>5.52</duration>
          <className>TestTraceEvents</className>
          <testName>TestCase02.test04</testName>
          <skipped>false</skipped>
          <failedSince>0</failedSince>
        </case>
        <case>
          <duration>3.307</duration>
          <className>TestTraceEvents</className>
          <testName>TestCase02.test05</testName>
          <skipped>false</skipped>
          <failedSince>0</failedSince>
        </case>
        <case>
          <duration>5.88</duration>
          <className>TestTraceEvents</className>
          <testName>TestCase02.test06</testName>
          <skipped>false</skipped>
          <failedSince>0</failedSince>
        </case>
        <case>
          <duration>9.459</duration>
          <className>TestTraceEvents</className>
          <testName>TestCase03.test01</testName>
          <skipped>false</skipped>
          <failedSince>0</failedSince>
        </case>
        <case>
          <duration>0.018</duration>
          <className>TestTraceEvents</className>
          <testName>TestCase04.test01</testName>
          <skipped>false</skipped>
          <failedSince>0</failedSince>
        </case>
        <case>
          <duration>3.162</duration>
          <className>TestTraceEvents</className>
          <testName>TestCase04.test02</testName>
          <skipped>false</skipped>
          <failedSince>0</failedSince>
        </case>
        <case>
          <duration>6.773</duration>
          <className>TestTraceEvents</className>
          <testName>TestCase04.test03</testName>
          <skipped>false</skipped>
          <failedSince>0</failedSince>
        </case>
      </cases>
    </suite>
    <suite>
      <file>/home/jenkins/workspace/Backend/CMC/test-results/TEST-cli-TestPnqmSecRules.xml</file>
      <name>cli.TestPnqmSecRules</name>
      <stdout>.......</stdout>
      <stderr></stderr>
      <duration>48.566</duration>
      <timestamp>2019-05-07T12:37:25.905051</timestamp>
      <time>48.566</time>
      <enclosingBlocks/>
      <enclosingBlockNames/>
      <cases>
        <case>
          <duration>16.645</duration>
          <className>TestPnqmSecRules</className>
          <testName>TestCase01.test01</testName>
          <skipped>false</skipped>
          <failedSince>0</failedSince>
        </case>
        <case>
          <duration>0.306</duration>
          <className>TestPnqmSecRules</className>
          <testName>TestCase01.test02</testName>
          <skipped>false</skipped>
          <failedSince>0</failedSince>
        </case>
        <case>
          <duration>0.242</duration>
          <className>TestPnqmSecRules</className>
          <testName>TestCase01.test03</testName>
          <skipped>false</skipped>
          <failedSince>0</failedSince>
        </case>
        <case>
          <duration>0.145</duration>
          <className>TestPnqmSecRules</className>
          <testName>TestCase01.test04</testName>
          <skipped>false</skipped>
          <failedSince>0</failedSince>
        </case>
        <case>
          <duration>18.521</duration>
          <className>TestPnqmSecRules</className>
          <testName>TestCase01.test05</testName>
          <skipped>false</skipped>
          <failedSince>0</failedSince>
        </case>
        <case>
          <duration>9.263</duration>
          <className>TestPnqmSecRules</className>
          <testName>TestCase01.test06</testName>
          <skipped>false</skipped>
          <failedSince>0</failedSince>
        </case>
        <case>
          <duration>3.442</duration>
          <className>TestPnqmSecRules</className>
          <testName>TestCase01.test07</testName>
          <skipped>false</skipped>
          <failedSince>0</failedSince>
        </case>
      </cases>
    </suite>
    <suite>
      <file>/home/jenkins/workspace/Backend/CMC@12/test-results/TEST-cli-TestIpWatchlist.xml</file>
      <name>cli.TestIpWatchlist</name>
      <stdout>
TestCase01.test01: Syntax, help and completion info for top level command &apos;watchlist&apos;
.
TestCase01.test02: Test limit on number of watchlists and counting when creating/deleting
.
TestCase01.test03: Test illegal characters and limit in the watchlist name
.
TestCase01.test04: Shell command to install new watchlist content
.
TestCase01.test05: &apos;show watchlist&apos; command
Test skipped on the Central Manager
.
TestCase01.test07: BQM-42690 watchlist objects must be present in the config prior their use
...[truncated 2595 chars]...
or watchlists to work. Cleans up the resource-usage settings.
Test skipped on the Central Manager
.Test skipped on the Central Manager
.
TestCase08.test01_watchlist_replace_config_ok: [BQM-53530] allow changing definition of metafield when used by class-map during replace-config
Test skipped on the Central Manager
.
TestCase08.test02_watchlist_replace_config_error: [BQM-53530] disallow renaming/deleting metafield when used by class-map during replace-config
Test skipped on the Central Manager
..</stdout>
      <stderr></stderr>
      <duration>124.239</duration>
      <timestamp>2019-05-07T12:36:08.922438</timestamp>
      <time>124.239</time>
      <enclosingBlocks/>
      <enclosingBlockNames/>
      <cases>
        <case>
          <duration>13.702</duration>
          <className>TestIpWatchlist</className>
          <testName>TestCase01.test01</testName>
          <skipped>false</skipped>
          <failedSince>0</failedSince>
        </case>
        <case>
          <duration>7.638</duration>
          <className>TestIpWatchlist</className>
          <testName>TestCase01.test02</testName>
          <skipped>false</skipped>
          <failedSince>0</failedSince>
        </case>
        <case>
          <duration>6.238</duration>
          <className>TestIpWatchlist</className>
          <testName>TestCase01.test03</testName>
          <skipped>false</skipped>
          <failedSince>0</failedSince>
        </case>
        <case>
          <duration>6.377</duration>
          <className>TestIpWatchlist</className>
          <testName>TestCase01.test04</testName>
          <skipped>false</skipped>
          <failedSince>0</failedSince>
        </case>
        <case>
          <duration>0.031</duration>
          <className>TestIpWatchlist</className>
          <testName>TestCase01.test05</testName>
          <skipped>false</skipped>
          <failedSince>0</failedSince>
        </case>
        <case>
          <duration>8.618</duration>
          <className>TestIpWatchlist</className>
          <testName>TestCase01.test07</testName>
          <skipped>false</skipped>
          <failedSince>0</failedSince>
        </case>
        <case>
          <duration>7.202</duration>
          <className>TestIpWatchlist</className>
          <testName>TestCase01.test08</testName>
          <skipped>false</skipped>
          <failedSince>0</failedSince>
        </case>
        <case>
          <duration>0.0</duration>
          <className>TestIpWatchlist</className>
          <testName>TestCase01.test09</testName>
          <skipped>false</skipped>
          <failedSince>0</failedSince>
        </case>
        <case>
          <duration>0.021</duration>
          <className>TestIpWatchlist</className>
          <testName>TestCase01.test10</testName>
          <skipped>false</skipped>
          <failedSince>0</failedSince>
        </case>
        <case>
          <duration>3.225</duration>
          <className>TestIpWatchlist</className>
          <testName>TestCase01.test11</testName>
          <skipped>false</skipped>
          <failedSince>0</failedSince>
        </case>
        <case>
          <duration>0.023</duration>
          <className>TestIpWatchlist</className>
          <testName>TestCase01.test12</testName>
          <skipped>false</skipped>
          <failedSince>0</failedSince>
        </case>
        <case>
          <duration>0.02</duration>
          <className>TestIpWatchlist</className>
          <testName>TestCase01.test13</testName>
          <skipped>false</skipped>
          <failedSince>0</failedSince>
        </case>
        <case>
          <duration>0.022</duration>
          <className>TestIpWatchlist</className>
          <testName>TestCase01.test14</testName>
          <skipped>false</skipped>
          <failedSince>0</failedSince>
        </case>
        <case>
          <duration>0.02</duration>
          <className>TestIpWatchlist</className>
          <testName>TestCase01.test15</testName>
          <skipped>false</skipped>
          <failedSince>0</failedSince>
        </case>
        <case>
          <duration>0.035</duration>
          <className>TestIpWatchlist</className>
          <testName>TestCase01.test16</testName>
          <skipped>false</skipped>
          <failedSince>0</failedSince>
        </case>
        <case>
          <duration>0.023</duration>
          <className>TestIpWatchlist</className>
          <testName>TestCase01.test17</testName>
          <skipped>false</skipped>
          <failedSince>0</failedSince>
        </case>
        <case>
          <duration>0.021</duration>
          <className>TestIpWatchlist</className>
          <testName>TestCase01.test18</testName>
          <skipped>false</skipped>
          <failedSince>0</failedSince>
        </case>
        <case>
          <duration>0.026</duration>
          <className>TestIpWatchlist</className>
          <testName>TestCase01.test19</testName>
          <skipped>false</skipped>
          <failedSince>0</failedSince>
        </case>
        <case>
          <duration>0.022</duration>
          <className>TestIpWatchlist</className>
          <testName>TestCase01.test20</testName>
          <skipped>false</skipped>
          <failedSince>0</failedSince>
        </case>
        <case>
          <duration>0.021</duration>
          <className>TestIpWatchlist</className>
          <testName>TestCase01.test21</testName>
          <skipped>false</skipped>
          <failedSince>0</failedSince>
        </case>
        <case>
          <duration>0.019</duration>
          <className>TestIpWatchlist</className>
          <testName>TestCase02.test01</testName>
          <skipped>false</skipped>
          <failedSince>0</failedSince>
        </case>
        <case>
          <duration>0.681</duration>
          <className>TestIpWatchlist</className>
          <testName>TestCase02.test02</testName>
          <skipped>false</skipped>
          <failedSince>0</failedSince>
        </case>
        <case>
          <duration>0.038</duration>
          <className>TestIpWatchlist</className>
          <testName>TestCase02.test03</testName>
          <skipped>false</skipped>
          <failedSince>0</failedSince>
        </case>
        <case>
          <duration>0.032</duration>
          <className>TestIpWatchlist</className>
          <testName>TestCase02.test04</testName>
          <skipped>false</skipped>
          <failedSince>0</failedSince>
        </case>
        <case>
          <duration>0.031</duration>
          <className>TestIpWatchlist</className>
          <testName>TestCase02.test05</testName>
          <skipped>false</skipped>
          <failedSince>0</failedSince>
        </case>
        <case>
          <duration>0.02</duration>
          <className>TestIpWatchlist</className>
          <testName>TestCase02.test06</testName>
          <skipped>false</skipped>
          <failedSince>0</failedSince>
        </case>
        <case>
          <duration>0.032</duration>
          <className>TestIpWatchlist</className>
          <testName>TestCase02.test07</testName>
          <skipped>false</skipped>
          <failedSince>0</failedSince>
        </case>
        <case>
          <duration>4.276</duration>
          <className>TestIpWatchlist</className>
          <testName>TestCase02.test08</testName>
          <skipped>false</skipped>
          <failedSince>0</failedSince>
        </case>
        <case>
          <duration>0.027</duration>
          <className>TestIpWatchlist</className>
          <testName>TestCase02.test09</testName>
          <skipped>false</skipped>
          <failedSince>0</failedSince>
        </case>
        <case>
          <duration>0.025</duration>
          <className>TestIpWatchlist</className>
          <testName>TestCase02.test10</testName>
          <skipped>false</skipped>
          <failedSince>0</failedSince>
        </case>
        <case>
          <duration>0.022</duration>
          <className>TestIpWatchlist</className>
          <testName>TestCase02.test11</testName>
          <skipped>false</skipped>
          <failedSince>0</failedSince>
        </case>
        <case>
          <duration>0.798</duration>
          <className>TestIpWatchlist</className>
          <testName>TestCase02.test12</testName>
          <skipped>false</skipped>
          <failedSince>0</failedSince>
        </case>
        <case>
          <duration>0.023</duration>
          <className>TestIpWatchlist</className>
          <testName>TestCase02.test13</testName>
          <skipped>false</skipped>
          <failedSince>0</failedSince>
        </case>
        <case>
          <duration>5.855</duration>
          <className>TestIpWatchlist</className>
          <testName>TestCase03.test01</testName>
          <skipped>false</skipped>
          <failedSince>0</failedSince>
        </case>
        <case>
          <duration>2.712</duration>
          <className>TestIpWatchlist</className>
          <testName>TestCase03.test02</testName>
          <skipped>false</skipped>
          <failedSince>0</failedSince>
        </case>
        <case>
          <duration>2.571</duration>
          <className>TestIpWatchlist</className>
          <testName>TestCase03.test03</testName>
          <skipped>false</skipped>
          <failedSince>0</failedSince>
        </case>
        <case>
          <duration>2.442</duration>
          <className>TestIpWatchlist</className>
          <testName>TestCase04.test01</testName>
          <skipped>false</skipped>
          <failedSince>0</failedSince>
        </case>
        <case>
          <duration>0.747</duration>
          <className>TestIpWatchlist</className>
          <testName>TestCase04.test02</testName>
          <skipped>false</skipped>
          <failedSince>0</failedSince>
        </case>
        <case>
          <duration>0.026</duration>
          <className>TestIpWatchlist</className>
          <testName>TestCase04.test03</testName>
          <skipped>false</skipped>
          <failedSince>0</failedSince>
        </case>
        <case>
          <duration>3.011</duration>
          <className>TestIpWatchlist</className>
          <testName>TestCase05.test01</testName>
          <skipped>false</skipped>
          <failedSince>0</failedSince>
        </case>
        <case>
          <duration>0.024</duration>
          <className>TestIpWatchlist</className>
          <testName>TestCase05.test02</testName>
          <skipped>false</skipped>
          <failedSince>0</failedSince>
        </case>
        <case>
          <duration>0.021</duration>
          <className>TestIpWatchlist</className>
          <testName>TestCase05.test03</testName>
          <skipped>false</skipped>
          <failedSince>0</failedSince>
        </case>
        <case>
          <duration>0.021</duration>
          <className>TestIpWatchlist</className>
          <testName>TestCase05.test04</testName>
          <skipped>false</skipped>
          <failedSince>0</failedSince>
        </case>
        <case>
          <duration>0.019</duration>
          <className>TestIpWatchlist</className>
          <testName>TestCase06.test01</testName>
          <skipped>false</skipped>
          <failedSince>0</failedSince>
        </case>
        <case>
          <duration>0.017</duration>
          <className>TestIpWatchlist</className>
          <testName>TestCase06.test02</testName>
          <skipped>false</skipped>
          <failedSince>0</failedSince>
        </case>
        <case>
          <duration>0.018</duration>
          <className>TestIpWatchlist</className>
          <testName>TestCase06.test03</testName>
          <skipped>false</skipped>
          <failedSince>0</failedSince>
        </case>
        <case>
          <duration>0.018</duration>
          <className>TestIpWatchlist</className>
          <testName>TestCase06.test04</testName>
          <skipped>false</skipped>
          <failedSince>0</failedSince>
        </case>
        <case>
          <duration>0.017</duration>
          <className>TestIpWatchlist</className>
          <testName>TestCase06.test05</testName>
          <skipped>false</skipped>
          <failedSince>0</failedSince>
        </case>
        <case>
          <duration>0.016</duration>
          <className>TestIpWatchlist</className>
          <testName>TestCase06.test06</testName>
          <skipped>false</skipped>
          <failedSince>0</failedSince>
        </case>
        <case>
          <duration>0.018</duration>
          <className>TestIpWatchlist</className>
          <testName>TestCase06.test07</testName>
          <skipped>false</skipped>
          <failedSince>0</failedSince>
        </case>
        <case>
          <duration>36.365</duration>
          <className>TestIpWatchlist</className>
          <testName>TestCase06.test08</testName>
          <skipped>false</skipped>
          <failedSince>0</failedSince>
        </case>
        <case>
          <duration>0.025</duration>
          <className>TestIpWatchlist</className>
          <testName>TestCase06.test09</testName>
          <skipped>false</skipped>
          <failedSince>0</failedSince>
        </case>
        <case>
          <duration>0.019</duration>
          <className>TestIpWatchlist</className>
          <testName>TestCase06.test10</testName>
          <skipped>false</skipped>
          <failedSince>0</failedSince>
        </case>
        <case>
          <duration>0.017</duration>
          <className>TestIpWatchlist</className>
          <testName>TestCase06.test99</testName>
          <skipped>false</skipped>
          <failedSince>0</failedSince>
        </case>
        <case>
          <duration>0.018</duration>
          <className>TestIpWatchlist</className>
          <testName>TestCase07.test01</testName>
          <skipped>false</skipped>
          <failedSince>0</failedSince>
        </case>
        <case>
          <duration>0.018</duration>
          <className>TestIpWatchlist</className>
          <testName>TestCase08.test01_watchlist_replace_config_ok</testName>
          <skipped>false</skipped>
          <failedSince>0</failedSince>
        </case>
        <case>
          <duration>0.017</duration>
          <className>TestIpWatchlist</className>
          <testName>TestCase08.test02_watchlist_replace_config_error</testName>
          <skipped>false</skipped>
          <failedSince>0</failedSince>
        </case>
        <case>
          <duration>10.892</duration>
          <className>TestIpWatchlist</className>
          <testName>TestCase08.test03_watchlist_replace_config_with_class_map</testName>
          <skipped>false</skipped>
          <failedSince>0</failedSince>
        </case>
      </cases>
    </suite>
    <suite>
      <file>/home/jenkins/workspace/Backend/CMC@7/test-results/TEST-cli-TestNso.xml</file>
      <name>cli.TestNso</name>
      <stdout>Clearing host config ...
............................................................Test skipped on the Central Manager
..
TestCase12.test01: Completions
.
TestCase12.test02: Cli with DB checks and show checks
...
TestCase12.test05: Check renaming of measures used in policies
.....Test skipped on the Central Manager
...Testing BQM-27761 usage text for less-than
..
TestCase12.test15: Semantic check for non-positive values when using &apos;less-than&apos;
.
TestCase12.test16: BQM-28775 Check that the right
...[truncated 198 chars]...
pped on the Central Manager
.
TestCase13.test02: BQM-27674 Range checking for configurable-statistic-event-policy min-mean-max
.
TestCase13.test03: BQM-27749 less-than not shown in &apos;show channel ... configurable-stats&apos; output
Test skipped on the Central Manager
.
TestCase13.test04: BQM-30526 Verify that timestamp is updated on the stat-event-policy changes
Test skipped on the Central Manager
.
TestCase13.test05: BQM-30907 Verify that 1% of 1 kbps is not zero
Test skipped on the Central Manager
.</stdout>
      <stderr></stderr>
      <duration>99.172</duration>
      <timestamp>2019-05-07T12:36:35.100589</timestamp>
      <time>99.172</time>
      <enclosingBlocks/>
      <enclosingBlockNames/>
      <cases>
        <case>
          <duration>21.569</duration>
          <className>TestNso</className>
          <testName>TestCase00.test01</testName>
          <skipped>false</skipped>
          <failedSince>0</failedSince>
        </case>
        <case>
          <duration>0.019</duration>
          <className>TestNso</className>
          <testName>TestCase01.test01</testName>
          <skipped>false</skipped>
          <failedSince>0</failedSince>
        </case>
        <case>
          <duration>0.02</duration>
          <className>TestNso</className>
          <testName>TestCase01.test02</testName>
          <skipped>false</skipped>
          <failedSince>0</failedSince>
        </case>
        <case>
          <duration>0.01</duration>
          <className>TestNso</className>
          <testName>TestCase01.test03</testName>
          <skipped>false</skipped>
          <failedSince>0</failedSince>
        </case>
        <case>
          <duration>0.035</duration>
          <className>TestNso</className>
          <testName>TestCase01.test04</testName>
          <skipped>false</skipped>
          <failedSince>0</failedSince>
        </case>
        <case>
          <duration>3.811</duration>
          <className>TestNso</className>
          <testName>TestCase01.test05</testName>
          <skipped>false</skipped>
          <failedSince>0</failedSince>
        </case>
        <case>
          <duration>7.762</duration>
          <className>TestNso</className>
          <testName>TestCase02.test01</testName>
          <skipped>false</skipped>
          <failedSince>0</failedSince>
        </case>
        <case>
          <duration>0.151</duration>
          <className>TestNso</className>
          <testName>TestCase02.test02</testName>
          <skipped>false</skipped>
          <failedSince>0</failedSince>
        </case>
        <case>
          <duration>0.126</duration>
          <className>TestNso</className>
          <testName>TestCase02.test03</testName>
          <skipped>false</skipped>
          <failedSince>0</failedSince>
        </case>
        <case>
          <duration>0.498</duration>
          <className>TestNso</className>
          <testName>TestCase02.test04</testName>
          <skipped>false</skipped>
          <failedSince>0</failedSince>
        </case>
        <case>
          <duration>0.288</duration>
          <className>TestNso</className>
          <testName>TestCase02.test05</testName>
          <skipped>false</skipped>
          <failedSince>0</failedSince>
        </case>
        <case>
          <duration>0.203</duration>
          <className>TestNso</className>
          <testName>TestCase02.test06</testName>
          <skipped>false</skipped>
          <failedSince>0</failedSince>
        </case>
        <case>
          <duration>0.413</duration>
          <className>TestNso</className>
          <testName>TestCase02.test07</testName>
          <skipped>false</skipped>
          <failedSince>0</failedSince>
        </case>
        <case>
          <duration>0.166</duration>
          <className>TestNso</className>
          <testName>TestCase02.test08</testName>
          <skipped>false</skipped>
          <failedSince>0</failedSince>
        </case>
        <case>
          <duration>0.041</duration>
          <className>TestNso</className>
          <testName>TestCase02.test09</testName>
          <skipped>false</skipped>
          <failedSince>0</failedSince>
        </case>
        <case>
          <duration>0.249</duration>
          <className>TestNso</className>
          <testName>TestCase02.test10</testName>
          <skipped>false</skipped>
          <failedSince>0</failedSince>
        </case>
        <case>
          <duration>0.267</duration>
          <className>TestNso</className>
          <testName>TestCase02.test11</testName>
          <skipped>false</skipped>
          <failedSince>0</failedSince>
        </case>
        <case>
          <duration>0.014</duration>
          <className>TestNso</className>
          <testName>TestCase02.test12</testName>
          <skipped>false</skipped>
          <failedSince>0</failedSince>
        </case>
        <case>
          <duration>0.198</duration>
          <className>TestNso</className>
          <testName>TestCase03.test01</testName>
          <skipped>false</skipped>
          <failedSince>0</failedSince>
        </case>
        <case>
          <duration>0.272</duration>
          <className>TestNso</className>
          <testName>TestCase04.test01</testName>
          <skipped>false</skipped>
          <failedSince>0</failedSince>
        </case>
        <case>
          <duration>0.101</duration>
          <className>TestNso</className>
          <testName>TestCase04.test02</testName>
          <skipped>false</skipped>
          <failedSince>0</failedSince>
        </case>
        <case>
          <duration>0.123</duration>
          <className>TestNso</className>
          <testName>TestCase05.test01</testName>
          <skipped>false</skipped>
          <failedSince>0</failedSince>
        </case>
        <case>
          <duration>0.086</duration>
          <className>TestNso</className>
          <testName>TestCase05.test02</testName>
          <skipped>false</skipped>
          <failedSince>0</failedSince>
        </case>
        <case>
          <duration>0.054</duration>
          <className>TestNso</className>
          <testName>TestCase05.test03</testName>
          <skipped>false</skipped>
          <failedSince>0</failedSince>
        </case>
        <case>
          <duration>0.163</duration>
          <className>TestNso</className>
          <testName>TestCase05.test04</testName>
          <skipped>false</skipped>
          <failedSince>0</failedSince>
        </case>
        <case>
          <duration>0.022</duration>
          <className>TestNso</className>
          <testName>TestCase06.test01</testName>
          <skipped>false</skipped>
          <failedSince>0</failedSince>
        </case>
        <case>
          <duration>0.15</duration>
          <className>TestNso</className>
          <testName>TestCase06.test02</testName>
          <skipped>false</skipped>
          <failedSince>0</failedSince>
        </case>
        <case>
          <duration>0.068</duration>
          <className>TestNso</className>
          <testName>TestCase06.test03</testName>
          <skipped>false</skipped>
          <failedSince>0</failedSince>
        </case>
        <case>
          <duration>0.091</duration>
          <className>TestNso</className>
          <testName>TestCase06.test04</testName>
          <skipped>false</skipped>
          <failedSince>0</failedSince>
        </case>
        <case>
          <duration>0.12</duration>
          <className>TestNso</className>
          <testName>TestCase06.test05</testName>
          <skipped>false</skipped>
          <failedSince>0</failedSince>
        </case>
        <case>
          <duration>0.041</duration>
          <className>TestNso</className>
          <testName>TestCase06.test06</testName>
          <skipped>false</skipped>
          <failedSince>0</failedSince>
        </case>
        <case>
          <duration>0.093</duration>
          <className>TestNso</className>
          <testName>TestCase06.test07</testName>
          <skipped>false</skipped>
          <failedSince>0</failedSince>
        </case>
        <case>
          <duration>0.023</duration>
          <className>TestNso</className>
          <testName>TestCase06.test08</testName>
          <skipped>false</skipped>
          <failedSince>0</failedSince>
        </case>
        <case>
          <duration>0.135</duration>
          <className>TestNso</className>
          <testName>TestCase06.test09</testName>
          <skipped>false</skipped>
          <failedSince>0</failedSince>
        </case>
        <case>
          <duration>0.19</duration>
          <className>TestNso</className>
          <testName>TestCase06.test10</testName>
          <skipped>false</skipped>
          <failedSince>0</failedSince>
        </case>
        <case>
          <duration>0.021</duration>
          <className>TestNso</className>
          <testName>TestCase07.test01</testName>
          <skipped>false</skipped>
          <failedSince>0</failedSince>
        </case>
        <case>
          <duration>0.004</duration>
          <className>TestNso</className>
          <testName>TestCase07.test02</testName>
          <skipped>false</skipped>
          <failedSince>0</failedSince>
        </case>
        <case>
          <duration>0.061</duration>
          <className>TestNso</className>
          <testName>TestCase07.test03</testName>
          <skipped>false</skipped>
          <failedSince>0</failedSince>
        </case>
        <case>
          <duration>0.024</duration>
          <className>TestNso</className>
          <testName>TestCase08.test01</testName>
          <skipped>false</skipped>
          <failedSince>0</failedSince>
        </case>
        <case>
          <duration>0.173</duration>
          <className>TestNso</className>
          <testName>TestCase08.test02</testName>
          <skipped>false</skipped>
          <failedSince>0</failedSince>
        </case>
        <case>
          <duration>0.128</duration>
          <className>TestNso</className>
          <testName>TestCase08.test03</testName>
          <skipped>false</skipped>
          <failedSince>0</failedSince>
        </case>
        <case>
          <duration>0.306</duration>
          <className>TestNso</className>
          <testName>TestCase08.test04</testName>
          <skipped>false</skipped>
          <failedSince>0</failedSince>
        </case>
        <case>
          <duration>0.103</duration>
          <className>TestNso</className>
          <testName>TestCase08.test05</testName>
          <skipped>false</skipped>
          <failedSince>0</failedSince>
        </case>
        <case>
          <duration>0.022</duration>
          <className>TestNso</className>
          <testName>TestCase09.test01</testName>
          <skipped>false</skipped>
          <failedSince>0</failedSince>
        </case>
        <case>
          <duration>0.021</duration>
          <className>TestNso</className>
          <testName>TestCase09.test02</testName>
          <skipped>false</skipped>
          <failedSince>0</failedSince>
        </case>
        <case>
          <duration>0.024</duration>
          <className>TestNso</className>
          <testName>TestCase09.test03</testName>
          <skipped>false</skipped>
          <failedSince>0</failedSince>
        </case>
        <case>
          <duration>0.026</duration>
          <className>TestNso</className>
          <testName>TestCase09.test04</testName>
          <skipped>false</skipped>
          <failedSince>0</failedSince>
        </case>
        <case>
          <duration>0.023</duration>
          <className>TestNso</className>
          <testName>TestCase09.test05</testName>
          <skipped>false</skipped>
          <failedSince>0</failedSince>
        </case>
        <case>
          <duration>0.047</duration>
          <className>TestNso</className>
          <testName>TestCase09.test06</testName>
          <skipped>false</skipped>
          <failedSince>0</failedSince>
        </case>
        <case>
          <duration>0.019</duration>
          <className>TestNso</className>
          <testName>TestCase09.test07</testName>
          <skipped>false</skipped>
          <failedSince>0</failedSince>
        </case>
        <case>
          <duration>0.022</duration>
          <className>TestNso</className>
          <testName>TestCase09.test08</testName>
          <skipped>false</skipped>
          <failedSince>0</failedSince>
        </case>
        <case>
          <duration>0.02</duration>
          <className>TestNso</className>
          <testName>TestCase09.test09</testName>
          <skipped>false</skipped>
          <failedSince>0</failedSince>
        </case>
        <case>
          <duration>0.05</duration>
          <className>TestNso</className>
          <testName>TestCase09.test10</testName>
          <skipped>false</skipped>
          <failedSince>0</failedSince>
        </case>
        <case>
          <duration>0.053</duration>
          <className>TestNso</className>
          <testName>TestCase09.test11</testName>
          <skipped>false</skipped>
          <failedSince>0</failedSince>
        </case>
        <case>
          <duration>0.08</duration>
          <className>TestNso</className>
          <testName>TestCase09.test12</testName>
          <skipped>false</skipped>
          <failedSince>0</failedSince>
        </case>
        <case>
          <duration>0.039</duration>
          <className>TestNso</className>
          <testName>TestCase10.test01</testName>
          <skipped>false</skipped>
          <failedSince>0</failedSince>
        </case>
        <case>
          <duration>0.015</duration>
          <className>TestNso</className>
          <testName>TestCase10.test02</testName>
          <skipped>false</skipped>
          <failedSince>0</failedSince>
        </case>
        <case>
          <duration>2.911</duration>
          <className>TestNso</className>
          <testName>TestCase11.test01</testName>
          <skipped>false</skipped>
          <failedSince>0</failedSince>
        </case>
        <case>
          <duration>0.81</duration>
          <className>TestNso</className>
          <testName>TestCase11.test02</testName>
          <skipped>false</skipped>
          <failedSince>0</failedSince>
        </case>
        <case>
          <duration>2.846</duration>
          <className>TestNso</className>
          <testName>TestCase11.test03</testName>
          <skipped>false</skipped>
          <failedSince>0</failedSince>
        </case>
        <case>
          <duration>0.019</duration>
          <className>TestNso</className>
          <testName>TestCase11.test04</testName>
          <skipped>false</skipped>
          <failedSince>0</failedSince>
        </case>
        <case>
          <duration>3.825</duration>
          <className>TestNso</className>
          <testName>TestCase11.test05</testName>
          <skipped>false</skipped>
          <failedSince>0</failedSince>
        </case>
        <case>
          <duration>3.102</duration>
          <className>TestNso</className>
          <testName>TestCase12.test01</testName>
          <skipped>false</skipped>
          <failedSince>0</failedSince>
        </case>
        <case>
          <duration>3.906</duration>
          <className>TestNso</className>
          <testName>TestCase12.test02</testName>
          <skipped>false</skipped>
          <failedSince>0</failedSince>
        </case>
        <case>
          <duration>3.353</duration>
          <className>TestNso</className>
          <testName>TestCase12.test03</testName>
          <skipped>false</skipped>
          <failedSince>0</failedSince>
        </case>
        <case>
          <duration>1.076</duration>
          <className>TestNso</className>
          <testName>TestCase12.test04</testName>
          <skipped>false</skipped>
          <failedSince>0</failedSince>
        </case>
        <case>
          <duration>2.858</duration>
          <className>TestNso</className>
          <testName>TestCase12.test05</testName>
          <skipped>false</skipped>
          <failedSince>0</failedSince>
        </case>
        <case>
          <duration>3.677</duration>
          <className>TestNso</className>
          <testName>TestCase12.test06</testName>
          <skipped>false</skipped>
          <failedSince>0</failedSince>
        </case>
        <case>
          <duration>0.763</duration>
          <className>TestNso</className>
          <testName>TestCase12.test07</testName>
          <skipped>false</skipped>
          <failedSince>0</failedSince>
        </case>
        <case>
          <duration>2.314</duration>
          <className>TestNso</className>
          <testName>TestCase12.test08</testName>
          <skipped>false</skipped>
          <failedSince>0</failedSince>
        </case>
        <case>
          <duration>3.238</duration>
          <className>TestNso</className>
          <testName>TestCase12.test09</testName>
          <skipped>false</skipped>
          <failedSince>0</failedSince>
        </case>
        <case>
          <duration>0.016</duration>
          <className>TestNso</className>
          <testName>TestCase12.test10</testName>
          <skipped>false</skipped>
          <failedSince>0</failedSince>
        </case>
        <case>
          <duration>0.114</duration>
          <className>TestNso</className>
          <testName>TestCase12.test11</testName>
          <skipped>false</skipped>
          <failedSince>0</failedSince>
        </case>
        <case>
          <duration>0.815</duration>
          <className>TestNso</className>
          <testName>TestCase12.test12</testName>
          <skipped>false</skipped>
          <failedSince>0</failedSince>
        </case>
        <case>
          <duration>0.098</duration>
          <className>TestNso</className>
          <testName>TestCase12.test13</testName>
          <skipped>false</skipped>
          <failedSince>0</failedSince>
        </case>
        <case>
          <duration>0.845</duration>
          <className>TestNso</className>
          <testName>TestCase12.test14</testName>
          <skipped>false</skipped>
          <failedSince>0</failedSince>
        </case>
        <case>
          <duration>0.875</duration>
          <className>TestNso</className>
          <testName>TestCase12.test15</testName>
          <skipped>false</skipped>
          <failedSince>0</failedSince>
        </case>
        <case>
          <duration>1.711</duration>
          <className>TestNso</className>
          <testName>TestCase12.test16</testName>
          <skipped>false</skipped>
          <failedSince>0</failedSince>
        </case>
        <case>
          <duration>8.972</duration>
          <className>TestNso</className>
          <testName>TestCase12.test17</testName>
          <skipped>false</skipped>
          <failedSince>0</failedSince>
        </case>
        <case>
          <duration>0.137</duration>
          <className>TestNso</className>
          <testName>TestCase12.test18</testName>
          <skipped>false</skipped>
          <failedSince>0</failedSince>
        </case>
        <case>
          <duration>0.031</duration>
          <className>TestNso</className>
          <testName>TestCase13.test01</testName>
          <skipped>false</skipped>
          <failedSince>0</failedSince>
        </case>
        <case>
          <duration>11.829</duration>
          <className>TestNso</className>
          <testName>TestCase13.test02</testName>
          <skipped>false</skipped>
          <failedSince>0</failedSince>
        </case>
        <case>
          <duration>0.028</duration>
          <className>TestNso</className>
          <testName>TestCase13.test03</testName>
          <skipped>false</skipped>
          <failedSince>0</failedSince>
        </case>
        <case>
          <duration>0.033</duration>
          <className>TestNso</className>
          <testName>TestCase13.test04</testName>
          <skipped>false</skipped>
          <failedSince>0</failedSince>
        </case>
        <case>
          <duration>0.042</duration>
          <className>TestNso</className>
          <testName>TestCase13.test05</testName>
          <skipped>false</skipped>
          <failedSince>0</failedSince>
        </case>
      </cases>
    </suite>
    <suite>
      <file>/home/jenkins/workspace/Backend/CMC@3/test-results/TEST-cli-TestRadius.xml</file>
      <name>cli.TestRadius</name>
      <stdout>..............................</stdout>
      <stderr></stderr>
      <duration>96.555</duration>
      <timestamp>2019-05-07T12:36:43.710932</timestamp>
      <time>96.555</time>
      <enclosingBlocks/>
      <enclosingBlockNames/>
      <cases>
        <case>
          <duration>13.726</duration>
          <className>TestRadius</className>
          <testName>TestCase01.test00</testName>
          <skipped>false</skipped>
          <failedSince>0</failedSince>
        </case>
        <case>
          <duration>0.01</duration>
          <className>TestRadius</className>
          <testName>TestCase01.test01</testName>
          <skipped>false</skipped>
          <failedSince>0</failedSince>
        </case>
        <case>
          <duration>0.185</duration>
          <className>TestRadius</className>
          <testName>TestCase01.test02</testName>
          <skipped>false</skipped>
          <failedSince>0</failedSince>
        </case>
        <case>
          <duration>0.175</duration>
          <className>TestRadius</className>
          <testName>TestCase01.test03</testName>
          <skipped>false</skipped>
          <failedSince>0</failedSince>
        </case>
        <case>
          <duration>0.232</duration>
          <className>TestRadius</className>
          <testName>TestCase01.test99</testName>
          <skipped>false</skipped>
          <failedSince>0</failedSince>
        </case>
        <case>
          <duration>8.317</duration>
          <className>TestRadius</className>
          <testName>TestCase02.test00</testName>
          <skipped>false</skipped>
          <failedSince>0</failedSince>
        </case>
        <case>
          <duration>0.103</duration>
          <className>TestRadius</className>
          <testName>TestCase02.test01</testName>
          <skipped>false</skipped>
          <failedSince>0</failedSince>
        </case>
        <case>
          <duration>0.134</duration>
          <className>TestRadius</className>
          <testName>TestCase02.test02</testName>
          <skipped>false</skipped>
          <failedSince>0</failedSince>
        </case>
        <case>
          <duration>0.235</duration>
          <className>TestRadius</className>
          <testName>TestCase02.test99</testName>
          <skipped>false</skipped>
          <failedSince>0</failedSince>
        </case>
        <case>
          <duration>9.988</duration>
          <className>TestRadius</className>
          <testName>TestCase03.test00</testName>
          <skipped>false</skipped>
          <failedSince>0</failedSince>
        </case>
        <case>
          <duration>0.109</duration>
          <className>TestRadius</className>
          <testName>TestCase03.test01</testName>
          <skipped>false</skipped>
          <failedSince>0</failedSince>
        </case>
        <case>
          <duration>0.121</duration>
          <className>TestRadius</className>
          <testName>TestCase03.test02</testName>
          <skipped>false</skipped>
          <failedSince>0</failedSince>
        </case>
        <case>
          <duration>0.201</duration>
          <className>TestRadius</className>
          <testName>TestCase03.test03</testName>
          <skipped>false</skipped>
          <failedSince>0</failedSince>
        </case>
        <case>
          <duration>0.096</duration>
          <className>TestRadius</className>
          <testName>TestCase03.test04</testName>
          <skipped>false</skipped>
          <failedSince>0</failedSince>
        </case>
        <case>
          <duration>6.172</duration>
          <className>TestRadius</className>
          <testName>TestCase04.test00</testName>
          <skipped>false</skipped>
          <failedSince>0</failedSince>
        </case>
        <case>
          <duration>0.054</duration>
          <className>TestRadius</className>
          <testName>TestCase04.test01</testName>
          <skipped>false</skipped>
          <failedSince>0</failedSince>
        </case>
        <case>
          <duration>0.217</duration>
          <className>TestRadius</className>
          <testName>TestCase04.test02</testName>
          <skipped>false</skipped>
          <failedSince>0</failedSince>
        </case>
        <case>
          <duration>0.192</duration>
          <className>TestRadius</className>
          <testName>TestCase04.test04</testName>
          <skipped>false</skipped>
          <failedSince>0</failedSince>
        </case>
        <case>
          <duration>6.098</duration>
          <className>TestRadius</className>
          <testName>TestCase05.test00</testName>
          <skipped>false</skipped>
          <failedSince>0</failedSince>
        </case>
        <case>
          <duration>0.167</duration>
          <className>TestRadius</className>
          <testName>TestCase05.test01</testName>
          <skipped>false</skipped>
          <failedSince>0</failedSince>
        </case>
        <case>
          <duration>0.26</duration>
          <className>TestRadius</className>
          <testName>TestCase05.test02</testName>
          <skipped>false</skipped>
          <failedSince>0</failedSince>
        </case>
        <case>
          <duration>1.032</duration>
          <className>TestRadius</className>
          <testName>TestCase05.test03</testName>
          <skipped>false</skipped>
          <failedSince>0</failedSince>
        </case>
        <case>
          <duration>2.027</duration>
          <className>TestRadius</className>
          <testName>TestCase05.test04</testName>
          <skipped>false</skipped>
          <failedSince>0</failedSince>
        </case>
        <case>
          <duration>6.031</duration>
          <className>TestRadius</className>
          <testName>TestCase06.test01</testName>
          <skipped>false</skipped>
          <failedSince>0</failedSince>
        </case>
        <case>
          <duration>3.111</duration>
          <className>TestRadius</className>
          <testName>TestCase06.test02</testName>
          <skipped>false</skipped>
          <failedSince>0</failedSince>
        </case>
        <case>
          <duration>3.371</duration>
          <className>TestRadius</className>
          <testName>TestCase06.test03</testName>
          <skipped>false</skipped>
          <failedSince>0</failedSince>
        </case>
        <case>
          <duration>3.392</duration>
          <className>TestRadius</className>
          <testName>TestCase06.test04</testName>
          <skipped>false</skipped>
          <failedSince>0</failedSince>
        </case>
        <case>
          <duration>0.331</duration>
          <className>TestRadius</className>
          <testName>TestCase07.test01</testName>
          <skipped>false</skipped>
          <failedSince>0</failedSince>
        </case>
        <case>
          <duration>28.13</duration>
          <className>TestRadius</className>
          <testName>TestCase07.test02</testName>
          <skipped>false</skipped>
          <failedSince>0</failedSince>
        </case>
        <case>
          <duration>2.334</duration>
          <className>TestRadius</className>
          <testName>TestCase08.test01</testName>
          <skipped>false</skipped>
          <failedSince>0</failedSince>
        </case>
      </cases>
    </suite>
    <suite>
      <file>/home/jenkins/workspace/Backend/CMC@2/test-results/TEST-cli-TestTacacs.xml</file>
      <name>cli.TestTacacs</name>
      <stdout>..................................</stdout>
      <stderr></stderr>
      <duration>78.534</duration>
      <timestamp>2019-05-07T12:37:06.445643</timestamp>
      <time>78.534</time>
      <enclosingBlocks/>
      <enclosingBlockNames/>
      <cases>
        <case>
          <duration>13.871</duration>
          <className>TestTacacs</className>
          <testName>TestCase01.test00</testName>
          <skipped>false</skipped>
          <failedSince>0</failedSince>
        </case>
        <case>
          <duration>0.059</duration>
          <className>TestTacacs</className>
          <testName>TestCase01.test01</testName>
          <skipped>false</skipped>
          <failedSince>0</failedSince>
        </case>
        <case>
          <duration>0.354</duration>
          <className>TestTacacs</className>
          <testName>TestCase01.test02</testName>
          <skipped>false</skipped>
          <failedSince>0</failedSince>
        </case>
        <case>
          <duration>0.236</duration>
          <className>TestTacacs</className>
          <testName>TestCase01.test03</testName>
          <skipped>false</skipped>
          <failedSince>0</failedSince>
        </case>
        <case>
          <duration>0.298</duration>
          <className>TestTacacs</className>
          <testName>TestCase01.test04</testName>
          <skipped>false</skipped>
          <failedSince>0</failedSince>
        </case>
        <case>
          <duration>0.247</duration>
          <className>TestTacacs</className>
          <testName>TestCase01.test99</testName>
          <skipped>false</skipped>
          <failedSince>0</failedSince>
        </case>
        <case>
          <duration>8.354</duration>
          <className>TestTacacs</className>
          <testName>TestCase02.test00</testName>
          <skipped>false</skipped>
          <failedSince>0</failedSince>
        </case>
        <case>
          <duration>0.252</duration>
          <className>TestTacacs</className>
          <testName>TestCase02.test01</testName>
          <skipped>false</skipped>
          <failedSince>0</failedSince>
        </case>
        <case>
          <duration>0.311</duration>
          <className>TestTacacs</className>
          <testName>TestCase02.test02</testName>
          <skipped>false</skipped>
          <failedSince>0</failedSince>
        </case>
        <case>
          <duration>0.287</duration>
          <className>TestTacacs</className>
          <testName>TestCase02.test03</testName>
          <skipped>false</skipped>
          <failedSince>0</failedSince>
        </case>
        <case>
          <duration>0.619</duration>
          <className>TestTacacs</className>
          <testName>TestCase02.test99</testName>
          <skipped>false</skipped>
          <failedSince>0</failedSince>
        </case>
        <case>
          <duration>8.218</duration>
          <className>TestTacacs</className>
          <testName>TestCase03.test00</testName>
          <skipped>false</skipped>
          <failedSince>0</failedSince>
        </case>
        <case>
          <duration>0.204</duration>
          <className>TestTacacs</className>
          <testName>TestCase03.test01</testName>
          <skipped>false</skipped>
          <failedSince>0</failedSince>
        </case>
        <case>
          <duration>0.115</duration>
          <className>TestTacacs</className>
          <testName>TestCase03.test02</testName>
          <skipped>false</skipped>
          <failedSince>0</failedSince>
        </case>
        <case>
          <duration>0.494</duration>
          <className>TestTacacs</className>
          <testName>TestCase03.test03</testName>
          <skipped>false</skipped>
          <failedSince>0</failedSince>
        </case>
        <case>
          <duration>2.363</duration>
          <className>TestTacacs</className>
          <testName>TestCase03.test04</testName>
          <skipped>false</skipped>
          <failedSince>0</failedSince>
        </case>
        <case>
          <duration>0.519</duration>
          <className>TestTacacs</className>
          <testName>TestCase03.test05</testName>
          <skipped>false</skipped>
          <failedSince>0</failedSince>
        </case>
        <case>
          <duration>5.478</duration>
          <className>TestTacacs</className>
          <testName>TestCase04.test00</testName>
          <skipped>false</skipped>
          <failedSince>0</failedSince>
        </case>
        <case>
          <duration>0.077</duration>
          <className>TestTacacs</className>
          <testName>TestCase04.test01</testName>
          <skipped>false</skipped>
          <failedSince>0</failedSince>
        </case>
        <case>
          <duration>0.063</duration>
          <className>TestTacacs</className>
          <testName>TestCase04.test02</testName>
          <skipped>false</skipped>
          <failedSince>0</failedSince>
        </case>
        <case>
          <duration>0.068</duration>
          <className>TestTacacs</className>
          <testName>TestCase04.test03</testName>
          <skipped>false</skipped>
          <failedSince>0</failedSince>
        </case>
        <case>
          <duration>0.244</duration>
          <className>TestTacacs</className>
          <testName>TestCase04.test04</testName>
          <skipped>false</skipped>
          <failedSince>0</failedSince>
        </case>
        <case>
          <duration>3.327</duration>
          <className>TestTacacs</className>
          <testName>TestCase05.test00</testName>
          <skipped>false</skipped>
          <failedSince>0</failedSince>
        </case>
        <case>
          <duration>0.194</duration>
          <className>TestTacacs</className>
          <testName>TestCase05.test01</testName>
          <skipped>false</skipped>
          <failedSince>0</failedSince>
        </case>
        <case>
          <duration>0.297</duration>
          <className>TestTacacs</className>
          <testName>TestCase05.test02</testName>
          <skipped>false</skipped>
          <failedSince>0</failedSince>
        </case>
        <case>
          <duration>1.053</duration>
          <className>TestTacacs</className>
          <testName>TestCase05.test03</testName>
          <skipped>false</skipped>
          <failedSince>0</failedSince>
        </case>
        <case>
          <duration>0.297</duration>
          <className>TestTacacs</className>
          <testName>TestCase05.test04</testName>
          <skipped>false</skipped>
          <failedSince>0</failedSince>
        </case>
        <case>
          <duration>12.247</duration>
          <className>TestTacacs</className>
          <testName>TestCase06.test01</testName>
          <skipped>false</skipped>
          <failedSince>0</failedSince>
        </case>
        <case>
          <duration>3.385</duration>
          <className>TestTacacs</className>
          <testName>TestCase06.test02</testName>
          <skipped>false</skipped>
          <failedSince>0</failedSince>
        </case>
        <case>
          <duration>4.102</duration>
          <className>TestTacacs</className>
          <testName>TestCase06.test03</testName>
          <skipped>false</skipped>
          <failedSince>0</failedSince>
        </case>
        <case>
          <duration>4.098</duration>
          <className>TestTacacs</className>
          <testName>TestCase06.test04</testName>
          <skipped>false</skipped>
          <failedSince>0</failedSince>
        </case>
        <case>
          <duration>4.212</duration>
          <className>TestTacacs</className>
          <testName>TestCase06.test05</testName>
          <skipped>false</skipped>
          <failedSince>0</failedSince>
        </case>
        <case>
          <duration>0.582</duration>
          <className>TestTacacs</className>
          <testName>TestCase07.test01</testName>
          <skipped>false</skipped>
          <failedSince>0</failedSince>
        </case>
        <case>
          <duration>2.007</duration>
          <className>TestTacacs</className>
          <testName>TestCase07.test02</testName>
          <skipped>false</skipped>
          <failedSince>0</failedSince>
        </case>
      </cases>
    </suite>
    <suite>
      <file>/home/jenkins/workspace/Backend/CMC@2/test-results/TEST-cli-TestBusinessEventFeed.xml</file>
      <name>cli.TestBusinessEventFeed</name>
      <stdout>
TestCase01.test01: basics
.
TestCase01.test02: description
.
TestCase01.test03: publishing
.
TestCase01.test04
.
TestCase01.test06: event
.
TestCase01.test07: mapping-rule
.
TestCase01.test08: rename events, mapping-rules and summary-tables
.
TestCase01.test09: include channel
.
TestCase01.test10: generate-event
..
TestCase01.test12: mapping-rule: order
.
TestCase01.test13: mapping-rule: order after restarting probed
.
TestCase01.test14: Disconnect
Test skipped on the Central Manager
.
TestCase
...[truncated 11104 chars]...
e Central Manager
.Test skipped on the Central Manager
.Test skipped on the Central Manager
.Test skipped on the Central Manager
.Test skipped on the Central Manager
.Test skipped on the Central Manager
.Test skipped on the Central Manager
.Test skipped on the Central Manager
.Test skipped on the Central Manager
.Test skipped on the Central Manager
.Test skipped on the Central Manager
.Test skipped on the Central Manager
.Test skipped on the Central Manager
.Test skipped on the Central Manager
.</stdout>
      <stderr></stderr>
      <duration>211.181</duration>
      <timestamp>2019-05-07T12:35:02.624014</timestamp>
      <time>211.181</time>
      <enclosingBlocks/>
      <enclosingBlockNames/>
      <cases>
        <case>
          <duration>19.016</duration>
          <className>TestBusinessEventFeed</className>
          <testName>TestCase01.test01</testName>
          <skipped>false</skipped>
          <failedSince>0</failedSince>
        </case>
        <case>
          <duration>0.099</duration>
          <className>TestBusinessEventFeed</className>
          <testName>TestCase01.test02</testName>
          <skipped>false</skipped>
          <failedSince>0</failedSince>
        </case>
        <case>
          <duration>0.281</duration>
          <className>TestBusinessEventFeed</className>
          <testName>TestCase01.test03</testName>
          <skipped>false</skipped>
          <failedSince>0</failedSince>
        </case>
        <case>
          <duration>0.029</duration>
          <className>TestBusinessEventFeed</className>
          <testName>TestCase01.test04</testName>
          <skipped>false</skipped>
          <failedSince>0</failedSince>
        </case>
        <case>
          <duration>0.084</duration>
          <className>TestBusinessEventFeed</className>
          <testName>TestCase01.test06</testName>
          <skipped>false</skipped>
          <failedSince>0</failedSince>
        </case>
        <case>
          <duration>0.048</duration>
          <className>TestBusinessEventFeed</className>
          <testName>TestCase01.test07</testName>
          <skipped>false</skipped>
          <failedSince>0</failedSince>
        </case>
        <case>
          <duration>0.235</duration>
          <className>TestBusinessEventFeed</className>
          <testName>TestCase01.test08</testName>
          <skipped>false</skipped>
          <failedSince>0</failedSince>
        </case>
        <case>
          <duration>1.27</duration>
          <className>TestBusinessEventFeed</className>
          <testName>TestCase01.test09</testName>
          <skipped>false</skipped>
          <failedSince>0</failedSince>
        </case>
        <case>
          <duration>0.335</duration>
          <className>TestBusinessEventFeed</className>
          <testName>TestCase01.test10</testName>
          <skipped>false</skipped>
          <failedSince>0</failedSince>
        </case>
        <case>
          <duration>0.268</duration>
          <className>TestBusinessEventFeed</className>
          <testName>TestCase01.test11</testName>
          <skipped>false</skipped>
          <failedSince>0</failedSince>
        </case>
        <case>
          <duration>0.146</duration>
          <className>TestBusinessEventFeed</className>
          <testName>TestCase01.test12</testName>
          <skipped>false</skipped>
          <failedSince>0</failedSince>
        </case>
        <case>
          <duration>0.07</duration>
          <className>TestBusinessEventFeed</className>
          <testName>TestCase01.test13</testName>
          <skipped>false</skipped>
          <failedSince>0</failedSince>
        </case>
        <case>
          <duration>0.027</duration>
          <className>TestBusinessEventFeed</className>
          <testName>TestCase01.test14</testName>
          <skipped>false</skipped>
          <failedSince>0</failedSince>
        </case>
        <case>
          <duration>0.439</duration>
          <className>TestBusinessEventFeed</className>
          <testName>TestCase01.test15</testName>
          <skipped>false</skipped>
          <failedSince>0</failedSince>
        </case>
        <case>
          <duration>0.532</duration>
          <className>TestBusinessEventFeed</className>
          <testName>TestCase01.test16</testName>
          <skipped>false</skipped>
          <failedSince>0</failedSince>
        </case>
        <case>
          <duration>17.797</duration>
          <className>TestBusinessEventFeed</className>
          <testName>TestCase01.test17</testName>
          <skipped>false</skipped>
          <failedSince>0</failedSince>
        </case>
        <case>
          <duration>1.626</duration>
          <className>TestBusinessEventFeed</className>
          <testName>TestCase01.test18</testName>
          <skipped>false</skipped>
          <failedSince>0</failedSince>
        </case>
        <case>
          <duration>0.096</duration>
          <className>TestBusinessEventFeed</className>
          <testName>TestCase01.test19</testName>
          <skipped>false</skipped>
          <failedSince>0</failedSince>
        </case>
        <case>
          <duration>0.03</duration>
          <className>TestBusinessEventFeed</className>
          <testName>TestCase01.test21</testName>
          <skipped>false</skipped>
          <failedSince>0</failedSince>
        </case>
        <case>
          <duration>0.099</duration>
          <className>TestBusinessEventFeed</className>
          <testName>TestCase01.test22</testName>
          <skipped>false</skipped>
          <failedSince>0</failedSince>
        </case>
        <case>
          <duration>0.197</duration>
          <className>TestBusinessEventFeed</className>
          <testName>TestCase01.test23</testName>
          <skipped>false</skipped>
          <failedSince>0</failedSince>
        </case>
        <case>
          <duration>0.048</duration>
          <className>TestBusinessEventFeed</className>
          <testName>TestCase01.test24</testName>
          <skipped>false</skipped>
          <failedSince>0</failedSince>
        </case>
        <case>
          <duration>0.127</duration>
          <className>TestBusinessEventFeed</className>
          <testName>TestCase01.test25</testName>
          <skipped>false</skipped>
          <failedSince>0</failedSince>
        </case>
        <case>
          <duration>0.7</duration>
          <className>TestBusinessEventFeed</className>
          <testName>TestCase01.test26</testName>
          <skipped>false</skipped>
          <failedSince>0</failedSince>
        </case>
        <case>
          <duration>0.012</duration>
          <className>TestBusinessEventFeed</className>
          <testName>TestCase01.test27</testName>
          <skipped>false</skipped>
          <failedSince>0</failedSince>
        </case>
        <case>
          <duration>5.168</duration>
          <className>TestBusinessEventFeed</className>
          <testName>TestCase01.test28</testName>
          <skipped>false</skipped>
          <failedSince>0</failedSince>
        </case>
        <case>
          <duration>9.282</duration>
          <className>TestBusinessEventFeed</className>
          <testName>TestCase01.test29</testName>
          <skipped>false</skipped>
          <failedSince>0</failedSince>
        </case>
        <case>
          <duration>0.207</duration>
          <className>TestBusinessEventFeed</className>
          <testName>TestCase01.test30</testName>
          <skipped>false</skipped>
          <failedSince>0</failedSince>
        </case>
        <case>
          <duration>0.068</duration>
          <className>TestBusinessEventFeed</className>
          <testName>TestCase01.test31</testName>
          <skipped>false</skipped>
          <failedSince>0</failedSince>
        </case>
        <case>
          <duration>0.023</duration>
          <className>TestBusinessEventFeed</className>
          <testName>TestCase01.test32</testName>
          <skipped>false</skipped>
          <failedSince>0</failedSince>
        </case>
        <case>
          <duration>0.02</duration>
          <className>TestBusinessEventFeed</className>
          <testName>TestCase01.test33</testName>
          <skipped>false</skipped>
          <failedSince>0</failedSince>
        </case>
        <case>
          <duration>4.545</duration>
          <className>TestBusinessEventFeed</className>
          <testName>TestCase01.test34</testName>
          <skipped>false</skipped>
          <failedSince>0</failedSince>
        </case>
        <case>
          <duration>0.018</duration>
          <className>TestBusinessEventFeed</className>
          <testName>TestCase01.test35</testName>
          <skipped>false</skipped>
          <failedSince>0</failedSince>
        </case>
        <case>
          <duration>0.012</duration>
          <className>TestBusinessEventFeed</className>
          <testName>TestCase01.test36</testName>
          <skipped>false</skipped>
          <failedSince>0</failedSince>
        </case>
        <case>
          <duration>9.867</duration>
          <className>TestBusinessEventFeed</className>
          <testName>TestCase01.test37</testName>
          <skipped>false</skipped>
          <failedSince>0</failedSince>
        </case>
        <case>
          <duration>2.221</duration>
          <className>TestBusinessEventFeed</className>
          <testName>TestCase01.test38</testName>
          <skipped>false</skipped>
          <failedSince>0</failedSince>
        </case>
        <case>
          <duration>0.131</duration>
          <className>TestBusinessEventFeed</className>
          <testName>TestCase01.test39</testName>
          <skipped>false</skipped>
          <failedSince>0</failedSince>
        </case>
        <case>
          <duration>2.008</duration>
          <className>TestBusinessEventFeed</className>
          <testName>TestCase01.test40</testName>
          <skipped>false</skipped>
          <failedSince>0</failedSince>
        </case>
        <case>
          <duration>0.476</duration>
          <className>TestBusinessEventFeed</className>
          <testName>TestCase01.test41</testName>
          <skipped>false</skipped>
          <failedSince>0</failedSince>
        </case>
        <case>
          <duration>0.08</duration>
          <className>TestBusinessEventFeed</className>
          <testName>TestCase01.test42</testName>
          <skipped>false</skipped>
          <failedSince>0</failedSince>
        </case>
        <case>
          <duration>0.021</duration>
          <className>TestBusinessEventFeed</className>
          <testName>TestCase01.test43</testName>
          <skipped>false</skipped>
          <failedSince>0</failedSince>
        </case>
        <case>
          <duration>0.013</duration>
          <className>TestBusinessEventFeed</className>
          <testName>TestCase01.test44</testName>
          <skipped>false</skipped>
          <failedSince>0</failedSince>
        </case>
        <case>
          <duration>0.012</duration>
          <className>TestBusinessEventFeed</className>
          <testName>TestCase01.test45</testName>
          <skipped>false</skipped>
          <failedSince>0</failedSince>
        </case>
        <case>
          <duration>4.511</duration>
          <className>TestBusinessEventFeed</className>
          <testName>TestCase02.test01</testName>
          <skipped>false</skipped>
          <failedSince>0</failedSince>
        </case>
        <case>
          <duration>1.785</duration>
          <className>TestBusinessEventFeed</className>
          <testName>TestCase02.test02</testName>
          <skipped>false</skipped>
          <failedSince>0</failedSince>
        </case>
        <case>
          <duration>5.816</duration>
          <className>TestBusinessEventFeed</className>
          <testName>TestCase02.test03</testName>
          <skipped>false</skipped>
          <failedSince>0</failedSince>
        </case>
        <case>
          <duration>0.08</duration>
          <className>TestBusinessEventFeed</className>
          <testName>TestCase02.test04</testName>
          <skipped>false</skipped>
          <failedSince>0</failedSince>
        </case>
        <case>
          <duration>0.072</duration>
          <className>TestBusinessEventFeed</className>
          <testName>TestCase02.test05</testName>
          <skipped>false</skipped>
          <failedSince>0</failedSince>
        </case>
        <case>
          <duration>0.13</duration>
          <className>TestBusinessEventFeed</className>
          <testName>TestCase02.test06</testName>
          <skipped>false</skipped>
          <failedSince>0</failedSince>
        </case>
        <case>
          <duration>0.239</duration>
          <className>TestBusinessEventFeed</className>
          <testName>TestCase02.test07</testName>
          <skipped>false</skipped>
          <failedSince>0</failedSince>
        </case>
        <case>
          <duration>0.073</duration>
          <className>TestBusinessEventFeed</className>
          <testName>TestCase02.test08</testName>
          <skipped>false</skipped>
          <failedSince>0</failedSince>
        </case>
        <case>
          <duration>0.067</duration>
          <className>TestBusinessEventFeed</className>
          <testName>TestCase02.test09</testName>
          <skipped>false</skipped>
          <failedSince>0</failedSince>
        </case>
        <case>
          <duration>0.128</duration>
          <className>TestBusinessEventFeed</className>
          <testName>TestCase02.test10</testName>
          <skipped>false</skipped>
          <failedSince>0</failedSince>
        </case>
        <case>
          <duration>0.054</duration>
          <className>TestBusinessEventFeed</className>
          <testName>TestCase02.test11</testName>
          <skipped>false</skipped>
          <failedSince>0</failedSince>
        </case>
        <case>
          <duration>0.073</duration>
          <className>TestBusinessEventFeed</className>
          <testName>TestCase02.test12</testName>
          <skipped>false</skipped>
          <failedSince>0</failedSince>
        </case>
        <case>
          <duration>0.062</duration>
          <className>TestBusinessEventFeed</className>
          <testName>TestCase02.test13</testName>
          <skipped>false</skipped>
          <failedSince>0</failedSince>
        </case>
        <case>
          <duration>0.055</duration>
          <className>TestBusinessEventFeed</className>
          <testName>TestCase02.test14</testName>
          <skipped>false</skipped>
          <failedSince>0</failedSince>
        </case>
        <case>
          <duration>0.656</duration>
          <className>TestBusinessEventFeed</className>
          <testName>TestCase02.test15</testName>
          <skipped>false</skipped>
          <failedSince>0</failedSince>
        </case>
        <case>
          <duration>0.609</duration>
          <className>TestBusinessEventFeed</className>
          <testName>TestCase02.test16</testName>
          <skipped>false</skipped>
          <failedSince>0</failedSince>
        </case>
        <case>
          <duration>0.057</duration>
          <className>TestBusinessEventFeed</className>
          <testName>TestCase02.test17</testName>
          <skipped>false</skipped>
          <failedSince>0</failedSince>
        </case>
        <case>
          <duration>0.139</duration>
          <className>TestBusinessEventFeed</className>
          <testName>TestCase02.test18</testName>
          <skipped>false</skipped>
          <failedSince>0</failedSince>
        </case>
        <case>
          <duration>0.112</duration>
          <className>TestBusinessEventFeed</className>
          <testName>TestCase02.test19</testName>
          <skipped>false</skipped>
          <failedSince>0</failedSince>
        </case>
        <case>
          <duration>15.631</duration>
          <className>TestBusinessEventFeed</className>
          <testName>TestCase02.test20</testName>
          <skipped>false</skipped>
          <failedSince>0</failedSince>
        </case>
        <case>
          <duration>0.34</duration>
          <className>TestBusinessEventFeed</className>
          <testName>TestCase02.test21</testName>
          <skipped>false</skipped>
          <failedSince>0</failedSince>
        </case>
        <case>
          <duration>0.785</duration>
          <className>TestBusinessEventFeed</className>
          <testName>TestCase02.test22</testName>
          <skipped>false</skipped>
          <failedSince>0</failedSince>
        </case>
        <case>
          <duration>1.773</duration>
          <className>TestBusinessEventFeed</className>
          <testName>TestCase02.test23</testName>
          <skipped>false</skipped>
          <failedSince>0</failedSince>
        </case>
        <case>
          <duration>10.26</duration>
          <className>TestBusinessEventFeed</className>
          <testName>TestCase02.test24</testName>
          <skipped>false</skipped>
          <failedSince>0</failedSince>
        </case>
        <case>
          <duration>0.095</duration>
          <className>TestBusinessEventFeed</className>
          <testName>TestCase02.test25</testName>
          <skipped>false</skipped>
          <failedSince>0</failedSince>
        </case>
        <case>
          <duration>4.274</duration>
          <className>TestBusinessEventFeed</className>
          <testName>TestCase02.test26</testName>
          <skipped>false</skipped>
          <failedSince>0</failedSince>
        </case>
        <case>
          <duration>0.068</duration>
          <className>TestBusinessEventFeed</className>
          <testName>TestCase02.test27</testName>
          <skipped>false</skipped>
          <failedSince>0</failedSince>
        </case>
        <case>
          <duration>0.23</duration>
          <className>TestBusinessEventFeed</className>
          <testName>TestCase02.test28</testName>
          <skipped>false</skipped>
          <failedSince>0</failedSince>
        </case>
        <case>
          <duration>2.191</duration>
          <className>TestBusinessEventFeed</className>
          <testName>TestCase02.test29_replaceConfig</testName>
          <skipped>false</skipped>
          <failedSince>0</failedSince>
        </case>
        <case>
          <duration>1.744</duration>
          <className>TestBusinessEventFeed</className>
          <testName>TestCase02.test30_replaceConfigErrors</testName>
          <skipped>false</skipped>
          <failedSince>0</failedSince>
        </case>
        <case>
          <duration>2.31</duration>
          <className>TestBusinessEventFeed</className>
          <testName>TestCase02.test31_copyConfigErrors</testName>
          <skipped>false</skipped>
          <failedSince>0</failedSince>
        </case>
        <case>
          <duration>4.216</duration>
          <className>TestBusinessEventFeed</className>
          <testName>TestCase02.test32_set_constant_zero_length</testName>
          <skipped>false</skipped>
          <failedSince>0</failedSince>
        </case>
        <case>
          <duration>0.0</duration>
          <className>TestBusinessEventFeed</className>
          <testName>TestCase03.test01</testName>
          <skipped>false</skipped>
          <failedSince>0</failedSince>
        </case>
        <case>
          <duration>0.0</duration>
          <className>TestBusinessEventFeed</className>
          <testName>TestCase03.test02</testName>
          <skipped>false</skipped>
          <failedSince>0</failedSince>
        </case>
        <case>
          <duration>0.0</duration>
          <className>TestBusinessEventFeed</className>
          <testName>TestCase03.test03</testName>
          <skipped>false</skipped>
          <failedSince>0</failedSince>
        </case>
        <case>
          <duration>0.0</duration>
          <className>TestBusinessEventFeed</className>
          <testName>TestCase03.test04</testName>
          <skipped>false</skipped>
          <failedSince>0</failedSince>
        </case>
        <case>
          <duration>0.0</duration>
          <className>TestBusinessEventFeed</className>
          <testName>TestCase03.test05</testName>
          <skipped>false</skipped>
          <failedSince>0</failedSince>
        </case>
        <case>
          <duration>0.0</duration>
          <className>TestBusinessEventFeed</className>
          <testName>TestCase03.test07</testName>
          <skipped>false</skipped>
          <failedSince>0</failedSince>
        </case>
        <case>
          <duration>0.0</duration>
          <className>TestBusinessEventFeed</className>
          <testName>TestCase03.test08</testName>
          <skipped>false</skipped>
          <failedSince>0</failedSince>
        </case>
        <case>
          <duration>0.0</duration>
          <className>TestBusinessEventFeed</className>
          <testName>TestCase03.test09</testName>
          <skipped>false</skipped>
          <failedSince>0</failedSince>
        </case>
        <case>
          <duration>0.0</duration>
          <className>TestBusinessEventFeed</className>
          <testName>TestCase03.test10</testName>
          <skipped>false</skipped>
          <failedSince>0</failedSince>
        </case>
        <case>
          <duration>0.0</duration>
          <className>TestBusinessEventFeed</className>
          <testName>TestCase03.test11</testName>
          <skipped>false</skipped>
          <failedSince>0</failedSince>
        </case>
        <case>
          <duration>0.0</duration>
          <className>TestBusinessEventFeed</className>
          <testName>TestCase03.test12</testName>
          <skipped>false</skipped>
          <failedSince>0</failedSince>
        </case>
        <case>
          <duration>0.0</duration>
          <className>TestBusinessEventFeed</className>
          <testName>TestCase03.test13</testName>
          <skipped>false</skipped>
          <failedSince>0</failedSince>
        </case>
        <case>
          <duration>0.0</duration>
          <className>TestBusinessEventFeed</className>
          <testName>TestCase03.test14</testName>
          <skipped>false</skipped>
          <failedSince>0</failedSince>
        </case>
        <case>
          <duration>0.0</duration>
          <className>TestBusinessEventFeed</className>
          <testName>TestCase03.test15</testName>
          <skipped>false</skipped>
          <failedSince>0</failedSince>
        </case>
        <case>
          <duration>0.0</duration>
          <className>TestBusinessEventFeed</className>
          <testName>TestCase03.test16</testName>
          <skipped>false</skipped>
          <failedSince>0</failedSince>
        </case>
        <case>
          <duration>0.0</duration>
          <className>TestBusinessEventFeed</className>
          <testName>TestCase03.test17</testName>
          <skipped>false</skipped>
          <failedSince>0</failedSince>
        </case>
        <case>
          <duration>0.0</duration>
          <className>TestBusinessEventFeed</className>
          <testName>TestCase03.test18</testName>
          <skipped>false</skipped>
          <failedSince>0</failedSince>
        </case>
        <case>
          <duration>0.0</duration>
          <className>TestBusinessEventFeed</className>
          <testName>TestCase03.test19</testName>
          <skipped>false</skipped>
          <failedSince>0</failedSince>
        </case>
        <case>
          <duration>0.0</duration>
          <className>TestBusinessEventFeed</className>
          <testName>TestCase03.test20</testName>
          <skipped>false</skipped>
          <failedSince>0</failedSince>
        </case>
        <case>
          <duration>0.0</duration>
          <className>TestBusinessEventFeed</className>
          <testName>TestCase03.test21</testName>
          <skipped>false</skipped>
          <failedSince>0</failedSince>
        </case>
        <case>
          <duration>0.0</duration>
          <className>TestBusinessEventFeed</className>
          <testName>TestCase03.test22</testName>
          <skipped>false</skipped>
          <failedSince>0</failedSince>
        </case>
        <case>
          <duration>0.0</duration>
          <className>TestBusinessEventFeed</className>
          <testName>TestCase03.test23</testName>
          <skipped>false</skipped>
          <failedSince>0</failedSince>
        </case>
        <case>
          <duration>0.0</duration>
          <className>TestBusinessEventFeed</className>
          <testName>TestCase03.test24</testName>
          <skipped>false</skipped>
          <failedSince>0</failedSince>
        </case>
        <case>
          <duration>0.0</duration>
          <className>TestBusinessEventFeed</className>
          <testName>TestCase03.test25</testName>
          <skipped>false</skipped>
          <failedSince>0</failedSince>
        </case>
        <case>
          <duration>0.0</duration>
          <className>TestBusinessEventFeed</className>
          <testName>TestCase03.test26</testName>
          <skipped>false</skipped>
          <failedSince>0</failedSince>
        </case>
        <case>
          <duration>0.0</duration>
          <className>TestBusinessEventFeed</className>
          <testName>TestCase03.test27</testName>
          <skipped>false</skipped>
          <failedSince>0</failedSince>
        </case>
        <case>
          <duration>0.0</duration>
          <className>TestBusinessEventFeed</className>
          <testName>TestCase03.test28</testName>
          <skipped>false</skipped>
          <failedSince>0</failedSince>
        </case>
        <case>
          <duration>0.0</duration>
          <className>TestBusinessEventFeed</className>
          <testName>TestCase03.test29</testName>
          <skipped>false</skipped>
          <failedSince>0</failedSince>
        </case>
        <case>
          <duration>0.0</duration>
          <className>TestBusinessEventFeed</className>
          <testName>TestCase03.test30</testName>
          <skipped>false</skipped>
          <failedSince>0</failedSince>
        </case>
        <case>
          <duration>0.0</duration>
          <className>TestBusinessEventFeed</className>
          <testName>TestCase03.test31</testName>
          <skipped>false</skipped>
          <failedSince>0</failedSince>
        </case>
        <case>
          <duration>0.0</duration>
          <className>TestBusinessEventFeed</className>
          <testName>TestCase03.test32</testName>
          <skipped>false</skipped>
          <failedSince>0</failedSince>
        </case>
        <case>
          <duration>0.0</duration>
          <className>TestBusinessEventFeed</className>
          <testName>TestCase03.test33</testName>
          <skipped>false</skipped>
          <failedSince>0</failedSince>
        </case>
        <case>
          <duration>0.0</duration>
          <className>TestBusinessEventFeed</className>
          <testName>TestCase03.test34</testName>
          <skipped>false</skipped>
          <failedSince>0</failedSince>
        </case>
        <case>
          <duration>0.0</duration>
          <className>TestBusinessEventFeed</className>
          <testName>TestCase03.test35</testName>
          <skipped>false</skipped>
          <failedSince>0</failedSince>
        </case>
        <case>
          <duration>0.0</duration>
          <className>TestBusinessEventFeed</className>
          <testName>TestCase03.test36</testName>
          <skipped>false</skipped>
          <failedSince>0</failedSince>
        </case>
        <case>
          <duration>0.0</duration>
          <className>TestBusinessEventFeed</className>
          <testName>TestCase03.test37</testName>
          <skipped>false</skipped>
          <failedSince>0</failedSince>
        </case>
        <case>
          <duration>0.0</duration>
          <className>TestBusinessEventFeed</className>
          <testName>TestCase03.test38</testName>
          <skipped>false</skipped>
          <failedSince>0</failedSince>
        </case>
        <case>
          <duration>0.0</duration>
          <className>TestBusinessEventFeed</className>
          <testName>TestCase03.test39</testName>
          <skipped>false</skipped>
          <failedSince>0</failedSince>
        </case>
        <case>
          <duration>0.0</duration>
          <className>TestBusinessEventFeed</className>
          <testName>TestCase03.test40</testName>
          <skipped>false</skipped>
          <failedSince>0</failedSince>
        </case>
        <case>
          <duration>0.0</duration>
          <className>TestBusinessEventFeed</className>
          <testName>TestCase03.test41</testName>
          <skipped>false</skipped>
          <failedSince>0</failedSince>
        </case>
        <case>
          <duration>0.0</duration>
          <className>TestBusinessEventFeed</className>
          <testName>TestCase03.test42</testName>
          <skipped>false</skipped>
          <failedSince>0</failedSince>
        </case>
        <case>
          <duration>0.0</duration>
          <className>TestBusinessEventFeed</className>
          <testName>TestCase03.test43</testName>
          <skipped>false</skipped>
          <failedSince>0</failedSince>
        </case>
        <case>
          <duration>0.0</duration>
          <className>TestBusinessEventFeed</className>
          <testName>TestCase03.test44</testName>
          <skipped>false</skipped>
          <failedSince>0</failedSince>
        </case>
        <case>
          <duration>0.0</duration>
          <className>TestBusinessEventFeed</className>
          <testName>TestCase03.test45</testName>
          <skipped>false</skipped>
          <failedSince>0</failedSince>
        </case>
        <case>
          <duration>0.003</duration>
          <className>TestBusinessEventFeed</className>
          <testName>TestCase03.test46</testName>
          <skipped>false</skipped>
          <failedSince>0</failedSince>
        </case>
        <case>
          <duration>0.0</duration>
          <className>TestBusinessEventFeed</className>
          <testName>TestCase03.test47</testName>
          <skipped>false</skipped>
          <failedSince>0</failedSince>
        </case>
        <case>
          <duration>0.0</duration>
          <className>TestBusinessEventFeed</className>
          <testName>TestCase03.test48</testName>
          <skipped>false</skipped>
          <failedSince>0</failedSince>
        </case>
        <case>
          <duration>0.0</duration>
          <className>TestBusinessEventFeed</className>
          <testName>TestCase03.test49</testName>
          <skipped>false</skipped>
          <failedSince>0</failedSince>
        </case>
        <case>
          <duration>0.0</duration>
          <className>TestBusinessEventFeed</className>
          <testName>TestCase03.test50</testName>
          <skipped>false</skipped>
          <failedSince>0</failedSince>
        </case>
        <case>
          <duration>0.0</duration>
          <className>TestBusinessEventFeed</className>
          <testName>TestCase03.test51</testName>
          <skipped>false</skipped>
          <failedSince>0</failedSince>
        </case>
        <case>
          <duration>0.0</duration>
          <className>TestBusinessEventFeed</className>
          <testName>TestCase03.test52</testName>
          <skipped>false</skipped>
          <failedSince>0</failedSince>
        </case>
        <case>
          <duration>0.0</duration>
          <className>TestBusinessEventFeed</className>
          <testName>TestCase03.test53</testName>
          <skipped>false</skipped>
          <failedSince>0</failedSince>
        </case>
        <case>
          <duration>0.0</duration>
          <className>TestBusinessEventFeed</className>
          <testName>TestCase03.test54</testName>
          <skipped>false</skipped>
          <failedSince>0</failedSince>
        </case>
        <case>
          <duration>0.0</duration>
          <className>TestBusinessEventFeed</className>
          <testName>TestCase03.test55</testName>
          <skipped>false</skipped>
          <failedSince>0</failedSince>
        </case>
        <case>
          <duration>0.0</duration>
          <className>TestBusinessEventFeed</className>
          <testName>TestCase03.test56</testName>
          <skipped>false</skipped>
          <failedSince>0</failedSince>
        </case>
        <case>
          <duration>4.835</duration>
          <className>TestBusinessEventFeed</className>
          <testName>TestCase04.test01</testName>
          <skipped>false</skipped>
          <failedSince>0</failedSince>
        </case>
        <case>
          <duration>0.047</duration>
          <className>TestBusinessEventFeed</className>
          <testName>TestCase04.test02</testName>
          <skipped>false</skipped>
          <failedSince>0</failedSince>
        </case>
        <case>
          <duration>0.04</duration>
          <className>TestBusinessEventFeed</className>
          <testName>TestCase04.test03</testName>
          <skipped>false</skipped>
          <failedSince>0</failedSince>
        </case>
        <case>
          <duration>0.081</duration>
          <className>TestBusinessEventFeed</className>
          <testName>TestCase04.test04</testName>
          <skipped>false</skipped>
          <failedSince>0</failedSince>
        </case>
        <case>
          <duration>0.087</duration>
          <className>TestBusinessEventFeed</className>
          <testName>TestCase04.test05</testName>
          <skipped>false</skipped>
          <failedSince>0</failedSince>
        </case>
        <case>
          <duration>0.281</duration>
          <className>TestBusinessEventFeed</className>
          <testName>TestCase04.test06</testName>
          <skipped>false</skipped>
          <failedSince>0</failedSince>
        </case>
        <case>
          <duration>0.221</duration>
          <className>TestBusinessEventFeed</className>
          <testName>TestCase04.test07</testName>
          <skipped>false</skipped>
          <failedSince>0</failedSince>
        </case>
        <case>
          <duration>0.204</duration>
          <className>TestBusinessEventFeed</className>
          <testName>TestCase04.test08</testName>
          <skipped>false</skipped>
          <failedSince>0</failedSince>
        </case>
        <case>
          <duration>3.969</duration>
          <className>TestBusinessEventFeed</className>
          <testName>TestCase04.test09</testName>
          <skipped>false</skipped>
          <failedSince>0</failedSince>
        </case>
        <case>
          <duration>2.229</duration>
          <className>TestBusinessEventFeed</className>
          <testName>TestCase04.test10</testName>
          <skipped>false</skipped>
          <failedSince>0</failedSince>
        </case>
        <case>
          <duration>3.067</duration>
          <className>TestBusinessEventFeed</className>
          <testName>TestCase04.test11</testName>
          <skipped>false</skipped>
          <failedSince>0</failedSince>
        </case>
        <case>
          <duration>2.896</duration>
          <className>TestBusinessEventFeed</className>
          <testName>TestCase04.test12</testName>
          <skipped>false</skipped>
          <failedSince>0</failedSince>
        </case>
        <case>
          <duration>0.0</duration>
          <className>TestBusinessEventFeed</className>
          <testName>TestCase05.test01</testName>
          <skipped>false</skipped>
          <failedSince>0</failedSince>
        </case>
        <case>
          <duration>0.0</duration>
          <className>TestBusinessEventFeed</className>
          <testName>TestCase05.test02</testName>
          <skipped>false</skipped>
          <failedSince>0</failedSince>
        </case>
        <case>
          <duration>0.0</duration>
          <className>TestBusinessEventFeed</className>
          <testName>TestCase05.test03</testName>
          <skipped>false</skipped>
          <failedSince>0</failedSince>
        </case>
        <case>
          <duration>0.0</duration>
          <className>TestBusinessEventFeed</className>
          <testName>TestCase05.test04</testName>
          <skipped>false</skipped>
          <failedSince>0</failedSince>
        </case>
        <case>
          <duration>0.0</duration>
          <className>TestBusinessEventFeed</className>
          <testName>TestCase05.test05</testName>
          <skipped>false</skipped>
          <failedSince>0</failedSince>
        </case>
        <case>
          <duration>0.0</duration>
          <className>TestBusinessEventFeed</className>
          <testName>TestCase05.test06</testName>
          <skipped>false</skipped>
          <failedSince>0</failedSince>
        </case>
        <case>
          <duration>0.0</duration>
          <className>TestBusinessEventFeed</className>
          <testName>TestCase05.test07</testName>
          <skipped>false</skipped>
          <failedSince>0</failedSince>
        </case>
        <case>
          <duration>0.0</duration>
          <className>TestBusinessEventFeed</className>
          <testName>TestCase05.test08</testName>
          <skipped>false</skipped>
          <failedSince>0</failedSince>
        </case>
        <case>
          <duration>2.118</duration>
          <className>TestBusinessEventFeed</className>
          <testName>TestCase06.test01</testName>
          <skipped>false</skipped>
          <failedSince>0</failedSince>
        </case>
        <case>
          <duration>0.094</duration>
          <className>TestBusinessEventFeed</className>
          <testName>TestCase06.test02</testName>
          <skipped>false</skipped>
          <failedSince>0</failedSince>
        </case>
        <case>
          <duration>0.207</duration>
          <className>TestBusinessEventFeed</className>
          <testName>TestCase06.test03</testName>
          <skipped>false</skipped>
          <failedSince>0</failedSince>
        </case>
        <case>
          <duration>0.097</duration>
          <className>TestBusinessEventFeed</className>
          <testName>TestCase06.test04</testName>
          <skipped>false</skipped>
          <failedSince>0</failedSince>
        </case>
        <case>
          <duration>0.356</duration>
          <className>TestBusinessEventFeed</className>
          <testName>TestCase06.test05</testName>
          <skipped>false</skipped>
          <failedSince>0</failedSince>
        </case>
        <case>
          <duration>0.079</duration>
          <className>TestBusinessEventFeed</className>
          <testName>TestCase06.test06</testName>
          <skipped>false</skipped>
          <failedSince>0</failedSince>
        </case>
        <case>
          <duration>0.347</duration>
          <className>TestBusinessEventFeed</className>
          <testName>TestCase06.test07</testName>
          <skipped>false</skipped>
          <failedSince>0</failedSince>
        </case>
        <case>
          <duration>0.12</duration>
          <className>TestBusinessEventFeed</className>
          <testName>TestCase06.test08</testName>
          <skipped>false</skipped>
          <failedSince>0</failedSince>
        </case>
        <case>
          <duration>0.053</duration>
          <className>TestBusinessEventFeed</className>
          <testName>TestCase06.test09</testName>
          <skipped>false</skipped>
          <failedSince>0</failedSince>
        </case>
        <case>
          <duration>0.068</duration>
          <className>TestBusinessEventFeed</className>
          <testName>TestCase06.test10</testName>
          <skipped>false</skipped>
          <failedSince>0</failedSince>
        </case>
        <case>
          <duration>0.016</duration>
          <className>TestBusinessEventFeed</className>
          <testName>TestCase07.test01</testName>
          <skipped>false</skipped>
          <failedSince>0</failedSince>
        </case>
        <case>
          <duration>0.011</duration>
          <className>TestBusinessEventFeed</className>
          <testName>TestCase07.test02</testName>
          <skipped>false</skipped>
          <failedSince>0</failedSince>
        </case>
        <case>
          <duration>0.012</duration>
          <className>TestBusinessEventFeed</className>
          <testName>TestCase07.test03</testName>
          <skipped>false</skipped>
          <failedSince>0</failedSince>
        </case>
        <case>
          <duration>0.013</duration>
          <className>TestBusinessEventFeed</className>
          <testName>TestCase07.test04</testName>
          <skipped>false</skipped>
          <failedSince>0</failedSince>
        </case>
        <case>
          <duration>0.012</duration>
          <className>TestBusinessEventFeed</className>
          <testName>TestCase07.test05</testName>
          <skipped>false</skipped>
          <failedSince>0</failedSince>
        </case>
        <case>
          <duration>0.011</duration>
          <className>TestBusinessEventFeed</className>
          <testName>TestCase07.test06</testName>
          <skipped>false</skipped>
          <failedSince>0</failedSince>
        </case>
        <case>
          <duration>0.014</duration>
          <className>TestBusinessEventFeed</className>
          <testName>TestCase07.test08</testName>
          <skipped>false</skipped>
          <failedSince>0</failedSince>
        </case>
        <case>
          <duration>0.013</duration>
          <className>TestBusinessEventFeed</className>
          <testName>TestCase07.test09</testName>
          <skipped>false</skipped>
          <failedSince>0</failedSince>
        </case>
        <case>
          <duration>0.011</duration>
          <className>TestBusinessEventFeed</className>
          <testName>TestCase07.test10</testName>
          <skipped>false</skipped>
          <failedSince>0</failedSince>
        </case>
        <case>
          <duration>0.011</duration>
          <className>TestBusinessEventFeed</className>
          <testName>TestCase07.test11</testName>
          <skipped>false</skipped>
          <failedSince>0</failedSince>
        </case>
        <case>
          <duration>0.011</duration>
          <className>TestBusinessEventFeed</className>
          <testName>TestCase07.test12</testName>
          <skipped>false</skipped>
          <failedSince>0</failedSince>
        </case>
        <case>
          <duration>53.085</duration>
          <className>TestBusinessEventFeed</className>
          <testName>TestCase08.test01</testName>
          <skipped>false</skipped>
          <failedSince>0</failedSince>
        </case>
        <case>
          <duration>0.017</duration>
          <className>TestBusinessEventFeed</className>
          <testName>TestCase08.test02</testName>
          <skipped>false</skipped>
          <failedSince>0</failedSince>
        </case>
        <case>
          <duration>0.0</duration>
          <className>TestBusinessEventFeed</className>
          <testName>TestCase09.test01</testName>
          <skipped>false</skipped>
          <failedSince>0</failedSince>
        </case>
        <case>
          <duration>0.0</duration>
          <className>TestBusinessEventFeed</className>
          <testName>TestCase09.test02</testName>
          <skipped>false</skipped>
          <failedSince>0</failedSince>
        </case>
        <case>
          <duration>0.0</duration>
          <className>TestBusinessEventFeed</className>
          <testName>TestCase09.test03</testName>
          <skipped>false</skipped>
          <failedSince>0</failedSince>
        </case>
        <case>
          <duration>0.0</duration>
          <className>TestBusinessEventFeed</className>
          <testName>TestCase09.test04</testName>
          <skipped>false</skipped>
          <failedSince>0</failedSince>
        </case>
        <case>
          <duration>0.0</duration>
          <className>TestBusinessEventFeed</className>
          <testName>TestCase09.test05</testName>
          <skipped>false</skipped>
          <failedSince>0</failedSince>
        </case>
        <case>
          <duration>0.0</duration>
          <className>TestBusinessEventFeed</className>
          <testName>TestCase09.test06</testName>
          <skipped>false</skipped>
          <failedSince>0</failedSince>
        </case>
        <case>
          <duration>0.0</duration>
          <className>TestBusinessEventFeed</className>
          <testName>TestCase09.test07</testName>
          <skipped>false</skipped>
          <failedSince>0</failedSince>
        </case>
        <case>
          <duration>0.0</duration>
          <className>TestBusinessEventFeed</className>
          <testName>TestCase09.test08</testName>
          <skipped>false</skipped>
          <failedSince>0</failedSince>
        </case>
        <case>
          <duration>0.0</duration>
          <className>TestBusinessEventFeed</className>
          <testName>TestCase09.test09</testName>
          <skipped>false</skipped>
          <failedSince>0</failedSince>
        </case>
        <case>
          <duration>0.0</duration>
          <className>TestBusinessEventFeed</className>
          <testName>TestCase09.test10</testName>
          <skipped>false</skipped>
          <failedSince>0</failedSince>
        </case>
        <case>
          <duration>0.0</duration>
          <className>TestBusinessEventFeed</className>
          <testName>TestCase10.test00</testName>
          <skipped>false</skipped>
          <failedSince>0</failedSince>
        </case>
        <case>
          <duration>0.0</duration>
          <className>TestBusinessEventFeed</className>
          <testName>TestCase10.test01</testName>
          <skipped>false</skipped>
          <failedSince>0</failedSince>
        </case>
        <case>
          <duration>0.0</duration>
          <className>TestBusinessEventFeed</className>
          <testName>TestCase10.test02</testName>
          <skipped>false</skipped>
          <failedSince>0</failedSince>
        </case>
        <case>
          <duration>0.0</duration>
          <className>TestBusinessEventFeed</className>
          <testName>TestCase10.test03</testName>
          <skipped>false</skipped>
          <failedSince>0</failedSince>
        </case>
        <case>
          <duration>0.0</duration>
          <className>TestBusinessEventFeed</className>
          <testName>TestCase10.test04</testName>
          <skipped>false</skipped>
          <failedSince>0</failedSince>
        </case>
        <case>
          <duration>0.0</duration>
          <className>TestBusinessEventFeed</className>
          <testName>TestCase10.test05</testName>
          <skipped>false</skipped>
          <failedSince>0</failedSince>
        </case>
        <case>
          <duration>0.0</duration>
          <className>TestBusinessEventFeed</className>
          <testName>TestCase10.test06</testName>
          <skipped>false</skipped>
          <failedSince>0</failedSince>
        </case>
        <case>
          <duration>0.0</duration>
          <className>TestBusinessEventFeed</className>
          <testName>TestCase10.test07</testName>
          <skipped>false</skipped>
          <failedSince>0</failedSince>
        </case>
        <case>
          <duration>0.0</duration>
          <className>TestBusinessEventFeed</className>
          <testName>TestCase10.test08</testName>
          <skipped>false</skipped>
          <failedSince>0</failedSince>
        </case>
        <case>
          <duration>0.0</duration>
          <className>TestBusinessEventFeed</className>
          <testName>TestCase10.test09</testName>
          <skipped>false</skipped>
          <failedSince>0</failedSince>
        </case>
        <case>
          <duration>0.0</duration>
          <className>TestBusinessEventFeed</className>
          <testName>TestCase10.test10</testName>
          <skipped>false</skipped>
          <failedSince>0</failedSince>
        </case>
        <case>
          <duration>0.0</duration>
          <className>TestBusinessEventFeed</className>
          <testName>TestCase10.test11</testName>
          <skipped>false</skipped>
          <failedSince>0</failedSince>
        </case>
        <case>
          <duration>0.0</duration>
          <className>TestBusinessEventFeed</className>
          <testName>TestCase10.test12</testName>
          <skipped>false</skipped>
          <failedSince>0</failedSince>
        </case>
        <case>
          <duration>0.0</duration>
          <className>TestBusinessEventFeed</className>
          <testName>TestCase10.test13</testName>
          <skipped>false</skipped>
          <failedSince>0</failedSince>
        </case>
        <case>
          <duration>0.0</duration>
          <className>TestBusinessEventFeed</className>
          <testName>TestCase10.test14</testName>
          <skipped>false</skipped>
          <failedSince>0</failedSince>
        </case>
        <case>
          <duration>0.0</duration>
          <className>TestBusinessEventFeed</className>
          <testName>TestCase10.test50</testName>
          <skipped>false</skipped>
          <failedSince>0</failedSince>
        </case>
        <case>
          <duration>0.0</duration>
          <className>TestBusinessEventFeed</className>
          <testName>TestCase10.test51</testName>
          <skipped>false</skipped>
          <failedSince>0</failedSince>
        </case>
        <case>
          <duration>0.0</duration>
          <className>TestBusinessEventFeed</className>
          <testName>TestCase11.test01</testName>
          <skipped>false</skipped>
          <failedSince>0</failedSince>
        </case>
        <case>
          <duration>0.0</duration>
          <className>TestBusinessEventFeed</className>
          <testName>TestCase11.test02</testName>
          <skipped>false</skipped>
          <failedSince>0</failedSince>
        </case>
        <case>
          <duration>0.0</duration>
          <className>TestBusinessEventFeed</className>
          <testName>TestCase11.test03</testName>
          <skipped>false</skipped>
          <failedSince>0</failedSince>
        </case>
        <case>
          <duration>0.0</duration>
          <className>TestBusinessEventFeed</className>
          <testName>TestCase11.test04</testName>
          <skipped>false</skipped>
          <failedSince>0</failedSince>
        </case>
        <case>
          <duration>0.0</duration>
          <className>TestBusinessEventFeed</className>
          <testName>TestCase11.test05</testName>
          <skipped>false</skipped>
          <failedSince>0</failedSince>
        </case>
        <case>
          <duration>0.0</duration>
          <className>TestBusinessEventFeed</className>
          <testName>TestCase11.test06</testName>
          <skipped>false</skipped>
          <failedSince>0</failedSince>
        </case>
        <case>
          <duration>0.0</duration>
          <className>TestBusinessEventFeed</className>
          <testName>TestCase11.test07</testName>
          <skipped>false</skipped>
          <failedSince>0</failedSince>
        </case>
        <case>
          <duration>0.0</duration>
          <className>TestBusinessEventFeed</className>
          <testName>TestCase11.test08</testName>
          <skipped>false</skipped>
          <failedSince>0</failedSince>
        </case>
        <case>
          <duration>0.0</duration>
          <className>TestBusinessEventFeed</className>
          <testName>TestCase11.test09</testName>
          <skipped>false</skipped>
          <failedSince>0</failedSince>
        </case>
        <case>
          <duration>0.0</duration>
          <className>TestBusinessEventFeed</className>
          <testName>TestCase11.test10</testName>
          <skipped>false</skipped>
          <failedSince>0</failedSince>
        </case>
        <case>
          <duration>0.0</duration>
          <className>TestBusinessEventFeed</className>
          <testName>TestCase11.test11</testName>
          <skipped>false</skipped>
          <failedSince>0</failedSince>
        </case>
        <case>
          <duration>0.0</duration>
          <className>TestBusinessEventFeed</className>
          <testName>TestCase11.test12</testName>
          <skipped>false</skipped>
          <failedSince>0</failedSince>
        </case>
        <case>
          <duration>0.0</duration>
          <className>TestBusinessEventFeed</className>
          <testName>TestCase11.test13_BQM_57011</testName>
          <skipped>false</skipped>
          <failedSince>0</failedSince>
        </case>
        <case>
          <duration>0.0</duration>
          <className>TestBusinessEventFeed</className>
          <testName>TestCase12.test01</testName>
          <skipped>false</skipped>
          <failedSince>0</failedSince>
        </case>
        <case>
          <duration>0.0</duration>
          <className>TestBusinessEventFeed</className>
          <testName>TestCase13.test01</testName>
          <skipped>false</skipped>
          <failedSince>0</failedSince>
        </case>
        <case>
          <duration>0.0</duration>
          <className>TestBusinessEventFeed</className>
          <testName>TestCase13.test02</testName>
          <skipped>false</skipped>
          <failedSince>0</failedSince>
        </case>
      </cases>
    </suite>
    <suite>
      <file>/home/jenkins/workspace/Backend/CMC@2/test-results/TEST-rest-TestRestCustomApp.xml</file>
      <name>rest.TestRestCustomApp</name>
      <stdout>.......Test skipped on the Central Manager
........Test skipped on the Central Manager
.....
TestCase01.test21: Test the default precedence value for the default custom applications
.
TestCase01.test22: BQM-26926 Do not rename a DRDL application if its new name will clash with an existing custom application
....................</stdout>
      <stderr></stderr>
      <duration>131.817</duration>
      <timestamp>2019-05-07T12:36:20.011861</timestamp>
      <time>131.817</time>
      <enclosingBlocks/>
      <enclosingBlockNames/>
      <cases>
        <case>
          <duration>26.092</duration>
          <className>TestRestCustomApp</className>
          <testName>TestCase01.test01</testName>
          <skipped>false</skipped>
          <failedSince>0</failedSince>
        </case>
        <case>
          <duration>0.412</duration>
          <className>TestRestCustomApp</className>
          <testName>TestCase01.test02</testName>
          <skipped>false</skipped>
          <failedSince>0</failedSince>
        </case>
        <case>
          <duration>0.154</duration>
          <className>TestRestCustomApp</className>
          <testName>TestCase01.test03</testName>
          <skipped>false</skipped>
          <failedSince>0</failedSince>
        </case>
        <case>
          <duration>0.076</duration>
          <className>TestRestCustomApp</className>
          <testName>TestCase01.test04</testName>
          <skipped>false</skipped>
          <failedSince>0</failedSince>
        </case>
        <case>
          <duration>0.08</duration>
          <className>TestRestCustomApp</className>
          <testName>TestCase01.test05</testName>
          <skipped>false</skipped>
          <failedSince>0</failedSince>
        </case>
        <case>
          <duration>0.023</duration>
          <className>TestRestCustomApp</className>
          <testName>TestCase01.test06</testName>
          <skipped>false</skipped>
          <failedSince>0</failedSince>
        </case>
        <case>
          <duration>0.128</duration>
          <className>TestRestCustomApp</className>
          <testName>TestCase01.test07</testName>
          <skipped>false</skipped>
          <failedSince>0</failedSince>
        </case>
        <case>
          <duration>0.009</duration>
          <className>TestRestCustomApp</className>
          <testName>TestCase01.test08</testName>
          <skipped>false</skipped>
          <failedSince>0</failedSince>
        </case>
        <case>
          <duration>0.097</duration>
          <className>TestRestCustomApp</className>
          <testName>TestCase01.test09</testName>
          <skipped>false</skipped>
          <failedSince>0</failedSince>
        </case>
        <case>
          <duration>0.137</duration>
          <className>TestRestCustomApp</className>
          <testName>TestCase01.test10</testName>
          <skipped>false</skipped>
          <failedSince>0</failedSince>
        </case>
        <case>
          <duration>0.075</duration>
          <className>TestRestCustomApp</className>
          <testName>TestCase01.test11</testName>
          <skipped>false</skipped>
          <failedSince>0</failedSince>
        </case>
        <case>
          <duration>0.033</duration>
          <className>TestRestCustomApp</className>
          <testName>TestCase01.test12</testName>
          <skipped>false</skipped>
          <failedSince>0</failedSince>
        </case>
        <case>
          <duration>0.141</duration>
          <className>TestRestCustomApp</className>
          <testName>TestCase01.test13</testName>
          <skipped>false</skipped>
          <failedSince>0</failedSince>
        </case>
        <case>
          <duration>0.007</duration>
          <className>TestRestCustomApp</className>
          <testName>TestCase01.test14</testName>
          <skipped>false</skipped>
          <failedSince>0</failedSince>
        </case>
        <case>
          <duration>0.015</duration>
          <className>TestRestCustomApp</className>
          <testName>TestCase01.test15</testName>
          <skipped>false</skipped>
          <failedSince>0</failedSince>
        </case>
        <case>
          <duration>0.011</duration>
          <className>TestRestCustomApp</className>
          <testName>TestCase01.test16</testName>
          <skipped>false</skipped>
          <failedSince>0</failedSince>
        </case>
        <case>
          <duration>0.06</duration>
          <className>TestRestCustomApp</className>
          <testName>TestCase01.test17</testName>
          <skipped>false</skipped>
          <failedSince>0</failedSince>
        </case>
        <case>
          <duration>0.189</duration>
          <className>TestRestCustomApp</className>
          <testName>TestCase01.test18</testName>
          <skipped>false</skipped>
          <failedSince>0</failedSince>
        </case>
        <case>
          <duration>19.92</duration>
          <className>TestRestCustomApp</className>
          <testName>TestCase01.test19</testName>
          <skipped>false</skipped>
          <failedSince>0</failedSince>
        </case>
        <case>
          <duration>26.647</duration>
          <className>TestRestCustomApp</className>
          <testName>TestCase01.test20</testName>
          <skipped>false</skipped>
          <failedSince>0</failedSince>
        </case>
        <case>
          <duration>0.784</duration>
          <className>TestRestCustomApp</className>
          <testName>TestCase01.test21</testName>
          <skipped>false</skipped>
          <failedSince>0</failedSince>
        </case>
        <case>
          <duration>15.664</duration>
          <className>TestRestCustomApp</className>
          <testName>TestCase01.test22</testName>
          <skipped>false</skipped>
          <failedSince>0</failedSince>
        </case>
        <case>
          <duration>0.766</duration>
          <className>TestRestCustomApp</className>
          <testName>TestCase02.test01</testName>
          <skipped>false</skipped>
          <failedSince>0</failedSince>
        </case>
        <case>
          <duration>5.351</duration>
          <className>TestRestCustomApp</className>
          <testName>TestCase03.test01</testName>
          <skipped>false</skipped>
          <failedSince>0</failedSince>
        </case>
        <case>
          <duration>0.796</duration>
          <className>TestRestCustomApp</className>
          <testName>TestCase03.test02</testName>
          <skipped>false</skipped>
          <failedSince>0</failedSince>
        </case>
        <case>
          <duration>0.002</duration>
          <className>TestRestCustomApp</className>
          <testName>TestCase03.test03</testName>
          <skipped>false</skipped>
          <failedSince>0</failedSince>
        </case>
        <case>
          <duration>0.069</duration>
          <className>TestRestCustomApp</className>
          <testName>TestCase03.test04</testName>
          <skipped>false</skipped>
          <failedSince>0</failedSince>
        </case>
        <case>
          <duration>3.572</duration>
          <className>TestRestCustomApp</className>
          <testName>TestCase03.test05</testName>
          <skipped>false</skipped>
          <failedSince>0</failedSince>
        </case>
        <case>
          <duration>1.133</duration>
          <className>TestRestCustomApp</className>
          <testName>TestCase03.test06</testName>
          <skipped>false</skipped>
          <failedSince>0</failedSince>
        </case>
        <case>
          <duration>3.113</duration>
          <className>TestRestCustomApp</className>
          <testName>TestCase03.test07</testName>
          <skipped>false</skipped>
          <failedSince>0</failedSince>
        </case>
        <case>
          <duration>0.936</duration>
          <className>TestRestCustomApp</className>
          <testName>TestCase03.test08</testName>
          <skipped>false</skipped>
          <failedSince>0</failedSince>
        </case>
        <case>
          <duration>0.958</duration>
          <className>TestRestCustomApp</className>
          <testName>TestCase03.test09</testName>
          <skipped>false</skipped>
          <failedSince>0</failedSince>
        </case>
        <case>
          <duration>0.682</duration>
          <className>TestRestCustomApp</className>
          <testName>TestCase03.test10</testName>
          <skipped>false</skipped>
          <failedSince>0</failedSince>
        </case>
        <case>
          <duration>4.604</duration>
          <className>TestRestCustomApp</className>
          <testName>TestCase03.test11</testName>
          <skipped>false</skipped>
          <failedSince>0</failedSince>
        </case>
        <case>
          <duration>4.429</duration>
          <className>TestRestCustomApp</className>
          <testName>TestCase03.test12</testName>
          <skipped>false</skipped>
          <failedSince>0</failedSince>
        </case>
        <case>
          <duration>5.222</duration>
          <className>TestRestCustomApp</className>
          <testName>TestCase04.test01</testName>
          <skipped>false</skipped>
          <failedSince>0</failedSince>
        </case>
        <case>
          <duration>5.877</duration>
          <className>TestRestCustomApp</className>
          <testName>TestCase04.test02</testName>
          <skipped>false</skipped>
          <failedSince>0</failedSince>
        </case>
        <case>
          <duration>0.068</duration>
          <className>TestRestCustomApp</className>
          <testName>TestCase04.test03</testName>
          <skipped>false</skipped>
          <failedSince>0</failedSince>
        </case>
        <case>
          <duration>0.032</duration>
          <className>TestRestCustomApp</className>
          <testName>TestCase05.test01</testName>
          <skipped>false</skipped>
          <failedSince>0</failedSince>
        </case>
        <case>
          <duration>0.646</duration>
          <className>TestRestCustomApp</className>
          <testName>TestCase05.test02</testName>
          <skipped>false</skipped>
          <failedSince>0</failedSince>
        </case>
        <case>
          <duration>2.797</duration>
          <className>TestRestCustomApp</className>
          <testName>TestCase06.test01</testName>
          <skipped>false</skipped>
          <failedSince>0</failedSince>
        </case>
      </cases>
    </suite>
    <suite>
      <file>/home/jenkins/workspace/Backend/CMC@2/test-results/TEST-cli-TestMisc.xml</file>
      <name>cli.TestMisc</name>
      <stdout>..Test skipped on the Central Manager
......Test skipped on the Central Manager
.Test skipped on the Central Manager
..Test test11 skipped in sandbox
.....Test skipped on the Central Manager
.TestCase01.test17: clear decode-failures
.TestCase01.test18: save-decode-failures
..Test skipped on the Central Manager
.....Test skipped on the Central Manager
......Test skipped on the Central Manager
.......
TestCase02.test07: BQM-44402 - CLI &apos;|include&apos; doesn&apos;t allow quoting. Test for behaviour change wh
...[truncated 1302 chars]...
al Manager
.Test skipped on the Central Manager
..
TestCase11.test01: Config user cannot reload
..
TestCase11.test03: probed gets restarted with the &apos;reload server-daemon&apos; command
.
TestCase12.test01: check help for setup command contains new details
.
TestCase12.test02: check completion for setup command
.
TestCase13.test01: check that there are no valgrind errors from glibc gethostbyname
.Test test01 skipped in sandbox
.Test skipped on the Central Manager
.Test skipped on the Central Manager
.</stdout>
      <stderr></stderr>
      <duration>123.754</duration>
      <timestamp>2019-05-07T12:36:44.077190</timestamp>
      <time>123.754</time>
      <enclosingBlocks/>
      <enclosingBlockNames/>
      <cases>
        <case>
          <duration>22.199</duration>
          <className>TestMisc</className>
          <testName>TestCase01.test01</testName>
          <skipped>false</skipped>
          <failedSince>0</failedSince>
        </case>
        <case>
          <duration>6.727</duration>
          <className>TestMisc</className>
          <testName>TestCase01.test02</testName>
          <skipped>false</skipped>
          <failedSince>0</failedSince>
        </case>
        <case>
          <duration>0.029</duration>
          <className>TestMisc</className>
          <testName>TestCase01.test03</testName>
          <skipped>false</skipped>
          <failedSince>0</failedSince>
        </case>
        <case>
          <duration>1.141</duration>
          <className>TestMisc</className>
          <testName>TestCase01.test04</testName>
          <skipped>false</skipped>
          <failedSince>0</failedSince>
        </case>
        <case>
          <duration>0.253</duration>
          <className>TestMisc</className>
          <testName>TestCase01.test04a</testName>
          <skipped>false</skipped>
          <failedSince>0</failedSince>
        </case>
        <case>
          <duration>0.275</duration>
          <className>TestMisc</className>
          <testName>TestCase01.test04b</testName>
          <skipped>false</skipped>
          <failedSince>0</failedSince>
        </case>
        <case>
          <duration>0.351</duration>
          <className>TestMisc</className>
          <testName>TestCase01.test05</testName>
          <skipped>false</skipped>
          <failedSince>0</failedSince>
        </case>
        <case>
          <duration>0.134</duration>
          <className>TestMisc</className>
          <testName>TestCase01.test06</testName>
          <skipped>false</skipped>
          <failedSince>0</failedSince>
        </case>
        <case>
          <duration>0.019</duration>
          <className>TestMisc</className>
          <testName>TestCase01.test07</testName>
          <skipped>false</skipped>
          <failedSince>0</failedSince>
        </case>
        <case>
          <duration>0.019</duration>
          <className>TestMisc</className>
          <testName>TestCase01.test08</testName>
          <skipped>false</skipped>
          <failedSince>0</failedSince>
        </case>
        <case>
          <duration>0.361</duration>
          <className>TestMisc</className>
          <testName>TestCase01.test09</testName>
          <skipped>false</skipped>
          <failedSince>0</failedSince>
        </case>
        <case>
          <duration>0.034</duration>
          <className>TestMisc</className>
          <testName>TestCase01.test11</testName>
          <skipped>false</skipped>
          <failedSince>0</failedSince>
        </case>
        <case>
          <duration>0.378</duration>
          <className>TestMisc</className>
          <testName>TestCase01.test12</testName>
          <skipped>false</skipped>
          <failedSince>0</failedSince>
        </case>
        <case>
          <duration>0.021</duration>
          <className>TestMisc</className>
          <testName>TestCase01.test13</testName>
          <skipped>false</skipped>
          <failedSince>0</failedSince>
        </case>
        <case>
          <duration>0.042</duration>
          <className>TestMisc</className>
          <testName>TestCase01.test14</testName>
          <skipped>false</skipped>
          <failedSince>0</failedSince>
        </case>
        <case>
          <duration>0.004</duration>
          <className>TestMisc</className>
          <testName>TestCase01.test15</testName>
          <skipped>false</skipped>
          <failedSince>0</failedSince>
        </case>
        <case>
          <duration>0.02</duration>
          <className>TestMisc</className>
          <testName>TestCase01.test16</testName>
          <skipped>false</skipped>
          <failedSince>0</failedSince>
        </case>
        <case>
          <duration>0.009</duration>
          <className>TestMisc</className>
          <testName>TestCase01.test17</testName>
          <skipped>false</skipped>
          <failedSince>0</failedSince>
        </case>
        <case>
          <duration>0.009</duration>
          <className>TestMisc</className>
          <testName>TestCase01.test18</testName>
          <skipped>false</skipped>
          <failedSince>0</failedSince>
        </case>
        <case>
          <duration>0.005</duration>
          <className>TestMisc</className>
          <testName>TestCase01.test19</testName>
          <skipped>false</skipped>
          <failedSince>0</failedSince>
        </case>
        <case>
          <duration>0.024</duration>
          <className>TestMisc</className>
          <testName>TestCase01.test20</testName>
          <skipped>false</skipped>
          <failedSince>0</failedSince>
        </case>
        <case>
          <duration>0.01</duration>
          <className>TestMisc</className>
          <testName>TestCase01.test21</testName>
          <skipped>false</skipped>
          <failedSince>0</failedSince>
        </case>
        <case>
          <duration>0.017</duration>
          <className>TestMisc</className>
          <testName>TestCase01.test22</testName>
          <skipped>false</skipped>
          <failedSince>0</failedSince>
        </case>
        <case>
          <duration>0.034</duration>
          <className>TestMisc</className>
          <testName>TestCase01.test23</testName>
          <skipped>false</skipped>
          <failedSince>0</failedSince>
        </case>
        <case>
          <duration>0.009</duration>
          <className>TestMisc</className>
          <testName>TestCase01.test24</testName>
          <skipped>false</skipped>
          <failedSince>0</failedSince>
        </case>
        <case>
          <duration>0.03</duration>
          <className>TestMisc</className>
          <testName>TestCase01.test25</testName>
          <skipped>false</skipped>
          <failedSince>0</failedSince>
        </case>
        <case>
          <duration>0.04</duration>
          <className>TestMisc</className>
          <testName>TestCase01.test26</testName>
          <skipped>false</skipped>
          <failedSince>0</failedSince>
        </case>
        <case>
          <duration>8.339</duration>
          <className>TestMisc</className>
          <testName>TestCase01.test27</testName>
          <skipped>false</skipped>
          <failedSince>0</failedSince>
        </case>
        <case>
          <duration>3.196</duration>
          <className>TestMisc</className>
          <testName>TestCase01.test28</testName>
          <skipped>false</skipped>
          <failedSince>0</failedSince>
        </case>
        <case>
          <duration>0.027</duration>
          <className>TestMisc</className>
          <testName>TestCase01.test29</testName>
          <skipped>false</skipped>
          <failedSince>0</failedSince>
        </case>
        <case>
          <duration>0.778</duration>
          <className>TestMisc</className>
          <testName>TestCase01.test30</testName>
          <skipped>false</skipped>
          <failedSince>0</failedSince>
        </case>
        <case>
          <duration>0.024</duration>
          <className>TestMisc</className>
          <testName>TestCase01.test31</testName>
          <skipped>false</skipped>
          <failedSince>0</failedSince>
        </case>
        <case>
          <duration>2.42</duration>
          <className>TestMisc</className>
          <testName>TestCase02.test01</testName>
          <skipped>false</skipped>
          <failedSince>0</failedSince>
        </case>
        <case>
          <duration>0.04</duration>
          <className>TestMisc</className>
          <testName>TestCase02.test02</testName>
          <skipped>false</skipped>
          <failedSince>0</failedSince>
        </case>
        <case>
          <duration>2.591</duration>
          <className>TestMisc</className>
          <testName>TestCase02.test03</testName>
          <skipped>false</skipped>
          <failedSince>0</failedSince>
        </case>
        <case>
          <duration>0.635</duration>
          <className>TestMisc</className>
          <testName>TestCase02.test04</testName>
          <skipped>false</skipped>
          <failedSince>0</failedSince>
        </case>
        <case>
          <duration>2.307</duration>
          <className>TestMisc</className>
          <testName>TestCase02.test05</testName>
          <skipped>false</skipped>
          <failedSince>0</failedSince>
        </case>
        <case>
          <duration>0.021</duration>
          <className>TestMisc</className>
          <testName>TestCase02.test06</testName>
          <skipped>false</skipped>
          <failedSince>0</failedSince>
        </case>
        <case>
          <duration>0.604</duration>
          <className>TestMisc</className>
          <testName>TestCase02.test07</testName>
          <skipped>false</skipped>
          <failedSince>0</failedSince>
        </case>
        <case>
          <duration>0.0</duration>
          <className>TestMisc</className>
          <testName>TestCase03.test01</testName>
          <skipped>false</skipped>
          <failedSince>0</failedSince>
        </case>
        <case>
          <duration>0.0</duration>
          <className>TestMisc</className>
          <testName>TestCase03.test02</testName>
          <skipped>false</skipped>
          <failedSince>0</failedSince>
        </case>
        <case>
          <duration>0.0</duration>
          <className>TestMisc</className>
          <testName>TestCase04.test01</testName>
          <skipped>false</skipped>
          <failedSince>0</failedSince>
        </case>
        <case>
          <duration>4.898</duration>
          <className>TestMisc</className>
          <testName>TestCase05.test01</testName>
          <skipped>false</skipped>
          <failedSince>0</failedSince>
        </case>
        <case>
          <duration>2.911</duration>
          <className>TestMisc</className>
          <testName>TestCase06.test01</testName>
          <skipped>false</skipped>
          <failedSince>0</failedSince>
        </case>
        <case>
          <duration>3.115</duration>
          <className>TestMisc</className>
          <testName>TestCase07.test01</testName>
          <skipped>false</skipped>
          <failedSince>0</failedSince>
        </case>
        <case>
          <duration>0.726</duration>
          <className>TestMisc</className>
          <testName>TestCase07.test02</testName>
          <skipped>false</skipped>
          <failedSince>0</failedSince>
        </case>
        <case>
          <duration>2.201</duration>
          <className>TestMisc</className>
          <testName>TestCase07.test03</testName>
          <skipped>false</skipped>
          <failedSince>0</failedSince>
        </case>
        <case>
          <duration>2.458</duration>
          <className>TestMisc</className>
          <testName>TestCase08.test01</testName>
          <skipped>false</skipped>
          <failedSince>0</failedSince>
        </case>
        <case>
          <duration>0.007</duration>
          <className>TestMisc</className>
          <testName>TestCase08.test02</testName>
          <skipped>false</skipped>
          <failedSince>0</failedSince>
        </case>
        <case>
          <duration>0.025</duration>
          <className>TestMisc</className>
          <testName>TestCase08.test03</testName>
          <skipped>false</skipped>
          <failedSince>0</failedSince>
        </case>
        <case>
          <duration>0.0</duration>
          <className>TestMisc</className>
          <testName>TestCase08.test04</testName>
          <skipped>false</skipped>
          <failedSince>0</failedSince>
        </case>
        <case>
          <duration>1.012</duration>
          <className>TestMisc</className>
          <testName>TestCase08.test05</testName>
          <skipped>false</skipped>
          <failedSince>0</failedSince>
        </case>
        <case>
          <duration>3.706</duration>
          <className>TestMisc</className>
          <testName>TestCase08.test06</testName>
          <skipped>false</skipped>
          <failedSince>0</failedSince>
        </case>
        <case>
          <duration>0.484</duration>
          <className>TestMisc</className>
          <testName>TestCase08.test07</testName>
          <skipped>false</skipped>
          <failedSince>0</failedSince>
        </case>
        <case>
          <duration>2.014</duration>
          <className>TestMisc</className>
          <testName>TestCase08.test08</testName>
          <skipped>false</skipped>
          <failedSince>0</failedSince>
        </case>
        <case>
          <duration>8.803</duration>
          <className>TestMisc</className>
          <testName>TestCase08.test09</testName>
          <skipped>false</skipped>
          <failedSince>0</failedSince>
        </case>
        <case>
          <duration>2.177</duration>
          <className>TestMisc</className>
          <testName>TestCase08.test10</testName>
          <skipped>false</skipped>
          <failedSince>0</failedSince>
        </case>
        <case>
          <duration>2.482</duration>
          <className>TestMisc</className>
          <testName>TestCase09.test01</testName>
          <skipped>false</skipped>
          <failedSince>0</failedSince>
        </case>
        <case>
          <duration>0.007</duration>
          <className>TestMisc</className>
          <testName>TestCase09.test02</testName>
          <skipped>false</skipped>
          <failedSince>0</failedSince>
        </case>
        <case>
          <duration>4.701</duration>
          <className>TestMisc</className>
          <testName>TestCase09a.test01</testName>
          <skipped>false</skipped>
          <failedSince>0</failedSince>
        </case>
        <case>
          <duration>0.007</duration>
          <className>TestMisc</className>
          <testName>TestCase09a.test02</testName>
          <skipped>false</skipped>
          <failedSince>0</failedSince>
        </case>
        <case>
          <duration>2.454</duration>
          <className>TestMisc</className>
          <testName>TestCase10.test01</testName>
          <skipped>false</skipped>
          <failedSince>0</failedSince>
        </case>
        <case>
          <duration>0.01</duration>
          <className>TestMisc</className>
          <testName>TestCase10.test02</testName>
          <skipped>false</skipped>
          <failedSince>0</failedSince>
        </case>
        <case>
          <duration>0.019</duration>
          <className>TestMisc</className>
          <testName>TestCase10.test03</testName>
          <skipped>false</skipped>
          <failedSince>0</failedSince>
        </case>
        <case>
          <duration>0.018</duration>
          <className>TestMisc</className>
          <testName>TestCase10.test04</testName>
          <skipped>false</skipped>
          <failedSince>0</failedSince>
        </case>
        <case>
          <duration>0.028</duration>
          <className>TestMisc</className>
          <testName>TestCase10.test05</testName>
          <skipped>false</skipped>
          <failedSince>0</failedSince>
        </case>
        <case>
          <duration>2.014</duration>
          <className>TestMisc</className>
          <testName>TestCase11.test01</testName>
          <skipped>false</skipped>
          <failedSince>0</failedSince>
        </case>
        <case>
          <duration>0.016</duration>
          <className>TestMisc</className>
          <testName>TestCase11.test02</testName>
          <skipped>false</skipped>
          <failedSince>0</failedSince>
        </case>
        <case>
          <duration>19.414</duration>
          <className>TestMisc</className>
          <testName>TestCase11.test03</testName>
          <skipped>false</skipped>
          <failedSince>0</failedSince>
        </case>
        <case>
          <duration>2.144</duration>
          <className>TestMisc</className>
          <testName>TestCase12.test01</testName>
          <skipped>false</skipped>
          <failedSince>0</failedSince>
        </case>
        <case>
          <duration>0.008</duration>
          <className>TestMisc</className>
          <testName>TestCase12.test02</testName>
          <skipped>false</skipped>
          <failedSince>0</failedSince>
        </case>
        <case>
          <duration>2.67</duration>
          <className>TestMisc</className>
          <testName>TestCase13.test01</testName>
          <skipped>false</skipped>
          <failedSince>0</failedSince>
        </case>
        <case>
          <duration>0.0</duration>
          <className>TestMisc</className>
          <testName>TestCase14.test01</testName>
          <skipped>false</skipped>
          <failedSince>0</failedSince>
        </case>
        <case>
          <duration>0.022</duration>
          <className>TestMisc</className>
          <testName>TestCase15.test01</testName>
          <skipped>false</skipped>
          <failedSince>0</failedSince>
        </case>
        <case>
          <duration>0.018</duration>
          <className>TestMisc</className>
          <testName>TestCase15.test02_when_no_reporting_periods</testName>
          <skipped>false</skipped>
          <failedSince>0</failedSince>
        </case>
      </cases>
    </suite>
    <suite>
      <file>/home/jenkins/workspace/Backend/CMC/test-results/TEST-rest-TestRestConfigChanges.xml</file>
      <name>rest.TestRestConfigChanges</name>
      <stdout>...Test skipped on the Central Manager
.Test skipped on the Central Manager
.Test skipped on the Central Manager
.</stdout>
      <stderr></stderr>
      <duration>67.173</duration>
      <timestamp>2019-05-07T12:37:40.704473</timestamp>
      <time>67.173</time>
      <enclosingBlocks/>
      <enclosingBlockNames/>
      <cases>
        <case>
          <duration>18.561</duration>
          <className>TestRestConfigChanges</className>
          <testName>TestCase01.test01</testName>
          <skipped>false</skipped>
          <failedSince>0</failedSince>
        </case>
        <case>
          <duration>11.974</duration>
          <className>TestRestConfigChanges</className>
          <testName>TestCase01.test02</testName>
          <skipped>false</skipped>
          <failedSince>0</failedSince>
        </case>
        <case>
          <duration>10.082</duration>
          <className>TestRestConfigChanges</className>
          <testName>TestCase01.test03</testName>
          <skipped>false</skipped>
          <failedSince>0</failedSince>
        </case>
        <case>
          <duration>9.236</duration>
          <className>TestRestConfigChanges</className>
          <testName>TestCase01.test04</testName>
          <skipped>false</skipped>
          <failedSince>0</failedSince>
        </case>
        <case>
          <duration>11.708</duration>
          <className>TestRestConfigChanges</className>
          <testName>TestCase01.test05</testName>
          <skipped>false</skipped>
          <failedSince>0</failedSince>
        </case>
        <case>
          <duration>5.611</duration>
          <className>TestRestConfigChanges</className>
          <testName>TestCase01.test06</testName>
          <skipped>false</skipped>
          <failedSince>0</failedSince>
        </case>
      </cases>
    </suite>
    <suite>
      <file>/home/jenkins/workspace/Backend/CMC/test-results/TEST-cli-TestRoundRobin.xml</file>
      <name>cli.TestRoundRobin</name>
      <stdout>
TestCase01.test01: Completion info for &apos;system-setting flow-round-robin&apos; command
.
TestCase01.test02: Syntax for the &apos;system-setting flow-round-robin&apos; command
.
TestCase01.test03: Check if the limit of 5 subnets configured is properly enforced
.
TestCase01.test04: Check if the Semantic Check is properly validating subnet overlap
.Test skipped on the Central Manager
.Test skipped on the Central Manager
.Test skipped on the Central Manager
.Test skipped on the Central Manager
.Test skipped on the Central Manager
.Test skipped on the Central Manager
.
TestCase03.test01_check_cmc_autocomplete_on_cne_context: Completion info for &apos;system-setting flow-round-robin&apos; command on a CNE context
.Test skipped on the Central Manager
.Test skipped on the Central Manager
.</stdout>
      <stderr></stderr>
      <duration>68.703</duration>
      <timestamp>2019-05-07T12:37:42.987976</timestamp>
      <time>68.703</time>
      <enclosingBlocks/>
      <enclosingBlockNames/>
      <cases>
        <case>
          <duration>35.511</duration>
          <className>TestRoundRobin</className>
          <testName>TestCase01.test01</testName>
          <skipped>false</skipped>
          <failedSince>0</failedSince>
        </case>
        <case>
          <duration>17.255</duration>
          <className>TestRoundRobin</className>
          <testName>TestCase01.test02</testName>
          <skipped>false</skipped>
          <failedSince>0</failedSince>
        </case>
        <case>
          <duration>3.885</duration>
          <className>TestRoundRobin</className>
          <testName>TestCase01.test03</testName>
          <skipped>false</skipped>
          <failedSince>0</failedSince>
        </case>
        <case>
          <duration>3.005</duration>
          <className>TestRoundRobin</className>
          <testName>TestCase01.test04</testName>
          <skipped>false</skipped>
          <failedSince>0</failedSince>
        </case>
        <case>
          <duration>0.0</duration>
          <className>TestRoundRobin</className>
          <testName>TestCase02.test01_basic_processing</testName>
          <skipped>false</skipped>
          <failedSince>0</failedSince>
        </case>
        <case>
          <duration>0.0</duration>
          <className>TestRoundRobin</className>
          <testName>TestCase02.test02_skip_pd</testName>
          <skipped>false</skipped>
          <failedSince>0</failedSince>
        </case>
        <case>
          <duration>0.0</duration>
          <className>TestRoundRobin</className>
          <testName>TestCase02.test03_frag_warning</testName>
          <skipped>false</skipped>
          <failedSince>0</failedSince>
        </case>
        <case>
          <duration>0.0</duration>
          <className>TestRoundRobin</className>
          <testName>TestCase02.test04_skip_message_sequence_gaps</testName>
          <skipped>false</skipped>
          <failedSince>0</failedSince>
        </case>
        <case>
          <duration>0.0</duration>
          <className>TestRoundRobin</className>
          <testName>TestCase02.test05_decoder_storages_access_warning</testName>
          <skipped>false</skipped>
          <failedSince>0</failedSince>
        </case>
        <case>
          <duration>0.0</duration>
          <className>TestRoundRobin</className>
          <testName>TestCase02.test06_topn_number_of_flows</testName>
          <skipped>false</skipped>
          <failedSince>0</failedSince>
        </case>
        <case>
          <duration>9.045</duration>
          <className>TestRoundRobin</className>
          <testName>TestCase03.test01_check_cmc_autocomplete_on_cne_context</testName>
          <skipped>false</skipped>
          <failedSince>0</failedSince>
        </case>
        <case>
          <duration>0.0</duration>
          <className>TestRoundRobin</className>
          <testName>TestCase04.test01</testName>
          <skipped>false</skipped>
          <failedSince>0</failedSince>
        </case>
        <case>
          <duration>0.0</duration>
          <className>TestRoundRobin</className>
          <testName>TestCase05.test01</testName>
          <skipped>false</skipped>
          <failedSince>0</failedSince>
        </case>
      </cases>
    </suite>
    <suite>
      <file>/home/jenkins/workspace/Backend/CMC@9/test-results/TEST-rest-TestRestBusinessEventFeed.xml</file>
      <name>rest.TestRestBusinessEventFeed</name>
      <stdout>...
TestCase01.test04: events
.
TestCase01.test05: mapping-rules
.
TestCase01.test06: generate-events
.
TestCase01.test07: statistic
.
TestCase01.test08: event fields
.
TestCase01.test09: generate-event fields: constants
.
TestCase01.test10: generate-event fields: message-type
.
TestCase01.test11: generate-event fields: fields
.
TestCase01.test12: generate-event fields: decoder-fields
.
TestCase01.test13: mapping-rule: valid decoders
.
TestCase01.test14: generate-event fields: fields
.Test skipp
...[truncated 354 chars]...
tics system limit
.
TestCase01.test20: Limit on the number of business-event-feeds
.
TestCase01.test21: Get the schema of a event-feed
.
TestCase01.test22: Check that changes in attached channels are reverted correctly
.
TestCase01.test23: BQM-31990 - probed crashes replacing BEF scalability config
.
TestCase01.test24: BQM-31990 - probed crashes replacing BEF scalability config
.
TestCase01.test25: BQM-31990 - probed crashes replacing BEF scalability config
.Test skipped on the Central Manager
.</stdout>
      <stderr></stderr>
      <duration>157.153</duration>
      <timestamp>2019-05-07T12:36:13.148083</timestamp>
      <time>157.153</time>
      <enclosingBlocks/>
      <enclosingBlockNames/>
      <cases>
        <case>
          <duration>24.656</duration>
          <className>TestRestBusinessEventFeed</className>
          <testName>TestCase01.test01</testName>
          <skipped>false</skipped>
          <failedSince>0</failedSince>
        </case>
        <case>
          <duration>19.16</duration>
          <className>TestRestBusinessEventFeed</className>
          <testName>TestCase01.test02</testName>
          <skipped>false</skipped>
          <failedSince>0</failedSince>
        </case>
        <case>
          <duration>14.203</duration>
          <className>TestRestBusinessEventFeed</className>
          <testName>TestCase01.test03</testName>
          <skipped>false</skipped>
          <failedSince>0</failedSince>
        </case>
        <case>
          <duration>0.725</duration>
          <className>TestRestBusinessEventFeed</className>
          <testName>TestCase01.test04</testName>
          <skipped>false</skipped>
          <failedSince>0</failedSince>
        </case>
        <case>
          <duration>3.32</duration>
          <className>TestRestBusinessEventFeed</className>
          <testName>TestCase01.test05</testName>
          <skipped>false</skipped>
          <failedSince>0</failedSince>
        </case>
        <case>
          <duration>2.611</duration>
          <className>TestRestBusinessEventFeed</className>
          <testName>TestCase01.test06</testName>
          <skipped>false</skipped>
          <failedSince>0</failedSince>
        </case>
        <case>
          <duration>3.359</duration>
          <className>TestRestBusinessEventFeed</className>
          <testName>TestCase01.test07</testName>
          <skipped>false</skipped>
          <failedSince>0</failedSince>
        </case>
        <case>
          <duration>3.083</duration>
          <className>TestRestBusinessEventFeed</className>
          <testName>TestCase01.test08</testName>
          <skipped>false</skipped>
          <failedSince>0</failedSince>
        </case>
        <case>
          <duration>3.319</duration>
          <className>TestRestBusinessEventFeed</className>
          <testName>TestCase01.test09</testName>
          <skipped>false</skipped>
          <failedSince>0</failedSince>
        </case>
        <case>
          <duration>6.951</duration>
          <className>TestRestBusinessEventFeed</className>
          <testName>TestCase01.test10</testName>
          <skipped>false</skipped>
          <failedSince>0</failedSince>
        </case>
        <case>
          <duration>0.923</duration>
          <className>TestRestBusinessEventFeed</className>
          <testName>TestCase01.test11</testName>
          <skipped>false</skipped>
          <failedSince>0</failedSince>
        </case>
        <case>
          <duration>5.04</duration>
          <className>TestRestBusinessEventFeed</className>
          <testName>TestCase01.test12</testName>
          <skipped>false</skipped>
          <failedSince>0</failedSince>
        </case>
        <case>
          <duration>2.836</duration>
          <className>TestRestBusinessEventFeed</className>
          <testName>TestCase01.test13</testName>
          <skipped>false</skipped>
          <failedSince>0</failedSince>
        </case>
        <case>
          <duration>10.476</duration>
          <className>TestRestBusinessEventFeed</className>
          <testName>TestCase01.test14</testName>
          <skipped>false</skipped>
          <failedSince>0</failedSince>
        </case>
        <case>
          <duration>2.817</duration>
          <className>TestRestBusinessEventFeed</className>
          <testName>TestCase01.test15</testName>
          <skipped>false</skipped>
          <failedSince>0</failedSince>
        </case>
        <case>
          <duration>2.745</duration>
          <className>TestRestBusinessEventFeed</className>
          <testName>TestCase01.test16</testName>
          <skipped>false</skipped>
          <failedSince>0</failedSince>
        </case>
        <case>
          <duration>4.482</duration>
          <className>TestRestBusinessEventFeed</className>
          <testName>TestCase01.test17</testName>
          <skipped>false</skipped>
          <failedSince>0</failedSince>
        </case>
        <case>
          <duration>5.214</duration>
          <className>TestRestBusinessEventFeed</className>
          <testName>TestCase01.test18</testName>
          <skipped>false</skipped>
          <failedSince>0</failedSince>
        </case>
        <case>
          <duration>8.234</duration>
          <className>TestRestBusinessEventFeed</className>
          <testName>TestCase01.test19</testName>
          <skipped>false</skipped>
          <failedSince>0</failedSince>
        </case>
        <case>
          <duration>3.325</duration>
          <className>TestRestBusinessEventFeed</className>
          <testName>TestCase01.test20</testName>
          <skipped>false</skipped>
          <failedSince>0</failedSince>
        </case>
        <case>
          <duration>10.233</duration>
          <className>TestRestBusinessEventFeed</className>
          <testName>TestCase01.test21</testName>
          <skipped>false</skipped>
          <failedSince>0</failedSince>
        </case>
        <case>
          <duration>3.174</duration>
          <className>TestRestBusinessEventFeed</className>
          <testName>TestCase01.test22</testName>
          <skipped>false</skipped>
          <failedSince>0</failedSince>
        </case>
        <case>
          <duration>4.824</duration>
          <className>TestRestBusinessEventFeed</className>
          <testName>TestCase01.test23</testName>
          <skipped>false</skipped>
          <failedSince>0</failedSince>
        </case>
        <case>
          <duration>3.205</duration>
          <className>TestRestBusinessEventFeed</className>
          <testName>TestCase01.test24</testName>
          <skipped>false</skipped>
          <failedSince>0</failedSince>
        </case>
        <case>
          <duration>3.478</duration>
          <className>TestRestBusinessEventFeed</className>
          <testName>TestCase01.test25</testName>
          <skipped>false</skipped>
          <failedSince>0</failedSince>
        </case>
        <case>
          <duration>4.758</duration>
          <className>TestRestBusinessEventFeed</className>
          <testName>TestCase02.test01</testName>
          <skipped>false</skipped>
          <failedSince>0</failedSince>
        </case>
      </cases>
    </suite>
    <suite>
      <file>/home/jenkins/workspace/Backend/CMC/test-results/TEST-cli-TestNatDomain.xml</file>
      <name>cli.TestNatDomain</name>
      <stdout>.....Error: IP address 11.12.13.14 is being used by the local CMC

............</stdout>
      <stderr></stderr>
      <duration>115.035</duration>
      <timestamp>2019-05-07T12:36:57.564315</timestamp>
      <time>115.035</time>
      <enclosingBlocks/>
      <enclosingBlockNames/>
      <cases>
        <case>
          <duration>19.93</duration>
          <className>TestNatDomain</className>
          <testName>TestCase01.test01</testName>
          <skipped>false</skipped>
          <failedSince>0</failedSince>
        </case>
        <case>
          <duration>0.401</duration>
          <className>TestNatDomain</className>
          <testName>TestCase01.test02</testName>
          <skipped>false</skipped>
          <failedSince>0</failedSince>
        </case>
        <case>
          <duration>0.335</duration>
          <className>TestNatDomain</className>
          <testName>TestCase01.test03</testName>
          <skipped>false</skipped>
          <failedSince>0</failedSince>
        </case>
        <case>
          <duration>0.377</duration>
          <className>TestNatDomain</className>
          <testName>TestCase01.test04</testName>
          <skipped>false</skipped>
          <failedSince>0</failedSince>
        </case>
        <case>
          <duration>1.134</duration>
          <className>TestNatDomain</className>
          <testName>TestCase01.test05</testName>
          <skipped>false</skipped>
          <failedSince>0</failedSince>
        </case>
        <case>
          <duration>8.171</duration>
          <className>TestNatDomain</className>
          <testName>TestCase01.test06</testName>
          <skipped>false</skipped>
          <failedSince>0</failedSince>
        </case>
        <case>
          <duration>0.354</duration>
          <className>TestNatDomain</className>
          <testName>TestCase01.test07</testName>
          <skipped>false</skipped>
          <failedSince>0</failedSince>
        </case>
        <case>
          <duration>10.513</duration>
          <className>TestNatDomain</className>
          <testName>TestCase01.test08</testName>
          <skipped>false</skipped>
          <failedSince>0</failedSince>
        </case>
        <case>
          <duration>9.48</duration>
          <className>TestNatDomain</className>
          <testName>TestCase01.test09</testName>
          <skipped>false</skipped>
          <failedSince>0</failedSince>
        </case>
        <case>
          <duration>14.78</duration>
          <className>TestNatDomain</className>
          <testName>TestCase01.test10</testName>
          <skipped>false</skipped>
          <failedSince>0</failedSince>
        </case>
        <case>
          <duration>5.24</duration>
          <className>TestNatDomain</className>
          <testName>TestCase01.test11</testName>
          <skipped>false</skipped>
          <failedSince>0</failedSince>
        </case>
        <case>
          <duration>5.288</duration>
          <className>TestNatDomain</className>
          <testName>TestCase01.test12</testName>
          <skipped>false</skipped>
          <failedSince>0</failedSince>
        </case>
        <case>
          <duration>0.023</duration>
          <className>TestNatDomain</className>
          <testName>TestCase01.test13</testName>
          <skipped>false</skipped>
          <failedSince>0</failedSince>
        </case>
        <case>
          <duration>6.34</duration>
          <className>TestNatDomain</className>
          <testName>TestCase01.test14</testName>
          <skipped>false</skipped>
          <failedSince>0</failedSince>
        </case>
        <case>
          <duration>19.522</duration>
          <className>TestNatDomain</className>
          <testName>TestCase01.test15</testName>
          <skipped>false</skipped>
          <failedSince>0</failedSince>
        </case>
        <case>
          <duration>3.72</duration>
          <className>TestNatDomain</className>
          <testName>TestCase02.test01</testName>
          <skipped>false</skipped>
          <failedSince>0</failedSince>
        </case>
        <case>
          <duration>9.426</duration>
          <className>TestNatDomain</className>
          <testName>TestCase03.test01</testName>
          <skipped>false</skipped>
          <failedSince>0</failedSince>
        </case>
      </cases>
    </suite>
    <suite>
      <file>/home/jenkins/workspace/Backend/CMC@6/test-results/TEST-cli-TestAggregationTap.xml</file>
      <name>cli.TestAggregationTap</name>
      <stdout>......
TestCase01.test07: Test FDOS config for Netscout PFS1524 agg tap is gone
.Test skipped on the Central Manager
..Test skipped on the Central Manager
.Test skipped on the Central Manager
.Test skipped on the Central Manager
.Test skipped on the Central Manager
..
TestCase01.test15: Test semantic checks of &apos;with-clock-monitoring&apos; option in &apos;use-clock-sync&apos; command
Test skipped on the Central Manager
.Test skipped on the Central Manager
.Test test17 skipped in sandbox
.Test skipped on the Central Manager
.Test test19 skipped in sandbox
.Test test20 skipped in sandbox
.Skipping test on non-Napatech hardware
.Test skipped on the Central Manager
.Test skipped on the Central Manager
.Test test24 skipped in sandbox
.
TestCase01.test25: BQM-59099 Verify that arista-7280-7500 agg tap stacking can be configured
Test skipped on the Central Manager
..</stdout>
      <stderr></stderr>
      <duration>99.913</duration>
      <timestamp>2019-05-07T12:37:18.178075</timestamp>
      <time>99.913</time>
      <enclosingBlocks/>
      <enclosingBlockNames/>
      <cases>
        <case>
          <duration>14.835</duration>
          <className>TestAggregationTap</className>
          <testName>TestCase01.test01</testName>
          <skipped>false</skipped>
          <failedSince>0</failedSince>
        </case>
        <case>
          <duration>0.084</duration>
          <className>TestAggregationTap</className>
          <testName>TestCase01.test02</testName>
          <skipped>false</skipped>
          <failedSince>0</failedSince>
        </case>
        <case>
          <duration>0.301</duration>
          <className>TestAggregationTap</className>
          <testName>TestCase01.test03</testName>
          <skipped>false</skipped>
          <failedSince>0</failedSince>
        </case>
        <case>
          <duration>0.594</duration>
          <className>TestAggregationTap</className>
          <testName>TestCase01.test04</testName>
          <skipped>false</skipped>
          <failedSince>0</failedSince>
        </case>
        <case>
          <duration>1.484</duration>
          <className>TestAggregationTap</className>
          <testName>TestCase01.test05</testName>
          <skipped>false</skipped>
          <failedSince>0</failedSince>
        </case>
        <case>
          <duration>7.932</duration>
          <className>TestAggregationTap</className>
          <testName>TestCase01.test06</testName>
          <skipped>false</skipped>
          <failedSince>0</failedSince>
        </case>
        <case>
          <duration>6.946</duration>
          <className>TestAggregationTap</className>
          <testName>TestCase01.test07</testName>
          <skipped>false</skipped>
          <failedSince>0</failedSince>
        </case>
        <case>
          <duration>0.032</duration>
          <className>TestAggregationTap</className>
          <testName>TestCase01.test08</testName>
          <skipped>false</skipped>
          <failedSince>0</failedSince>
        </case>
        <case>
          <duration>10.248</duration>
          <className>TestAggregationTap</className>
          <testName>TestCase01.test09</testName>
          <skipped>false</skipped>
          <failedSince>0</failedSince>
        </case>
        <case>
          <duration>0.024</duration>
          <className>TestAggregationTap</className>
          <testName>TestCase01.test10</testName>
          <skipped>false</skipped>
          <failedSince>0</failedSince>
        </case>
        <case>
          <duration>0.028</duration>
          <className>TestAggregationTap</className>
          <testName>TestCase01.test11</testName>
          <skipped>false</skipped>
          <failedSince>0</failedSince>
        </case>
        <case>
          <duration>0.036</duration>
          <className>TestAggregationTap</className>
          <testName>TestCase01.test12</testName>
          <skipped>false</skipped>
          <failedSince>0</failedSince>
        </case>
        <case>
          <duration>0.024</duration>
          <className>TestAggregationTap</className>
          <testName>TestCase01.test13</testName>
          <skipped>false</skipped>
          <failedSince>0</failedSince>
        </case>
        <case>
          <duration>57.16</duration>
          <className>TestAggregationTap</className>
          <testName>TestCase01.test14</testName>
          <skipped>false</skipped>
          <failedSince>0</failedSince>
        </case>
        <case>
          <duration>0.029</duration>
          <className>TestAggregationTap</className>
          <testName>TestCase01.test15</testName>
          <skipped>false</skipped>
          <failedSince>0</failedSince>
        </case>
        <case>
          <duration>0.024</duration>
          <className>TestAggregationTap</className>
          <testName>TestCase01.test16</testName>
          <skipped>false</skipped>
          <failedSince>0</failedSince>
        </case>
        <case>
          <duration>0.0</duration>
          <className>TestAggregationTap</className>
          <testName>TestCase01.test17</testName>
          <skipped>false</skipped>
          <failedSince>0</failedSince>
        </case>
        <case>
          <duration>0.02</duration>
          <className>TestAggregationTap</className>
          <testName>TestCase01.test18</testName>
          <skipped>false</skipped>
          <failedSince>0</failedSince>
        </case>
        <case>
          <duration>0.0</duration>
          <className>TestAggregationTap</className>
          <testName>TestCase01.test19</testName>
          <skipped>false</skipped>
          <failedSince>0</failedSince>
        </case>
        <case>
          <duration>0.0</duration>
          <className>TestAggregationTap</className>
          <testName>TestCase01.test20</testName>
          <skipped>false</skipped>
          <failedSince>0</failedSince>
        </case>
        <case>
          <duration>0.014</duration>
          <className>TestAggregationTap</className>
          <testName>TestCase01.test21</testName>
          <skipped>false</skipped>
          <failedSince>0</failedSince>
        </case>
        <case>
          <duration>0.027</duration>
          <className>TestAggregationTap</className>
          <testName>TestCase01.test22</testName>
          <skipped>false</skipped>
          <failedSince>0</failedSince>
        </case>
        <case>
          <duration>0.026</duration>
          <className>TestAggregationTap</className>
          <testName>TestCase01.test23</testName>
          <skipped>false</skipped>
          <failedSince>0</failedSince>
        </case>
        <case>
          <duration>0.0</duration>
          <className>TestAggregationTap</className>
          <testName>TestCase01.test24</testName>
          <skipped>false</skipped>
          <failedSince>0</failedSince>
        </case>
        <case>
          <duration>0.023</duration>
          <className>TestAggregationTap</className>
          <testName>TestCase01.test25</testName>
          <skipped>false</skipped>
          <failedSince>0</failedSince>
        </case>
        <case>
          <duration>0.019</duration>
          <className>TestAggregationTap</className>
          <testName>TestCase01.test99</testName>
          <skipped>false</skipped>
          <failedSince>0</failedSince>
        </case>
      </cases>
    </suite>
    <suite>
      <file>/home/jenkins/workspace/Backend/CMC/test-results/TEST-rest-TestRestSession.xml</file>
      <name>rest.TestRestSession</name>
      <stdout>
TestCase01.test03: Test system limit on number of sessions
.
TestCase02.test01: Create / check/ rename / delete a tag-type
.
TestCase02.test02: Attempt to delete a tag type that is in use in a session
.
TestCase02.test03: Attempt to create a session with a tag of a type that does not exist
.
TestCase02.test04: Misc negative tag-type tests
.
TestCase03.test01: Create / check/ modify/ delete a session
.
TestCase03.test02: Config push works with sessions
Test skipped on the Central Manager
.
TestCase03.test03: Adding tags to sessions by using session names
Test skipped on the Central Manager
.
TestCase04.test01: Failed addition of tags to existing session
.
TestCase04.test02: Failed replacement of tags
.
TestCase04.test03: Failed removal of tags on existing sessions
.
TestCase04.test04: Failed tag creation on session creation
.
TestCase04.test05: Failed session creation because of two tags with same type
.
TestCase04.test06: Failed session deletion does not result in tag deletion
.</stdout>
      <stderr></stderr>
      <duration>118.674</duration>
      <timestamp>2019-05-07T12:37:08.339505</timestamp>
      <time>118.674</time>
      <enclosingBlocks/>
      <enclosingBlockNames/>
      <cases>
        <case>
          <duration>45.244</duration>
          <className>TestRestSession</className>
          <testName>TestCase01.test03</testName>
          <skipped>false</skipped>
          <failedSince>0</failedSince>
        </case>
        <case>
          <duration>12.075</duration>
          <className>TestRestSession</className>
          <testName>TestCase02.test01</testName>
          <skipped>false</skipped>
          <failedSince>0</failedSince>
        </case>
        <case>
          <duration>4.048</duration>
          <className>TestRestSession</className>
          <testName>TestCase02.test02</testName>
          <skipped>false</skipped>
          <failedSince>0</failedSince>
        </case>
        <case>
          <duration>4.063</duration>
          <className>TestRestSession</className>
          <testName>TestCase02.test03</testName>
          <skipped>false</skipped>
          <failedSince>0</failedSince>
        </case>
        <case>
          <duration>4.207</duration>
          <className>TestRestSession</className>
          <testName>TestCase02.test04</testName>
          <skipped>false</skipped>
          <failedSince>0</failedSince>
        </case>
        <case>
          <duration>11.11</duration>
          <className>TestRestSession</className>
          <testName>TestCase03.test01</testName>
          <skipped>false</skipped>
          <failedSince>0</failedSince>
        </case>
        <case>
          <duration>0.024</duration>
          <className>TestRestSession</className>
          <testName>TestCase03.test02</testName>
          <skipped>false</skipped>
          <failedSince>0</failedSince>
        </case>
        <case>
          <duration>0.008</duration>
          <className>TestRestSession</className>
          <testName>TestCase03.test03</testName>
          <skipped>false</skipped>
          <failedSince>0</failedSince>
        </case>
        <case>
          <duration>4.236</duration>
          <className>TestRestSession</className>
          <testName>TestCase04.test01</testName>
          <skipped>false</skipped>
          <failedSince>0</failedSince>
        </case>
        <case>
          <duration>4.849</duration>
          <className>TestRestSession</className>
          <testName>TestCase04.test02</testName>
          <skipped>false</skipped>
          <failedSince>0</failedSince>
        </case>
        <case>
          <duration>9.344</duration>
          <className>TestRestSession</className>
          <testName>TestCase04.test03</testName>
          <skipped>false</skipped>
          <failedSince>0</failedSince>
        </case>
        <case>
          <duration>4.874</duration>
          <className>TestRestSession</className>
          <testName>TestCase04.test04</testName>
          <skipped>false</skipped>
          <failedSince>0</failedSince>
        </case>
        <case>
          <duration>4.356</duration>
          <className>TestRestSession</className>
          <testName>TestCase04.test05</testName>
          <skipped>false</skipped>
          <failedSince>0</failedSince>
        </case>
        <case>
          <duration>10.233</duration>
          <className>TestRestSession</className>
          <testName>TestCase04.test06</testName>
          <skipped>false</skipped>
          <failedSince>0</failedSince>
        </case>
      </cases>
    </suite>
    <suite>
      <file>/home/jenkins/workspace/Backend/CMC@3/test-results/TEST-rest-TestRestSensor.xml</file>
      <name>rest.TestRestSensor</name>
      <stdout>Test skipped on the Central Manager
.....
TestCase01.test06_Session_with_attached_sensors: Attaching sensors through REST
[&apos;all&apos;] --&gt; [&apos;all&apos;]
[&apos;none&apos;] --&gt; [&apos;none&apos;]
[&apos;test06a&apos;] --&gt; [&apos;test06a&apos;]
[&apos;test06b&apos;, &apos;test06a&apos;] --&gt; [&apos;test06a&apos;, &apos;test06b&apos;]
[&apos;test06c&apos;, &apos;test06b&apos;, &apos;test06a&apos;] --&gt; [&apos;test06a&apos;, &apos;test06b&apos;, &apos;test06c&apos;]
..
TestCase01.test08_sensors_runtime_status: Tests Sensors runtime metrics
Test skipped on the Central Manager
.
TestCase01.test09_BQM48977_capture_interfaces_recreated: Test that when r
...[truncated 152 chars]...
all_in_attached_sensor: Check error when REST user tries define both &apos;none&apos; and &apos;all&apos; option in attached-sensor filed (inside session config object)
Test skipped on the Central Manager
.
TestCase01.test11_disallow_none_or_all_with_individual_sensor_in_attached_sensor: Check error when REST user tries define &apos;none&apos; or &apos;all&apos; option with individual sensor name in attached-sensor filed (inside session config object)
Test skipped on the Central Manager
.
TestCase02.test01: Sensor object CRUD on CMC
.</stdout>
      <stderr></stderr>
      <duration>125.489</duration>
      <timestamp>2019-05-07T12:37:01.309087</timestamp>
      <time>125.489</time>
      <enclosingBlocks/>
      <enclosingBlockNames/>
      <cases>
        <case>
          <duration>15.494</duration>
          <className>TestRestSensor</className>
          <testName>TestCase01.test01</testName>
          <skipped>false</skipped>
          <failedSince>0</failedSince>
        </case>
        <case>
          <duration>60.72</duration>
          <className>TestRestSensor</className>
          <testName>TestCase01.test02</testName>
          <skipped>false</skipped>
          <failedSince>0</failedSince>
        </case>
        <case>
          <duration>3.977</duration>
          <className>TestRestSensor</className>
          <testName>TestCase01.test03</testName>
          <skipped>false</skipped>
          <failedSince>0</failedSince>
        </case>
        <case>
          <duration>4.468</duration>
          <className>TestRestSensor</className>
          <testName>TestCase01.test04</testName>
          <skipped>false</skipped>
          <failedSince>0</failedSince>
        </case>
        <case>
          <duration>4.855</duration>
          <className>TestRestSensor</className>
          <testName>TestCase01.test05</testName>
          <skipped>false</skipped>
          <failedSince>0</failedSince>
        </case>
        <case>
          <duration>3.61</duration>
          <className>TestRestSensor</className>
          <testName>TestCase01.test06_Session_with_attached_sensors</testName>
          <skipped>false</skipped>
          <failedSince>0</failedSince>
        </case>
        <case>
          <duration>10.574</duration>
          <className>TestRestSensor</className>
          <testName>TestCase01.test07_Modify_session</testName>
          <skipped>false</skipped>
          <failedSince>0</failedSince>
        </case>
        <case>
          <duration>1.292</duration>
          <className>TestRestSensor</className>
          <testName>TestCase01.test08_sensors_runtime_status</testName>
          <skipped>false</skipped>
          <failedSince>0</failedSince>
        </case>
        <case>
          <duration>4.142</duration>
          <className>TestRestSensor</className>
          <testName>TestCase01.test09_BQM48977_capture_interfaces_recreated</testName>
          <skipped>false</skipped>
          <failedSince>0</failedSince>
        </case>
        <case>
          <duration>3.264</duration>
          <className>TestRestSensor</className>
          <testName>TestCase01.test10_disallow_none_and_all_in_attached_sensor</testName>
          <skipped>false</skipped>
          <failedSince>0</failedSince>
        </case>
        <case>
          <duration>2.874</duration>
          <className>TestRestSensor</className>
          <testName>TestCase01.test11_disallow_none_or_all_with_individual_sensor_in_attached_sensor</testName>
          <skipped>false</skipped>
          <failedSince>0</failedSince>
        </case>
        <case>
          <duration>10.216</duration>
          <className>TestRestSensor</className>
          <testName>TestCase02.test01</testName>
          <skipped>false</skipped>
          <failedSince>0</failedSince>
        </case>
      </cases>
    </suite>
    <suite>
      <file>/home/jenkins/workspace/Backend/CMC@4/test-results/TEST-cli-TestSslProxy.xml</file>
      <name>cli.TestSslProxy</name>
      <stdout>
TestCase01.test01: Test content of generated self-signed certificate
.
TestCase01.test02: For each HTTPS confguration: check it uses SSL as expected
Checking socket open cne:80
Checking socket open cne:80
Checking socket open cne:80
Checking socket open cne:80
Checking socket open cne:80
Checking socket open cne:80
Checking socket open cne:80
Checking socket open cne:80
Checking socket open cne:80
Checking socket open cne:80
Checking socket open cne:80
Checking socket open cne:80
Checking socke
...[truncated 904 chars]...
 ports are open
Checking socket open cne:80
Checking socket open cne:443
Checking socket open cne:80
Checking socket open cne:443
Checking socket open cne:80
Checking socket open cne:443
.
TestCase01.test05: Test conversion of Java keystore to CRT/KEY pair
.
TestCase01.test06: Test SQL view cne_security_mode on CNE
Test skipped on the Central Manager
.
TestCase01.test07: Test SQL view cne_security_mode on CMC
.
TestCase01.test08: BQM-38981 nginx main error log should be at warn level, not info
.</stdout>
      <stderr></stderr>
      <duration>68.063</duration>
      <timestamp>2019-05-07T12:38:01.638186</timestamp>
      <time>68.063</time>
      <enclosingBlocks/>
      <enclosingBlockNames/>
      <cases>
        <case>
          <duration>1.995</duration>
          <className>TestSslProxy</className>
          <testName>TestCase01.test01</testName>
          <skipped>false</skipped>
          <failedSince>0</failedSince>
        </case>
        <case>
          <duration>54.142</duration>
          <className>TestSslProxy</className>
          <testName>TestCase01.test02</testName>
          <skipped>false</skipped>
          <failedSince>0</failedSince>
        </case>
        <case>
          <duration>0.939</duration>
          <className>TestSslProxy</className>
          <testName>TestCase01.test03</testName>
          <skipped>false</skipped>
          <failedSince>0</failedSince>
        </case>
        <case>
          <duration>6.164</duration>
          <className>TestSslProxy</className>
          <testName>TestCase01.test04</testName>
          <skipped>false</skipped>
          <failedSince>0</failedSince>
        </case>
        <case>
          <duration>1.186</duration>
          <className>TestSslProxy</className>
          <testName>TestCase01.test05</testName>
          <skipped>false</skipped>
          <failedSince>0</failedSince>
        </case>
        <case>
          <duration>0.023</duration>
          <className>TestSslProxy</className>
          <testName>TestCase01.test06</testName>
          <skipped>false</skipped>
          <failedSince>0</failedSince>
        </case>
        <case>
          <duration>2.868</duration>
          <className>TestSslProxy</className>
          <testName>TestCase01.test07</testName>
          <skipped>false</skipped>
          <failedSince>0</failedSince>
        </case>
        <case>
          <duration>0.746</duration>
          <className>TestSslProxy</className>
          <testName>TestCase01.test08</testName>
          <skipped>false</skipped>
          <failedSince>0</failedSince>
        </case>
      </cases>
    </suite>
    <suite>
      <file>/home/jenkins/workspace/Backend/CMC@3/test-results/TEST-rest-TestRestProbeSettings.xml</file>
      <name>rest.TestRestProbeSettings</name>
      <stdout>
.......................
TestCase01.test24: BQM-30549 Test that attributes missing on shutdown &lt;ports&gt; cause no broken tests
Test skipped on the Central Manager
.
TestCase01.test25: Test monitor clock on rest calls
Test skipped on the Central Manager
..</stdout>
      <stderr></stderr>
      <duration>134.054</duration>
      <timestamp>2019-05-07T12:36:50.874496</timestamp>
      <time>134.054</time>
      <enclosingBlocks/>
      <enclosingBlockNames/>
      <cases>
        <case>
          <duration>63.207</duration>
          <className>TestRestProbeSettings</className>
          <testName>TestCase01.test01</testName>
          <skipped>false</skipped>
          <failedSince>0</failedSince>
        </case>
        <case>
          <duration>0.91</duration>
          <className>TestRestProbeSettings</className>
          <testName>TestCase01.test02</testName>
          <skipped>false</skipped>
          <failedSince>0</failedSince>
        </case>
        <case>
          <duration>2.808</duration>
          <className>TestRestProbeSettings</className>
          <testName>TestCase01.test03</testName>
          <skipped>false</skipped>
          <failedSince>0</failedSince>
        </case>
        <case>
          <duration>5.269</duration>
          <className>TestRestProbeSettings</className>
          <testName>TestCase01.test04</testName>
          <skipped>false</skipped>
          <failedSince>0</failedSince>
        </case>
        <case>
          <duration>2.434</duration>
          <className>TestRestProbeSettings</className>
          <testName>TestCase01.test05</testName>
          <skipped>false</skipped>
          <failedSince>0</failedSince>
        </case>
        <case>
          <duration>3.171</duration>
          <className>TestRestProbeSettings</className>
          <testName>TestCase01.test06</testName>
          <skipped>false</skipped>
          <failedSince>0</failedSince>
        </case>
        <case>
          <duration>0.321</duration>
          <className>TestRestProbeSettings</className>
          <testName>TestCase01.test07</testName>
          <skipped>false</skipped>
          <failedSince>0</failedSince>
        </case>
        <case>
          <duration>0.145</duration>
          <className>TestRestProbeSettings</className>
          <testName>TestCase01.test08</testName>
          <skipped>false</skipped>
          <failedSince>0</failedSince>
        </case>
        <case>
          <duration>7.144</duration>
          <className>TestRestProbeSettings</className>
          <testName>TestCase01.test09</testName>
          <skipped>false</skipped>
          <failedSince>0</failedSince>
        </case>
        <case>
          <duration>0.404</duration>
          <className>TestRestProbeSettings</className>
          <testName>TestCase01.test10</testName>
          <skipped>false</skipped>
          <failedSince>0</failedSince>
        </case>
        <case>
          <duration>0.649</duration>
          <className>TestRestProbeSettings</className>
          <testName>TestCase01.test11</testName>
          <skipped>false</skipped>
          <failedSince>0</failedSince>
        </case>
        <case>
          <duration>1.425</duration>
          <className>TestRestProbeSettings</className>
          <testName>TestCase01.test12</testName>
          <skipped>false</skipped>
          <failedSince>0</failedSince>
        </case>
        <case>
          <duration>1.123</duration>
          <className>TestRestProbeSettings</className>
          <testName>TestCase01.test13</testName>
          <skipped>false</skipped>
          <failedSince>0</failedSince>
        </case>
        <case>
          <duration>1.054</duration>
          <className>TestRestProbeSettings</className>
          <testName>TestCase01.test14</testName>
          <skipped>false</skipped>
          <failedSince>0</failedSince>
        </case>
        <case>
          <duration>0.144</duration>
          <className>TestRestProbeSettings</className>
          <testName>TestCase01.test15</testName>
          <skipped>false</skipped>
          <failedSince>0</failedSince>
        </case>
        <case>
          <duration>0.304</duration>
          <className>TestRestProbeSettings</className>
          <testName>TestCase01.test16</testName>
          <skipped>false</skipped>
          <failedSince>0</failedSince>
        </case>
        <case>
          <duration>0.408</duration>
          <className>TestRestProbeSettings</className>
          <testName>TestCase01.test17</testName>
          <skipped>false</skipped>
          <failedSince>0</failedSince>
        </case>
        <case>
          <duration>4.406</duration>
          <className>TestRestProbeSettings</className>
          <testName>TestCase01.test18</testName>
          <skipped>false</skipped>
          <failedSince>0</failedSince>
        </case>
        <case>
          <duration>3.304</duration>
          <className>TestRestProbeSettings</className>
          <testName>TestCase01.test19</testName>
          <skipped>false</skipped>
          <failedSince>0</failedSince>
        </case>
        <case>
          <duration>2.881</duration>
          <className>TestRestProbeSettings</className>
          <testName>TestCase01.test20</testName>
          <skipped>false</skipped>
          <failedSince>0</failedSince>
        </case>
        <case>
          <duration>13.381</duration>
          <className>TestRestProbeSettings</className>
          <testName>TestCase01.test21</testName>
          <skipped>false</skipped>
          <failedSince>0</failedSince>
        </case>
        <case>
          <duration>8.498</duration>
          <className>TestRestProbeSettings</className>
          <testName>TestCase01.test22</testName>
          <skipped>false</skipped>
          <failedSince>0</failedSince>
        </case>
        <case>
          <duration>8.176</duration>
          <className>TestRestProbeSettings</className>
          <testName>TestCase01.test23</testName>
          <skipped>false</skipped>
          <failedSince>0</failedSince>
        </case>
        <case>
          <duration>0.024</duration>
          <className>TestRestProbeSettings</className>
          <testName>TestCase01.test24</testName>
          <skipped>false</skipped>
          <failedSince>0</failedSince>
        </case>
        <case>
          <duration>0.008</duration>
          <className>TestRestProbeSettings</className>
          <testName>TestCase01.test25</testName>
          <skipped>false</skipped>
          <failedSince>0</failedSince>
        </case>
        <case>
          <duration>2.437</duration>
          <className>TestRestProbeSettings</className>
          <testName>TestCase01.test26</testName>
          <skipped>false</skipped>
          <failedSince>0</failedSince>
        </case>
      </cases>
    </suite>
    <suite>
      <file>/home/jenkins/workspace/Backend/CMC@2/test-results/TEST-rest-TestRestChannel.xml</file>
      <name>rest.TestRestChannel</name>
      <stdout>............................Doing final test
.........Test skipped on the Central Manager
..Test skipped on the Central Manager
.
TestCase01.test41: Test rest interface for symmetric channels with diferent stats-map on both directions
....
TestCase01.test45: BQM-46924 check for NULL nso_map_id in rt_classes
...........TestCase02.test11: one-to-many via-many
.TestCase02.test12: match-all vs request-response
.
TestCase02.test13: BQM-38574 - Semantic checks for external timestamps
.TestCase02.test1
...[truncated 134 chars]...
s yet)
....
TestCase03.test06: BQM-14255: Error while removing a probe from a two probe channel
....Test skipped on the Central Manager
...Test skipped on the Central Manager
.Test skipped on the Central Manager
.....................TestCase07.test20: Check pnqm-translate
......Test skipped on the Central Manager
...Test skipped on the Central Manager
...
TestCase12.test01: 0CNE sessions
.
TestCase12.test02
.
TestCase12.test03
.
TestCase13.test01: Basic functionality of include-decode-failures
.</stdout>
      <stderr></stderr>
      <duration>219.684</duration>
      <timestamp>2019-05-07T12:35:36.385097</timestamp>
      <time>219.684</time>
      <enclosingBlocks/>
      <enclosingBlockNames/>
      <cases>
        <case>
          <duration>20.128</duration>
          <className>TestRestChannel</className>
          <testName>TestCase01.test01</testName>
          <skipped>false</skipped>
          <failedSince>0</failedSince>
        </case>
        <case>
          <duration>0.092</duration>
          <className>TestRestChannel</className>
          <testName>TestCase01.test02</testName>
          <skipped>false</skipped>
          <failedSince>0</failedSince>
        </case>
        <case>
          <duration>0.074</duration>
          <className>TestRestChannel</className>
          <testName>TestCase01.test03</testName>
          <skipped>false</skipped>
          <failedSince>0</failedSince>
        </case>
        <case>
          <duration>0.079</duration>
          <className>TestRestChannel</className>
          <testName>TestCase01.test04</testName>
          <skipped>false</skipped>
          <failedSince>0</failedSince>
        </case>
        <case>
          <duration>0.078</duration>
          <className>TestRestChannel</className>
          <testName>TestCase01.test05</testName>
          <skipped>false</skipped>
          <failedSince>0</failedSince>
        </case>
        <case>
          <duration>0.165</duration>
          <className>TestRestChannel</className>
          <testName>TestCase01.test06</testName>
          <skipped>false</skipped>
          <failedSince>0</failedSince>
        </case>
        <case>
          <duration>0.07</duration>
          <className>TestRestChannel</className>
          <testName>TestCase01.test07</testName>
          <skipped>false</skipped>
          <failedSince>0</failedSince>
        </case>
        <case>
          <duration>0.056</duration>
          <className>TestRestChannel</className>
          <testName>TestCase01.test08</testName>
          <skipped>false</skipped>
          <failedSince>0</failedSince>
        </case>
        <case>
          <duration>0.077</duration>
          <className>TestRestChannel</className>
          <testName>TestCase01.test09</testName>
          <skipped>false</skipped>
          <failedSince>0</failedSince>
        </case>
        <case>
          <duration>0.038</duration>
          <className>TestRestChannel</className>
          <testName>TestCase01.test10</testName>
          <skipped>false</skipped>
          <failedSince>0</failedSince>
        </case>
        <case>
          <duration>0.171</duration>
          <className>TestRestChannel</className>
          <testName>TestCase01.test11</testName>
          <skipped>false</skipped>
          <failedSince>0</failedSince>
        </case>
        <case>
          <duration>0.089</duration>
          <className>TestRestChannel</className>
          <testName>TestCase01.test12</testName>
          <skipped>false</skipped>
          <failedSince>0</failedSince>
        </case>
        <case>
          <duration>7.622</duration>
          <className>TestRestChannel</className>
          <testName>TestCase01.test13</testName>
          <skipped>false</skipped>
          <failedSince>0</failedSince>
        </case>
        <case>
          <duration>0.112</duration>
          <className>TestRestChannel</className>
          <testName>TestCase01.test14</testName>
          <skipped>false</skipped>
          <failedSince>0</failedSince>
        </case>
        <case>
          <duration>0.036</duration>
          <className>TestRestChannel</className>
          <testName>TestCase01.test15</testName>
          <skipped>false</skipped>
          <failedSince>0</failedSince>
        </case>
        <case>
          <duration>1.335</duration>
          <className>TestRestChannel</className>
          <testName>TestCase01.test16</testName>
          <skipped>false</skipped>
          <failedSince>0</failedSince>
        </case>
        <case>
          <duration>0.112</duration>
          <className>TestRestChannel</className>
          <testName>TestCase01.test17</testName>
          <skipped>false</skipped>
          <failedSince>0</failedSince>
        </case>
        <case>
          <duration>0.072</duration>
          <className>TestRestChannel</className>
          <testName>TestCase01.test18</testName>
          <skipped>false</skipped>
          <failedSince>0</failedSince>
        </case>
        <case>
          <duration>0.183</duration>
          <className>TestRestChannel</className>
          <testName>TestCase01.test19</testName>
          <skipped>false</skipped>
          <failedSince>0</failedSince>
        </case>
        <case>
          <duration>0.169</duration>
          <className>TestRestChannel</className>
          <testName>TestCase01.test20</testName>
          <skipped>false</skipped>
          <failedSince>0</failedSince>
        </case>
        <case>
          <duration>0.081</duration>
          <className>TestRestChannel</className>
          <testName>TestCase01.test21</testName>
          <skipped>false</skipped>
          <failedSince>0</failedSince>
        </case>
        <case>
          <duration>0.227</duration>
          <className>TestRestChannel</className>
          <testName>TestCase01.test22</testName>
          <skipped>false</skipped>
          <failedSince>0</failedSince>
        </case>
        <case>
          <duration>0.287</duration>
          <className>TestRestChannel</className>
          <testName>TestCase01.test23</testName>
          <skipped>false</skipped>
          <failedSince>0</failedSince>
        </case>
        <case>
          <duration>0.113</duration>
          <className>TestRestChannel</className>
          <testName>TestCase01.test24</testName>
          <skipped>false</skipped>
          <failedSince>0</failedSince>
        </case>
        <case>
          <duration>0.175</duration>
          <className>TestRestChannel</className>
          <testName>TestCase01.test25</testName>
          <skipped>false</skipped>
          <failedSince>0</failedSince>
        </case>
        <case>
          <duration>0.238</duration>
          <className>TestRestChannel</className>
          <testName>TestCase01.test26</testName>
          <skipped>false</skipped>
          <failedSince>0</failedSince>
        </case>
        <case>
          <duration>1.543</duration>
          <className>TestRestChannel</className>
          <testName>TestCase01.test27</testName>
          <skipped>false</skipped>
          <failedSince>0</failedSince>
        </case>
        <case>
          <duration>0.331</duration>
          <className>TestRestChannel</className>
          <testName>TestCase01.test28</testName>
          <skipped>false</skipped>
          <failedSince>0</failedSince>
        </case>
        <case>
          <duration>0.134</duration>
          <className>TestRestChannel</className>
          <testName>TestCase01.test29</testName>
          <skipped>false</skipped>
          <failedSince>0</failedSince>
        </case>
        <case>
          <duration>3.032</duration>
          <className>TestRestChannel</className>
          <testName>TestCase01.test30</testName>
          <skipped>false</skipped>
          <failedSince>0</failedSince>
        </case>
        <case>
          <duration>0.042</duration>
          <className>TestRestChannel</className>
          <testName>TestCase01.test31</testName>
          <skipped>false</skipped>
          <failedSince>0</failedSince>
        </case>
        <case>
          <duration>0.037</duration>
          <className>TestRestChannel</className>
          <testName>TestCase01.test32</testName>
          <skipped>false</skipped>
          <failedSince>0</failedSince>
        </case>
        <case>
          <duration>3.083</duration>
          <className>TestRestChannel</className>
          <testName>TestCase01.test33</testName>
          <skipped>false</skipped>
          <failedSince>0</failedSince>
        </case>
        <case>
          <duration>3.175</duration>
          <className>TestRestChannel</className>
          <testName>TestCase01.test34</testName>
          <skipped>false</skipped>
          <failedSince>0</failedSince>
        </case>
        <case>
          <duration>2.979</duration>
          <className>TestRestChannel</className>
          <testName>TestCase01.test35</testName>
          <skipped>false</skipped>
          <failedSince>0</failedSince>
        </case>
        <case>
          <duration>3.291</duration>
          <className>TestRestChannel</className>
          <testName>TestCase01.test36</testName>
          <skipped>false</skipped>
          <failedSince>0</failedSince>
        </case>
        <case>
          <duration>5.556</duration>
          <className>TestRestChannel</className>
          <testName>TestCase01.test37</testName>
          <skipped>false</skipped>
          <failedSince>0</failedSince>
        </case>
        <case>
          <duration>0.009</duration>
          <className>TestRestChannel</className>
          <testName>TestCase01.test38</testName>
          <skipped>false</skipped>
          <failedSince>0</failedSince>
        </case>
        <case>
          <duration>0.027</duration>
          <className>TestRestChannel</className>
          <testName>TestCase01.test39</testName>
          <skipped>false</skipped>
          <failedSince>0</failedSince>
        </case>
        <case>
          <duration>0.011</duration>
          <className>TestRestChannel</className>
          <testName>TestCase01.test40</testName>
          <skipped>false</skipped>
          <failedSince>0</failedSince>
        </case>
        <case>
          <duration>0.199</duration>
          <className>TestRestChannel</className>
          <testName>TestCase01.test41</testName>
          <skipped>false</skipped>
          <failedSince>0</failedSince>
        </case>
        <case>
          <duration>2.349</duration>
          <className>TestRestChannel</className>
          <testName>TestCase01.test42</testName>
          <skipped>false</skipped>
          <failedSince>0</failedSince>
        </case>
        <case>
          <duration>2.308</duration>
          <className>TestRestChannel</className>
          <testName>TestCase01.test43</testName>
          <skipped>false</skipped>
          <failedSince>0</failedSince>
        </case>
        <case>
          <duration>0.21</duration>
          <className>TestRestChannel</className>
          <testName>TestCase01.test44</testName>
          <skipped>false</skipped>
          <failedSince>0</failedSince>
        </case>
        <case>
          <duration>4.778</duration>
          <className>TestRestChannel</className>
          <testName>TestCase01.test45</testName>
          <skipped>false</skipped>
          <failedSince>0</failedSince>
        </case>
        <case>
          <duration>4.576</duration>
          <className>TestRestChannel</className>
          <testName>TestCase02.test01</testName>
          <skipped>false</skipped>
          <failedSince>0</failedSince>
        </case>
        <case>
          <duration>0.108</duration>
          <className>TestRestChannel</className>
          <testName>TestCase02.test02</testName>
          <skipped>false</skipped>
          <failedSince>0</failedSince>
        </case>
        <case>
          <duration>0.119</duration>
          <className>TestRestChannel</className>
          <testName>TestCase02.test03</testName>
          <skipped>false</skipped>
          <failedSince>0</failedSince>
        </case>
        <case>
          <duration>0.028</duration>
          <className>TestRestChannel</className>
          <testName>TestCase02.test04</testName>
          <skipped>false</skipped>
          <failedSince>0</failedSince>
        </case>
        <case>
          <duration>0.025</duration>
          <className>TestRestChannel</className>
          <testName>TestCase02.test05</testName>
          <skipped>false</skipped>
          <failedSince>0</failedSince>
        </case>
        <case>
          <duration>0.299</duration>
          <className>TestRestChannel</className>
          <testName>TestCase02.test06</testName>
          <skipped>false</skipped>
          <failedSince>0</failedSince>
        </case>
        <case>
          <duration>0.294</duration>
          <className>TestRestChannel</className>
          <testName>TestCase02.test07</testName>
          <skipped>false</skipped>
          <failedSince>0</failedSince>
        </case>
        <case>
          <duration>0.426</duration>
          <className>TestRestChannel</className>
          <testName>TestCase02.test08</testName>
          <skipped>false</skipped>
          <failedSince>0</failedSince>
        </case>
        <case>
          <duration>0.071</duration>
          <className>TestRestChannel</className>
          <testName>TestCase02.test09</testName>
          <skipped>false</skipped>
          <failedSince>0</failedSince>
        </case>
        <case>
          <duration>0.075</duration>
          <className>TestRestChannel</className>
          <testName>TestCase02.test10</testName>
          <skipped>false</skipped>
          <failedSince>0</failedSince>
        </case>
        <case>
          <duration>0.09</duration>
          <className>TestRestChannel</className>
          <testName>TestCase02.test11</testName>
          <skipped>false</skipped>
          <failedSince>0</failedSince>
        </case>
        <case>
          <duration>0.011</duration>
          <className>TestRestChannel</className>
          <testName>TestCase02.test12</testName>
          <skipped>false</skipped>
          <failedSince>0</failedSince>
        </case>
        <case>
          <duration>0.347</duration>
          <className>TestRestChannel</className>
          <testName>TestCase02.test13</testName>
          <skipped>false</skipped>
          <failedSince>0</failedSince>
        </case>
        <case>
          <duration>0.067</duration>
          <className>TestRestChannel</className>
          <testName>TestCase02.test14</testName>
          <skipped>false</skipped>
          <failedSince>0</failedSince>
        </case>
        <case>
          <duration>2.31</duration>
          <className>TestRestChannel</className>
          <testName>TestCase03.test01</testName>
          <skipped>false</skipped>
          <failedSince>0</failedSince>
        </case>
        <case>
          <duration>0.006</duration>
          <className>TestRestChannel</className>
          <testName>TestCase03.test02</testName>
          <skipped>false</skipped>
          <failedSince>0</failedSince>
        </case>
        <case>
          <duration>0.101</duration>
          <className>TestRestChannel</className>
          <testName>TestCase03.test03</testName>
          <skipped>false</skipped>
          <failedSince>0</failedSince>
        </case>
        <case>
          <duration>0.046</duration>
          <className>TestRestChannel</className>
          <testName>TestCase03.test04</testName>
          <skipped>false</skipped>
          <failedSince>0</failedSince>
        </case>
        <case>
          <duration>0.097</duration>
          <className>TestRestChannel</className>
          <testName>TestCase03.test05</testName>
          <skipped>false</skipped>
          <failedSince>0</failedSince>
        </case>
        <case>
          <duration>0.488</duration>
          <className>TestRestChannel</className>
          <testName>TestCase03.test06</testName>
          <skipped>false</skipped>
          <failedSince>0</failedSince>
        </case>
        <case>
          <duration>0.131</duration>
          <className>TestRestChannel</className>
          <testName>TestCase03.test07</testName>
          <skipped>false</skipped>
          <failedSince>0</failedSince>
        </case>
        <case>
          <duration>0.038</duration>
          <className>TestRestChannel</className>
          <testName>TestCase03.test08</testName>
          <skipped>false</skipped>
          <failedSince>0</failedSince>
        </case>
        <case>
          <duration>0.127</duration>
          <className>TestRestChannel</className>
          <testName>TestCase03.test09</testName>
          <skipped>false</skipped>
          <failedSince>0</failedSince>
        </case>
        <case>
          <duration>0.013</duration>
          <className>TestRestChannel</className>
          <testName>TestCase03.test10</testName>
          <skipped>false</skipped>
          <failedSince>0</failedSince>
        </case>
        <case>
          <duration>2.349</duration>
          <className>TestRestChannel</className>
          <testName>TestCase04.test01</testName>
          <skipped>false</skipped>
          <failedSince>0</failedSince>
        </case>
        <case>
          <duration>0.032</duration>
          <className>TestRestChannel</className>
          <testName>TestCase04.test02</testName>
          <skipped>false</skipped>
          <failedSince>0</failedSince>
        </case>
        <case>
          <duration>2.109</duration>
          <className>TestRestChannel</className>
          <testName>TestCase05.test01</testName>
          <skipped>false</skipped>
          <failedSince>0</failedSince>
        </case>
        <case>
          <duration>0.005</duration>
          <className>TestRestChannel</className>
          <testName>TestCase05.test02</testName>
          <skipped>false</skipped>
          <failedSince>0</failedSince>
        </case>
        <case>
          <duration>4.802</duration>
          <className>TestRestChannel</className>
          <testName>TestCase06.test01</testName>
          <skipped>false</skipped>
          <failedSince>0</failedSince>
        </case>
        <case>
          <duration>2.353</duration>
          <className>TestRestChannel</className>
          <testName>TestCase07.test01</testName>
          <skipped>false</skipped>
          <failedSince>0</failedSince>
        </case>
        <case>
          <duration>0.015</duration>
          <className>TestRestChannel</className>
          <testName>TestCase07.test02</testName>
          <skipped>false</skipped>
          <failedSince>0</failedSince>
        </case>
        <case>
          <duration>0.01</duration>
          <className>TestRestChannel</className>
          <testName>TestCase07.test03</testName>
          <skipped>false</skipped>
          <failedSince>0</failedSince>
        </case>
        <case>
          <duration>0.061</duration>
          <className>TestRestChannel</className>
          <testName>TestCase07.test04</testName>
          <skipped>false</skipped>
          <failedSince>0</failedSince>
        </case>
        <case>
          <duration>0.118</duration>
          <className>TestRestChannel</className>
          <testName>TestCase07.test05</testName>
          <skipped>false</skipped>
          <failedSince>0</failedSince>
        </case>
        <case>
          <duration>0.295</duration>
          <className>TestRestChannel</className>
          <testName>TestCase07.test06</testName>
          <skipped>false</skipped>
          <failedSince>0</failedSince>
        </case>
        <case>
          <duration>2.802</duration>
          <className>TestRestChannel</className>
          <testName>TestCase07.test07</testName>
          <skipped>false</skipped>
          <failedSince>0</failedSince>
        </case>
        <case>
          <duration>2.597</duration>
          <className>TestRestChannel</className>
          <testName>TestCase07.test08</testName>
          <skipped>false</skipped>
          <failedSince>0</failedSince>
        </case>
        <case>
          <duration>0.0</duration>
          <className>TestRestChannel</className>
          <testName>TestCase07.test09</testName>
          <skipped>false</skipped>
          <failedSince>0</failedSince>
        </case>
        <case>
          <duration>20.385</duration>
          <className>TestRestChannel</className>
          <testName>TestCase07.test10</testName>
          <skipped>false</skipped>
          <failedSince>0</failedSince>
        </case>
        <case>
          <duration>2.144</duration>
          <className>TestRestChannel</className>
          <testName>TestCase07.test11</testName>
          <skipped>false</skipped>
          <failedSince>0</failedSince>
        </case>
        <case>
          <duration>2.395</duration>
          <className>TestRestChannel</className>
          <testName>TestCase07.test12</testName>
          <skipped>false</skipped>
          <failedSince>0</failedSince>
        </case>
        <case>
          <duration>2.432</duration>
          <className>TestRestChannel</className>
          <testName>TestCase07.test13</testName>
          <skipped>false</skipped>
          <failedSince>0</failedSince>
        </case>
        <case>
          <duration>2.317</duration>
          <className>TestRestChannel</className>
          <testName>TestCase07.test14</testName>
          <skipped>false</skipped>
          <failedSince>0</failedSince>
        </case>
        <case>
          <duration>1.436</duration>
          <className>TestRestChannel</className>
          <testName>TestCase07.test15</testName>
          <skipped>false</skipped>
          <failedSince>0</failedSince>
        </case>
        <case>
          <duration>0.393</duration>
          <className>TestRestChannel</className>
          <testName>TestCase07.test16</testName>
          <skipped>false</skipped>
          <failedSince>0</failedSince>
        </case>
        <case>
          <duration>0.23</duration>
          <className>TestRestChannel</className>
          <testName>TestCase07.test17</testName>
          <skipped>false</skipped>
          <failedSince>0</failedSince>
        </case>
        <case>
          <duration>5.096</duration>
          <className>TestRestChannel</className>
          <testName>TestCase07.test18</testName>
          <skipped>false</skipped>
          <failedSince>0</failedSince>
        </case>
        <case>
          <duration>0.132</duration>
          <className>TestRestChannel</className>
          <testName>TestCase07.test19</testName>
          <skipped>false</skipped>
          <failedSince>0</failedSince>
        </case>
        <case>
          <duration>1.409</duration>
          <className>TestRestChannel</className>
          <testName>TestCase07.test20</testName>
          <skipped>false</skipped>
          <failedSince>0</failedSince>
        </case>
        <case>
          <duration>24.295</duration>
          <className>TestRestChannel</className>
          <testName>TestCase07.test21</testName>
          <skipped>false</skipped>
          <failedSince>0</failedSince>
        </case>
        <case>
          <duration>6.179</duration>
          <className>TestRestChannel</className>
          <testName>TestCase08.test01</testName>
          <skipped>false</skipped>
          <failedSince>0</failedSince>
        </case>
        <case>
          <duration>7.538</duration>
          <className>TestRestChannel</className>
          <testName>TestCase09.test01</testName>
          <skipped>false</skipped>
          <failedSince>0</failedSince>
        </case>
        <case>
          <duration>3.691</duration>
          <className>TestRestChannel</className>
          <testName>TestCase09.test02</testName>
          <skipped>false</skipped>
          <failedSince>0</failedSince>
        </case>
        <case>
          <duration>3.713</duration>
          <className>TestRestChannel</className>
          <testName>TestCase09.test03</testName>
          <skipped>false</skipped>
          <failedSince>0</failedSince>
        </case>
        <case>
          <duration>3.856</duration>
          <className>TestRestChannel</className>
          <testName>TestCase10.test01</testName>
          <skipped>false</skipped>
          <failedSince>0</failedSince>
        </case>
        <case>
          <duration>0.374</duration>
          <className>TestRestChannel</className>
          <testName>TestCase10.test02</testName>
          <skipped>false</skipped>
          <failedSince>0</failedSince>
        </case>
        <case>
          <duration>5.326</duration>
          <className>TestRestChannel</className>
          <testName>TestCase10.test03</testName>
          <skipped>false</skipped>
          <failedSince>0</failedSince>
        </case>
        <case>
          <duration>2.865</duration>
          <className>TestRestChannel</className>
          <testName>TestCase11.test01</testName>
          <skipped>false</skipped>
          <failedSince>0</failedSince>
        </case>
        <case>
          <duration>0.533</duration>
          <className>TestRestChannel</className>
          <testName>TestCase11.test02</testName>
          <skipped>false</skipped>
          <failedSince>0</failedSince>
        </case>
        <case>
          <duration>3.36</duration>
          <className>TestRestChannel</className>
          <testName>TestCase11.test03</testName>
          <skipped>false</skipped>
          <failedSince>0</failedSince>
        </case>
        <case>
          <duration>13.852</duration>
          <className>TestRestChannel</className>
          <testName>TestCase12.test01</testName>
          <skipped>false</skipped>
          <failedSince>0</failedSince>
        </case>
        <case>
          <duration>3.149</duration>
          <className>TestRestChannel</className>
          <testName>TestCase12.test02</testName>
          <skipped>false</skipped>
          <failedSince>0</failedSince>
        </case>
        <case>
          <duration>6.451</duration>
          <className>TestRestChannel</className>
          <testName>TestCase12.test03</testName>
          <skipped>false</skipped>
          <failedSince>0</failedSince>
        </case>
        <case>
          <duration>3.709</duration>
          <className>TestRestChannel</className>
          <testName>TestCase13.test01</testName>
          <skipped>false</skipped>
          <failedSince>0</failedSince>
        </case>
      </cases>
    </suite>
    <suite>
      <file>/home/jenkins/workspace/Backend/CMC/test-results/TEST-cli-TestReportingPeriod.xml</file>
      <name>cli.TestReportingPeriod</name>
      <stdout>............
TestCase01.test12: rename command
.
TestCase01.test13: Check that all reporting-periods in 1-hour summarization group can be disabled
.</stdout>
      <stderr></stderr>
      <duration>95.465</duration>
      <timestamp>2019-05-07T12:37:52.660047</timestamp>
      <time>95.465</time>
      <enclosingBlocks/>
      <enclosingBlockNames/>
      <cases>
        <case>
          <duration>22.253</duration>
          <className>TestReportingPeriod</className>
          <testName>TestCase01.test00</testName>
          <skipped>false</skipped>
          <failedSince>0</failedSince>
        </case>
        <case>
          <duration>0.093</duration>
          <className>TestReportingPeriod</className>
          <testName>TestCase01.test01</testName>
          <skipped>false</skipped>
          <failedSince>0</failedSince>
        </case>
        <case>
          <duration>7.711</duration>
          <className>TestReportingPeriod</className>
          <testName>TestCase01.test02</testName>
          <skipped>false</skipped>
          <failedSince>0</failedSince>
        </case>
        <case>
          <duration>0.166</duration>
          <className>TestReportingPeriod</className>
          <testName>TestCase01.test03</testName>
          <skipped>false</skipped>
          <failedSince>0</failedSince>
        </case>
        <case>
          <duration>0.393</duration>
          <className>TestReportingPeriod</className>
          <testName>TestCase01.test04</testName>
          <skipped>false</skipped>
          <failedSince>0</failedSince>
        </case>
        <case>
          <duration>0.045</duration>
          <className>TestReportingPeriod</className>
          <testName>TestCase01.test05</testName>
          <skipped>false</skipped>
          <failedSince>0</failedSince>
        </case>
        <case>
          <duration>0.224</duration>
          <className>TestReportingPeriod</className>
          <testName>TestCase01.test06</testName>
          <skipped>false</skipped>
          <failedSince>0</failedSince>
        </case>
        <case>
          <duration>0.171</duration>
          <className>TestReportingPeriod</className>
          <testName>TestCase01.test07</testName>
          <skipped>false</skipped>
          <failedSince>0</failedSince>
        </case>
        <case>
          <duration>0.154</duration>
          <className>TestReportingPeriod</className>
          <testName>TestCase01.test08</testName>
          <skipped>false</skipped>
          <failedSince>0</failedSince>
        </case>
        <case>
          <duration>0.133</duration>
          <className>TestReportingPeriod</className>
          <testName>TestCase01.test09</testName>
          <skipped>false</skipped>
          <failedSince>0</failedSince>
        </case>
        <case>
          <duration>0.048</duration>
          <className>TestReportingPeriod</className>
          <testName>TestCase01.test10</testName>
          <skipped>false</skipped>
          <failedSince>0</failedSince>
        </case>
        <case>
          <duration>41.749</duration>
          <className>TestReportingPeriod</className>
          <testName>TestCase01.test11</testName>
          <skipped>false</skipped>
          <failedSince>0</failedSince>
        </case>
        <case>
          <duration>12.158</duration>
          <className>TestReportingPeriod</className>
          <testName>TestCase01.test12</testName>
          <skipped>false</skipped>
          <failedSince>0</failedSince>
        </case>
        <case>
          <duration>10.166</duration>
          <className>TestReportingPeriod</className>
          <testName>TestCase01.test13</testName>
          <skipped>false</skipped>
          <failedSince>0</failedSince>
        </case>
      </cases>
    </suite>
    <suite>
      <file>/home/jenkins/workspace/Backend/CMC/test-results/TEST-rest-TestRestCM.xml</file>
      <name>rest.TestRestCM</name>
      <stdout>.......TestCase01.test08: Check on-cne argument for pnqm-translate
.</stdout>
      <stderr></stderr>
      <duration>70.464</duration>
      <timestamp>2019-05-07T12:38:24.334378</timestamp>
      <time>70.464</time>
      <enclosingBlocks/>
      <enclosingBlockNames/>
      <cases>
        <case>
          <duration>51.174</duration>
          <className>TestRestCM</className>
          <testName>TestCase01.test01</testName>
          <skipped>false</skipped>
          <failedSince>0</failedSince>
        </case>
        <case>
          <duration>8.85</duration>
          <className>TestRestCM</className>
          <testName>TestCase01.test02</testName>
          <skipped>false</skipped>
          <failedSince>0</failedSince>
        </case>
        <case>
          <duration>0.031</duration>
          <className>TestRestCM</className>
          <testName>TestCase01.test03</testName>
          <skipped>false</skipped>
          <failedSince>0</failedSince>
        </case>
        <case>
          <duration>0.16</duration>
          <className>TestRestCM</className>
          <testName>TestCase01.test04</testName>
          <skipped>false</skipped>
          <failedSince>0</failedSince>
        </case>
        <case>
          <duration>3.013</duration>
          <className>TestRestCM</className>
          <testName>TestCase01.test05</testName>
          <skipped>false</skipped>
          <failedSince>0</failedSince>
        </case>
        <case>
          <duration>3.45</duration>
          <className>TestRestCM</className>
          <testName>TestCase01.test06</testName>
          <skipped>false</skipped>
          <failedSince>0</failedSince>
        </case>
        <case>
          <duration>3.595</duration>
          <className>TestRestCM</className>
          <testName>TestCase01.test07</testName>
          <skipped>false</skipped>
          <failedSince>0</failedSince>
        </case>
        <case>
          <duration>0.192</duration>
          <className>TestRestCM</className>
          <testName>TestCase01.test08</testName>
          <skipped>false</skipped>
          <failedSince>0</failedSince>
        </case>
      </cases>
    </suite>
    <suite>
      <file>/home/jenkins/workspace/Backend/CMC@4/test-results/TEST-cli-TestPorts.xml</file>
      <name>cli.TestPorts</name>
      <stdout>Test skipped on the Central Manager
.Test skipped on the Central Manager
.Test skipped on the Central Manager
.Test skipped on the Central Manager
.Test skipped on the Central Manager
.Test skipped on the Central Manager
.Test skipped on the Central Manager
...Test skipped on the Central Manager
.Test skipped on the Central Manager
..Mgmt2 not present - skipping the test.
..Test skipped on the Central Manager
.Test test16 skipped in sandbox
.Test skipped on the Central Manager
.Test skipped on the Central Manager
.Test skipped on the Central Manager
.Test skipped on the Central Manager
.
TestCase01.test21: Test that non present ports C and D are properly removed from defaultConfig.xml on 2-port platforms
Test skipped on the Central Manager
.</stdout>
      <stderr></stderr>
      <duration>47.009</duration>
      <timestamp>2019-05-07T12:38:42.719692</timestamp>
      <time>47.009</time>
      <enclosingBlocks/>
      <enclosingBlockNames/>
      <cases>
        <case>
          <duration>0.062</duration>
          <className>TestPorts</className>
          <testName>TestCase01.test01</testName>
          <skipped>false</skipped>
          <failedSince>0</failedSince>
        </case>
        <case>
          <duration>0.08</duration>
          <className>TestPorts</className>
          <testName>TestCase01.test02</testName>
          <skipped>false</skipped>
          <failedSince>0</failedSince>
        </case>
        <case>
          <duration>0.047</duration>
          <className>TestPorts</className>
          <testName>TestCase01.test03</testName>
          <skipped>false</skipped>
          <failedSince>0</failedSince>
        </case>
        <case>
          <duration>0.032</duration>
          <className>TestPorts</className>
          <testName>TestCase01.test04</testName>
          <skipped>false</skipped>
          <failedSince>0</failedSince>
        </case>
        <case>
          <duration>0.031</duration>
          <className>TestPorts</className>
          <testName>TestCase01.test05</testName>
          <skipped>false</skipped>
          <failedSince>0</failedSince>
        </case>
        <case>
          <duration>0.034</duration>
          <className>TestPorts</className>
          <testName>TestCase01.test06</testName>
          <skipped>false</skipped>
          <failedSince>0</failedSince>
        </case>
        <case>
          <duration>0.035</duration>
          <className>TestPorts</className>
          <testName>TestCase01.test07</testName>
          <skipped>false</skipped>
          <failedSince>0</failedSince>
        </case>
        <case>
          <duration>45.576</duration>
          <className>TestPorts</className>
          <testName>TestCase01.test08</testName>
          <skipped>false</skipped>
          <failedSince>0</failedSince>
        </case>
        <case>
          <duration>0.133</duration>
          <className>TestPorts</className>
          <testName>TestCase01.test09</testName>
          <skipped>false</skipped>
          <failedSince>0</failedSince>
        </case>
        <case>
          <duration>0.05</duration>
          <className>TestPorts</className>
          <testName>TestCase01.test10</testName>
          <skipped>false</skipped>
          <failedSince>0</failedSince>
        </case>
        <case>
          <duration>0.066</duration>
          <className>TestPorts</className>
          <testName>TestCase01.test11</testName>
          <skipped>false</skipped>
          <failedSince>0</failedSince>
        </case>
        <case>
          <duration>0.384</duration>
          <className>TestPorts</className>
          <testName>TestCase01.test12</testName>
          <skipped>false</skipped>
          <failedSince>0</failedSince>
        </case>
        <case>
          <duration>0.118</duration>
          <className>TestPorts</className>
          <testName>TestCase01.test13</testName>
          <skipped>false</skipped>
          <failedSince>0</failedSince>
        </case>
        <case>
          <duration>0.022</duration>
          <className>TestPorts</className>
          <testName>TestCase01.test14</testName>
          <skipped>false</skipped>
          <failedSince>0</failedSince>
        </case>
        <case>
          <duration>0.032</duration>
          <className>TestPorts</className>
          <testName>TestCase01.test15</testName>
          <skipped>false</skipped>
          <failedSince>0</failedSince>
        </case>
        <case>
          <duration>0.0</duration>
          <className>TestPorts</className>
          <testName>TestCase01.test16</testName>
          <skipped>false</skipped>
          <failedSince>0</failedSince>
        </case>
        <case>
          <duration>0.079</duration>
          <className>TestPorts</className>
          <testName>TestCase01.test17</testName>
          <skipped>false</skipped>
          <failedSince>0</failedSince>
        </case>
        <case>
          <duration>0.029</duration>
          <className>TestPorts</className>
          <testName>TestCase01.test18</testName>
          <skipped>false</skipped>
          <failedSince>0</failedSince>
        </case>
        <case>
          <duration>0.039</duration>
          <className>TestPorts</className>
          <testName>TestCase01.test19</testName>
          <skipped>false</skipped>
          <failedSince>0</failedSince>
        </case>
        <case>
          <duration>0.117</duration>
          <className>TestPorts</className>
          <testName>TestCase01.test20</testName>
          <skipped>false</skipped>
          <failedSince>0</failedSince>
        </case>
        <case>
          <duration>0.042</duration>
          <className>TestPorts</className>
          <testName>TestCase01.test21</testName>
          <skipped>false</skipped>
          <failedSince>0</failedSince>
        </case>
      </cases>
    </suite>
    <suite>
      <file>/home/jenkins/workspace/Backend/CMC@2/test-results/TEST-cli-TestSensor.xml</file>
      <name>cli.TestSensor</name>
      <stdout>Test skipped on the Central Manager
.Test skipped on the Central Manager
.Test skipped on the Central Manager
.Test skipped on the Central Manager
.Test skipped on the Central Manager
.Test skipped on the Central Manager
.Test skipped on the Central Manager
.Test skipped on the Central Manager
.Test skipped on the Central Manager
.Test skipped on the Central Manager
.Test skipped on the Central Manager
.Test skipped on the Central Manager
.Test skipped on the Central Manager
.Test skipped on the
...[truncated 1402 chars]...
an be present within a mapping-rule
.
TestCase05.test12_BQM_49563_check_cne_referenced_by_sensor_disallowed_delete: Test that a cne referenced by a sensor cannot be deleted
.
TestCase05.test13_multiply_match_with_missing_sensor: With &apos;match sensor&apos; and &apos;match not sensor&apos; in one match rule when no sensor left (all are not available on particular cne) in: * in match-any &apos;match not sensor null&apos; is prefered * in match-all &apos;match sensor null&apos; is prefered
.
TestCase05.test_BQM48901_CMC_Sensor_limits
.</stdout>
      <stderr></stderr>
      <duration>123.695</duration>
      <timestamp>2019-05-07T12:37:17.208371</timestamp>
      <time>123.695</time>
      <enclosingBlocks/>
      <enclosingBlockNames/>
      <cases>
        <case>
          <duration>0.0</duration>
          <className>TestSensor</className>
          <testName>TestCase01.test01_Sensor_CLI_object_manipulation</testName>
          <skipped>false</skipped>
          <failedSince>0</failedSince>
        </case>
        <case>
          <duration>0.0</duration>
          <className>TestSensor</className>
          <testName>TestCase01.test02_Sensor_adress_command</testName>
          <skipped>false</skipped>
          <failedSince>0</failedSince>
        </case>
        <case>
          <duration>0.0</duration>
          <className>TestSensor</className>
          <testName>TestCase01.test03_Sensor_remoteinterface_command</testName>
          <skipped>false</skipped>
          <failedSince>0</failedSince>
        </case>
        <case>
          <duration>0.0</duration>
          <className>TestSensor</className>
          <testName>TestCase01.test04_Sensor_limits</testName>
          <skipped>false</skipped>
          <failedSince>0</failedSince>
        </case>
        <case>
          <duration>0.0</duration>
          <className>TestSensor</className>
          <testName>TestCase01.test05_Sensor_remote_interface_with_settings_command</testName>
          <skipped>false</skipped>
          <failedSince>0</failedSince>
        </case>
        <case>
          <duration>0.0</duration>
          <className>TestSensor</className>
          <testName>TestCase01.test06_Attached_sensor_syntax</testName>
          <skipped>false</skipped>
          <failedSince>0</failedSince>
        </case>
        <case>
          <duration>0.0</duration>
          <className>TestSensor</className>
          <testName>TestCase01.test07_Creating_and_deleting_sensors_quickly</testName>
          <skipped>false</skipped>
          <failedSince>0</failedSince>
        </case>
        <case>
          <duration>0.0</duration>
          <className>TestSensor</className>
          <testName>TestCase01.test08_Sensor_CLI_ShowSensors</testName>
          <skipped>false</skipped>
          <failedSince>0</failedSince>
        </case>
        <case>
          <duration>0.0</duration>
          <className>TestSensor</className>
          <testName>TestCase01.test09_Clear_Counter_Sensors</testName>
          <skipped>false</skipped>
          <failedSince>0</failedSince>
        </case>
        <case>
          <duration>0.0</duration>
          <className>TestSensor</className>
          <testName>TestCase01.test10_Sensor_disable_command</testName>
          <skipped>false</skipped>
          <failedSince>0</failedSince>
        </case>
        <case>
          <duration>0.0</duration>
          <className>TestSensor</className>
          <testName>TestCase01.test11_Sensor_add_when_already_exists</testName>
          <skipped>false</skipped>
          <failedSince>0</failedSince>
        </case>
        <case>
          <duration>0.0</duration>
          <className>TestSensor</className>
          <testName>TestCase01.test12_Sensor_show_and_wildcards</testName>
          <skipped>false</skipped>
          <failedSince>0</failedSince>
        </case>
        <case>
          <duration>0.0</duration>
          <className>TestSensor</className>
          <testName>TestCase01.test13_test_custom_sensor_id</testName>
          <skipped>false</skipped>
          <failedSince>0</failedSince>
        </case>
        <case>
          <duration>0.0</duration>
          <className>TestSensor</className>
          <testName>TestCase01.test14_test_self_attahed_cmd</testName>
          <skipped>false</skipped>
          <failedSince>0</failedSince>
        </case>
        <case>
          <duration>0.0</duration>
          <className>TestSensor</className>
          <testName>TestCase01.test15_test_address_remote_interface_commented_for_self_attached</testName>
          <skipped>false</skipped>
          <failedSince>0</failedSince>
        </case>
        <case>
          <duration>0.0</duration>
          <className>TestSensor</className>
          <testName>TestCase01.test16_self_attach_sensor_does_not_convert_manual_sensor</testName>
          <skipped>false</skipped>
          <failedSince>0</failedSince>
        </case>
        <case>
          <duration>0.0</duration>
          <className>TestSensor</className>
          <testName>TestCase01.test17_self_attach_sensor_dosent_connect_address_mismatch</testName>
          <skipped>false</skipped>
          <failedSince>0</failedSince>
        </case>
        <case>
          <duration>0.0</duration>
          <className>TestSensor</className>
          <testName>TestCase01.test18_self_attach_sensor_connects_to_empty_sensor_object</testName>
          <skipped>false</skipped>
          <failedSince>0</failedSince>
        </case>
        <case>
          <duration>0.0</duration>
          <className>TestSensor</className>
          <testName>TestCase01.test19_self_attach_sensor_connects_to_address_match__sensor_object</testName>
          <skipped>false</skipped>
          <failedSince>0</failedSince>
        </case>
        <case>
          <duration>0.0</duration>
          <className>TestSensor</className>
          <testName>TestCase01.test20_test_missing_attributes_warnings</testName>
          <skipped>false</skipped>
          <failedSince>0</failedSince>
        </case>
        <case>
          <duration>0.0</duration>
          <className>TestSensor</className>
          <testName>TestCase01.test21_self_attach_with_bpf_filter_change</testName>
          <skipped>false</skipped>
          <failedSince>0</failedSince>
        </case>
        <case>
          <duration>0.0</duration>
          <className>TestSensor</className>
          <testName>TestCase01.test22_self_attached_replace_config</testName>
          <skipped>false</skipped>
          <failedSince>0</failedSince>
        </case>
        <case>
          <duration>0.0</duration>
          <className>TestSensor</className>
          <testName>TestCase02.test06_Basic_match_sensor</testName>
          <skipped>false</skipped>
          <failedSince>0</failedSince>
        </case>
        <case>
          <duration>0.0</duration>
          <className>TestSensor</className>
          <testName>TestCase02.test07_Error_deleting_referenced_sensor</testName>
          <skipped>false</skipped>
          <failedSince>0</failedSince>
        </case>
        <case>
          <duration>0.0</duration>
          <className>TestSensor</className>
          <testName>TestCase02.test08_BQM47422_crash_when_custom_pnqm_enabled_in_session</testName>
          <skipped>false</skipped>
          <failedSince>0</failedSince>
        </case>
        <case>
          <duration>0.0</duration>
          <className>TestSensor</className>
          <testName>TestCase02.test09_Semantic_check_match_all</testName>
          <skipped>false</skipped>
          <failedSince>0</failedSince>
        </case>
        <case>
          <duration>0.0</duration>
          <className>TestSensor</className>
          <testName>TestCase02.test10_Semantic_check_mapping_rule</testName>
          <skipped>false</skipped>
          <failedSince>0</failedSince>
        </case>
        <case>
          <duration>36.688</duration>
          <className>TestSensor</className>
          <testName>TestCase05.test01_Semantic_checks_attached_sensors</testName>
          <skipped>false</skipped>
          <failedSince>0</failedSince>
        </case>
        <case>
          <duration>12.53</duration>
          <className>TestSensor</className>
          <testName>TestCase05.test02_Export_attached_sensors_from_CMC</testName>
          <skipped>false</skipped>
          <failedSince>0</failedSince>
        </case>
        <case>
          <duration>7.172</duration>
          <className>TestSensor</className>
          <testName>TestCase05.test03_Export_match_sensor_from_CMC</testName>
          <skipped>false</skipped>
          <failedSince>0</failedSince>
        </case>
        <case>
          <duration>13.366</duration>
          <className>TestSensor</className>
          <testName>TestCase05.test04_Semantic_check_match_all_on_CMC</testName>
          <skipped>false</skipped>
          <failedSince>0</failedSince>
        </case>
        <case>
          <duration>17.458</duration>
          <className>TestSensor</className>
          <testName>TestCase05.test05_Collapse_match_all_after_deleting_all_match_sensor_rules</testName>
          <skipped>false</skipped>
          <failedSince>0</failedSince>
        </case>
        <case>
          <duration>1.393</duration>
          <className>TestSensor</className>
          <testName>TestCase05.test06_Attached_sensor_context_help</testName>
          <skipped>false</skipped>
          <failedSince>0</failedSince>
        </case>
        <case>
          <duration>15.127</duration>
          <className>TestSensor</className>
          <testName>TestCase05.test07_Copy_replace_config_broken_on_CMC</testName>
          <skipped>false</skipped>
          <failedSince>0</failedSince>
        </case>
        <case>
          <duration>5.843</duration>
          <className>TestSensor</className>
          <testName>TestCase05.test08_sensor_and_copy_config</testName>
          <skipped>false</skipped>
          <failedSince>0</failedSince>
        </case>
        <case>
          <duration>1.089</duration>
          <className>TestSensor</className>
          <testName>TestCase05.test09_CLI_sensor_context_access_on_CMC</testName>
          <skipped>false</skipped>
          <failedSince>0</failedSince>
        </case>
        <case>
          <duration>4.914</duration>
          <className>TestSensor</className>
          <testName>TestCase05.test11_Semantic_check_mapping_rule_on_CMC</testName>
          <skipped>false</skipped>
          <failedSince>0</failedSince>
        </case>
        <case>
          <duration>0.662</duration>
          <className>TestSensor</className>
          <testName>TestCase05.test12_BQM_49563_check_cne_referenced_by_sensor_disallowed_delete</testName>
          <skipped>false</skipped>
          <failedSince>0</failedSince>
        </case>
        <case>
          <duration>3.646</duration>
          <className>TestSensor</className>
          <testName>TestCase05.test13_multiply_match_with_missing_sensor</testName>
          <skipped>false</skipped>
          <failedSince>0</failedSince>
        </case>
        <case>
          <duration>3.802</duration>
          <className>TestSensor</className>
          <testName>TestCase05.test_BQM48901_CMC_Sensor_limits</testName>
          <skipped>false</skipped>
          <failedSince>0</failedSince>
        </case>
      </cases>
    </suite>
    <suite>
      <file>/home/jenkins/workspace/Backend/CMC@8/test-results/TEST-cli-TestClockTracking.xml</file>
      <name>cli.TestClockTracking</name>
      <stdout>Test skipped on the Central Manager
.Test skipped on the Central Manager
.Test skipped on the Central Manager
.Test skipped on the Central Manager
.Test skipped on the Central Manager
.Test skipped on the Central Manager
.Test skipped on the Central Manager
.Test skipped on the Central Manager
.Test skipped on the Central Manager
.Test skipped on the Central Manager
.
TestCase02.test01_create_and_rename: Test that the ClockTracking session can be created and renamed, which implies it does not ha
...[truncated 1429 chars]...
e Central Manager
.Test skipped on the Central Manager
.Test skipped on the Central Manager
.Test skipped on the Central Manager
.Test skipped on the Central Manager
.Test skipped on the Central Manager
.Test skipped on the Central Manager
.Test skipped on the Central Manager
.Test skipped on the Central Manager
.Test skipped on the Central Manager
.Test skipped on the Central Manager
.Test skipped on the Central Manager
.Test skipped on the Central Manager
.Test skipped on the Central Manager
.</stdout>
      <stderr></stderr>
      <duration>13.676</duration>
      <timestamp>2019-05-07T12:39:49.101995</timestamp>
      <time>13.676</time>
      <enclosingBlocks/>
      <enclosingBlockNames/>
      <cases>
        <case>
          <duration>0.0</duration>
          <className>TestClockTracking</className>
          <testName>TestCase01.test01_fdos</testName>
          <skipped>false</skipped>
          <failedSince>0</failedSince>
        </case>
        <case>
          <duration>0.0</duration>
          <className>TestClockTracking</className>
          <testName>TestCase01.test02_rename</testName>
          <skipped>false</skipped>
          <failedSince>0</failedSince>
        </case>
        <case>
          <duration>0.0</duration>
          <className>TestClockTracking</className>
          <testName>TestCase01.test03_deletion_and_recreation</testName>
          <skipped>false</skipped>
          <failedSince>0</failedSince>
        </case>
        <case>
          <duration>0.0</duration>
          <className>TestClockTracking</className>
          <testName>TestCase01.test03_settings_modification</testName>
          <skipped>false</skipped>
          <failedSince>0</failedSince>
        </case>
        <case>
          <duration>0.0</duration>
          <className>TestClockTracking</className>
          <testName>TestCase01.test04_references</testName>
          <skipped>false</skipped>
          <failedSince>0</failedSince>
        </case>
        <case>
          <duration>0.0</duration>
          <className>TestClockTracking</className>
          <testName>TestCase01.test05_deleted_warning</testName>
          <skipped>false</skipped>
          <failedSince>0</failedSince>
        </case>
        <case>
          <duration>0.0</duration>
          <className>TestClockTracking</className>
          <testName>TestCase01.test06_startup_warning</testName>
          <skipped>false</skipped>
          <failedSince>0</failedSince>
        </case>
        <case>
          <duration>0.0</duration>
          <className>TestClockTracking</className>
          <testName>TestCase01.test07_CMCPush</testName>
          <skipped>false</skipped>
          <failedSince>0</failedSince>
        </case>
        <case>
          <duration>0.0</duration>
          <className>TestClockTracking</className>
          <testName>TestCase01.test08_delete_confirmation</testName>
          <skipped>false</skipped>
          <failedSince>0</failedSince>
        </case>
        <case>
          <duration>0.0</duration>
          <className>TestClockTracking</className>
          <testName>TestCase01.test09_no_warning_nca_mode</testName>
          <skipped>false</skipped>
          <failedSince>0</failedSince>
        </case>
        <case>
          <duration>12.754</duration>
          <className>TestClockTracking</className>
          <testName>TestCase02.test01_create_and_rename</testName>
          <skipped>false</skipped>
          <failedSince>0</failedSince>
        </case>
        <case>
          <duration>0.919</duration>
          <className>TestClockTracking</className>
          <testName>TestCase02.test02_settings_modification</testName>
          <skipped>false</skipped>
          <failedSince>0</failedSince>
        </case>
        <case>
          <duration>0.0</duration>
          <className>TestClockTracking</className>
          <testName>TestCase03.test01_basic_retrieval</testName>
          <skipped>false</skipped>
          <failedSince>0</failedSince>
        </case>
        <case>
          <duration>0.0</duration>
          <className>TestClockTracking</className>
          <testName>TestCase03.test02_inject</testName>
          <skipped>false</skipped>
          <failedSince>0</failedSince>
        </case>
        <case>
          <duration>0.0</duration>
          <className>TestClockTracking</className>
          <testName>TestCase03.test03_offsets_history</testName>
          <skipped>false</skipped>
          <failedSince>0</failedSince>
        </case>
        <case>
          <duration>0.0</duration>
          <className>TestClockTracking</className>
          <testName>TestCase03.test04_CSV_retrieval</testName>
          <skipped>false</skipped>
          <failedSince>0</failedSince>
        </case>
        <case>
          <duration>0.0</duration>
          <className>TestClockTracking</className>
          <testName>TestCase03.test05_getAnalytics_without_any_outage</testName>
          <skipped>false</skipped>
          <failedSince>0</failedSince>
        </case>
        <case>
          <duration>0.0</duration>
          <className>TestClockTracking</className>
          <testName>TestCase03.test06_longest_outage_calculation_for_offset_type_clocks</testName>
          <skipped>false</skipped>
          <failedSince>0</failedSince>
        </case>
        <case>
          <duration>0.0</duration>
          <className>TestClockTracking</className>
          <testName>TestCase03.test07_outage_from_last_down</testName>
          <skipped>false</skipped>
          <failedSince>0</failedSince>
        </case>
        <case>
          <duration>0.0</duration>
          <className>TestClockTracking</className>
          <testName>TestCase03.test08_99_availability_error</testName>
          <skipped>false</skipped>
          <failedSince>0</failedSince>
        </case>
        <case>
          <duration>0.0</duration>
          <className>TestClockTracking</className>
          <testName>TestCase03.test09_inconsistent_CSV_quoting</testName>
          <skipped>false</skipped>
          <failedSince>0</failedSince>
        </case>
        <case>
          <duration>0.0</duration>
          <className>TestClockTracking</className>
          <testName>TestCase03.test10_sample_time_for_negative_offsets</testName>
          <skipped>false</skipped>
          <failedSince>0</failedSince>
        </case>
        <case>
          <duration>0.0</duration>
          <className>TestClockTracking</className>
          <testName>TestCase03.test11_sample_time_covers_gaps</testName>
          <skipped>false</skipped>
          <failedSince>0</failedSince>
        </case>
        <case>
          <duration>0.0</duration>
          <className>TestClockTracking</className>
          <testName>TestCase03.test12_magic_file_override</testName>
          <skipped>false</skipped>
          <failedSince>0</failedSince>
        </case>
        <case>
          <duration>0.0</duration>
          <className>TestClockTracking</className>
          <testName>TestCase03.test13_availability_wrong_first_bucket</testName>
          <skipped>false</skipped>
          <failedSince>0</failedSince>
        </case>
        <case>
          <duration>0.0</duration>
          <className>TestClockTracking</className>
          <testName>TestCase03.test14_sample_time_invalid_after_state_window</testName>
          <skipped>false</skipped>
          <failedSince>0</failedSince>
        </case>
        <case>
          <duration>0.0</duration>
          <className>TestClockTracking</className>
          <testName>TestCase03.test15_window_expiry_outage_missing</testName>
          <skipped>false</skipped>
          <failedSince>0</failedSince>
        </case>
        <case>
          <duration>0.0</duration>
          <className>TestClockTracking</className>
          <testName>TestCase03.test16_above_100_availability</testName>
          <skipped>false</skipped>
          <failedSince>0</failedSince>
        </case>
        <case>
          <duration>0.0</duration>
          <className>TestClockTracking</className>
          <testName>TestCase03.test17_sample_time_at_boundaries</testName>
          <skipped>false</skipped>
          <failedSince>0</failedSince>
        </case>
        <case>
          <duration>0.0</duration>
          <className>TestClockTracking</className>
          <testName>TestCase03.test18_multiple_down</testName>
          <skipped>false</skipped>
          <failedSince>0</failedSince>
        </case>
        <case>
          <duration>0.0</duration>
          <className>TestClockTracking</className>
          <testName>TestCase03.test19_multip_primary</testName>
          <skipped>false</skipped>
          <failedSince>0</failedSince>
        </case>
        <case>
          <duration>0.0</duration>
          <className>TestClockTracking</className>
          <testName>TestCase03.test20_multi_down</testName>
          <skipped>false</skipped>
          <failedSince>0</failedSince>
        </case>
        <case>
          <duration>0.0</duration>
          <className>TestClockTracking</className>
          <testName>TestCase03.test21_multi_down_again</testName>
          <skipped>false</skipped>
          <failedSince>0</failedSince>
        </case>
        <case>
          <duration>0.0</duration>
          <className>TestClockTracking</className>
          <testName>TestCase03.test22</testName>
          <skipped>false</skipped>
          <failedSince>0</failedSince>
        </case>
        <case>
          <duration>0.0</duration>
          <className>TestClockTracking</className>
          <testName>TestCase03.test23_two_clock_sources_incorrect_outage</testName>
          <skipped>false</skipped>
          <failedSince>0</failedSince>
        </case>
        <case>
          <duration>0.0</duration>
          <className>TestClockTracking</className>
          <testName>TestCase04.test00</testName>
          <skipped>false</skipped>
          <failedSince>0</failedSince>
        </case>
        <case>
          <duration>0.0</duration>
          <className>TestClockTracking</className>
          <testName>TestCase04.test01</testName>
          <skipped>false</skipped>
          <failedSince>0</failedSince>
        </case>
      </cases>
    </suite>
    <suite>
      <file>/home/jenkins/workspace/Backend/CMC@3/test-results/TEST-cli-TestCustomAppGroup.xml</file>
      <name>cli.TestCustomAppGroup</name>
      <stdout>.........[waiting for probed to restart.1s]
.</stdout>
      <stderr></stderr>
      <duration>84.913</duration>
      <timestamp>2019-05-07T12:38:34.555306</timestamp>
      <time>84.913</time>
      <enclosingBlocks/>
      <enclosingBlockNames/>
      <cases>
        <case>
          <duration>42.792</duration>
          <className>TestCustomAppGroup</className>
          <testName>TestCase01.test01</testName>
          <skipped>false</skipped>
          <failedSince>0</failedSince>
        </case>
        <case>
          <duration>0.916</duration>
          <className>TestCustomAppGroup</className>
          <testName>TestCase01.test02</testName>
          <skipped>false</skipped>
          <failedSince>0</failedSince>
        </case>
        <case>
          <duration>0.763</duration>
          <className>TestCustomAppGroup</className>
          <testName>TestCase01.test03</testName>
          <skipped>false</skipped>
          <failedSince>0</failedSince>
        </case>
        <case>
          <duration>2.13</duration>
          <className>TestCustomAppGroup</className>
          <testName>TestCase01.test04</testName>
          <skipped>false</skipped>
          <failedSince>0</failedSince>
        </case>
        <case>
          <duration>9.346</duration>
          <className>TestCustomAppGroup</className>
          <testName>TestCase01.test05</testName>
          <skipped>false</skipped>
          <failedSince>0</failedSince>
        </case>
        <case>
          <duration>1.185</duration>
          <className>TestCustomAppGroup</className>
          <testName>TestCase01.test06</testName>
          <skipped>false</skipped>
          <failedSince>0</failedSince>
        </case>
        <case>
          <duration>0.013</duration>
          <className>TestCustomAppGroup</className>
          <testName>TestCase01.test07</testName>
          <skipped>false</skipped>
          <failedSince>0</failedSince>
        </case>
        <case>
          <duration>0.024</duration>
          <className>TestCustomAppGroup</className>
          <testName>TestCase01.test08</testName>
          <skipped>false</skipped>
          <failedSince>0</failedSince>
        </case>
        <case>
          <duration>0.019</duration>
          <className>TestCustomAppGroup</className>
          <testName>TestCase01.test09</testName>
          <skipped>false</skipped>
          <failedSince>0</failedSince>
        </case>
        <case>
          <duration>27.726</duration>
          <className>TestCustomAppGroup</className>
          <testName>TestCase01.test10</testName>
          <skipped>false</skipped>
          <failedSince>0</failedSince>
        </case>
      </cases>
    </suite>
    <suite>
      <file>/home/jenkins/workspace/Backend/CMC@9/test-results/TEST-cli-TestWebCli.xml</file>
      <name>cli.TestWebCli</name>
      <stdout>..</stdout>
      <stderr></stderr>
      <duration>15.885</duration>
      <timestamp>2019-05-07T12:39:48.630978</timestamp>
      <time>15.885</time>
      <enclosingBlocks/>
      <enclosingBlockNames/>
      <cases>
        <case>
          <duration>9.245</duration>
          <className>TestWebCli</className>
          <testName>TestCase01.test01</testName>
          <skipped>false</skipped>
          <failedSince>0</failedSince>
        </case>
        <case>
          <duration>6.64</duration>
          <className>TestWebCli</className>
          <testName>TestCase01.test02</testName>
          <skipped>false</skipped>
          <failedSince>0</failedSince>
        </case>
      </cases>
    </suite>
    <suite>
      <file>/home/jenkins/workspace/Backend/CMC@10/test-results/TEST-rest-TestRestMultihopGroup.xml</file>
      <name>rest.TestRestMultihopGroup</name>
      <stdout>.......</stdout>
      <stderr></stderr>
      <duration>48.87</duration>
      <timestamp>2019-05-07T12:39:22.678607</timestamp>
      <time>48.870</time>
      <enclosingBlocks/>
      <enclosingBlockNames/>
      <cases>
        <case>
          <duration>11.984</duration>
          <className>TestRestMultihopGroup</className>
          <testName>TestCase01.test01</testName>
          <skipped>false</skipped>
          <failedSince>0</failedSince>
        </case>
        <case>
          <duration>11.236</duration>
          <className>TestRestMultihopGroup</className>
          <testName>TestCase01.test02</testName>
          <skipped>false</skipped>
          <failedSince>0</failedSince>
        </case>
        <case>
          <duration>16.857</duration>
          <className>TestRestMultihopGroup</className>
          <testName>TestCase01.test03</testName>
          <skipped>false</skipped>
          <failedSince>0</failedSince>
        </case>
        <case>
          <duration>7.545</duration>
          <className>TestRestMultihopGroup</className>
          <testName>TestCase01.test04</testName>
          <skipped>false</skipped>
          <failedSince>0</failedSince>
        </case>
        <case>
          <duration>0.02</duration>
          <className>TestRestMultihopGroup</className>
          <testName>TestCase01.test05</testName>
          <skipped>false</skipped>
          <failedSince>0</failedSince>
        </case>
        <case>
          <duration>0.529</duration>
          <className>TestRestMultihopGroup</className>
          <testName>TestCase01.test06</testName>
          <skipped>false</skipped>
          <failedSince>0</failedSince>
        </case>
        <case>
          <duration>0.699</duration>
          <className>TestRestMultihopGroup</className>
          <testName>TestCase01.test07</testName>
          <skipped>false</skipped>
          <failedSince>0</failedSince>
        </case>
      </cases>
    </suite>
    <suite>
      <file>/home/jenkins/workspace/Backend/CMC/test-results/TEST-rest-TestRestReportingPeriod.xml</file>
      <name>rest.TestRestReportingPeriod</name>
      <stdout>.......Test skipped on the Central Manager
.Test skipped on the Central Manager
.</stdout>
      <stderr></stderr>
      <duration>113.127</duration>
      <timestamp>2019-05-07T12:38:21.744964</timestamp>
      <time>113.127</time>
      <enclosingBlocks/>
      <enclosingBlockNames/>
      <cases>
        <case>
          <duration>29.018</duration>
          <className>TestRestReportingPeriod</className>
          <testName>TestCase01.test01</testName>
          <skipped>false</skipped>
          <failedSince>0</failedSince>
        </case>
        <case>
          <duration>45.117</duration>
          <className>TestRestReportingPeriod</className>
          <testName>TestCase01.test02</testName>
          <skipped>false</skipped>
          <failedSince>0</failedSince>
        </case>
        <case>
          <duration>11.507</duration>
          <className>TestRestReportingPeriod</className>
          <testName>TestCase01.test03</testName>
          <skipped>false</skipped>
          <failedSince>0</failedSince>
        </case>
        <case>
          <duration>6.738</duration>
          <className>TestRestReportingPeriod</className>
          <testName>TestCase01.test04</testName>
          <skipped>false</skipped>
          <failedSince>0</failedSince>
        </case>
        <case>
          <duration>8.298</duration>
          <className>TestRestReportingPeriod</className>
          <testName>TestCase01.test05</testName>
          <skipped>false</skipped>
          <failedSince>0</failedSince>
        </case>
        <case>
          <duration>5.569</duration>
          <className>TestRestReportingPeriod</className>
          <testName>TestCase01.test06</testName>
          <skipped>false</skipped>
          <failedSince>0</failedSince>
        </case>
        <case>
          <duration>0.01</duration>
          <className>TestRestReportingPeriod</className>
          <testName>TestCase01.test07</testName>
          <skipped>false</skipped>
          <failedSince>0</failedSince>
        </case>
        <case>
          <duration>4.024</duration>
          <className>TestRestReportingPeriod</className>
          <testName>TestCase02.test01</testName>
          <skipped>false</skipped>
          <failedSince>0</failedSince>
        </case>
        <case>
          <duration>2.845</duration>
          <className>TestRestReportingPeriod</className>
          <testName>TestCase02.test02</testName>
          <skipped>false</skipped>
          <failedSince>0</failedSince>
        </case>
      </cases>
    </suite>
    <suite>
      <file>/home/jenkins/workspace/Backend/CMC@8/test-results/TEST-cli-TestLdap.xml</file>
      <name>cli.TestLdap</name>
      <stdout>.....................................Test test48 skipped in sandbox
.Test test48a skipped in sandbox
.Test test48b skipped in sandbox
.Test test49 skipped in sandbox
.Test test49a skipped in sandbox
.Test test49b skipped in sandbox
...Test test52 skipped in sandbox
.Test test53 skipped in sandbox
.Test test54 skipped in sandbox
..Test skipped on the Central Manager
..Test skipped on the Central Manager
.........</stdout>
      <stderr></stderr>
      <duration>262.378</duration>
      <timestamp>2019-05-07T12:36:02.571453</timestamp>
      <time>262.378</time>
      <enclosingBlocks/>
      <enclosingBlockNames/>
      <cases>
        <case>
          <duration>15.217</duration>
          <className>TestLdap</className>
          <testName>TestCase01.test02</testName>
          <skipped>false</skipped>
          <failedSince>0</failedSince>
        </case>
        <case>
          <duration>3.76</duration>
          <className>TestLdap</className>
          <testName>TestCase01.test03</testName>
          <skipped>false</skipped>
          <failedSince>0</failedSince>
        </case>
        <case>
          <duration>4.875</duration>
          <className>TestLdap</className>
          <testName>TestCase01.test04</testName>
          <skipped>false</skipped>
          <failedSince>0</failedSince>
        </case>
        <case>
          <duration>4.206</duration>
          <className>TestLdap</className>
          <testName>TestCase01.test05</testName>
          <skipped>false</skipped>
          <failedSince>0</failedSince>
        </case>
        <case>
          <duration>4.263</duration>
          <className>TestLdap</className>
          <testName>TestCase01.test06</testName>
          <skipped>false</skipped>
          <failedSince>0</failedSince>
        </case>
        <case>
          <duration>3.68</duration>
          <className>TestLdap</className>
          <testName>TestCase01.test07</testName>
          <skipped>false</skipped>
          <failedSince>0</failedSince>
        </case>
        <case>
          <duration>4.981</duration>
          <className>TestLdap</className>
          <testName>TestCase01.test08</testName>
          <skipped>false</skipped>
          <failedSince>0</failedSince>
        </case>
        <case>
          <duration>6.912</duration>
          <className>TestLdap</className>
          <testName>TestCase01.test08a</testName>
          <skipped>false</skipped>
          <failedSince>0</failedSince>
        </case>
        <case>
          <duration>5.159</duration>
          <className>TestLdap</className>
          <testName>TestCase01.test08b</testName>
          <skipped>false</skipped>
          <failedSince>0</failedSince>
        </case>
        <case>
          <duration>15.562</duration>
          <className>TestLdap</className>
          <testName>TestCase01.test09</testName>
          <skipped>false</skipped>
          <failedSince>0</failedSince>
        </case>
        <case>
          <duration>6.194</duration>
          <className>TestLdap</className>
          <testName>TestCase01.test10</testName>
          <skipped>false</skipped>
          <failedSince>0</failedSince>
        </case>
        <case>
          <duration>5.27</duration>
          <className>TestLdap</className>
          <testName>TestCase01.test11</testName>
          <skipped>false</skipped>
          <failedSince>0</failedSince>
        </case>
        <case>
          <duration>5.063</duration>
          <className>TestLdap</className>
          <testName>TestCase01.test12</testName>
          <skipped>false</skipped>
          <failedSince>0</failedSince>
        </case>
        <case>
          <duration>5.631</duration>
          <className>TestLdap</className>
          <testName>TestCase01.test13</testName>
          <skipped>false</skipped>
          <failedSince>0</failedSince>
        </case>
        <case>
          <duration>17.823</duration>
          <className>TestLdap</className>
          <testName>TestCase01.test14</testName>
          <skipped>false</skipped>
          <failedSince>0</failedSince>
        </case>
        <case>
          <duration>11.929</duration>
          <className>TestLdap</className>
          <testName>TestCase01.test15</testName>
          <skipped>false</skipped>
          <failedSince>0</failedSince>
        </case>
        <case>
          <duration>2.185</duration>
          <className>TestLdap</className>
          <testName>TestCase01.test16</testName>
          <skipped>false</skipped>
          <failedSince>0</failedSince>
        </case>
        <case>
          <duration>4.051</duration>
          <className>TestLdap</className>
          <testName>TestCase01.test17</testName>
          <skipped>false</skipped>
          <failedSince>0</failedSince>
        </case>
        <case>
          <duration>2.563</duration>
          <className>TestLdap</className>
          <testName>TestCase01.test18</testName>
          <skipped>false</skipped>
          <failedSince>0</failedSince>
        </case>
        <case>
          <duration>3.081</duration>
          <className>TestLdap</className>
          <testName>TestCase01.test30</testName>
          <skipped>false</skipped>
          <failedSince>0</failedSince>
        </case>
        <case>
          <duration>2.801</duration>
          <className>TestLdap</className>
          <testName>TestCase01.test31</testName>
          <skipped>false</skipped>
          <failedSince>0</failedSince>
        </case>
        <case>
          <duration>5.541</duration>
          <className>TestLdap</className>
          <testName>TestCase01.test32</testName>
          <skipped>false</skipped>
          <failedSince>0</failedSince>
        </case>
        <case>
          <duration>5.783</duration>
          <className>TestLdap</className>
          <testName>TestCase01.test33</testName>
          <skipped>false</skipped>
          <failedSince>0</failedSince>
        </case>
        <case>
          <duration>10.586</duration>
          <className>TestLdap</className>
          <testName>TestCase01.test35</testName>
          <skipped>false</skipped>
          <failedSince>0</failedSince>
        </case>
        <case>
          <duration>3.237</duration>
          <className>TestLdap</className>
          <testName>TestCase01.test36</testName>
          <skipped>false</skipped>
          <failedSince>0</failedSince>
        </case>
        <case>
          <duration>5.043</duration>
          <className>TestLdap</className>
          <testName>TestCase01.test37</testName>
          <skipped>false</skipped>
          <failedSince>0</failedSince>
        </case>
        <case>
          <duration>6.016</duration>
          <className>TestLdap</className>
          <testName>TestCase01.test38</testName>
          <skipped>false</skipped>
          <failedSince>0</failedSince>
        </case>
        <case>
          <duration>4.65</duration>
          <className>TestLdap</className>
          <testName>TestCase01.test38a</testName>
          <skipped>false</skipped>
          <failedSince>0</failedSince>
        </case>
        <case>
          <duration>4.466</duration>
          <className>TestLdap</className>
          <testName>TestCase01.test39</testName>
          <skipped>false</skipped>
          <failedSince>0</failedSince>
        </case>
        <case>
          <duration>17.169</duration>
          <className>TestLdap</className>
          <testName>TestCase01.test40</testName>
          <skipped>false</skipped>
          <failedSince>0</failedSince>
        </case>
        <case>
          <duration>7.786</duration>
          <className>TestLdap</className>
          <testName>TestCase01.test41</testName>
          <skipped>false</skipped>
          <failedSince>0</failedSince>
        </case>
        <case>
          <duration>17.313</duration>
          <className>TestLdap</className>
          <testName>TestCase01.test42</testName>
          <skipped>false</skipped>
          <failedSince>0</failedSince>
        </case>
        <case>
          <duration>9.803</duration>
          <className>TestLdap</className>
          <testName>TestCase01.test43</testName>
          <skipped>false</skipped>
          <failedSince>0</failedSince>
        </case>
        <case>
          <duration>10.315</duration>
          <className>TestLdap</className>
          <testName>TestCase01.test44</testName>
          <skipped>false</skipped>
          <failedSince>0</failedSince>
        </case>
        <case>
          <duration>4.405</duration>
          <className>TestLdap</className>
          <testName>TestCase01.test45</testName>
          <skipped>false</skipped>
          <failedSince>0</failedSince>
        </case>
        <case>
          <duration>4.061</duration>
          <className>TestLdap</className>
          <testName>TestCase01.test46</testName>
          <skipped>false</skipped>
          <failedSince>0</failedSince>
        </case>
        <case>
          <duration>2.953</duration>
          <className>TestLdap</className>
          <testName>TestCase01.test46a</testName>
          <skipped>false</skipped>
          <failedSince>0</failedSince>
        </case>
        <case>
          <duration>0.0</duration>
          <className>TestLdap</className>
          <testName>TestCase01.test48</testName>
          <skipped>false</skipped>
          <failedSince>0</failedSince>
        </case>
        <case>
          <duration>0.0</duration>
          <className>TestLdap</className>
          <testName>TestCase01.test48a</testName>
          <skipped>false</skipped>
          <failedSince>0</failedSince>
        </case>
        <case>
          <duration>0.0</duration>
          <className>TestLdap</className>
          <testName>TestCase01.test48b</testName>
          <skipped>false</skipped>
          <failedSince>0</failedSince>
        </case>
        <case>
          <duration>0.0</duration>
          <className>TestLdap</className>
          <testName>TestCase01.test49</testName>
          <skipped>false</skipped>
          <failedSince>0</failedSince>
        </case>
        <case>
          <duration>0.0</duration>
          <className>TestLdap</className>
          <testName>TestCase01.test49a</testName>
          <skipped>false</skipped>
          <failedSince>0</failedSince>
        </case>
        <case>
          <duration>0.0</duration>
          <className>TestLdap</className>
          <testName>TestCase01.test49b</testName>
          <skipped>false</skipped>
          <failedSince>0</failedSince>
        </case>
        <case>
          <duration>0.156</duration>
          <className>TestLdap</className>
          <testName>TestCase01.test50</testName>
          <skipped>false</skipped>
          <failedSince>0</failedSince>
        </case>
        <case>
          <duration>1.926</duration>
          <className>TestLdap</className>
          <testName>TestCase01.test51</testName>
          <skipped>false</skipped>
          <failedSince>0</failedSince>
        </case>
        <case>
          <duration>0.0</duration>
          <className>TestLdap</className>
          <testName>TestCase01.test52</testName>
          <skipped>false</skipped>
          <failedSince>0</failedSince>
        </case>
        <case>
          <duration>0.0</duration>
          <className>TestLdap</className>
          <testName>TestCase01.test53</testName>
          <skipped>false</skipped>
          <failedSince>0</failedSince>
        </case>
        <case>
          <duration>0.0</duration>
          <className>TestLdap</className>
          <testName>TestCase01.test54</testName>
          <skipped>false</skipped>
          <failedSince>0</failedSince>
        </case>
        <case>
          <duration>2.141</duration>
          <className>TestLdap</className>
          <testName>TestCase01.test99</testName>
          <skipped>false</skipped>
          <failedSince>0</failedSince>
        </case>
        <case>
          <duration>0.019</duration>
          <className>TestLdap</className>
          <testName>TestCase03.test01</testName>
          <skipped>false</skipped>
          <failedSince>0</failedSince>
        </case>
        <case>
          <duration>1.861</duration>
          <className>TestLdap</className>
          <testName>TestCase03.test02</testName>
          <skipped>false</skipped>
          <failedSince>0</failedSince>
        </case>
        <case>
          <duration>0.016</duration>
          <className>TestLdap</className>
          <testName>TestCase03.test03</testName>
          <skipped>false</skipped>
          <failedSince>0</failedSince>
        </case>
        <case>
          <duration>0.14</duration>
          <className>TestLdap</className>
          <testName>TestCase03.test04</testName>
          <skipped>false</skipped>
          <failedSince>0</failedSince>
        </case>
        <case>
          <duration>0.292</duration>
          <className>TestLdap</className>
          <testName>TestCase04.test01</testName>
          <skipped>false</skipped>
          <failedSince>0</failedSince>
        </case>
        <case>
          <duration>0.756</duration>
          <className>TestLdap</className>
          <testName>TestCase04.test02</testName>
          <skipped>false</skipped>
          <failedSince>0</failedSince>
        </case>
        <case>
          <duration>0.282</duration>
          <className>TestLdap</className>
          <testName>TestCase04.test99</testName>
          <skipped>false</skipped>
          <failedSince>0</failedSince>
        </case>
        <case>
          <duration>0.018</duration>
          <className>TestLdap</className>
          <testName>TestCase05.test01</testName>
          <skipped>false</skipped>
          <failedSince>0</failedSince>
        </case>
        <case>
          <duration>0.213</duration>
          <className>TestLdap</className>
          <testName>TestCase05.test02</testName>
          <skipped>false</skipped>
          <failedSince>0</failedSince>
        </case>
        <case>
          <duration>0.099</duration>
          <className>TestLdap</className>
          <testName>TestCase05.test03</testName>
          <skipped>false</skipped>
          <failedSince>0</failedSince>
        </case>
        <case>
          <duration>0.119</duration>
          <className>TestLdap</className>
          <testName>TestCase05.test99</testName>
          <skipped>false</skipped>
          <failedSince>0</failedSince>
        </case>
      </cases>
    </suite>
    <suite>
      <file>/home/jenkins/workspace/Backend/CMC@3/test-results/TEST-rest-TestRestAggregationTap.xml</file>
      <name>rest.TestRestAggregationTap</name>
      <stdout>......
TestCase01.test07: Test the &apos;with-clock-monitoring&apos; option and semantic checks.
.</stdout>
      <stderr></stderr>
      <duration>186.789</duration>
      <timestamp>2019-05-07T12:37:16.930794</timestamp>
      <time>186.789</time>
      <enclosingBlocks/>
      <enclosingBlockNames/>
      <cases>
        <case>
          <duration>81.242</duration>
          <className>TestRestAggregationTap</className>
          <testName>TestCase01.test01</testName>
          <skipped>false</skipped>
          <failedSince>0</failedSince>
        </case>
        <case>
          <duration>34.201</duration>
          <className>TestRestAggregationTap</className>
          <testName>TestCase01.test02</testName>
          <skipped>false</skipped>
          <failedSince>0</failedSince>
        </case>
        <case>
          <duration>1.937</duration>
          <className>TestRestAggregationTap</className>
          <testName>TestCase01.test03</testName>
          <skipped>false</skipped>
          <failedSince>0</failedSince>
        </case>
        <case>
          <duration>4.267</duration>
          <className>TestRestAggregationTap</className>
          <testName>TestCase01.test04</testName>
          <skipped>false</skipped>
          <failedSince>0</failedSince>
        </case>
        <case>
          <duration>58.05</duration>
          <className>TestRestAggregationTap</className>
          <testName>TestCase01.test05</testName>
          <skipped>false</skipped>
          <failedSince>0</failedSince>
        </case>
        <case>
          <duration>2.154</duration>
          <className>TestRestAggregationTap</className>
          <testName>TestCase01.test06</testName>
          <skipped>false</skipped>
          <failedSince>0</failedSince>
        </case>
        <case>
          <duration>4.923</duration>
          <className>TestRestAggregationTap</className>
          <testName>TestCase01.test07</testName>
          <skipped>false</skipped>
          <failedSince>0</failedSince>
        </case>
      </cases>
    </suite>
    <suite>
      <file>/home/jenkins/workspace/Backend/CMC@2/test-results/TEST-cli-TestRadiusAuthentication.xml</file>
      <name>cli.TestRadiusAuthentication</name>
      <stdout>..Test test01 skipped in sandbox
.Test test02 skipped in sandbox
........................</stdout>
      <stderr></stderr>
      <duration>40.804</duration>
      <timestamp>2019-05-07T12:39:51.922411</timestamp>
      <time>40.804</time>
      <enclosingBlocks/>
      <enclosingBlockNames/>
      <cases>
        <case>
          <duration>10.264</duration>
          <className>TestRadiusAuthentication</className>
          <testName>TestCase00.test01</testName>
          <skipped>false</skipped>
          <failedSince>0</failedSince>
        </case>
        <case>
          <duration>1.963</duration>
          <className>TestRadiusAuthentication</className>
          <testName>TestCase01.test00</testName>
          <skipped>false</skipped>
          <failedSince>0</failedSince>
        </case>
        <case>
          <duration>0.0</duration>
          <className>TestRadiusAuthentication</className>
          <testName>TestCase01.test01</testName>
          <skipped>false</skipped>
          <failedSince>0</failedSince>
        </case>
        <case>
          <duration>0.0</duration>
          <className>TestRadiusAuthentication</className>
          <testName>TestCase01.test02</testName>
          <skipped>false</skipped>
          <failedSince>0</failedSince>
        </case>
        <case>
          <duration>0.02</duration>
          <className>TestRadiusAuthentication</className>
          <testName>TestCase01.test03</testName>
          <skipped>false</skipped>
          <failedSince>0</failedSince>
        </case>
        <case>
          <duration>0.057</duration>
          <className>TestRadiusAuthentication</className>
          <testName>TestCase01.test04</testName>
          <skipped>false</skipped>
          <failedSince>0</failedSince>
        </case>
        <case>
          <duration>0.015</duration>
          <className>TestRadiusAuthentication</className>
          <testName>TestCase01.test05</testName>
          <skipped>false</skipped>
          <failedSince>0</failedSince>
        </case>
        <case>
          <duration>0.469</duration>
          <className>TestRadiusAuthentication</className>
          <testName>TestCase01.test06</testName>
          <skipped>false</skipped>
          <failedSince>0</failedSince>
        </case>
        <case>
          <duration>0.476</duration>
          <className>TestRadiusAuthentication</className>
          <testName>TestCase01.test07</testName>
          <skipped>false</skipped>
          <failedSince>0</failedSince>
        </case>
        <case>
          <duration>0.517</duration>
          <className>TestRadiusAuthentication</className>
          <testName>TestCase01.test08</testName>
          <skipped>false</skipped>
          <failedSince>0</failedSince>
        </case>
        <case>
          <duration>0.528</duration>
          <className>TestRadiusAuthentication</className>
          <testName>TestCase01.test09</testName>
          <skipped>false</skipped>
          <failedSince>0</failedSince>
        </case>
        <case>
          <duration>0.564</duration>
          <className>TestRadiusAuthentication</className>
          <testName>TestCase01.test10</testName>
          <skipped>false</skipped>
          <failedSince>0</failedSince>
        </case>
        <case>
          <duration>1.801</duration>
          <className>TestRadiusAuthentication</className>
          <testName>TestCase02.test00</testName>
          <skipped>false</skipped>
          <failedSince>0</failedSince>
        </case>
        <case>
          <duration>0.569</duration>
          <className>TestRadiusAuthentication</className>
          <testName>TestCase02.test01</testName>
          <skipped>false</skipped>
          <failedSince>0</failedSince>
        </case>
        <case>
          <duration>0.555</duration>
          <className>TestRadiusAuthentication</className>
          <testName>TestCase02.test02</testName>
          <skipped>false</skipped>
          <failedSince>0</failedSince>
        </case>
        <case>
          <duration>0.555</duration>
          <className>TestRadiusAuthentication</className>
          <testName>TestCase02.test03</testName>
          <skipped>false</skipped>
          <failedSince>0</failedSince>
        </case>
        <case>
          <duration>0.521</duration>
          <className>TestRadiusAuthentication</className>
          <testName>TestCase02.test04</testName>
          <skipped>false</skipped>
          <failedSince>0</failedSince>
        </case>
        <case>
          <duration>0.725</duration>
          <className>TestRadiusAuthentication</className>
          <testName>TestCase02.test05</testName>
          <skipped>false</skipped>
          <failedSince>0</failedSince>
        </case>
        <case>
          <duration>0.676</duration>
          <className>TestRadiusAuthentication</className>
          <testName>TestCase02.test06</testName>
          <skipped>false</skipped>
          <failedSince>0</failedSince>
        </case>
        <case>
          <duration>1.324</duration>
          <className>TestRadiusAuthentication</className>
          <testName>TestCase03.test00</testName>
          <skipped>false</skipped>
          <failedSince>0</failedSince>
        </case>
        <case>
          <duration>2.463</duration>
          <className>TestRadiusAuthentication</className>
          <testName>TestCase03.test01</testName>
          <skipped>false</skipped>
          <failedSince>0</failedSince>
        </case>
        <case>
          <duration>2.973</duration>
          <className>TestRadiusAuthentication</className>
          <testName>TestCase03.test02</testName>
          <skipped>false</skipped>
          <failedSince>0</failedSince>
        </case>
        <case>
          <duration>2.463</duration>
          <className>TestRadiusAuthentication</className>
          <testName>TestCase03.test03</testName>
          <skipped>false</skipped>
          <failedSince>0</failedSince>
        </case>
        <case>
          <duration>2.655</duration>
          <className>TestRadiusAuthentication</className>
          <testName>TestCase03.test04</testName>
          <skipped>false</skipped>
          <failedSince>0</failedSince>
        </case>
        <case>
          <duration>2.557</duration>
          <className>TestRadiusAuthentication</className>
          <testName>TestCase03.test05</testName>
          <skipped>false</skipped>
          <failedSince>0</failedSince>
        </case>
        <case>
          <duration>3.202</duration>
          <className>TestRadiusAuthentication</className>
          <testName>TestCase03.test06</testName>
          <skipped>false</skipped>
          <failedSince>0</failedSince>
        </case>
        <case>
          <duration>2.886</duration>
          <className>TestRadiusAuthentication</className>
          <testName>TestCase99.test01</testName>
          <skipped>false</skipped>
          <failedSince>0</failedSince>
        </case>
      </cases>
    </suite>
    <suite>
      <file>/home/jenkins/workspace/Backend/CMC/test-results/TEST-rest-TestRestCustomDashboard.xml</file>
      <name>rest.TestRestCustomDashboard</name>
      <stdout>..............</stdout>
      <stderr></stderr>
      <duration>100.238</duration>
      <timestamp>2019-05-07T12:38:53.150678</timestamp>
      <time>100.238</time>
      <enclosingBlocks/>
      <enclosingBlockNames/>
      <cases>
        <case>
          <duration>24.764</duration>
          <className>TestRestCustomDashboard</className>
          <testName>TestCase01.test01</testName>
          <skipped>false</skipped>
          <failedSince>0</failedSince>
        </case>
        <case>
          <duration>0.43</duration>
          <className>TestRestCustomDashboard</className>
          <testName>TestCase01.test02</testName>
          <skipped>false</skipped>
          <failedSince>0</failedSince>
        </case>
        <case>
          <duration>0.055</duration>
          <className>TestRestCustomDashboard</className>
          <testName>TestCase01.test03</testName>
          <skipped>false</skipped>
          <failedSince>0</failedSince>
        </case>
        <case>
          <duration>0.011</duration>
          <className>TestRestCustomDashboard</className>
          <testName>TestCase01.test04</testName>
          <skipped>false</skipped>
          <failedSince>0</failedSince>
        </case>
        <case>
          <duration>0.015</duration>
          <className>TestRestCustomDashboard</className>
          <testName>TestCase01.test05</testName>
          <skipped>false</skipped>
          <failedSince>0</failedSince>
        </case>
        <case>
          <duration>12.037</duration>
          <className>TestRestCustomDashboard</className>
          <testName>TestCase02.test01</testName>
          <skipped>false</skipped>
          <failedSince>0</failedSince>
        </case>
        <case>
          <duration>1.525</duration>
          <className>TestRestCustomDashboard</className>
          <testName>TestCase02.test02</testName>
          <skipped>false</skipped>
          <failedSince>0</failedSince>
        </case>
        <case>
          <duration>0.011</duration>
          <className>TestRestCustomDashboard</className>
          <testName>TestCase02.test03</testName>
          <skipped>false</skipped>
          <failedSince>0</failedSince>
        </case>
        <case>
          <duration>0.229</duration>
          <className>TestRestCustomDashboard</className>
          <testName>TestCase02.test04</testName>
          <skipped>false</skipped>
          <failedSince>0</failedSince>
        </case>
        <case>
          <duration>16.704</duration>
          <className>TestRestCustomDashboard</className>
          <testName>TestCase02.test05</testName>
          <skipped>false</skipped>
          <failedSince>0</failedSince>
        </case>
        <case>
          <duration>11.778</duration>
          <className>TestRestCustomDashboard</className>
          <testName>TestCase03.test01</testName>
          <skipped>false</skipped>
          <failedSince>0</failedSince>
        </case>
        <case>
          <duration>12.197</duration>
          <className>TestRestCustomDashboard</className>
          <testName>TestCase03.test02</testName>
          <skipped>false</skipped>
          <failedSince>0</failedSince>
        </case>
        <case>
          <duration>14.664</duration>
          <className>TestRestCustomDashboard</className>
          <testName>TestCase04.test01</testName>
          <skipped>false</skipped>
          <failedSince>0</failedSince>
        </case>
        <case>
          <duration>5.816</duration>
          <className>TestRestCustomDashboard</className>
          <testName>TestCase05.test01</testName>
          <skipped>false</skipped>
          <failedSince>0</failedSince>
        </case>
      </cases>
    </suite>
    <suite>
      <file>/home/jenkins/workspace/Backend/CMC@5/test-results/TEST-cli-TestTacacsAuthentication.xml</file>
      <name>cli.TestTacacsAuthentication</name>
      <stdout>Test test01 skipped in sandbox
.Test test02 skipped in sandbox
.Test test03 skipped in sandbox
.Test test04 skipped in sandbox
.Test test05 skipped in sandbox
.Test test06 skipped in sandbox
.Test test07 skipped in sandbox
.Test test08 skipped in sandbox
..Test test10 skipped in sandbox
.Test test11 skipped in sandbox
.Test test12 skipped in sandbox
.Test test13 skipped in sandbox
.Test test01 skipped in sandbox
.Test test02 skipped in sandbox
.Test test03 skipped in sandbox
.</stdout>
      <stderr></stderr>
      <duration>32.322</duration>
      <timestamp>2019-05-07T12:40:04.829369</timestamp>
      <time>32.322</time>
      <enclosingBlocks/>
      <enclosingBlockNames/>
      <cases>
        <case>
          <duration>0.0</duration>
          <className>TestTacacsAuthentication</className>
          <testName>TestCase01.test01</testName>
          <skipped>false</skipped>
          <failedSince>0</failedSince>
        </case>
        <case>
          <duration>0.0</duration>
          <className>TestTacacsAuthentication</className>
          <testName>TestCase01.test02</testName>
          <skipped>false</skipped>
          <failedSince>0</failedSince>
        </case>
        <case>
          <duration>0.0</duration>
          <className>TestTacacsAuthentication</className>
          <testName>TestCase01.test03</testName>
          <skipped>false</skipped>
          <failedSince>0</failedSince>
        </case>
        <case>
          <duration>0.0</duration>
          <className>TestTacacsAuthentication</className>
          <testName>TestCase01.test04</testName>
          <skipped>false</skipped>
          <failedSince>0</failedSince>
        </case>
        <case>
          <duration>0.0</duration>
          <className>TestTacacsAuthentication</className>
          <testName>TestCase01.test05</testName>
          <skipped>false</skipped>
          <failedSince>0</failedSince>
        </case>
        <case>
          <duration>0.0</duration>
          <className>TestTacacsAuthentication</className>
          <testName>TestCase01.test06</testName>
          <skipped>false</skipped>
          <failedSince>0</failedSince>
        </case>
        <case>
          <duration>0.0</duration>
          <className>TestTacacsAuthentication</className>
          <testName>TestCase01.test07</testName>
          <skipped>false</skipped>
          <failedSince>0</failedSince>
        </case>
        <case>
          <duration>0.0</duration>
          <className>TestTacacsAuthentication</className>
          <testName>TestCase01.test08</testName>
          <skipped>false</skipped>
          <failedSince>0</failedSince>
        </case>
        <case>
          <duration>32.318</duration>
          <className>TestTacacsAuthentication</className>
          <testName>TestCase01.test09</testName>
          <skipped>false</skipped>
          <failedSince>0</failedSince>
        </case>
        <case>
          <duration>0.0</duration>
          <className>TestTacacsAuthentication</className>
          <testName>TestCase01.test10</testName>
          <skipped>false</skipped>
          <failedSince>0</failedSince>
        </case>
        <case>
          <duration>0.0</duration>
          <className>TestTacacsAuthentication</className>
          <testName>TestCase01.test11</testName>
          <skipped>false</skipped>
          <failedSince>0</failedSince>
        </case>
        <case>
          <duration>0.0</duration>
          <className>TestTacacsAuthentication</className>
          <testName>TestCase01.test12</testName>
          <skipped>false</skipped>
          <failedSince>0</failedSince>
        </case>
        <case>
          <duration>0.0</duration>
          <className>TestTacacsAuthentication</className>
          <testName>TestCase01.test13</testName>
          <skipped>false</skipped>
          <failedSince>0</failedSince>
        </case>
        <case>
          <duration>0.0</duration>
          <className>TestTacacsAuthentication</className>
          <testName>TestCase02.test01</testName>
          <skipped>false</skipped>
          <failedSince>0</failedSince>
        </case>
        <case>
          <duration>0.0</duration>
          <className>TestTacacsAuthentication</className>
          <testName>TestCase02.test02</testName>
          <skipped>false</skipped>
          <failedSince>0</failedSince>
        </case>
        <case>
          <duration>0.0</duration>
          <className>TestTacacsAuthentication</className>
          <testName>TestCase02.test03</testName>
          <skipped>false</skipped>
          <failedSince>0</failedSince>
        </case>
      </cases>
    </suite>
    <suite>
      <file>/home/jenkins/workspace/Backend/CMC/test-results/TEST-rest-TestRestProbes.xml</file>
      <name>rest.TestRestProbes</name>
      <stdout>.......Test skipped on the Central Manager
....Test skipped on the Central Manager
.Test skipped on the Central Manager
.Test skipped on the Central Manager
........</stdout>
      <stderr></stderr>
      <duration>80.088</duration>
      <timestamp>2019-05-07T12:39:23.437284</timestamp>
      <time>80.088</time>
      <enclosingBlocks/>
      <enclosingBlockNames/>
      <cases>
        <case>
          <duration>13.752</duration>
          <className>TestRestProbes</className>
          <testName>TestCase00.test01</testName>
          <skipped>false</skipped>
          <failedSince>0</failedSince>
        </case>
        <case>
          <duration>0.066</duration>
          <className>TestRestProbes</className>
          <testName>TestCase00.test02</testName>
          <skipped>false</skipped>
          <failedSince>0</failedSince>
        </case>
        <case>
          <duration>0.041</duration>
          <className>TestRestProbes</className>
          <testName>TestCase00.test03</testName>
          <skipped>false</skipped>
          <failedSince>0</failedSince>
        </case>
        <case>
          <duration>15.847</duration>
          <className>TestRestProbes</className>
          <testName>TestCase00.test04</testName>
          <skipped>false</skipped>
          <failedSince>0</failedSince>
        </case>
        <case>
          <duration>0.203</duration>
          <className>TestRestProbes</className>
          <testName>TestCase00.test05</testName>
          <skipped>false</skipped>
          <failedSince>0</failedSince>
        </case>
        <case>
          <duration>0.044</duration>
          <className>TestRestProbes</className>
          <testName>TestCase00.test06</testName>
          <skipped>false</skipped>
          <failedSince>0</failedSince>
        </case>
        <case>
          <duration>0.127</duration>
          <className>TestRestProbes</className>
          <testName>TestCase00.test07</testName>
          <skipped>false</skipped>
          <failedSince>0</failedSince>
        </case>
        <case>
          <duration>0.04</duration>
          <className>TestRestProbes</className>
          <testName>TestCase00.test08</testName>
          <skipped>false</skipped>
          <failedSince>0</failedSince>
        </case>
        <case>
          <duration>0.139</duration>
          <className>TestRestProbes</className>
          <testName>TestCase00.test09</testName>
          <skipped>false</skipped>
          <failedSince>0</failedSince>
        </case>
        <case>
          <duration>0.047</duration>
          <className>TestRestProbes</className>
          <testName>TestCase00.test10</testName>
          <skipped>false</skipped>
          <failedSince>0</failedSince>
        </case>
        <case>
          <duration>0.219</duration>
          <className>TestRestProbes</className>
          <testName>TestCase00.test11</testName>
          <skipped>false</skipped>
          <failedSince>0</failedSince>
        </case>
        <case>
          <duration>0.046</duration>
          <className>TestRestProbes</className>
          <testName>TestCase00.test12</testName>
          <skipped>false</skipped>
          <failedSince>0</failedSince>
        </case>
        <case>
          <duration>0.02</duration>
          <className>TestRestProbes</className>
          <testName>TestCase00.test13</testName>
          <skipped>false</skipped>
          <failedSince>0</failedSince>
        </case>
        <case>
          <duration>0.032</duration>
          <className>TestRestProbes</className>
          <testName>TestCase00.test14</testName>
          <skipped>false</skipped>
          <failedSince>0</failedSince>
        </case>
        <case>
          <duration>0.286</duration>
          <className>TestRestProbes</className>
          <testName>TestCase00.test15</testName>
          <skipped>false</skipped>
          <failedSince>0</failedSince>
        </case>
        <case>
          <duration>12.413</duration>
          <className>TestRestProbes</className>
          <testName>TestCase01.test01</testName>
          <skipped>false</skipped>
          <failedSince>0</failedSince>
        </case>
        <case>
          <duration>0.136</duration>
          <className>TestRestProbes</className>
          <testName>TestCase01.test02</testName>
          <skipped>false</skipped>
          <failedSince>0</failedSince>
        </case>
        <case>
          <duration>0.043</duration>
          <className>TestRestProbes</className>
          <testName>TestCase01.test03</testName>
          <skipped>false</skipped>
          <failedSince>0</failedSince>
        </case>
        <case>
          <duration>8.592</duration>
          <className>TestRestProbes</className>
          <testName>TestCase01.test04</testName>
          <skipped>false</skipped>
          <failedSince>0</failedSince>
        </case>
        <case>
          <duration>19.48</duration>
          <className>TestRestProbes</className>
          <testName>TestCase01.test05</testName>
          <skipped>false</skipped>
          <failedSince>0</failedSince>
        </case>
        <case>
          <duration>8.512</duration>
          <className>TestRestProbes</className>
          <testName>TestCase01.test06</testName>
          <skipped>false</skipped>
          <failedSince>0</failedSince>
        </case>
      </cases>
    </suite>
    <suite>
      <file>/home/jenkins/workspace/Backend/CMC@2/test-results/TEST-cli-TestBranding.xml</file>
      <name>cli.TestBranding</name>
      <stdout>.Test skipped on the Central Manager
..</stdout>
      <stderr></stderr>
      <duration>25.895</duration>
      <timestamp>2019-05-07T12:40:22.381551</timestamp>
      <time>25.895</time>
      <enclosingBlocks/>
      <enclosingBlockNames/>
      <cases>
        <case>
          <duration>10.619</duration>
          <className>TestBranding</className>
          <testName>TestCase01.test01</testName>
          <skipped>false</skipped>
          <failedSince>0</failedSince>
        </case>
        <case>
          <duration>0.046</duration>
          <className>TestBranding</className>
          <testName>TestCase02.test01</testName>
          <skipped>false</skipped>
          <failedSince>0</failedSince>
        </case>
        <case>
          <duration>15.229</duration>
          <className>TestBranding</className>
          <testName>TestCase03.test01</testName>
          <skipped>false</skipped>
          <failedSince>0</failedSince>
        </case>
      </cases>
    </suite>
    <suite>
      <file>/home/jenkins/workspace/Backend/CMC@7/test-results/TEST-cli-TestShowAdmin.xml</file>
      <name>cli.TestShowAdmin</name>
      <stdout>.......
TestCase01.test07: BQM-44268 All config changes on a single config object should be written into the audit log, regardless of interval between them.
.</stdout>
      <stderr></stderr>
      <duration>83.464</duration>
      <timestamp>2019-05-07T12:39:28.318573</timestamp>
      <time>83.464</time>
      <enclosingBlocks/>
      <enclosingBlockNames/>
      <cases>
        <case>
          <duration>7.674</duration>
          <className>TestShowAdmin</className>
          <testName>TestCase01.test01</testName>
          <skipped>false</skipped>
          <failedSince>0</failedSince>
        </case>
        <case>
          <duration>0.119</duration>
          <className>TestShowAdmin</className>
          <testName>TestCase01.test02</testName>
          <skipped>false</skipped>
          <failedSince>0</failedSince>
        </case>
        <case>
          <duration>0.002</duration>
          <className>TestShowAdmin</className>
          <testName>TestCase01.test03</testName>
          <skipped>false</skipped>
          <failedSince>0</failedSince>
        </case>
        <case>
          <duration>40.937</duration>
          <className>TestShowAdmin</className>
          <testName>TestCase01.test04</testName>
          <skipped>false</skipped>
          <failedSince>0</failedSince>
        </case>
        <case>
          <duration>29.211</duration>
          <className>TestShowAdmin</className>
          <testName>TestCase01.test05</testName>
          <skipped>false</skipped>
          <failedSince>0</failedSince>
        </case>
        <case>
          <duration>0.312</duration>
          <className>TestShowAdmin</className>
          <testName>TestCase01.test05a_show_config_should_not_contain_password</testName>
          <skipped>false</skipped>
          <failedSince>0</failedSince>
        </case>
        <case>
          <duration>0.06</duration>
          <className>TestShowAdmin</className>
          <testName>TestCase01.test06</testName>
          <skipped>false</skipped>
          <failedSince>0</failedSince>
        </case>
        <case>
          <duration>5.15</duration>
          <className>TestShowAdmin</className>
          <testName>TestCase01.test07</testName>
          <skipped>false</skipped>
          <failedSince>0</failedSince>
        </case>
      </cases>
    </suite>
    <suite>
      <file>/home/jenkins/workspace/Backend/CMC@4/test-results/TEST-cli-TestLoginLimits.xml</file>
      <name>cli.TestLoginLimits</name>
      <stdout>......</stdout>
      <stderr></stderr>
      <duration>29.848</duration>
      <timestamp>2019-05-07T12:40:22.514563</timestamp>
      <time>29.848</time>
      <enclosingBlocks/>
      <enclosingBlockNames/>
      <cases>
        <case>
          <duration>3.639</duration>
          <className>TestLoginLimits</className>
          <testName>TestCase01.test01</testName>
          <skipped>false</skipped>
          <failedSince>0</failedSince>
        </case>
        <case>
          <duration>10.693</duration>
          <className>TestLoginLimits</className>
          <testName>TestCase01.test02</testName>
          <skipped>false</skipped>
          <failedSince>0</failedSince>
        </case>
        <case>
          <duration>1.293</duration>
          <className>TestLoginLimits</className>
          <testName>TestCase01.test03</testName>
          <skipped>false</skipped>
          <failedSince>0</failedSince>
        </case>
        <case>
          <duration>3.324</duration>
          <className>TestLoginLimits</className>
          <testName>TestCase01.test04</testName>
          <skipped>false</skipped>
          <failedSince>0</failedSince>
        </case>
        <case>
          <duration>10.1</duration>
          <className>TestLoginLimits</className>
          <testName>TestCase01.test05</testName>
          <skipped>false</skipped>
          <failedSince>0</failedSince>
        </case>
        <case>
          <duration>0.798</duration>
          <className>TestLoginLimits</className>
          <testName>TestCase01.test06</testName>
          <skipped>false</skipped>
          <failedSince>0</failedSince>
        </case>
      </cases>
    </suite>
    <suite>
      <file>/home/jenkins/workspace/Backend/CMC/test-results/TEST-cli-TestSite.xml</file>
      <name>cli.TestSite</name>
      <stdout>.Test skipped on the Central Manager
......Test skipped on the Central Manager
.Test skipped on the Central Manager
.Test skipped on the Central Manager
.Test skipped on the Central Manager
.Test skipped on the Central Manager
.Test skipped on the Central Manager
.Test skipped on the Central Manager
.Test skipped on the Central Manager
.Test skipped on the Central Manager
.Test skipped on the Central Manager
.Test skipped on the Central Manager
.Test skipped on the Central Manager
.Test skipped 
...[truncated 1003 chars]...
ral Manager
.Test skipped on the Central Manager
.Test skipped on the Central Manager
.Test skipped on the Central Manager
.Test skipped on the Central Manager
.Test skipped on the Central Manager
.Test skipped on the Central Manager
.Test skipped on the Central Manager
.Test skipped on the Central Manager
.Test skipped on the Central Manager
.
TestCase04.test01: BQM-18209 Interface objects should issue the correct message when being deleted but still in use
Test skipped on the Central Manager
.</stdout>
      <stderr></stderr>
      <duration>92.436</duration>
      <timestamp>2019-05-07T12:39:19.992471</timestamp>
      <time>92.436</time>
      <enclosingBlocks/>
      <enclosingBlockNames/>
      <cases>
        <case>
          <duration>43.94</duration>
          <className>TestSite</className>
          <testName>TestCase01.test01</testName>
          <skipped>false</skipped>
          <failedSince>0</failedSince>
        </case>
        <case>
          <duration>0.035</duration>
          <className>TestSite</className>
          <testName>TestCase01.test02</testName>
          <skipped>false</skipped>
          <failedSince>0</failedSince>
        </case>
        <case>
          <duration>0.038</duration>
          <className>TestSite</className>
          <testName>TestCase01.test03</testName>
          <skipped>false</skipped>
          <failedSince>0</failedSince>
        </case>
        <case>
          <duration>0.909</duration>
          <className>TestSite</className>
          <testName>TestCase01.test04</testName>
          <skipped>false</skipped>
          <failedSince>0</failedSince>
        </case>
        <case>
          <duration>0.199</duration>
          <className>TestSite</className>
          <testName>TestCase01.test05</testName>
          <skipped>false</skipped>
          <failedSince>0</failedSince>
        </case>
        <case>
          <duration>0.106</duration>
          <className>TestSite</className>
          <testName>TestCase01.test06</testName>
          <skipped>false</skipped>
          <failedSince>0</failedSince>
        </case>
        <case>
          <duration>0.55</duration>
          <className>TestSite</className>
          <testName>TestCase01.test07</testName>
          <skipped>false</skipped>
          <failedSince>0</failedSince>
        </case>
        <case>
          <duration>0.02</duration>
          <className>TestSite</className>
          <testName>TestCase01.test08</testName>
          <skipped>false</skipped>
          <failedSince>0</failedSince>
        </case>
        <case>
          <duration>0.171</duration>
          <className>TestSite</className>
          <testName>TestCase01.test09</testName>
          <skipped>false</skipped>
          <failedSince>0</failedSince>
        </case>
        <case>
          <duration>0.052</duration>
          <className>TestSite</className>
          <testName>TestCase01.test10</testName>
          <skipped>false</skipped>
          <failedSince>0</failedSince>
        </case>
        <case>
          <duration>0.063</duration>
          <className>TestSite</className>
          <testName>TestCase01.test11</testName>
          <skipped>false</skipped>
          <failedSince>0</failedSince>
        </case>
        <case>
          <duration>0.055</duration>
          <className>TestSite</className>
          <testName>TestCase01.test12</testName>
          <skipped>false</skipped>
          <failedSince>0</failedSince>
        </case>
        <case>
          <duration>0.048</duration>
          <className>TestSite</className>
          <testName>TestCase01.test13</testName>
          <skipped>false</skipped>
          <failedSince>0</failedSince>
        </case>
        <case>
          <duration>0.074</duration>
          <className>TestSite</className>
          <testName>TestCase01.test14</testName>
          <skipped>false</skipped>
          <failedSince>0</failedSince>
        </case>
        <case>
          <duration>0.042</duration>
          <className>TestSite</className>
          <testName>TestCase01.test15</testName>
          <skipped>false</skipped>
          <failedSince>0</failedSince>
        </case>
        <case>
          <duration>0.023</duration>
          <className>TestSite</className>
          <testName>TestCase01.test16</testName>
          <skipped>false</skipped>
          <failedSince>0</failedSince>
        </case>
        <case>
          <duration>0.07</duration>
          <className>TestSite</className>
          <testName>TestCase01.test17</testName>
          <skipped>false</skipped>
          <failedSince>0</failedSince>
        </case>
        <case>
          <duration>0.095</duration>
          <className>TestSite</className>
          <testName>TestCase01.test18</testName>
          <skipped>false</skipped>
          <failedSince>0</failedSince>
        </case>
        <case>
          <duration>0.084</duration>
          <className>TestSite</className>
          <testName>TestCase01.test19</testName>
          <skipped>false</skipped>
          <failedSince>0</failedSince>
        </case>
        <case>
          <duration>0.068</duration>
          <className>TestSite</className>
          <testName>TestCase01.test20</testName>
          <skipped>false</skipped>
          <failedSince>0</failedSince>
        </case>
        <case>
          <duration>0.026</duration>
          <className>TestSite</className>
          <testName>TestCase01.test21</testName>
          <skipped>false</skipped>
          <failedSince>0</failedSince>
        </case>
        <case>
          <duration>0.024</duration>
          <className>TestSite</className>
          <testName>TestCase01.test22</testName>
          <skipped>false</skipped>
          <failedSince>0</failedSince>
        </case>
        <case>
          <duration>0.021</duration>
          <className>TestSite</className>
          <testName>TestCase01.test23</testName>
          <skipped>false</skipped>
          <failedSince>0</failedSince>
        </case>
        <case>
          <duration>0.018</duration>
          <className>TestSite</className>
          <testName>TestCase01.test24</testName>
          <skipped>false</skipped>
          <failedSince>0</failedSince>
        </case>
        <case>
          <duration>0.037</duration>
          <className>TestSite</className>
          <testName>TestCase01.test25</testName>
          <skipped>false</skipped>
          <failedSince>0</failedSince>
        </case>
        <case>
          <duration>0.021</duration>
          <className>TestSite</className>
          <testName>TestCase01.test26</testName>
          <skipped>false</skipped>
          <failedSince>0</failedSince>
        </case>
        <case>
          <duration>0.029</duration>
          <className>TestSite</className>
          <testName>TestCase01.test27</testName>
          <skipped>false</skipped>
          <failedSince>0</failedSince>
        </case>
        <case>
          <duration>0.037</duration>
          <className>TestSite</className>
          <testName>TestCase01.test28</testName>
          <skipped>false</skipped>
          <failedSince>0</failedSince>
        </case>
        <case>
          <duration>0.016</duration>
          <className>TestSite</className>
          <testName>TestCase01.test29</testName>
          <skipped>false</skipped>
          <failedSince>0</failedSince>
        </case>
        <case>
          <duration>0.024</duration>
          <className>TestSite</className>
          <testName>TestCase01.test30</testName>
          <skipped>false</skipped>
          <failedSince>0</failedSince>
        </case>
        <case>
          <duration>0.024</duration>
          <className>TestSite</className>
          <testName>TestCase01.test31</testName>
          <skipped>false</skipped>
          <failedSince>0</failedSince>
        </case>
        <case>
          <duration>14.532</duration>
          <className>TestSite</className>
          <testName>TestCase01.test32</testName>
          <skipped>false</skipped>
          <failedSince>0</failedSince>
        </case>
        <case>
          <duration>0.064</duration>
          <className>TestSite</className>
          <testName>TestCase01.test33</testName>
          <skipped>false</skipped>
          <failedSince>0</failedSince>
        </case>
        <case>
          <duration>18.684</duration>
          <className>TestSite</className>
          <testName>TestCase02.test01</testName>
          <skipped>false</skipped>
          <failedSince>0</failedSince>
        </case>
        <case>
          <duration>0.061</duration>
          <className>TestSite</className>
          <testName>TestCase02.test02</testName>
          <skipped>false</skipped>
          <failedSince>0</failedSince>
        </case>
        <case>
          <duration>0.128</duration>
          <className>TestSite</className>
          <testName>TestCase02.test03</testName>
          <skipped>false</skipped>
          <failedSince>0</failedSince>
        </case>
        <case>
          <duration>0.067</duration>
          <className>TestSite</className>
          <testName>TestCase02.test04</testName>
          <skipped>false</skipped>
          <failedSince>0</failedSince>
        </case>
        <case>
          <duration>0.051</duration>
          <className>TestSite</className>
          <testName>TestCase02.test05</testName>
          <skipped>false</skipped>
          <failedSince>0</failedSince>
        </case>
        <case>
          <duration>0.032</duration>
          <className>TestSite</className>
          <testName>TestCase02.test06</testName>
          <skipped>false</skipped>
          <failedSince>0</failedSince>
        </case>
        <case>
          <duration>0.555</duration>
          <className>TestSite</className>
          <testName>TestCase02.test07</testName>
          <skipped>false</skipped>
          <failedSince>0</failedSince>
        </case>
        <case>
          <duration>0.036</duration>
          <className>TestSite</className>
          <testName>TestCase02.test08</testName>
          <skipped>false</skipped>
          <failedSince>0</failedSince>
        </case>
        <case>
          <duration>0.06</duration>
          <className>TestSite</className>
          <testName>TestCase02.test10</testName>
          <skipped>false</skipped>
          <failedSince>0</failedSince>
        </case>
        <case>
          <duration>0.097</duration>
          <className>TestSite</className>
          <testName>TestCase02.test11</testName>
          <skipped>false</skipped>
          <failedSince>0</failedSince>
        </case>
        <case>
          <duration>0.035</duration>
          <className>TestSite</className>
          <testName>TestCase02.test12</testName>
          <skipped>false</skipped>
          <failedSince>0</failedSince>
        </case>
        <case>
          <duration>0.075</duration>
          <className>TestSite</className>
          <testName>TestCase02.test13</testName>
          <skipped>false</skipped>
          <failedSince>0</failedSince>
        </case>
        <case>
          <duration>0.097</duration>
          <className>TestSite</className>
          <testName>TestCase02.test14</testName>
          <skipped>false</skipped>
          <failedSince>0</failedSince>
        </case>
        <case>
          <duration>0.065</duration>
          <className>TestSite</className>
          <testName>TestCase02.test15</testName>
          <skipped>false</skipped>
          <failedSince>0</failedSince>
        </case>
        <case>
          <duration>0.252</duration>
          <className>TestSite</className>
          <testName>TestCase02.test16</testName>
          <skipped>false</skipped>
          <failedSince>0</failedSince>
        </case>
        <case>
          <duration>0.395</duration>
          <className>TestSite</className>
          <testName>TestCase02.test17</testName>
          <skipped>false</skipped>
          <failedSince>0</failedSince>
        </case>
        <case>
          <duration>0.488</duration>
          <className>TestSite</className>
          <testName>TestCase02.test18</testName>
          <skipped>false</skipped>
          <failedSince>0</failedSince>
        </case>
        <case>
          <duration>9.383</duration>
          <className>TestSite</className>
          <testName>TestCase03.test01</testName>
          <skipped>false</skipped>
          <failedSince>0</failedSince>
        </case>
        <case>
          <duration>0.082</duration>
          <className>TestSite</className>
          <testName>TestCase03.test02</testName>
          <skipped>false</skipped>
          <failedSince>0</failedSince>
        </case>
        <case>
          <duration>0.039</duration>
          <className>TestSite</className>
          <testName>TestCase03.test03</testName>
          <skipped>false</skipped>
          <failedSince>0</failedSince>
        </case>
        <case>
          <duration>0.021</duration>
          <className>TestSite</className>
          <testName>TestCase03.test04</testName>
          <skipped>false</skipped>
          <failedSince>0</failedSince>
        </case>
        <case>
          <duration>0.014</duration>
          <className>TestSite</className>
          <testName>TestCase03.test05</testName>
          <skipped>false</skipped>
          <failedSince>0</failedSince>
        </case>
        <case>
          <duration>0.015</duration>
          <className>TestSite</className>
          <testName>TestCase03.test06</testName>
          <skipped>false</skipped>
          <failedSince>0</failedSince>
        </case>
        <case>
          <duration>0.013</duration>
          <className>TestSite</className>
          <testName>TestCase03.test07</testName>
          <skipped>false</skipped>
          <failedSince>0</failedSince>
        </case>
        <case>
          <duration>0.014</duration>
          <className>TestSite</className>
          <testName>TestCase03.test08</testName>
          <skipped>false</skipped>
          <failedSince>0</failedSince>
        </case>
        <case>
          <duration>0.017</duration>
          <className>TestSite</className>
          <testName>TestCase03.test09</testName>
          <skipped>false</skipped>
          <failedSince>0</failedSince>
        </case>
        <case>
          <duration>0.016</duration>
          <className>TestSite</className>
          <testName>TestCase03.test10</testName>
          <skipped>false</skipped>
          <failedSince>0</failedSince>
        </case>
        <case>
          <duration>0.017</duration>
          <className>TestSite</className>
          <testName>TestCase03.test11</testName>
          <skipped>false</skipped>
          <failedSince>0</failedSince>
        </case>
        <case>
          <duration>0.016</duration>
          <className>TestSite</className>
          <testName>TestCase03.test12</testName>
          <skipped>false</skipped>
          <failedSince>0</failedSince>
        </case>
        <case>
          <duration>0.033</duration>
          <className>TestSite</className>
          <testName>TestCase03.test13</testName>
          <skipped>false</skipped>
          <failedSince>0</failedSince>
        </case>
        <case>
          <duration>0.013</duration>
          <className>TestSite</className>
          <testName>TestCase03.test14</testName>
          <skipped>false</skipped>
          <failedSince>0</failedSince>
        </case>
        <case>
          <duration>0.014</duration>
          <className>TestSite</className>
          <testName>TestCase03.test15</testName>
          <skipped>false</skipped>
          <failedSince>0</failedSince>
        </case>
        <case>
          <duration>0.023</duration>
          <className>TestSite</className>
          <testName>TestCase04.test01</testName>
          <skipped>false</skipped>
          <failedSince>0</failedSince>
        </case>
      </cases>
    </suite>
    <suite>
      <file>/home/jenkins/workspace/Backend/CMC@4/test-results/TEST-cli-TestClassMap.xml</file>
      <name>cli.TestClassMap</name>
      <stdout>....................
TestCase01.test21: BQM-24381 show/show config logic for class-map match-any vs match-all
.
TestCase01.test22: BQM-35053 - crash when a class-map is renamed
.............
TestCase02.test10: BQM-45251 Config Merger should workaround broken class-map chains.
.
TestCase02.test11: BQM-45562 match flow-tag does not use quotes for values with spaces and for regexes
.</stdout>
      <stderr></stderr>
      <duration>72.562</duration>
      <timestamp>2019-05-07T12:39:37.158794</timestamp>
      <time>72.562</time>
      <enclosingBlocks/>
      <enclosingBlockNames/>
      <cases>
        <case>
          <duration>33.427</duration>
          <className>TestClassMap</className>
          <testName>TestCase01.test01</testName>
          <skipped>false</skipped>
          <failedSince>0</failedSince>
        </case>
        <case>
          <duration>0.103</duration>
          <className>TestClassMap</className>
          <testName>TestCase01.test02</testName>
          <skipped>false</skipped>
          <failedSince>0</failedSince>
        </case>
        <case>
          <duration>0.118</duration>
          <className>TestClassMap</className>
          <testName>TestCase01.test03</testName>
          <skipped>false</skipped>
          <failedSince>0</failedSince>
        </case>
        <case>
          <duration>0.092</duration>
          <className>TestClassMap</className>
          <testName>TestCase01.test04</testName>
          <skipped>false</skipped>
          <failedSince>0</failedSince>
        </case>
        <case>
          <duration>0.202</duration>
          <className>TestClassMap</className>
          <testName>TestCase01.test05</testName>
          <skipped>false</skipped>
          <failedSince>0</failedSince>
        </case>
        <case>
          <duration>0.075</duration>
          <className>TestClassMap</className>
          <testName>TestCase01.test06</testName>
          <skipped>false</skipped>
          <failedSince>0</failedSince>
        </case>
        <case>
          <duration>0.149</duration>
          <className>TestClassMap</className>
          <testName>TestCase01.test07</testName>
          <skipped>false</skipped>
          <failedSince>0</failedSince>
        </case>
        <case>
          <duration>0.021</duration>
          <className>TestClassMap</className>
          <testName>TestCase01.test08</testName>
          <skipped>false</skipped>
          <failedSince>0</failedSince>
        </case>
        <case>
          <duration>1.426</duration>
          <className>TestClassMap</className>
          <testName>TestCase01.test09</testName>
          <skipped>false</skipped>
          <failedSince>0</failedSince>
        </case>
        <case>
          <duration>0.141</duration>
          <className>TestClassMap</className>
          <testName>TestCase01.test10</testName>
          <skipped>false</skipped>
          <failedSince>0</failedSince>
        </case>
        <case>
          <duration>0.267</duration>
          <className>TestClassMap</className>
          <testName>TestCase01.test11</testName>
          <skipped>false</skipped>
          <failedSince>0</failedSince>
        </case>
        <case>
          <duration>0.254</duration>
          <className>TestClassMap</className>
          <testName>TestCase01.test12</testName>
          <skipped>false</skipped>
          <failedSince>0</failedSince>
        </case>
        <case>
          <duration>0.008</duration>
          <className>TestClassMap</className>
          <testName>TestCase01.test13</testName>
          <skipped>false</skipped>
          <failedSince>0</failedSince>
        </case>
        <case>
          <duration>0.052</duration>
          <className>TestClassMap</className>
          <testName>TestCase01.test14</testName>
          <skipped>false</skipped>
          <failedSince>0</failedSince>
        </case>
        <case>
          <duration>0.056</duration>
          <className>TestClassMap</className>
          <testName>TestCase01.test15</testName>
          <skipped>false</skipped>
          <failedSince>0</failedSince>
        </case>
        <case>
          <duration>0.047</duration>
          <className>TestClassMap</className>
          <testName>TestCase01.test16</testName>
          <skipped>false</skipped>
          <failedSince>0</failedSince>
        </case>
        <case>
          <duration>0.036</duration>
          <className>TestClassMap</className>
          <testName>TestCase01.test17</testName>
          <skipped>false</skipped>
          <failedSince>0</failedSince>
        </case>
        <case>
          <duration>0.089</duration>
          <className>TestClassMap</className>
          <testName>TestCase01.test18</testName>
          <skipped>false</skipped>
          <failedSince>0</failedSince>
        </case>
        <case>
          <duration>0.011</duration>
          <className>TestClassMap</className>
          <testName>TestCase01.test19</testName>
          <skipped>false</skipped>
          <failedSince>0</failedSince>
        </case>
        <case>
          <duration>1.263</duration>
          <className>TestClassMap</className>
          <testName>TestCase01.test20</testName>
          <skipped>false</skipped>
          <failedSince>0</failedSince>
        </case>
        <case>
          <duration>2.477</duration>
          <className>TestClassMap</className>
          <testName>TestCase01.test21</testName>
          <skipped>false</skipped>
          <failedSince>0</failedSince>
        </case>
        <case>
          <duration>9.878</duration>
          <className>TestClassMap</className>
          <testName>TestCase01.test22</testName>
          <skipped>false</skipped>
          <failedSince>0</failedSince>
        </case>
        <case>
          <duration>0.082</duration>
          <className>TestClassMap</className>
          <testName>TestCase01.test23</testName>
          <skipped>false</skipped>
          <failedSince>0</failedSince>
        </case>
        <case>
          <duration>1.169</duration>
          <className>TestClassMap</className>
          <testName>TestCase01.test24</testName>
          <skipped>false</skipped>
          <failedSince>0</failedSince>
        </case>
        <case>
          <duration>0.216</duration>
          <className>TestClassMap</className>
          <testName>TestCase01.test25</testName>
          <skipped>false</skipped>
          <failedSince>0</failedSince>
        </case>
        <case>
          <duration>5.197</duration>
          <className>TestClassMap</className>
          <testName>TestCase02.test01</testName>
          <skipped>false</skipped>
          <failedSince>0</failedSince>
        </case>
        <case>
          <duration>0.299</duration>
          <className>TestClassMap</className>
          <testName>TestCase02.test02</testName>
          <skipped>false</skipped>
          <failedSince>0</failedSince>
        </case>
        <case>
          <duration>0.274</duration>
          <className>TestClassMap</className>
          <testName>TestCase02.test03</testName>
          <skipped>false</skipped>
          <failedSince>0</failedSince>
        </case>
        <case>
          <duration>0.259</duration>
          <className>TestClassMap</className>
          <testName>TestCase02.test04</testName>
          <skipped>false</skipped>
          <failedSince>0</failedSince>
        </case>
        <case>
          <duration>0.249</duration>
          <className>TestClassMap</className>
          <testName>TestCase02.test05</testName>
          <skipped>false</skipped>
          <failedSince>0</failedSince>
        </case>
        <case>
          <duration>0.288</duration>
          <className>TestClassMap</className>
          <testName>TestCase02.test06</testName>
          <skipped>false</skipped>
          <failedSince>0</failedSince>
        </case>
        <case>
          <duration>2.036</duration>
          <className>TestClassMap</className>
          <testName>TestCase02.test07</testName>
          <skipped>false</skipped>
          <failedSince>0</failedSince>
        </case>
        <case>
          <duration>0.1</duration>
          <className>TestClassMap</className>
          <testName>TestCase02.test08</testName>
          <skipped>false</skipped>
          <failedSince>0</failedSince>
        </case>
        <case>
          <duration>3.429</duration>
          <className>TestClassMap</className>
          <testName>TestCase02.test09</testName>
          <skipped>false</skipped>
          <failedSince>0</failedSince>
        </case>
        <case>
          <duration>5.459</duration>
          <className>TestClassMap</className>
          <testName>TestCase02.test10</testName>
          <skipped>false</skipped>
          <failedSince>0</failedSince>
        </case>
        <case>
          <duration>3.313</duration>
          <className>TestClassMap</className>
          <testName>TestCase02.test11</testName>
          <skipped>false</skipped>
          <failedSince>0</failedSince>
        </case>
      </cases>
    </suite>
    <suite>
      <file>/home/jenkins/workspace/Backend/CMC@2/test-results/TEST-cli-TestRename.xml</file>
      <name>cli.TestRename</name>
      <stdout>....Test skipped on the Central Manager
..Test skipped on the Central Manager
..Test skipped on the Central Manager
.........[{&apos;id&apos;: 338, &apos;model_entity_type_id&apos;: 9, &apos;fq_name&apos;: &apos;site/Local-site&apos;, &apos;remote_device_probe_id&apos;: None, &apos;remote_measurement_point_id&apos;: None, &apos;created_at&apos;: &apos;2019-05-07 12:40:25.505818&apos;, &apos;updated_at&apos;: &apos;2019-05-07 12:40:25.505818&apos;, &apos;deleted&apos;: &apos;f&apos;}, {&apos;id&apos;: 339, &apos;model_entity_type_id&apos;: 25, &apos;fq_name&apos;: &apos;channel//local-probe///&apos;, &apos;remote_device_probe_id&apos;: None, &apos;remote_measurement_p
...[truncated 3792 chars]...
id&apos;: None, &apos;remote_measurement_point_id&apos;: None, &apos;created_at&apos;: &apos;2019-05-07 12:40:28.08868&apos;, &apos;updated_at&apos;: &apos;2019-05-07 12:40:28.08868&apos;, &apos;deleted&apos;: &apos;f&apos;}, {&apos;id&apos;: 342, &apos;model_entity_type_id&apos;: 17, &apos;fq_name&apos;: &apos;rt-class//local-probe////class-default&apos;, &apos;remote_device_probe_id&apos;: None, &apos;remote_measurement_point_id&apos;: None, &apos;created_at&apos;: &apos;2019-05-07 12:40:28.053334&apos;, &apos;updated_at&apos;: &apos;2019-05-07 12:40:28.08868&apos;, &apos;deleted&apos;: &apos;f&apos;}]
..Test skipped on the Central Manager
..
TestCase09.test01: Rename flow-tag-rules
.</stdout>
      <stderr></stderr>
      <duration>142.15</duration>
      <timestamp>2019-05-07T12:38:34.166765</timestamp>
      <time>142.150</time>
      <enclosingBlocks/>
      <enclosingBlockNames/>
      <cases>
        <case>
          <duration>57.36</duration>
          <className>TestRename</className>
          <testName>TestCase00.test01</testName>
          <skipped>false</skipped>
          <failedSince>0</failedSince>
        </case>
        <case>
          <duration>0.062</duration>
          <className>TestRename</className>
          <testName>TestCase01.test00</testName>
          <skipped>false</skipped>
          <failedSince>0</failedSince>
        </case>
        <case>
          <duration>1.375</duration>
          <className>TestRename</className>
          <testName>TestCase01.test01</testName>
          <skipped>false</skipped>
          <failedSince>0</failedSince>
        </case>
        <case>
          <duration>0.805</duration>
          <className>TestRename</className>
          <testName>TestCase01.test02</testName>
          <skipped>false</skipped>
          <failedSince>0</failedSince>
        </case>
        <case>
          <duration>0.084</duration>
          <className>TestRename</className>
          <testName>TestCase01.test03</testName>
          <skipped>false</skipped>
          <failedSince>0</failedSince>
        </case>
        <case>
          <duration>0.02</duration>
          <className>TestRename</className>
          <testName>TestCase01.test04</testName>
          <skipped>false</skipped>
          <failedSince>0</failedSince>
        </case>
        <case>
          <duration>0.051</duration>
          <className>TestRename</className>
          <testName>TestCase01.test05</testName>
          <skipped>false</skipped>
          <failedSince>0</failedSince>
        </case>
        <case>
          <duration>0.035</duration>
          <className>TestRename</className>
          <testName>TestCase01.test06</testName>
          <skipped>false</skipped>
          <failedSince>0</failedSince>
        </case>
        <case>
          <duration>0.078</duration>
          <className>TestRename</className>
          <testName>TestCase01.test07</testName>
          <skipped>false</skipped>
          <failedSince>0</failedSince>
        </case>
        <case>
          <duration>1.796</duration>
          <className>TestRename</className>
          <testName>TestCase01.test08</testName>
          <skipped>false</skipped>
          <failedSince>0</failedSince>
        </case>
        <case>
          <duration>7.504</duration>
          <className>TestRename</className>
          <testName>TestCase02.test01</testName>
          <skipped>false</skipped>
          <failedSince>0</failedSince>
        </case>
        <case>
          <duration>0.071</duration>
          <className>TestRename</className>
          <testName>TestCase02.test02</testName>
          <skipped>false</skipped>
          <failedSince>0</failedSince>
        </case>
        <case>
          <duration>8.838</duration>
          <className>TestRename</className>
          <testName>TestCase03.test01</testName>
          <skipped>false</skipped>
          <failedSince>0</failedSince>
        </case>
        <case>
          <duration>10.974</duration>
          <className>TestRename</className>
          <testName>TestCase04.test01</testName>
          <skipped>false</skipped>
          <failedSince>0</failedSince>
        </case>
        <case>
          <duration>3.376</duration>
          <className>TestRename</className>
          <testName>TestCase05.test01</testName>
          <skipped>false</skipped>
          <failedSince>0</failedSince>
        </case>
        <case>
          <duration>3.441</duration>
          <className>TestRename</className>
          <testName>TestCase06.test01</testName>
          <skipped>false</skipped>
          <failedSince>0</failedSince>
        </case>
        <case>
          <duration>5.989</duration>
          <className>TestRename</className>
          <testName>TestCase06.test02</testName>
          <skipped>false</skipped>
          <failedSince>0</failedSince>
        </case>
        <case>
          <duration>12.079</duration>
          <className>TestRename</className>
          <testName>TestCase06.test03</testName>
          <skipped>false</skipped>
          <failedSince>0</failedSince>
        </case>
        <case>
          <duration>8.307</duration>
          <className>TestRename</className>
          <testName>TestCase06.test04</testName>
          <skipped>false</skipped>
          <failedSince>0</failedSince>
        </case>
        <case>
          <duration>0.052</duration>
          <className>TestRename</className>
          <testName>TestCase07.test01</testName>
          <skipped>false</skipped>
          <failedSince>0</failedSince>
        </case>
        <case>
          <duration>9.669</duration>
          <className>TestRename</className>
          <testName>TestCase08.test01</testName>
          <skipped>false</skipped>
          <failedSince>0</failedSince>
        </case>
        <case>
          <duration>10.165</duration>
          <className>TestRename</className>
          <testName>TestCase09.test01</testName>
          <skipped>false</skipped>
          <failedSince>0</failedSince>
        </case>
      </cases>
    </suite>
    <suite>
      <file>/home/jenkins/workspace/Backend/CMC@7/test-results/TEST-rest-TestRestProtocolDiscovery.xml</file>
      <name>rest.TestRestProtocolDiscovery</name>
      <stdout>
TestCase01.test01: BQM-23605 Check we accept unknown decoders from lmc only
Test skipped on the Central Manager
.
TestCase01.test02: Add decoder-groups
.
TestCase01.test04: Add decoder-groups with matches
{}
.
TestCase01.test05: Check DB updates
{}
.
TestCase01.test06: Add decoder-groups with decoders
{}
{}
{&apos;FIX&apos;: {&apos;ICE-FIX&apos;: &apos;myICEFIX&apos;}}
{&apos;FIX&apos;: {&apos;ICE-FIX&apos;: &apos;myICEFIX&apos;, &apos;LME-FIX&apos;: &apos;myLMEFIX&apos;}}
{&apos;FIX&apos;: {&apos;LME-FIX&apos;: &apos;myLMEFIX&apos;}}
{&apos;FIX&apos;: {&apos;ICE-FIX&apos;: &apos;myICEFIX&apos;}}
{}
.
TestCase01.test07: Check valid
...[truncated 417 chars]...
no nso-map high-speed
! 
no class-map unknown-applications
! 
subnet-group xyz
  subnet 1.7.89.0/31
! 
rename local-site a
local-site a
  rename local-cne a
  local-cne a
end
! 
no tag-type physical-port
no tag-type Venue
no tag-type Protocol
no tag-type Gateway
no tag-type Client
! 
protocol-discovery
  decoder-group match-any x
    match ip subnet-group xyz
! 
no system-setting auto-import-config-from-new-decoders
no system-setting decoder-config-updates

.Test skipped on the Central Manager
.</stdout>
      <stderr></stderr>
      <duration>71.968</duration>
      <timestamp>2019-05-07T12:39:45.634374</timestamp>
      <time>71.968</time>
      <enclosingBlocks/>
      <enclosingBlockNames/>
      <cases>
        <case>
          <duration>0.047</duration>
          <className>TestRestProtocolDiscovery</className>
          <testName>TestCase01.test01</testName>
          <skipped>false</skipped>
          <failedSince>0</failedSince>
        </case>
        <case>
          <duration>36.762</duration>
          <className>TestRestProtocolDiscovery</className>
          <testName>TestCase01.test02</testName>
          <skipped>false</skipped>
          <failedSince>0</failedSince>
        </case>
        <case>
          <duration>0.923</duration>
          <className>TestRestProtocolDiscovery</className>
          <testName>TestCase01.test04</testName>
          <skipped>false</skipped>
          <failedSince>0</failedSince>
        </case>
        <case>
          <duration>13.921</duration>
          <className>TestRestProtocolDiscovery</className>
          <testName>TestCase01.test05</testName>
          <skipped>false</skipped>
          <failedSince>0</failedSince>
        </case>
        <case>
          <duration>3.38</duration>
          <className>TestRestProtocolDiscovery</className>
          <testName>TestCase01.test06</testName>
          <skipped>false</skipped>
          <failedSince>0</failedSince>
        </case>
        <case>
          <duration>8.298</duration>
          <className>TestRestProtocolDiscovery</className>
          <testName>TestCase01.test07</testName>
          <skipped>false</skipped>
          <failedSince>0</failedSince>
        </case>
        <case>
          <duration>4.106</duration>
          <className>TestRestProtocolDiscovery</className>
          <testName>TestCase01.test08</testName>
          <skipped>false</skipped>
          <failedSince>0</failedSince>
        </case>
        <case>
          <duration>0.041</duration>
          <className>TestRestProtocolDiscovery</className>
          <testName>TestCase01.test09</testName>
          <skipped>false</skipped>
          <failedSince>0</failedSince>
        </case>
        <case>
          <duration>4.465</duration>
          <className>TestRestProtocolDiscovery</className>
          <testName>TestCase02.test01</testName>
          <skipped>false</skipped>
          <failedSince>0</failedSince>
        </case>
        <case>
          <duration>0.023</duration>
          <className>TestRestProtocolDiscovery</className>
          <testName>TestCase03.test01</testName>
          <skipped>false</skipped>
          <failedSince>0</failedSince>
        </case>
      </cases>
    </suite>
    <suite>
      <file>/home/jenkins/workspace/Backend/CMC/test-results/TEST-cli-TestSessionDiscovery.xml</file>
      <name>cli.TestSessionDiscovery</name>
      <stdout>Test skipped on the Central Manager
.Test skipped on the Central Manager
.Test skipped on the Central Manager
.Test skipped on the Central Manager
.Test skipped on the Central Manager
.Test skipped on the Central Manager
.Test skipped on the Central Manager
.Test skipped on the Central Manager
.Test skipped on the Central Manager
.Test skipped on the Central Manager
.Test skipped on the Central Manager
.Test skipped on the Central Manager
.Test skipped on the Central Manager
.Test skipped on the
...[truncated 3580 chars]...
2.test32: BQM-45615 system tags should be exported via /stats/session
Test skipped on the Central Manager
..
TestCase12.test34_test_child_session_overriding_tag: BQM-55873 Test that child session can override tags set by the parent session
.Test skipped on the Central Manager
.Test skipped on the Central Manager
.Test skipped on the Central Manager
.Test skipped on the Central Manager
.Test skipped on the Central Manager
.Test skipped on the Central Manager
.Test skipped on the Central Manager
.</stdout>
      <stderr>/usr/python3.6/lib/python3.6/unittest.py:331: FutureWarning: The behavior of this method will change in future versions. Use specific &apos;len(elem)&apos; or &apos;elem is not None&apos; test instead.
  if not expr: raise self.failureException(msg)
</stderr>
      <duration>320.739</duration>
      <timestamp>2019-05-07T12:35:43.855411</timestamp>
      <time>320.739</time>
      <enclosingBlocks/>
      <enclosingBlockNames/>
      <cases>
        <case>
          <duration>0.002</duration>
          <className>TestSessionDiscovery</className>
          <testName>TestCase01.test01</testName>
          <skipped>false</skipped>
          <failedSince>0</failedSince>
        </case>
        <case>
          <duration>0.0</duration>
          <className>TestSessionDiscovery</className>
          <testName>TestCase01.test02</testName>
          <skipped>false</skipped>
          <failedSince>0</failedSince>
        </case>
        <case>
          <duration>0.0</duration>
          <className>TestSessionDiscovery</className>
          <testName>TestCase01.test03</testName>
          <skipped>false</skipped>
          <failedSince>0</failedSince>
        </case>
        <case>
          <duration>0.0</duration>
          <className>TestSessionDiscovery</className>
          <testName>TestCase01.test04</testName>
          <skipped>false</skipped>
          <failedSince>0</failedSince>
        </case>
        <case>
          <duration>0.0</duration>
          <className>TestSessionDiscovery</className>
          <testName>TestCase01.test05</testName>
          <skipped>false</skipped>
          <failedSince>0</failedSince>
        </case>
        <case>
          <duration>0.0</duration>
          <className>TestSessionDiscovery</className>
          <testName>TestCase01.test06</testName>
          <skipped>false</skipped>
          <failedSince>0</failedSince>
        </case>
        <case>
          <duration>0.0</duration>
          <className>TestSessionDiscovery</className>
          <testName>TestCase01.test07</testName>
          <skipped>false</skipped>
          <failedSince>0</failedSince>
        </case>
        <case>
          <duration>0.0</duration>
          <className>TestSessionDiscovery</className>
          <testName>TestCase01.test08</testName>
          <skipped>false</skipped>
          <failedSince>0</failedSince>
        </case>
        <case>
          <duration>0.0</duration>
          <className>TestSessionDiscovery</className>
          <testName>TestCase01.test09</testName>
          <skipped>false</skipped>
          <failedSince>0</failedSince>
        </case>
        <case>
          <duration>0.0</duration>
          <className>TestSessionDiscovery</className>
          <testName>TestCase01.test10</testName>
          <skipped>false</skipped>
          <failedSince>0</failedSince>
        </case>
        <case>
          <duration>0.0</duration>
          <className>TestSessionDiscovery</className>
          <testName>TestCase01.test11</testName>
          <skipped>false</skipped>
          <failedSince>0</failedSince>
        </case>
        <case>
          <duration>0.0</duration>
          <className>TestSessionDiscovery</className>
          <testName>TestCase01.test13</testName>
          <skipped>false</skipped>
          <failedSince>0</failedSince>
        </case>
        <case>
          <duration>0.001</duration>
          <className>TestSessionDiscovery</className>
          <testName>TestCase02.test01</testName>
          <skipped>false</skipped>
          <failedSince>0</failedSince>
        </case>
        <case>
          <duration>0.0</duration>
          <className>TestSessionDiscovery</className>
          <testName>TestCase02.test02</testName>
          <skipped>false</skipped>
          <failedSince>0</failedSince>
        </case>
        <case>
          <duration>0.0</duration>
          <className>TestSessionDiscovery</className>
          <testName>TestCase02.test03</testName>
          <skipped>false</skipped>
          <failedSince>0</failedSince>
        </case>
        <case>
          <duration>0.0</duration>
          <className>TestSessionDiscovery</className>
          <testName>TestCase02.test04</testName>
          <skipped>false</skipped>
          <failedSince>0</failedSince>
        </case>
        <case>
          <duration>0.001</duration>
          <className>TestSessionDiscovery</className>
          <testName>TestCase02.test05</testName>
          <skipped>false</skipped>
          <failedSince>0</failedSince>
        </case>
        <case>
          <duration>0.0</duration>
          <className>TestSessionDiscovery</className>
          <testName>TestCase02.test06</testName>
          <skipped>false</skipped>
          <failedSince>0</failedSince>
        </case>
        <case>
          <duration>0.0</duration>
          <className>TestSessionDiscovery</className>
          <testName>TestCase03.test01</testName>
          <skipped>false</skipped>
          <failedSince>0</failedSince>
        </case>
        <case>
          <duration>0.0</duration>
          <className>TestSessionDiscovery</className>
          <testName>TestCase04.test01</testName>
          <skipped>false</skipped>
          <failedSince>0</failedSince>
        </case>
        <case>
          <duration>0.001</duration>
          <className>TestSessionDiscovery</className>
          <testName>TestCase04.test02</testName>
          <skipped>false</skipped>
          <failedSince>0</failedSince>
        </case>
        <case>
          <duration>0.0</duration>
          <className>TestSessionDiscovery</className>
          <testName>TestCase04.test03</testName>
          <skipped>false</skipped>
          <failedSince>0</failedSince>
        </case>
        <case>
          <duration>0.0</duration>
          <className>TestSessionDiscovery</className>
          <testName>TestCase04.test04</testName>
          <skipped>false</skipped>
          <failedSince>0</failedSince>
        </case>
        <case>
          <duration>0.0</duration>
          <className>TestSessionDiscovery</className>
          <testName>TestCase04.test05</testName>
          <skipped>false</skipped>
          <failedSince>0</failedSince>
        </case>
        <case>
          <duration>0.0</duration>
          <className>TestSessionDiscovery</className>
          <testName>TestCase04.test06</testName>
          <skipped>false</skipped>
          <failedSince>0</failedSince>
        </case>
        <case>
          <duration>0.0</duration>
          <className>TestSessionDiscovery</className>
          <testName>TestCase04.test07</testName>
          <skipped>false</skipped>
          <failedSince>0</failedSince>
        </case>
        <case>
          <duration>0.0</duration>
          <className>TestSessionDiscovery</className>
          <testName>TestCase04.test08</testName>
          <skipped>false</skipped>
          <failedSince>0</failedSince>
        </case>
        <case>
          <duration>0.001</duration>
          <className>TestSessionDiscovery</className>
          <testName>TestCase05.test01</testName>
          <skipped>false</skipped>
          <failedSince>0</failedSince>
        </case>
        <case>
          <duration>0.0</duration>
          <className>TestSessionDiscovery</className>
          <testName>TestCase05.test02</testName>
          <skipped>false</skipped>
          <failedSince>0</failedSince>
        </case>
        <case>
          <duration>0.0</duration>
          <className>TestSessionDiscovery</className>
          <testName>TestCase05.test03</testName>
          <skipped>false</skipped>
          <failedSince>0</failedSince>
        </case>
        <case>
          <duration>0.0</duration>
          <className>TestSessionDiscovery</className>
          <testName>TestCase05.test04</testName>
          <skipped>false</skipped>
          <failedSince>0</failedSince>
        </case>
        <case>
          <duration>0.0</duration>
          <className>TestSessionDiscovery</className>
          <testName>TestCase05.test05</testName>
          <skipped>false</skipped>
          <failedSince>0</failedSince>
        </case>
        <case>
          <duration>0.0</duration>
          <className>TestSessionDiscovery</className>
          <testName>TestCase05.test06</testName>
          <skipped>false</skipped>
          <failedSince>0</failedSince>
        </case>
        <case>
          <duration>0.0</duration>
          <className>TestSessionDiscovery</className>
          <testName>TestCase05.test07</testName>
          <skipped>false</skipped>
          <failedSince>0</failedSince>
        </case>
        <case>
          <duration>0.0</duration>
          <className>TestSessionDiscovery</className>
          <testName>TestCase05.test08</testName>
          <skipped>false</skipped>
          <failedSince>0</failedSince>
        </case>
        <case>
          <duration>0.0</duration>
          <className>TestSessionDiscovery</className>
          <testName>TestCase05.test09</testName>
          <skipped>false</skipped>
          <failedSince>0</failedSince>
        </case>
        <case>
          <duration>0.0</duration>
          <className>TestSessionDiscovery</className>
          <testName>TestCase05.test10</testName>
          <skipped>false</skipped>
          <failedSince>0</failedSince>
        </case>
        <case>
          <duration>0.0</duration>
          <className>TestSessionDiscovery</className>
          <testName>TestCase05.test11</testName>
          <skipped>false</skipped>
          <failedSince>0</failedSince>
        </case>
        <case>
          <duration>0.0</duration>
          <className>TestSessionDiscovery</className>
          <testName>TestCase05.test12</testName>
          <skipped>false</skipped>
          <failedSince>0</failedSince>
        </case>
        <case>
          <duration>0.0</duration>
          <className>TestSessionDiscovery</className>
          <testName>TestCase05.test13</testName>
          <skipped>false</skipped>
          <failedSince>0</failedSince>
        </case>
        <case>
          <duration>0.0</duration>
          <className>TestSessionDiscovery</className>
          <testName>TestCase05.test14</testName>
          <skipped>false</skipped>
          <failedSince>0</failedSince>
        </case>
        <case>
          <duration>0.0</duration>
          <className>TestSessionDiscovery</className>
          <testName>TestCase05.test15</testName>
          <skipped>false</skipped>
          <failedSince>0</failedSince>
        </case>
        <case>
          <duration>0.0</duration>
          <className>TestSessionDiscovery</className>
          <testName>TestCase05.test16</testName>
          <skipped>false</skipped>
          <failedSince>0</failedSince>
        </case>
        <case>
          <duration>0.0</duration>
          <className>TestSessionDiscovery</className>
          <testName>TestCase05.test17</testName>
          <skipped>false</skipped>
          <failedSince>0</failedSince>
        </case>
        <case>
          <duration>0.0</duration>
          <className>TestSessionDiscovery</className>
          <testName>TestCase05.test18</testName>
          <skipped>false</skipped>
          <failedSince>0</failedSince>
        </case>
        <case>
          <duration>0.0</duration>
          <className>TestSessionDiscovery</className>
          <testName>TestCase05.test19</testName>
          <skipped>false</skipped>
          <failedSince>0</failedSince>
        </case>
        <case>
          <duration>0.001</duration>
          <className>TestSessionDiscovery</className>
          <testName>TestCase06.test01</testName>
          <skipped>false</skipped>
          <failedSince>0</failedSince>
        </case>
        <case>
          <duration>0.0</duration>
          <className>TestSessionDiscovery</className>
          <testName>TestCase06.test02</testName>
          <skipped>false</skipped>
          <failedSince>0</failedSince>
        </case>
        <case>
          <duration>0.0</duration>
          <className>TestSessionDiscovery</className>
          <testName>TestCase06.test03</testName>
          <skipped>false</skipped>
          <failedSince>0</failedSince>
        </case>
        <case>
          <duration>0.0</duration>
          <className>TestSessionDiscovery</className>
          <testName>TestCase06.test04</testName>
          <skipped>false</skipped>
          <failedSince>0</failedSince>
        </case>
        <case>
          <duration>0.0</duration>
          <className>TestSessionDiscovery</className>
          <testName>TestCase06.test05</testName>
          <skipped>false</skipped>
          <failedSince>0</failedSince>
        </case>
        <case>
          <duration>0.0</duration>
          <className>TestSessionDiscovery</className>
          <testName>TestCase06.test06</testName>
          <skipped>false</skipped>
          <failedSince>0</failedSince>
        </case>
        <case>
          <duration>0.0</duration>
          <className>TestSessionDiscovery</className>
          <testName>TestCase06.test07</testName>
          <skipped>false</skipped>
          <failedSince>0</failedSince>
        </case>
        <case>
          <duration>0.0</duration>
          <className>TestSessionDiscovery</className>
          <testName>TestCase07.test01</testName>
          <skipped>false</skipped>
          <failedSince>0</failedSince>
        </case>
        <case>
          <duration>0.0</duration>
          <className>TestSessionDiscovery</className>
          <testName>TestCase07.test02</testName>
          <skipped>false</skipped>
          <failedSince>0</failedSince>
        </case>
        <case>
          <duration>0.0</duration>
          <className>TestSessionDiscovery</className>
          <testName>TestCase07.test03</testName>
          <skipped>false</skipped>
          <failedSince>0</failedSince>
        </case>
        <case>
          <duration>0.0</duration>
          <className>TestSessionDiscovery</className>
          <testName>TestCase07.test04</testName>
          <skipped>false</skipped>
          <failedSince>0</failedSince>
        </case>
        <case>
          <duration>0.0</duration>
          <className>TestSessionDiscovery</className>
          <testName>TestCase07.test05</testName>
          <skipped>false</skipped>
          <failedSince>0</failedSince>
        </case>
        <case>
          <duration>0.0</duration>
          <className>TestSessionDiscovery</className>
          <testName>TestCase07.test06</testName>
          <skipped>false</skipped>
          <failedSince>0</failedSince>
        </case>
        <case>
          <duration>0.0</duration>
          <className>TestSessionDiscovery</className>
          <testName>TestCase07.test07</testName>
          <skipped>false</skipped>
          <failedSince>0</failedSince>
        </case>
        <case>
          <duration>0.0</duration>
          <className>TestSessionDiscovery</className>
          <testName>TestCase07.test08</testName>
          <skipped>false</skipped>
          <failedSince>0</failedSince>
        </case>
        <case>
          <duration>0.0</duration>
          <className>TestSessionDiscovery</className>
          <testName>TestCase07.test09</testName>
          <skipped>false</skipped>
          <failedSince>0</failedSince>
        </case>
        <case>
          <duration>0.0</duration>
          <className>TestSessionDiscovery</className>
          <testName>TestCase07.test10</testName>
          <skipped>false</skipped>
          <failedSince>0</failedSince>
        </case>
        <case>
          <duration>0.0</duration>
          <className>TestSessionDiscovery</className>
          <testName>TestCase07.test11</testName>
          <skipped>false</skipped>
          <failedSince>0</failedSince>
        </case>
        <case>
          <duration>0.0</duration>
          <className>TestSessionDiscovery</className>
          <testName>TestCase07.test12</testName>
          <skipped>false</skipped>
          <failedSince>0</failedSince>
        </case>
        <case>
          <duration>0.0</duration>
          <className>TestSessionDiscovery</className>
          <testName>TestCase07.test13</testName>
          <skipped>false</skipped>
          <failedSince>0</failedSince>
        </case>
        <case>
          <duration>0.0</duration>
          <className>TestSessionDiscovery</className>
          <testName>TestCase08.test01</testName>
          <skipped>false</skipped>
          <failedSince>0</failedSince>
        </case>
        <case>
          <duration>0.0</duration>
          <className>TestSessionDiscovery</className>
          <testName>TestCase09.test01</testName>
          <skipped>false</skipped>
          <failedSince>0</failedSince>
        </case>
        <case>
          <duration>0.0</duration>
          <className>TestSessionDiscovery</className>
          <testName>TestCase10.test01</testName>
          <skipped>false</skipped>
          <failedSince>0</failedSince>
        </case>
        <case>
          <duration>0.0</duration>
          <className>TestSessionDiscovery</className>
          <testName>TestCase10.test02</testName>
          <skipped>false</skipped>
          <failedSince>0</failedSince>
        </case>
        <case>
          <duration>0.0</duration>
          <className>TestSessionDiscovery</className>
          <testName>TestCase10.test03</testName>
          <skipped>false</skipped>
          <failedSince>0</failedSince>
        </case>
        <case>
          <duration>0.0</duration>
          <className>TestSessionDiscovery</className>
          <testName>TestCase10.test04</testName>
          <skipped>false</skipped>
          <failedSince>0</failedSince>
        </case>
        <case>
          <duration>0.0</duration>
          <className>TestSessionDiscovery</className>
          <testName>TestCase10.test05</testName>
          <skipped>false</skipped>
          <failedSince>0</failedSince>
        </case>
        <case>
          <duration>29.021</duration>
          <className>TestSessionDiscovery</className>
          <testName>TestCase11.test01</testName>
          <skipped>false</skipped>
          <failedSince>0</failedSince>
        </case>
        <case>
          <duration>9.49</duration>
          <className>TestSessionDiscovery</className>
          <testName>TestCase11.test02</testName>
          <skipped>false</skipped>
          <failedSince>0</failedSince>
        </case>
        <case>
          <duration>23.66</duration>
          <className>TestSessionDiscovery</className>
          <testName>TestCase12.test01</testName>
          <skipped>false</skipped>
          <failedSince>0</failedSince>
        </case>
        <case>
          <duration>5.157</duration>
          <className>TestSessionDiscovery</className>
          <testName>TestCase12.test02</testName>
          <skipped>false</skipped>
          <failedSince>0</failedSince>
        </case>
        <case>
          <duration>6.089</duration>
          <className>TestSessionDiscovery</className>
          <testName>TestCase12.test03</testName>
          <skipped>false</skipped>
          <failedSince>0</failedSince>
        </case>
        <case>
          <duration>16.808</duration>
          <className>TestSessionDiscovery</className>
          <testName>TestCase12.test04</testName>
          <skipped>false</skipped>
          <failedSince>0</failedSince>
        </case>
        <case>
          <duration>5.004</duration>
          <className>TestSessionDiscovery</className>
          <testName>TestCase12.test05</testName>
          <skipped>false</skipped>
          <failedSince>0</failedSince>
        </case>
        <case>
          <duration>0.452</duration>
          <className>TestSessionDiscovery</className>
          <testName>TestCase12.test06</testName>
          <skipped>false</skipped>
          <failedSince>0</failedSince>
        </case>
        <case>
          <duration>4.2</duration>
          <className>TestSessionDiscovery</className>
          <testName>TestCase12.test07</testName>
          <skipped>false</skipped>
          <failedSince>0</failedSince>
        </case>
        <case>
          <duration>3.169</duration>
          <className>TestSessionDiscovery</className>
          <testName>TestCase12.test08</testName>
          <skipped>false</skipped>
          <failedSince>0</failedSince>
        </case>
        <case>
          <duration>0.069</duration>
          <className>TestSessionDiscovery</className>
          <testName>TestCase12.test09</testName>
          <skipped>false</skipped>
          <failedSince>0</failedSince>
        </case>
        <case>
          <duration>7.46</duration>
          <className>TestSessionDiscovery</className>
          <testName>TestCase12.test10</testName>
          <skipped>false</skipped>
          <failedSince>0</failedSince>
        </case>
        <case>
          <duration>0.127</duration>
          <className>TestSessionDiscovery</className>
          <testName>TestCase12.test11</testName>
          <skipped>false</skipped>
          <failedSince>0</failedSince>
        </case>
        <case>
          <duration>0.058</duration>
          <className>TestSessionDiscovery</className>
          <testName>TestCase12.test12</testName>
          <skipped>false</skipped>
          <failedSince>0</failedSince>
        </case>
        <case>
          <duration>6.753</duration>
          <className>TestSessionDiscovery</className>
          <testName>TestCase12.test13</testName>
          <skipped>false</skipped>
          <failedSince>0</failedSince>
        </case>
        <case>
          <duration>12.19</duration>
          <className>TestSessionDiscovery</className>
          <testName>TestCase12.test14</testName>
          <skipped>false</skipped>
          <failedSince>0</failedSince>
        </case>
        <case>
          <duration>8.294</duration>
          <className>TestSessionDiscovery</className>
          <testName>TestCase12.test15</testName>
          <skipped>false</skipped>
          <failedSince>0</failedSince>
        </case>
        <case>
          <duration>14.39</duration>
          <className>TestSessionDiscovery</className>
          <testName>TestCase12.test16</testName>
          <skipped>false</skipped>
          <failedSince>0</failedSince>
        </case>
        <case>
          <duration>3.302</duration>
          <className>TestSessionDiscovery</className>
          <testName>TestCase12.test17</testName>
          <skipped>false</skipped>
          <failedSince>0</failedSince>
        </case>
        <case>
          <duration>1.173</duration>
          <className>TestSessionDiscovery</className>
          <testName>TestCase12.test18</testName>
          <skipped>false</skipped>
          <failedSince>0</failedSince>
        </case>
        <case>
          <duration>4.177</duration>
          <className>TestSessionDiscovery</className>
          <testName>TestCase12.test19</testName>
          <skipped>false</skipped>
          <failedSince>0</failedSince>
        </case>
        <case>
          <duration>6.641</duration>
          <className>TestSessionDiscovery</className>
          <testName>TestCase12.test20</testName>
          <skipped>false</skipped>
          <failedSince>0</failedSince>
        </case>
        <case>
          <duration>3.451</duration>
          <className>TestSessionDiscovery</className>
          <testName>TestCase12.test21</testName>
          <skipped>false</skipped>
          <failedSince>0</failedSince>
        </case>
        <case>
          <duration>3.77</duration>
          <className>TestSessionDiscovery</className>
          <testName>TestCase12.test22</testName>
          <skipped>false</skipped>
          <failedSince>0</failedSince>
        </case>
        <case>
          <duration>4.39</duration>
          <className>TestSessionDiscovery</className>
          <testName>TestCase12.test23</testName>
          <skipped>false</skipped>
          <failedSince>0</failedSince>
        </case>
        <case>
          <duration>3.449</duration>
          <className>TestSessionDiscovery</className>
          <testName>TestCase12.test24</testName>
          <skipped>false</skipped>
          <failedSince>0</failedSince>
        </case>
        <case>
          <duration>5.446</duration>
          <className>TestSessionDiscovery</className>
          <testName>TestCase12.test25</testName>
          <skipped>false</skipped>
          <failedSince>0</failedSince>
        </case>
        <case>
          <duration>7.365</duration>
          <className>TestSessionDiscovery</className>
          <testName>TestCase12.test26</testName>
          <skipped>false</skipped>
          <failedSince>0</failedSince>
        </case>
        <case>
          <duration>0.194</duration>
          <className>TestSessionDiscovery</className>
          <testName>TestCase12.test27</testName>
          <skipped>false</skipped>
          <failedSince>0</failedSince>
        </case>
        <case>
          <duration>0.077</duration>
          <className>TestSessionDiscovery</className>
          <testName>TestCase12.test28</testName>
          <skipped>false</skipped>
          <failedSince>0</failedSince>
        </case>
        <case>
          <duration>3.965</duration>
          <className>TestSessionDiscovery</className>
          <testName>TestCase12.test29</testName>
          <skipped>false</skipped>
          <failedSince>0</failedSince>
        </case>
        <case>
          <duration>4.859</duration>
          <className>TestSessionDiscovery</className>
          <testName>TestCase12.test30</testName>
          <skipped>false</skipped>
          <failedSince>0</failedSince>
        </case>
        <case>
          <duration>0.056</duration>
          <className>TestSessionDiscovery</className>
          <testName>TestCase12.test31</testName>
          <skipped>false</skipped>
          <failedSince>0</failedSince>
        </case>
        <case>
          <duration>0.022</duration>
          <className>TestSessionDiscovery</className>
          <testName>TestCase12.test32</testName>
          <skipped>false</skipped>
          <failedSince>0</failedSince>
        </case>
        <case>
          <duration>112.002</duration>
          <className>TestSessionDiscovery</className>
          <testName>TestCase12.test33</testName>
          <skipped>false</skipped>
          <failedSince>0</failedSince>
        </case>
        <case>
          <duration>3.975</duration>
          <className>TestSessionDiscovery</className>
          <testName>TestCase12.test34_test_child_session_overriding_tag</testName>
          <skipped>false</skipped>
          <failedSince>0</failedSince>
        </case>
        <case>
          <duration>0.0</duration>
          <className>TestSessionDiscovery</className>
          <testName>TestCase13.test01</testName>
          <skipped>false</skipped>
          <failedSince>0</failedSince>
        </case>
        <case>
          <duration>0.0</duration>
          <className>TestSessionDiscovery</className>
          <testName>TestCase13.test02</testName>
          <skipped>false</skipped>
          <failedSince>0</failedSince>
        </case>
        <case>
          <duration>0.0</duration>
          <className>TestSessionDiscovery</className>
          <testName>TestCase13.test03</testName>
          <skipped>false</skipped>
          <failedSince>0</failedSince>
        </case>
        <case>
          <duration>0.0</duration>
          <className>TestSessionDiscovery</className>
          <testName>TestCase13.test04</testName>
          <skipped>false</skipped>
          <failedSince>0</failedSince>
        </case>
        <case>
          <duration>0.0</duration>
          <className>TestSessionDiscovery</className>
          <testName>TestCase13.test05</testName>
          <skipped>false</skipped>
          <failedSince>0</failedSince>
        </case>
        <case>
          <duration>0.0</duration>
          <className>TestSessionDiscovery</className>
          <testName>TestCase13.test06</testName>
          <skipped>false</skipped>
          <failedSince>0</failedSince>
        </case>
        <case>
          <duration>0.0</duration>
          <className>TestSessionDiscovery</className>
          <testName>TestCase13.test07</testName>
          <skipped>false</skipped>
          <failedSince>0</failedSince>
        </case>
      </cases>
    </suite>
    <suite>
      <file>/home/jenkins/workspace/Backend/CMC@5/test-results/TEST-rest-TestRestMulticastDataFeed.xml</file>
      <name>rest.TestRestMulticastDataFeed</name>
      <stdout>........Removing configurable stat 5 modifies...
Adding configurable stat 3 modifies...
Replacing all configurable stats...
.</stdout>
      <stderr></stderr>
      <duration>78.733</duration>
      <timestamp>2019-05-07T12:39:51.213317</timestamp>
      <time>78.733</time>
      <enclosingBlocks/>
      <enclosingBlockNames/>
      <cases>
        <case>
          <duration>52.938</duration>
          <className>TestRestMulticastDataFeed</className>
          <testName>TestCase01.test01</testName>
          <skipped>false</skipped>
          <failedSince>0</failedSince>
        </case>
        <case>
          <duration>11.464</duration>
          <className>TestRestMulticastDataFeed</className>
          <testName>TestCase01.test02</testName>
          <skipped>false</skipped>
          <failedSince>0</failedSince>
        </case>
        <case>
          <duration>0.539</duration>
          <className>TestRestMulticastDataFeed</className>
          <testName>TestCase01.test03</testName>
          <skipped>false</skipped>
          <failedSince>0</failedSince>
        </case>
        <case>
          <duration>2.483</duration>
          <className>TestRestMulticastDataFeed</className>
          <testName>TestCase01.test04</testName>
          <skipped>false</skipped>
          <failedSince>0</failedSince>
        </case>
        <case>
          <duration>0.024</duration>
          <className>TestRestMulticastDataFeed</className>
          <testName>TestCase01.test05</testName>
          <skipped>false</skipped>
          <failedSince>0</failedSince>
        </case>
        <case>
          <duration>2.406</duration>
          <className>TestRestMulticastDataFeed</className>
          <testName>TestCase01.test06</testName>
          <skipped>false</skipped>
          <failedSince>0</failedSince>
        </case>
        <case>
          <duration>8.657</duration>
          <className>TestRestMulticastDataFeed</className>
          <testName>TestCase01.test07</testName>
          <skipped>false</skipped>
          <failedSince>0</failedSince>
        </case>
        <case>
          <duration>0.166</duration>
          <className>TestRestMulticastDataFeed</className>
          <testName>TestCase01.test08</testName>
          <skipped>false</skipped>
          <failedSince>0</failedSince>
        </case>
        <case>
          <duration>0.054</duration>
          <className>TestRestMulticastDataFeed</className>
          <testName>TestCase01.test09</testName>
          <skipped>false</skipped>
          <failedSince>0</failedSince>
        </case>
      </cases>
    </suite>
    <suite>
      <file>/home/jenkins/workspace/Backend/CMC@2/test-results/TEST-cli-TestCustomPnqm.xml</file>
      <name>cli.TestCustomPnqm</name>
      <stdout>......Test skipped on the Central Manager
.............................
TestCase02.test25: BQM-49248 copy replace-config or config push does not reorder custom-pnqm-signature and custom-pnqm-translation rules
Testing custom-pnqm-signature rules
Testing custom-pnqm-translation rules
.
TestCase02.test26: When external-timestamp-field is set do not allow changing to decoder that does not have specific (chosen in external-timestamp-field) message-field
.TestCase03.test01: Basic test of translation-h
...[truncated 1231 chars]...
EST unlocks custom-pnqm-signature removal
.TestCase04.test14: Check the mapping-type command
.TestCase04.test15: Check if it&apos;s possible to unset the message decoder when message hashing is used
.TestCase04.test16: Check if it&apos;s possible to unset the message decoder when message matching is used
.TestCase04.test17: Check the channel type change in context of signatures and translations
.Test skipped on the Central Manager
.TestCase04.test19: Test output of message field types in &quot;show&quot; command
..</stdout>
      <stderr></stderr>
      <duration>252.434</duration>
      <timestamp>2019-05-07T12:36:58.882597</timestamp>
      <time>252.434</time>
      <enclosingBlocks/>
      <enclosingBlockNames/>
      <cases>
        <case>
          <duration>58.334</duration>
          <className>TestCustomPnqm</className>
          <testName>TestCase01.test01</testName>
          <skipped>false</skipped>
          <failedSince>0</failedSince>
        </case>
        <case>
          <duration>0.284</duration>
          <className>TestCustomPnqm</className>
          <testName>TestCase01.test02</testName>
          <skipped>false</skipped>
          <failedSince>0</failedSince>
        </case>
        <case>
          <duration>0.272</duration>
          <className>TestCustomPnqm</className>
          <testName>TestCase01.test03</testName>
          <skipped>false</skipped>
          <failedSince>0</failedSince>
        </case>
        <case>
          <duration>0.07</duration>
          <className>TestCustomPnqm</className>
          <testName>TestCase01.test04</testName>
          <skipped>false</skipped>
          <failedSince>0</failedSince>
        </case>
        <case>
          <duration>2.702</duration>
          <className>TestCustomPnqm</className>
          <testName>TestCase01.test05</testName>
          <skipped>false</skipped>
          <failedSince>0</failedSince>
        </case>
        <case>
          <duration>3.653</duration>
          <className>TestCustomPnqm</className>
          <testName>TestCase01.test06</testName>
          <skipped>false</skipped>
          <failedSince>0</failedSince>
        </case>
        <case>
          <duration>0.082</duration>
          <className>TestCustomPnqm</className>
          <testName>TestCase01.test07</testName>
          <skipped>false</skipped>
          <failedSince>0</failedSince>
        </case>
        <case>
          <duration>80.834</duration>
          <className>TestCustomPnqm</className>
          <testName>TestCase01.test08</testName>
          <skipped>false</skipped>
          <failedSince>0</failedSince>
        </case>
        <case>
          <duration>1.801</duration>
          <className>TestCustomPnqm</className>
          <testName>TestCase01.test09</testName>
          <skipped>false</skipped>
          <failedSince>0</failedSince>
        </case>
        <case>
          <duration>0.156</duration>
          <className>TestCustomPnqm</className>
          <testName>TestCase01.test10</testName>
          <skipped>false</skipped>
          <failedSince>0</failedSince>
        </case>
        <case>
          <duration>0.029</duration>
          <className>TestCustomPnqm</className>
          <testName>TestCase01.test11</testName>
          <skipped>false</skipped>
          <failedSince>0</failedSince>
        </case>
        <case>
          <duration>5.343</duration>
          <className>TestCustomPnqm</className>
          <testName>TestCase02.test01</testName>
          <skipped>false</skipped>
          <failedSince>0</failedSince>
        </case>
        <case>
          <duration>0.195</duration>
          <className>TestCustomPnqm</className>
          <testName>TestCase02.test02</testName>
          <skipped>false</skipped>
          <failedSince>0</failedSince>
        </case>
        <case>
          <duration>0.585</duration>
          <className>TestCustomPnqm</className>
          <testName>TestCase02.test03</testName>
          <skipped>false</skipped>
          <failedSince>0</failedSince>
        </case>
        <case>
          <duration>0.378</duration>
          <className>TestCustomPnqm</className>
          <testName>TestCase02.test04</testName>
          <skipped>false</skipped>
          <failedSince>0</failedSince>
        </case>
        <case>
          <duration>0.081</duration>
          <className>TestCustomPnqm</className>
          <testName>TestCase02.test05</testName>
          <skipped>false</skipped>
          <failedSince>0</failedSince>
        </case>
        <case>
          <duration>0.09</duration>
          <className>TestCustomPnqm</className>
          <testName>TestCase02.test06</testName>
          <skipped>false</skipped>
          <failedSince>0</failedSince>
        </case>
        <case>
          <duration>0.388</duration>
          <className>TestCustomPnqm</className>
          <testName>TestCase02.test07</testName>
          <skipped>false</skipped>
          <failedSince>0</failedSince>
        </case>
        <case>
          <duration>0.139</duration>
          <className>TestCustomPnqm</className>
          <testName>TestCase02.test08</testName>
          <skipped>false</skipped>
          <failedSince>0</failedSince>
        </case>
        <case>
          <duration>0.063</duration>
          <className>TestCustomPnqm</className>
          <testName>TestCase02.test09</testName>
          <skipped>false</skipped>
          <failedSince>0</failedSince>
        </case>
        <case>
          <duration>0.037</duration>
          <className>TestCustomPnqm</className>
          <testName>TestCase02.test10</testName>
          <skipped>false</skipped>
          <failedSince>0</failedSince>
        </case>
        <case>
          <duration>0.144</duration>
          <className>TestCustomPnqm</className>
          <testName>TestCase02.test11</testName>
          <skipped>false</skipped>
          <failedSince>0</failedSince>
        </case>
        <case>
          <duration>0.42</duration>
          <className>TestCustomPnqm</className>
          <testName>TestCase02.test12</testName>
          <skipped>false</skipped>
          <failedSince>0</failedSince>
        </case>
        <case>
          <duration>0.332</duration>
          <className>TestCustomPnqm</className>
          <testName>TestCase02.test13</testName>
          <skipped>false</skipped>
          <failedSince>0</failedSince>
        </case>
        <case>
          <duration>0.229</duration>
          <className>TestCustomPnqm</className>
          <testName>TestCase02.test14</testName>
          <skipped>false</skipped>
          <failedSince>0</failedSince>
        </case>
        <case>
          <duration>0.312</duration>
          <className>TestCustomPnqm</className>
          <testName>TestCase02.test15</testName>
          <skipped>false</skipped>
          <failedSince>0</failedSince>
        </case>
        <case>
          <duration>0.206</duration>
          <className>TestCustomPnqm</className>
          <testName>TestCase02.test16</testName>
          <skipped>false</skipped>
          <failedSince>0</failedSince>
        </case>
        <case>
          <duration>0.582</duration>
          <className>TestCustomPnqm</className>
          <testName>TestCase02.test17</testName>
          <skipped>false</skipped>
          <failedSince>0</failedSince>
        </case>
        <case>
          <duration>0.104</duration>
          <className>TestCustomPnqm</className>
          <testName>TestCase02.test18</testName>
          <skipped>false</skipped>
          <failedSince>0</failedSince>
        </case>
        <case>
          <duration>0.048</duration>
          <className>TestCustomPnqm</className>
          <testName>TestCase02.test19</testName>
          <skipped>false</skipped>
          <failedSince>0</failedSince>
        </case>
        <case>
          <duration>0.268</duration>
          <className>TestCustomPnqm</className>
          <testName>TestCase02.test20</testName>
          <skipped>false</skipped>
          <failedSince>0</failedSince>
        </case>
        <case>
          <duration>0.36</duration>
          <className>TestCustomPnqm</className>
          <testName>TestCase02.test21</testName>
          <skipped>false</skipped>
          <failedSince>0</failedSince>
        </case>
        <case>
          <duration>0.077</duration>
          <className>TestCustomPnqm</className>
          <testName>TestCase02.test22</testName>
          <skipped>false</skipped>
          <failedSince>0</failedSince>
        </case>
        <case>
          <duration>0.079</duration>
          <className>TestCustomPnqm</className>
          <testName>TestCase02.test23</testName>
          <skipped>false</skipped>
          <failedSince>0</failedSince>
        </case>
        <case>
          <duration>6.489</duration>
          <className>TestCustomPnqm</className>
          <testName>TestCase02.test24</testName>
          <skipped>false</skipped>
          <failedSince>0</failedSince>
        </case>
        <case>
          <duration>29.871</duration>
          <className>TestCustomPnqm</className>
          <testName>TestCase02.test25</testName>
          <skipped>false</skipped>
          <failedSince>0</failedSince>
        </case>
        <case>
          <duration>6.825</duration>
          <className>TestCustomPnqm</className>
          <testName>TestCase02.test26</testName>
          <skipped>false</skipped>
          <failedSince>0</failedSince>
        </case>
        <case>
          <duration>6.154</duration>
          <className>TestCustomPnqm</className>
          <testName>TestCase03.test01</testName>
          <skipped>false</skipped>
          <failedSince>0</failedSince>
        </case>
        <case>
          <duration>0.843</duration>
          <className>TestCustomPnqm</className>
          <testName>TestCase03.test02</testName>
          <skipped>false</skipped>
          <failedSince>0</failedSince>
        </case>
        <case>
          <duration>0.367</duration>
          <className>TestCustomPnqm</className>
          <testName>TestCase03.test03</testName>
          <skipped>false</skipped>
          <failedSince>0</failedSince>
        </case>
        <case>
          <duration>0.243</duration>
          <className>TestCustomPnqm</className>
          <testName>TestCase03.test04</testName>
          <skipped>false</skipped>
          <failedSince>0</failedSince>
        </case>
        <case>
          <duration>0.567</duration>
          <className>TestCustomPnqm</className>
          <testName>TestCase03.test05</testName>
          <skipped>false</skipped>
          <failedSince>0</failedSince>
        </case>
        <case>
          <duration>0.041</duration>
          <className>TestCustomPnqm</className>
          <testName>TestCase03.test06</testName>
          <skipped>false</skipped>
          <failedSince>0</failedSince>
        </case>
        <case>
          <duration>4.328</duration>
          <className>TestCustomPnqm</className>
          <testName>TestCase04.test01</testName>
          <skipped>false</skipped>
          <failedSince>0</failedSince>
        </case>
        <case>
          <duration>4.551</duration>
          <className>TestCustomPnqm</className>
          <testName>TestCase04.test02</testName>
          <skipped>false</skipped>
          <failedSince>0</failedSince>
        </case>
        <case>
          <duration>0.214</duration>
          <className>TestCustomPnqm</className>
          <testName>TestCase04.test03</testName>
          <skipped>false</skipped>
          <failedSince>0</failedSince>
        </case>
        <case>
          <duration>1.448</duration>
          <className>TestCustomPnqm</className>
          <testName>TestCase04.test04</testName>
          <skipped>false</skipped>
          <failedSince>0</failedSince>
        </case>
        <case>
          <duration>0.396</duration>
          <className>TestCustomPnqm</className>
          <testName>TestCase04.test05</testName>
          <skipped>false</skipped>
          <failedSince>0</failedSince>
        </case>
        <case>
          <duration>0.335</duration>
          <className>TestCustomPnqm</className>
          <testName>TestCase04.test06</testName>
          <skipped>false</skipped>
          <failedSince>0</failedSince>
        </case>
        <case>
          <duration>0.416</duration>
          <className>TestCustomPnqm</className>
          <testName>TestCase04.test07</testName>
          <skipped>false</skipped>
          <failedSince>0</failedSince>
        </case>
        <case>
          <duration>0.136</duration>
          <className>TestCustomPnqm</className>
          <testName>TestCase04.test08</testName>
          <skipped>false</skipped>
          <failedSince>0</failedSince>
        </case>
        <case>
          <duration>0.029</duration>
          <className>TestCustomPnqm</className>
          <testName>TestCase04.test09</testName>
          <skipped>false</skipped>
          <failedSince>0</failedSince>
        </case>
        <case>
          <duration>4.096</duration>
          <className>TestCustomPnqm</className>
          <testName>TestCase04.test10</testName>
          <skipped>false</skipped>
          <failedSince>0</failedSince>
        </case>
        <case>
          <duration>4.592</duration>
          <className>TestCustomPnqm</className>
          <testName>TestCase04.test11</testName>
          <skipped>false</skipped>
          <failedSince>0</failedSince>
        </case>
        <case>
          <duration>3.792</duration>
          <className>TestCustomPnqm</className>
          <testName>TestCase04.test12</testName>
          <skipped>false</skipped>
          <failedSince>0</failedSince>
        </case>
        <case>
          <duration>0.303</duration>
          <className>TestCustomPnqm</className>
          <testName>TestCase04.test13</testName>
          <skipped>false</skipped>
          <failedSince>0</failedSince>
        </case>
        <case>
          <duration>8.3</duration>
          <className>TestCustomPnqm</className>
          <testName>TestCase04.test14</testName>
          <skipped>false</skipped>
          <failedSince>0</failedSince>
        </case>
        <case>
          <duration>1.239</duration>
          <className>TestCustomPnqm</className>
          <testName>TestCase04.test15</testName>
          <skipped>false</skipped>
          <failedSince>0</failedSince>
        </case>
        <case>
          <duration>0.441</duration>
          <className>TestCustomPnqm</className>
          <testName>TestCase04.test16</testName>
          <skipped>false</skipped>
          <failedSince>0</failedSince>
        </case>
        <case>
          <duration>0.77</duration>
          <className>TestCustomPnqm</className>
          <testName>TestCase04.test17</testName>
          <skipped>false</skipped>
          <failedSince>0</failedSince>
        </case>
        <case>
          <duration>0.115</duration>
          <className>TestCustomPnqm</className>
          <testName>TestCase04.test18</testName>
          <skipped>false</skipped>
          <failedSince>0</failedSince>
        </case>
        <case>
          <duration>6.676</duration>
          <className>TestCustomPnqm</className>
          <testName>TestCase04.test19</testName>
          <skipped>false</skipped>
          <failedSince>0</failedSince>
        </case>
        <case>
          <duration>0.167</duration>
          <className>TestCustomPnqm</className>
          <testName>TestCase04.test20</testName>
          <skipped>false</skipped>
          <failedSince>0</failedSince>
        </case>
      </cases>
    </suite>
    <suite>
      <file>/home/jenkins/workspace/Backend/CMC@2/test-results/TEST-cli-TestConfigurableStats.xml</file>
      <name>cli.TestConfigurableStats</name>
      <stdout>..Test skipped on the Central Manager
.Test skipped on the Central Manager
.Test skipped on the Central Manager
.Test skipped on the Central Manager
.
TestCase01.test07: Warning for repeated classmaps within same CSM
..Test skipped on the Central Manager
.
TestCase01.test10: Enforce limits on number of measures
.
TestCase01.test11: Ensure the measure command checks measure type before entering context. BQM-13844
.Test skipped on the Central Manager
.Test skipped on the Central Manager
..
TestCas
...[truncated 1966 chars]...
t skipped on the Central Manager
.Test skipped on the Central Manager
.Test skipped on the Central Manager
.Test skipped on the Central Manager
.
TestCase05.test01: BQM-19817: CLI support for the CSM Faults
.Test test03 skipped in sandbox
.Test skipped on the Central Manager
.Test skipped on the Central Manager
.
TestCase05.test06: Check measure total alerts don&apos;t overflow
Test skipped on the Central Manager
.
TestCase05.test07: Regression Test for BQM-27616
Test skipped on the Central Manager
.</stdout>
      <stderr></stderr>
      <duration>297.586</duration>
      <timestamp>2019-05-07T12:36:14.340426</timestamp>
      <time>297.586</time>
      <enclosingBlocks/>
      <enclosingBlockNames/>
      <cases>
        <case>
          <duration>58.989</duration>
          <className>TestConfigurableStats</className>
          <testName>TestCase01.test01</testName>
          <skipped>false</skipped>
          <failedSince>0</failedSince>
        </case>
        <case>
          <duration>0.394</duration>
          <className>TestConfigurableStats</className>
          <testName>TestCase01.test02</testName>
          <skipped>false</skipped>
          <failedSince>0</failedSince>
        </case>
        <case>
          <duration>0.038</duration>
          <className>TestConfigurableStats</className>
          <testName>TestCase01.test03</testName>
          <skipped>false</skipped>
          <failedSince>0</failedSince>
        </case>
        <case>
          <duration>0.072</duration>
          <className>TestConfigurableStats</className>
          <testName>TestCase01.test04</testName>
          <skipped>false</skipped>
          <failedSince>0</failedSince>
        </case>
        <case>
          <duration>0.038</duration>
          <className>TestConfigurableStats</className>
          <testName>TestCase01.test05</testName>
          <skipped>false</skipped>
          <failedSince>0</failedSince>
        </case>
        <case>
          <duration>0.037</duration>
          <className>TestConfigurableStats</className>
          <testName>TestCase01.test06</testName>
          <skipped>false</skipped>
          <failedSince>0</failedSince>
        </case>
        <case>
          <duration>10.275</duration>
          <className>TestConfigurableStats</className>
          <testName>TestCase01.test07</testName>
          <skipped>false</skipped>
          <failedSince>0</failedSince>
        </case>
        <case>
          <duration>9.386</duration>
          <className>TestConfigurableStats</className>
          <testName>TestCase01.test08</testName>
          <skipped>false</skipped>
          <failedSince>0</failedSince>
        </case>
        <case>
          <duration>0.038</duration>
          <className>TestConfigurableStats</className>
          <testName>TestCase01.test09</testName>
          <skipped>false</skipped>
          <failedSince>0</failedSince>
        </case>
        <case>
          <duration>1.059</duration>
          <className>TestConfigurableStats</className>
          <testName>TestCase01.test10</testName>
          <skipped>false</skipped>
          <failedSince>0</failedSince>
        </case>
        <case>
          <duration>1.152</duration>
          <className>TestConfigurableStats</className>
          <testName>TestCase01.test11</testName>
          <skipped>false</skipped>
          <failedSince>0</failedSince>
        </case>
        <case>
          <duration>0.03</duration>
          <className>TestConfigurableStats</className>
          <testName>TestCase01.test12</testName>
          <skipped>false</skipped>
          <failedSince>0</failedSince>
        </case>
        <case>
          <duration>0.051</duration>
          <className>TestConfigurableStats</className>
          <testName>TestCase01.test13</testName>
          <skipped>false</skipped>
          <failedSince>0</failedSince>
        </case>
        <case>
          <duration>3.629</duration>
          <className>TestConfigurableStats</className>
          <testName>TestCase01.test14</testName>
          <skipped>false</skipped>
          <failedSince>0</failedSince>
        </case>
        <case>
          <duration>5.883</duration>
          <className>TestConfigurableStats</className>
          <testName>TestCase01.test15</testName>
          <skipped>false</skipped>
          <failedSince>0</failedSince>
        </case>
        <case>
          <duration>0.035</duration>
          <className>TestConfigurableStats</className>
          <testName>TestCase01.test16</testName>
          <skipped>false</skipped>
          <failedSince>0</failedSince>
        </case>
        <case>
          <duration>0.033</duration>
          <className>TestConfigurableStats</className>
          <testName>TestCase01.test17</testName>
          <skipped>false</skipped>
          <failedSince>0</failedSince>
        </case>
        <case>
          <duration>0.031</duration>
          <className>TestConfigurableStats</className>
          <testName>TestCase01.test18</testName>
          <skipped>false</skipped>
          <failedSince>0</failedSince>
        </case>
        <case>
          <duration>0.045</duration>
          <className>TestConfigurableStats</className>
          <testName>TestCase01.test19</testName>
          <skipped>false</skipped>
          <failedSince>0</failedSince>
        </case>
        <case>
          <duration>0.033</duration>
          <className>TestConfigurableStats</className>
          <testName>TestCase01.test20</testName>
          <skipped>false</skipped>
          <failedSince>0</failedSince>
        </case>
        <case>
          <duration>0.04</duration>
          <className>TestConfigurableStats</className>
          <testName>TestCase01.test21</testName>
          <skipped>false</skipped>
          <failedSince>0</failedSince>
        </case>
        <case>
          <duration>5.204</duration>
          <className>TestConfigurableStats</className>
          <testName>TestCase01.test22</testName>
          <skipped>false</skipped>
          <failedSince>0</failedSince>
        </case>
        <case>
          <duration>0.027</duration>
          <className>TestConfigurableStats</className>
          <testName>TestCase01.test23</testName>
          <skipped>false</skipped>
          <failedSince>0</failedSince>
        </case>
        <case>
          <duration>0.015</duration>
          <className>TestConfigurableStats</className>
          <testName>TestCase01.test24</testName>
          <skipped>false</skipped>
          <failedSince>0</failedSince>
        </case>
        <case>
          <duration>1.629</duration>
          <className>TestConfigurableStats</className>
          <testName>TestCase01.test25</testName>
          <skipped>false</skipped>
          <failedSince>0</failedSince>
        </case>
        <case>
          <duration>0.078</duration>
          <className>TestConfigurableStats</className>
          <testName>TestCase01.test26</testName>
          <skipped>false</skipped>
          <failedSince>0</failedSince>
        </case>
        <case>
          <duration>0.027</duration>
          <className>TestConfigurableStats</className>
          <testName>TestCase01.test27</testName>
          <skipped>false</skipped>
          <failedSince>0</failedSince>
        </case>
        <case>
          <duration>0.019</duration>
          <className>TestConfigurableStats</className>
          <testName>TestCase01.test28</testName>
          <skipped>false</skipped>
          <failedSince>0</failedSince>
        </case>
        <case>
          <duration>0.015</duration>
          <className>TestConfigurableStats</className>
          <testName>TestCase01.test29</testName>
          <skipped>false</skipped>
          <failedSince>0</failedSince>
        </case>
        <case>
          <duration>120.731</duration>
          <className>TestConfigurableStats</className>
          <testName>TestCase01.test30</testName>
          <skipped>false</skipped>
          <failedSince>0</failedSince>
        </case>
        <case>
          <duration>0.089</duration>
          <className>TestConfigurableStats</className>
          <testName>TestCase01.test31</testName>
          <skipped>false</skipped>
          <failedSince>0</failedSince>
        </case>
        <case>
          <duration>9.519</duration>
          <className>TestConfigurableStats</className>
          <testName>TestCase01.test32</testName>
          <skipped>false</skipped>
          <failedSince>0</failedSince>
        </case>
        <case>
          <duration>0.046</duration>
          <className>TestConfigurableStats</className>
          <testName>TestCase01.test33</testName>
          <skipped>false</skipped>
          <failedSince>0</failedSince>
        </case>
        <case>
          <duration>6.142</duration>
          <className>TestConfigurableStats</className>
          <testName>TestCase01.test34</testName>
          <skipped>false</skipped>
          <failedSince>0</failedSince>
        </case>
        <case>
          <duration>0.049</duration>
          <className>TestConfigurableStats</className>
          <testName>TestCase01.test35</testName>
          <skipped>false</skipped>
          <failedSince>0</failedSince>
        </case>
        <case>
          <duration>0.039</duration>
          <className>TestConfigurableStats</className>
          <testName>TestCase02.test01</testName>
          <skipped>false</skipped>
          <failedSince>0</failedSince>
        </case>
        <case>
          <duration>0.021</duration>
          <className>TestConfigurableStats</className>
          <testName>TestCase02.test02</testName>
          <skipped>false</skipped>
          <failedSince>0</failedSince>
        </case>
        <case>
          <duration>0.018</duration>
          <className>TestConfigurableStats</className>
          <testName>TestCase02.test03</testName>
          <skipped>false</skipped>
          <failedSince>0</failedSince>
        </case>
        <case>
          <duration>0.021</duration>
          <className>TestConfigurableStats</className>
          <testName>TestCase02.test04</testName>
          <skipped>false</skipped>
          <failedSince>0</failedSince>
        </case>
        <case>
          <duration>0.021</duration>
          <className>TestConfigurableStats</className>
          <testName>TestCase02.test05</testName>
          <skipped>false</skipped>
          <failedSince>0</failedSince>
        </case>
        <case>
          <duration>14.161</duration>
          <className>TestConfigurableStats</className>
          <testName>TestCase03.test01</testName>
          <skipped>false</skipped>
          <failedSince>0</failedSince>
        </case>
        <case>
          <duration>8.632</duration>
          <className>TestConfigurableStats</className>
          <testName>TestCase03.test02</testName>
          <skipped>false</skipped>
          <failedSince>0</failedSince>
        </case>
        <case>
          <duration>4.865</duration>
          <className>TestConfigurableStats</className>
          <testName>TestCase03.test03</testName>
          <skipped>false</skipped>
          <failedSince>0</failedSince>
        </case>
        <case>
          <duration>4.025</duration>
          <className>TestConfigurableStats</className>
          <testName>TestCase03.test04</testName>
          <skipped>false</skipped>
          <failedSince>0</failedSince>
        </case>
        <case>
          <duration>12.412</duration>
          <className>TestConfigurableStats</className>
          <testName>TestCase04.test01</testName>
          <skipped>false</skipped>
          <failedSince>0</failedSince>
        </case>
        <case>
          <duration>0.041</duration>
          <className>TestConfigurableStats</className>
          <testName>TestCase04.test02</testName>
          <skipped>false</skipped>
          <failedSince>0</failedSince>
        </case>
        <case>
          <duration>0.026</duration>
          <className>TestConfigurableStats</className>
          <testName>TestCase04.test03</testName>
          <skipped>false</skipped>
          <failedSince>0</failedSince>
        </case>
        <case>
          <duration>0.02</duration>
          <className>TestConfigurableStats</className>
          <testName>TestCase04.test04</testName>
          <skipped>false</skipped>
          <failedSince>0</failedSince>
        </case>
        <case>
          <duration>0.029</duration>
          <className>TestConfigurableStats</className>
          <testName>TestCase04.test05</testName>
          <skipped>false</skipped>
          <failedSince>0</failedSince>
        </case>
        <case>
          <duration>18.238</duration>
          <className>TestConfigurableStats</className>
          <testName>TestCase05.test01</testName>
          <skipped>false</skipped>
          <failedSince>0</failedSince>
        </case>
        <case>
          <duration>0.001</duration>
          <className>TestConfigurableStats</className>
          <testName>TestCase05.test03</testName>
          <skipped>false</skipped>
          <failedSince>0</failedSince>
        </case>
        <case>
          <duration>0.049</duration>
          <className>TestConfigurableStats</className>
          <testName>TestCase05.test04</testName>
          <skipped>false</skipped>
          <failedSince>0</failedSince>
        </case>
        <case>
          <duration>0.033</duration>
          <className>TestConfigurableStats</className>
          <testName>TestCase05.test05</testName>
          <skipped>false</skipped>
          <failedSince>0</failedSince>
        </case>
        <case>
          <duration>0.018</duration>
          <className>TestConfigurableStats</className>
          <testName>TestCase05.test06</testName>
          <skipped>false</skipped>
          <failedSince>0</failedSince>
        </case>
        <case>
          <duration>0.027</duration>
          <className>TestConfigurableStats</className>
          <testName>TestCase05.test07</testName>
          <skipped>false</skipped>
          <failedSince>0</failedSince>
        </case>
      </cases>
    </suite>
    <suite>
      <file>/home/jenkins/workspace/Backend/CMC@2/test-results/TEST-rest-TestRestSessionDiscovery.xml</file>
      <name>rest.TestRestSessionDiscovery</name>
      <stdout>.
TestCase01.test02: Replacing an existent flow-tag-rule
......Test skipped on the Central Manager
..Test skipped on the Central Manager
.Test skipped on the Central Manager
.
TestCase05.test01: Test error message when using non-channel interface
Test skipped on the Central Manager
.
TestCase05.test02: XML validity check and basic functionality
.
TestCase05.test03: Broken upsert transaction
.
TestCase05.test04: Testing global channel limits
Test skipped on the Central Manager
.
TestCase05.test05
...[truncated 4529 chars]...
=&quot;true&quot;
                      variant=&quot;&quot;&gt;
    &lt;match ethertype=&quot;0x80f3&quot; type=&quot;ethertype&quot;/&gt;
    &lt;flow-tag-rule flow-direction=&quot;any&quot; id=&quot;287&quot; message-field=&quot;item.modifier_c&quot; name=&quot;test&quot;
                   regex=&quot;&quot; translation-map=&quot;&quot;/&gt;
    &lt;key-element translation-map=&quot;&quot; type=&quot;network-field&quot; value=&quot;server-address&quot;/&gt;
    &lt;session-tag-rule tag-type-name=&quot;Client&quot;&gt;
      &lt;key-element translation-map=&quot;&quot; type=&quot;network-field&quot; value=&quot;server-port&quot;/&gt;
    &lt;/session-tag-rule&gt;
  &lt;/custom-application&gt;
&lt;/cnx&gt;

..</stdout>
      <stderr></stderr>
      <duration>311.557</duration>
      <timestamp>2019-05-07T12:36:01.761743</timestamp>
      <time>311.557</time>
      <enclosingBlocks/>
      <enclosingBlockNames/>
      <cases>
        <case>
          <duration>28.389</duration>
          <className>TestRestSessionDiscovery</className>
          <testName>TestCase01.test01</testName>
          <skipped>false</skipped>
          <failedSince>0</failedSince>
        </case>
        <case>
          <duration>0.026</duration>
          <className>TestRestSessionDiscovery</className>
          <testName>TestCase01.test02</testName>
          <skipped>false</skipped>
          <failedSince>0</failedSince>
        </case>
        <case>
          <duration>19.218</duration>
          <className>TestRestSessionDiscovery</className>
          <testName>TestCase02.test01</testName>
          <skipped>false</skipped>
          <failedSince>0</failedSince>
        </case>
        <case>
          <duration>0.057</duration>
          <className>TestRestSessionDiscovery</className>
          <testName>TestCase02.test02</testName>
          <skipped>false</skipped>
          <failedSince>0</failedSince>
        </case>
        <case>
          <duration>26.019</duration>
          <className>TestRestSessionDiscovery</className>
          <testName>TestCase03.test01</testName>
          <skipped>false</skipped>
          <failedSince>0</failedSince>
        </case>
        <case>
          <duration>0.12</duration>
          <className>TestRestSessionDiscovery</className>
          <testName>TestCase04.test01</testName>
          <skipped>false</skipped>
          <failedSince>0</failedSince>
        </case>
        <case>
          <duration>0.093</duration>
          <className>TestRestSessionDiscovery</className>
          <testName>TestCase04.test02</testName>
          <skipped>false</skipped>
          <failedSince>0</failedSince>
        </case>
        <case>
          <duration>0.031</duration>
          <className>TestRestSessionDiscovery</className>
          <testName>TestCase04.test03</testName>
          <skipped>false</skipped>
          <failedSince>0</failedSince>
        </case>
        <case>
          <duration>4.904</duration>
          <className>TestRestSessionDiscovery</className>
          <testName>TestCase04.test04</testName>
          <skipped>false</skipped>
          <failedSince>0</failedSince>
        </case>
        <case>
          <duration>0.014</duration>
          <className>TestRestSessionDiscovery</className>
          <testName>TestCase04.test05</testName>
          <skipped>false</skipped>
          <failedSince>0</failedSince>
        </case>
        <case>
          <duration>0.007</duration>
          <className>TestRestSessionDiscovery</className>
          <testName>TestCase04.test06</testName>
          <skipped>false</skipped>
          <failedSince>0</failedSince>
        </case>
        <case>
          <duration>0.008</duration>
          <className>TestRestSessionDiscovery</className>
          <testName>TestCase05.test01</testName>
          <skipped>false</skipped>
          <failedSince>0</failedSince>
        </case>
        <case>
          <duration>4.776</duration>
          <className>TestRestSessionDiscovery</className>
          <testName>TestCase05.test02</testName>
          <skipped>false</skipped>
          <failedSince>0</failedSince>
        </case>
        <case>
          <duration>5.648</duration>
          <className>TestRestSessionDiscovery</className>
          <testName>TestCase05.test03</testName>
          <skipped>false</skipped>
          <failedSince>0</failedSince>
        </case>
        <case>
          <duration>0.019</duration>
          <className>TestRestSessionDiscovery</className>
          <testName>TestCase05.test04</testName>
          <skipped>false</skipped>
          <failedSince>0</failedSince>
        </case>
        <case>
          <duration>193.326</duration>
          <className>TestRestSessionDiscovery</className>
          <testName>TestCase05.test05</testName>
          <skipped>false</skipped>
          <failedSince>0</failedSince>
        </case>
        <case>
          <duration>13.281</duration>
          <className>TestRestSessionDiscovery</className>
          <testName>TestCase05.test06</testName>
          <skipped>false</skipped>
          <failedSince>0</failedSince>
        </case>
        <case>
          <duration>5.742</duration>
          <className>TestRestSessionDiscovery</className>
          <testName>TestCase05.test07</testName>
          <skipped>false</skipped>
          <failedSince>0</failedSince>
        </case>
        <case>
          <duration>0.02</duration>
          <className>TestRestSessionDiscovery</className>
          <testName>TestCase06.test01</testName>
          <skipped>false</skipped>
          <failedSince>0</failedSince>
        </case>
        <case>
          <duration>5.161</duration>
          <className>TestRestSessionDiscovery</className>
          <testName>TestCase06.test02</testName>
          <skipped>false</skipped>
          <failedSince>0</failedSince>
        </case>
        <case>
          <duration>4.682</duration>
          <className>TestRestSessionDiscovery</className>
          <testName>TestCase06.test03</testName>
          <skipped>false</skipped>
          <failedSince>0</failedSince>
        </case>
        <case>
          <duration>0.01</duration>
          <className>TestRestSessionDiscovery</className>
          <testName>TestCase06.test04</testName>
          <skipped>false</skipped>
          <failedSince>0</failedSince>
        </case>
      </cases>
    </suite>
    <suite>
      <file>/home/jenkins/workspace/Backend/CMC@3/test-results/TEST-cli-TestSysread.xml</file>
      <name>cli.TestSysread</name>
      <stdout>...</stdout>
      <stderr></stderr>
      <duration>15.037</duration>
      <timestamp>2019-05-07T12:40:59.507924</timestamp>
      <time>15.037</time>
      <enclosingBlocks/>
      <enclosingBlockNames/>
      <cases>
        <case>
          <duration>10.094</duration>
          <className>TestSysread</className>
          <testName>TestCase01.test01</testName>
          <skipped>false</skipped>
          <failedSince>0</failedSince>
        </case>
        <case>
          <duration>4.805</duration>
          <className>TestSysread</className>
          <testName>TestCase01.test02</testName>
          <skipped>false</skipped>
          <failedSince>0</failedSince>
        </case>
        <case>
          <duration>0.138</duration>
          <className>TestSysread</className>
          <testName>TestCase01.test03</testName>
          <skipped>false</skipped>
          <failedSince>0</failedSince>
        </case>
      </cases>
    </suite>
    <suite>
      <file>/home/jenkins/workspace/Backend/CMC@6/test-results/TEST-cli-TestChannel.xml</file>
      <name>cli.TestChannel</name>
      <stdout>..............
TestCase01.test15: BQM-32715 Illegal characters in label when using copy cfg: (replace-)config
Test skipped on the Central Manager
.Test skipped on the Central Manager
..................................TestCase02.test32: enabling request-response disables secondary pnqm
.Test skipped on the Central Manager
...........Test skipped on the Central Manager
..
TestCase02.test46: Test configurable-stats-map in channel: symmetric channel with two different configurable-stats-map
.unidire
...[truncated 3931 chars]...
estCase12.test02: Help and completion info for include-decode-failures
.
TestCase12.test03: Test traffic matching include-decode-failures
Test skipped on the Central Manager
.
TestCase12.test04: BQM-47305 &apos;no include-decode-failures&apos; not working with TCP reassembly errors
Test skipped on the Central Manager
.Test skipped on the Central Manager
.
TestCase13.test02_fdos_pnqm_target: BQM-60729 FDOS sessions with deleted pnqm-target ID render invalid text config
Test skipped on the Central Manager
.</stdout>
      <stderr></stderr>
      <duration>324.03</duration>
      <timestamp>2019-05-07T12:35:42.892860</timestamp>
      <time>324.030</time>
      <enclosingBlocks/>
      <enclosingBlockNames/>
      <cases>
        <case>
          <duration>35.523</duration>
          <className>TestChannel</className>
          <testName>TestCase01.test01</testName>
          <skipped>false</skipped>
          <failedSince>0</failedSince>
        </case>
        <case>
          <duration>1.31</duration>
          <className>TestChannel</className>
          <testName>TestCase01.test02</testName>
          <skipped>false</skipped>
          <failedSince>0</failedSince>
        </case>
        <case>
          <duration>0.333</duration>
          <className>TestChannel</className>
          <testName>TestCase01.test03</testName>
          <skipped>false</skipped>
          <failedSince>0</failedSince>
        </case>
        <case>
          <duration>0.241</duration>
          <className>TestChannel</className>
          <testName>TestCase01.test04</testName>
          <skipped>false</skipped>
          <failedSince>0</failedSince>
        </case>
        <case>
          <duration>0.176</duration>
          <className>TestChannel</className>
          <testName>TestCase01.test05</testName>
          <skipped>false</skipped>
          <failedSince>0</failedSince>
        </case>
        <case>
          <duration>0.139</duration>
          <className>TestChannel</className>
          <testName>TestCase01.test06</testName>
          <skipped>false</skipped>
          <failedSince>0</failedSince>
        </case>
        <case>
          <duration>0.074</duration>
          <className>TestChannel</className>
          <testName>TestCase01.test07</testName>
          <skipped>false</skipped>
          <failedSince>0</failedSince>
        </case>
        <case>
          <duration>0.286</duration>
          <className>TestChannel</className>
          <testName>TestCase01.test08</testName>
          <skipped>false</skipped>
          <failedSince>0</failedSince>
        </case>
        <case>
          <duration>0.136</duration>
          <className>TestChannel</className>
          <testName>TestCase01.test09</testName>
          <skipped>false</skipped>
          <failedSince>0</failedSince>
        </case>
        <case>
          <duration>0.027</duration>
          <className>TestChannel</className>
          <testName>TestCase01.test10</testName>
          <skipped>false</skipped>
          <failedSince>0</failedSince>
        </case>
        <case>
          <duration>0.11</duration>
          <className>TestChannel</className>
          <testName>TestCase01.test11</testName>
          <skipped>false</skipped>
          <failedSince>0</failedSince>
        </case>
        <case>
          <duration>0.042</duration>
          <className>TestChannel</className>
          <testName>TestCase01.test12</testName>
          <skipped>false</skipped>
          <failedSince>0</failedSince>
        </case>
        <case>
          <duration>0.351</duration>
          <className>TestChannel</className>
          <testName>TestCase01.test13</testName>
          <skipped>false</skipped>
          <failedSince>0</failedSince>
        </case>
        <case>
          <duration>0.1</duration>
          <className>TestChannel</className>
          <testName>TestCase01.test14</testName>
          <skipped>false</skipped>
          <failedSince>0</failedSince>
        </case>
        <case>
          <duration>0.049</duration>
          <className>TestChannel</className>
          <testName>TestCase01.test15</testName>
          <skipped>false</skipped>
          <failedSince>0</failedSince>
        </case>
        <case>
          <duration>0.032</duration>
          <className>TestChannel</className>
          <testName>TestCase01.test16</testName>
          <skipped>false</skipped>
          <failedSince>0</failedSince>
        </case>
        <case>
          <duration>8.839</duration>
          <className>TestChannel</className>
          <testName>TestCase01.test17</testName>
          <skipped>false</skipped>
          <failedSince>0</failedSince>
        </case>
        <case>
          <duration>5.551</duration>
          <className>TestChannel</className>
          <testName>TestCase01.test18</testName>
          <skipped>false</skipped>
          <failedSince>0</failedSince>
        </case>
        <case>
          <duration>6.282</duration>
          <className>TestChannel</className>
          <testName>TestCase02.test01</testName>
          <skipped>false</skipped>
          <failedSince>0</failedSince>
        </case>
        <case>
          <duration>0.883</duration>
          <className>TestChannel</className>
          <testName>TestCase02.test02</testName>
          <skipped>false</skipped>
          <failedSince>0</failedSince>
        </case>
        <case>
          <duration>0.004</duration>
          <className>TestChannel</className>
          <testName>TestCase02.test03</testName>
          <skipped>false</skipped>
          <failedSince>0</failedSince>
        </case>
        <case>
          <duration>0.188</duration>
          <className>TestChannel</className>
          <testName>TestCase02.test04</testName>
          <skipped>false</skipped>
          <failedSince>0</failedSince>
        </case>
        <case>
          <duration>0.427</duration>
          <className>TestChannel</className>
          <testName>TestCase02.test05</testName>
          <skipped>false</skipped>
          <failedSince>0</failedSince>
        </case>
        <case>
          <duration>0.0</duration>
          <className>TestChannel</className>
          <testName>TestCase02.test06</testName>
          <skipped>false</skipped>
          <failedSince>0</failedSince>
        </case>
        <case>
          <duration>1.719</duration>
          <className>TestChannel</className>
          <testName>TestCase02.test07</testName>
          <skipped>false</skipped>
          <failedSince>0</failedSince>
        </case>
        <case>
          <duration>0.219</duration>
          <className>TestChannel</className>
          <testName>TestCase02.test08</testName>
          <skipped>false</skipped>
          <failedSince>0</failedSince>
        </case>
        <case>
          <duration>0.465</duration>
          <className>TestChannel</className>
          <testName>TestCase02.test09</testName>
          <skipped>false</skipped>
          <failedSince>0</failedSince>
        </case>
        <case>
          <duration>0.219</duration>
          <className>TestChannel</className>
          <testName>TestCase02.test10</testName>
          <skipped>false</skipped>
          <failedSince>0</failedSince>
        </case>
        <case>
          <duration>0.107</duration>
          <className>TestChannel</className>
          <testName>TestCase02.test11</testName>
          <skipped>false</skipped>
          <failedSince>0</failedSince>
        </case>
        <case>
          <duration>0.216</duration>
          <className>TestChannel</className>
          <testName>TestCase02.test12</testName>
          <skipped>false</skipped>
          <failedSince>0</failedSince>
        </case>
        <case>
          <duration>0.378</duration>
          <className>TestChannel</className>
          <testName>TestCase02.test13</testName>
          <skipped>false</skipped>
          <failedSince>0</failedSince>
        </case>
        <case>
          <duration>0.296</duration>
          <className>TestChannel</className>
          <testName>TestCase02.test14</testName>
          <skipped>false</skipped>
          <failedSince>0</failedSince>
        </case>
        <case>
          <duration>0.313</duration>
          <className>TestChannel</className>
          <testName>TestCase02.test15</testName>
          <skipped>false</skipped>
          <failedSince>0</failedSince>
        </case>
        <case>
          <duration>0.305</duration>
          <className>TestChannel</className>
          <testName>TestCase02.test16</testName>
          <skipped>false</skipped>
          <failedSince>0</failedSince>
        </case>
        <case>
          <duration>0.227</duration>
          <className>TestChannel</className>
          <testName>TestCase02.test17</testName>
          <skipped>false</skipped>
          <failedSince>0</failedSince>
        </case>
        <case>
          <duration>0.209</duration>
          <className>TestChannel</className>
          <testName>TestCase02.test18</testName>
          <skipped>false</skipped>
          <failedSince>0</failedSince>
        </case>
        <case>
          <duration>0.13</duration>
          <className>TestChannel</className>
          <testName>TestCase02.test19</testName>
          <skipped>false</skipped>
          <failedSince>0</failedSince>
        </case>
        <case>
          <duration>1.958</duration>
          <className>TestChannel</className>
          <testName>TestCase02.test20</testName>
          <skipped>false</skipped>
          <failedSince>0</failedSince>
        </case>
        <case>
          <duration>0.113</duration>
          <className>TestChannel</className>
          <testName>TestCase02.test21</testName>
          <skipped>false</skipped>
          <failedSince>0</failedSince>
        </case>
        <case>
          <duration>0.089</duration>
          <className>TestChannel</className>
          <testName>TestCase02.test22</testName>
          <skipped>false</skipped>
          <failedSince>0</failedSince>
        </case>
        <case>
          <duration>0.043</duration>
          <className>TestChannel</className>
          <testName>TestCase02.test23</testName>
          <skipped>false</skipped>
          <failedSince>0</failedSince>
        </case>
        <case>
          <duration>0.165</duration>
          <className>TestChannel</className>
          <testName>TestCase02.test24</testName>
          <skipped>false</skipped>
          <failedSince>0</failedSince>
        </case>
        <case>
          <duration>0.676</duration>
          <className>TestChannel</className>
          <testName>TestCase02.test25</testName>
          <skipped>false</skipped>
          <failedSince>0</failedSince>
        </case>
        <case>
          <duration>0.096</duration>
          <className>TestChannel</className>
          <testName>TestCase02.test26</testName>
          <skipped>false</skipped>
          <failedSince>0</failedSince>
        </case>
        <case>
          <duration>0.146</duration>
          <className>TestChannel</className>
          <testName>TestCase02.test27</testName>
          <skipped>false</skipped>
          <failedSince>0</failedSince>
        </case>
        <case>
          <duration>0.104</duration>
          <className>TestChannel</className>
          <testName>TestCase02.test28</testName>
          <skipped>false</skipped>
          <failedSince>0</failedSince>
        </case>
        <case>
          <duration>1.317</duration>
          <className>TestChannel</className>
          <testName>TestCase02.test29</testName>
          <skipped>false</skipped>
          <failedSince>0</failedSince>
        </case>
        <case>
          <duration>0.296</duration>
          <className>TestChannel</className>
          <testName>TestCase02.test30</testName>
          <skipped>false</skipped>
          <failedSince>0</failedSince>
        </case>
        <case>
          <duration>0.197</duration>
          <className>TestChannel</className>
          <testName>TestCase02.test31</testName>
          <skipped>false</skipped>
          <failedSince>0</failedSince>
        </case>
        <case>
          <duration>0.447</duration>
          <className>TestChannel</className>
          <testName>TestCase02.test32</testName>
          <skipped>false</skipped>
          <failedSince>0</failedSince>
        </case>
        <case>
          <duration>0.043</duration>
          <className>TestChannel</className>
          <testName>TestCase02.test33</testName>
          <skipped>false</skipped>
          <failedSince>0</failedSince>
        </case>
        <case>
          <duration>0.171</duration>
          <className>TestChannel</className>
          <testName>TestCase02.test34</testName>
          <skipped>false</skipped>
          <failedSince>0</failedSince>
        </case>
        <case>
          <duration>0.06</duration>
          <className>TestChannel</className>
          <testName>TestCase02.test35</testName>
          <skipped>false</skipped>
          <failedSince>0</failedSince>
        </case>
        <case>
          <duration>0.282</duration>
          <className>TestChannel</className>
          <testName>TestCase02.test36</testName>
          <skipped>false</skipped>
          <failedSince>0</failedSince>
        </case>
        <case>
          <duration>0.303</duration>
          <className>TestChannel</className>
          <testName>TestCase02.test37</testName>
          <skipped>false</skipped>
          <failedSince>0</failedSince>
        </case>
        <case>
          <duration>0.111</duration>
          <className>TestChannel</className>
          <testName>TestCase02.test38</testName>
          <skipped>false</skipped>
          <failedSince>0</failedSince>
        </case>
        <case>
          <duration>0.22</duration>
          <className>TestChannel</className>
          <testName>TestCase02.test39</testName>
          <skipped>false</skipped>
          <failedSince>0</failedSince>
        </case>
        <case>
          <duration>0.131</duration>
          <className>TestChannel</className>
          <testName>TestCase02.test40</testName>
          <skipped>false</skipped>
          <failedSince>0</failedSince>
        </case>
        <case>
          <duration>0.186</duration>
          <className>TestChannel</className>
          <testName>TestCase02.test41</testName>
          <skipped>false</skipped>
          <failedSince>0</failedSince>
        </case>
        <case>
          <duration>0.447</duration>
          <className>TestChannel</className>
          <testName>TestCase02.test42</testName>
          <skipped>false</skipped>
          <failedSince>0</failedSince>
        </case>
        <case>
          <duration>1.012</duration>
          <className>TestChannel</className>
          <testName>TestCase02.test43</testName>
          <skipped>false</skipped>
          <failedSince>0</failedSince>
        </case>
        <case>
          <duration>0.066</duration>
          <className>TestChannel</className>
          <testName>TestCase02.test44</testName>
          <skipped>false</skipped>
          <failedSince>0</failedSince>
        </case>
        <case>
          <duration>1.186</duration>
          <className>TestChannel</className>
          <testName>TestCase02.test45</testName>
          <skipped>false</skipped>
          <failedSince>0</failedSince>
        </case>
        <case>
          <duration>7.487</duration>
          <className>TestChannel</className>
          <testName>TestCase02.test46</testName>
          <skipped>false</skipped>
          <failedSince>0</failedSince>
        </case>
        <case>
          <duration>4.466</duration>
          <className>TestChannel</className>
          <testName>TestCase02.test47</testName>
          <skipped>false</skipped>
          <failedSince>0</failedSince>
        </case>
        <case>
          <duration>0.649</duration>
          <className>TestChannel</className>
          <testName>TestCase02.test48</testName>
          <skipped>false</skipped>
          <failedSince>0</failedSince>
        </case>
        <case>
          <duration>2.885</duration>
          <className>TestChannel</className>
          <testName>TestCase02.test49</testName>
          <skipped>false</skipped>
          <failedSince>0</failedSince>
        </case>
        <case>
          <duration>3.598</duration>
          <className>TestChannel</className>
          <testName>TestCase02.test50</testName>
          <skipped>false</skipped>
          <failedSince>0</failedSince>
        </case>
        <case>
          <duration>3.48</duration>
          <className>TestChannel</className>
          <testName>TestCase02.test51</testName>
          <skipped>false</skipped>
          <failedSince>0</failedSince>
        </case>
        <case>
          <duration>0.369</duration>
          <className>TestChannel</className>
          <testName>TestCase02.test53</testName>
          <skipped>false</skipped>
          <failedSince>0</failedSince>
        </case>
        <case>
          <duration>7.496</duration>
          <className>TestChannel</className>
          <testName>TestCase02.test54</testName>
          <skipped>false</skipped>
          <failedSince>0</failedSince>
        </case>
        <case>
          <duration>7.499</duration>
          <className>TestChannel</className>
          <testName>TestCase02.test55</testName>
          <skipped>false</skipped>
          <failedSince>0</failedSince>
        </case>
        <case>
          <duration>3.062</duration>
          <className>TestChannel</className>
          <testName>TestCase02.test56</testName>
          <skipped>false</skipped>
          <failedSince>0</failedSince>
        </case>
        <case>
          <duration>5.29</duration>
          <className>TestChannel</className>
          <testName>TestCase02.test57</testName>
          <skipped>false</skipped>
          <failedSince>0</failedSince>
        </case>
        <case>
          <duration>0.0</duration>
          <className>TestChannel</className>
          <testName>TestCase02.test58</testName>
          <skipped>false</skipped>
          <failedSince>0</failedSince>
        </case>
        <case>
          <duration>4.004</duration>
          <className>TestChannel</className>
          <testName>TestCase02.test59</testName>
          <skipped>false</skipped>
          <failedSince>0</failedSince>
        </case>
        <case>
          <duration>0.053</duration>
          <className>TestChannel</className>
          <testName>TestCase02.test60</testName>
          <skipped>false</skipped>
          <failedSince>0</failedSince>
        </case>
        <case>
          <duration>5.225</duration>
          <className>TestChannel</className>
          <testName>TestCase02.test61</testName>
          <skipped>false</skipped>
          <failedSince>0</failedSince>
        </case>
        <case>
          <duration>0.295</duration>
          <className>TestChannel</className>
          <testName>TestCase02.test62</testName>
          <skipped>false</skipped>
          <failedSince>0</failedSince>
        </case>
        <case>
          <duration>3.027</duration>
          <className>TestChannel</className>
          <testName>TestCase03.test01</testName>
          <skipped>false</skipped>
          <failedSince>0</failedSince>
        </case>
        <case>
          <duration>0.028</duration>
          <className>TestChannel</className>
          <testName>TestCase03.test02</testName>
          <skipped>false</skipped>
          <failedSince>0</failedSince>
        </case>
        <case>
          <duration>0.037</duration>
          <className>TestChannel</className>
          <testName>TestCase03.test03</testName>
          <skipped>false</skipped>
          <failedSince>0</failedSince>
        </case>
        <case>
          <duration>0.177</duration>
          <className>TestChannel</className>
          <testName>TestCase03.test04</testName>
          <skipped>false</skipped>
          <failedSince>0</failedSince>
        </case>
        <case>
          <duration>0.802</duration>
          <className>TestChannel</className>
          <testName>TestCase03.test05</testName>
          <skipped>false</skipped>
          <failedSince>0</failedSince>
        </case>
        <case>
          <duration>1.712</duration>
          <className>TestChannel</className>
          <testName>TestCase03.test06</testName>
          <skipped>false</skipped>
          <failedSince>0</failedSince>
        </case>
        <case>
          <duration>1.092</duration>
          <className>TestChannel</className>
          <testName>TestCase03.test07</testName>
          <skipped>false</skipped>
          <failedSince>0</failedSince>
        </case>
        <case>
          <duration>0.251</duration>
          <className>TestChannel</className>
          <testName>TestCase03.test08</testName>
          <skipped>false</skipped>
          <failedSince>0</failedSince>
        </case>
        <case>
          <duration>0.231</duration>
          <className>TestChannel</className>
          <testName>TestCase03.test09</testName>
          <skipped>false</skipped>
          <failedSince>0</failedSince>
        </case>
        <case>
          <duration>0.362</duration>
          <className>TestChannel</className>
          <testName>TestCase03.test11</testName>
          <skipped>false</skipped>
          <failedSince>0</failedSince>
        </case>
        <case>
          <duration>0.501</duration>
          <className>TestChannel</className>
          <testName>TestCase03.test12</testName>
          <skipped>false</skipped>
          <failedSince>0</failedSince>
        </case>
        <case>
          <duration>0.508</duration>
          <className>TestChannel</className>
          <testName>TestCase03.test13</testName>
          <skipped>false</skipped>
          <failedSince>0</failedSince>
        </case>
        <case>
          <duration>0.099</duration>
          <className>TestChannel</className>
          <testName>TestCase03.test15</testName>
          <skipped>false</skipped>
          <failedSince>0</failedSince>
        </case>
        <case>
          <duration>0.022</duration>
          <className>TestChannel</className>
          <testName>TestCase03.test16</testName>
          <skipped>false</skipped>
          <failedSince>0</failedSince>
        </case>
        <case>
          <duration>0.024</duration>
          <className>TestChannel</className>
          <testName>TestCase03.test17</testName>
          <skipped>false</skipped>
          <failedSince>0</failedSince>
        </case>
        <case>
          <duration>0.281</duration>
          <className>TestChannel</className>
          <testName>TestCase03.test18</testName>
          <skipped>false</skipped>
          <failedSince>0</failedSince>
        </case>
        <case>
          <duration>0.047</duration>
          <className>TestChannel</className>
          <testName>TestCase03.test19</testName>
          <skipped>false</skipped>
          <failedSince>0</failedSince>
        </case>
        <case>
          <duration>0.142</duration>
          <className>TestChannel</className>
          <testName>TestCase03.test20</testName>
          <skipped>false</skipped>
          <failedSince>0</failedSince>
        </case>
        <case>
          <duration>0.927</duration>
          <className>TestChannel</className>
          <testName>TestCase03.test21</testName>
          <skipped>false</skipped>
          <failedSince>0</failedSince>
        </case>
        <case>
          <duration>0.267</duration>
          <className>TestChannel</className>
          <testName>TestCase03.test22</testName>
          <skipped>false</skipped>
          <failedSince>0</failedSince>
        </case>
        <case>
          <duration>0.354</duration>
          <className>TestChannel</className>
          <testName>TestCase03.test23</testName>
          <skipped>false</skipped>
          <failedSince>0</failedSince>
        </case>
        <case>
          <duration>0.116</duration>
          <className>TestChannel</className>
          <testName>TestCase03.test24</testName>
          <skipped>false</skipped>
          <failedSince>0</failedSince>
        </case>
        <case>
          <duration>0.02</duration>
          <className>TestChannel</className>
          <testName>TestCase03.test25</testName>
          <skipped>false</skipped>
          <failedSince>0</failedSince>
        </case>
        <case>
          <duration>1.738</duration>
          <className>TestChannel</className>
          <testName>TestCase03.test26</testName>
          <skipped>false</skipped>
          <failedSince>0</failedSince>
        </case>
        <case>
          <duration>11.87</duration>
          <className>TestChannel</className>
          <testName>TestCase03.test27</testName>
          <skipped>false</skipped>
          <failedSince>0</failedSince>
        </case>
        <case>
          <duration>0.085</duration>
          <className>TestChannel</className>
          <testName>TestCase03.test28</testName>
          <skipped>false</skipped>
          <failedSince>0</failedSince>
        </case>
        <case>
          <duration>13.962</duration>
          <className>TestChannel</className>
          <testName>TestCase04.test01</testName>
          <skipped>false</skipped>
          <failedSince>0</failedSince>
        </case>
        <case>
          <duration>0.01</duration>
          <className>TestChannel</className>
          <testName>TestCase04.test02</testName>
          <skipped>false</skipped>
          <failedSince>0</failedSince>
        </case>
        <case>
          <duration>0.004</duration>
          <className>TestChannel</className>
          <testName>TestCase04.test03</testName>
          <skipped>false</skipped>
          <failedSince>0</failedSince>
        </case>
        <case>
          <duration>0.05</duration>
          <className>TestChannel</className>
          <testName>TestCase04.test04</testName>
          <skipped>false</skipped>
          <failedSince>0</failedSince>
        </case>
        <case>
          <duration>0.036</duration>
          <className>TestChannel</className>
          <testName>TestCase05.test01</testName>
          <skipped>false</skipped>
          <failedSince>0</failedSince>
        </case>
        <case>
          <duration>3.363</duration>
          <className>TestChannel</className>
          <testName>TestCase06.test01</testName>
          <skipped>false</skipped>
          <failedSince>0</failedSince>
        </case>
        <case>
          <duration>0.495</duration>
          <className>TestChannel</className>
          <testName>TestCase06.test02</testName>
          <skipped>false</skipped>
          <failedSince>0</failedSince>
        </case>
        <case>
          <duration>3.274</duration>
          <className>TestChannel</className>
          <testName>TestCase06.test03</testName>
          <skipped>false</skipped>
          <failedSince>0</failedSince>
        </case>
        <case>
          <duration>0.02</duration>
          <className>TestChannel</className>
          <testName>TestCase07.test01</testName>
          <skipped>false</skipped>
          <failedSince>0</failedSince>
        </case>
        <case>
          <duration>0.018</duration>
          <className>TestChannel</className>
          <testName>TestCase08.test01</testName>
          <skipped>false</skipped>
          <failedSince>0</failedSince>
        </case>
        <case>
          <duration>0.016</duration>
          <className>TestChannel</className>
          <testName>TestCase08.test02</testName>
          <skipped>false</skipped>
          <failedSince>0</failedSince>
        </case>
        <case>
          <duration>3.22</duration>
          <className>TestChannel</className>
          <testName>TestCase08.test03</testName>
          <skipped>false</skipped>
          <failedSince>0</failedSince>
        </case>
        <case>
          <duration>2.536</duration>
          <className>TestChannel</className>
          <testName>TestCase08.test04</testName>
          <skipped>false</skipped>
          <failedSince>0</failedSince>
        </case>
        <case>
          <duration>5.03</duration>
          <className>TestChannel</className>
          <testName>TestCase08.test05</testName>
          <skipped>false</skipped>
          <failedSince>0</failedSince>
        </case>
        <case>
          <duration>3.771</duration>
          <className>TestChannel</className>
          <testName>TestCase08.test06</testName>
          <skipped>false</skipped>
          <failedSince>0</failedSince>
        </case>
        <case>
          <duration>24.157</duration>
          <className>TestChannel</className>
          <testName>TestCase08.test07</testName>
          <skipped>false</skipped>
          <failedSince>0</failedSince>
        </case>
        <case>
          <duration>4.752</duration>
          <className>TestChannel</className>
          <testName>TestCase08.test08</testName>
          <skipped>false</skipped>
          <failedSince>0</failedSince>
        </case>
        <case>
          <duration>3.663</duration>
          <className>TestChannel</className>
          <testName>TestCase08.test09</testName>
          <skipped>false</skipped>
          <failedSince>0</failedSince>
        </case>
        <case>
          <duration>4.553</duration>
          <className>TestChannel</className>
          <testName>TestCase09.test01</testName>
          <skipped>false</skipped>
          <failedSince>0</failedSince>
        </case>
        <case>
          <duration>2.465</duration>
          <className>TestChannel</className>
          <testName>TestCase10.test01</testName>
          <skipped>false</skipped>
          <failedSince>0</failedSince>
        </case>
        <case>
          <duration>0.022</duration>
          <className>TestChannel</className>
          <testName>TestCase10.test02</testName>
          <skipped>false</skipped>
          <failedSince>0</failedSince>
        </case>
        <case>
          <duration>0.017</duration>
          <className>TestChannel</className>
          <testName>TestCase10.test03</testName>
          <skipped>false</skipped>
          <failedSince>0</failedSince>
        </case>
        <case>
          <duration>0.224</duration>
          <className>TestChannel</className>
          <testName>TestCase10.test04</testName>
          <skipped>false</skipped>
          <failedSince>0</failedSince>
        </case>
        <case>
          <duration>0.186</duration>
          <className>TestChannel</className>
          <testName>TestCase10.test05</testName>
          <skipped>false</skipped>
          <failedSince>0</failedSince>
        </case>
        <case>
          <duration>0.255</duration>
          <className>TestChannel</className>
          <testName>TestCase10.test06</testName>
          <skipped>false</skipped>
          <failedSince>0</failedSince>
        </case>
        <case>
          <duration>0.14</duration>
          <className>TestChannel</className>
          <testName>TestCase10.test07</testName>
          <skipped>false</skipped>
          <failedSince>0</failedSince>
        </case>
        <case>
          <duration>2.024</duration>
          <className>TestChannel</className>
          <testName>TestCase10.test08</testName>
          <skipped>false</skipped>
          <failedSince>0</failedSince>
        </case>
        <case>
          <duration>6.631</duration>
          <className>TestChannel</className>
          <testName>TestCase10.test09</testName>
          <skipped>false</skipped>
          <failedSince>0</failedSince>
        </case>
        <case>
          <duration>5.452</duration>
          <className>TestChannel</className>
          <testName>TestCase10.test10</testName>
          <skipped>false</skipped>
          <failedSince>0</failedSince>
        </case>
        <case>
          <duration>0.034</duration>
          <className>TestChannel</className>
          <testName>TestCase10.test11</testName>
          <skipped>false</skipped>
          <failedSince>0</failedSince>
        </case>
        <case>
          <duration>0.02</duration>
          <className>TestChannel</className>
          <testName>TestCase10.test12</testName>
          <skipped>false</skipped>
          <failedSince>0</failedSince>
        </case>
        <case>
          <duration>7.763</duration>
          <className>TestChannel</className>
          <testName>TestCase10.test13</testName>
          <skipped>false</skipped>
          <failedSince>0</failedSince>
        </case>
        <case>
          <duration>0.036</duration>
          <className>TestChannel</className>
          <testName>TestCase10.test14</testName>
          <skipped>false</skipped>
          <failedSince>0</failedSince>
        </case>
        <case>
          <duration>0.487</duration>
          <className>TestChannel</className>
          <testName>TestCase10.test15</testName>
          <skipped>false</skipped>
          <failedSince>0</failedSince>
        </case>
        <case>
          <duration>0.301</duration>
          <className>TestChannel</className>
          <testName>TestCase10.test16</testName>
          <skipped>false</skipped>
          <failedSince>0</failedSince>
        </case>
        <case>
          <duration>0.027</duration>
          <className>TestChannel</className>
          <testName>TestCase10.test17</testName>
          <skipped>false</skipped>
          <failedSince>0</failedSince>
        </case>
        <case>
          <duration>0.046</duration>
          <className>TestChannel</className>
          <testName>TestCase10.test18</testName>
          <skipped>false</skipped>
          <failedSince>0</failedSince>
        </case>
        <case>
          <duration>0.026</duration>
          <className>TestChannel</className>
          <testName>TestCase11.test01</testName>
          <skipped>false</skipped>
          <failedSince>0</failedSince>
        </case>
        <case>
          <duration>0.025</duration>
          <className>TestChannel</className>
          <testName>TestCase11.test02</testName>
          <skipped>false</skipped>
          <failedSince>0</failedSince>
        </case>
        <case>
          <duration>0.027</duration>
          <className>TestChannel</className>
          <testName>TestCase11.test03</testName>
          <skipped>false</skipped>
          <failedSince>0</failedSince>
        </case>
        <case>
          <duration>0.023</duration>
          <className>TestChannel</className>
          <testName>TestCase11.test04</testName>
          <skipped>false</skipped>
          <failedSince>0</failedSince>
        </case>
        <case>
          <duration>4.594</duration>
          <className>TestChannel</className>
          <testName>TestCase11.test05</testName>
          <skipped>false</skipped>
          <failedSince>0</failedSince>
        </case>
        <case>
          <duration>0.545</duration>
          <className>TestChannel</className>
          <testName>TestCase11.test06</testName>
          <skipped>false</skipped>
          <failedSince>0</failedSince>
        </case>
        <case>
          <duration>0.043</duration>
          <className>TestChannel</className>
          <testName>TestCase11.test07</testName>
          <skipped>false</skipped>
          <failedSince>0</failedSince>
        </case>
        <case>
          <duration>63.226</duration>
          <className>TestChannel</className>
          <testName>TestCase12.test01</testName>
          <skipped>false</skipped>
          <failedSince>0</failedSince>
        </case>
        <case>
          <duration>0.025</duration>
          <className>TestChannel</className>
          <testName>TestCase12.test02</testName>
          <skipped>false</skipped>
          <failedSince>0</failedSince>
        </case>
        <case>
          <duration>0.019</duration>
          <className>TestChannel</className>
          <testName>TestCase12.test03</testName>
          <skipped>false</skipped>
          <failedSince>0</failedSince>
        </case>
        <case>
          <duration>0.016</duration>
          <className>TestChannel</className>
          <testName>TestCase12.test04</testName>
          <skipped>false</skipped>
          <failedSince>0</failedSince>
        </case>
        <case>
          <duration>0.017</duration>
          <className>TestChannel</className>
          <testName>TestCase13.test01_invert_and_legacy_gui_only</testName>
          <skipped>false</skipped>
          <failedSince>0</failedSince>
        </case>
        <case>
          <duration>0.015</duration>
          <className>TestChannel</className>
          <testName>TestCase13.test02_fdos_pnqm_target</testName>
          <skipped>false</skipped>
          <failedSince>0</failedSince>
        </case>
      </cases>
    </suite>
    <suite>
      <file>/home/jenkins/workspace/Backend/CMC@2/test-results/TEST-rest-TestRestClassMap.xml</file>
      <name>rest.TestRestClassMap</name>
      <stdout>.......Test skipped on the Central Manager
.Test skipped on the Central Manager
.Test skipped on the Central Manager
............</stdout>
      <stderr></stderr>
      <duration>30.979</duration>
      <timestamp>2019-05-07T12:40:44.461098</timestamp>
      <time>30.979</time>
      <enclosingBlocks/>
      <enclosingBlockNames/>
      <cases>
        <case>
          <duration>13.614</duration>
          <className>TestRestClassMap</className>
          <testName>TestCase01.test01</testName>
          <skipped>false</skipped>
          <failedSince>0</failedSince>
        </case>
        <case>
          <duration>0.06</duration>
          <className>TestRestClassMap</className>
          <testName>TestCase01.test02</testName>
          <skipped>false</skipped>
          <failedSince>0</failedSince>
        </case>
        <case>
          <duration>7.445</duration>
          <className>TestRestClassMap</className>
          <testName>TestCase01.test03</testName>
          <skipped>false</skipped>
          <failedSince>0</failedSince>
        </case>
        <case>
          <duration>0.044</duration>
          <className>TestRestClassMap</className>
          <testName>TestCase01.test04</testName>
          <skipped>false</skipped>
          <failedSince>0</failedSince>
        </case>
        <case>
          <duration>0.011</duration>
          <className>TestRestClassMap</className>
          <testName>TestCase01.test05</testName>
          <skipped>false</skipped>
          <failedSince>0</failedSince>
        </case>
        <case>
          <duration>0.023</duration>
          <className>TestRestClassMap</className>
          <testName>TestCase01.test06</testName>
          <skipped>false</skipped>
          <failedSince>0</failedSince>
        </case>
        <case>
          <duration>0.031</duration>
          <className>TestRestClassMap</className>
          <testName>TestCase01.test07</testName>
          <skipped>false</skipped>
          <failedSince>0</failedSince>
        </case>
        <case>
          <duration>0.007</duration>
          <className>TestRestClassMap</className>
          <testName>TestCase01.test08</testName>
          <skipped>false</skipped>
          <failedSince>0</failedSince>
        </case>
        <case>
          <duration>0.005</duration>
          <className>TestRestClassMap</className>
          <testName>TestCase01.test09</testName>
          <skipped>false</skipped>
          <failedSince>0</failedSince>
        </case>
        <case>
          <duration>0.004</duration>
          <className>TestRestClassMap</className>
          <testName>TestCase01.test10</testName>
          <skipped>false</skipped>
          <failedSince>0</failedSince>
        </case>
        <case>
          <duration>0.117</duration>
          <className>TestRestClassMap</className>
          <testName>TestCase01.test11</testName>
          <skipped>false</skipped>
          <failedSince>0</failedSince>
        </case>
        <case>
          <duration>1.446</duration>
          <className>TestRestClassMap</className>
          <testName>TestCase01.test12</testName>
          <skipped>false</skipped>
          <failedSince>0</failedSince>
        </case>
        <case>
          <duration>0.025</duration>
          <className>TestRestClassMap</className>
          <testName>TestCase01.test13</testName>
          <skipped>false</skipped>
          <failedSince>0</failedSince>
        </case>
        <case>
          <duration>0.109</duration>
          <className>TestRestClassMap</className>
          <testName>TestCase01.test14</testName>
          <skipped>false</skipped>
          <failedSince>0</failedSince>
        </case>
        <case>
          <duration>0.086</duration>
          <className>TestRestClassMap</className>
          <testName>TestCase01.test15</testName>
          <skipped>false</skipped>
          <failedSince>0</failedSince>
        </case>
        <case>
          <duration>7.614</duration>
          <className>TestRestClassMap</className>
          <testName>TestCase01.test16</testName>
          <skipped>false</skipped>
          <failedSince>0</failedSince>
        </case>
        <case>
          <duration>0.052</duration>
          <className>TestRestClassMap</className>
          <testName>TestCase01.test17</testName>
          <skipped>false</skipped>
          <failedSince>0</failedSince>
        </case>
        <case>
          <duration>0.05</duration>
          <className>TestRestClassMap</className>
          <testName>TestCase01.test18</testName>
          <skipped>false</skipped>
          <failedSince>0</failedSince>
        </case>
        <case>
          <duration>0.014</duration>
          <className>TestRestClassMap</className>
          <testName>TestCase01.test19</testName>
          <skipped>false</skipped>
          <failedSince>0</failedSince>
        </case>
        <case>
          <duration>0.176</duration>
          <className>TestRestClassMap</className>
          <testName>TestCase01.test20</testName>
          <skipped>false</skipped>
          <failedSince>0</failedSince>
        </case>
        <case>
          <duration>0.046</duration>
          <className>TestRestClassMap</className>
          <testName>TestCase01.test21</testName>
          <skipped>false</skipped>
          <failedSince>0</failedSince>
        </case>
      </cases>
    </suite>
    <suite>
      <file>/home/jenkins/workspace/Backend/CMC@13/test-results/TEST-cli-TestProbe.xml</file>
      <name>cli.TestProbe</name>
      <stdout>Clearing host config ...
..Test skipped on the Central Manager
.......Test skipped on the Central Manager
.Test skipped on the Central Manager
.Test skipped on the Central Manager
...Test skipped on the Central Manager
.</stdout>
      <stderr></stderr>
      <duration>25.966</duration>
      <timestamp>2019-05-07T12:40:55.399359</timestamp>
      <time>25.966</time>
      <enclosingBlocks/>
      <enclosingBlockNames/>
      <cases>
        <case>
          <duration>23.101</duration>
          <className>TestProbe</className>
          <testName>TestCase01.test00</testName>
          <skipped>false</skipped>
          <failedSince>0</failedSince>
        </case>
        <case>
          <duration>0.439</duration>
          <className>TestProbe</className>
          <testName>TestCase01.test01</testName>
          <skipped>false</skipped>
          <failedSince>0</failedSince>
        </case>
        <case>
          <duration>0.041</duration>
          <className>TestProbe</className>
          <testName>TestCase01.test02</testName>
          <skipped>false</skipped>
          <failedSince>0</failedSince>
        </case>
        <case>
          <duration>0.171</duration>
          <className>TestProbe</className>
          <testName>TestCase01.test03</testName>
          <skipped>false</skipped>
          <failedSince>0</failedSince>
        </case>
        <case>
          <duration>0.495</duration>
          <className>TestProbe</className>
          <testName>TestCase01.test04</testName>
          <skipped>false</skipped>
          <failedSince>0</failedSince>
        </case>
        <case>
          <duration>0.11</duration>
          <className>TestProbe</className>
          <testName>TestCase01.test05</testName>
          <skipped>false</skipped>
          <failedSince>0</failedSince>
        </case>
        <case>
          <duration>0.203</duration>
          <className>TestProbe</className>
          <testName>TestCase01.test06</testName>
          <skipped>false</skipped>
          <failedSince>0</failedSince>
        </case>
        <case>
          <duration>0.047</duration>
          <className>TestProbe</className>
          <testName>TestCase01.test07</testName>
          <skipped>false</skipped>
          <failedSince>0</failedSince>
        </case>
        <case>
          <duration>0.324</duration>
          <className>TestProbe</className>
          <testName>TestCase01.test08</testName>
          <skipped>false</skipped>
          <failedSince>0</failedSince>
        </case>
        <case>
          <duration>0.04</duration>
          <className>TestProbe</className>
          <testName>TestCase01.test09</testName>
          <skipped>false</skipped>
          <failedSince>0</failedSince>
        </case>
        <case>
          <duration>0.025</duration>
          <className>TestProbe</className>
          <testName>TestCase01.test10</testName>
          <skipped>false</skipped>
          <failedSince>0</failedSince>
        </case>
        <case>
          <duration>0.022</duration>
          <className>TestProbe</className>
          <testName>TestCase01.test11</testName>
          <skipped>false</skipped>
          <failedSince>0</failedSince>
        </case>
        <case>
          <duration>0.813</duration>
          <className>TestProbe</className>
          <testName>TestCase01.test12</testName>
          <skipped>false</skipped>
          <failedSince>0</failedSince>
        </case>
        <case>
          <duration>0.113</duration>
          <className>TestProbe</className>
          <testName>TestCase01.test13</testName>
          <skipped>false</skipped>
          <failedSince>0</failedSince>
        </case>
        <case>
          <duration>0.021</duration>
          <className>TestProbe</className>
          <testName>TestCase01.test99</testName>
          <skipped>false</skipped>
          <failedSince>0</failedSince>
        </case>
      </cases>
    </suite>
    <suite>
      <file>/home/jenkins/workspace/Backend/CMC@5/test-results/TEST-cli-TestLog.xml</file>
      <name>cli.TestLog</name>
      <stdout>....</stdout>
      <stderr></stderr>
      <duration>26.051</duration>
      <timestamp>2019-05-07T12:40:56.628495</timestamp>
      <time>26.051</time>
      <enclosingBlocks/>
      <enclosingBlockNames/>
      <cases>
        <case>
          <duration>23.089</duration>
          <className>TestLog</className>
          <testName>TestCase01.test01</testName>
          <skipped>false</skipped>
          <failedSince>0</failedSince>
        </case>
        <case>
          <duration>2.041</duration>
          <className>TestLog</className>
          <testName>TestCase01.test02</testName>
          <skipped>false</skipped>
          <failedSince>0</failedSince>
        </case>
        <case>
          <duration>0.914</duration>
          <className>TestLog</className>
          <testName>TestCase01.test03</testName>
          <skipped>false</skipped>
          <failedSince>0</failedSince>
        </case>
        <case>
          <duration>0.006</duration>
          <className>TestLog</className>
          <testName>TestCase01.test04</testName>
          <skipped>false</skipped>
          <failedSince>0</failedSince>
        </case>
      </cases>
    </suite>
    <suite>
      <file>/home/jenkins/workspace/Backend/CMC/test-results/TEST-cli-TestCustomDashboard.xml</file>
      <name>cli.TestCustomDashboard</name>
      <stdout>...............</stdout>
      <stderr></stderr>
      <duration>32.82</duration>
      <timestamp>2019-05-07T12:40:53.040561</timestamp>
      <time>32.820</time>
      <enclosingBlocks/>
      <enclosingBlockNames/>
      <cases>
        <case>
          <duration>22.658</duration>
          <className>TestCustomDashboard</className>
          <testName>TestCase01.test01</testName>
          <skipped>false</skipped>
          <failedSince>0</failedSince>
        </case>
        <case>
          <duration>0.159</duration>
          <className>TestCustomDashboard</className>
          <testName>TestCase01.test02</testName>
          <skipped>false</skipped>
          <failedSince>0</failedSince>
        </case>
        <case>
          <duration>0.041</duration>
          <className>TestCustomDashboard</className>
          <testName>TestCase01.test03</testName>
          <skipped>false</skipped>
          <failedSince>0</failedSince>
        </case>
        <case>
          <duration>0.067</duration>
          <className>TestCustomDashboard</className>
          <testName>TestCase01.test04</testName>
          <skipped>false</skipped>
          <failedSince>0</failedSince>
        </case>
        <case>
          <duration>0.091</duration>
          <className>TestCustomDashboard</className>
          <testName>TestCase01.test05</testName>
          <skipped>false</skipped>
          <failedSince>0</failedSince>
        </case>
        <case>
          <duration>0.222</duration>
          <className>TestCustomDashboard</className>
          <testName>TestCase01.test06</testName>
          <skipped>false</skipped>
          <failedSince>0</failedSince>
        </case>
        <case>
          <duration>0.036</duration>
          <className>TestCustomDashboard</className>
          <testName>TestCase01.test07</testName>
          <skipped>false</skipped>
          <failedSince>0</failedSince>
        </case>
        <case>
          <duration>0.146</duration>
          <className>TestCustomDashboard</className>
          <testName>TestCase01.test08</testName>
          <skipped>false</skipped>
          <failedSince>0</failedSince>
        </case>
        <case>
          <duration>0.161</duration>
          <className>TestCustomDashboard</className>
          <testName>TestCase01.test09</testName>
          <skipped>false</skipped>
          <failedSince>0</failedSince>
        </case>
        <case>
          <duration>0.112</duration>
          <className>TestCustomDashboard</className>
          <testName>TestCase01.test10</testName>
          <skipped>false</skipped>
          <failedSince>0</failedSince>
        </case>
        <case>
          <duration>0.03</duration>
          <className>TestCustomDashboard</className>
          <testName>TestCase01.test11</testName>
          <skipped>false</skipped>
          <failedSince>0</failedSince>
        </case>
        <case>
          <duration>0.074</duration>
          <className>TestCustomDashboard</className>
          <testName>TestCase01.test12</testName>
          <skipped>false</skipped>
          <failedSince>0</failedSince>
        </case>
        <case>
          <duration>0.043</duration>
          <className>TestCustomDashboard</className>
          <testName>TestCase01.test13</testName>
          <skipped>false</skipped>
          <failedSince>0</failedSince>
        </case>
        <case>
          <duration>7.524</duration>
          <className>TestCustomDashboard</className>
          <testName>TestCase02.test01</testName>
          <skipped>false</skipped>
          <failedSince>0</failedSince>
        </case>
        <case>
          <duration>1.454</duration>
          <className>TestCustomDashboard</className>
          <testName>TestCase02.test02</testName>
          <skipped>false</skipped>
          <failedSince>0</failedSince>
        </case>
      </cases>
    </suite>
    <suite>
      <file>/home/jenkins/workspace/Backend/CMC@3/test-results/TEST-cli-TestDeleteAdmin.xml</file>
      <name>cli.TestDeleteAdmin</name>
      <stdout>Clearing host config ...
....Test skipped on the Central Manager
.....</stdout>
      <stderr></stderr>
      <duration>20.367</duration>
      <timestamp>2019-05-07T12:41:21.764651</timestamp>
      <time>20.367</time>
      <enclosingBlocks/>
      <enclosingBlockNames/>
      <cases>
        <case>
          <duration>20.258</duration>
          <className>TestDeleteAdmin</className>
          <testName>TestCase01.test01</testName>
          <skipped>false</skipped>
          <failedSince>0</failedSince>
        </case>
        <case>
          <duration>0.013</duration>
          <className>TestDeleteAdmin</className>
          <testName>TestCase01.test02</testName>
          <skipped>false</skipped>
          <failedSince>0</failedSince>
        </case>
        <case>
          <duration>0.012</duration>
          <className>TestDeleteAdmin</className>
          <testName>TestCase01.test03</testName>
          <skipped>false</skipped>
          <failedSince>0</failedSince>
        </case>
        <case>
          <duration>0.012</duration>
          <className>TestDeleteAdmin</className>
          <testName>TestCase01.test04</testName>
          <skipped>false</skipped>
          <failedSince>0</failedSince>
        </case>
        <case>
          <duration>0.015</duration>
          <className>TestDeleteAdmin</className>
          <testName>TestCase01.test05</testName>
          <skipped>false</skipped>
          <failedSince>0</failedSince>
        </case>
        <case>
          <duration>0.012</duration>
          <className>TestDeleteAdmin</className>
          <testName>TestCase01.test06</testName>
          <skipped>false</skipped>
          <failedSince>0</failedSince>
        </case>
        <case>
          <duration>0.012</duration>
          <className>TestDeleteAdmin</className>
          <testName>TestCase01.test07</testName>
          <skipped>false</skipped>
          <failedSince>0</failedSince>
        </case>
        <case>
          <duration>0.0</duration>
          <className>TestDeleteAdmin</className>
          <testName>TestCase01.test08</testName>
          <skipped>false</skipped>
          <failedSince>0</failedSince>
        </case>
        <case>
          <duration>0.032</duration>
          <className>TestDeleteAdmin</className>
          <testName>TestCase01.test09</testName>
          <skipped>false</skipped>
          <failedSince>0</failedSince>
        </case>
      </cases>
    </suite>
    <suite>
      <file>/home/jenkins/workspace/Backend/CMC@3/test-results/TEST-cli-TestPolicyMap.xml</file>
      <name>cli.TestPolicyMap</name>
      <stdout>Clearing host config ...
.........Test skipped on the Central Manager
...Test skipped on the Central Manager
.Test skipped on the Central Manager
.Test skipped on the Central Manager
.Test skipped on the Central Manager
..................Test skipped on the Central Manager
....
TestCase01.test37: BQM-19209 Message based class-maps should not be offered for classes in policy-maps
..
TestCase01.test39: BQM-45273 Coredump if default class has no avaiable priority level
.
TestCase01.test40: BQM-40297 policy-default is a reserved word
.</stdout>
      <stderr></stderr>
      <duration>26.648</duration>
      <timestamp>2019-05-07T12:41:14.845431</timestamp>
      <time>26.648</time>
      <enclosingBlocks/>
      <enclosingBlockNames/>
      <cases>
        <case>
          <duration>17.547</duration>
          <className>TestPolicyMap</className>
          <testName>TestCase01.test00</testName>
          <skipped>false</skipped>
          <failedSince>0</failedSince>
        </case>
        <case>
          <duration>0.302</duration>
          <className>TestPolicyMap</className>
          <testName>TestCase01.test01</testName>
          <skipped>false</skipped>
          <failedSince>0</failedSince>
        </case>
        <case>
          <duration>0.09</duration>
          <className>TestPolicyMap</className>
          <testName>TestCase01.test02</testName>
          <skipped>false</skipped>
          <failedSince>0</failedSince>
        </case>
        <case>
          <duration>0.087</duration>
          <className>TestPolicyMap</className>
          <testName>TestCase01.test03</testName>
          <skipped>false</skipped>
          <failedSince>0</failedSince>
        </case>
        <case>
          <duration>0.1</duration>
          <className>TestPolicyMap</className>
          <testName>TestCase01.test04</testName>
          <skipped>false</skipped>
          <failedSince>0</failedSince>
        </case>
        <case>
          <duration>0.194</duration>
          <className>TestPolicyMap</className>
          <testName>TestCase01.test05</testName>
          <skipped>false</skipped>
          <failedSince>0</failedSince>
        </case>
        <case>
          <duration>0.188</duration>
          <className>TestPolicyMap</className>
          <testName>TestCase01.test06</testName>
          <skipped>false</skipped>
          <failedSince>0</failedSince>
        </case>
        <case>
          <duration>0.094</duration>
          <className>TestPolicyMap</className>
          <testName>TestCase01.test07</testName>
          <skipped>false</skipped>
          <failedSince>0</failedSince>
        </case>
        <case>
          <duration>0.15</duration>
          <className>TestPolicyMap</className>
          <testName>TestCase01.test08</testName>
          <skipped>false</skipped>
          <failedSince>0</failedSince>
        </case>
        <case>
          <duration>0.038</duration>
          <className>TestPolicyMap</className>
          <testName>TestCase01.test09</testName>
          <skipped>false</skipped>
          <failedSince>0</failedSince>
        </case>
        <case>
          <duration>0.302</duration>
          <className>TestPolicyMap</className>
          <testName>TestCase01.test10</testName>
          <skipped>false</skipped>
          <failedSince>0</failedSince>
        </case>
        <case>
          <duration>0.229</duration>
          <className>TestPolicyMap</className>
          <testName>TestCase01.test11</testName>
          <skipped>false</skipped>
          <failedSince>0</failedSince>
        </case>
        <case>
          <duration>0.036</duration>
          <className>TestPolicyMap</className>
          <testName>TestCase01.test12</testName>
          <skipped>false</skipped>
          <failedSince>0</failedSince>
        </case>
        <case>
          <duration>0.02</duration>
          <className>TestPolicyMap</className>
          <testName>TestCase01.test13</testName>
          <skipped>false</skipped>
          <failedSince>0</failedSince>
        </case>
        <case>
          <duration>0.026</duration>
          <className>TestPolicyMap</className>
          <testName>TestCase01.test14</testName>
          <skipped>false</skipped>
          <failedSince>0</failedSince>
        </case>
        <case>
          <duration>0.022</duration>
          <className>TestPolicyMap</className>
          <testName>TestCase01.test15</testName>
          <skipped>false</skipped>
          <failedSince>0</failedSince>
        </case>
        <case>
          <duration>0.076</duration>
          <className>TestPolicyMap</className>
          <testName>TestCase01.test16</testName>
          <skipped>false</skipped>
          <failedSince>0</failedSince>
        </case>
        <case>
          <duration>0.134</duration>
          <className>TestPolicyMap</className>
          <testName>TestCase01.test17</testName>
          <skipped>false</skipped>
          <failedSince>0</failedSince>
        </case>
        <case>
          <duration>0.066</duration>
          <className>TestPolicyMap</className>
          <testName>TestCase01.test18</testName>
          <skipped>false</skipped>
          <failedSince>0</failedSince>
        </case>
        <case>
          <duration>0.099</duration>
          <className>TestPolicyMap</className>
          <testName>TestCase01.test19</testName>
          <skipped>false</skipped>
          <failedSince>0</failedSince>
        </case>
        <case>
          <duration>0.623</duration>
          <className>TestPolicyMap</className>
          <testName>TestCase01.test20</testName>
          <skipped>false</skipped>
          <failedSince>0</failedSince>
        </case>
        <case>
          <duration>0.305</duration>
          <className>TestPolicyMap</className>
          <testName>TestCase01.test21</testName>
          <skipped>false</skipped>
          <failedSince>0</failedSince>
        </case>
        <case>
          <duration>0.07</duration>
          <className>TestPolicyMap</className>
          <testName>TestCase01.test22</testName>
          <skipped>false</skipped>
          <failedSince>0</failedSince>
        </case>
        <case>
          <duration>0.367</duration>
          <className>TestPolicyMap</className>
          <testName>TestCase01.test23</testName>
          <skipped>false</skipped>
          <failedSince>0</failedSince>
        </case>
        <case>
          <duration>0.142</duration>
          <className>TestPolicyMap</className>
          <testName>TestCase01.test24</testName>
          <skipped>false</skipped>
          <failedSince>0</failedSince>
        </case>
        <case>
          <duration>0.182</duration>
          <className>TestPolicyMap</className>
          <testName>TestCase01.test25</testName>
          <skipped>false</skipped>
          <failedSince>0</failedSince>
        </case>
        <case>
          <duration>0.298</duration>
          <className>TestPolicyMap</className>
          <testName>TestCase01.test26</testName>
          <skipped>false</skipped>
          <failedSince>0</failedSince>
        </case>
        <case>
          <duration>0.191</duration>
          <className>TestPolicyMap</className>
          <testName>TestCase01.test27</testName>
          <skipped>false</skipped>
          <failedSince>0</failedSince>
        </case>
        <case>
          <duration>0.2</duration>
          <className>TestPolicyMap</className>
          <testName>TestCase01.test28</testName>
          <skipped>false</skipped>
          <failedSince>0</failedSince>
        </case>
        <case>
          <duration>0.623</duration>
          <className>TestPolicyMap</className>
          <testName>TestCase01.test29</testName>
          <skipped>false</skipped>
          <failedSince>0</failedSince>
        </case>
        <case>
          <duration>0.501</duration>
          <className>TestPolicyMap</className>
          <testName>TestCase01.test30</testName>
          <skipped>false</skipped>
          <failedSince>0</failedSince>
        </case>
        <case>
          <duration>0.691</duration>
          <className>TestPolicyMap</className>
          <testName>TestCase01.test31</testName>
          <skipped>false</skipped>
          <failedSince>0</failedSince>
        </case>
        <case>
          <duration>0.235</duration>
          <className>TestPolicyMap</className>
          <testName>TestCase01.test32</testName>
          <skipped>false</skipped>
          <failedSince>0</failedSince>
        </case>
        <case>
          <duration>0.072</duration>
          <className>TestPolicyMap</className>
          <testName>TestCase01.test33</testName>
          <skipped>false</skipped>
          <failedSince>0</failedSince>
        </case>
        <case>
          <duration>0.521</duration>
          <className>TestPolicyMap</className>
          <testName>TestCase01.test34</testName>
          <skipped>false</skipped>
          <failedSince>0</failedSince>
        </case>
        <case>
          <duration>0.249</duration>
          <className>TestPolicyMap</className>
          <testName>TestCase01.test35</testName>
          <skipped>false</skipped>
          <failedSince>0</failedSince>
        </case>
        <case>
          <duration>0.034</duration>
          <className>TestPolicyMap</className>
          <testName>TestCase01.test36</testName>
          <skipped>false</skipped>
          <failedSince>0</failedSince>
        </case>
        <case>
          <duration>0.202</duration>
          <className>TestPolicyMap</className>
          <testName>TestCase01.test37</testName>
          <skipped>false</skipped>
          <failedSince>0</failedSince>
        </case>
        <case>
          <duration>0.038</duration>
          <className>TestPolicyMap</className>
          <testName>TestCase01.test38</testName>
          <skipped>false</skipped>
          <failedSince>0</failedSince>
        </case>
        <case>
          <duration>1.26</duration>
          <className>TestPolicyMap</className>
          <testName>TestCase01.test39</testName>
          <skipped>false</skipped>
          <failedSince>0</failedSince>
        </case>
        <case>
          <duration>0.035</duration>
          <className>TestPolicyMap</className>
          <testName>TestCase01.test40</testName>
          <skipped>false</skipped>
          <failedSince>0</failedSince>
        </case>
      </cases>
    </suite>
    <suite>
      <file>/home/jenkins/workspace/Backend/CMC/test-results/TEST-cli-TestTacacsAccounting.xml</file>
      <name>cli.TestTacacsAccounting</name>
      <stdout>Closing retry #0
.Test test02 skipped in sandbox
.Test test03 skipped in sandbox
.Test test04 skipped in sandbox
..Test test02 skipped in sandbox
.Test test03 skipped in sandbox
..Test test05 skipped in sandbox
.Test test06 skipped in sandbox
..</stdout>
      <stderr></stderr>
      <duration>44.771</duration>
      <timestamp>2019-05-07T12:40:59.049114</timestamp>
      <time>44.771</time>
      <enclosingBlocks/>
      <enclosingBlockNames/>
      <cases>
        <case>
          <duration>18.611</duration>
          <className>TestTacacsAccounting</className>
          <testName>TestCase01.test01</testName>
          <skipped>false</skipped>
          <failedSince>0</failedSince>
        </case>
        <case>
          <duration>0.0</duration>
          <className>TestTacacsAccounting</className>
          <testName>TestCase01.test02</testName>
          <skipped>false</skipped>
          <failedSince>0</failedSince>
        </case>
        <case>
          <duration>0.0</duration>
          <className>TestTacacsAccounting</className>
          <testName>TestCase01.test03</testName>
          <skipped>false</skipped>
          <failedSince>0</failedSince>
        </case>
        <case>
          <duration>0.0</duration>
          <className>TestTacacsAccounting</className>
          <testName>TestCase01.test04</testName>
          <skipped>false</skipped>
          <failedSince>0</failedSince>
        </case>
        <case>
          <duration>7.287</duration>
          <className>TestTacacsAccounting</className>
          <testName>TestCase02.test01</testName>
          <skipped>false</skipped>
          <failedSince>0</failedSince>
        </case>
        <case>
          <duration>0.0</duration>
          <className>TestTacacsAccounting</className>
          <testName>TestCase02.test02</testName>
          <skipped>false</skipped>
          <failedSince>0</failedSince>
        </case>
        <case>
          <duration>0.0</duration>
          <className>TestTacacsAccounting</className>
          <testName>TestCase02.test03</testName>
          <skipped>false</skipped>
          <failedSince>0</failedSince>
        </case>
        <case>
          <duration>6.307</duration>
          <className>TestTacacsAccounting</className>
          <testName>TestCase02.test04</testName>
          <skipped>false</skipped>
          <failedSince>0</failedSince>
        </case>
        <case>
          <duration>0.0</duration>
          <className>TestTacacsAccounting</className>
          <testName>TestCase02.test05</testName>
          <skipped>false</skipped>
          <failedSince>0</failedSince>
        </case>
        <case>
          <duration>0.0</duration>
          <className>TestTacacsAccounting</className>
          <testName>TestCase02.test06</testName>
          <skipped>false</skipped>
          <failedSince>0</failedSince>
        </case>
        <case>
          <duration>12.563</duration>
          <className>TestTacacsAccounting</className>
          <testName>TestCase02.test07</testName>
          <skipped>false</skipped>
          <failedSince>0</failedSince>
        </case>
      </cases>
    </suite>
    <suite>
      <file>/home/jenkins/workspace/Backend/CMC@2/test-results/TEST-cli-TestCopyLocal.xml</file>
      <name>cli.TestCopyLocal</name>
      <stdout>......
TestCase01.test05: Check that config users can not use replace-config to bypass config-only restrictions
.....Test skipped on the Central Manager
..
TestCase02.test08: BQM-30245 test that replace-config shows each warning only once.
Test skipped on the Central Manager
.
TestCase02.test09
Test skipped on the Central Manager
..Test skipped on the Central Manager
.Test skipped on the Central Manager
.....Test test08 skipped in sandbox
.Test test09 skipped in sandbox
.Test test10 skipped in sandbox
.Test test11 skipped in sandbox
..........Test skipped on the Central Manager
.
TestCase06.test09: Copy config file name rotation does not count Dashboard config files
.Test skipped on the Central Manager
.Test skipped on the Central Manager
.Test skipped on the Central Manager
.
TestCase06.test13: BQM-56269 Testing exclude-child-sessions replace-config
.
TestCase06.test14: BQM-59068 Testing replace-config fails when there are permit-session-id and session name have spaces
.</stdout>
      <stderr></stderr>
      <duration>324.71</duration>
      <timestamp>2019-05-07T12:36:19.854953</timestamp>
      <time>324.710</time>
      <enclosingBlocks/>
      <enclosingBlockNames/>
      <cases>
        <case>
          <duration>14.523</duration>
          <className>TestCopyLocal</className>
          <testName>TestCase01.test00</testName>
          <skipped>false</skipped>
          <failedSince>0</failedSince>
        </case>
        <case>
          <duration>0.054</duration>
          <className>TestCopyLocal</className>
          <testName>TestCase01.test01</testName>
          <skipped>false</skipped>
          <failedSince>0</failedSince>
        </case>
        <case>
          <duration>0.086</duration>
          <className>TestCopyLocal</className>
          <testName>TestCase01.test02</testName>
          <skipped>false</skipped>
          <failedSince>0</failedSince>
        </case>
        <case>
          <duration>0.021</duration>
          <className>TestCopyLocal</className>
          <testName>TestCase01.test02a</testName>
          <skipped>false</skipped>
          <failedSince>0</failedSince>
        </case>
        <case>
          <duration>16.721</duration>
          <className>TestCopyLocal</className>
          <testName>TestCase01.test03</testName>
          <skipped>false</skipped>
          <failedSince>0</failedSince>
        </case>
        <case>
          <duration>12.366</duration>
          <className>TestCopyLocal</className>
          <testName>TestCase01.test04</testName>
          <skipped>false</skipped>
          <failedSince>0</failedSince>
        </case>
        <case>
          <duration>8.649</duration>
          <className>TestCopyLocal</className>
          <testName>TestCase01.test05</testName>
          <skipped>false</skipped>
          <failedSince>0</failedSince>
        </case>
        <case>
          <duration>7.701</duration>
          <className>TestCopyLocal</className>
          <testName>TestCase02.test01</testName>
          <skipped>false</skipped>
          <failedSince>0</failedSince>
        </case>
        <case>
          <duration>0.093</duration>
          <className>TestCopyLocal</className>
          <testName>TestCase02.test02</testName>
          <skipped>false</skipped>
          <failedSince>0</failedSince>
        </case>
        <case>
          <duration>0.05</duration>
          <className>TestCopyLocal</className>
          <testName>TestCase02.test04</testName>
          <skipped>false</skipped>
          <failedSince>0</failedSince>
        </case>
        <case>
          <duration>0.268</duration>
          <className>TestCopyLocal</className>
          <testName>TestCase02.test05</testName>
          <skipped>false</skipped>
          <failedSince>0</failedSince>
        </case>
        <case>
          <duration>0.046</duration>
          <className>TestCopyLocal</className>
          <testName>TestCase02.test06</testName>
          <skipped>false</skipped>
          <failedSince>0</failedSince>
        </case>
        <case>
          <duration>18.189</duration>
          <className>TestCopyLocal</className>
          <testName>TestCase02.test07</testName>
          <skipped>false</skipped>
          <failedSince>0</failedSince>
        </case>
        <case>
          <duration>0.069</duration>
          <className>TestCopyLocal</className>
          <testName>TestCase02.test08</testName>
          <skipped>false</skipped>
          <failedSince>0</failedSince>
        </case>
        <case>
          <duration>0.035</duration>
          <className>TestCopyLocal</className>
          <testName>TestCase02.test09</testName>
          <skipped>false</skipped>
          <failedSince>0</failedSince>
        </case>
        <case>
          <duration>18.719</duration>
          <className>TestCopyLocal</className>
          <testName>TestCase05.test01</testName>
          <skipped>false</skipped>
          <failedSince>0</failedSince>
        </case>
        <case>
          <duration>0.038</duration>
          <className>TestCopyLocal</className>
          <testName>TestCase05.test02</testName>
          <skipped>false</skipped>
          <failedSince>0</failedSince>
        </case>
        <case>
          <duration>0.026</duration>
          <className>TestCopyLocal</className>
          <testName>TestCase05.test03</testName>
          <skipped>false</skipped>
          <failedSince>0</failedSince>
        </case>
        <case>
          <duration>0.067</duration>
          <className>TestCopyLocal</className>
          <testName>TestCase05.test04</testName>
          <skipped>false</skipped>
          <failedSince>0</failedSince>
        </case>
        <case>
          <duration>3.871</duration>
          <className>TestCopyLocal</className>
          <testName>TestCase05.test05</testName>
          <skipped>false</skipped>
          <failedSince>0</failedSince>
        </case>
        <case>
          <duration>2.099</duration>
          <className>TestCopyLocal</className>
          <testName>TestCase05.test06</testName>
          <skipped>false</skipped>
          <failedSince>0</failedSince>
        </case>
        <case>
          <duration>2.306</duration>
          <className>TestCopyLocal</className>
          <testName>TestCase05.test07</testName>
          <skipped>false</skipped>
          <failedSince>0</failedSince>
        </case>
        <case>
          <duration>0.001</duration>
          <className>TestCopyLocal</className>
          <testName>TestCase05.test08</testName>
          <skipped>false</skipped>
          <failedSince>0</failedSince>
        </case>
        <case>
          <duration>0.0</duration>
          <className>TestCopyLocal</className>
          <testName>TestCase05.test09</testName>
          <skipped>false</skipped>
          <failedSince>0</failedSince>
        </case>
        <case>
          <duration>0.0</duration>
          <className>TestCopyLocal</className>
          <testName>TestCase05.test10</testName>
          <skipped>false</skipped>
          <failedSince>0</failedSince>
        </case>
        <case>
          <duration>0.0</duration>
          <className>TestCopyLocal</className>
          <testName>TestCase05.test11</testName>
          <skipped>false</skipped>
          <failedSince>0</failedSince>
        </case>
        <case>
          <duration>6.66</duration>
          <className>TestCopyLocal</className>
          <testName>TestCase05.test12</testName>
          <skipped>false</skipped>
          <failedSince>0</failedSince>
        </case>
        <case>
          <duration>0.02</duration>
          <className>TestCopyLocal</className>
          <testName>TestCase05.test13</testName>
          <skipped>false</skipped>
          <failedSince>0</failedSince>
        </case>
        <case>
          <duration>49.78</duration>
          <className>TestCopyLocal</className>
          <testName>TestCase06.test01</testName>
          <skipped>false</skipped>
          <failedSince>0</failedSince>
        </case>
        <case>
          <duration>18.45</duration>
          <className>TestCopyLocal</className>
          <testName>TestCase06.test02</testName>
          <skipped>false</skipped>
          <failedSince>0</failedSince>
        </case>
        <case>
          <duration>1.123</duration>
          <className>TestCopyLocal</className>
          <testName>TestCase06.test03</testName>
          <skipped>false</skipped>
          <failedSince>0</failedSince>
        </case>
        <case>
          <duration>18.622</duration>
          <className>TestCopyLocal</className>
          <testName>TestCase06.test04</testName>
          <skipped>false</skipped>
          <failedSince>0</failedSince>
        </case>
        <case>
          <duration>20.735</duration>
          <className>TestCopyLocal</className>
          <testName>TestCase06.test05</testName>
          <skipped>false</skipped>
          <failedSince>0</failedSince>
        </case>
        <case>
          <duration>27.05</duration>
          <className>TestCopyLocal</className>
          <testName>TestCase06.test06</testName>
          <skipped>false</skipped>
          <failedSince>0</failedSince>
        </case>
        <case>
          <duration>37.046</duration>
          <className>TestCopyLocal</className>
          <testName>TestCase06.test07</testName>
          <skipped>false</skipped>
          <failedSince>0</failedSince>
        </case>
        <case>
          <duration>0.059</duration>
          <className>TestCopyLocal</className>
          <testName>TestCase06.test08</testName>
          <skipped>false</skipped>
          <failedSince>0</failedSince>
        </case>
        <case>
          <duration>13.133</duration>
          <className>TestCopyLocal</className>
          <testName>TestCase06.test09</testName>
          <skipped>false</skipped>
          <failedSince>0</failedSince>
        </case>
        <case>
          <duration>0.034</duration>
          <className>TestCopyLocal</className>
          <testName>TestCase06.test10</testName>
          <skipped>false</skipped>
          <failedSince>0</failedSince>
        </case>
        <case>
          <duration>0.016</duration>
          <className>TestCopyLocal</className>
          <testName>TestCase06.test11</testName>
          <skipped>false</skipped>
          <failedSince>0</failedSince>
        </case>
        <case>
          <duration>0.02</duration>
          <className>TestCopyLocal</className>
          <testName>TestCase06.test12</testName>
          <skipped>false</skipped>
          <failedSince>0</failedSince>
        </case>
        <case>
          <duration>10.244</duration>
          <className>TestCopyLocal</className>
          <testName>TestCase06.test13</testName>
          <skipped>false</skipped>
          <failedSince>0</failedSince>
        </case>
        <case>
          <duration>15.715</duration>
          <className>TestCopyLocal</className>
          <testName>TestCase06.test14</testName>
          <skipped>false</skipped>
          <failedSince>0</failedSince>
        </case>
      </cases>
    </suite>
    <suite>
      <file>/home/jenkins/workspace/Backend/CMC@2/test-results/TEST-cli-TestMultihopViews.xml</file>
      <name>cli.TestMultihopViews</name>
      <stdout>TestCase01.test01_multihop_connections
.TestCase01.test02_class_matching_classname
.TestCase01.test03_two_cne_target_pnqm_connection
.TestCase01.test04_test_lmc_connections
.</stdout>
      <stderr></stderr>
      <duration>120.258</duration>
      <timestamp>2019-05-07T12:39:46.863331</timestamp>
      <time>120.258</time>
      <enclosingBlocks/>
      <enclosingBlockNames/>
      <cases>
        <case>
          <duration>51.154</duration>
          <className>TestMultihopViews</className>
          <testName>TestCase01.test01_multihop_connections</testName>
          <skipped>false</skipped>
          <failedSince>0</failedSince>
        </case>
        <case>
          <duration>17.851</duration>
          <className>TestMultihopViews</className>
          <testName>TestCase01.test02_class_matching_classname</testName>
          <skipped>false</skipped>
          <failedSince>0</failedSince>
        </case>
        <case>
          <duration>11.621</duration>
          <className>TestMultihopViews</className>
          <testName>TestCase01.test03_two_cne_target_pnqm_connection</testName>
          <skipped>false</skipped>
          <failedSince>0</failedSince>
        </case>
        <case>
          <duration>39.632</duration>
          <className>TestMultihopViews</className>
          <testName>TestCase01.test04_test_lmc_connections</testName>
          <skipped>false</skipped>
          <failedSince>0</failedSince>
        </case>
      </cases>
    </suite>
    <suite>
      <file>/home/jenkins/workspace/Backend/CMC@6/test-results/TEST-cli-TestEndpoint.xml</file>
      <name>cli.TestEndpoint</name>
      <stdout>Clearing host config ...
.................Test skipped on the Central Manager
....
TestCase01.test22: BQM-18140: Improperly scaped subnets names
Test skipped on the Central Manager
.
TestCase01.test23: System limit on the number of subnets inside a subnet-group
.
TestCase01.test24: BQM-55332 Config merger fails for subnets matching other subnets if we are close to the subnet limit
.</stdout>
      <stderr></stderr>
      <duration>56.857</duration>
      <timestamp>2019-05-07T12:40:45.004938</timestamp>
      <time>56.857</time>
      <enclosingBlocks/>
      <enclosingBlockNames/>
      <cases>
        <case>
          <duration>39.192</duration>
          <className>TestEndpoint</className>
          <testName>TestCase01.test01</testName>
          <skipped>false</skipped>
          <failedSince>0</failedSince>
        </case>
        <case>
          <duration>0.071</duration>
          <className>TestEndpoint</className>
          <testName>TestCase01.test02</testName>
          <skipped>false</skipped>
          <failedSince>0</failedSince>
        </case>
        <case>
          <duration>0.038</duration>
          <className>TestEndpoint</className>
          <testName>TestCase01.test03</testName>
          <skipped>false</skipped>
          <failedSince>0</failedSince>
        </case>
        <case>
          <duration>0.061</duration>
          <className>TestEndpoint</className>
          <testName>TestCase01.test04</testName>
          <skipped>false</skipped>
          <failedSince>0</failedSince>
        </case>
        <case>
          <duration>0.086</duration>
          <className>TestEndpoint</className>
          <testName>TestCase01.test05</testName>
          <skipped>false</skipped>
          <failedSince>0</failedSince>
        </case>
        <case>
          <duration>0.086</duration>
          <className>TestEndpoint</className>
          <testName>TestCase01.test06</testName>
          <skipped>false</skipped>
          <failedSince>0</failedSince>
        </case>
        <case>
          <duration>0.12</duration>
          <className>TestEndpoint</className>
          <testName>TestCase01.test07</testName>
          <skipped>false</skipped>
          <failedSince>0</failedSince>
        </case>
        <case>
          <duration>0.038</duration>
          <className>TestEndpoint</className>
          <testName>TestCase01.test08</testName>
          <skipped>false</skipped>
          <failedSince>0</failedSince>
        </case>
        <case>
          <duration>0.063</duration>
          <className>TestEndpoint</className>
          <testName>TestCase01.test09</testName>
          <skipped>false</skipped>
          <failedSince>0</failedSince>
        </case>
        <case>
          <duration>0.07</duration>
          <className>TestEndpoint</className>
          <testName>TestCase01.test10</testName>
          <skipped>false</skipped>
          <failedSince>0</failedSince>
        </case>
        <case>
          <duration>0.04</duration>
          <className>TestEndpoint</className>
          <testName>TestCase01.test11</testName>
          <skipped>false</skipped>
          <failedSince>0</failedSince>
        </case>
        <case>
          <duration>8.383</duration>
          <className>TestEndpoint</className>
          <testName>TestCase01.test12</testName>
          <skipped>false</skipped>
          <failedSince>0</failedSince>
        </case>
        <case>
          <duration>0.023</duration>
          <className>TestEndpoint</className>
          <testName>TestCase01.test13</testName>
          <skipped>false</skipped>
          <failedSince>0</failedSince>
        </case>
        <case>
          <duration>0.023</duration>
          <className>TestEndpoint</className>
          <testName>TestCase01.test14</testName>
          <skipped>false</skipped>
          <failedSince>0</failedSince>
        </case>
        <case>
          <duration>0.02</duration>
          <className>TestEndpoint</className>
          <testName>TestCase01.test15</testName>
          <skipped>false</skipped>
          <failedSince>0</failedSince>
        </case>
        <case>
          <duration>0.042</duration>
          <className>TestEndpoint</className>
          <testName>TestCase01.test16</testName>
          <skipped>false</skipped>
          <failedSince>0</failedSince>
        </case>
        <case>
          <duration>0.089</duration>
          <className>TestEndpoint</className>
          <testName>TestCase01.test17</testName>
          <skipped>false</skipped>
          <failedSince>0</failedSince>
        </case>
        <case>
          <duration>0.018</duration>
          <className>TestEndpoint</className>
          <testName>TestCase01.test18</testName>
          <skipped>false</skipped>
          <failedSince>0</failedSince>
        </case>
        <case>
          <duration>0.392</duration>
          <className>TestEndpoint</className>
          <testName>TestCase01.test19</testName>
          <skipped>false</skipped>
          <failedSince>0</failedSince>
        </case>
        <case>
          <duration>0.052</duration>
          <className>TestEndpoint</className>
          <testName>TestCase01.test20</testName>
          <skipped>false</skipped>
          <failedSince>0</failedSince>
        </case>
        <case>
          <duration>0.109</duration>
          <className>TestEndpoint</className>
          <testName>TestCase01.test21</testName>
          <skipped>false</skipped>
          <failedSince>0</failedSince>
        </case>
        <case>
          <duration>0.014</duration>
          <className>TestEndpoint</className>
          <testName>TestCase01.test22</testName>
          <skipped>false</skipped>
          <failedSince>0</failedSince>
        </case>
        <case>
          <duration>0.176</duration>
          <className>TestEndpoint</className>
          <testName>TestCase01.test23</testName>
          <skipped>false</skipped>
          <failedSince>0</failedSince>
        </case>
        <case>
          <duration>7.647</duration>
          <className>TestEndpoint</className>
          <testName>TestCase01.test24</testName>
          <skipped>false</skipped>
          <failedSince>0</failedSince>
        </case>
      </cases>
    </suite>
    <suite>
      <file>/home/jenkins/workspace/Backend/CMC@3/test-results/TEST-cli-TestPing.xml</file>
      <name>cli.TestPing</name>
      <stdout>....</stdout>
      <stderr></stderr>
      <duration>33.315</duration>
      <timestamp>2019-05-07T12:41:21.501264</timestamp>
      <time>33.315</time>
      <enclosingBlocks/>
      <enclosingBlockNames/>
      <cases>
        <case>
          <duration>25.259</duration>
          <className>TestPing</className>
          <testName>TestCase01.test01</testName>
          <skipped>false</skipped>
          <failedSince>0</failedSince>
        </case>
        <case>
          <duration>2.017</duration>
          <className>TestPing</className>
          <testName>TestCase01.test02</testName>
          <skipped>false</skipped>
          <failedSince>0</failedSince>
        </case>
        <case>
          <duration>0.026</duration>
          <className>TestPing</className>
          <testName>TestCase01.test03</testName>
          <skipped>false</skipped>
          <failedSince>0</failedSince>
        </case>
        <case>
          <duration>6.013</duration>
          <className>TestPing</className>
          <testName>TestCase01.test04</testName>
          <skipped>false</skipped>
          <failedSince>0</failedSince>
        </case>
      </cases>
    </suite>
    <suite>
      <file>/home/jenkins/workspace/Backend/CMC@11/test-results/TEST-cli-TestLicense.xml</file>
      <name>cli.TestLicense</name>
      <stdout>..Test skipped on the Central Manager
.............Test skipped on the Central Manager
.Test skipped on the Central Manager
.Test skipped on the Central Manager
...Test skipped on the Central Manager
.Test skipped on the Central Manager
..........Test skipped on the Central Manager
....Test skipped on the Central Manager
.Test skipped on the Central Manager
.Test skipped on the Central Manager
.Test skipped on the Central Manager
.Test skipped on the Central Manager
.Test skipped on the Central 
...[truncated 24 chars]...
 the Central Manager
.Test skipped on the Central Manager
.Test skipped on the Central Manager
.Test skipped on the Central Manager
.Test skipped on the Central Manager
.Test skipped on the Central Manager
.Test skipped on the Central Manager
.Test skipped on the Central Manager
...Test skipped on the Central Manager
....
TestCase08.test01: Test that errors in supplementary license files are shown once per file only
....Test skipped on the Central Manager
..Test skipped on the Central Manager
..</stdout>
      <stderr></stderr>
      <duration>383.017</duration>
      <timestamp>2019-05-07T12:35:36.296329</timestamp>
      <time>383.017</time>
      <enclosingBlocks/>
      <enclosingBlockNames/>
      <cases>
        <case>
          <duration>23.589</duration>
          <className>TestLicense</className>
          <testName>TestCase01.test01</testName>
          <skipped>false</skipped>
          <failedSince>0</failedSince>
        </case>
        <case>
          <duration>7.721</duration>
          <className>TestLicense</className>
          <testName>TestCase01.test02</testName>
          <skipped>false</skipped>
          <failedSince>0</failedSince>
        </case>
        <case>
          <duration>0.033</duration>
          <className>TestLicense</className>
          <testName>TestCase01.test03</testName>
          <skipped>false</skipped>
          <failedSince>0</failedSince>
        </case>
        <case>
          <duration>8.554</duration>
          <className>TestLicense</className>
          <testName>TestCase01.test04</testName>
          <skipped>false</skipped>
          <failedSince>0</failedSince>
        </case>
        <case>
          <duration>7.118</duration>
          <className>TestLicense</className>
          <testName>TestCase01.test05</testName>
          <skipped>false</skipped>
          <failedSince>0</failedSince>
        </case>
        <case>
          <duration>7.052</duration>
          <className>TestLicense</className>
          <testName>TestCase01.test06</testName>
          <skipped>false</skipped>
          <failedSince>0</failedSince>
        </case>
        <case>
          <duration>7.834</duration>
          <className>TestLicense</className>
          <testName>TestCase01.test07</testName>
          <skipped>false</skipped>
          <failedSince>0</failedSince>
        </case>
        <case>
          <duration>7.582</duration>
          <className>TestLicense</className>
          <testName>TestCase01.test08</testName>
          <skipped>false</skipped>
          <failedSince>0</failedSince>
        </case>
        <case>
          <duration>10.571</duration>
          <className>TestLicense</className>
          <testName>TestCase01.test09</testName>
          <skipped>false</skipped>
          <failedSince>0</failedSince>
        </case>
        <case>
          <duration>7.554</duration>
          <className>TestLicense</className>
          <testName>TestCase01.test10</testName>
          <skipped>false</skipped>
          <failedSince>0</failedSince>
        </case>
        <case>
          <duration>7.665</duration>
          <className>TestLicense</className>
          <testName>TestCase01.test11</testName>
          <skipped>false</skipped>
          <failedSince>0</failedSince>
        </case>
        <case>
          <duration>11.548</duration>
          <className>TestLicense</className>
          <testName>TestCase01.test12</testName>
          <skipped>false</skipped>
          <failedSince>0</failedSince>
        </case>
        <case>
          <duration>17.511</duration>
          <className>TestLicense</className>
          <testName>TestCase01.test13</testName>
          <skipped>false</skipped>
          <failedSince>0</failedSince>
        </case>
        <case>
          <duration>47.529</duration>
          <className>TestLicense</className>
          <testName>TestCase01.test14</testName>
          <skipped>false</skipped>
          <failedSince>0</failedSince>
        </case>
        <case>
          <duration>13.117</duration>
          <className>TestLicense</className>
          <testName>TestCase01.test15</testName>
          <skipped>false</skipped>
          <failedSince>0</failedSince>
        </case>
        <case>
          <duration>0.025</duration>
          <className>TestLicense</className>
          <testName>TestCase01.test16</testName>
          <skipped>false</skipped>
          <failedSince>0</failedSince>
        </case>
        <case>
          <duration>0.016</duration>
          <className>TestLicense</className>
          <testName>TestCase01.test17</testName>
          <skipped>false</skipped>
          <failedSince>0</failedSince>
        </case>
        <case>
          <duration>0.016</duration>
          <className>TestLicense</className>
          <testName>TestCase01.test18</testName>
          <skipped>false</skipped>
          <failedSince>0</failedSince>
        </case>
        <case>
          <duration>4.138</duration>
          <className>TestLicense</className>
          <testName>TestCase01.test19</testName>
          <skipped>false</skipped>
          <failedSince>0</failedSince>
        </case>
        <case>
          <duration>3.319</duration>
          <className>TestLicense</className>
          <testName>TestCase01.test20</testName>
          <skipped>false</skipped>
          <failedSince>0</failedSince>
        </case>
        <case>
          <duration>0.02</duration>
          <className>TestLicense</className>
          <testName>TestCase01.test21</testName>
          <skipped>false</skipped>
          <failedSince>0</failedSince>
        </case>
        <case>
          <duration>0.018</duration>
          <className>TestLicense</className>
          <testName>TestCase01.test22</testName>
          <skipped>false</skipped>
          <failedSince>0</failedSince>
        </case>
        <case>
          <duration>9.914</duration>
          <className>TestLicense</className>
          <testName>TestCase02.test01</testName>
          <skipped>false</skipped>
          <failedSince>0</failedSince>
        </case>
        <case>
          <duration>7.861</duration>
          <className>TestLicense</className>
          <testName>TestCase02.test02</testName>
          <skipped>false</skipped>
          <failedSince>0</failedSince>
        </case>
        <case>
          <duration>8.763</duration>
          <className>TestLicense</className>
          <testName>TestCase02.test03</testName>
          <skipped>false</skipped>
          <failedSince>0</failedSince>
        </case>
        <case>
          <duration>15.458</duration>
          <className>TestLicense</className>
          <testName>TestCase02.test04</testName>
          <skipped>false</skipped>
          <failedSince>0</failedSince>
        </case>
        <case>
          <duration>7.935</duration>
          <className>TestLicense</className>
          <testName>TestCase02.test05</testName>
          <skipped>false</skipped>
          <failedSince>0</failedSince>
        </case>
        <case>
          <duration>8.353</duration>
          <className>TestLicense</className>
          <testName>TestCase02.test06</testName>
          <skipped>false</skipped>
          <failedSince>0</failedSince>
        </case>
        <case>
          <duration>8.264</duration>
          <className>TestLicense</className>
          <testName>TestCase02.test07</testName>
          <skipped>false</skipped>
          <failedSince>0</failedSince>
        </case>
        <case>
          <duration>15.907</duration>
          <className>TestLicense</className>
          <testName>TestCase02.test08</testName>
          <skipped>false</skipped>
          <failedSince>0</failedSince>
        </case>
        <case>
          <duration>15.335</duration>
          <className>TestLicense</className>
          <testName>TestCase02.test09</testName>
          <skipped>false</skipped>
          <failedSince>0</failedSince>
        </case>
        <case>
          <duration>0.019</duration>
          <className>TestLicense</className>
          <testName>TestCase02.test10</testName>
          <skipped>false</skipped>
          <failedSince>0</failedSince>
        </case>
        <case>
          <duration>14.612</duration>
          <className>TestLicense</className>
          <testName>TestCase02.test11</testName>
          <skipped>false</skipped>
          <failedSince>0</failedSince>
        </case>
        <case>
          <duration>10.986</duration>
          <className>TestLicense</className>
          <testName>TestCase02.test12</testName>
          <skipped>false</skipped>
          <failedSince>0</failedSince>
        </case>
        <case>
          <duration>0.01</duration>
          <className>TestLicense</className>
          <testName>TestCase03.test01</testName>
          <skipped>false</skipped>
          <failedSince>0</failedSince>
        </case>
        <case>
          <duration>0.0</duration>
          <className>TestLicense</className>
          <testName>TestCase04.test01</testName>
          <skipped>false</skipped>
          <failedSince>0</failedSince>
        </case>
        <case>
          <duration>0.0</duration>
          <className>TestLicense</className>
          <testName>TestCase04.test02</testName>
          <skipped>false</skipped>
          <failedSince>0</failedSince>
        </case>
        <case>
          <duration>0.0</duration>
          <className>TestLicense</className>
          <testName>TestCase04.test03</testName>
          <skipped>false</skipped>
          <failedSince>0</failedSince>
        </case>
        <case>
          <duration>0.0</duration>
          <className>TestLicense</className>
          <testName>TestCase04.test04</testName>
          <skipped>false</skipped>
          <failedSince>0</failedSince>
        </case>
        <case>
          <duration>0.0</duration>
          <className>TestLicense</className>
          <testName>TestCase05.test01</testName>
          <skipped>false</skipped>
          <failedSince>0</failedSince>
        </case>
        <case>
          <duration>0.0</duration>
          <className>TestLicense</className>
          <testName>TestCase05.test02</testName>
          <skipped>false</skipped>
          <failedSince>0</failedSince>
        </case>
        <case>
          <duration>0.0</duration>
          <className>TestLicense</className>
          <testName>TestCase05.test03</testName>
          <skipped>false</skipped>
          <failedSince>0</failedSince>
        </case>
        <case>
          <duration>0.0</duration>
          <className>TestLicense</className>
          <testName>TestCase06.test01</testName>
          <skipped>false</skipped>
          <failedSince>0</failedSince>
        </case>
        <case>
          <duration>0.0</duration>
          <className>TestLicense</className>
          <testName>TestCase06.test02</testName>
          <skipped>false</skipped>
          <failedSince>0</failedSince>
        </case>
        <case>
          <duration>0.0</duration>
          <className>TestLicense</className>
          <testName>TestCase06.test03</testName>
          <skipped>false</skipped>
          <failedSince>0</failedSince>
        </case>
        <case>
          <duration>0.0</duration>
          <className>TestLicense</className>
          <testName>TestCase06.test04</testName>
          <skipped>false</skipped>
          <failedSince>0</failedSince>
        </case>
        <case>
          <duration>0.0</duration>
          <className>TestLicense</className>
          <testName>TestCase06.test05</testName>
          <skipped>false</skipped>
          <failedSince>0</failedSince>
        </case>
        <case>
          <duration>0.0</duration>
          <className>TestLicense</className>
          <testName>TestCase06.test06</testName>
          <skipped>false</skipped>
          <failedSince>0</failedSince>
        </case>
        <case>
          <duration>0.0</duration>
          <className>TestLicense</className>
          <testName>TestCase06.test07</testName>
          <skipped>false</skipped>
          <failedSince>0</failedSince>
        </case>
        <case>
          <duration>9.666</duration>
          <className>TestLicense</className>
          <testName>TestCase07.test01</testName>
          <skipped>false</skipped>
          <failedSince>0</failedSince>
        </case>
        <case>
          <duration>6.943</duration>
          <className>TestLicense</className>
          <testName>TestCase07.test02</testName>
          <skipped>false</skipped>
          <failedSince>0</failedSince>
        </case>
        <case>
          <duration>0.034</duration>
          <className>TestLicense</className>
          <testName>TestCase07.test03</testName>
          <skipped>false</skipped>
          <failedSince>0</failedSince>
        </case>
        <case>
          <duration>6.876</duration>
          <className>TestLicense</className>
          <testName>TestCase07.test04</testName>
          <skipped>false</skipped>
          <failedSince>0</failedSince>
        </case>
        <case>
          <duration>3.945</duration>
          <className>TestLicense</className>
          <testName>TestCase07.test05</testName>
          <skipped>false</skipped>
          <failedSince>0</failedSince>
        </case>
        <case>
          <duration>6.828</duration>
          <className>TestLicense</className>
          <testName>TestCase07.test06</testName>
          <skipped>false</skipped>
          <failedSince>0</failedSince>
        </case>
        <case>
          <duration>7.62</duration>
          <className>TestLicense</className>
          <testName>TestCase08.test01</testName>
          <skipped>false</skipped>
          <failedSince>0</failedSince>
        </case>
        <case>
          <duration>0.006</duration>
          <className>TestLicense</className>
          <testName>TestCase09.test01</testName>
          <skipped>false</skipped>
          <failedSince>0</failedSince>
        </case>
        <case>
          <duration>0.032</duration>
          <className>TestLicense</className>
          <testName>TestCase09.test02</testName>
          <skipped>false</skipped>
          <failedSince>0</failedSince>
        </case>
        <case>
          <duration>0.017</duration>
          <className>TestLicense</className>
          <testName>TestCase09.test03</testName>
          <skipped>false</skipped>
          <failedSince>0</failedSince>
        </case>
        <case>
          <duration>0.026</duration>
          <className>TestLicense</className>
          <testName>TestCase10.test01</testName>
          <skipped>false</skipped>
          <failedSince>0</failedSince>
        </case>
        <case>
          <duration>16.386</duration>
          <className>TestLicense</className>
          <testName>TestCase11.test01</testName>
          <skipped>false</skipped>
          <failedSince>0</failedSince>
        </case>
        <case>
          <duration>0.026</duration>
          <className>TestLicense</className>
          <testName>TestCase11.test02</testName>
          <skipped>false</skipped>
          <failedSince>0</failedSince>
        </case>
        <case>
          <duration>8.662</duration>
          <className>TestLicense</className>
          <testName>TestCase99.test01</testName>
          <skipped>false</skipped>
          <failedSince>0</failedSince>
        </case>
      </cases>
    </suite>
    <suite>
      <file>/home/jenkins/workspace/Backend/CMC@6/test-results/TEST-cli-TestSystemSetting.xml</file>
      <name>cli.TestSystemSetting</name>
      <stdout>..........................Test skipped on the Central Manager
.Test skipped on the Central Manager
.Test skipped on the Central Manager
..
TestCase01.test31: Check capture-settings set/unset
.
TestCase01.test32: Check completion info for capture-settings
...TestCase01.test35: Test confirmation behaviour of multicast reservation system-settings: BQM-12540
..Test skipped on the Central Manager
.Test skipped on the Central Manager
...Test test41 skipped in sandbox
.Test skipped on the Central Manag
...[truncated 1503 chars]...
iseconds
LMC: A is  unit is milliseconds
LMC: A is config  unit is microseconds
LMC: A is  unit is microseconds
LMC: A is config  unit is use-global
LMC: A is  unit is use-global
.
TestCase05.test01: BQM-31356 test errors when typing in VM VNC passwords. BQM-31357 test rejection of special characters in vnc password.
Skipping remainder of test on CMC
.
TestCase05.test02: BQM-31356 regression test for general CLI password errors
.
TestCase05.test03: BQM-33543 test - password too long
............</stdout>
      <stderr></stderr>
      <duration>408.961</duration>
      <timestamp>2019-05-07T12:35:13.832065</timestamp>
      <time>408.961</time>
      <enclosingBlocks/>
      <enclosingBlockNames/>
      <cases>
        <case>
          <duration>19.358</duration>
          <className>TestSystemSetting</className>
          <testName>TestCase01.test01</testName>
          <skipped>false</skipped>
          <failedSince>0</failedSince>
        </case>
        <case>
          <duration>7.114</duration>
          <className>TestSystemSetting</className>
          <testName>TestCase01.test02</testName>
          <skipped>false</skipped>
          <failedSince>0</failedSince>
        </case>
        <case>
          <duration>0.058</duration>
          <className>TestSystemSetting</className>
          <testName>TestCase01.test03</testName>
          <skipped>false</skipped>
          <failedSince>0</failedSince>
        </case>
        <case>
          <duration>1.082</duration>
          <className>TestSystemSetting</className>
          <testName>TestCase01.test04</testName>
          <skipped>false</skipped>
          <failedSince>0</failedSince>
        </case>
        <case>
          <duration>1.091</duration>
          <className>TestSystemSetting</className>
          <testName>TestCase01.test05</testName>
          <skipped>false</skipped>
          <failedSince>0</failedSince>
        </case>
        <case>
          <duration>2.066</duration>
          <className>TestSystemSetting</className>
          <testName>TestCase01.test06</testName>
          <skipped>false</skipped>
          <failedSince>0</failedSince>
        </case>
        <case>
          <duration>1.021</duration>
          <className>TestSystemSetting</className>
          <testName>TestCase01.test07</testName>
          <skipped>false</skipped>
          <failedSince>0</failedSince>
        </case>
        <case>
          <duration>1.636</duration>
          <className>TestSystemSetting</className>
          <testName>TestCase01.test08</testName>
          <skipped>false</skipped>
          <failedSince>0</failedSince>
        </case>
        <case>
          <duration>3.664</duration>
          <className>TestSystemSetting</className>
          <testName>TestCase01.test09</testName>
          <skipped>false</skipped>
          <failedSince>0</failedSince>
        </case>
        <case>
          <duration>0.059</duration>
          <className>TestSystemSetting</className>
          <testName>TestCase01.test10</testName>
          <skipped>false</skipped>
          <failedSince>0</failedSince>
        </case>
        <case>
          <duration>1.29</duration>
          <className>TestSystemSetting</className>
          <testName>TestCase01.test11</testName>
          <skipped>false</skipped>
          <failedSince>0</failedSince>
        </case>
        <case>
          <duration>1.932</duration>
          <className>TestSystemSetting</className>
          <testName>TestCase01.test12</testName>
          <skipped>false</skipped>
          <failedSince>0</failedSince>
        </case>
        <case>
          <duration>1.5</duration>
          <className>TestSystemSetting</className>
          <testName>TestCase01.test13</testName>
          <skipped>false</skipped>
          <failedSince>0</failedSince>
        </case>
        <case>
          <duration>0.227</duration>
          <className>TestSystemSetting</className>
          <testName>TestCase01.test14</testName>
          <skipped>false</skipped>
          <failedSince>0</failedSince>
        </case>
        <case>
          <duration>0.072</duration>
          <className>TestSystemSetting</className>
          <testName>TestCase01.test15</testName>
          <skipped>false</skipped>
          <failedSince>0</failedSince>
        </case>
        <case>
          <duration>2.827</duration>
          <className>TestSystemSetting</className>
          <testName>TestCase01.test16</testName>
          <skipped>false</skipped>
          <failedSince>0</failedSince>
        </case>
        <case>
          <duration>5.061</duration>
          <className>TestSystemSetting</className>
          <testName>TestCase01.test17</testName>
          <skipped>false</skipped>
          <failedSince>0</failedSince>
        </case>
        <case>
          <duration>0.073</duration>
          <className>TestSystemSetting</className>
          <testName>TestCase01.test18</testName>
          <skipped>false</skipped>
          <failedSince>0</failedSince>
        </case>
        <case>
          <duration>7.422</duration>
          <className>TestSystemSetting</className>
          <testName>TestCase01.test19</testName>
          <skipped>false</skipped>
          <failedSince>0</failedSince>
        </case>
        <case>
          <duration>3.589</duration>
          <className>TestSystemSetting</className>
          <testName>TestCase01.test20</testName>
          <skipped>false</skipped>
          <failedSince>0</failedSince>
        </case>
        <case>
          <duration>3.584</duration>
          <className>TestSystemSetting</className>
          <testName>TestCase01.test21</testName>
          <skipped>false</skipped>
          <failedSince>0</failedSince>
        </case>
        <case>
          <duration>4.02</duration>
          <className>TestSystemSetting</className>
          <testName>TestCase01.test22</testName>
          <skipped>false</skipped>
          <failedSince>0</failedSince>
        </case>
        <case>
          <duration>12.307</duration>
          <className>TestSystemSetting</className>
          <testName>TestCase01.test23</testName>
          <skipped>false</skipped>
          <failedSince>0</failedSince>
        </case>
        <case>
          <duration>1.421</duration>
          <className>TestSystemSetting</className>
          <testName>TestCase01.test24</testName>
          <skipped>false</skipped>
          <failedSince>0</failedSince>
        </case>
        <case>
          <duration>3.702</duration>
          <className>TestSystemSetting</className>
          <testName>TestCase01.test25</testName>
          <skipped>false</skipped>
          <failedSince>0</failedSince>
        </case>
        <case>
          <duration>4.183</duration>
          <className>TestSystemSetting</className>
          <testName>TestCase01.test26</testName>
          <skipped>false</skipped>
          <failedSince>0</failedSince>
        </case>
        <case>
          <duration>0.023</duration>
          <className>TestSystemSetting</className>
          <testName>TestCase01.test27</testName>
          <skipped>false</skipped>
          <failedSince>0</failedSince>
        </case>
        <case>
          <duration>0.035</duration>
          <className>TestSystemSetting</className>
          <testName>TestCase01.test28</testName>
          <skipped>false</skipped>
          <failedSince>0</failedSince>
        </case>
        <case>
          <duration>0.025</duration>
          <className>TestSystemSetting</className>
          <testName>TestCase01.test29</testName>
          <skipped>false</skipped>
          <failedSince>0</failedSince>
        </case>
        <case>
          <duration>2.859</duration>
          <className>TestSystemSetting</className>
          <testName>TestCase01.test30</testName>
          <skipped>false</skipped>
          <failedSince>0</failedSince>
        </case>
        <case>
          <duration>4.572</duration>
          <className>TestSystemSetting</className>
          <testName>TestCase01.test31</testName>
          <skipped>false</skipped>
          <failedSince>0</failedSince>
        </case>
        <case>
          <duration>0.877</duration>
          <className>TestSystemSetting</className>
          <testName>TestCase01.test32</testName>
          <skipped>false</skipped>
          <failedSince>0</failedSince>
        </case>
        <case>
          <duration>0.081</duration>
          <className>TestSystemSetting</className>
          <testName>TestCase01.test33</testName>
          <skipped>false</skipped>
          <failedSince>0</failedSince>
        </case>
        <case>
          <duration>9.873</duration>
          <className>TestSystemSetting</className>
          <testName>TestCase01.test34</testName>
          <skipped>false</skipped>
          <failedSince>0</failedSince>
        </case>
        <case>
          <duration>11.055</duration>
          <className>TestSystemSetting</className>
          <testName>TestCase01.test35</testName>
          <skipped>false</skipped>
          <failedSince>0</failedSince>
        </case>
        <case>
          <duration>7.933</duration>
          <className>TestSystemSetting</className>
          <testName>TestCase01.test36</testName>
          <skipped>false</skipped>
          <failedSince>0</failedSince>
        </case>
        <case>
          <duration>0.121</duration>
          <className>TestSystemSetting</className>
          <testName>TestCase01.test37</testName>
          <skipped>false</skipped>
          <failedSince>0</failedSince>
        </case>
        <case>
          <duration>0.02</duration>
          <className>TestSystemSetting</className>
          <testName>TestCase01.test38</testName>
          <skipped>false</skipped>
          <failedSince>0</failedSince>
        </case>
        <case>
          <duration>3.632</duration>
          <className>TestSystemSetting</className>
          <testName>TestCase01.test39</testName>
          <skipped>false</skipped>
          <failedSince>0</failedSince>
        </case>
        <case>
          <duration>4.06</duration>
          <className>TestSystemSetting</className>
          <testName>TestCase01.test40</testName>
          <skipped>false</skipped>
          <failedSince>0</failedSince>
        </case>
        <case>
          <duration>0.017</duration>
          <className>TestSystemSetting</className>
          <testName>TestCase01.test41</testName>
          <skipped>false</skipped>
          <failedSince>0</failedSince>
        </case>
        <case>
          <duration>0.021</duration>
          <className>TestSystemSetting</className>
          <testName>TestCase01.test42</testName>
          <skipped>false</skipped>
          <failedSince>0</failedSince>
        </case>
        <case>
          <duration>9.805</duration>
          <className>TestSystemSetting</className>
          <testName>TestCase01.test43</testName>
          <skipped>false</skipped>
          <failedSince>0</failedSince>
        </case>
        <case>
          <duration>0.022</duration>
          <className>TestSystemSetting</className>
          <testName>TestCase01.test44</testName>
          <skipped>false</skipped>
          <failedSince>0</failedSince>
        </case>
        <case>
          <duration>0.125</duration>
          <className>TestSystemSetting</className>
          <testName>TestCase01.test45</testName>
          <skipped>false</skipped>
          <failedSince>0</failedSince>
        </case>
        <case>
          <duration>7.417</duration>
          <className>TestSystemSetting</className>
          <testName>TestCase01.test46</testName>
          <skipped>false</skipped>
          <failedSince>0</failedSince>
        </case>
        <case>
          <duration>0.784</duration>
          <className>TestSystemSetting</className>
          <testName>TestCase01.test47</testName>
          <skipped>false</skipped>
          <failedSince>0</failedSince>
        </case>
        <case>
          <duration>4.375</duration>
          <className>TestSystemSetting</className>
          <testName>TestCase01.test48</testName>
          <skipped>false</skipped>
          <failedSince>0</failedSince>
        </case>
        <case>
          <duration>5.786</duration>
          <className>TestSystemSetting</className>
          <testName>TestCase01.test50</testName>
          <skipped>false</skipped>
          <failedSince>0</failedSince>
        </case>
        <case>
          <duration>4.303</duration>
          <className>TestSystemSetting</className>
          <testName>TestCase01.test51</testName>
          <skipped>false</skipped>
          <failedSince>0</failedSince>
        </case>
        <case>
          <duration>6.033</duration>
          <className>TestSystemSetting</className>
          <testName>TestCase01.test52</testName>
          <skipped>false</skipped>
          <failedSince>0</failedSince>
        </case>
        <case>
          <duration>5.438</duration>
          <className>TestSystemSetting</className>
          <testName>TestCase01.test53</testName>
          <skipped>false</skipped>
          <failedSince>0</failedSince>
        </case>
        <case>
          <duration>0.099</duration>
          <className>TestSystemSetting</className>
          <testName>TestCase01.test54</testName>
          <skipped>false</skipped>
          <failedSince>0</failedSince>
        </case>
        <case>
          <duration>0.423</duration>
          <className>TestSystemSetting</className>
          <testName>TestCase01.test55</testName>
          <skipped>false</skipped>
          <failedSince>0</failedSince>
        </case>
        <case>
          <duration>0.113</duration>
          <className>TestSystemSetting</className>
          <testName>TestCase01.test56</testName>
          <skipped>false</skipped>
          <failedSince>0</failedSince>
        </case>
        <case>
          <duration>2.92</duration>
          <className>TestSystemSetting</className>
          <testName>TestCase01.test57</testName>
          <skipped>false</skipped>
          <failedSince>0</failedSince>
        </case>
        <case>
          <duration>5.118</duration>
          <className>TestSystemSetting</className>
          <testName>TestCase01.test58</testName>
          <skipped>false</skipped>
          <failedSince>0</failedSince>
        </case>
        <case>
          <duration>0.028</duration>
          <className>TestSystemSetting</className>
          <testName>TestCase01.test59</testName>
          <skipped>false</skipped>
          <failedSince>0</failedSince>
        </case>
        <case>
          <duration>0.241</duration>
          <className>TestSystemSetting</className>
          <testName>TestCase01.test60</testName>
          <skipped>false</skipped>
          <failedSince>0</failedSince>
        </case>
        <case>
          <duration>0.025</duration>
          <className>TestSystemSetting</className>
          <testName>TestCase01.test61</testName>
          <skipped>false</skipped>
          <failedSince>0</failedSince>
        </case>
        <case>
          <duration>0.028</duration>
          <className>TestSystemSetting</className>
          <testName>TestCase01.test62</testName>
          <skipped>false</skipped>
          <failedSince>0</failedSince>
        </case>
        <case>
          <duration>19.766</duration>
          <className>TestSystemSetting</className>
          <testName>TestCase01.test63</testName>
          <skipped>false</skipped>
          <failedSince>0</failedSince>
        </case>
        <case>
          <duration>4.202</duration>
          <className>TestSystemSetting</className>
          <testName>TestCase01.test64</testName>
          <skipped>false</skipped>
          <failedSince>0</failedSince>
        </case>
        <case>
          <duration>4.334</duration>
          <className>TestSystemSetting</className>
          <testName>TestCase01.test65_fi_rtt_calculation</testName>
          <skipped>false</skipped>
          <failedSince>0</failedSince>
        </case>
        <case>
          <duration>5.195</duration>
          <className>TestSystemSetting</className>
          <testName>TestCase02.test01</testName>
          <skipped>false</skipped>
          <failedSince>0</failedSince>
        </case>
        <case>
          <duration>0.175</duration>
          <className>TestSystemSetting</className>
          <testName>TestCase02.test02</testName>
          <skipped>false</skipped>
          <failedSince>0</failedSince>
        </case>
        <case>
          <duration>0.056</duration>
          <className>TestSystemSetting</className>
          <testName>TestCase02.test03</testName>
          <skipped>false</skipped>
          <failedSince>0</failedSince>
        </case>
        <case>
          <duration>0.384</duration>
          <className>TestSystemSetting</className>
          <testName>TestCase02.test04</testName>
          <skipped>false</skipped>
          <failedSince>0</failedSince>
        </case>
        <case>
          <duration>0.483</duration>
          <className>TestSystemSetting</className>
          <testName>TestCase02.test05</testName>
          <skipped>false</skipped>
          <failedSince>0</failedSince>
        </case>
        <case>
          <duration>0.592</duration>
          <className>TestSystemSetting</className>
          <testName>TestCase02.test06</testName>
          <skipped>false</skipped>
          <failedSince>0</failedSince>
        </case>
        <case>
          <duration>0.308</duration>
          <className>TestSystemSetting</className>
          <testName>TestCase02.test07</testName>
          <skipped>false</skipped>
          <failedSince>0</failedSince>
        </case>
        <case>
          <duration>0.197</duration>
          <className>TestSystemSetting</className>
          <testName>TestCase02.test08</testName>
          <skipped>false</skipped>
          <failedSince>0</failedSince>
        </case>
        <case>
          <duration>0.726</duration>
          <className>TestSystemSetting</className>
          <testName>TestCase02.test09</testName>
          <skipped>false</skipped>
          <failedSince>0</failedSince>
        </case>
        <case>
          <duration>0.367</duration>
          <className>TestSystemSetting</className>
          <testName>TestCase02.test10</testName>
          <skipped>false</skipped>
          <failedSince>0</failedSince>
        </case>
        <case>
          <duration>27.387</duration>
          <className>TestSystemSetting</className>
          <testName>TestCase02.test11</testName>
          <skipped>false</skipped>
          <failedSince>0</failedSince>
        </case>
        <case>
          <duration>1.486</duration>
          <className>TestSystemSetting</className>
          <testName>TestCase02.test12</testName>
          <skipped>false</skipped>
          <failedSince>0</failedSince>
        </case>
        <case>
          <duration>0.64</duration>
          <className>TestSystemSetting</className>
          <testName>TestCase02.test13</testName>
          <skipped>false</skipped>
          <failedSince>0</failedSince>
        </case>
        <case>
          <duration>0.156</duration>
          <className>TestSystemSetting</className>
          <testName>TestCase02.test14</testName>
          <skipped>false</skipped>
          <failedSince>0</failedSince>
        </case>
        <case>
          <duration>4.155</duration>
          <className>TestSystemSetting</className>
          <testName>TestCase03.test00</testName>
          <skipped>false</skipped>
          <failedSince>0</failedSince>
        </case>
        <case>
          <duration>18.061</duration>
          <className>TestSystemSetting</className>
          <testName>TestCase03.test01</testName>
          <skipped>false</skipped>
          <failedSince>0</failedSince>
        </case>
        <case>
          <duration>9.645</duration>
          <className>TestSystemSetting</className>
          <testName>TestCase03.test02</testName>
          <skipped>false</skipped>
          <failedSince>0</failedSince>
        </case>
        <case>
          <duration>7.491</duration>
          <className>TestSystemSetting</className>
          <testName>TestCase04.test01</testName>
          <skipped>false</skipped>
          <failedSince>0</failedSince>
        </case>
        <case>
          <duration>6.679</duration>
          <className>TestSystemSetting</className>
          <testName>TestCase04.test02</testName>
          <skipped>false</skipped>
          <failedSince>0</failedSince>
        </case>
        <case>
          <duration>4.472</duration>
          <className>TestSystemSetting</className>
          <testName>TestCase04.test03</testName>
          <skipped>false</skipped>
          <failedSince>0</failedSince>
        </case>
        <case>
          <duration>3.225</duration>
          <className>TestSystemSetting</className>
          <testName>TestCase05.test01</testName>
          <skipped>false</skipped>
          <failedSince>0</failedSince>
        </case>
        <case>
          <duration>3.773</duration>
          <className>TestSystemSetting</className>
          <testName>TestCase05.test02</testName>
          <skipped>false</skipped>
          <failedSince>0</failedSince>
        </case>
        <case>
          <duration>0.101</duration>
          <className>TestSystemSetting</className>
          <testName>TestCase05.test03</testName>
          <skipped>false</skipped>
          <failedSince>0</failedSince>
        </case>
        <case>
          <duration>8.539</duration>
          <className>TestSystemSetting</className>
          <testName>TestCase06.test01</testName>
          <skipped>false</skipped>
          <failedSince>0</failedSince>
        </case>
        <case>
          <duration>13.176</duration>
          <className>TestSystemSetting</className>
          <testName>TestCase06.test02</testName>
          <skipped>false</skipped>
          <failedSince>0</failedSince>
        </case>
        <case>
          <duration>19.422</duration>
          <className>TestSystemSetting</className>
          <testName>TestCase06.test03</testName>
          <skipped>false</skipped>
          <failedSince>0</failedSince>
        </case>
        <case>
          <duration>2.74</duration>
          <className>TestSystemSetting</className>
          <testName>TestCase06.test04</testName>
          <skipped>false</skipped>
          <failedSince>0</failedSince>
        </case>
        <case>
          <duration>2.4</duration>
          <className>TestSystemSetting</className>
          <testName>TestCase06.test05</testName>
          <skipped>false</skipped>
          <failedSince>0</failedSince>
        </case>
        <case>
          <duration>9.767</duration>
          <className>TestSystemSetting</className>
          <testName>TestCase06.test06</testName>
          <skipped>false</skipped>
          <failedSince>0</failedSince>
        </case>
        <case>
          <duration>13.463</duration>
          <className>TestSystemSetting</className>
          <testName>TestCase06.test07</testName>
          <skipped>false</skipped>
          <failedSince>0</failedSince>
        </case>
        <case>
          <duration>6.049</duration>
          <className>TestSystemSetting</className>
          <testName>TestCase06.test08</testName>
          <skipped>false</skipped>
          <failedSince>0</failedSince>
        </case>
        <case>
          <duration>6.182</duration>
          <className>TestSystemSetting</className>
          <testName>TestCase06.test09</testName>
          <skipped>false</skipped>
          <failedSince>0</failedSince>
        </case>
        <case>
          <duration>6.69</duration>
          <className>TestSystemSetting</className>
          <testName>TestCase06.test10</testName>
          <skipped>false</skipped>
          <failedSince>0</failedSince>
        </case>
        <case>
          <duration>7.822</duration>
          <className>TestSystemSetting</className>
          <testName>TestCase06.test11</testName>
          <skipped>false</skipped>
          <failedSince>0</failedSince>
        </case>
      </cases>
    </suite>
    <suite>
      <file>/home/jenkins/workspace/Backend/CMC/test-results/TEST-cli-TestRecoveryShell.xml</file>
      <name>cli.TestRecoveryShell</name>
      <stdout>
TestCase01.test01: command list and completion
.
TestCase01.test02: dir command and completion
.
TestCase01.test03: delete command
.
TestCase01.test04: check completion on show command
.
TestCase01.test05: check restore error options
.
TestCase01.test06: check that there aren&apos;t commands outside of the known set
.
TestCase01.test99: cleanup the entries from the run
.
TestCase02.test01: recovery shell is not for the config user
.
TestCase02.test02: when probe is stopped, recovery prompt from the config user says to log in as admin
Test test02 skipped in sandbox
.
TestCase03.test01: check for recsh start message, end message and an issuance of the help command
.</stdout>
      <stderr></stderr>
      <duration>4.002</duration>
      <timestamp>2019-05-07T12:42:00.412108</timestamp>
      <time>4.002</time>
      <enclosingBlocks/>
      <enclosingBlockNames/>
      <cases>
        <case>
          <duration>1.536</duration>
          <className>TestRecoveryShell</className>
          <testName>TestCase01.test01</testName>
          <skipped>false</skipped>
          <failedSince>0</failedSince>
        </case>
        <case>
          <duration>0.315</duration>
          <className>TestRecoveryShell</className>
          <testName>TestCase01.test02</testName>
          <skipped>false</skipped>
          <failedSince>0</failedSince>
        </case>
        <case>
          <duration>0.598</duration>
          <className>TestRecoveryShell</className>
          <testName>TestCase01.test03</testName>
          <skipped>false</skipped>
          <failedSince>0</failedSince>
        </case>
        <case>
          <duration>0.108</duration>
          <className>TestRecoveryShell</className>
          <testName>TestCase01.test04</testName>
          <skipped>false</skipped>
          <failedSince>0</failedSince>
        </case>
        <case>
          <duration>0.361</duration>
          <className>TestRecoveryShell</className>
          <testName>TestCase01.test05</testName>
          <skipped>false</skipped>
          <failedSince>0</failedSince>
        </case>
        <case>
          <duration>0.109</duration>
          <className>TestRecoveryShell</className>
          <testName>TestCase01.test06</testName>
          <skipped>false</skipped>
          <failedSince>0</failedSince>
        </case>
        <case>
          <duration>0.004</duration>
          <className>TestRecoveryShell</className>
          <testName>TestCase01.test99</testName>
          <skipped>false</skipped>
          <failedSince>0</failedSince>
        </case>
        <case>
          <duration>0.346</duration>
          <className>TestRecoveryShell</className>
          <testName>TestCase02.test01</testName>
          <skipped>false</skipped>
          <failedSince>0</failedSince>
        </case>
        <case>
          <duration>0.0</duration>
          <className>TestRecoveryShell</className>
          <testName>TestCase02.test02</testName>
          <skipped>false</skipped>
          <failedSince>0</failedSince>
        </case>
        <case>
          <duration>0.624</duration>
          <className>TestRecoveryShell</className>
          <testName>TestCase03.test01</testName>
          <skipped>false</skipped>
          <failedSince>0</failedSince>
        </case>
      </cases>
    </suite>
    <suite>
      <file>/home/jenkins/workspace/Backend/CMC/test-results/TEST-rest-TestRestCMStandby.xml</file>
      <name>rest.TestRestCMStandby</name>
      <stdout>
TestCase01.test01: Modify and retrieve standby-mode
.
TestCase01.test02: Semantic checks
.
TestCase01.test03: Test that no local config changes are allowed on a secondary standby CMC
.
TestCase01.test03_check_no_config_synchronization_on_standby: BQM-54552 Check if CNE synchronization is not allowed on a secondary standby CMC
.
TestCase02.test01: Test Lens views serialization/deserialization
.
TestCase02.test02: Test negative serializer cases
.</stdout>
      <stderr></stderr>
      <duration>84.984</duration>
      <timestamp>2019-05-07T12:40:41.491609</timestamp>
      <time>84.984</time>
      <enclosingBlocks/>
      <enclosingBlockNames/>
      <cases>
        <case>
          <duration>45.672</duration>
          <className>TestRestCMStandby</className>
          <testName>TestCase01.test01</testName>
          <skipped>false</skipped>
          <failedSince>0</failedSince>
        </case>
        <case>
          <duration>1.947</duration>
          <className>TestRestCMStandby</className>
          <testName>TestCase01.test02</testName>
          <skipped>false</skipped>
          <failedSince>0</failedSince>
        </case>
        <case>
          <duration>14.346</duration>
          <className>TestRestCMStandby</className>
          <testName>TestCase01.test03</testName>
          <skipped>false</skipped>
          <failedSince>0</failedSince>
        </case>
        <case>
          <duration>10.071</duration>
          <className>TestRestCMStandby</className>
          <testName>TestCase01.test03_check_no_config_synchronization_on_standby</testName>
          <skipped>false</skipped>
          <failedSince>0</failedSince>
        </case>
        <case>
          <duration>12.928</duration>
          <className>TestRestCMStandby</className>
          <testName>TestCase02.test01</testName>
          <skipped>false</skipped>
          <failedSince>0</failedSince>
        </case>
        <case>
          <duration>0.019</duration>
          <className>TestRestCMStandby</className>
          <testName>TestCase02.test02</testName>
          <skipped>false</skipped>
          <failedSince>0</failedSince>
        </case>
      </cases>
    </suite>
    <suite>
      <file>/home/jenkins/workspace/Backend/CMC/test-results/TEST-cli-TestRadiusAccounting.xml</file>
      <name>cli.TestRadiusAccounting</name>
      <stdout>..Test test01 skipped in sandbox
..</stdout>
      <stderr></stderr>
      <duration>18.122</duration>
      <timestamp>2019-05-07T12:41:54.213457</timestamp>
      <time>18.122</time>
      <enclosingBlocks/>
      <enclosingBlockNames/>
      <cases>
        <case>
          <duration>12.131</duration>
          <className>TestRadiusAccounting</className>
          <testName>TestCase00.test01</testName>
          <skipped>false</skipped>
          <failedSince>0</failedSince>
        </case>
        <case>
          <duration>2.153</duration>
          <className>TestRadiusAccounting</className>
          <testName>TestCase01.test00</testName>
          <skipped>false</skipped>
          <failedSince>0</failedSince>
        </case>
        <case>
          <duration>0.0</duration>
          <className>TestRadiusAccounting</className>
          <testName>TestCase01.test01</testName>
          <skipped>false</skipped>
          <failedSince>0</failedSince>
        </case>
        <case>
          <duration>3.836</duration>
          <className>TestRadiusAccounting</className>
          <testName>TestCase99.test01</testName>
          <skipped>false</skipped>
          <failedSince>0</failedSince>
        </case>
      </cases>
    </suite>
    <suite>
      <file>/home/jenkins/workspace/Backend/CMC@2/test-results/TEST-rest-TestRestDefaultClass.xml</file>
      <name>rest.TestRestDefaultClass</name>
      <stdout>....</stdout>
      <stderr></stderr>
      <duration>98.72</duration>
      <timestamp>2019-05-07T12:40:25.116918</timestamp>
      <time>98.720</time>
      <enclosingBlocks/>
      <enclosingBlockNames/>
      <cases>
        <case>
          <duration>98.279</duration>
          <className>TestRestDefaultClass</className>
          <testName>TestCase01.test01</testName>
          <skipped>false</skipped>
          <failedSince>0</failedSince>
        </case>
        <case>
          <duration>0.241</duration>
          <className>TestRestDefaultClass</className>
          <testName>TestCase01.test02</testName>
          <skipped>false</skipped>
          <failedSince>0</failedSince>
        </case>
        <case>
          <duration>0.045</duration>
          <className>TestRestDefaultClass</className>
          <testName>TestCase01.test03</testName>
          <skipped>false</skipped>
          <failedSince>0</failedSince>
        </case>
        <case>
          <duration>0.155</duration>
          <className>TestRestDefaultClass</className>
          <testName>TestCase01.test04</testName>
          <skipped>false</skipped>
          <failedSince>0</failedSince>
        </case>
      </cases>
    </suite>
    <suite>
      <file>/home/jenkins/workspace/Backend/CMC@4/test-results/TEST-cli-TestMultihopGroup.xml</file>
      <name>cli.TestMultihopGroup</name>
      <stdout>TestCase01.test01
.Test skipped on the Central Manager
.TestCase01.test03
.TestCase01.test04
.
TestCase01.test05: BQM-21229 Do not allow mixing packet/message channels in a pnqm target relationship
.
TestCase01.test06: BQM-25525: Sync completion and accepted channel descriptions
.
TestCase01.test07: BQM-30950: Channel completion escaping issues
.
TestCase01.test08: BQM-48716: Using sessions without trace-events in a multihop-group should produce a warning
.
TestCase01.test09: BQM-56269 Testing exclude-child-sessions flag
.</stdout>
      <stderr></stderr>
      <duration>72.614</duration>
      <timestamp>2019-05-07T12:40:42.292172</timestamp>
      <time>72.614</time>
      <enclosingBlocks/>
      <enclosingBlockNames/>
      <cases>
        <case>
          <duration>28.583</duration>
          <className>TestMultihopGroup</className>
          <testName>TestCase01.test01</testName>
          <skipped>false</skipped>
          <failedSince>0</failedSince>
        </case>
        <case>
          <duration>0.053</duration>
          <className>TestMultihopGroup</className>
          <testName>TestCase01.test02</testName>
          <skipped>false</skipped>
          <failedSince>0</failedSince>
        </case>
        <case>
          <duration>0.089</duration>
          <className>TestMultihopGroup</className>
          <testName>TestCase01.test03</testName>
          <skipped>false</skipped>
          <failedSince>0</failedSince>
        </case>
        <case>
          <duration>9.99</duration>
          <className>TestMultihopGroup</className>
          <testName>TestCase01.test04</testName>
          <skipped>false</skipped>
          <failedSince>0</failedSince>
        </case>
        <case>
          <duration>12.025</duration>
          <className>TestMultihopGroup</className>
          <testName>TestCase01.test05</testName>
          <skipped>false</skipped>
          <failedSince>0</failedSince>
        </case>
        <case>
          <duration>12.122</duration>
          <className>TestMultihopGroup</className>
          <testName>TestCase01.test06</testName>
          <skipped>false</skipped>
          <failedSince>0</failedSince>
        </case>
        <case>
          <duration>3.784</duration>
          <className>TestMultihopGroup</className>
          <testName>TestCase01.test07</testName>
          <skipped>false</skipped>
          <failedSince>0</failedSince>
        </case>
        <case>
          <duration>1.424</duration>
          <className>TestMultihopGroup</className>
          <testName>TestCase01.test08</testName>
          <skipped>false</skipped>
          <failedSince>0</failedSince>
        </case>
        <case>
          <duration>4.543</duration>
          <className>TestMultihopGroup</className>
          <testName>TestCase01.test09</testName>
          <skipped>false</skipped>
          <failedSince>0</failedSince>
        </case>
      </cases>
    </suite>
    <suite>
      <file>/home/jenkins/workspace/Backend/CMC@2/test-results/TEST-cli-TestCMStandby.xml</file>
      <name>cli.TestCMStandby</name>
      <stdout>
TestCase01.test01: Syntax, help and completion for command &apos;standby-mode&apos;
.
TestCase01.test02: Semantic checks for command &apos;standby-mode&apos;
.
TestCase01.test03: Test show standby cmd
.
TestCase01.test04: Test login message on seconadary CMC when it is in standby mode
.
TestCase01.test05: Test that no local config changes are allowed on a standby CMC
.Test test06 skipped in sandbox
.
TestCase01.test07: Test runtime mode propagation to &apos;sysread&apos; and jasperserver service status
Status check on the J
...[truncated 1827 chars]...
Test skipped: requires CMC+CMC setup
.Test skipped: requires CMC+CMC+CNE setup
.Test skipped: requires CMC+CMC+CNE setup
.Test skipped: requires CMC+CMC+CNE setup
.Test skipped: requires CMC+CMC+CNE setup
.Test skipped: requires CMC+CMC+CNE setup
.Test skipped: requires CMC+CMC+CNE setup
.Test skipped: requires CMC+CMC+CNE setup
.Test skipped: requires CMC+CMC+CNE setup
.Test skipped: requires CMC+CMC+CNE setup
.Test skipped: requires CMC+CMC+CNE setup
.Test skipped: requires CMC+CMC+CNE setup
.</stdout>
      <stderr></stderr>
      <duration>329.988</duration>
      <timestamp>2019-05-07T12:36:42.477510</timestamp>
      <time>329.988</time>
      <enclosingBlocks/>
      <enclosingBlockNames/>
      <cases>
        <case>
          <duration>66.949</duration>
          <className>TestCMStandby</className>
          <testName>TestCase01.test01</testName>
          <skipped>false</skipped>
          <failedSince>0</failedSince>
        </case>
        <case>
          <duration>14.735</duration>
          <className>TestCMStandby</className>
          <testName>TestCase01.test02</testName>
          <skipped>false</skipped>
          <failedSince>0</failedSince>
        </case>
        <case>
          <duration>12.124</duration>
          <className>TestCMStandby</className>
          <testName>TestCase01.test03</testName>
          <skipped>false</skipped>
          <failedSince>0</failedSince>
        </case>
        <case>
          <duration>9.458</duration>
          <className>TestCMStandby</className>
          <testName>TestCase01.test04</testName>
          <skipped>false</skipped>
          <failedSince>0</failedSince>
        </case>
        <case>
          <duration>16.47</duration>
          <className>TestCMStandby</className>
          <testName>TestCase01.test05</testName>
          <skipped>false</skipped>
          <failedSince>0</failedSince>
        </case>
        <case>
          <duration>0.0</duration>
          <className>TestCMStandby</className>
          <testName>TestCase01.test06</testName>
          <skipped>false</skipped>
          <failedSince>0</failedSince>
        </case>
        <case>
          <duration>9.032</duration>
          <className>TestCMStandby</className>
          <testName>TestCase01.test07</testName>
          <skipped>false</skipped>
          <failedSince>0</failedSince>
        </case>
        <case>
          <duration>5.462</duration>
          <className>TestCMStandby</className>
          <testName>TestCase01.test08</testName>
          <skipped>false</skipped>
          <failedSince>0</failedSince>
        </case>
        <case>
          <duration>6.426</duration>
          <className>TestCMStandby</className>
          <testName>TestCase01.test09</testName>
          <skipped>false</skipped>
          <failedSince>0</failedSince>
        </case>
        <case>
          <duration>65.659</duration>
          <className>TestCMStandby</className>
          <testName>TestCase01.test10</testName>
          <skipped>false</skipped>
          <failedSince>0</failedSince>
        </case>
        <case>
          <duration>0.36</duration>
          <className>TestCMStandby</className>
          <testName>TestCase01.test11</testName>
          <skipped>false</skipped>
          <failedSince>0</failedSince>
        </case>
        <case>
          <duration>123.295</duration>
          <className>TestCMStandby</className>
          <testName>TestCase01.test12_PD_flag_crash</testName>
          <skipped>false</skipped>
          <failedSince>0</failedSince>
        </case>
        <case>
          <duration>0.0</duration>
          <className>TestCMStandby</className>
          <testName>TestCase02.test01</testName>
          <skipped>false</skipped>
          <failedSince>0</failedSince>
        </case>
        <case>
          <duration>0.0</duration>
          <className>TestCMStandby</className>
          <testName>TestCase02.test02</testName>
          <skipped>false</skipped>
          <failedSince>0</failedSince>
        </case>
        <case>
          <duration>0.0</duration>
          <className>TestCMStandby</className>
          <testName>TestCase02.test03</testName>
          <skipped>false</skipped>
          <failedSince>0</failedSince>
        </case>
        <case>
          <duration>0.0</duration>
          <className>TestCMStandby</className>
          <testName>TestCase02.test04</testName>
          <skipped>false</skipped>
          <failedSince>0</failedSince>
        </case>
        <case>
          <duration>0.0</duration>
          <className>TestCMStandby</className>
          <testName>TestCase02.test05</testName>
          <skipped>false</skipped>
          <failedSince>0</failedSince>
        </case>
        <case>
          <duration>0.0</duration>
          <className>TestCMStandby</className>
          <testName>TestCase02.test06</testName>
          <skipped>false</skipped>
          <failedSince>0</failedSince>
        </case>
        <case>
          <duration>0.0</duration>
          <className>TestCMStandby</className>
          <testName>TestCase02.test07</testName>
          <skipped>false</skipped>
          <failedSince>0</failedSince>
        </case>
        <case>
          <duration>0.0</duration>
          <className>TestCMStandby</className>
          <testName>TestCase02.test08</testName>
          <skipped>false</skipped>
          <failedSince>0</failedSince>
        </case>
        <case>
          <duration>0.0</duration>
          <className>TestCMStandby</className>
          <testName>TestCase02.test09</testName>
          <skipped>false</skipped>
          <failedSince>0</failedSince>
        </case>
        <case>
          <duration>0.0</duration>
          <className>TestCMStandby</className>
          <testName>TestCase02.test10</testName>
          <skipped>false</skipped>
          <failedSince>0</failedSince>
        </case>
        <case>
          <duration>0.0</duration>
          <className>TestCMStandby</className>
          <testName>TestCase02.test11</testName>
          <skipped>false</skipped>
          <failedSince>0</failedSince>
        </case>
        <case>
          <duration>0.0</duration>
          <className>TestCMStandby</className>
          <testName>TestCase02.test12</testName>
          <skipped>false</skipped>
          <failedSince>0</failedSince>
        </case>
        <case>
          <duration>0.0</duration>
          <className>TestCMStandby</className>
          <testName>TestCase02.test13</testName>
          <skipped>false</skipped>
          <failedSince>0</failedSince>
        </case>
        <case>
          <duration>0.0</duration>
          <className>TestCMStandby</className>
          <testName>TestCase02.test14</testName>
          <skipped>false</skipped>
          <failedSince>0</failedSince>
        </case>
        <case>
          <duration>0.0</duration>
          <className>TestCMStandby</className>
          <testName>TestCase02.test15</testName>
          <skipped>false</skipped>
          <failedSince>0</failedSince>
        </case>
        <case>
          <duration>0.0</duration>
          <className>TestCMStandby</className>
          <testName>TestCase02.test16</testName>
          <skipped>false</skipped>
          <failedSince>0</failedSince>
        </case>
        <case>
          <duration>0.0</duration>
          <className>TestCMStandby</className>
          <testName>TestCase02.test17</testName>
          <skipped>false</skipped>
          <failedSince>0</failedSince>
        </case>
        <case>
          <duration>0.001</duration>
          <className>TestCMStandby</className>
          <testName>TestCase02.test18</testName>
          <skipped>false</skipped>
          <failedSince>0</failedSince>
        </case>
        <case>
          <duration>0.0</duration>
          <className>TestCMStandby</className>
          <testName>TestCase02.test19</testName>
          <skipped>false</skipped>
          <failedSince>0</failedSince>
        </case>
        <case>
          <duration>0.0</duration>
          <className>TestCMStandby</className>
          <testName>TestCase02.test20</testName>
          <skipped>false</skipped>
          <failedSince>0</failedSince>
        </case>
        <case>
          <duration>0.0</duration>
          <className>TestCMStandby</className>
          <testName>TestCase02.test21</testName>
          <skipped>false</skipped>
          <failedSince>0</failedSince>
        </case>
        <case>
          <duration>0.0</duration>
          <className>TestCMStandby</className>
          <testName>TestCase02.test22</testName>
          <skipped>false</skipped>
          <failedSince>0</failedSince>
        </case>
        <case>
          <duration>0.0</duration>
          <className>TestCMStandby</className>
          <testName>TestCase02.test23</testName>
          <skipped>false</skipped>
          <failedSince>0</failedSince>
        </case>
        <case>
          <duration>0.0</duration>
          <className>TestCMStandby</className>
          <testName>TestCase02.test23_test_if_filter_session_key_is_updated</testName>
          <skipped>false</skipped>
          <failedSince>0</failedSince>
        </case>
        <case>
          <duration>0.0</duration>
          <className>TestCMStandby</className>
          <testName>TestCase02.test24</testName>
          <skipped>false</skipped>
          <failedSince>0</failedSince>
        </case>
        <case>
          <duration>0.0</duration>
          <className>TestCMStandby</className>
          <testName>TestCase02.test25</testName>
          <skipped>false</skipped>
          <failedSince>0</failedSince>
        </case>
        <case>
          <duration>0.0</duration>
          <className>TestCMStandby</className>
          <testName>TestCase02.test26_transfer_of_specific_configuration</testName>
          <skipped>false</skipped>
          <failedSince>0</failedSince>
        </case>
        <case>
          <duration>0.0</duration>
          <className>TestCMStandby</className>
          <testName>TestCase02.test27</testName>
          <skipped>false</skipped>
          <failedSince>0</failedSince>
        </case>
        <case>
          <duration>0.0</duration>
          <className>TestCMStandby</className>
          <testName>TestCase02.test28</testName>
          <skipped>false</skipped>
          <failedSince>0</failedSince>
        </case>
        <case>
          <duration>0.0</duration>
          <className>TestCMStandby</className>
          <testName>TestCase02.test29</testName>
          <skipped>false</skipped>
          <failedSince>0</failedSince>
        </case>
        <case>
          <duration>0.0</duration>
          <className>TestCMStandby</className>
          <testName>TestCase02.test30</testName>
          <skipped>false</skipped>
          <failedSince>0</failedSince>
        </case>
        <case>
          <duration>0.0</duration>
          <className>TestCMStandby</className>
          <testName>TestCase02.test31</testName>
          <skipped>false</skipped>
          <failedSince>0</failedSince>
        </case>
        <case>
          <duration>0.0</duration>
          <className>TestCMStandby</className>
          <testName>TestCase02.test32</testName>
          <skipped>false</skipped>
          <failedSince>0</failedSince>
        </case>
        <case>
          <duration>0.0</duration>
          <className>TestCMStandby</className>
          <testName>TestCase03.test01</testName>
          <skipped>false</skipped>
          <failedSince>0</failedSince>
        </case>
        <case>
          <duration>0.0</duration>
          <className>TestCMStandby</className>
          <testName>TestCase03.test02</testName>
          <skipped>false</skipped>
          <failedSince>0</failedSince>
        </case>
        <case>
          <duration>0.0</duration>
          <className>TestCMStandby</className>
          <testName>TestCase03.test03</testName>
          <skipped>false</skipped>
          <failedSince>0</failedSince>
        </case>
        <case>
          <duration>0.0</duration>
          <className>TestCMStandby</className>
          <testName>TestCase03.test04</testName>
          <skipped>false</skipped>
          <failedSince>0</failedSince>
        </case>
        <case>
          <duration>0.0</duration>
          <className>TestCMStandby</className>
          <testName>TestCase03.test05</testName>
          <skipped>false</skipped>
          <failedSince>0</failedSince>
        </case>
        <case>
          <duration>0.0</duration>
          <className>TestCMStandby</className>
          <testName>TestCase03.test06</testName>
          <skipped>false</skipped>
          <failedSince>0</failedSince>
        </case>
        <case>
          <duration>0.001</duration>
          <className>TestCMStandby</className>
          <testName>TestCase03.test07</testName>
          <skipped>false</skipped>
          <failedSince>0</failedSince>
        </case>
        <case>
          <duration>0.0</duration>
          <className>TestCMStandby</className>
          <testName>TestCase03.test08</testName>
          <skipped>false</skipped>
          <failedSince>0</failedSince>
        </case>
        <case>
          <duration>0.0</duration>
          <className>TestCMStandby</className>
          <testName>TestCase03.test09</testName>
          <skipped>false</skipped>
          <failedSince>0</failedSince>
        </case>
        <case>
          <duration>0.0</duration>
          <className>TestCMStandby</className>
          <testName>TestCase03.test10</testName>
          <skipped>false</skipped>
          <failedSince>0</failedSince>
        </case>
        <case>
          <duration>0.0</duration>
          <className>TestCMStandby</className>
          <testName>TestCase03.test11</testName>
          <skipped>false</skipped>
          <failedSince>0</failedSince>
        </case>
      </cases>
    </suite>
    <suite>
      <file>/home/jenkins/workspace/Backend/CMC@6/test-results/TEST-rest-TestRestCustomAppGroup.xml</file>
      <name>rest.TestRestCustomAppGroup</name>
      <stdout>......</stdout>
      <stderr></stderr>
      <duration>26.566</duration>
      <timestamp>2019-05-07T12:41:51.381080</timestamp>
      <time>26.566</time>
      <enclosingBlocks/>
      <enclosingBlockNames/>
      <cases>
        <case>
          <duration>14.581</duration>
          <className>TestRestCustomAppGroup</className>
          <testName>TestCase01.test01</testName>
          <skipped>false</skipped>
          <failedSince>0</failedSince>
        </case>
        <case>
          <duration>0.19</duration>
          <className>TestRestCustomAppGroup</className>
          <testName>TestCase01.test02</testName>
          <skipped>false</skipped>
          <failedSince>0</failedSince>
        </case>
        <case>
          <duration>0.065</duration>
          <className>TestRestCustomAppGroup</className>
          <testName>TestCase01.test03</testName>
          <skipped>false</skipped>
          <failedSince>0</failedSince>
        </case>
        <case>
          <duration>0.011</duration>
          <className>TestRestCustomAppGroup</className>
          <testName>TestCase01.test04</testName>
          <skipped>false</skipped>
          <failedSince>0</failedSince>
        </case>
        <case>
          <duration>0.02</duration>
          <className>TestRestCustomAppGroup</className>
          <testName>TestCase01.test05</testName>
          <skipped>false</skipped>
          <failedSince>0</failedSince>
        </case>
        <case>
          <duration>11.698</duration>
          <className>TestRestCustomAppGroup</className>
          <testName>TestCase01.test99</testName>
          <skipped>false</skipped>
          <failedSince>0</failedSince>
        </case>
      </cases>
    </suite>
    <suite>
      <file>/home/jenkins/workspace/Backend/CMC@2/test-results/TEST-rest-TestRestSite.xml</file>
      <name>rest.TestRestSite</name>
      <stdout>.....Test skipped on the Central Manager
..Test skipped on the Central Manager
.....Test skipped on the Central Manager
.Test skipped on the Central Manager
.Test skipped on the Central Manager
.Test skipped on the Central Manager
...Test skipped on the Central Manager
.Test skipped on the Central Manager
.Test skipped on the Central Manager
..Test skipped on the Central Manager
..</stdout>
      <stderr></stderr>
      <duration>90.343</duration>
      <timestamp>2019-05-07T12:40:43.965110</timestamp>
      <time>90.343</time>
      <enclosingBlocks/>
      <enclosingBlockNames/>
      <cases>
        <case>
          <duration>25.437</duration>
          <className>TestRestSite</className>
          <testName>TestCase01.test01</testName>
          <skipped>false</skipped>
          <failedSince>0</failedSince>
        </case>
        <case>
          <duration>0.272</duration>
          <className>TestRestSite</className>
          <testName>TestCase01.test02</testName>
          <skipped>false</skipped>
          <failedSince>0</failedSince>
        </case>
        <case>
          <duration>0.139</duration>
          <className>TestRestSite</className>
          <testName>TestCase01.test03</testName>
          <skipped>false</skipped>
          <failedSince>0</failedSince>
        </case>
        <case>
          <duration>0.104</duration>
          <className>TestRestSite</className>
          <testName>TestCase01.test04</testName>
          <skipped>false</skipped>
          <failedSince>0</failedSince>
        </case>
        <case>
          <duration>0.066</duration>
          <className>TestRestSite</className>
          <testName>TestCase01.test05</testName>
          <skipped>false</skipped>
          <failedSince>0</failedSince>
        </case>
        <case>
          <duration>0.015</duration>
          <className>TestRestSite</className>
          <testName>TestCase01.test06</testName>
          <skipped>false</skipped>
          <failedSince>0</failedSince>
        </case>
        <case>
          <duration>53.845</duration>
          <className>TestRestSite</className>
          <testName>TestCase01.test07</testName>
          <skipped>false</skipped>
          <failedSince>0</failedSince>
        </case>
        <case>
          <duration>0.012</duration>
          <className>TestRestSite</className>
          <testName>TestCase01.test10</testName>
          <skipped>false</skipped>
          <failedSince>0</failedSince>
        </case>
        <case>
          <duration>0.022</duration>
          <className>TestRestSite</className>
          <testName>TestCase01.test13</testName>
          <skipped>false</skipped>
          <failedSince>0</failedSince>
        </case>
        <case>
          <duration>0.018</duration>
          <className>TestRestSite</className>
          <testName>TestCase01.test15</testName>
          <skipped>false</skipped>
          <failedSince>0</failedSince>
        </case>
        <case>
          <duration>0.022</duration>
          <className>TestRestSite</className>
          <testName>TestCase01.test16</testName>
          <skipped>false</skipped>
          <failedSince>0</failedSince>
        </case>
        <case>
          <duration>0.039</duration>
          <className>TestRestSite</className>
          <testName>TestCase01.test17</testName>
          <skipped>false</skipped>
          <failedSince>0</failedSince>
        </case>
        <case>
          <duration>0.01</duration>
          <className>TestRestSite</className>
          <testName>TestCase01.test18</testName>
          <skipped>false</skipped>
          <failedSince>0</failedSince>
        </case>
        <case>
          <duration>0.005</duration>
          <className>TestRestSite</className>
          <testName>TestCase01.test19</testName>
          <skipped>false</skipped>
          <failedSince>0</failedSince>
        </case>
        <case>
          <duration>0.006</duration>
          <className>TestRestSite</className>
          <testName>TestCase01.test20</testName>
          <skipped>false</skipped>
          <failedSince>0</failedSince>
        </case>
        <case>
          <duration>0.004</duration>
          <className>TestRestSite</className>
          <testName>TestCase01.test21</testName>
          <skipped>false</skipped>
          <failedSince>0</failedSince>
        </case>
        <case>
          <duration>7.022</duration>
          <className>TestRestSite</className>
          <testName>TestCase01.test22</testName>
          <skipped>false</skipped>
          <failedSince>0</failedSince>
        </case>
        <case>
          <duration>1.084</duration>
          <className>TestRestSite</className>
          <testName>TestCase01.test23</testName>
          <skipped>false</skipped>
          <failedSince>0</failedSince>
        </case>
        <case>
          <duration>0.01</duration>
          <className>TestRestSite</className>
          <testName>TestCase01.test24</testName>
          <skipped>false</skipped>
          <failedSince>0</failedSince>
        </case>
        <case>
          <duration>0.005</duration>
          <className>TestRestSite</className>
          <testName>TestCase01.test25</testName>
          <skipped>false</skipped>
          <failedSince>0</failedSince>
        </case>
        <case>
          <duration>0.007</duration>
          <className>TestRestSite</className>
          <testName>TestCase01.test26</testName>
          <skipped>false</skipped>
          <failedSince>0</failedSince>
        </case>
        <case>
          <duration>2.187</duration>
          <className>TestRestSite</className>
          <testName>TestCase01.test27</testName>
          <skipped>false</skipped>
          <failedSince>0</failedSince>
        </case>
        <case>
          <duration>0.011</duration>
          <className>TestRestSite</className>
          <testName>TestCase01.test28</testName>
          <skipped>false</skipped>
          <failedSince>0</failedSince>
        </case>
        <case>
          <duration>0.0</duration>
          <className>TestRestSite</className>
          <testName>TestCase01.test29</testName>
          <skipped>false</skipped>
          <failedSince>0</failedSince>
        </case>
      </cases>
    </suite>
    <suite>
      <file>/home/jenkins/workspace/Backend/CMC@4/test-results/TEST-rest-TestRestNatDomain.xml</file>
      <name>rest.TestRestNatDomain</name>
      <stdout>..........</stdout>
      <stderr></stderr>
      <duration>68.935</duration>
      <timestamp>2019-05-07T12:41:18.805088</timestamp>
      <time>68.935</time>
      <enclosingBlocks/>
      <enclosingBlockNames/>
      <cases>
        <case>
          <duration>16.977</duration>
          <className>TestRestNatDomain</className>
          <testName>TestCase01.test01</testName>
          <skipped>false</skipped>
          <failedSince>0</failedSince>
        </case>
        <case>
          <duration>18.246</duration>
          <className>TestRestNatDomain</className>
          <testName>TestCase01.test02</testName>
          <skipped>false</skipped>
          <failedSince>0</failedSince>
        </case>
        <case>
          <duration>1.022</duration>
          <className>TestRestNatDomain</className>
          <testName>TestCase01.test03</testName>
          <skipped>false</skipped>
          <failedSince>0</failedSince>
        </case>
        <case>
          <duration>7.146</duration>
          <className>TestRestNatDomain</className>
          <testName>TestCase01.test04</testName>
          <skipped>false</skipped>
          <failedSince>0</failedSince>
        </case>
        <case>
          <duration>8.035</duration>
          <className>TestRestNatDomain</className>
          <testName>TestCase01.test05</testName>
          <skipped>false</skipped>
          <failedSince>0</failedSince>
        </case>
        <case>
          <duration>7.928</duration>
          <className>TestRestNatDomain</className>
          <testName>TestCase01.test06</testName>
          <skipped>false</skipped>
          <failedSince>0</failedSince>
        </case>
        <case>
          <duration>0.857</duration>
          <className>TestRestNatDomain</className>
          <testName>TestCase01.test07</testName>
          <skipped>false</skipped>
          <failedSince>0</failedSince>
        </case>
        <case>
          <duration>3.708</duration>
          <className>TestRestNatDomain</className>
          <testName>TestCase01.test08</testName>
          <skipped>false</skipped>
          <failedSince>0</failedSince>
        </case>
        <case>
          <duration>0.881</duration>
          <className>TestRestNatDomain</className>
          <testName>TestCase01.test09</testName>
          <skipped>false</skipped>
          <failedSince>0</failedSince>
        </case>
        <case>
          <duration>4.133</duration>
          <className>TestRestNatDomain</className>
          <testName>TestCase01.test10</testName>
          <skipped>false</skipped>
          <failedSince>0</failedSince>
        </case>
      </cases>
    </suite>
    <suite>
      <file>/home/jenkins/workspace/Backend/CMC/test-results/TEST-rest-TestRestInitial.xml</file>
      <name>rest.TestRestInitial</name>
      <stdout>.</stdout>
      <stderr></stderr>
      <duration>7.513</duration>
      <timestamp>2019-05-07T12:42:23.209475</timestamp>
      <time>7.513</time>
      <enclosingBlocks/>
      <enclosingBlockNames/>
      <cases>
        <case>
          <duration>7.513</duration>
          <className>TestRestInitial</className>
          <testName>TestCase01.test01</testName>
          <skipped>false</skipped>
          <failedSince>0</failedSince>
        </case>
      </cases>
    </suite>
    <suite>
      <file>/home/jenkins/workspace/Backend/CMC@2/test-results/TEST-cli-TestPerformanceHistory.xml</file>
      <name>cli.TestPerformanceHistory</name>
      <stdout>Test skipped on the Central Manager
.Test skipped on the Central Manager
.Test skipped on the Central Manager
.Test skipped on the Central Manager
.Test skipped on the Central Manager
.Test skipped on the Central Manager
.Test skipped on the Central Manager
.Test skipped on the Central Manager
.Test skipped on the Central Manager
.Test skipped on the Central Manager
.Test skipped on the Central Manager
.Test skipped on the Central Manager
...</stdout>
      <stderr></stderr>
      <duration>1.002</duration>
      <timestamp>2019-05-07T12:42:30.911262</timestamp>
      <time>1.002</time>
      <enclosingBlocks/>
      <enclosingBlockNames/>
      <cases>
        <case>
          <duration>0.0</duration>
          <className>TestPerformanceHistory</className>
          <testName>TestCase01.test01_verify_if_file_has_proper_content</testName>
          <skipped>false</skipped>
          <failedSince>0</failedSince>
        </case>
        <case>
          <duration>0.0</duration>
          <className>TestPerformanceHistory</className>
          <testName>TestCase01.test02_verify_markers_has_the_same_timestamps</testName>
          <skipped>false</skipped>
          <failedSince>0</failedSince>
        </case>
        <case>
          <duration>0.0</duration>
          <className>TestPerformanceHistory</className>
          <testName>TestCase01.test03_verify_file_are_daily_rotated</testName>
          <skipped>false</skipped>
          <failedSince>0</failedSince>
        </case>
        <case>
          <duration>0.0</duration>
          <className>TestPerformanceHistory</className>
          <testName>TestCase01.test05_verify_performance_metrics_contains_only_10_sec_sections</testName>
          <skipped>false</skipped>
          <failedSince>0</failedSince>
        </case>
        <case>
          <duration>0.0</duration>
          <className>TestPerformanceHistory</className>
          <testName>TestCase01.test06_verify_performance_metrics_does_not_contain_excluded_sections</testName>
          <skipped>false</skipped>
          <failedSince>0</failedSince>
        </case>
        <case>
          <duration>0.0</duration>
          <className>TestPerformanceHistory</className>
          <testName>TestCase01.test07_verify_performance_metrics_100s_frequency_contains_excluded_sections</testName>
          <skipped>false</skipped>
          <failedSince>0</failedSince>
        </case>
        <case>
          <duration>0.0</duration>
          <className>TestPerformanceHistory</className>
          <testName>TestCase01.test08_verify_performance_metrics_10s_frequency_not_contains_excluded_sections</testName>
          <skipped>false</skipped>
          <failedSince>0</failedSince>
        </case>
        <case>
          <duration>0.0</duration>
          <className>TestPerformanceHistory</className>
          <testName>TestCase01.test09_verify_performance_metrics_are_stored_every_10_seconds</testName>
          <skipped>false</skipped>
          <failedSince>0</failedSince>
        </case>
        <case>
          <duration>0.0</duration>
          <className>TestPerformanceHistory</className>
          <testName>TestCase02.test01_verify_if_files_are_cleaned_up_after_180_days</testName>
          <skipped>false</skipped>
          <failedSince>0</failedSince>
        </case>
        <case>
          <duration>0.0</duration>
          <className>TestPerformanceHistory</className>
          <testName>TestCase02.test02_verify_if_files_are_cleaned_up_when_clock_is_set_back_in_time</testName>
          <skipped>false</skipped>
          <failedSince>0</failedSince>
        </case>
        <case>
          <duration>0.0</duration>
          <className>TestPerformanceHistory</className>
          <testName>TestCase02.test03_verify_if_snapshots_are_cleaned_up_when_clock_is_set_back_in_time</testName>
          <skipped>false</skipped>
          <failedSince>0</failedSince>
        </case>
        <case>
          <duration>0.0</duration>
          <className>TestPerformanceHistory</className>
          <testName>TestCase03.test01_verify_if_performance_history_is_disabled</testName>
          <skipped>false</skipped>
          <failedSince>0</failedSince>
        </case>
        <case>
          <duration>0.987</duration>
          <className>TestPerformanceHistory</className>
          <testName>TestCase04.test01</testName>
          <skipped>false</skipped>
          <failedSince>0</failedSince>
        </case>
        <case>
          <duration>0.013</duration>
          <className>TestPerformanceHistory</className>
          <testName>TestCase04.test02</testName>
          <skipped>false</skipped>
          <failedSince>0</failedSince>
        </case>
      </cases>
    </suite>
    <suite>
      <file>/home/jenkins/workspace/Backend/CMC@12/test-results/TEST-rest-TestRestLogging.xml</file>
      <name>rest.TestRestLogging</name>
      <stdout>......Test test07 skipped in sandbox
.Test skipped on the Central Manager
..</stdout>
      <stderr></stderr>
      <duration>8.144</duration>
      <timestamp>2019-05-07T12:42:28.013525</timestamp>
      <time>8.144</time>
      <enclosingBlocks/>
      <enclosingBlockNames/>
      <cases>
        <case>
          <duration>8.127</duration>
          <className>TestRestLogging</className>
          <testName>TestCase01.test01</testName>
          <skipped>false</skipped>
          <failedSince>0</failedSince>
        </case>
        <case>
          <duration>0.0</duration>
          <className>TestRestLogging</className>
          <testName>TestCase01.test02</testName>
          <skipped>false</skipped>
          <failedSince>0</failedSince>
        </case>
        <case>
          <duration>0.0</duration>
          <className>TestRestLogging</className>
          <testName>TestCase01.test03</testName>
          <skipped>false</skipped>
          <failedSince>0</failedSince>
        </case>
        <case>
          <duration>0.0</duration>
          <className>TestRestLogging</className>
          <testName>TestCase01.test04</testName>
          <skipped>false</skipped>
          <failedSince>0</failedSince>
        </case>
        <case>
          <duration>0.0</duration>
          <className>TestRestLogging</className>
          <testName>TestCase01.test05</testName>
          <skipped>false</skipped>
          <failedSince>0</failedSince>
        </case>
        <case>
          <duration>0.0</duration>
          <className>TestRestLogging</className>
          <testName>TestCase01.test06</testName>
          <skipped>false</skipped>
          <failedSince>0</failedSince>
        </case>
        <case>
          <duration>0.0</duration>
          <className>TestRestLogging</className>
          <testName>TestCase01.test07</testName>
          <skipped>false</skipped>
          <failedSince>0</failedSince>
        </case>
        <case>
          <duration>0.015</duration>
          <className>TestRestLogging</className>
          <testName>TestCase01.test08</testName>
          <skipped>false</skipped>
          <failedSince>0</failedSince>
        </case>
        <case>
          <duration>0.0</duration>
          <className>TestRestLogging</className>
          <testName>TestCase01.test09</testName>
          <skipped>false</skipped>
          <failedSince>0</failedSince>
        </case>
      </cases>
    </suite>
    <suite>
      <file>/home/jenkins/workspace/Backend/CMC@3/test-results/TEST-cli-TestDecoderCatalog.xml</file>
      <name>cli.TestDecoderCatalog</name>
      <stdout>.....Test test06 skipped in sandbox
.Test test07 skipped in sandbox
.</stdout>
      <stderr></stderr>
      <duration>1.603</duration>
      <timestamp>2019-05-07T12:42:36.775270</timestamp>
      <time>1.603</time>
      <enclosingBlocks/>
      <enclosingBlockNames/>
      <cases>
        <case>
          <duration>1.541</duration>
          <className>TestDecoderCatalog</className>
          <testName>TestCase01.test01</testName>
          <skipped>false</skipped>
          <failedSince>0</failedSince>
        </case>
        <case>
          <duration>0.007</duration>
          <className>TestDecoderCatalog</className>
          <testName>TestCase01.test02</testName>
          <skipped>false</skipped>
          <failedSince>0</failedSince>
        </case>
        <case>
          <duration>0.041</duration>
          <className>TestDecoderCatalog</className>
          <testName>TestCase01.test03</testName>
          <skipped>false</skipped>
          <failedSince>0</failedSince>
        </case>
        <case>
          <duration>0.009</duration>
          <className>TestDecoderCatalog</className>
          <testName>TestCase01.test04</testName>
          <skipped>false</skipped>
          <failedSince>0</failedSince>
        </case>
        <case>
          <duration>0.006</duration>
          <className>TestDecoderCatalog</className>
          <testName>TestCase01.test05</testName>
          <skipped>false</skipped>
          <failedSince>0</failedSince>
        </case>
        <case>
          <duration>0.0</duration>
          <className>TestDecoderCatalog</className>
          <testName>TestCase01.test06</testName>
          <skipped>false</skipped>
          <failedSince>0</failedSince>
        </case>
        <case>
          <duration>0.0</duration>
          <className>TestDecoderCatalog</className>
          <testName>TestCase01.test07</testName>
          <skipped>false</skipped>
          <failedSince>0</failedSince>
        </case>
      </cases>
    </suite>
    <suite>
      <file>/home/jenkins/workspace/Backend/CMC@3/test-results/TEST-cli-TestSystemContact.xml</file>
      <name>cli.TestSystemContact</name>
      <stdout>.................</stdout>
      <stderr></stderr>
      <duration>43.471</duration>
      <timestamp>2019-05-07T12:41:56.385149</timestamp>
      <time>43.471</time>
      <enclosingBlocks/>
      <enclosingBlockNames/>
      <cases>
        <case>
          <duration>34.026</duration>
          <className>TestSystemContact</className>
          <testName>TestCase01.test01</testName>
          <skipped>false</skipped>
          <failedSince>0</failedSince>
        </case>
        <case>
          <duration>1.312</duration>
          <className>TestSystemContact</className>
          <testName>TestCase01.test02</testName>
          <skipped>false</skipped>
          <failedSince>0</failedSince>
        </case>
        <case>
          <duration>1.356</duration>
          <className>TestSystemContact</className>
          <testName>TestCase01.test03</testName>
          <skipped>false</skipped>
          <failedSince>0</failedSince>
        </case>
        <case>
          <duration>0.252</duration>
          <className>TestSystemContact</className>
          <testName>TestCase01.test04</testName>
          <skipped>false</skipped>
          <failedSince>0</failedSince>
        </case>
        <case>
          <duration>0.13</duration>
          <className>TestSystemContact</className>
          <testName>TestCase01.test05</testName>
          <skipped>false</skipped>
          <failedSince>0</failedSince>
        </case>
        <case>
          <duration>0.683</duration>
          <className>TestSystemContact</className>
          <testName>TestCase01.test06</testName>
          <skipped>false</skipped>
          <failedSince>0</failedSince>
        </case>
        <case>
          <duration>0.321</duration>
          <className>TestSystemContact</className>
          <testName>TestCase01.test07</testName>
          <skipped>false</skipped>
          <failedSince>0</failedSince>
        </case>
        <case>
          <duration>0.697</duration>
          <className>TestSystemContact</className>
          <testName>TestCase01.test08</testName>
          <skipped>false</skipped>
          <failedSince>0</failedSince>
        </case>
        <case>
          <duration>0.156</duration>
          <className>TestSystemContact</className>
          <testName>TestCase01.test09</testName>
          <skipped>false</skipped>
          <failedSince>0</failedSince>
        </case>
        <case>
          <duration>0.108</duration>
          <className>TestSystemContact</className>
          <testName>TestCase01.test10</testName>
          <skipped>false</skipped>
          <failedSince>0</failedSince>
        </case>
        <case>
          <duration>0.414</duration>
          <className>TestSystemContact</className>
          <testName>TestCase01.test11</testName>
          <skipped>false</skipped>
          <failedSince>0</failedSince>
        </case>
        <case>
          <duration>0.247</duration>
          <className>TestSystemContact</className>
          <testName>TestCase01.test12</testName>
          <skipped>false</skipped>
          <failedSince>0</failedSince>
        </case>
        <case>
          <duration>0.35</duration>
          <className>TestSystemContact</className>
          <testName>TestCase01.test13</testName>
          <skipped>false</skipped>
          <failedSince>0</failedSince>
        </case>
        <case>
          <duration>0.169</duration>
          <className>TestSystemContact</className>
          <testName>TestCase01.test14</testName>
          <skipped>false</skipped>
          <failedSince>0</failedSince>
        </case>
        <case>
          <duration>0.372</duration>
          <className>TestSystemContact</className>
          <testName>TestCase01.test15</testName>
          <skipped>false</skipped>
          <failedSince>0</failedSince>
        </case>
        <case>
          <duration>2.437</duration>
          <className>TestSystemContact</className>
          <testName>TestCase01.test16</testName>
          <skipped>false</skipped>
          <failedSince>0</failedSince>
        </case>
        <case>
          <duration>0.441</duration>
          <className>TestSystemContact</className>
          <testName>TestCase01.test17</testName>
          <skipped>false</skipped>
          <failedSince>0</failedSince>
        </case>
      </cases>
    </suite>
    <suite>
      <file>/home/jenkins/workspace/Backend/CMC@6/test-results/TEST-cli-TestGroupRole.xml</file>
      <name>cli.TestGroupRole</name>
      <stdout>........</stdout>
      <stderr></stderr>
      <duration>6.499</duration>
      <timestamp>2019-05-07T12:42:33.562144</timestamp>
      <time>6.499</time>
      <enclosingBlocks/>
      <enclosingBlockNames/>
      <cases>
        <case>
          <duration>1.669</duration>
          <className>TestGroupRole</className>
          <testName>TestCase01.test01</testName>
          <skipped>false</skipped>
          <failedSince>0</failedSince>
        </case>
        <case>
          <duration>0.05</duration>
          <className>TestGroupRole</className>
          <testName>TestCase01.test02</testName>
          <skipped>false</skipped>
          <failedSince>0</failedSince>
        </case>
        <case>
          <duration>0.049</duration>
          <className>TestGroupRole</className>
          <testName>TestCase01.test03</testName>
          <skipped>false</skipped>
          <failedSince>0</failedSince>
        </case>
        <case>
          <duration>0.147</duration>
          <className>TestGroupRole</className>
          <testName>TestCase01.test04</testName>
          <skipped>false</skipped>
          <failedSince>0</failedSince>
        </case>
        <case>
          <duration>0.048</duration>
          <className>TestGroupRole</className>
          <testName>TestCase01.test05</testName>
          <skipped>false</skipped>
          <failedSince>0</failedSince>
        </case>
        <case>
          <duration>0.047</duration>
          <className>TestGroupRole</className>
          <testName>TestCase01.test06</testName>
          <skipped>false</skipped>
          <failedSince>0</failedSince>
        </case>
        <case>
          <duration>0.052</duration>
          <className>TestGroupRole</className>
          <testName>TestCase01.test07</testName>
          <skipped>false</skipped>
          <failedSince>0</failedSince>
        </case>
        <case>
          <duration>4.437</duration>
          <className>TestGroupRole</className>
          <testName>TestCase01.test99</testName>
          <skipped>false</skipped>
          <failedSince>0</failedSince>
        </case>
      </cases>
    </suite>
    <suite>
      <file>/home/jenkins/workspace/Backend/CMC@2/test-results/TEST-rest-TestRestEndpoint.xml</file>
      <name>rest.TestRestEndpoint</name>
      <stdout>.......................................</stdout>
      <stderr></stderr>
      <duration>224.009</duration>
      <timestamp>2019-05-07T12:38:41.418681</timestamp>
      <time>224.009</time>
      <enclosingBlocks/>
      <enclosingBlockNames/>
      <cases>
        <case>
          <duration>1.822</duration>
          <className>TestRestEndpoint</className>
          <testName>TestCase00.test01</testName>
          <skipped>false</skipped>
          <failedSince>0</failedSince>
        </case>
        <case>
          <duration>62.805</duration>
          <className>TestRestEndpoint</className>
          <testName>TestCase01.test01</testName>
          <skipped>false</skipped>
          <failedSince>0</failedSince>
        </case>
        <case>
          <duration>0.089</duration>
          <className>TestRestEndpoint</className>
          <testName>TestCase01.test02</testName>
          <skipped>false</skipped>
          <failedSince>0</failedSince>
        </case>
        <case>
          <duration>0.026</duration>
          <className>TestRestEndpoint</className>
          <testName>TestCase01.test03</testName>
          <skipped>false</skipped>
          <failedSince>0</failedSince>
        </case>
        <case>
          <duration>0.145</duration>
          <className>TestRestEndpoint</className>
          <testName>TestCase01.test04</testName>
          <skipped>false</skipped>
          <failedSince>0</failedSince>
        </case>
        <case>
          <duration>0.112</duration>
          <className>TestRestEndpoint</className>
          <testName>TestCase01.test05</testName>
          <skipped>false</skipped>
          <failedSince>0</failedSince>
        </case>
        <case>
          <duration>0.13</duration>
          <className>TestRestEndpoint</className>
          <testName>TestCase01.test13</testName>
          <skipped>false</skipped>
          <failedSince>0</failedSince>
        </case>
        <case>
          <duration>0.077</duration>
          <className>TestRestEndpoint</className>
          <testName>TestCase01.test15</testName>
          <skipped>false</skipped>
          <failedSince>0</failedSince>
        </case>
        <case>
          <duration>0.128</duration>
          <className>TestRestEndpoint</className>
          <testName>TestCase01.test16</testName>
          <skipped>false</skipped>
          <failedSince>0</failedSince>
        </case>
        <case>
          <duration>0.068</duration>
          <className>TestRestEndpoint</className>
          <testName>TestCase01.test17</testName>
          <skipped>false</skipped>
          <failedSince>0</failedSince>
        </case>
        <case>
          <duration>0.077</duration>
          <className>TestRestEndpoint</className>
          <testName>TestCase01.test22</testName>
          <skipped>false</skipped>
          <failedSince>0</failedSince>
        </case>
        <case>
          <duration>0.026</duration>
          <className>TestRestEndpoint</className>
          <testName>TestCase01.test23</testName>
          <skipped>false</skipped>
          <failedSince>0</failedSince>
        </case>
        <case>
          <duration>10.91</duration>
          <className>TestRestEndpoint</className>
          <testName>TestCase02.test01</testName>
          <skipped>false</skipped>
          <failedSince>0</failedSince>
        </case>
        <case>
          <duration>12.683</duration>
          <className>TestRestEndpoint</className>
          <testName>TestCase03.test01</testName>
          <skipped>false</skipped>
          <failedSince>0</failedSince>
        </case>
        <case>
          <duration>0.069</duration>
          <className>TestRestEndpoint</className>
          <testName>TestCase03.test02</testName>
          <skipped>false</skipped>
          <failedSince>0</failedSince>
        </case>
        <case>
          <duration>0.125</duration>
          <className>TestRestEndpoint</className>
          <testName>TestCase03.test03</testName>
          <skipped>false</skipped>
          <failedSince>0</failedSince>
        </case>
        <case>
          <duration>0.196</duration>
          <className>TestRestEndpoint</className>
          <testName>TestCase03.test04</testName>
          <skipped>false</skipped>
          <failedSince>0</failedSince>
        </case>
        <case>
          <duration>0.217</duration>
          <className>TestRestEndpoint</className>
          <testName>TestCase03.test05</testName>
          <skipped>false</skipped>
          <failedSince>0</failedSince>
        </case>
        <case>
          <duration>0.193</duration>
          <className>TestRestEndpoint</className>
          <testName>TestCase03.test13</testName>
          <skipped>false</skipped>
          <failedSince>0</failedSince>
        </case>
        <case>
          <duration>0.154</duration>
          <className>TestRestEndpoint</className>
          <testName>TestCase03.test15</testName>
          <skipped>false</skipped>
          <failedSince>0</failedSince>
        </case>
        <case>
          <duration>0.228</duration>
          <className>TestRestEndpoint</className>
          <testName>TestCase03.test16</testName>
          <skipped>false</skipped>
          <failedSince>0</failedSince>
        </case>
        <case>
          <duration>0.119</duration>
          <className>TestRestEndpoint</className>
          <testName>TestCase03.test17</testName>
          <skipped>false</skipped>
          <failedSince>0</failedSince>
        </case>
        <case>
          <duration>10.127</duration>
          <className>TestRestEndpoint</className>
          <testName>TestCase04.test01</testName>
          <skipped>false</skipped>
          <failedSince>0</failedSince>
        </case>
        <case>
          <duration>0.026</duration>
          <className>TestRestEndpoint</className>
          <testName>TestCase04.test02</testName>
          <skipped>false</skipped>
          <failedSince>0</failedSince>
        </case>
        <case>
          <duration>8.338</duration>
          <className>TestRestEndpoint</className>
          <testName>TestCase05.test01</testName>
          <skipped>false</skipped>
          <failedSince>0</failedSince>
        </case>
        <case>
          <duration>15.79</duration>
          <className>TestRestEndpoint</className>
          <testName>TestCase06.test01</testName>
          <skipped>false</skipped>
          <failedSince>0</failedSince>
        </case>
        <case>
          <duration>0.146</duration>
          <className>TestRestEndpoint</className>
          <testName>TestCase06.test02</testName>
          <skipped>false</skipped>
          <failedSince>0</failedSince>
        </case>
        <case>
          <duration>0.47</duration>
          <className>TestRestEndpoint</className>
          <testName>TestCase06.test03</testName>
          <skipped>false</skipped>
          <failedSince>0</failedSince>
        </case>
        <case>
          <duration>0.213</duration>
          <className>TestRestEndpoint</className>
          <testName>TestCase06.test04</testName>
          <skipped>false</skipped>
          <failedSince>0</failedSince>
        </case>
        <case>
          <duration>0.081</duration>
          <className>TestRestEndpoint</className>
          <testName>TestCase06.test05</testName>
          <skipped>false</skipped>
          <failedSince>0</failedSince>
        </case>
        <case>
          <duration>0.234</duration>
          <className>TestRestEndpoint</className>
          <testName>TestCase06.test06</testName>
          <skipped>false</skipped>
          <failedSince>0</failedSince>
        </case>
        <case>
          <duration>0.559</duration>
          <className>TestRestEndpoint</className>
          <testName>TestCase06.test07</testName>
          <skipped>false</skipped>
          <failedSince>0</failedSince>
        </case>
        <case>
          <duration>0.471</duration>
          <className>TestRestEndpoint</className>
          <testName>TestCase06.test08</testName>
          <skipped>false</skipped>
          <failedSince>0</failedSince>
        </case>
        <case>
          <duration>0.331</duration>
          <className>TestRestEndpoint</className>
          <testName>TestCase06.test09</testName>
          <skipped>false</skipped>
          <failedSince>0</failedSince>
        </case>
        <case>
          <duration>11.228</duration>
          <className>TestRestEndpoint</className>
          <testName>TestCase07.test01</testName>
          <skipped>false</skipped>
          <failedSince>0</failedSince>
        </case>
        <case>
          <duration>0.04</duration>
          <className>TestRestEndpoint</className>
          <testName>TestCase07.test02</testName>
          <skipped>false</skipped>
          <failedSince>0</failedSince>
        </case>
        <case>
          <duration>0.062</duration>
          <className>TestRestEndpoint</className>
          <testName>TestCase07.test03</testName>
          <skipped>false</skipped>
          <failedSince>0</failedSince>
        </case>
        <case>
          <duration>0.116</duration>
          <className>TestRestEndpoint</className>
          <testName>TestCase07.test04</testName>
          <skipped>false</skipped>
          <failedSince>0</failedSince>
        </case>
        <case>
          <duration>85.354</duration>
          <className>TestRestEndpoint</className>
          <testName>TestCase08.test01</testName>
          <skipped>false</skipped>
          <failedSince>0</failedSince>
        </case>
      </cases>
    </suite>
    <suite>
      <file>/home/jenkins/workspace/Backend/CMC/test-results/TEST-rest-TestRestCustomPnqm.xml</file>
      <name>rest.TestRestCustomPnqm</name>
      <stdout>..................
TestCase01.test19: Forbid creating session with custom-pnqm-signature when pnqm is disabled
.TestCase02.test01: Basic secondary-hash test
.TestCase02.test02: Independence of primary/secondary hash-message-type/constant
.TestCase03.test01: Basic test for translations
.TestCase03.test02: Verify that packet-based features are blocked for translation-rules
.TestCase03.test03: Verify that packet-based features are not encoded for translation-rules
.TestCase03.test04: Verify that ad
...[truncated 1443 chars]...
 provides-multicast in the leaves-subnet-group. Destination with a narrower groups.
.TestCase04.test16: Custom signature with a unicast subnet and a provide-multicast source moving to the dest
.TestCase04.test17: Adding unicast subnets to destination to Test14.
.TestCase04.test18: Adding unicast subnets to source and destination to Test14.
.TestCase04.test19: Adding unicast subnets in the source to Test15.
.TestCase04.test20: Negated basic test for match subnet-groups in custom pnqm signatures
.</stdout>
      <stderr></stderr>
      <duration>294.16</duration>
      <timestamp>2019-05-07T12:37:48.207987</timestamp>
      <time>294.160</time>
      <enclosingBlocks/>
      <enclosingBlockNames/>
      <cases>
        <case>
          <duration>30.225</duration>
          <className>TestRestCustomPnqm</className>
          <testName>TestCase01.test01</testName>
          <skipped>false</skipped>
          <failedSince>0</failedSince>
        </case>
        <case>
          <duration>24.355</duration>
          <className>TestRestCustomPnqm</className>
          <testName>TestCase01.test02</testName>
          <skipped>false</skipped>
          <failedSince>0</failedSince>
        </case>
        <case>
          <duration>0.87</duration>
          <className>TestRestCustomPnqm</className>
          <testName>TestCase01.test03</testName>
          <skipped>false</skipped>
          <failedSince>0</failedSince>
        </case>
        <case>
          <duration>26.349</duration>
          <className>TestRestCustomPnqm</className>
          <testName>TestCase01.test04</testName>
          <skipped>false</skipped>
          <failedSince>0</failedSince>
        </case>
        <case>
          <duration>5.96</duration>
          <className>TestRestCustomPnqm</className>
          <testName>TestCase01.test05</testName>
          <skipped>false</skipped>
          <failedSince>0</failedSince>
        </case>
        <case>
          <duration>0.648</duration>
          <className>TestRestCustomPnqm</className>
          <testName>TestCase01.test06</testName>
          <skipped>false</skipped>
          <failedSince>0</failedSince>
        </case>
        <case>
          <duration>0.285</duration>
          <className>TestRestCustomPnqm</className>
          <testName>TestCase01.test07</testName>
          <skipped>false</skipped>
          <failedSince>0</failedSince>
        </case>
        <case>
          <duration>1.257</duration>
          <className>TestRestCustomPnqm</className>
          <testName>TestCase01.test08</testName>
          <skipped>false</skipped>
          <failedSince>0</failedSince>
        </case>
        <case>
          <duration>2.0</duration>
          <className>TestRestCustomPnqm</className>
          <testName>TestCase01.test09</testName>
          <skipped>false</skipped>
          <failedSince>0</failedSince>
        </case>
        <case>
          <duration>0.471</duration>
          <className>TestRestCustomPnqm</className>
          <testName>TestCase01.test10</testName>
          <skipped>false</skipped>
          <failedSince>0</failedSince>
        </case>
        <case>
          <duration>0.528</duration>
          <className>TestRestCustomPnqm</className>
          <testName>TestCase01.test11</testName>
          <skipped>false</skipped>
          <failedSince>0</failedSince>
        </case>
        <case>
          <duration>0.243</duration>
          <className>TestRestCustomPnqm</className>
          <testName>TestCase01.test12</testName>
          <skipped>false</skipped>
          <failedSince>0</failedSince>
        </case>
        <case>
          <duration>0.201</duration>
          <className>TestRestCustomPnqm</className>
          <testName>TestCase01.test13</testName>
          <skipped>false</skipped>
          <failedSince>0</failedSince>
        </case>
        <case>
          <duration>0.454</duration>
          <className>TestRestCustomPnqm</className>
          <testName>TestCase01.test14</testName>
          <skipped>false</skipped>
          <failedSince>0</failedSince>
        </case>
        <case>
          <duration>0.056</duration>
          <className>TestRestCustomPnqm</className>
          <testName>TestCase01.test15</testName>
          <skipped>false</skipped>
          <failedSince>0</failedSince>
        </case>
        <case>
          <duration>51.686</duration>
          <className>TestRestCustomPnqm</className>
          <testName>TestCase01.test16</testName>
          <skipped>false</skipped>
          <failedSince>0</failedSince>
        </case>
        <case>
          <duration>13.099</duration>
          <className>TestRestCustomPnqm</className>
          <testName>TestCase01.test17</testName>
          <skipped>false</skipped>
          <failedSince>0</failedSince>
        </case>
        <case>
          <duration>0.033</duration>
          <className>TestRestCustomPnqm</className>
          <testName>TestCase01.test18</testName>
          <skipped>false</skipped>
          <failedSince>0</failedSince>
        </case>
        <case>
          <duration>0.024</duration>
          <className>TestRestCustomPnqm</className>
          <testName>TestCase01.test19</testName>
          <skipped>false</skipped>
          <failedSince>0</failedSince>
        </case>
        <case>
          <duration>5.012</duration>
          <className>TestRestCustomPnqm</className>
          <testName>TestCase02.test01</testName>
          <skipped>false</skipped>
          <failedSince>0</failedSince>
        </case>
        <case>
          <duration>10.818</duration>
          <className>TestRestCustomPnqm</className>
          <testName>TestCase02.test02</testName>
          <skipped>false</skipped>
          <failedSince>0</failedSince>
        </case>
        <case>
          <duration>7.933</duration>
          <className>TestRestCustomPnqm</className>
          <testName>TestCase03.test01</testName>
          <skipped>false</skipped>
          <failedSince>0</failedSince>
        </case>
        <case>
          <duration>5.526</duration>
          <className>TestRestCustomPnqm</className>
          <testName>TestCase03.test02</testName>
          <skipped>false</skipped>
          <failedSince>0</failedSince>
        </case>
        <case>
          <duration>6.381</duration>
          <className>TestRestCustomPnqm</className>
          <testName>TestCase03.test03</testName>
          <skipped>false</skipped>
          <failedSince>0</failedSince>
        </case>
        <case>
          <duration>5.855</duration>
          <className>TestRestCustomPnqm</className>
          <testName>TestCase03.test04</testName>
          <skipped>false</skipped>
          <failedSince>0</failedSince>
        </case>
        <case>
          <duration>5.659</duration>
          <className>TestRestCustomPnqm</className>
          <testName>TestCase03.test05</testName>
          <skipped>false</skipped>
          <failedSince>0</failedSince>
        </case>
        <case>
          <duration>4.546</duration>
          <className>TestRestCustomPnqm</className>
          <testName>TestCase04.test01</testName>
          <skipped>false</skipped>
          <failedSince>0</failedSince>
        </case>
        <case>
          <duration>1.485</duration>
          <className>TestRestCustomPnqm</className>
          <testName>TestCase04.test02</testName>
          <skipped>false</skipped>
          <failedSince>0</failedSince>
        </case>
        <case>
          <duration>5.328</duration>
          <className>TestRestCustomPnqm</className>
          <testName>TestCase04.test03</testName>
          <skipped>false</skipped>
          <failedSince>0</failedSince>
        </case>
        <case>
          <duration>4.805</duration>
          <className>TestRestCustomPnqm</className>
          <testName>TestCase04.test04</testName>
          <skipped>false</skipped>
          <failedSince>0</failedSince>
        </case>
        <case>
          <duration>4.894</duration>
          <className>TestRestCustomPnqm</className>
          <testName>TestCase04.test05</testName>
          <skipped>false</skipped>
          <failedSince>0</failedSince>
        </case>
        <case>
          <duration>1.381</duration>
          <className>TestRestCustomPnqm</className>
          <testName>TestCase04.test06</testName>
          <skipped>false</skipped>
          <failedSince>0</failedSince>
        </case>
        <case>
          <duration>3.754</duration>
          <className>TestRestCustomPnqm</className>
          <testName>TestCase04.test07</testName>
          <skipped>false</skipped>
          <failedSince>0</failedSince>
        </case>
        <case>
          <duration>3.681</duration>
          <className>TestRestCustomPnqm</className>
          <testName>TestCase04.test08</testName>
          <skipped>false</skipped>
          <failedSince>0</failedSince>
        </case>
        <case>
          <duration>0.88</duration>
          <className>TestRestCustomPnqm</className>
          <testName>TestCase04.test09</testName>
          <skipped>false</skipped>
          <failedSince>0</failedSince>
        </case>
        <case>
          <duration>5.997</duration>
          <className>TestRestCustomPnqm</className>
          <testName>TestCase04.test10</testName>
          <skipped>false</skipped>
          <failedSince>0</failedSince>
        </case>
        <case>
          <duration>4.403</duration>
          <className>TestRestCustomPnqm</className>
          <testName>TestCase04.test11</testName>
          <skipped>false</skipped>
          <failedSince>0</failedSince>
        </case>
        <case>
          <duration>5.566</duration>
          <className>TestRestCustomPnqm</className>
          <testName>TestCase04.test12</testName>
          <skipped>false</skipped>
          <failedSince>0</failedSince>
        </case>
        <case>
          <duration>4.592</duration>
          <className>TestRestCustomPnqm</className>
          <testName>TestCase04.test13</testName>
          <skipped>false</skipped>
          <failedSince>0</failedSince>
        </case>
        <case>
          <duration>5.277</duration>
          <className>TestRestCustomPnqm</className>
          <testName>TestCase04.test14</testName>
          <skipped>false</skipped>
          <failedSince>0</failedSince>
        </case>
        <case>
          <duration>11.465</duration>
          <className>TestRestCustomPnqm</className>
          <testName>TestCase04.test15</testName>
          <skipped>false</skipped>
          <failedSince>0</failedSince>
        </case>
        <case>
          <duration>6.791</duration>
          <className>TestRestCustomPnqm</className>
          <testName>TestCase04.test16</testName>
          <skipped>false</skipped>
          <failedSince>0</failedSince>
        </case>
        <case>
          <duration>0.968</duration>
          <className>TestRestCustomPnqm</className>
          <testName>TestCase04.test17</testName>
          <skipped>false</skipped>
          <failedSince>0</failedSince>
        </case>
        <case>
          <duration>3.379</duration>
          <className>TestRestCustomPnqm</className>
          <testName>TestCase04.test18</testName>
          <skipped>false</skipped>
          <failedSince>0</failedSince>
        </case>
        <case>
          <duration>4.798</duration>
          <className>TestRestCustomPnqm</className>
          <testName>TestCase04.test19</testName>
          <skipped>false</skipped>
          <failedSince>0</failedSince>
        </case>
        <case>
          <duration>3.398</duration>
          <className>TestRestCustomPnqm</className>
          <testName>TestCase04.test20</testName>
          <skipped>false</skipped>
          <failedSince>0</failedSince>
        </case>
      </cases>
    </suite>
    <suite>
      <file>/home/jenkins/workspace/Backend/CMC@2/test-results/TEST-cli-TestCustomApp.xml</file>
      <name>cli.TestCustomApp</name>
      <stdout>.....................
TestCase02.test06: BQM-33828 Variant support in custom-applications
..
TestCase02.test08: BQM-34713 Inconsistencies in how deleted decoders are handled in the CLI.
[waiting for probed to restart.1s]
.........
TestCase03.test09: BQM-20296: test capture-field-pattern toPoaRelative
.
TestCase03.test10: BQM-25949: capture-field-pattern * accepted in custom-apps using gap-only decoders
.
TestCase03.test11: BQM-35489 &apos;match tcp destination-port&apos; suggests invalid values
......0
.Test skipped on the Central Manager
.Test skipped on the Central Manager
.
TestCase04.test07: BQM-33141 deleted options/decoders comment lines
[waiting for probed to restart.1s]
.
TestCase04.test08: BQM-42123 show flow-diag crashes probed when flow is assigned a custom-application with a deleted/fake decoder
Test skipped on the Central Manager
.Test skipped on the Central Manager
.</stdout>
      <stderr></stderr>
      <duration>434.854</duration>
      <timestamp>2019-05-07T12:35:32.786394</timestamp>
      <time>434.854</time>
      <enclosingBlocks/>
      <enclosingBlockNames/>
      <cases>
        <case>
          <duration>29.714</duration>
          <className>TestCustomApp</className>
          <testName>TestCase01.test01</testName>
          <skipped>false</skipped>
          <failedSince>0</failedSince>
        </case>
        <case>
          <duration>0.027</duration>
          <className>TestCustomApp</className>
          <testName>TestCase01.test02</testName>
          <skipped>false</skipped>
          <failedSince>0</failedSince>
        </case>
        <case>
          <duration>0.07</duration>
          <className>TestCustomApp</className>
          <testName>TestCase01.test03</testName>
          <skipped>false</skipped>
          <failedSince>0</failedSince>
        </case>
        <case>
          <duration>0.072</duration>
          <className>TestCustomApp</className>
          <testName>TestCase01.test04</testName>
          <skipped>false</skipped>
          <failedSince>0</failedSince>
        </case>
        <case>
          <duration>0.127</duration>
          <className>TestCustomApp</className>
          <testName>TestCase01.test05</testName>
          <skipped>false</skipped>
          <failedSince>0</failedSince>
        </case>
        <case>
          <duration>0.042</duration>
          <className>TestCustomApp</className>
          <testName>TestCase01.test07</testName>
          <skipped>false</skipped>
          <failedSince>0</failedSince>
        </case>
        <case>
          <duration>0.033</duration>
          <className>TestCustomApp</className>
          <testName>TestCase01.test08</testName>
          <skipped>false</skipped>
          <failedSince>0</failedSince>
        </case>
        <case>
          <duration>0.096</duration>
          <className>TestCustomApp</className>
          <testName>TestCase01.test09</testName>
          <skipped>false</skipped>
          <failedSince>0</failedSince>
        </case>
        <case>
          <duration>0.019</duration>
          <className>TestCustomApp</className>
          <testName>TestCase01.test10</testName>
          <skipped>false</skipped>
          <failedSince>0</failedSince>
        </case>
        <case>
          <duration>0.475</duration>
          <className>TestCustomApp</className>
          <testName>TestCase01.test11</testName>
          <skipped>false</skipped>
          <failedSince>0</failedSince>
        </case>
        <case>
          <duration>0.061</duration>
          <className>TestCustomApp</className>
          <testName>TestCase01.test12</testName>
          <skipped>false</skipped>
          <failedSince>0</failedSince>
        </case>
        <case>
          <duration>0.028</duration>
          <className>TestCustomApp</className>
          <testName>TestCase01.test13</testName>
          <skipped>false</skipped>
          <failedSince>0</failedSince>
        </case>
        <case>
          <duration>0.089</duration>
          <className>TestCustomApp</className>
          <testName>TestCase01.test14</testName>
          <skipped>false</skipped>
          <failedSince>0</failedSince>
        </case>
        <case>
          <duration>0.077</duration>
          <className>TestCustomApp</className>
          <testName>TestCase01.test15</testName>
          <skipped>false</skipped>
          <failedSince>0</failedSince>
        </case>
        <case>
          <duration>0.1</duration>
          <className>TestCustomApp</className>
          <testName>TestCase01.test16</testName>
          <skipped>false</skipped>
          <failedSince>0</failedSince>
        </case>
        <case>
          <duration>8.191</duration>
          <className>TestCustomApp</className>
          <testName>TestCase02.test00</testName>
          <skipped>false</skipped>
          <failedSince>0</failedSince>
        </case>
        <case>
          <duration>0.081</duration>
          <className>TestCustomApp</className>
          <testName>TestCase02.test01</testName>
          <skipped>false</skipped>
          <failedSince>0</failedSince>
        </case>
        <case>
          <duration>0.064</duration>
          <className>TestCustomApp</className>
          <testName>TestCase02.test02</testName>
          <skipped>false</skipped>
          <failedSince>0</failedSince>
        </case>
        <case>
          <duration>0.102</duration>
          <className>TestCustomApp</className>
          <testName>TestCase02.test03</testName>
          <skipped>false</skipped>
          <failedSince>0</failedSince>
        </case>
        <case>
          <duration>0.149</duration>
          <className>TestCustomApp</className>
          <testName>TestCase02.test04</testName>
          <skipped>false</skipped>
          <failedSince>0</failedSince>
        </case>
        <case>
          <duration>3.72</duration>
          <className>TestCustomApp</className>
          <testName>TestCase02.test05</testName>
          <skipped>false</skipped>
          <failedSince>0</failedSince>
        </case>
        <case>
          <duration>9.376</duration>
          <className>TestCustomApp</className>
          <testName>TestCase02.test06</testName>
          <skipped>false</skipped>
          <failedSince>0</failedSince>
        </case>
        <case>
          <duration>4.589</duration>
          <className>TestCustomApp</className>
          <testName>TestCase02.test07</testName>
          <skipped>false</skipped>
          <failedSince>0</failedSince>
        </case>
        <case>
          <duration>56.878</duration>
          <className>TestCustomApp</className>
          <testName>TestCase02.test08</testName>
          <skipped>false</skipped>
          <failedSince>0</failedSince>
        </case>
        <case>
          <duration>8.423</duration>
          <className>TestCustomApp</className>
          <testName>TestCase03.test01</testName>
          <skipped>false</skipped>
          <failedSince>0</failedSince>
        </case>
        <case>
          <duration>4.988</duration>
          <className>TestCustomApp</className>
          <testName>TestCase03.test02</testName>
          <skipped>false</skipped>
          <failedSince>0</failedSince>
        </case>
        <case>
          <duration>4.802</duration>
          <className>TestCustomApp</className>
          <testName>TestCase03.test03</testName>
          <skipped>false</skipped>
          <failedSince>0</failedSince>
        </case>
        <case>
          <duration>8.412</duration>
          <className>TestCustomApp</className>
          <testName>TestCase03.test04</testName>
          <skipped>false</skipped>
          <failedSince>0</failedSince>
        </case>
        <case>
          <duration>5.773</duration>
          <className>TestCustomApp</className>
          <testName>TestCase03.test05</testName>
          <skipped>false</skipped>
          <failedSince>0</failedSince>
        </case>
        <case>
          <duration>4.671</duration>
          <className>TestCustomApp</className>
          <testName>TestCase03.test06</testName>
          <skipped>false</skipped>
          <failedSince>0</failedSince>
        </case>
        <case>
          <duration>6.04</duration>
          <className>TestCustomApp</className>
          <testName>TestCase03.test07</testName>
          <skipped>false</skipped>
          <failedSince>0</failedSince>
        </case>
        <case>
          <duration>6.574</duration>
          <className>TestCustomApp</className>
          <testName>TestCase03.test08</testName>
          <skipped>false</skipped>
          <failedSince>0</failedSince>
        </case>
        <case>
          <duration>66.279</duration>
          <className>TestCustomApp</className>
          <testName>TestCase03.test09</testName>
          <skipped>false</skipped>
          <failedSince>0</failedSince>
        </case>
        <case>
          <duration>4.202</duration>
          <className>TestCustomApp</className>
          <testName>TestCase03.test10</testName>
          <skipped>false</skipped>
          <failedSince>0</failedSince>
        </case>
        <case>
          <duration>5.957</duration>
          <className>TestCustomApp</className>
          <testName>TestCase03.test11</testName>
          <skipped>false</skipped>
          <failedSince>0</failedSince>
        </case>
        <case>
          <duration>29.273</duration>
          <className>TestCustomApp</className>
          <testName>TestCase03.test12</testName>
          <skipped>false</skipped>
          <failedSince>0</failedSince>
        </case>
        <case>
          <duration>21.17</duration>
          <className>TestCustomApp</className>
          <testName>TestCase03.test13</testName>
          <skipped>false</skipped>
          <failedSince>0</failedSince>
        </case>
        <case>
          <duration>13.674</duration>
          <className>TestCustomApp</className>
          <testName>TestCase04.test01</testName>
          <skipped>false</skipped>
          <failedSince>0</failedSince>
        </case>
        <case>
          <duration>3.964</duration>
          <className>TestCustomApp</className>
          <testName>TestCase04.test02</testName>
          <skipped>false</skipped>
          <failedSince>0</failedSince>
        </case>
        <case>
          <duration>3.376</duration>
          <className>TestCustomApp</className>
          <testName>TestCase04.test03</testName>
          <skipped>false</skipped>
          <failedSince>0</failedSince>
        </case>
        <case>
          <duration>37.2</duration>
          <className>TestCustomApp</className>
          <testName>TestCase04.test04</testName>
          <skipped>false</skipped>
          <failedSince>0</failedSince>
        </case>
        <case>
          <duration>0.04</duration>
          <className>TestCustomApp</className>
          <testName>TestCase04.test05</testName>
          <skipped>false</skipped>
          <failedSince>0</failedSince>
        </case>
        <case>
          <duration>0.038</duration>
          <className>TestCustomApp</className>
          <testName>TestCase04.test06</testName>
          <skipped>false</skipped>
          <failedSince>0</failedSince>
        </case>
        <case>
          <duration>85.772</duration>
          <className>TestCustomApp</className>
          <testName>TestCase04.test07</testName>
          <skipped>false</skipped>
          <failedSince>0</failedSince>
        </case>
        <case>
          <duration>0.019</duration>
          <className>TestCustomApp</className>
          <testName>TestCase04.test08</testName>
          <skipped>false</skipped>
          <failedSince>0</failedSince>
        </case>
        <case>
          <duration>0.021</duration>
          <className>TestCustomApp</className>
          <testName>TestCase05.test01</testName>
          <skipped>false</skipped>
          <failedSince>0</failedSince>
        </case>
      </cases>
    </suite>
    <suite>
      <file>/home/jenkins/workspace/Backend/CMC@2/test-results/TEST-rest-TestRestIpWatchlist.xml</file>
      <name>rest.TestRestIpWatchlist</name>
      <stdout>
TestCase01.test01: Create &apos;watchlist&apos; objects
.
TestCase01.test02: Modify &apos;watchlist&apos; objects
.
TestCase01.test03: Delete &apos;watchlist&apos; objects
.
TestCase01.test04: Limit number of &apos;watchlist&apos; objects
.
TestCase01.test05: Limit length of the watchlist name and check illegal characters
.
TestCase01.test06: Test ip-field attributes
.
TestCase01.test07: Test file-format attribute
.
TestCase01.test08: Test metadata-field attributes
.
TestCase02.test01: Test IP watchlist details retrieved using the RE
...[truncated 149 chars]...
l Manager
.
TestCase02.test03: Roundtrip test for PUT to write and reload IP watchlist to/from a dump file and basic test for the binary streaming REST interface.
Test skipped on the Central Manager
.
TestCase02.test04: BQM-44212 avoid deadlocks in the REST layer when multiple clients need to lock QosRuntimeGuard. BQM-54088 deadlock when watchlist is being updated too frequently.
Test skipped on the Central Manager
.
TestCase02.test05: BQM-45390 populate watchlist limits in /inner/systemparams
.</stdout>
      <stderr></stderr>
      <duration>201.103</duration>
      <timestamp>2019-05-07T12:39:25.234071</timestamp>
      <time>201.103</time>
      <enclosingBlocks/>
      <enclosingBlockNames/>
      <cases>
        <case>
          <duration>99.123</duration>
          <className>TestRestIpWatchlist</className>
          <testName>TestCase01.test01</testName>
          <skipped>false</skipped>
          <failedSince>0</failedSince>
        </case>
        <case>
          <duration>44.386</duration>
          <className>TestRestIpWatchlist</className>
          <testName>TestCase01.test02</testName>
          <skipped>false</skipped>
          <failedSince>0</failedSince>
        </case>
        <case>
          <duration>15.533</duration>
          <className>TestRestIpWatchlist</className>
          <testName>TestCase01.test03</testName>
          <skipped>false</skipped>
          <failedSince>0</failedSince>
        </case>
        <case>
          <duration>5.386</duration>
          <className>TestRestIpWatchlist</className>
          <testName>TestCase01.test04</testName>
          <skipped>false</skipped>
          <failedSince>0</failedSince>
        </case>
        <case>
          <duration>5.194</duration>
          <className>TestRestIpWatchlist</className>
          <testName>TestCase01.test05</testName>
          <skipped>false</skipped>
          <failedSince>0</failedSince>
        </case>
        <case>
          <duration>5.633</duration>
          <className>TestRestIpWatchlist</className>
          <testName>TestCase01.test06</testName>
          <skipped>false</skipped>
          <failedSince>0</failedSince>
        </case>
        <case>
          <duration>8.008</duration>
          <className>TestRestIpWatchlist</className>
          <testName>TestCase01.test07</testName>
          <skipped>false</skipped>
          <failedSince>0</failedSince>
        </case>
        <case>
          <duration>10.565</duration>
          <className>TestRestIpWatchlist</className>
          <testName>TestCase01.test08</testName>
          <skipped>false</skipped>
          <failedSince>0</failedSince>
        </case>
        <case>
          <duration>7.18</duration>
          <className>TestRestIpWatchlist</className>
          <testName>TestCase02.test01</testName>
          <skipped>false</skipped>
          <failedSince>0</failedSince>
        </case>
        <case>
          <duration>0.015</duration>
          <className>TestRestIpWatchlist</className>
          <testName>TestCase02.test02</testName>
          <skipped>false</skipped>
          <failedSince>0</failedSince>
        </case>
        <case>
          <duration>0.008</duration>
          <className>TestRestIpWatchlist</className>
          <testName>TestCase02.test03</testName>
          <skipped>false</skipped>
          <failedSince>0</failedSince>
        </case>
        <case>
          <duration>0.019</duration>
          <className>TestRestIpWatchlist</className>
          <testName>TestCase02.test04</testName>
          <skipped>false</skipped>
          <failedSince>0</failedSince>
        </case>
        <case>
          <duration>0.05</duration>
          <className>TestRestIpWatchlist</className>
          <testName>TestCase02.test05</testName>
          <skipped>false</skipped>
          <failedSince>0</failedSince>
        </case>
      </cases>
    </suite>
    <suite>
      <file>/home/jenkins/workspace/Backend/CMC@5/test-results/TEST-cli-TestDir.xml</file>
      <name>cli.TestDir</name>
      <stdout>Clearing host config ...
......</stdout>
      <stderr></stderr>
      <duration>23.628</duration>
      <timestamp>2019-05-07T12:42:36.143924</timestamp>
      <time>23.628</time>
      <enclosingBlocks/>
      <enclosingBlockNames/>
      <cases>
        <case>
          <duration>23.439</duration>
          <className>TestDir</className>
          <testName>TestCase01.test01</testName>
          <skipped>false</skipped>
          <failedSince>0</failedSince>
        </case>
        <case>
          <duration>0.108</duration>
          <className>TestDir</className>
          <testName>TestCase01.test02</testName>
          <skipped>false</skipped>
          <failedSince>0</failedSince>
        </case>
        <case>
          <duration>0.033</duration>
          <className>TestDir</className>
          <testName>TestCase01.test03</testName>
          <skipped>false</skipped>
          <failedSince>0</failedSince>
        </case>
        <case>
          <duration>0.021</duration>
          <className>TestDir</className>
          <testName>TestCase01.test04</testName>
          <skipped>false</skipped>
          <failedSince>0</failedSince>
        </case>
        <case>
          <duration>0.027</duration>
          <className>TestDir</className>
          <testName>TestCase01.test05</testName>
          <skipped>false</skipped>
          <failedSince>0</failedSince>
        </case>
        <case>
          <duration>0.0</duration>
          <className>TestDir</className>
          <testName>TestCase01.test06</testName>
          <skipped>false</skipped>
          <failedSince>0</failedSince>
        </case>
      </cases>
    </suite>
    <suite>
      <file>/home/jenkins/workspace/Backend/CMC@3/test-results/TEST-cli-TestHelp.xml</file>
      <name>cli.TestHelp</name>
      <stdout>
TestCase01.test00: BQM-41650 &apos;help match&apos; in signature-rule context list unavailable options
Got 35 valid values from &quot;help match&quot;
Got 41 deep completions from &quot;match ? [?...]&quot;
Checking 35 help keywords amongst 41 recursive completion suggestions...
.
TestCase01.test01: BQM-41650 &apos;help match&apos; in translation-rule context list unavailable options
Got 4 valid values from &quot;help match&quot;
Got 5 deep completions from &quot;match ? [?...]&quot;
Checking 4 help keywords amongst 5 recursive completion suggestions...
...[truncated 466 chars]...
on suggestions...
.
TestCase01.test04: &apos;help match&apos; in decoder-group context list unavailable options
Got 34 valid values from &quot;help match&quot;
Got 38 deep completions from &quot;match ? [?...]&quot;
Checking 34 help keywords amongst 38 recursive completion suggestions...
.
TestCase01.test05: &apos;help match&apos; in mapping-rule context list unavailable options
Got 36 valid values from &quot;help match&quot;
Got 42 deep completions from &quot;match ? [?...]&quot;
Checking 36 help keywords amongst 42 recursive completion suggestions...
.</stdout>
      <stderr></stderr>
      <duration>16.711</duration>
      <timestamp>2019-05-07T12:42:40.931397</timestamp>
      <time>16.711</time>
      <enclosingBlocks/>
      <enclosingBlockNames/>
      <cases>
        <case>
          <duration>15.578</duration>
          <className>TestHelp</className>
          <testName>TestCase01.test00</testName>
          <skipped>false</skipped>
          <failedSince>0</failedSince>
        </case>
        <case>
          <duration>0.098</duration>
          <className>TestHelp</className>
          <testName>TestCase01.test01</testName>
          <skipped>false</skipped>
          <failedSince>0</failedSince>
        </case>
        <case>
          <duration>0.345</duration>
          <className>TestHelp</className>
          <testName>TestCase01.test02</testName>
          <skipped>false</skipped>
          <failedSince>0</failedSince>
        </case>
        <case>
          <duration>0.351</duration>
          <className>TestHelp</className>
          <testName>TestCase01.test03</testName>
          <skipped>false</skipped>
          <failedSince>0</failedSince>
        </case>
        <case>
          <duration>0.136</duration>
          <className>TestHelp</className>
          <testName>TestCase01.test04</testName>
          <skipped>false</skipped>
          <failedSince>0</failedSince>
        </case>
        <case>
          <duration>0.202</duration>
          <className>TestHelp</className>
          <testName>TestCase01.test05</testName>
          <skipped>false</skipped>
          <failedSince>0</failedSince>
        </case>
      </cases>
    </suite>
    <suite>
      <file>/home/jenkins/workspace/Backend/CMC/test-results/TEST-cli-TestUserAccessGroup.xml</file>
      <name>cli.TestUserAccessGroup</name>
      <stdout>laslsa
......&lt;session-create-response session-id=&quot;2&quot;/&gt;

&lt;session-create-response session-id=&quot;3&quot;/&gt;

&lt;session-create-response session-id=&quot;4&quot;/&gt;

&lt;session-create-response session-id=&quot;5&quot;/&gt;

&lt;session-create-response session-id=&quot;6&quot;/&gt;

&lt;session-create-response session-id=&quot;7&quot;/&gt;

&lt;session-create-response session-id=&quot;8&quot;/&gt;

&lt;session-create-response session-id=&quot;9&quot;/&gt;

..&lt;session-create-response session-id=&quot;10&quot;/&gt;

..&lt;session-create-response session-id=&quot;11&quot;/&gt;

&lt;session-create-response session-id=&quot;12&quot;/&gt;

.&lt;sessi
...[truncated 567 chars]...
se01.test21: include-sessions-with-tags: referenced tag-values creation/preservation
.
TestCase01.test22: BQM-56533 Block tag-type deletion referenced by UAGs
.
TestCase01.test23: CMC: UAG referenceg tag-types are included in the per CNE configs
.
TestCase01.test24: [BQM-57576] Check if no include-sessions-with-tags completion is correct
.
TestCase01.test25: [BQM-57721] Validate if included sessions are being properly added/deleted
.
TestCase01.test26: [BQM-56467] Test User Access Group Limit
..</stdout>
      <stderr></stderr>
      <duration>277.95</duration>
      <timestamp>2019-05-07T12:38:20.553404</timestamp>
      <time>277.950</time>
      <enclosingBlocks/>
      <enclosingBlockNames/>
      <cases>
        <case>
          <duration>88.795</duration>
          <className>TestUserAccessGroup</className>
          <testName>TestCase01.test01</testName>
          <skipped>false</skipped>
          <failedSince>0</failedSince>
        </case>
        <case>
          <duration>10.995</duration>
          <className>TestUserAccessGroup</className>
          <testName>TestCase01.test02</testName>
          <skipped>false</skipped>
          <failedSince>0</failedSince>
        </case>
        <case>
          <duration>0.209</duration>
          <className>TestUserAccessGroup</className>
          <testName>TestCase01.test03</testName>
          <skipped>false</skipped>
          <failedSince>0</failedSince>
        </case>
        <case>
          <duration>11.183</duration>
          <className>TestUserAccessGroup</className>
          <testName>TestCase01.test04</testName>
          <skipped>false</skipped>
          <failedSince>0</failedSince>
        </case>
        <case>
          <duration>0.771</duration>
          <className>TestUserAccessGroup</className>
          <testName>TestCase01.test05</testName>
          <skipped>false</skipped>
          <failedSince>0</failedSince>
        </case>
        <case>
          <duration>1.501</duration>
          <className>TestUserAccessGroup</className>
          <testName>TestCase01.test06</testName>
          <skipped>false</skipped>
          <failedSince>0</failedSince>
        </case>
        <case>
          <duration>3.626</duration>
          <className>TestUserAccessGroup</className>
          <testName>TestCase01.test07</testName>
          <skipped>false</skipped>
          <failedSince>0</failedSince>
        </case>
        <case>
          <duration>0.56</duration>
          <className>TestUserAccessGroup</className>
          <testName>TestCase01.test08</testName>
          <skipped>false</skipped>
          <failedSince>0</failedSince>
        </case>
        <case>
          <duration>1.498</duration>
          <className>TestUserAccessGroup</className>
          <testName>TestCase01.test09</testName>
          <skipped>false</skipped>
          <failedSince>0</failedSince>
        </case>
        <case>
          <duration>0.268</duration>
          <className>TestUserAccessGroup</className>
          <testName>TestCase01.test10</testName>
          <skipped>false</skipped>
          <failedSince>0</failedSince>
        </case>
        <case>
          <duration>10.92</duration>
          <className>TestUserAccessGroup</className>
          <testName>TestCase01.test11</testName>
          <skipped>false</skipped>
          <failedSince>0</failedSince>
        </case>
        <case>
          <duration>7.189</duration>
          <className>TestUserAccessGroup</className>
          <testName>TestCase01.test12</testName>
          <skipped>false</skipped>
          <failedSince>0</failedSince>
        </case>
        <case>
          <duration>72.225</duration>
          <className>TestUserAccessGroup</className>
          <testName>TestCase01.test13</testName>
          <skipped>false</skipped>
          <failedSince>0</failedSince>
        </case>
        <case>
          <duration>0.051</duration>
          <className>TestUserAccessGroup</className>
          <testName>TestCase01.test14</testName>
          <skipped>false</skipped>
          <failedSince>0</failedSince>
        </case>
        <case>
          <duration>20.42</duration>
          <className>TestUserAccessGroup</className>
          <testName>TestCase01.test15</testName>
          <skipped>false</skipped>
          <failedSince>0</failedSince>
        </case>
        <case>
          <duration>5.812</duration>
          <className>TestUserAccessGroup</className>
          <testName>TestCase01.test16</testName>
          <skipped>false</skipped>
          <failedSince>0</failedSince>
        </case>
        <case>
          <duration>0.173</duration>
          <className>TestUserAccessGroup</className>
          <testName>TestCase01.test17</testName>
          <skipped>false</skipped>
          <failedSince>0</failedSince>
        </case>
        <case>
          <duration>7.114</duration>
          <className>TestUserAccessGroup</className>
          <testName>TestCase01.test18</testName>
          <skipped>false</skipped>
          <failedSince>0</failedSince>
        </case>
        <case>
          <duration>4.341</duration>
          <className>TestUserAccessGroup</className>
          <testName>TestCase01.test19</testName>
          <skipped>false</skipped>
          <failedSince>0</failedSince>
        </case>
        <case>
          <duration>4.526</duration>
          <className>TestUserAccessGroup</className>
          <testName>TestCase01.test20</testName>
          <skipped>false</skipped>
          <failedSince>0</failedSince>
        </case>
        <case>
          <duration>2.847</duration>
          <className>TestUserAccessGroup</className>
          <testName>TestCase01.test21</testName>
          <skipped>false</skipped>
          <failedSince>0</failedSince>
        </case>
        <case>
          <duration>4.661</duration>
          <className>TestUserAccessGroup</className>
          <testName>TestCase01.test22</testName>
          <skipped>false</skipped>
          <failedSince>0</failedSince>
        </case>
        <case>
          <duration>0.398</duration>
          <className>TestUserAccessGroup</className>
          <testName>TestCase01.test23</testName>
          <skipped>false</skipped>
          <failedSince>0</failedSince>
        </case>
        <case>
          <duration>0.095</duration>
          <className>TestUserAccessGroup</className>
          <testName>TestCase01.test24</testName>
          <skipped>false</skipped>
          <failedSince>0</failedSince>
        </case>
        <case>
          <duration>10.885</duration>
          <className>TestUserAccessGroup</className>
          <testName>TestCase01.test25</testName>
          <skipped>false</skipped>
          <failedSince>0</failedSince>
        </case>
        <case>
          <duration>4.61</duration>
          <className>TestUserAccessGroup</className>
          <testName>TestCase01.test26</testName>
          <skipped>false</skipped>
          <failedSince>0</failedSince>
        </case>
        <case>
          <duration>1.276</duration>
          <className>TestUserAccessGroup</className>
          <testName>TestCase01.test99</testName>
          <skipped>false</skipped>
          <failedSince>0</failedSince>
        </case>
      </cases>
    </suite>
    <suite>
      <file>/home/jenkins/workspace/Backend/CMC@2/test-results/TEST-rest-TestRestServices.xml</file>
      <name>rest.TestRestServices</name>
      <stdout>get the services
.</stdout>
      <stderr></stderr>
      <duration>0.075</duration>
      <timestamp>2019-05-07T12:43:04.609367</timestamp>
      <time>0.075</time>
      <enclosingBlocks/>
      <enclosingBlockNames/>
      <cases>
        <case>
          <duration>0.074</duration>
          <className>TestRestServices</className>
          <testName>TestCase01.test01</testName>
          <skipped>false</skipped>
          <failedSince>0</failedSince>
        </case>
      </cases>
    </suite>
    <suite>
      <file>/home/jenkins/workspace/Backend/CMC/test-results/TEST-rest-TestRestSystemStatus.xml</file>
      <name>rest.TestRestSystemStatus</name>
      <stdout>..
TestCase01.test03_test_available_memory: Check if response contains information about available memory (resource-usage node)
Test skipped on the Central Manager
.</stdout>
      <stderr></stderr>
      <duration>12.79</duration>
      <timestamp>2019-05-07T12:42:54.625435</timestamp>
      <time>12.790</time>
      <enclosingBlocks/>
      <enclosingBlockNames/>
      <cases>
        <case>
          <duration>9.016</duration>
          <className>TestRestSystemStatus</className>
          <testName>TestCase01.test01</testName>
          <skipped>false</skipped>
          <failedSince>0</failedSince>
        </case>
        <case>
          <duration>3.769</duration>
          <className>TestRestSystemStatus</className>
          <testName>TestCase01.test02</testName>
          <skipped>false</skipped>
          <failedSince>0</failedSince>
        </case>
        <case>
          <duration>0.004</duration>
          <className>TestRestSystemStatus</className>
          <testName>TestCase01.test03_test_available_memory</testName>
          <skipped>false</skipped>
          <failedSince>0</failedSince>
        </case>
      </cases>
    </suite>
    <suite>
      <file>/home/jenkins/workspace/Backend/CMC/test-results/TEST-cli-TestCM.xml</file>
      <name>cli.TestCM</name>
      <stdout>..........................
Cfg apply took 92
..
TestCase01.test30: BQM-22239 Do not push csm soft policies if the csm is not present in the CNE
.
TestCase01.test31: Test configuration and pushing of protocol-discovery stuff
.
TestCase01.test32: Test session-discovery channels can&apos;t go to two CNEs
.....
TestCase01.test37: Validate warnings for force-https only on managed-manual and managed-auto
...</stdout>
      <stderr></stderr>
      <duration>411.18</duration>
      <timestamp>2019-05-07T12:36:18.296818</timestamp>
      <time>411.180</time>
      <enclosingBlocks/>
      <enclosingBlockNames/>
      <cases>
        <case>
          <duration>33.988</duration>
          <className>TestCM</className>
          <testName>TestCase01.test01</testName>
          <skipped>false</skipped>
          <failedSince>0</failedSince>
        </case>
        <case>
          <duration>47.005</duration>
          <className>TestCM</className>
          <testName>TestCase01.test03</testName>
          <skipped>false</skipped>
          <failedSince>0</failedSince>
        </case>
        <case>
          <duration>15.979</duration>
          <className>TestCM</className>
          <testName>TestCase01.test04</testName>
          <skipped>false</skipped>
          <failedSince>0</failedSince>
        </case>
        <case>
          <duration>13.341</duration>
          <className>TestCM</className>
          <testName>TestCase01.test05</testName>
          <skipped>false</skipped>
          <failedSince>0</failedSince>
        </case>
        <case>
          <duration>7.715</duration>
          <className>TestCM</className>
          <testName>TestCase01.test06</testName>
          <skipped>false</skipped>
          <failedSince>0</failedSince>
        </case>
        <case>
          <duration>14.247</duration>
          <className>TestCM</className>
          <testName>TestCase01.test07</testName>
          <skipped>false</skipped>
          <failedSince>0</failedSince>
        </case>
        <case>
          <duration>0.056</duration>
          <className>TestCM</className>
          <testName>TestCase01.test08</testName>
          <skipped>false</skipped>
          <failedSince>0</failedSince>
        </case>
        <case>
          <duration>8.516</duration>
          <className>TestCM</className>
          <testName>TestCase01.test09</testName>
          <skipped>false</skipped>
          <failedSince>0</failedSince>
        </case>
        <case>
          <duration>12.737</duration>
          <className>TestCM</className>
          <testName>TestCase01.test10</testName>
          <skipped>false</skipped>
          <failedSince>0</failedSince>
        </case>
        <case>
          <duration>4.358</duration>
          <className>TestCM</className>
          <testName>TestCase01.test11</testName>
          <skipped>false</skipped>
          <failedSince>0</failedSince>
        </case>
        <case>
          <duration>8.032</duration>
          <className>TestCM</className>
          <testName>TestCase01.test12</testName>
          <skipped>false</skipped>
          <failedSince>0</failedSince>
        </case>
        <case>
          <duration>4.118</duration>
          <className>TestCM</className>
          <testName>TestCase01.test13</testName>
          <skipped>false</skipped>
          <failedSince>0</failedSince>
        </case>
        <case>
          <duration>0.937</duration>
          <className>TestCM</className>
          <testName>TestCase01.test14</testName>
          <skipped>false</skipped>
          <failedSince>0</failedSince>
        </case>
        <case>
          <duration>0.821</duration>
          <className>TestCM</className>
          <testName>TestCase01.test15</testName>
          <skipped>false</skipped>
          <failedSince>0</failedSince>
        </case>
        <case>
          <duration>3.954</duration>
          <className>TestCM</className>
          <testName>TestCase01.test16</testName>
          <skipped>false</skipped>
          <failedSince>0</failedSince>
        </case>
        <case>
          <duration>6.009</duration>
          <className>TestCM</className>
          <testName>TestCase01.test17</testName>
          <skipped>false</skipped>
          <failedSince>0</failedSince>
        </case>
        <case>
          <duration>3.009</duration>
          <className>TestCM</className>
          <testName>TestCase01.test18</testName>
          <skipped>false</skipped>
          <failedSince>0</failedSince>
        </case>
        <case>
          <duration>0.448</duration>
          <className>TestCM</className>
          <testName>TestCase01.test19</testName>
          <skipped>false</skipped>
          <failedSince>0</failedSince>
        </case>
        <case>
          <duration>0.042</duration>
          <className>TestCM</className>
          <testName>TestCase01.test20</testName>
          <skipped>false</skipped>
          <failedSince>0</failedSince>
        </case>
        <case>
          <duration>0.087</duration>
          <className>TestCM</className>
          <testName>TestCase01.test21</testName>
          <skipped>false</skipped>
          <failedSince>0</failedSince>
        </case>
        <case>
          <duration>0.071</duration>
          <className>TestCM</className>
          <testName>TestCase01.test22</testName>
          <skipped>false</skipped>
          <failedSince>0</failedSince>
        </case>
        <case>
          <duration>0.08</duration>
          <className>TestCM</className>
          <testName>TestCase01.test23</testName>
          <skipped>false</skipped>
          <failedSince>0</failedSince>
        </case>
        <case>
          <duration>0.687</duration>
          <className>TestCM</className>
          <testName>TestCase01.test24</testName>
          <skipped>false</skipped>
          <failedSince>0</failedSince>
        </case>
        <case>
          <duration>3.569</duration>
          <className>TestCM</className>
          <testName>TestCase01.test25</testName>
          <skipped>false</skipped>
          <failedSince>0</failedSince>
        </case>
        <case>
          <duration>0.134</duration>
          <className>TestCM</className>
          <testName>TestCase01.test26</testName>
          <skipped>false</skipped>
          <failedSince>0</failedSince>
        </case>
        <case>
          <duration>3.296</duration>
          <className>TestCM</className>
          <testName>TestCase01.test27</testName>
          <skipped>false</skipped>
          <failedSince>0</failedSince>
        </case>
        <case>
          <duration>134.773</duration>
          <className>TestCM</className>
          <testName>TestCase01.test28</testName>
          <skipped>false</skipped>
          <failedSince>0</failedSince>
        </case>
        <case>
          <duration>0.146</duration>
          <className>TestCM</className>
          <testName>TestCase01.test29</testName>
          <skipped>false</skipped>
          <failedSince>0</failedSince>
        </case>
        <case>
          <duration>6.888</duration>
          <className>TestCM</className>
          <testName>TestCase01.test30</testName>
          <skipped>false</skipped>
          <failedSince>0</failedSince>
        </case>
        <case>
          <duration>12.889</duration>
          <className>TestCM</className>
          <testName>TestCase01.test31</testName>
          <skipped>false</skipped>
          <failedSince>0</failedSince>
        </case>
        <case>
          <duration>5.465</duration>
          <className>TestCM</className>
          <testName>TestCase01.test32</testName>
          <skipped>false</skipped>
          <failedSince>0</failedSince>
        </case>
        <case>
          <duration>13.339</duration>
          <className>TestCM</className>
          <testName>TestCase01.test33</testName>
          <skipped>false</skipped>
          <failedSince>0</failedSince>
        </case>
        <case>
          <duration>8.026</duration>
          <className>TestCM</className>
          <testName>TestCase01.test34</testName>
          <skipped>false</skipped>
          <failedSince>0</failedSince>
        </case>
        <case>
          <duration>3.893</duration>
          <className>TestCM</className>
          <testName>TestCase01.test35</testName>
          <skipped>false</skipped>
          <failedSince>0</failedSince>
        </case>
        <case>
          <duration>17.755</duration>
          <className>TestCM</className>
          <testName>TestCase01.test36</testName>
          <skipped>false</skipped>
          <failedSince>0</failedSince>
        </case>
        <case>
          <duration>8.148</duration>
          <className>TestCM</className>
          <testName>TestCase01.test37</testName>
          <skipped>false</skipped>
          <failedSince>0</failedSince>
        </case>
        <case>
          <duration>3.371</duration>
          <className>TestCM</className>
          <testName>TestCase01.test38</testName>
          <skipped>false</skipped>
          <failedSince>0</failedSince>
        </case>
        <case>
          <duration>3.245</duration>
          <className>TestCM</className>
          <testName>TestCase01.test39</testName>
          <skipped>false</skipped>
          <failedSince>0</failedSince>
        </case>
      </cases>
    </suite>
    <suite>
      <file>/home/jenkins/workspace/Backend/CMC@2/test-results/TEST-cli-TestMulticastDataFeed.xml</file>
      <name>cli.TestMulticastDataFeed</name>
      <stdout>...Trying with channel chn-01-04-complete
Trying with channel chn-01-04-complete-policymap class pm-cm-0
........Test skipped on the Central Manager
.....Test skipped on the Central Manager
.</stdout>
      <stderr></stderr>
      <duration>237.1</duration>
      <timestamp>2019-05-07T12:39:14.324718</timestamp>
      <time>237.100</time>
      <enclosingBlocks/>
      <enclosingBlockNames/>
      <cases>
        <case>
          <duration>104.181</duration>
          <className>TestMulticastDataFeed</className>
          <testName>TestCase01.test01</testName>
          <skipped>false</skipped>
          <failedSince>0</failedSince>
        </case>
        <case>
          <duration>3.911</duration>
          <className>TestMulticastDataFeed</className>
          <testName>TestCase01.test02</testName>
          <skipped>false</skipped>
          <failedSince>0</failedSince>
        </case>
        <case>
          <duration>41.197</duration>
          <className>TestMulticastDataFeed</className>
          <testName>TestCase01.test03</testName>
          <skipped>false</skipped>
          <failedSince>0</failedSince>
        </case>
        <case>
          <duration>20.525</duration>
          <className>TestMulticastDataFeed</className>
          <testName>TestCase01.test04</testName>
          <skipped>false</skipped>
          <failedSince>0</failedSince>
        </case>
        <case>
          <duration>13.354</duration>
          <className>TestMulticastDataFeed</className>
          <testName>TestCase01.test05</testName>
          <skipped>false</skipped>
          <failedSince>0</failedSince>
        </case>
        <case>
          <duration>0.037</duration>
          <className>TestMulticastDataFeed</className>
          <testName>TestCase01.test06</testName>
          <skipped>false</skipped>
          <failedSince>0</failedSince>
        </case>
        <case>
          <duration>0.258</duration>
          <className>TestMulticastDataFeed</className>
          <testName>TestCase01.test07</testName>
          <skipped>false</skipped>
          <failedSince>0</failedSince>
        </case>
        <case>
          <duration>5.792</duration>
          <className>TestMulticastDataFeed</className>
          <testName>TestCase01.test08</testName>
          <skipped>false</skipped>
          <failedSince>0</failedSince>
        </case>
        <case>
          <duration>4.616</duration>
          <className>TestMulticastDataFeed</className>
          <testName>TestCase01.test09</testName>
          <skipped>false</skipped>
          <failedSince>0</failedSince>
        </case>
        <case>
          <duration>6.415</duration>
          <className>TestMulticastDataFeed</className>
          <testName>TestCase01.test10</testName>
          <skipped>false</skipped>
          <failedSince>0</failedSince>
        </case>
        <case>
          <duration>0.27</duration>
          <className>TestMulticastDataFeed</className>
          <testName>TestCase01.test11</testName>
          <skipped>false</skipped>
          <failedSince>0</failedSince>
        </case>
        <case>
          <duration>0.033</duration>
          <className>TestMulticastDataFeed</className>
          <testName>TestCase01.test12</testName>
          <skipped>false</skipped>
          <failedSince>0</failedSince>
        </case>
        <case>
          <duration>10.316</duration>
          <className>TestMulticastDataFeed</className>
          <testName>TestCase02.test01</testName>
          <skipped>false</skipped>
          <failedSince>0</failedSince>
        </case>
        <case>
          <duration>7.37</duration>
          <className>TestMulticastDataFeed</className>
          <testName>TestCase02.test02</testName>
          <skipped>false</skipped>
          <failedSince>0</failedSince>
        </case>
        <case>
          <duration>7.104</duration>
          <className>TestMulticastDataFeed</className>
          <testName>TestCase02.test03</testName>
          <skipped>false</skipped>
          <failedSince>0</failedSince>
        </case>
        <case>
          <duration>11.65</duration>
          <className>TestMulticastDataFeed</className>
          <testName>TestCase02.test04</testName>
          <skipped>false</skipped>
          <failedSince>0</failedSince>
        </case>
        <case>
          <duration>0.069</duration>
          <className>TestMulticastDataFeed</className>
          <testName>TestCase02.test05</testName>
          <skipped>false</skipped>
          <failedSince>0</failedSince>
        </case>
      </cases>
    </suite>
    <suite>
      <file>/home/jenkins/workspace/Backend/CMC@8/test-results/TEST-rest-TestRestUserAccessGroup.xml</file>
      <name>rest.TestRestUserAccessGroup</name>
      <stdout>.....
TestCase01.test06: include tags test
.</stdout>
      <stderr></stderr>
      <duration>41.584</duration>
      <timestamp>2019-05-07T12:42:31.421697</timestamp>
      <time>41.584</time>
      <enclosingBlocks/>
      <enclosingBlockNames/>
      <cases>
        <case>
          <duration>34.978</duration>
          <className>TestRestUserAccessGroup</className>
          <testName>TestCase01.test01</testName>
          <skipped>false</skipped>
          <failedSince>0</failedSince>
        </case>
        <case>
          <duration>6.398</duration>
          <className>TestRestUserAccessGroup</className>
          <testName>TestCase01.test02</testName>
          <skipped>false</skipped>
          <failedSince>0</failedSince>
        </case>
        <case>
          <duration>0.058</duration>
          <className>TestRestUserAccessGroup</className>
          <testName>TestCase01.test03</testName>
          <skipped>false</skipped>
          <failedSince>0</failedSince>
        </case>
        <case>
          <duration>0.028</duration>
          <className>TestRestUserAccessGroup</className>
          <testName>TestCase01.test04</testName>
          <skipped>false</skipped>
          <failedSince>0</failedSince>
        </case>
        <case>
          <duration>0.029</duration>
          <className>TestRestUserAccessGroup</className>
          <testName>TestCase01.test05</testName>
          <skipped>false</skipped>
          <failedSince>0</failedSince>
        </case>
        <case>
          <duration>0.092</duration>
          <className>TestRestUserAccessGroup</className>
          <testName>TestCase01.test06</testName>
          <skipped>false</skipped>
          <failedSince>0</failedSince>
        </case>
      </cases>
    </suite>
    <suite>
      <file>/home/jenkins/workspace/Backend/CMC@4/test-results/TEST-rest-TestRestMatch.xml</file>
      <name>rest.TestRestMatch</name>
      <stdout>..........</stdout>
      <stderr></stderr>
      <duration>42.778</duration>
      <timestamp>2019-05-07T12:42:24.653238</timestamp>
      <time>42.778</time>
      <enclosingBlocks/>
      <enclosingBlockNames/>
      <cases>
        <case>
          <duration>31.365</duration>
          <className>TestRestMatch</className>
          <testName>TestCase01.test01</testName>
          <skipped>false</skipped>
          <failedSince>0</failedSince>
        </case>
        <case>
          <duration>0.215</duration>
          <className>TestRestMatch</className>
          <testName>TestCase01.test02</testName>
          <skipped>false</skipped>
          <failedSince>0</failedSince>
        </case>
        <case>
          <duration>0.0</duration>
          <className>TestRestMatch</className>
          <testName>TestCase01.test03</testName>
          <skipped>false</skipped>
          <failedSince>0</failedSince>
        </case>
        <case>
          <duration>0.0</duration>
          <className>TestRestMatch</className>
          <testName>TestCase01.test04</testName>
          <skipped>false</skipped>
          <failedSince>0</failedSince>
        </case>
        <case>
          <duration>0.0</duration>
          <className>TestRestMatch</className>
          <testName>TestCase01.test05</testName>
          <skipped>false</skipped>
          <failedSince>0</failedSince>
        </case>
        <case>
          <duration>0.024</duration>
          <className>TestRestMatch</className>
          <testName>TestCase01.test06</testName>
          <skipped>false</skipped>
          <failedSince>0</failedSince>
        </case>
        <case>
          <duration>10.861</duration>
          <className>TestRestMatch</className>
          <testName>TestCase01.test07</testName>
          <skipped>false</skipped>
          <failedSince>0</failedSince>
        </case>
        <case>
          <duration>0.003</duration>
          <className>TestRestMatch</className>
          <testName>TestCase01.test08</testName>
          <skipped>false</skipped>
          <failedSince>0</failedSince>
        </case>
        <case>
          <duration>0.012</duration>
          <className>TestRestMatch</className>
          <testName>TestCase01.test09</testName>
          <skipped>false</skipped>
          <failedSince>0</failedSince>
        </case>
        <case>
          <duration>0.297</duration>
          <className>TestRestMatch</className>
          <testName>TestCase01.test10</testName>
          <skipped>false</skipped>
          <failedSince>0</failedSince>
        </case>
      </cases>
    </suite>
    <suite>
      <file>/home/jenkins/workspace/Backend/CMC/test-results/TEST-rest-TestRestQosTarget.xml</file>
      <name>rest.TestRestQosTarget</name>
      <stdout>..............Test skipped on the Central Manager
.....................&lt;cnx&gt;
  &lt;qos-target business-hours-enabled=&quot;false&quot; busy-period=&quot;2&quot; cb-bandwidth-flag=&quot;false&quot;
              cb-enabled=&quot;true&quot; cb-event-threshold=&quot;100&quot; cb-gen-events=&quot;true&quot;
              description=&quot;&quot; esl-delay=&quot;true&quot; esl-enabled=&quot;true&quot; esl-loss=&quot;true&quot;
              event-time-scale=&quot;1&quot; gaps-enabled=&quot;false&quot; icmp-enabled=&quot;true&quot;
              icmp-event-threshold-delay=&quot;true&quot; icmp-event-threshold-loss=&quot;true&quot;
              icmp-i
...[truncated 3314 chars]...
  tcp-rtt-threshold-us=&quot;-1&quot; tcp-rtt-use-twice-one-way-latency=&quot;true&quot;
              tcp-zero-window-size-events=&quot;true&quot; traffic-gaps-enabled=&quot;false&quot;
              user-may-delete=&quot;true&quot; user-may-rename=&quot;true&quot;&gt;
    &lt;stat-event-policy comparator=&quot;greater-than&quot; count=&quot;5&quot; measure-name=&quot;&quot; operator=&quot;and&quot;
                       percentile=&quot;10&quot; stat-type=&quot;latency&quot;
                       threshold=&quot;123&quot; threshold-type=&quot;latency&quot;
                       use-protect-packets=&quot;false&quot;/&gt;
  &lt;/qos-target&gt;
&lt;/cnx&gt;

..</stdout>
      <stderr></stderr>
      <duration>241.726</duration>
      <timestamp>2019-05-07T12:39:13.956675</timestamp>
      <time>241.726</time>
      <enclosingBlocks/>
      <enclosingBlockNames/>
      <cases>
        <case>
          <duration>92.581</duration>
          <className>TestRestQosTarget</className>
          <testName>TestCase01.test01</testName>
          <skipped>false</skipped>
          <failedSince>0</failedSince>
        </case>
        <case>
          <duration>0.334</duration>
          <className>TestRestQosTarget</className>
          <testName>TestCase01.test02</testName>
          <skipped>false</skipped>
          <failedSince>0</failedSince>
        </case>
        <case>
          <duration>31.643</duration>
          <className>TestRestQosTarget</className>
          <testName>TestCase01.test03</testName>
          <skipped>false</skipped>
          <failedSince>0</failedSince>
        </case>
        <case>
          <duration>5.127</duration>
          <className>TestRestQosTarget</className>
          <testName>TestCase01.test04</testName>
          <skipped>false</skipped>
          <failedSince>0</failedSince>
        </case>
        <case>
          <duration>18.271</duration>
          <className>TestRestQosTarget</className>
          <testName>TestCase01.test05</testName>
          <skipped>false</skipped>
          <failedSince>0</failedSince>
        </case>
        <case>
          <duration>21.367</duration>
          <className>TestRestQosTarget</className>
          <testName>TestCase01.test06</testName>
          <skipped>false</skipped>
          <failedSince>0</failedSince>
        </case>
        <case>
          <duration>0.036</duration>
          <className>TestRestQosTarget</className>
          <testName>TestCase01.test07</testName>
          <skipped>false</skipped>
          <failedSince>0</failedSince>
        </case>
        <case>
          <duration>0.071</duration>
          <className>TestRestQosTarget</className>
          <testName>TestCase01.test08</testName>
          <skipped>false</skipped>
          <failedSince>0</failedSince>
        </case>
        <case>
          <duration>0.155</duration>
          <className>TestRestQosTarget</className>
          <testName>TestCase01.test09</testName>
          <skipped>false</skipped>
          <failedSince>0</failedSince>
        </case>
        <case>
          <duration>2.719</duration>
          <className>TestRestQosTarget</className>
          <testName>TestCase01.test10</testName>
          <skipped>false</skipped>
          <failedSince>0</failedSince>
        </case>
        <case>
          <duration>0.064</duration>
          <className>TestRestQosTarget</className>
          <testName>TestCase01.test11</testName>
          <skipped>false</skipped>
          <failedSince>0</failedSince>
        </case>
        <case>
          <duration>12.065</duration>
          <className>TestRestQosTarget</className>
          <testName>TestCase01.test12</testName>
          <skipped>false</skipped>
          <failedSince>0</failedSince>
        </case>
        <case>
          <duration>8.126</duration>
          <className>TestRestQosTarget</className>
          <testName>TestCase01.test13</testName>
          <skipped>false</skipped>
          <failedSince>0</failedSince>
        </case>
        <case>
          <duration>0.025</duration>
          <className>TestRestQosTarget</className>
          <testName>TestCase01.test14</testName>
          <skipped>false</skipped>
          <failedSince>0</failedSince>
        </case>
        <case>
          <duration>0.026</duration>
          <className>TestRestQosTarget</className>
          <testName>TestCase01.test15</testName>
          <skipped>false</skipped>
          <failedSince>0</failedSince>
        </case>
        <case>
          <duration>0.011</duration>
          <className>TestRestQosTarget</className>
          <testName>TestCase01.test16</testName>
          <skipped>false</skipped>
          <failedSince>0</failedSince>
        </case>
        <case>
          <duration>0.007</duration>
          <className>TestRestQosTarget</className>
          <testName>TestCase01.test17</testName>
          <skipped>false</skipped>
          <failedSince>0</failedSince>
        </case>
        <case>
          <duration>0.007</duration>
          <className>TestRestQosTarget</className>
          <testName>TestCase01.test18</testName>
          <skipped>false</skipped>
          <failedSince>0</failedSince>
        </case>
        <case>
          <duration>6.433</duration>
          <className>TestRestQosTarget</className>
          <testName>TestCase02.test01</testName>
          <skipped>false</skipped>
          <failedSince>0</failedSince>
        </case>
        <case>
          <duration>0.018</duration>
          <className>TestRestQosTarget</className>
          <testName>TestCase02.test02</testName>
          <skipped>false</skipped>
          <failedSince>0</failedSince>
        </case>
        <case>
          <duration>0.011</duration>
          <className>TestRestQosTarget</className>
          <testName>TestCase02.test03</testName>
          <skipped>false</skipped>
          <failedSince>0</failedSince>
        </case>
        <case>
          <duration>0.016</duration>
          <className>TestRestQosTarget</className>
          <testName>TestCase02.test04</testName>
          <skipped>false</skipped>
          <failedSince>0</failedSince>
        </case>
        <case>
          <duration>0.008</duration>
          <className>TestRestQosTarget</className>
          <testName>TestCase02.test05</testName>
          <skipped>false</skipped>
          <failedSince>0</failedSince>
        </case>
        <case>
          <duration>0.021</duration>
          <className>TestRestQosTarget</className>
          <testName>TestCase02.test06</testName>
          <skipped>false</skipped>
          <failedSince>0</failedSince>
        </case>
        <case>
          <duration>0.019</duration>
          <className>TestRestQosTarget</className>
          <testName>TestCase02.test07</testName>
          <skipped>false</skipped>
          <failedSince>0</failedSince>
        </case>
        <case>
          <duration>0.034</duration>
          <className>TestRestQosTarget</className>
          <testName>TestCase02.test08</testName>
          <skipped>false</skipped>
          <failedSince>0</failedSince>
        </case>
        <case>
          <duration>0.008</duration>
          <className>TestRestQosTarget</className>
          <testName>TestCase02.test09</testName>
          <skipped>false</skipped>
          <failedSince>0</failedSince>
        </case>
        <case>
          <duration>0.009</duration>
          <className>TestRestQosTarget</className>
          <testName>TestCase02.test10</testName>
          <skipped>false</skipped>
          <failedSince>0</failedSince>
        </case>
        <case>
          <duration>0.03</duration>
          <className>TestRestQosTarget</className>
          <testName>TestCase02.test11</testName>
          <skipped>false</skipped>
          <failedSince>0</failedSince>
        </case>
        <case>
          <duration>0.044</duration>
          <className>TestRestQosTarget</className>
          <testName>TestCase02.test12</testName>
          <skipped>false</skipped>
          <failedSince>0</failedSince>
        </case>
        <case>
          <duration>20.827</duration>
          <className>TestRestQosTarget</className>
          <testName>TestCase03.test01</testName>
          <skipped>false</skipped>
          <failedSince>0</failedSince>
        </case>
        <case>
          <duration>4.828</duration>
          <className>TestRestQosTarget</className>
          <testName>TestCase03.test02</testName>
          <skipped>false</skipped>
          <failedSince>0</failedSince>
        </case>
        <case>
          <duration>0.801</duration>
          <className>TestRestQosTarget</className>
          <testName>TestCase04.test01</testName>
          <skipped>false</skipped>
          <failedSince>0</failedSince>
        </case>
        <case>
          <duration>10.861</duration>
          <className>TestRestQosTarget</className>
          <testName>TestCase04.test02</testName>
          <skipped>false</skipped>
          <failedSince>0</failedSince>
        </case>
        <case>
          <duration>1.02</duration>
          <className>TestRestQosTarget</className>
          <testName>TestCase04.test03</testName>
          <skipped>false</skipped>
          <failedSince>0</failedSince>
        </case>
        <case>
          <duration>3.208</duration>
          <className>TestRestQosTarget</className>
          <testName>TestCase04.test04</testName>
          <skipped>false</skipped>
          <failedSince>0</failedSince>
        </case>
        <case>
          <duration>0.881</duration>
          <className>TestRestQosTarget</className>
          <testName>TestCase04.test05</testName>
          <skipped>false</skipped>
          <failedSince>0</failedSince>
        </case>
      </cases>
    </suite>
    <suite>
      <file>/home/jenkins/workspace/Backend/CMC@3/test-results/TEST-cli-TestDelete.xml</file>
      <name>cli.TestDelete</name>
      <stdout>.....Test test01 skipped in sandbox
.Test skipped on the Central Manager
.Test skipped on the Central Manager
.Test skipped on the Central Manager
...Test skipped on the Central Manager
.Test skipped on the Central Manager
.Test skipped on the Central Manager
.Test skipped on the Central Manager
....
TestCase05.test01_removing_config_files: Test if deletion of Action Framework packages removes also configuration files
.</stdout>
      <stderr></stderr>
      <duration>62.586</duration>
      <timestamp>2019-05-07T12:42:10.387191</timestamp>
      <time>62.586</time>
      <enclosingBlocks/>
      <enclosingBlockNames/>
      <cases>
        <case>
          <duration>59.331</duration>
          <className>TestDelete</className>
          <testName>TestCase01.test01</testName>
          <skipped>false</skipped>
          <failedSince>0</failedSince>
        </case>
        <case>
          <duration>0.06</duration>
          <className>TestDelete</className>
          <testName>TestCase01.test02</testName>
          <skipped>false</skipped>
          <failedSince>0</failedSince>
        </case>
        <case>
          <duration>0.057</duration>
          <className>TestDelete</className>
          <testName>TestCase01.test03</testName>
          <skipped>false</skipped>
          <failedSince>0</failedSince>
        </case>
        <case>
          <duration>0.015</duration>
          <className>TestDelete</className>
          <testName>TestCase01.test04</testName>
          <skipped>false</skipped>
          <failedSince>0</failedSince>
        </case>
        <case>
          <duration>0.029</duration>
          <className>TestDelete</className>
          <testName>TestCase01.test05</testName>
          <skipped>false</skipped>
          <failedSince>0</failedSince>
        </case>
        <case>
          <duration>0.0</duration>
          <className>TestDelete</className>
          <testName>TestCase02.test01</testName>
          <skipped>false</skipped>
          <failedSince>0</failedSince>
        </case>
        <case>
          <duration>0.027</duration>
          <className>TestDelete</className>
          <testName>TestCase02.test02</testName>
          <skipped>false</skipped>
          <failedSince>0</failedSince>
        </case>
        <case>
          <duration>0.037</duration>
          <className>TestDelete</className>
          <testName>TestCase02.test03</testName>
          <skipped>false</skipped>
          <failedSince>0</failedSince>
        </case>
        <case>
          <duration>0.019</duration>
          <className>TestDelete</className>
          <testName>TestCase02.test04</testName>
          <skipped>false</skipped>
          <failedSince>0</failedSince>
        </case>
        <case>
          <duration>0.027</duration>
          <className>TestDelete</className>
          <testName>TestCase03.test01</testName>
          <skipped>false</skipped>
          <failedSince>0</failedSince>
        </case>
        <case>
          <duration>0.012</duration>
          <className>TestDelete</className>
          <testName>TestCase03.test02</testName>
          <skipped>false</skipped>
          <failedSince>0</failedSince>
        </case>
        <case>
          <duration>0.041</duration>
          <className>TestDelete</className>
          <testName>TestCase03.test03</testName>
          <skipped>false</skipped>
          <failedSince>0</failedSince>
        </case>
        <case>
          <duration>0.033</duration>
          <className>TestDelete</className>
          <testName>TestCase04.test01</testName>
          <skipped>false</skipped>
          <failedSince>0</failedSince>
        </case>
        <case>
          <duration>0.023</duration>
          <className>TestDelete</className>
          <testName>TestCase04.test02</testName>
          <skipped>false</skipped>
          <failedSince>0</failedSince>
        </case>
        <case>
          <duration>0.015</duration>
          <className>TestDelete</className>
          <testName>TestCase04.test03</testName>
          <skipped>false</skipped>
          <failedSince>0</failedSince>
        </case>
        <case>
          <duration>0.012</duration>
          <className>TestDelete</className>
          <testName>TestCase04.test04</testName>
          <skipped>false</skipped>
          <failedSince>0</failedSince>
        </case>
        <case>
          <duration>0.459</duration>
          <className>TestDelete</className>
          <testName>TestCase04.test05</testName>
          <skipped>false</skipped>
          <failedSince>0</failedSince>
        </case>
        <case>
          <duration>0.019</duration>
          <className>TestDelete</className>
          <testName>TestCase04.test06</testName>
          <skipped>false</skipped>
          <failedSince>0</failedSince>
        </case>
        <case>
          <duration>2.365</duration>
          <className>TestDelete</className>
          <testName>TestCase05.test01_removing_config_files</testName>
          <skipped>false</skipped>
          <failedSince>0</failedSince>
        </case>
      </cases>
    </suite>
    <suite>
      <file>/home/jenkins/workspace/Backend/CMC@2/test-results/TEST-rest-TestRestPolicyMap.xml</file>
      <name>rest.TestRestPolicyMap</name>
      <stdout>..........Test skipped on the Central Manager
.Test skipped on the Central Manager
.Test skipped on the Central Manager
..Test skipped on the Central Manager
.Test skipped on the Central Manager
...Test skipped on the Central Manager
..Test skipped on the Central Manager
.Test skipped on the Central Manager
...</stdout>
      <stderr></stderr>
      <duration>72.248</duration>
      <timestamp>2019-05-07T12:42:08.747015</timestamp>
      <time>72.248</time>
      <enclosingBlocks/>
      <enclosingBlockNames/>
      <cases>
        <case>
          <duration>59.737</duration>
          <className>TestRestPolicyMap</className>
          <testName>TestCase01.test01</testName>
          <skipped>false</skipped>
          <failedSince>0</failedSince>
        </case>
        <case>
          <duration>0.1</duration>
          <className>TestRestPolicyMap</className>
          <testName>TestCase01.test02</testName>
          <skipped>false</skipped>
          <failedSince>0</failedSince>
        </case>
        <case>
          <duration>0.059</duration>
          <className>TestRestPolicyMap</className>
          <testName>TestCase01.test03</testName>
          <skipped>false</skipped>
          <failedSince>0</failedSince>
        </case>
        <case>
          <duration>0.047</duration>
          <className>TestRestPolicyMap</className>
          <testName>TestCase01.test04</testName>
          <skipped>false</skipped>
          <failedSince>0</failedSince>
        </case>
        <case>
          <duration>0.166</duration>
          <className>TestRestPolicyMap</className>
          <testName>TestCase01.test06</testName>
          <skipped>false</skipped>
          <failedSince>0</failedSince>
        </case>
        <case>
          <duration>0.012</duration>
          <className>TestRestPolicyMap</className>
          <testName>TestCase01.test07</testName>
          <skipped>false</skipped>
          <failedSince>0</failedSince>
        </case>
        <case>
          <duration>0.368</duration>
          <className>TestRestPolicyMap</className>
          <testName>TestCase01.test09</testName>
          <skipped>false</skipped>
          <failedSince>0</failedSince>
        </case>
        <case>
          <duration>0.079</duration>
          <className>TestRestPolicyMap</className>
          <testName>TestCase01.test10</testName>
          <skipped>false</skipped>
          <failedSince>0</failedSince>
        </case>
        <case>
          <duration>0.098</duration>
          <className>TestRestPolicyMap</className>
          <testName>TestCase01.test13</testName>
          <skipped>false</skipped>
          <failedSince>0</failedSince>
        </case>
        <case>
          <duration>0.043</duration>
          <className>TestRestPolicyMap</className>
          <testName>TestCase01.test14</testName>
          <skipped>false</skipped>
          <failedSince>0</failedSince>
        </case>
        <case>
          <duration>0.036</duration>
          <className>TestRestPolicyMap</className>
          <testName>TestCase01.test15</testName>
          <skipped>false</skipped>
          <failedSince>0</failedSince>
        </case>
        <case>
          <duration>0.014</duration>
          <className>TestRestPolicyMap</className>
          <testName>TestCase01.test16</testName>
          <skipped>false</skipped>
          <failedSince>0</failedSince>
        </case>
        <case>
          <duration>0.016</duration>
          <className>TestRestPolicyMap</className>
          <testName>TestCase01.test17</testName>
          <skipped>false</skipped>
          <failedSince>0</failedSince>
        </case>
        <case>
          <duration>8.121</duration>
          <className>TestRestPolicyMap</className>
          <testName>TestCase01.test18</testName>
          <skipped>false</skipped>
          <failedSince>0</failedSince>
        </case>
        <case>
          <duration>0.008</duration>
          <className>TestRestPolicyMap</className>
          <testName>TestCase01.test19</testName>
          <skipped>false</skipped>
          <failedSince>0</failedSince>
        </case>
        <case>
          <duration>0.005</duration>
          <className>TestRestPolicyMap</className>
          <testName>TestCase01.test20</testName>
          <skipped>false</skipped>
          <failedSince>0</failedSince>
        </case>
        <case>
          <duration>0.026</duration>
          <className>TestRestPolicyMap</className>
          <testName>TestCase01.test21</testName>
          <skipped>false</skipped>
          <failedSince>0</failedSince>
        </case>
        <case>
          <duration>0.017</duration>
          <className>TestRestPolicyMap</className>
          <testName>TestCase01.test22</testName>
          <skipped>false</skipped>
          <failedSince>0</failedSince>
        </case>
        <case>
          <duration>0.007</duration>
          <className>TestRestPolicyMap</className>
          <testName>TestCase01.test23</testName>
          <skipped>false</skipped>
          <failedSince>0</failedSince>
        </case>
        <case>
          <duration>0.01</duration>
          <className>TestRestPolicyMap</className>
          <testName>TestCase01.test24</testName>
          <skipped>false</skipped>
          <failedSince>0</failedSince>
        </case>
        <case>
          <duration>0.007</duration>
          <className>TestRestPolicyMap</className>
          <testName>TestCase02.test01</testName>
          <skipped>false</skipped>
          <failedSince>0</failedSince>
        </case>
        <case>
          <duration>0.005</duration>
          <className>TestRestPolicyMap</className>
          <testName>TestCase02.test02</testName>
          <skipped>false</skipped>
          <failedSince>0</failedSince>
        </case>
        <case>
          <duration>2.329</duration>
          <className>TestRestPolicyMap</className>
          <testName>TestCase02.test03</testName>
          <skipped>false</skipped>
          <failedSince>0</failedSince>
        </case>
        <case>
          <duration>0.932</duration>
          <className>TestRestPolicyMap</className>
          <testName>TestCase02.test04</testName>
          <skipped>false</skipped>
          <failedSince>0</failedSince>
        </case>
      </cases>
    </suite>
    <suite>
      <file>/home/jenkins/workspace/Backend/CMC@5/test-results/TEST-cli-TestFault.xml</file>
      <name>cli.TestFault</name>
      <stdout>.............Test skipped on the Central Manager
...
TestCase02.test01: BQM-19813:CSM faults: snmp
Test skipped on the Central Manager
.
TestCase02.test02: BQM-19813:CSM faults: smtp
Test skipped on the Central Manager
.
TestCase02.test03: BQM-19813:CSM faults: syslog
Test skipped on the Central Manager
.
TestCase02.test04: Test CSM alerts for less-than policies on measure-total (&apos;turnover/time period&apos; real-life scenario)
Test skipped on the Central Manager
.
TestCase02.test05: Test CSM alerts f
...[truncated 204 chars]...
 on the Central Manager
.
TestCase02.test07: BQM-27816 Regression test to show if there are multiple alerts per stat and interface
Test skipped on the Central Manager
.
TestCase02.test08: BQM-41785: Service restarts by watchdog are reported as faults
Test test08 skipped in sandbox
.
TestCase02.test09: Test decoder warning
Test skipped on the Central Manager
.
TestCase03.test01: BQM-21551: Faults server caches old MP names
Test skipped on the Central Manager
.Test skipped on the Central Manager
.</stdout>
      <stderr></stderr>
      <duration>43.16</duration>
      <timestamp>2019-05-07T12:42:38.251821</timestamp>
      <time>43.160</time>
      <enclosingBlocks/>
      <enclosingBlockNames/>
      <cases>
        <case>
          <duration>26.022</duration>
          <className>TestFault</className>
          <testName>TestCase01.test01</testName>
          <skipped>false</skipped>
          <failedSince>0</failedSince>
        </case>
        <case>
          <duration>0.01</duration>
          <className>TestFault</className>
          <testName>TestCase01.test02</testName>
          <skipped>false</skipped>
          <failedSince>0</failedSince>
        </case>
        <case>
          <duration>3.434</duration>
          <className>TestFault</className>
          <testName>TestCase01.test03</testName>
          <skipped>false</skipped>
          <failedSince>0</failedSince>
        </case>
        <case>
          <duration>1.689</duration>
          <className>TestFault</className>
          <testName>TestCase01.test04</testName>
          <skipped>false</skipped>
          <failedSince>0</failedSince>
        </case>
        <case>
          <duration>2.972</duration>
          <className>TestFault</className>
          <testName>TestCase01.test05</testName>
          <skipped>false</skipped>
          <failedSince>0</failedSince>
        </case>
        <case>
          <duration>3.176</duration>
          <className>TestFault</className>
          <testName>TestCase01.test06</testName>
          <skipped>false</skipped>
          <failedSince>0</failedSince>
        </case>
        <case>
          <duration>3.853</duration>
          <className>TestFault</className>
          <testName>TestCase01.test07</testName>
          <skipped>false</skipped>
          <failedSince>0</failedSince>
        </case>
        <case>
          <duration>0.25</duration>
          <className>TestFault</className>
          <testName>TestCase01.test08</testName>
          <skipped>false</skipped>
          <failedSince>0</failedSince>
        </case>
        <case>
          <duration>0.284</duration>
          <className>TestFault</className>
          <testName>TestCase01.test09</testName>
          <skipped>false</skipped>
          <failedSince>0</failedSince>
        </case>
        <case>
          <duration>0.435</duration>
          <className>TestFault</className>
          <testName>TestCase01.test10</testName>
          <skipped>false</skipped>
          <failedSince>0</failedSince>
        </case>
        <case>
          <duration>0.008</duration>
          <className>TestFault</className>
          <testName>TestCase01.test11</testName>
          <skipped>false</skipped>
          <failedSince>0</failedSince>
        </case>
        <case>
          <duration>0.351</duration>
          <className>TestFault</className>
          <testName>TestCase01.test12</testName>
          <skipped>false</skipped>
          <failedSince>0</failedSince>
        </case>
        <case>
          <duration>0.276</duration>
          <className>TestFault</className>
          <testName>TestCase01.test13</testName>
          <skipped>false</skipped>
          <failedSince>0</failedSince>
        </case>
        <case>
          <duration>0.026</duration>
          <className>TestFault</className>
          <testName>TestCase01.test14</testName>
          <skipped>false</skipped>
          <failedSince>0</failedSince>
        </case>
        <case>
          <duration>0.024</duration>
          <className>TestFault</className>
          <testName>TestCase01.test15</testName>
          <skipped>false</skipped>
          <failedSince>0</failedSince>
        </case>
        <case>
          <duration>0.082</duration>
          <className>TestFault</className>
          <testName>TestCase01.test16</testName>
          <skipped>false</skipped>
          <failedSince>0</failedSince>
        </case>
        <case>
          <duration>0.084</duration>
          <className>TestFault</className>
          <testName>TestCase02.test01</testName>
          <skipped>false</skipped>
          <failedSince>0</failedSince>
        </case>
        <case>
          <duration>0.016</duration>
          <className>TestFault</className>
          <testName>TestCase02.test02</testName>
          <skipped>false</skipped>
          <failedSince>0</failedSince>
        </case>
        <case>
          <duration>0.014</duration>
          <className>TestFault</className>
          <testName>TestCase02.test03</testName>
          <skipped>false</skipped>
          <failedSince>0</failedSince>
        </case>
        <case>
          <duration>0.018</duration>
          <className>TestFault</className>
          <testName>TestCase02.test04</testName>
          <skipped>false</skipped>
          <failedSince>0</failedSince>
        </case>
        <case>
          <duration>0.014</duration>
          <className>TestFault</className>
          <testName>TestCase02.test05</testName>
          <skipped>false</skipped>
          <failedSince>0</failedSince>
        </case>
        <case>
          <duration>0.016</duration>
          <className>TestFault</className>
          <testName>TestCase02.test06</testName>
          <skipped>false</skipped>
          <failedSince>0</failedSince>
        </case>
        <case>
          <duration>0.048</duration>
          <className>TestFault</className>
          <testName>TestCase02.test07</testName>
          <skipped>false</skipped>
          <failedSince>0</failedSince>
        </case>
        <case>
          <duration>0.0</duration>
          <className>TestFault</className>
          <testName>TestCase02.test08</testName>
          <skipped>false</skipped>
          <failedSince>0</failedSince>
        </case>
        <case>
          <duration>0.027</duration>
          <className>TestFault</className>
          <testName>TestCase02.test09</testName>
          <skipped>false</skipped>
          <failedSince>0</failedSince>
        </case>
        <case>
          <duration>0.016</duration>
          <className>TestFault</className>
          <testName>TestCase03.test01</testName>
          <skipped>false</skipped>
          <failedSince>0</failedSince>
        </case>
        <case>
          <duration>0.012</duration>
          <className>TestFault</className>
          <testName>TestCase03.test02</testName>
          <skipped>false</skipped>
          <failedSince>0</failedSince>
        </case>
      </cases>
    </suite>
    <suite>
      <file>/home/jenkins/workspace/Backend/CMC@10/test-results/TEST-cli-TestGenerateCertificate.xml</file>
      <name>cli.TestGenerateCertificate</name>
      <stdout>.....</stdout>
      <stderr></stderr>
      <duration>10.336</duration>
      <timestamp>2019-05-07T12:43:11.135427</timestamp>
      <time>10.336</time>
      <enclosingBlocks/>
      <enclosingBlockNames/>
      <cases>
        <case>
          <duration>1.611</duration>
          <className>TestGenerateCertificate</className>
          <testName>TestCase01.test01</testName>
          <skipped>false</skipped>
          <failedSince>0</failedSince>
        </case>
        <case>
          <duration>0.016</duration>
          <className>TestGenerateCertificate</className>
          <testName>TestCase01.test02</testName>
          <skipped>false</skipped>
          <failedSince>0</failedSince>
        </case>
        <case>
          <duration>8.693</duration>
          <className>TestGenerateCertificate</className>
          <testName>TestCase01.test03</testName>
          <skipped>false</skipped>
          <failedSince>0</failedSince>
        </case>
        <case>
          <duration>0.008</duration>
          <className>TestGenerateCertificate</className>
          <testName>TestCase01.test04</testName>
          <skipped>false</skipped>
          <failedSince>0</failedSince>
        </case>
        <case>
          <duration>0.007</duration>
          <className>TestGenerateCertificate</className>
          <testName>TestCase01.test05</testName>
          <skipped>false</skipped>
          <failedSince>0</failedSince>
        </case>
      </cases>
    </suite>
    <suite>
      <file>/home/jenkins/workspace/Backend/CMC/test-results/TEST-cli-TestPAMCrash.xml</file>
      <name>cli.TestPAMCrash</name>
      <stdout>.</stdout>
      <stderr></stderr>
      <duration>1.664</duration>
      <timestamp>2019-05-07T12:43:23.251060</timestamp>
      <time>1.664</time>
      <enclosingBlocks/>
      <enclosingBlockNames/>
      <cases>
        <case>
          <duration>1.664</duration>
          <className>TestPAMCrash</className>
          <testName>TestCase_BQM_54290.test01</testName>
          <skipped>false</skipped>
          <failedSince>0</failedSince>
        </case>
      </cases>
    </suite>
    <suite>
      <file>/home/jenkins/workspace/Backend/CMC@6/test-results/TEST-cli-TestMore.xml</file>
      <name>cli.TestMore</name>
      <stdout>Clearing host config ...
...Test skipped on the Central Manager
.Test skipped on the Central Manager
.Test skipped on the Central Manager
.</stdout>
      <stderr></stderr>
      <duration>25.785</duration>
      <timestamp>2019-05-07T12:43:01.444121</timestamp>
      <time>25.785</time>
      <enclosingBlocks/>
      <enclosingBlockNames/>
      <cases>
        <case>
          <duration>25.321</duration>
          <className>TestMore</className>
          <testName>TestCase01.test01</testName>
          <skipped>false</skipped>
          <failedSince>0</failedSince>
        </case>
        <case>
          <duration>0.083</duration>
          <className>TestMore</className>
          <testName>TestCase01.test02</testName>
          <skipped>false</skipped>
          <failedSince>0</failedSince>
        </case>
        <case>
          <duration>0.273</duration>
          <className>TestMore</className>
          <testName>TestCase01.test03</testName>
          <skipped>false</skipped>
          <failedSince>0</failedSince>
        </case>
        <case>
          <duration>0.083</duration>
          <className>TestMore</className>
          <testName>TestCase01.test04</testName>
          <skipped>false</skipped>
          <failedSince>0</failedSince>
        </case>
        <case>
          <duration>0.011</duration>
          <className>TestMore</className>
          <testName>TestCase01.test05</testName>
          <skipped>false</skipped>
          <failedSince>0</failedSince>
        </case>
        <case>
          <duration>0.013</duration>
          <className>TestMore</className>
          <testName>TestCase01.test06</testName>
          <skipped>false</skipped>
          <failedSince>0</failedSince>
        </case>
      </cases>
    </suite>
    <suite>
      <file>/home/jenkins/workspace/Backend/CMC@9/test-results/TEST-rest-TestRestStats.xml</file>
      <name>rest.TestRestStats</name>
      <stdout>..Test skipped on the Central Manager
...</stdout>
      <stderr></stderr>
      <duration>15.029</duration>
      <timestamp>2019-05-07T12:43:12.734950</timestamp>
      <time>15.029</time>
      <enclosingBlocks/>
      <enclosingBlockNames/>
      <cases>
        <case>
          <duration>12.73</duration>
          <className>TestRestStats</className>
          <testName>TestCase01.test01</testName>
          <skipped>false</skipped>
          <failedSince>0</failedSince>
        </case>
        <case>
          <duration>0.002</duration>
          <className>TestRestStats</className>
          <testName>TestCase01.test02</testName>
          <skipped>false</skipped>
          <failedSince>0</failedSince>
        </case>
        <case>
          <duration>0.014</duration>
          <className>TestRestStats</className>
          <testName>TestCase01.test03</testName>
          <skipped>false</skipped>
          <failedSince>0</failedSince>
        </case>
        <case>
          <duration>0.011</duration>
          <className>TestRestStats</className>
          <testName>TestCase01.test04</testName>
          <skipped>false</skipped>
          <failedSince>0</failedSince>
        </case>
        <case>
          <duration>2.271</duration>
          <className>TestRestStats</className>
          <testName>TestCase01.test05</testName>
          <skipped>false</skipped>
          <failedSince>0</failedSince>
        </case>
      </cases>
    </suite>
    <suite>
      <file>/home/jenkins/workspace/Backend/CMC@2/test-results/TEST-rest-TestRestFaults.xml</file>
      <name>rest.TestRestFaults</name>
      <stdout>.....Test skipped on the Central Manager
.</stdout>
      <stderr></stderr>
      <duration>17.129</duration>
      <timestamp>2019-05-07T12:43:21.406004</timestamp>
      <time>17.129</time>
      <enclosingBlocks/>
      <enclosingBlockNames/>
      <cases>
        <case>
          <duration>8.109</duration>
          <className>TestRestFaults</className>
          <testName>TestCase01.test01</testName>
          <skipped>false</skipped>
          <failedSince>0</failedSince>
        </case>
        <case>
          <duration>0.005</duration>
          <className>TestRestFaults</className>
          <testName>TestCase01.test02</testName>
          <skipped>false</skipped>
          <failedSince>0</failedSince>
        </case>
        <case>
          <duration>0.112</duration>
          <className>TestRestFaults</className>
          <testName>TestCase01.test03</testName>
          <skipped>false</skipped>
          <failedSince>0</failedSince>
        </case>
        <case>
          <duration>0.003</duration>
          <className>TestRestFaults</className>
          <testName>TestCase01.test04</testName>
          <skipped>false</skipped>
          <failedSince>0</failedSince>
        </case>
        <case>
          <duration>8.893</duration>
          <className>TestRestFaults</className>
          <testName>TestCase01.test05</testName>
          <skipped>false</skipped>
          <failedSince>0</failedSince>
        </case>
        <case>
          <duration>0.007</duration>
          <className>TestRestFaults</className>
          <testName>TestCase01.test06</testName>
          <skipped>false</skipped>
          <failedSince>0</failedSince>
        </case>
      </cases>
    </suite>
    <suite>
      <file>/home/jenkins/workspace/Backend/CMC@7/test-results/TEST-cli-TestShow.xml</file>
      <name>cli.TestShow</name>
      <stdout>Warning: Unexpected number of ports &apos;0&apos; ()
....Test skipped on the Central Manager
.Test skipped on the Central Manager
.Test skipped on the Central Manager
....Test skipped on the Central Manager
........Test skipped on the Central Manager
.Test skipped on the Central Manager
.Test skipped on the Central Manager
.......Test skipped on the Central Manager
.Test skipped on the Central Manager
.Test skipped on the Central Manager
.Test skipped on the Central Manager
.Test skipped on the Central Ma
...[truncated 2293 chars]...
st skipped on the Central Manager
.Test test08 skipped in sandbox
.[waiting for probed to restart.1s]
[waiting for probed to restart.1s]
.[waiting for probed to restart.1s]
[waiting for probed to restart.1s]
[waiting for probed to restart.1s]
.[waiting for probed to restart.1s]
[waiting for probed to restart.1s]
.Warning: Unexpected number of ports &apos;0&apos; ()
..
TestCase05.test03: BQM-45735 distinguish between disabled and timed out flows in &apos;show flow-db-stats&apos;
Test skipped on the Central Manager
.</stdout>
      <stderr></stderr>
      <duration>501.747</duration>
      <timestamp>2019-05-07T12:35:33.102542</timestamp>
      <time>501.747</time>
      <enclosingBlocks/>
      <enclosingBlockNames/>
      <cases>
        <case>
          <duration>15.213</duration>
          <className>TestShow</className>
          <testName>TestCase01.test01</testName>
          <skipped>false</skipped>
          <failedSince>0</failedSince>
        </case>
        <case>
          <duration>0.038</duration>
          <className>TestShow</className>
          <testName>TestCase01.test02</testName>
          <skipped>false</skipped>
          <failedSince>0</failedSince>
        </case>
        <case>
          <duration>0.026</duration>
          <className>TestShow</className>
          <testName>TestCase01.test03</testName>
          <skipped>false</skipped>
          <failedSince>0</failedSince>
        </case>
        <case>
          <duration>0.025</duration>
          <className>TestShow</className>
          <testName>TestCase01.test04</testName>
          <skipped>false</skipped>
          <failedSince>0</failedSince>
        </case>
        <case>
          <duration>0.059</duration>
          <className>TestShow</className>
          <testName>TestCase01.test05</testName>
          <skipped>false</skipped>
          <failedSince>0</failedSince>
        </case>
        <case>
          <duration>0.023</duration>
          <className>TestShow</className>
          <testName>TestCase01.test06</testName>
          <skipped>false</skipped>
          <failedSince>0</failedSince>
        </case>
        <case>
          <duration>0.021</duration>
          <className>TestShow</className>
          <testName>TestCase01.test07</testName>
          <skipped>false</skipped>
          <failedSince>0</failedSince>
        </case>
        <case>
          <duration>0.061</duration>
          <className>TestShow</className>
          <testName>TestCase01.test08</testName>
          <skipped>false</skipped>
          <failedSince>0</failedSince>
        </case>
        <case>
          <duration>0.026</duration>
          <className>TestShow</className>
          <testName>TestCase01.test09</testName>
          <skipped>false</skipped>
          <failedSince>0</failedSince>
        </case>
        <case>
          <duration>0.037</duration>
          <className>TestShow</className>
          <testName>TestCase01.test10</testName>
          <skipped>false</skipped>
          <failedSince>0</failedSince>
        </case>
        <case>
          <duration>0.022</duration>
          <className>TestShow</className>
          <testName>TestCase01.test11</testName>
          <skipped>false</skipped>
          <failedSince>0</failedSince>
        </case>
        <case>
          <duration>0.033</duration>
          <className>TestShow</className>
          <testName>TestCase01.test12</testName>
          <skipped>false</skipped>
          <failedSince>0</failedSince>
        </case>
        <case>
          <duration>0.016</duration>
          <className>TestShow</className>
          <testName>TestCase01.test13</testName>
          <skipped>false</skipped>
          <failedSince>0</failedSince>
        </case>
        <case>
          <duration>0.024</duration>
          <className>TestShow</className>
          <testName>TestCase01.test14</testName>
          <skipped>false</skipped>
          <failedSince>0</failedSince>
        </case>
        <case>
          <duration>0.016</duration>
          <className>TestShow</className>
          <testName>TestCase01.test15</testName>
          <skipped>false</skipped>
          <failedSince>0</failedSince>
        </case>
        <case>
          <duration>0.341</duration>
          <className>TestShow</className>
          <testName>TestCase01.test16</testName>
          <skipped>false</skipped>
          <failedSince>0</failedSince>
        </case>
        <case>
          <duration>0.027</duration>
          <className>TestShow</className>
          <testName>TestCase01.test17</testName>
          <skipped>false</skipped>
          <failedSince>0</failedSince>
        </case>
        <case>
          <duration>0.017</duration>
          <className>TestShow</className>
          <testName>TestCase01.test18</testName>
          <skipped>false</skipped>
          <failedSince>0</failedSince>
        </case>
        <case>
          <duration>0.048</duration>
          <className>TestShow</className>
          <testName>TestCase01.test19</testName>
          <skipped>false</skipped>
          <failedSince>0</failedSince>
        </case>
        <case>
          <duration>0.023</duration>
          <className>TestShow</className>
          <testName>TestCase01.test20</testName>
          <skipped>false</skipped>
          <failedSince>0</failedSince>
        </case>
        <case>
          <duration>0.02</duration>
          <className>TestShow</className>
          <testName>TestCase01.test21</testName>
          <skipped>false</skipped>
          <failedSince>0</failedSince>
        </case>
        <case>
          <duration>0.419</duration>
          <className>TestShow</className>
          <testName>TestCase01.test22</testName>
          <skipped>false</skipped>
          <failedSince>0</failedSince>
        </case>
        <case>
          <duration>0.129</duration>
          <className>TestShow</className>
          <testName>TestCase01.test23</testName>
          <skipped>false</skipped>
          <failedSince>0</failedSince>
        </case>
        <case>
          <duration>1.843</duration>
          <className>TestShow</className>
          <testName>TestCase01.test24</testName>
          <skipped>false</skipped>
          <failedSince>0</failedSince>
        </case>
        <case>
          <duration>2.0</duration>
          <className>TestShow</className>
          <testName>TestCase01.test25</testName>
          <skipped>false</skipped>
          <failedSince>0</failedSince>
        </case>
        <case>
          <duration>2.927</duration>
          <className>TestShow</className>
          <testName>TestCase01.test26</testName>
          <skipped>false</skipped>
          <failedSince>0</failedSince>
        </case>
        <case>
          <duration>2.523</duration>
          <className>TestShow</className>
          <testName>TestCase01.test27</testName>
          <skipped>false</skipped>
          <failedSince>0</failedSince>
        </case>
        <case>
          <duration>0.06</duration>
          <className>TestShow</className>
          <testName>TestCase01.test28</testName>
          <skipped>false</skipped>
          <failedSince>0</failedSince>
        </case>
        <case>
          <duration>0.039</duration>
          <className>TestShow</className>
          <testName>TestCase01.test29</testName>
          <skipped>false</skipped>
          <failedSince>0</failedSince>
        </case>
        <case>
          <duration>0.031</duration>
          <className>TestShow</className>
          <testName>TestCase01.test30</testName>
          <skipped>false</skipped>
          <failedSince>0</failedSince>
        </case>
        <case>
          <duration>0.023</duration>
          <className>TestShow</className>
          <testName>TestCase01.test31</testName>
          <skipped>false</skipped>
          <failedSince>0</failedSince>
        </case>
        <case>
          <duration>0.022</duration>
          <className>TestShow</className>
          <testName>TestCase01.test32</testName>
          <skipped>false</skipped>
          <failedSince>0</failedSince>
        </case>
        <case>
          <duration>0.044</duration>
          <className>TestShow</className>
          <testName>TestCase01.test33</testName>
          <skipped>false</skipped>
          <failedSince>0</failedSince>
        </case>
        <case>
          <duration>0.019</duration>
          <className>TestShow</className>
          <testName>TestCase01.test34</testName>
          <skipped>false</skipped>
          <failedSince>0</failedSince>
        </case>
        <case>
          <duration>0.018</duration>
          <className>TestShow</className>
          <testName>TestCase01.test35</testName>
          <skipped>false</skipped>
          <failedSince>0</failedSince>
        </case>
        <case>
          <duration>0.014</duration>
          <className>TestShow</className>
          <testName>TestCase01.test36</testName>
          <skipped>false</skipped>
          <failedSince>0</failedSince>
        </case>
        <case>
          <duration>0.133</duration>
          <className>TestShow</className>
          <testName>TestCase01.test37</testName>
          <skipped>false</skipped>
          <failedSince>0</failedSince>
        </case>
        <case>
          <duration>0.016</duration>
          <className>TestShow</className>
          <testName>TestCase01.test38</testName>
          <skipped>false</skipped>
          <failedSince>0</failedSince>
        </case>
        <case>
          <duration>4.92</duration>
          <className>TestShow</className>
          <testName>TestCase01.test39</testName>
          <skipped>false</skipped>
          <failedSince>0</failedSince>
        </case>
        <case>
          <duration>0.031</duration>
          <className>TestShow</className>
          <testName>TestCase01.test40</testName>
          <skipped>false</skipped>
          <failedSince>0</failedSince>
        </case>
        <case>
          <duration>0.044</duration>
          <className>TestShow</className>
          <testName>TestCase01.test41</testName>
          <skipped>false</skipped>
          <failedSince>0</failedSince>
        </case>
        <case>
          <duration>3.785</duration>
          <className>TestShow</className>
          <testName>TestCase01.test42</testName>
          <skipped>false</skipped>
          <failedSince>0</failedSince>
        </case>
        <case>
          <duration>0.02</duration>
          <className>TestShow</className>
          <testName>TestCase01.test43</testName>
          <skipped>false</skipped>
          <failedSince>0</failedSince>
        </case>
        <case>
          <duration>0.067</duration>
          <className>TestShow</className>
          <testName>TestCase01.test44_event_storage_Capture_retention_time</testName>
          <skipped>false</skipped>
          <failedSince>0</failedSince>
        </case>
        <case>
          <duration>12.013</duration>
          <className>TestShow</className>
          <testName>TestCase02.test01</testName>
          <skipped>false</skipped>
          <failedSince>0</failedSince>
        </case>
        <case>
          <duration>0.242</duration>
          <className>TestShow</className>
          <testName>TestCase02.test02</testName>
          <skipped>false</skipped>
          <failedSince>0</failedSince>
        </case>
        <case>
          <duration>0.059</duration>
          <className>TestShow</className>
          <testName>TestCase02.test03</testName>
          <skipped>false</skipped>
          <failedSince>0</failedSince>
        </case>
        <case>
          <duration>3.517</duration>
          <className>TestShow</className>
          <testName>TestCase02.test04</testName>
          <skipped>false</skipped>
          <failedSince>0</failedSince>
        </case>
        <case>
          <duration>1.48</duration>
          <className>TestShow</className>
          <testName>TestCase02.test05</testName>
          <skipped>false</skipped>
          <failedSince>0</failedSince>
        </case>
        <case>
          <duration>0.797</duration>
          <className>TestShow</className>
          <testName>TestCase02.test06</testName>
          <skipped>false</skipped>
          <failedSince>0</failedSince>
        </case>
        <case>
          <duration>0.797</duration>
          <className>TestShow</className>
          <testName>TestCase02.test07</testName>
          <skipped>false</skipped>
          <failedSince>0</failedSince>
        </case>
        <case>
          <duration>1.092</duration>
          <className>TestShow</className>
          <testName>TestCase02.test08</testName>
          <skipped>false</skipped>
          <failedSince>0</failedSince>
        </case>
        <case>
          <duration>1.605</duration>
          <className>TestShow</className>
          <testName>TestCase02.test09</testName>
          <skipped>false</skipped>
          <failedSince>0</failedSince>
        </case>
        <case>
          <duration>5.13</duration>
          <className>TestShow</className>
          <testName>TestCase02.test10</testName>
          <skipped>false</skipped>
          <failedSince>0</failedSince>
        </case>
        <case>
          <duration>0.492</duration>
          <className>TestShow</className>
          <testName>TestCase02.test11</testName>
          <skipped>false</skipped>
          <failedSince>0</failedSince>
        </case>
        <case>
          <duration>0.005</duration>
          <className>TestShow</className>
          <testName>TestCase02.test12</testName>
          <skipped>false</skipped>
          <failedSince>0</failedSince>
        </case>
        <case>
          <duration>0.004</duration>
          <className>TestShow</className>
          <testName>TestCase02.test13</testName>
          <skipped>false</skipped>
          <failedSince>0</failedSince>
        </case>
        <case>
          <duration>0.055</duration>
          <className>TestShow</className>
          <testName>TestCase02.test14</testName>
          <skipped>false</skipped>
          <failedSince>0</failedSince>
        </case>
        <case>
          <duration>0.045</duration>
          <className>TestShow</className>
          <testName>TestCase02.test15</testName>
          <skipped>false</skipped>
          <failedSince>0</failedSince>
        </case>
        <case>
          <duration>0.015</duration>
          <className>TestShow</className>
          <testName>TestCase02.test16</testName>
          <skipped>false</skipped>
          <failedSince>0</failedSince>
        </case>
        <case>
          <duration>0.073</duration>
          <className>TestShow</className>
          <testName>TestCase02.test17</testName>
          <skipped>false</skipped>
          <failedSince>0</failedSince>
        </case>
        <case>
          <duration>0.027</duration>
          <className>TestShow</className>
          <testName>TestCase02.test18</testName>
          <skipped>false</skipped>
          <failedSince>0</failedSince>
        </case>
        <case>
          <duration>0.024</duration>
          <className>TestShow</className>
          <testName>TestCase02.test19</testName>
          <skipped>false</skipped>
          <failedSince>0</failedSince>
        </case>
        <case>
          <duration>0.03</duration>
          <className>TestShow</className>
          <testName>TestCase02.test20</testName>
          <skipped>false</skipped>
          <failedSince>0</failedSince>
        </case>
        <case>
          <duration>0.043</duration>
          <className>TestShow</className>
          <testName>TestCase02.test21_test_10s_in_100s_history</testName>
          <skipped>false</skipped>
          <failedSince>0</failedSince>
        </case>
        <case>
          <duration>10.632</duration>
          <className>TestShow</className>
          <testName>TestCase03.test01</testName>
          <skipped>false</skipped>
          <failedSince>0</failedSince>
        </case>
        <case>
          <duration>3.455</duration>
          <className>TestShow</className>
          <testName>TestCase03.test03</testName>
          <skipped>false</skipped>
          <failedSince>0</failedSince>
        </case>
        <case>
          <duration>0.109</duration>
          <className>TestShow</className>
          <testName>TestCase03.test04</testName>
          <skipped>false</skipped>
          <failedSince>0</failedSince>
        </case>
        <case>
          <duration>0.021</duration>
          <className>TestShow</className>
          <testName>TestCase03.test05</testName>
          <skipped>false</skipped>
          <failedSince>0</failedSince>
        </case>
        <case>
          <duration>0.121</duration>
          <className>TestShow</className>
          <testName>TestCase03.test06</testName>
          <skipped>false</skipped>
          <failedSince>0</failedSince>
        </case>
        <case>
          <duration>0.015</duration>
          <className>TestShow</className>
          <testName>TestCase03.test07</testName>
          <skipped>false</skipped>
          <failedSince>0</failedSince>
        </case>
        <case>
          <duration>0.011</duration>
          <className>TestShow</className>
          <testName>TestCase03.test08</testName>
          <skipped>false</skipped>
          <failedSince>0</failedSince>
        </case>
        <case>
          <duration>0.047</duration>
          <className>TestShow</className>
          <testName>TestCase03.test09</testName>
          <skipped>false</skipped>
          <failedSince>0</failedSince>
        </case>
        <case>
          <duration>0.021</duration>
          <className>TestShow</className>
          <testName>TestCase03.test10</testName>
          <skipped>false</skipped>
          <failedSince>0</failedSince>
        </case>
        <case>
          <duration>0.016</duration>
          <className>TestShow</className>
          <testName>TestCase03.test11</testName>
          <skipped>false</skipped>
          <failedSince>0</failedSince>
        </case>
        <case>
          <duration>0.026</duration>
          <className>TestShow</className>
          <testName>TestCase03.test12</testName>
          <skipped>false</skipped>
          <failedSince>0</failedSince>
        </case>
        <case>
          <duration>5.977</duration>
          <className>TestShow</className>
          <testName>TestCase03.test13</testName>
          <skipped>false</skipped>
          <failedSince>0</failedSince>
        </case>
        <case>
          <duration>17.154</duration>
          <className>TestShow</className>
          <testName>TestCase03.test14</testName>
          <skipped>false</skipped>
          <failedSince>0</failedSince>
        </case>
        <case>
          <duration>3.077</duration>
          <className>TestShow</className>
          <testName>TestCase03.test15</testName>
          <skipped>false</skipped>
          <failedSince>0</failedSince>
        </case>
        <case>
          <duration>3.423</duration>
          <className>TestShow</className>
          <testName>TestCase03.test16_validate_smtp_server_output</testName>
          <skipped>false</skipped>
          <failedSince>0</failedSince>
        </case>
        <case>
          <duration>3.975</duration>
          <className>TestShow</className>
          <testName>TestCase04.test01</testName>
          <skipped>false</skipped>
          <failedSince>0</failedSince>
        </case>
        <case>
          <duration>114.821</duration>
          <className>TestShow</className>
          <testName>TestCase04.test02</testName>
          <skipped>false</skipped>
          <failedSince>0</failedSince>
        </case>
        <case>
          <duration>4.24</duration>
          <className>TestShow</className>
          <testName>TestCase04.test03</testName>
          <skipped>false</skipped>
          <failedSince>0</failedSince>
        </case>
        <case>
          <duration>0.019</duration>
          <className>TestShow</className>
          <testName>TestCase04.test04</testName>
          <skipped>false</skipped>
          <failedSince>0</failedSince>
        </case>
        <case>
          <duration>0.024</duration>
          <className>TestShow</className>
          <testName>TestCase04.test05</testName>
          <skipped>false</skipped>
          <failedSince>0</failedSince>
        </case>
        <case>
          <duration>0.02</duration>
          <className>TestShow</className>
          <testName>TestCase04.test06</testName>
          <skipped>false</skipped>
          <failedSince>0</failedSince>
        </case>
        <case>
          <duration>0.014</duration>
          <className>TestShow</className>
          <testName>TestCase04.test07</testName>
          <skipped>false</skipped>
          <failedSince>0</failedSince>
        </case>
        <case>
          <duration>0.0</duration>
          <className>TestShow</className>
          <testName>TestCase04.test08</testName>
          <skipped>false</skipped>
          <failedSince>0</failedSince>
        </case>
        <case>
          <duration>71.714</duration>
          <className>TestShow</className>
          <testName>TestCase04.test09</testName>
          <skipped>false</skipped>
          <failedSince>0</failedSince>
        </case>
        <case>
          <duration>105.233</duration>
          <className>TestShow</className>
          <testName>TestCase04.test10</testName>
          <skipped>false</skipped>
          <failedSince>0</failedSince>
        </case>
        <case>
          <duration>89.202</duration>
          <className>TestShow</className>
          <testName>TestCase04.test11</testName>
          <skipped>false</skipped>
          <failedSince>0</failedSince>
        </case>
        <case>
          <duration>3.137</duration>
          <className>TestShow</className>
          <testName>TestCase05.test01</testName>
          <skipped>false</skipped>
          <failedSince>0</failedSince>
        </case>
        <case>
          <duration>2.421</duration>
          <className>TestShow</className>
          <testName>TestCase05.test02</testName>
          <skipped>false</skipped>
          <failedSince>0</failedSince>
        </case>
        <case>
          <duration>0.024</duration>
          <className>TestShow</className>
          <testName>TestCase05.test03</testName>
          <skipped>false</skipped>
          <failedSince>0</failedSince>
        </case>
      </cases>
    </suite>
    <suite>
      <file>/home/jenkins/workspace/Backend/CMC@2/test-results/TEST-cli-TestShowCatalog.xml</file>
      <name>cli.TestShowCatalog</name>
      <stdout>...</stdout>
      <stderr></stderr>
      <duration>2.695</duration>
      <timestamp>2019-05-07T12:43:59.052601</timestamp>
      <time>2.695</time>
      <enclosingBlocks/>
      <enclosingBlockNames/>
      <cases>
        <case>
          <duration>2.429</duration>
          <className>TestShowCatalog</className>
          <testName>TestCase01.test01</testName>
          <skipped>false</skipped>
          <failedSince>0</failedSince>
        </case>
        <case>
          <duration>0.095</duration>
          <className>TestShowCatalog</className>
          <testName>TestCase01.test02</testName>
          <skipped>false</skipped>
          <failedSince>0</failedSince>
        </case>
        <case>
          <duration>0.171</duration>
          <className>TestShowCatalog</className>
          <testName>TestCase01.test03</testName>
          <skipped>false</skipped>
          <failedSince>0</failedSince>
        </case>
      </cases>
    </suite>
    <suite>
      <file>/home/jenkins/workspace/Backend/CMC@7/test-results/TEST-cli-TestShowIPMI.xml</file>
      <name>cli.TestShowIPMI</name>
      <stdout>............</stdout>
      <stderr></stderr>
      <duration>1.53</duration>
      <timestamp>2019-05-07T12:44:09.043058</timestamp>
      <time>1.530</time>
      <enclosingBlocks/>
      <enclosingBlockNames/>
      <cases>
        <case>
          <duration>1.436</duration>
          <className>TestShowIPMI</className>
          <testName>TestCase01.test01</testName>
          <skipped>false</skipped>
          <failedSince>0</failedSince>
        </case>
        <case>
          <duration>0.016</duration>
          <className>TestShowIPMI</className>
          <testName>TestCase01.test02</testName>
          <skipped>false</skipped>
          <failedSince>0</failedSince>
        </case>
        <case>
          <duration>0.015</duration>
          <className>TestShowIPMI</className>
          <testName>TestCase01.test03</testName>
          <skipped>false</skipped>
          <failedSince>0</failedSince>
        </case>
        <case>
          <duration>0.013</duration>
          <className>TestShowIPMI</className>
          <testName>TestCase01.test04</testName>
          <skipped>false</skipped>
          <failedSince>0</failedSince>
        </case>
        <case>
          <duration>0.013</duration>
          <className>TestShowIPMI</className>
          <testName>TestCase01.test05</testName>
          <skipped>false</skipped>
          <failedSince>0</failedSince>
        </case>
        <case>
          <duration>0.012</duration>
          <className>TestShowIPMI</className>
          <testName>TestCase01.test06</testName>
          <skipped>false</skipped>
          <failedSince>0</failedSince>
        </case>
        <case>
          <duration>0.013</duration>
          <className>TestShowIPMI</className>
          <testName>TestCase01.test07</testName>
          <skipped>false</skipped>
          <failedSince>0</failedSince>
        </case>
        <case>
          <duration>0.003</duration>
          <className>TestShowIPMI</className>
          <testName>TestCase02.test01</testName>
          <skipped>false</skipped>
          <failedSince>0</failedSince>
        </case>
        <case>
          <duration>0.002</duration>
          <className>TestShowIPMI</className>
          <testName>TestCase02.test02</testName>
          <skipped>false</skipped>
          <failedSince>0</failedSince>
        </case>
        <case>
          <duration>0.001</duration>
          <className>TestShowIPMI</className>
          <testName>TestCase02.test03</testName>
          <skipped>false</skipped>
          <failedSince>0</failedSince>
        </case>
        <case>
          <duration>0.002</duration>
          <className>TestShowIPMI</className>
          <testName>TestCase02.test04</testName>
          <skipped>false</skipped>
          <failedSince>0</failedSince>
        </case>
        <case>
          <duration>0.001</duration>
          <className>TestShowIPMI</className>
          <testName>TestCase02.test05</testName>
          <skipped>false</skipped>
          <failedSince>0</failedSince>
        </case>
      </cases>
    </suite>
    <suite>
      <file>/home/jenkins/workspace/Backend/CMC/test-results/TEST-cli-TestDiskHealth.xml</file>
      <name>cli.TestDiskHealth</name>
      <stdout>........</stdout>
      <stderr></stderr>
      <duration>4.01</duration>
      <timestamp>2019-05-07T12:44:07.299525</timestamp>
      <time>4.010</time>
      <enclosingBlocks/>
      <enclosingBlockNames/>
      <cases>
        <case>
          <duration>2.928</duration>
          <className>TestDiskHealth</className>
          <testName>TestCase01.test01</testName>
          <skipped>false</skipped>
          <failedSince>0</failedSince>
        </case>
        <case>
          <duration>0.023</duration>
          <className>TestDiskHealth</className>
          <testName>TestCase01.test02</testName>
          <skipped>false</skipped>
          <failedSince>0</failedSince>
        </case>
        <case>
          <duration>0.008</duration>
          <className>TestDiskHealth</className>
          <testName>TestCase01.test03</testName>
          <skipped>false</skipped>
          <failedSince>0</failedSince>
        </case>
        <case>
          <duration>0.311</duration>
          <className>TestDiskHealth</className>
          <testName>TestCase01.test04</testName>
          <skipped>false</skipped>
          <failedSince>0</failedSince>
        </case>
        <case>
          <duration>0.046</duration>
          <className>TestDiskHealth</className>
          <testName>TestCase01.test05</testName>
          <skipped>false</skipped>
          <failedSince>0</failedSince>
        </case>
        <case>
          <duration>0.008</duration>
          <className>TestDiskHealth</className>
          <testName>TestCase02.test01</testName>
          <skipped>false</skipped>
          <failedSince>0</failedSince>
        </case>
        <case>
          <duration>0.329</duration>
          <className>TestDiskHealth</className>
          <testName>TestCase02.test02</testName>
          <skipped>false</skipped>
          <failedSince>0</failedSince>
        </case>
        <case>
          <duration>0.356</duration>
          <className>TestDiskHealth</className>
          <testName>TestCase02.test03</testName>
          <skipped>false</skipped>
          <failedSince>0</failedSince>
        </case>
      </cases>
    </suite>
    <suite>
      <file>/home/jenkins/workspace/Backend/CMC/test-results/TEST-cli-TestTests.xml</file>
      <name>cli.TestTests</name>
      <stdout>...........</stdout>
      <stderr></stderr>
      <duration>0.022</duration>
      <timestamp>2019-05-07T12:44:19.774662</timestamp>
      <time>0.022</time>
      <enclosingBlocks/>
      <enclosingBlockNames/>
      <cases>
        <case>
          <duration>0.003</duration>
          <className>TestTests</className>
          <testName>TestCase01.test01</testName>
          <skipped>false</skipped>
          <failedSince>0</failedSince>
        </case>
        <case>
          <duration>0.008</duration>
          <className>TestTests</className>
          <testName>TestCase01.test02</testName>
          <skipped>false</skipped>
          <failedSince>0</failedSince>
        </case>
        <case>
          <duration>0.001</duration>
          <className>TestTests</className>
          <testName>TestCase01.test03</testName>
          <skipped>false</skipped>
          <failedSince>0</failedSince>
        </case>
        <case>
          <duration>0.002</duration>
          <className>TestTests</className>
          <testName>TestCase01.test04</testName>
          <skipped>false</skipped>
          <failedSince>0</failedSince>
        </case>
        <case>
          <duration>0.001</duration>
          <className>TestTests</className>
          <testName>TestCase01.test05</testName>
          <skipped>false</skipped>
          <failedSince>0</failedSince>
        </case>
        <case>
          <duration>0.001</duration>
          <className>TestTests</className>
          <testName>TestCase01.test06</testName>
          <skipped>false</skipped>
          <failedSince>0</failedSince>
        </case>
        <case>
          <duration>0.001</duration>
          <className>TestTests</className>
          <testName>TestCase01.test07</testName>
          <skipped>false</skipped>
          <failedSince>0</failedSince>
        </case>
        <case>
          <duration>0.001</duration>
          <className>TestTests</className>
          <testName>TestCase01.test08</testName>
          <skipped>false</skipped>
          <failedSince>0</failedSince>
        </case>
        <case>
          <duration>0.001</duration>
          <className>TestTests</className>
          <testName>TestCase01.test09</testName>
          <skipped>false</skipped>
          <failedSince>0</failedSince>
        </case>
        <case>
          <duration>0.002</duration>
          <className>TestTests</className>
          <testName>TestCase01.test10</testName>
          <skipped>false</skipped>
          <failedSince>0</failedSince>
        </case>
        <case>
          <duration>0.001</duration>
          <className>TestTests</className>
          <testName>TestCase01.test11</testName>
          <skipped>false</skipped>
          <failedSince>0</failedSince>
        </case>
      </cases>
    </suite>
    <suite>
      <file>/home/jenkins/workspace/Backend/CMC@2/test-results/TEST-cli-TestMeasuresDescription.xml</file>
      <name>cli.TestMeasuresDescription</name>
      <stdout>.........</stdout>
      <stderr></stderr>
      <duration>16.013</duration>
      <timestamp>2019-05-07T12:44:03.665278</timestamp>
      <time>16.013</time>
      <enclosingBlocks/>
      <enclosingBlockNames/>
      <cases>
        <case>
          <duration>12.462</duration>
          <className>TestMeasuresDescription</className>
          <testName>TestCase00.test00</testName>
          <skipped>false</skipped>
          <failedSince>0</failedSince>
        </case>
        <case>
          <duration>3.298</duration>
          <className>TestMeasuresDescription</className>
          <testName>TestCase01.test00</testName>
          <skipped>false</skipped>
          <failedSince>0</failedSince>
        </case>
        <case>
          <duration>0.13</duration>
          <className>TestMeasuresDescription</className>
          <testName>TestCase01.test01</testName>
          <skipped>false</skipped>
          <failedSince>0</failedSince>
        </case>
        <case>
          <duration>0.038</duration>
          <className>TestMeasuresDescription</className>
          <testName>TestCase01.test02</testName>
          <skipped>false</skipped>
          <failedSince>0</failedSince>
        </case>
        <case>
          <duration>0.046</duration>
          <className>TestMeasuresDescription</className>
          <testName>TestCase01.test03</testName>
          <skipped>false</skipped>
          <failedSince>0</failedSince>
        </case>
        <case>
          <duration>0.012</duration>
          <className>TestMeasuresDescription</className>
          <testName>TestCase01.test04</testName>
          <skipped>false</skipped>
          <failedSince>0</failedSince>
        </case>
        <case>
          <duration>0.008</duration>
          <className>TestMeasuresDescription</className>
          <testName>TestCase01.test05</testName>
          <skipped>false</skipped>
          <failedSince>0</failedSince>
        </case>
        <case>
          <duration>0.008</duration>
          <className>TestMeasuresDescription</className>
          <testName>TestCase01.test06</testName>
          <skipped>false</skipped>
          <failedSince>0</failedSince>
        </case>
        <case>
          <duration>0.009</duration>
          <className>TestMeasuresDescription</className>
          <testName>TestCase01.test07</testName>
          <skipped>false</skipped>
          <failedSince>0</failedSince>
        </case>
      </cases>
    </suite>
    <suite>
      <file>/home/jenkins/workspace/Backend/CMC@2/test-results/TEST-cli-TestMeasurementWarnings.xml</file>
      <name>cli.TestMeasurementWarnings</name>
      <stdout>TestCase01.test01: Test port-drops, packet-drops and decode-failures
Test skipped on the Central Manager
.TestCase01.test02: Test pnqm-hash-collisions and pnqm-not-available
Test skipped on the Central Manager
.TestCase01.test03: Test pnqm-drop and pnqm-missed-measurement
Test skipped on the Central Manager
.TestCase01.test04: Test clock-sync-availability
Test skipped on the Central Manager
.Test skipped on the Central Manager
.TestCase01.test06: Test duplicate-packets
Test skipped on the Central Manager
.Test skipped on the Central Manager
.Test skipped on the Central Manager
.Test skipped on the Central Manager
.Test skipped on the Central Manager
.Test skipped on the Central Manager
.</stdout>
      <stderr></stderr>
      <duration>0.28</duration>
      <timestamp>2019-05-07T12:44:35.600939</timestamp>
      <time>0.280</time>
      <enclosingBlocks/>
      <enclosingBlockNames/>
      <cases>
        <case>
          <duration>0.051</duration>
          <className>TestMeasurementWarnings</className>
          <testName>TestCase01.test01</testName>
          <skipped>false</skipped>
          <failedSince>0</failedSince>
        </case>
        <case>
          <duration>0.029</duration>
          <className>TestMeasurementWarnings</className>
          <testName>TestCase01.test02</testName>
          <skipped>false</skipped>
          <failedSince>0</failedSince>
        </case>
        <case>
          <duration>0.013</duration>
          <className>TestMeasurementWarnings</className>
          <testName>TestCase01.test03</testName>
          <skipped>false</skipped>
          <failedSince>0</failedSince>
        </case>
        <case>
          <duration>0.022</duration>
          <className>TestMeasurementWarnings</className>
          <testName>TestCase01.test04</testName>
          <skipped>false</skipped>
          <failedSince>0</failedSince>
        </case>
        <case>
          <duration>0.017</duration>
          <className>TestMeasurementWarnings</className>
          <testName>TestCase01.test05</testName>
          <skipped>false</skipped>
          <failedSince>0</failedSince>
        </case>
        <case>
          <duration>0.021</duration>
          <className>TestMeasurementWarnings</className>
          <testName>TestCase01.test06</testName>
          <skipped>false</skipped>
          <failedSince>0</failedSince>
        </case>
        <case>
          <duration>0.022</duration>
          <className>TestMeasurementWarnings</className>
          <testName>TestCase01.test07</testName>
          <skipped>false</skipped>
          <failedSince>0</failedSince>
        </case>
        <case>
          <duration>0.019</duration>
          <className>TestMeasurementWarnings</className>
          <testName>TestCase01.test08</testName>
          <skipped>false</skipped>
          <failedSince>0</failedSince>
        </case>
        <case>
          <duration>0.02</duration>
          <className>TestMeasurementWarnings</className>
          <testName>TestCase02.test01</testName>
          <skipped>false</skipped>
          <failedSince>0</failedSince>
        </case>
        <case>
          <duration>0.02</duration>
          <className>TestMeasurementWarnings</className>
          <testName>TestCase02.test02</testName>
          <skipped>false</skipped>
          <failedSince>0</failedSince>
        </case>
        <case>
          <duration>0.043</duration>
          <className>TestMeasurementWarnings</className>
          <testName>TestCase02.test03</testName>
          <skipped>false</skipped>
          <failedSince>0</failedSince>
        </case>
      </cases>
    </suite>
    <suite>
      <file>/home/jenkins/workspace/Backend/CMC/test-results/TEST-cli-TestNSLCDStop.xml</file>
      <name>cli.TestNSLCDStop</name>
      <stdout>.</stdout>
      <stderr></stderr>
      <duration>1.214</duration>
      <timestamp>2019-05-07T12:44:47.205792</timestamp>
      <time>1.214</time>
      <enclosingBlocks/>
      <enclosingBlockNames/>
      <cases>
        <case>
          <duration>1.214</duration>
          <className>TestNSLCDStop</className>
          <testName>TestCase_BQM_57481.test01</testName>
          <skipped>false</skipped>
          <failedSince>0</failedSince>
        </case>
      </cases>
    </suite>
    <suite>
      <file>/home/jenkins/workspace/Backend/CMC@9/test-results/TEST-capture-TestFlowIndex.xml</file>
      <name>capture.TestFlowIndex</name>
      <stdout>Test skipped on the Central Manager
.Test skipped on the Central Manager
.Test skipped on the Central Manager
.Test skipped on the Central Manager
.Test skipped on the Central Manager
.Test skipped on the Central Manager
.Test skipped on the Central Manager
.Test skipped on the Central Manager
.Test skipped on the Central Manager
.Test skipped on the Central Manager
.Test skipped on the Central Manager
.Test skipped on the Central Manager
.Test skipped on the Central Manager
.Test skipped on the
...[truncated 406 chars]...
e Central Manager
.Test skipped on the Central Manager
.Test skipped on the Central Manager
.Test skipped on the Central Manager
.Test skipped on the Central Manager
.Test skipped on the Central Manager
.Test skipped on the Central Manager
.Test skipped on the Central Manager
.Test skipped on the Central Manager
.Test skipped on the Central Manager
.Test skipped on the Central Manager
.Test skipped on the Central Manager
.Test skipped on the Central Manager
.Test skipped on the Central Manager
.</stdout>
      <stderr></stderr>
      <duration>0.002</duration>
      <timestamp>2019-05-07T12:45:17.285501</timestamp>
      <time>0.002</time>
      <enclosingBlocks/>
      <enclosingBlockNames/>
      <cases>
        <case>
          <duration>0.0</duration>
          <className>TestFlowIndex</className>
          <testName>TestCase01.test01</testName>
          <skipped>false</skipped>
          <failedSince>0</failedSince>
        </case>
        <case>
          <duration>0.0</duration>
          <className>TestFlowIndex</className>
          <testName>TestCase01.test02</testName>
          <skipped>false</skipped>
          <failedSince>0</failedSince>
        </case>
        <case>
          <duration>0.0</duration>
          <className>TestFlowIndex</className>
          <testName>TestCase01.test03</testName>
          <skipped>false</skipped>
          <failedSince>0</failedSince>
        </case>
        <case>
          <duration>0.0</duration>
          <className>TestFlowIndex</className>
          <testName>TestCase01.test04</testName>
          <skipped>false</skipped>
          <failedSince>0</failedSince>
        </case>
        <case>
          <duration>0.0</duration>
          <className>TestFlowIndex</className>
          <testName>TestCase02.test01</testName>
          <skipped>false</skipped>
          <failedSince>0</failedSince>
        </case>
        <case>
          <duration>0.0</duration>
          <className>TestFlowIndex</className>
          <testName>TestCase02.test02</testName>
          <skipped>false</skipped>
          <failedSince>0</failedSince>
        </case>
        <case>
          <duration>0.0</duration>
          <className>TestFlowIndex</className>
          <testName>TestCase02.test03</testName>
          <skipped>false</skipped>
          <failedSince>0</failedSince>
        </case>
        <case>
          <duration>0.0</duration>
          <className>TestFlowIndex</className>
          <testName>TestCase02.test04</testName>
          <skipped>false</skipped>
          <failedSince>0</failedSince>
        </case>
        <case>
          <duration>0.0</duration>
          <className>TestFlowIndex</className>
          <testName>TestCase02.test05</testName>
          <skipped>false</skipped>
          <failedSince>0</failedSince>
        </case>
        <case>
          <duration>0.0</duration>
          <className>TestFlowIndex</className>
          <testName>TestCase02.test06_deleted_unstable_app_quoted</testName>
          <skipped>false</skipped>
          <failedSince>0</failedSince>
        </case>
        <case>
          <duration>0.0</duration>
          <className>TestFlowIndex</className>
          <testName>TestCase03.test01</testName>
          <skipped>false</skipped>
          <failedSince>0</failedSince>
        </case>
        <case>
          <duration>0.0</duration>
          <className>TestFlowIndex</className>
          <testName>TestCase04.test01</testName>
          <skipped>false</skipped>
          <failedSince>0</failedSince>
        </case>
        <case>
          <duration>0.0</duration>
          <className>TestFlowIndex</className>
          <testName>TestCase04.test02</testName>
          <skipped>false</skipped>
          <failedSince>0</failedSince>
        </case>
        <case>
          <duration>0.0</duration>
          <className>TestFlowIndex</className>
          <testName>TestCase04.test03</testName>
          <skipped>false</skipped>
          <failedSince>0</failedSince>
        </case>
        <case>
          <duration>0.0</duration>
          <className>TestFlowIndex</className>
          <testName>TestCase04.test04_incorrect_third_direction</testName>
          <skipped>false</skipped>
          <failedSince>0</failedSince>
        </case>
        <case>
          <duration>0.0</duration>
          <className>TestFlowIndex</className>
          <testName>TestCase05.test01</testName>
          <skipped>false</skipped>
          <failedSince>0</failedSince>
        </case>
        <case>
          <duration>0.0</duration>
          <className>TestFlowIndex</className>
          <testName>TestCase05.test02</testName>
          <skipped>false</skipped>
          <failedSince>0</failedSince>
        </case>
        <case>
          <duration>0.0</duration>
          <className>TestFlowIndex</className>
          <testName>TestCase05.test03</testName>
          <skipped>false</skipped>
          <failedSince>0</failedSince>
        </case>
        <case>
          <duration>0.0</duration>
          <className>TestFlowIndex</className>
          <testName>TestCase05.test04</testName>
          <skipped>false</skipped>
          <failedSince>0</failedSince>
        </case>
        <case>
          <duration>0.0</duration>
          <className>TestFlowIndex</className>
          <testName>TestCase06.test01_no_direction</testName>
          <skipped>false</skipped>
          <failedSince>0</failedSince>
        </case>
        <case>
          <duration>0.0</duration>
          <className>TestFlowIndex</className>
          <testName>TestCase06.test02_client_to_servers</testName>
          <skipped>false</skipped>
          <failedSince>0</failedSince>
        </case>
        <case>
          <duration>0.0</duration>
          <className>TestFlowIndex</className>
          <testName>TestCase06.test03_unstable</testName>
          <skipped>false</skipped>
          <failedSince>0</failedSince>
        </case>
        <case>
          <duration>0.0</duration>
          <className>TestFlowIndex</className>
          <testName>TestCase07.test01_rtt_mean_out_of_bounds</testName>
          <skipped>false</skipped>
          <failedSince>0</failedSince>
        </case>
        <case>
          <duration>0.0</duration>
          <className>TestFlowIndex</className>
          <testName>TestCase07.test02_magic_file</testName>
          <skipped>false</skipped>
          <failedSince>0</failedSince>
        </case>
        <case>
          <duration>0.0</duration>
          <className>TestFlowIndex</className>
          <testName>TestCase07.test03_rtt_values_propagation</testName>
          <skipped>false</skipped>
          <failedSince>0</failedSince>
        </case>
        <case>
          <duration>0.0</duration>
          <className>TestFlowIndex</className>
          <testName>TestCase07.test04_tcp_conn_metrics</testName>
          <skipped>false</skipped>
          <failedSince>0</failedSince>
        </case>
        <case>
          <duration>0.0</duration>
          <className>TestFlowIndex</className>
          <testName>TestCase07.test05_tcp_conn_metrics_unidirectional</testName>
          <skipped>false</skipped>
          <failedSince>0</failedSince>
        </case>
        <case>
          <duration>0.0</duration>
          <className>TestFlowIndex</className>
          <testName>TestCase07.test06_test_reestablished_syns</testName>
          <skipped>false</skipped>
          <failedSince>0</failedSince>
        </case>
        <case>
          <duration>0.0</duration>
          <className>TestFlowIndex</className>
          <testName>TestCase07.test07_test_connection_counts</testName>
          <skipped>false</skipped>
          <failedSince>0</failedSince>
        </case>
        <case>
          <duration>0.0</duration>
          <className>TestFlowIndex</className>
          <testName>TestCase07.test08_test_connection_counts_limit</testName>
          <skipped>false</skipped>
          <failedSince>0</failedSince>
        </case>
        <case>
          <duration>0.0</duration>
          <className>TestFlowIndex</className>
          <testName>TestCase07.test09_test_data_start_end</testName>
          <skipped>false</skipped>
          <failedSince>0</failedSince>
        </case>
        <case>
          <duration>0.0</duration>
          <className>TestFlowIndex</className>
          <testName>TestCase07.test10_test_data_start_end_with_filter</testName>
          <skipped>false</skipped>
          <failedSince>0</failedSince>
        </case>
        <case>
          <duration>0.0</duration>
          <className>TestFlowIndex</className>
          <testName>TestCase07.test11_rows_with_zero_packets</testName>
          <skipped>false</skipped>
          <failedSince>0</failedSince>
        </case>
        <case>
          <duration>0.0</duration>
          <className>TestFlowIndex</className>
          <testName>TestCase07.test12_test_missing_syn_ack_and_unidirectional</testName>
          <skipped>false</skipped>
          <failedSince>0</failedSince>
        </case>
        <case>
          <duration>0.0</duration>
          <className>TestFlowIndex</className>
          <testName>TestCase07.test13_test_last_not_changed_by_timeout</testName>
          <skipped>false</skipped>
          <failedSince>0</failedSince>
        </case>
        <case>
          <duration>0.0</duration>
          <className>TestFlowIndex</className>
          <testName>TestCase07.test14_test_connection_counts_max</testName>
          <skipped>false</skipped>
          <failedSince>0</failedSince>
        </case>
        <case>
          <duration>0.0</duration>
          <className>TestFlowIndex</className>
          <testName>TestCase07.test15_test_crash_entry_not_reset</testName>
          <skipped>false</skipped>
          <failedSince>0</failedSince>
        </case>
        <case>
          <duration>0.0</duration>
          <className>TestFlowIndex</className>
          <testName>TestCase07.test16_test_rsts_handled_correctly</testName>
          <skipped>false</skipped>
          <failedSince>0</failedSince>
        </case>
      </cases>
    </suite>
    <suite>
      <file>/home/jenkins/workspace/Backend/CMC/test-results/TEST-capture-TestGlobalSearch.xml</file>
      <name>capture.TestGlobalSearch</name>
      <stdout>Test skipped on the Central Manager
.Test skipped on the Central Manager
.Test skipped on the Central Manager
.Test skipped on the Central Manager
.Test skipped on the Central Manager
.Test skipped on the Central Manager
.Test skipped on the Central Manager
.Test skipped on the Central Manager
.Test skipped on the Central Manager
.Test skipped on the Central Manager
.Test skipped on the Central Manager
.Test skipped on the Central Manager
.Test skipped on the Central Manager
.Test skipped on the Central Manager
.Test skipped on the Central Manager
.Test skipped on the Central Manager
.Test skipped on the Central Manager
.Test skipped on the Central Manager
.Test skipped: requires LMC+CNE setup
.Test skipped: requires LMC+CNE setup
.Test skipped: requires LMC+CNE setup
.Test skipped: requires LMC+CNE setup
.Test skipped: requires LMC+CNE setup
.</stdout>
      <stderr></stderr>
      <duration>0.001</duration>
      <timestamp>2019-05-07T12:45:17.308454</timestamp>
      <time>0.001</time>
      <enclosingBlocks/>
      <enclosingBlockNames/>
      <cases>
        <case>
          <duration>0.0</duration>
          <className>TestGlobalSearch</className>
          <testName>TestCase01.test01</testName>
          <skipped>false</skipped>
          <failedSince>0</failedSince>
        </case>
        <case>
          <duration>0.0</duration>
          <className>TestGlobalSearch</className>
          <testName>TestCase01.test02</testName>
          <skipped>false</skipped>
          <failedSince>0</failedSince>
        </case>
        <case>
          <duration>0.0</duration>
          <className>TestGlobalSearch</className>
          <testName>TestCase01.test03</testName>
          <skipped>false</skipped>
          <failedSince>0</failedSince>
        </case>
        <case>
          <duration>0.0</duration>
          <className>TestGlobalSearch</className>
          <testName>TestCase01.test04</testName>
          <skipped>false</skipped>
          <failedSince>0</failedSince>
        </case>
        <case>
          <duration>0.0</duration>
          <className>TestGlobalSearch</className>
          <testName>TestCase01.test05</testName>
          <skipped>false</skipped>
          <failedSince>0</failedSince>
        </case>
        <case>
          <duration>0.0</duration>
          <className>TestGlobalSearch</className>
          <testName>TestCase01.test06</testName>
          <skipped>false</skipped>
          <failedSince>0</failedSince>
        </case>
        <case>
          <duration>0.0</duration>
          <className>TestGlobalSearch</className>
          <testName>TestCase01.test07</testName>
          <skipped>false</skipped>
          <failedSince>0</failedSince>
        </case>
        <case>
          <duration>0.0</duration>
          <className>TestGlobalSearch</className>
          <testName>TestCase01.test08</testName>
          <skipped>false</skipped>
          <failedSince>0</failedSince>
        </case>
        <case>
          <duration>0.0</duration>
          <className>TestGlobalSearch</className>
          <testName>TestCase01.test09</testName>
          <skipped>false</skipped>
          <failedSince>0</failedSince>
        </case>
        <case>
          <duration>0.0</duration>
          <className>TestGlobalSearch</className>
          <testName>TestCase01.test10</testName>
          <skipped>false</skipped>
          <failedSince>0</failedSince>
        </case>
        <case>
          <duration>0.0</duration>
          <className>TestGlobalSearch</className>
          <testName>TestCase01.test11</testName>
          <skipped>false</skipped>
          <failedSince>0</failedSince>
        </case>
        <case>
          <duration>0.0</duration>
          <className>TestGlobalSearch</className>
          <testName>TestCase01.test12</testName>
          <skipped>false</skipped>
          <failedSince>0</failedSince>
        </case>
        <case>
          <duration>0.0</duration>
          <className>TestGlobalSearch</className>
          <testName>TestCase01.test13</testName>
          <skipped>false</skipped>
          <failedSince>0</failedSince>
        </case>
        <case>
          <duration>0.0</duration>
          <className>TestGlobalSearch</className>
          <testName>TestCase01.test14</testName>
          <skipped>false</skipped>
          <failedSince>0</failedSince>
        </case>
        <case>
          <duration>0.0</duration>
          <className>TestGlobalSearch</className>
          <testName>TestCase01.test15</testName>
          <skipped>false</skipped>
          <failedSince>0</failedSince>
        </case>
        <case>
          <duration>0.0</duration>
          <className>TestGlobalSearch</className>
          <testName>TestCase01.test16</testName>
          <skipped>false</skipped>
          <failedSince>0</failedSince>
        </case>
        <case>
          <duration>0.0</duration>
          <className>TestGlobalSearch</className>
          <testName>TestCase01.test17</testName>
          <skipped>false</skipped>
          <failedSince>0</failedSince>
        </case>
        <case>
          <duration>0.0</duration>
          <className>TestGlobalSearch</className>
          <testName>TestCase01.test18</testName>
          <skipped>false</skipped>
          <failedSince>0</failedSince>
        </case>
        <case>
          <duration>0.0</duration>
          <className>TestGlobalSearch</className>
          <testName>TestCase02.test01</testName>
          <skipped>false</skipped>
          <failedSince>0</failedSince>
        </case>
        <case>
          <duration>0.0</duration>
          <className>TestGlobalSearch</className>
          <testName>TestCase02.test02</testName>
          <skipped>false</skipped>
          <failedSince>0</failedSince>
        </case>
        <case>
          <duration>0.0</duration>
          <className>TestGlobalSearch</className>
          <testName>TestCase02.test03</testName>
          <skipped>false</skipped>
          <failedSince>0</failedSince>
        </case>
        <case>
          <duration>0.0</duration>
          <className>TestGlobalSearch</className>
          <testName>TestCase02.test04</testName>
          <skipped>false</skipped>
          <failedSince>0</failedSince>
        </case>
        <case>
          <duration>0.0</duration>
          <className>TestGlobalSearch</className>
          <testName>TestCase02.test05</testName>
          <skipped>false</skipped>
          <failedSince>0</failedSince>
        </case>
      </cases>
    </suite>
    <suite>
      <file>/home/jenkins/workspace/Backend/CMC@7/test-results/TEST-rest-TestRestBranding.xml</file>
      <name>rest.TestRestBranding</name>
      <stdout>...</stdout>
      <stderr></stderr>
      <duration>0.065</duration>
      <timestamp>2019-05-07T12:45:23.507387</timestamp>
      <time>0.065</time>
      <enclosingBlocks/>
      <enclosingBlockNames/>
      <cases>
        <case>
          <duration>0.05</duration>
          <className>TestRestBranding</className>
          <testName>TestCase00.test01</testName>
          <skipped>false</skipped>
          <failedSince>0</failedSince>
        </case>
        <case>
          <duration>0.008</duration>
          <className>TestRestBranding</className>
          <testName>TestCase01.test01</testName>
          <skipped>false</skipped>
          <failedSince>0</failedSince>
        </case>
        <case>
          <duration>0.006</duration>
          <className>TestRestBranding</className>
          <testName>TestCase02.test01</testName>
          <skipped>false</skipped>
          <failedSince>0</failedSince>
        </case>
      </cases>
    </suite>
    <suite>
      <file>/home/jenkins/workspace/Backend/CMC@3/test-results/TEST-rest-TestRestClockTracking.xml</file>
      <name>rest.TestRestClockTracking</name>
      <stdout>Test skipped on the Central Manager
.Test skipped on the Central Manager
.</stdout>
      <stderr></stderr>
      <duration>0.0</duration>
      <timestamp>2019-05-07T12:45:29.693938</timestamp>
      <time>0.000</time>
      <enclosingBlocks/>
      <enclosingBlockNames/>
      <cases>
        <case>
          <duration>0.0</duration>
          <className>TestRestClockTracking</className>
          <testName>TestCase01.test01</testName>
          <skipped>false</skipped>
          <failedSince>0</failedSince>
        </case>
        <case>
          <duration>0.0</duration>
          <className>TestRestClockTracking</className>
          <testName>TestCase01.test02_modifications</testName>
          <skipped>false</skipped>
          <failedSince>0</failedSince>
        </case>
      </cases>
    </suite>
    <suite>
      <file>/home/jenkins/workspace/Backend/CMC@8/test-results/TEST-rest-TestRestConfig.xml</file>
      <name>rest.TestRestConfig</name>
      <stdout>doing cheap clear config
Test skipped on the Central Manager
.....Test skipped on the Central Manager
.Test skipped on the Central Manager
.Test skipped on the Central Manager
.Test skipped on the Central Manager
.Test skipped on the Central Manager
.Test skipped on the Central Manager
.Test skipped on the Central Manager
.Test skipped on the Central Manager
.Test skipped on the Central Manager
...Test skipped on the Central Manager
.Test skipped on the Central Manager
.Test skipped on the Centr
...[truncated 2458 chars]...
ger
..Test skipped on the Central Manager
..Test skipped on the Central Manager
...Test skipped on the Central Manager
........Test skipped on the Central Manager
...Test skipped on the Central Manager
.Test skipped on the Central Manager
.Test skipped on the Central Manager
.Test skipped on the Central Manager
..Test skipped on the Central Manager
.Test skipped on the Central Manager
.Test skipped on the Central Manager
.Test skipped on the Central Manager
.Test skipped on the Central Manager
.</stdout>
      <stderr></stderr>
      <duration>81.721</duration>
      <timestamp>2019-05-07T12:46:24.954805</timestamp>
      <time>81.721</time>
      <enclosingBlocks/>
      <enclosingBlockNames/>
      <cases>
        <case>
          <duration>11.264</duration>
          <className>TestRestConfig</className>
          <testName>TestCase00.test01</testName>
          <skipped>false</skipped>
          <failedSince>0</failedSince>
        </case>
        <case>
          <duration>7.393</duration>
          <className>TestRestConfig</className>
          <testName>TestCase01.test01</testName>
          <skipped>false</skipped>
          <failedSince>0</failedSince>
        </case>
        <case>
          <duration>0.012</duration>
          <className>TestRestConfig</className>
          <testName>TestCase01.test02</testName>
          <skipped>false</skipped>
          <failedSince>0</failedSince>
        </case>
        <case>
          <duration>8.826</duration>
          <className>TestRestConfig</className>
          <testName>TestCase01.test03</testName>
          <skipped>false</skipped>
          <failedSince>0</failedSince>
        </case>
        <case>
          <duration>0.039</duration>
          <className>TestRestConfig</className>
          <testName>TestCase01.test04</testName>
          <skipped>false</skipped>
          <failedSince>0</failedSince>
        </case>
        <case>
          <duration>0.009</duration>
          <className>TestRestConfig</className>
          <testName>TestCase01.test05</testName>
          <skipped>false</skipped>
          <failedSince>0</failedSince>
        </case>
        <case>
          <duration>0.007</duration>
          <className>TestRestConfig</className>
          <testName>TestCase01.test06</testName>
          <skipped>false</skipped>
          <failedSince>0</failedSince>
        </case>
        <case>
          <duration>0.006</duration>
          <className>TestRestConfig</className>
          <testName>TestCase01.test07</testName>
          <skipped>false</skipped>
          <failedSince>0</failedSince>
        </case>
        <case>
          <duration>0.02</duration>
          <className>TestRestConfig</className>
          <testName>TestCase01.test08</testName>
          <skipped>false</skipped>
          <failedSince>0</failedSince>
        </case>
        <case>
          <duration>0.009</duration>
          <className>TestRestConfig</className>
          <testName>TestCase01.test09</testName>
          <skipped>false</skipped>
          <failedSince>0</failedSince>
        </case>
        <case>
          <duration>0.006</duration>
          <className>TestRestConfig</className>
          <testName>TestCase01.test10</testName>
          <skipped>false</skipped>
          <failedSince>0</failedSince>
        </case>
        <case>
          <duration>0.007</duration>
          <className>TestRestConfig</className>
          <testName>TestCase01.test11</testName>
          <skipped>false</skipped>
          <failedSince>0</failedSince>
        </case>
        <case>
          <duration>0.007</duration>
          <className>TestRestConfig</className>
          <testName>TestCase01.test12</testName>
          <skipped>false</skipped>
          <failedSince>0</failedSince>
        </case>
        <case>
          <duration>0.007</duration>
          <className>TestRestConfig</className>
          <testName>TestCase01.test13</testName>
          <skipped>false</skipped>
          <failedSince>0</failedSince>
        </case>
        <case>
          <duration>13.292</duration>
          <className>TestRestConfig</className>
          <testName>TestCase01.test15</testName>
          <skipped>false</skipped>
          <failedSince>0</failedSince>
        </case>
        <case>
          <duration>1.745</duration>
          <className>TestRestConfig</className>
          <testName>TestCase01.test16</testName>
          <skipped>false</skipped>
          <failedSince>0</failedSince>
        </case>
        <case>
          <duration>0.016</duration>
          <className>TestRestConfig</className>
          <testName>TestCase01.test17</testName>
          <skipped>false</skipped>
          <failedSince>0</failedSince>
        </case>
        <case>
          <duration>0.028</duration>
          <className>TestRestConfig</className>
          <testName>TestCase01.test18</testName>
          <skipped>false</skipped>
          <failedSince>0</failedSince>
        </case>
        <case>
          <duration>0.007</duration>
          <className>TestRestConfig</className>
          <testName>TestCase01.test19</testName>
          <skipped>false</skipped>
          <failedSince>0</failedSince>
        </case>
        <case>
          <duration>0.007</duration>
          <className>TestRestConfig</className>
          <testName>TestCase01.test20</testName>
          <skipped>false</skipped>
          <failedSince>0</failedSince>
        </case>
        <case>
          <duration>0.007</duration>
          <className>TestRestConfig</className>
          <testName>TestCase01.test21</testName>
          <skipped>false</skipped>
          <failedSince>0</failedSince>
        </case>
        <case>
          <duration>0.007</duration>
          <className>TestRestConfig</className>
          <testName>TestCase01.test22</testName>
          <skipped>false</skipped>
          <failedSince>0</failedSince>
        </case>
        <case>
          <duration>0.007</duration>
          <className>TestRestConfig</className>
          <testName>TestCase01.test23</testName>
          <skipped>false</skipped>
          <failedSince>0</failedSince>
        </case>
        <case>
          <duration>0.007</duration>
          <className>TestRestConfig</className>
          <testName>TestCase01.test24</testName>
          <skipped>false</skipped>
          <failedSince>0</failedSince>
        </case>
        <case>
          <duration>0.007</duration>
          <className>TestRestConfig</className>
          <testName>TestCase01.test25</testName>
          <skipped>false</skipped>
          <failedSince>0</failedSince>
        </case>
        <case>
          <duration>2.602</duration>
          <className>TestRestConfig</className>
          <testName>TestCase01.test26</testName>
          <skipped>false</skipped>
          <failedSince>0</failedSince>
        </case>
        <case>
          <duration>0.083</duration>
          <className>TestRestConfig</className>
          <testName>TestCase01.test27</testName>
          <skipped>false</skipped>
          <failedSince>0</failedSince>
        </case>
        <case>
          <duration>0.092</duration>
          <className>TestRestConfig</className>
          <testName>TestCase01.test28</testName>
          <skipped>false</skipped>
          <failedSince>0</failedSince>
        </case>
        <case>
          <duration>0.013</duration>
          <className>TestRestConfig</className>
          <testName>TestCase01.test29</testName>
          <skipped>false</skipped>
          <failedSince>0</failedSince>
        </case>
        <case>
          <duration>0.007</duration>
          <className>TestRestConfig</className>
          <testName>TestCase01.test30</testName>
          <skipped>false</skipped>
          <failedSince>0</failedSince>
        </case>
        <case>
          <duration>2.764</duration>
          <className>TestRestConfig</className>
          <testName>TestCase01.test31</testName>
          <skipped>false</skipped>
          <failedSince>0</failedSince>
        </case>
        <case>
          <duration>1.891</duration>
          <className>TestRestConfig</className>
          <testName>TestCase01.test32</testName>
          <skipped>false</skipped>
          <failedSince>0</failedSince>
        </case>
        <case>
          <duration>0.01</duration>
          <className>TestRestConfig</className>
          <testName>TestCase01.test33</testName>
          <skipped>false</skipped>
          <failedSince>0</failedSince>
        </case>
        <case>
          <duration>0.006</duration>
          <className>TestRestConfig</className>
          <testName>TestCase01.test34</testName>
          <skipped>false</skipped>
          <failedSince>0</failedSince>
        </case>
        <case>
          <duration>2.274</duration>
          <className>TestRestConfig</className>
          <testName>TestCase01.test35</testName>
          <skipped>false</skipped>
          <failedSince>0</failedSince>
        </case>
        <case>
          <duration>0.007</duration>
          <className>TestRestConfig</className>
          <testName>TestCase01.test36</testName>
          <skipped>false</skipped>
          <failedSince>0</failedSince>
        </case>
        <case>
          <duration>0.007</duration>
          <className>TestRestConfig</className>
          <testName>TestCase01.test37</testName>
          <skipped>false</skipped>
          <failedSince>0</failedSince>
        </case>
        <case>
          <duration>0.007</duration>
          <className>TestRestConfig</className>
          <testName>TestCase01.test38</testName>
          <skipped>false</skipped>
          <failedSince>0</failedSince>
        </case>
        <case>
          <duration>0.007</duration>
          <className>TestRestConfig</className>
          <testName>TestCase01.test39</testName>
          <skipped>false</skipped>
          <failedSince>0</failedSince>
        </case>
        <case>
          <duration>0.006</duration>
          <className>TestRestConfig</className>
          <testName>TestCase01.test40</testName>
          <skipped>false</skipped>
          <failedSince>0</failedSince>
        </case>
        <case>
          <duration>0.006</duration>
          <className>TestRestConfig</className>
          <testName>TestCase01.test41</testName>
          <skipped>false</skipped>
          <failedSince>0</failedSince>
        </case>
        <case>
          <duration>0.007</duration>
          <className>TestRestConfig</className>
          <testName>TestCase01.test42</testName>
          <skipped>false</skipped>
          <failedSince>0</failedSince>
        </case>
        <case>
          <duration>0.006</duration>
          <className>TestRestConfig</className>
          <testName>TestCase01.test43</testName>
          <skipped>false</skipped>
          <failedSince>0</failedSince>
        </case>
        <case>
          <duration>0.86</duration>
          <className>TestRestConfig</className>
          <testName>TestCase01.test44</testName>
          <skipped>false</skipped>
          <failedSince>0</failedSince>
        </case>
        <case>
          <duration>1.891</duration>
          <className>TestRestConfig</className>
          <testName>TestCase02.test01</testName>
          <skipped>false</skipped>
          <failedSince>0</failedSince>
        </case>
        <case>
          <duration>0.005</duration>
          <className>TestRestConfig</className>
          <testName>TestCase02.test02</testName>
          <skipped>false</skipped>
          <failedSince>0</failedSince>
        </case>
        <case>
          <duration>0.005</duration>
          <className>TestRestConfig</className>
          <testName>TestCase02.test03</testName>
          <skipped>false</skipped>
          <failedSince>0</failedSince>
        </case>
        <case>
          <duration>0.005</duration>
          <className>TestRestConfig</className>
          <testName>TestCase02.test04</testName>
          <skipped>false</skipped>
          <failedSince>0</failedSince>
        </case>
        <case>
          <duration>0.005</duration>
          <className>TestRestConfig</className>
          <testName>TestCase02.test05</testName>
          <skipped>false</skipped>
          <failedSince>0</failedSince>
        </case>
        <case>
          <duration>0.005</duration>
          <className>TestRestConfig</className>
          <testName>TestCase02.test06</testName>
          <skipped>false</skipped>
          <failedSince>0</failedSince>
        </case>
        <case>
          <duration>0.005</duration>
          <className>TestRestConfig</className>
          <testName>TestCase02.test07</testName>
          <skipped>false</skipped>
          <failedSince>0</failedSince>
        </case>
        <case>
          <duration>0.004</duration>
          <className>TestRestConfig</className>
          <testName>TestCase02.test08</testName>
          <skipped>false</skipped>
          <failedSince>0</failedSince>
        </case>
        <case>
          <duration>0.004</duration>
          <className>TestRestConfig</className>
          <testName>TestCase02.test09</testName>
          <skipped>false</skipped>
          <failedSince>0</failedSince>
        </case>
        <case>
          <duration>0.005</duration>
          <className>TestRestConfig</className>
          <testName>TestCase02.test10</testName>
          <skipped>false</skipped>
          <failedSince>0</failedSince>
        </case>
        <case>
          <duration>0.061</duration>
          <className>TestRestConfig</className>
          <testName>TestCase02.test99</testName>
          <skipped>false</skipped>
          <failedSince>0</failedSince>
        </case>
        <case>
          <duration>0.0</duration>
          <className>TestRestConfig</className>
          <testName>TestCase03.test01</testName>
          <skipped>false</skipped>
          <failedSince>0</failedSince>
        </case>
        <case>
          <duration>2.106</duration>
          <className>TestRestConfig</className>
          <testName>TestCase04.test01</testName>
          <skipped>false</skipped>
          <failedSince>0</failedSince>
        </case>
        <case>
          <duration>0.009</duration>
          <className>TestRestConfig</className>
          <testName>TestCase04.test02</testName>
          <skipped>false</skipped>
          <failedSince>0</failedSince>
        </case>
        <case>
          <duration>0.009</duration>
          <className>TestRestConfig</className>
          <testName>TestCase04.test03</testName>
          <skipped>false</skipped>
          <failedSince>0</failedSince>
        </case>
        <case>
          <duration>0.008</duration>
          <className>TestRestConfig</className>
          <testName>TestCase04.test04</testName>
          <skipped>false</skipped>
          <failedSince>0</failedSince>
        </case>
        <case>
          <duration>0.008</duration>
          <className>TestRestConfig</className>
          <testName>TestCase04.test05</testName>
          <skipped>false</skipped>
          <failedSince>0</failedSince>
        </case>
        <case>
          <duration>0.008</duration>
          <className>TestRestConfig</className>
          <testName>TestCase04.test06</testName>
          <skipped>false</skipped>
          <failedSince>0</failedSince>
        </case>
        <case>
          <duration>0.008</duration>
          <className>TestRestConfig</className>
          <testName>TestCase04.test07</testName>
          <skipped>false</skipped>
          <failedSince>0</failedSince>
        </case>
        <case>
          <duration>0.007</duration>
          <className>TestRestConfig</className>
          <testName>TestCase04.test08</testName>
          <skipped>false</skipped>
          <failedSince>0</failedSince>
        </case>
        <case>
          <duration>0.008</duration>
          <className>TestRestConfig</className>
          <testName>TestCase04.test09</testName>
          <skipped>false</skipped>
          <failedSince>0</failedSince>
        </case>
        <case>
          <duration>0.007</duration>
          <className>TestRestConfig</className>
          <testName>TestCase04.test17</testName>
          <skipped>false</skipped>
          <failedSince>0</failedSince>
        </case>
        <case>
          <duration>0.007</duration>
          <className>TestRestConfig</className>
          <testName>TestCase04.test18</testName>
          <skipped>false</skipped>
          <failedSince>0</failedSince>
        </case>
        <case>
          <duration>0.008</duration>
          <className>TestRestConfig</className>
          <testName>TestCase04.test19</testName>
          <skipped>false</skipped>
          <failedSince>0</failedSince>
        </case>
        <case>
          <duration>0.007</duration>
          <className>TestRestConfig</className>
          <testName>TestCase04.test20</testName>
          <skipped>false</skipped>
          <failedSince>0</failedSince>
        </case>
        <case>
          <duration>0.007</duration>
          <className>TestRestConfig</className>
          <testName>TestCase04.test21</testName>
          <skipped>false</skipped>
          <failedSince>0</failedSince>
        </case>
        <case>
          <duration>0.008</duration>
          <className>TestRestConfig</className>
          <testName>TestCase04.test22</testName>
          <skipped>false</skipped>
          <failedSince>0</failedSince>
        </case>
        <case>
          <duration>0.007</duration>
          <className>TestRestConfig</className>
          <testName>TestCase04.test23</testName>
          <skipped>false</skipped>
          <failedSince>0</failedSince>
        </case>
        <case>
          <duration>0.008</duration>
          <className>TestRestConfig</className>
          <testName>TestCase04.test24</testName>
          <skipped>false</skipped>
          <failedSince>0</failedSince>
        </case>
        <case>
          <duration>0.008</duration>
          <className>TestRestConfig</className>
          <testName>TestCase04.test25</testName>
          <skipped>false</skipped>
          <failedSince>0</failedSince>
        </case>
        <case>
          <duration>0.008</duration>
          <className>TestRestConfig</className>
          <testName>TestCase04.test26</testName>
          <skipped>false</skipped>
          <failedSince>0</failedSince>
        </case>
        <case>
          <duration>0.008</duration>
          <className>TestRestConfig</className>
          <testName>TestCase04.test27</testName>
          <skipped>false</skipped>
          <failedSince>0</failedSince>
        </case>
        <case>
          <duration>0.007</duration>
          <className>TestRestConfig</className>
          <testName>TestCase04.test28</testName>
          <skipped>false</skipped>
          <failedSince>0</failedSince>
        </case>
        <case>
          <duration>0.008</duration>
          <className>TestRestConfig</className>
          <testName>TestCase04.test29</testName>
          <skipped>false</skipped>
          <failedSince>0</failedSince>
        </case>
        <case>
          <duration>0.008</duration>
          <className>TestRestConfig</className>
          <testName>TestCase04.test30</testName>
          <skipped>false</skipped>
          <failedSince>0</failedSince>
        </case>
        <case>
          <duration>0.006</duration>
          <className>TestRestConfig</className>
          <testName>TestCase05.test01</testName>
          <skipped>false</skipped>
          <failedSince>0</failedSince>
        </case>
        <case>
          <duration>0.008</duration>
          <className>TestRestConfig</className>
          <testName>TestCase05.test02</testName>
          <skipped>false</skipped>
          <failedSince>0</failedSince>
        </case>
        <case>
          <duration>0.006</duration>
          <className>TestRestConfig</className>
          <testName>TestCase06.test01</testName>
          <skipped>false</skipped>
          <failedSince>0</failedSince>
        </case>
        <case>
          <duration>0.006</duration>
          <className>TestRestConfig</className>
          <testName>TestCase06.test02</testName>
          <skipped>false</skipped>
          <failedSince>0</failedSince>
        </case>
        <case>
          <duration>0.007</duration>
          <className>TestRestConfig</className>
          <testName>TestCase06.test03</testName>
          <skipped>false</skipped>
          <failedSince>0</failedSince>
        </case>
        <case>
          <duration>0.005</duration>
          <className>TestRestConfig</className>
          <testName>TestCase06.test04</testName>
          <skipped>false</skipped>
          <failedSince>0</failedSince>
        </case>
        <case>
          <duration>0.005</duration>
          <className>TestRestConfig</className>
          <testName>TestCase06.test05</testName>
          <skipped>false</skipped>
          <failedSince>0</failedSince>
        </case>
        <case>
          <duration>0.006</duration>
          <className>TestRestConfig</className>
          <testName>TestCase07.test03</testName>
          <skipped>false</skipped>
          <failedSince>0</failedSince>
        </case>
        <case>
          <duration>0.005</duration>
          <className>TestRestConfig</className>
          <testName>TestCase07.test05</testName>
          <skipped>false</skipped>
          <failedSince>0</failedSince>
        </case>
        <case>
          <duration>0.005</duration>
          <className>TestRestConfig</className>
          <testName>TestCase07.test06</testName>
          <skipped>false</skipped>
          <failedSince>0</failedSince>
        </case>
        <case>
          <duration>0.006</duration>
          <className>TestRestConfig</className>
          <testName>TestCase07.test07</testName>
          <skipped>false</skipped>
          <failedSince>0</failedSince>
        </case>
        <case>
          <duration>0.006</duration>
          <className>TestRestConfig</className>
          <testName>TestCase07.test08</testName>
          <skipped>false</skipped>
          <failedSince>0</failedSince>
        </case>
        <case>
          <duration>0.006</duration>
          <className>TestRestConfig</className>
          <testName>TestCase07.test09</testName>
          <skipped>false</skipped>
          <failedSince>0</failedSince>
        </case>
        <case>
          <duration>0.005</duration>
          <className>TestRestConfig</className>
          <testName>TestCase07.test10</testName>
          <skipped>false</skipped>
          <failedSince>0</failedSince>
        </case>
        <case>
          <duration>0.006</duration>
          <className>TestRestConfig</className>
          <testName>TestCase07.test11</testName>
          <skipped>false</skipped>
          <failedSince>0</failedSince>
        </case>
        <case>
          <duration>3.515</duration>
          <className>TestRestConfig</className>
          <testName>TestCase08.test01</testName>
          <skipped>false</skipped>
          <failedSince>0</failedSince>
        </case>
        <case>
          <duration>0.016</duration>
          <className>TestRestConfig</className>
          <testName>TestCase08.test02</testName>
          <skipped>false</skipped>
          <failedSince>0</failedSince>
        </case>
        <case>
          <duration>9.005</duration>
          <className>TestRestConfig</className>
          <testName>TestCase08.test03</testName>
          <skipped>false</skipped>
          <failedSince>0</failedSince>
        </case>
        <case>
          <duration>0.013</duration>
          <className>TestRestConfig</className>
          <testName>TestCase08.test04</testName>
          <skipped>false</skipped>
          <failedSince>0</failedSince>
        </case>
        <case>
          <duration>2.393</duration>
          <className>TestRestConfig</className>
          <testName>TestCase08.test05</testName>
          <skipped>false</skipped>
          <failedSince>0</failedSince>
        </case>
        <case>
          <duration>2.355</duration>
          <className>TestRestConfig</className>
          <testName>TestCase08.test06</testName>
          <skipped>false</skipped>
          <failedSince>0</failedSince>
        </case>
        <case>
          <duration>0.025</duration>
          <className>TestRestConfig</className>
          <testName>TestCase08.test07</testName>
          <skipped>false</skipped>
          <failedSince>0</failedSince>
        </case>
        <case>
          <duration>1.932</duration>
          <className>TestRestConfig</className>
          <testName>TestCase09.test01</testName>
          <skipped>false</skipped>
          <failedSince>0</failedSince>
        </case>
        <case>
          <duration>0.005</duration>
          <className>TestRestConfig</className>
          <testName>TestCase09.test02</testName>
          <skipped>false</skipped>
          <failedSince>0</failedSince>
        </case>
        <case>
          <duration>0.006</duration>
          <className>TestRestConfig</className>
          <testName>TestCase09.test03</testName>
          <skipped>false</skipped>
          <failedSince>0</failedSince>
        </case>
        <case>
          <duration>0.004</duration>
          <className>TestRestConfig</className>
          <testName>TestCase09.test04</testName>
          <skipped>false</skipped>
          <failedSince>0</failedSince>
        </case>
        <case>
          <duration>0.004</duration>
          <className>TestRestConfig</className>
          <testName>TestCase09.test05</testName>
          <skipped>false</skipped>
          <failedSince>0</failedSince>
        </case>
        <case>
          <duration>0.004</duration>
          <className>TestRestConfig</className>
          <testName>TestCase09.test06</testName>
          <skipped>false</skipped>
          <failedSince>0</failedSince>
        </case>
        <case>
          <duration>0.02</duration>
          <className>TestRestConfig</className>
          <testName>TestCase09.test07</testName>
          <skipped>false</skipped>
          <failedSince>0</failedSince>
        </case>
        <case>
          <duration>0.012</duration>
          <className>TestRestConfig</className>
          <testName>TestCase09.test08</testName>
          <skipped>false</skipped>
          <failedSince>0</failedSince>
        </case>
        <case>
          <duration>0.005</duration>
          <className>TestRestConfig</className>
          <testName>TestCase09.test09</testName>
          <skipped>false</skipped>
          <failedSince>0</failedSince>
        </case>
        <case>
          <duration>3.824</duration>
          <className>TestRestConfig</className>
          <testName>TestCase10.test01</testName>
          <skipped>false</skipped>
          <failedSince>0</failedSince>
        </case>
        <case>
          <duration>0.011</duration>
          <className>TestRestConfig</className>
          <testName>TestCase11.test01</testName>
          <skipped>false</skipped>
          <failedSince>0</failedSince>
        </case>
        <case>
          <duration>0.008</duration>
          <className>TestRestConfig</className>
          <testName>TestCase11.test02</testName>
          <skipped>false</skipped>
          <failedSince>0</failedSince>
        </case>
        <case>
          <duration>0.007</duration>
          <className>TestRestConfig</className>
          <testName>TestCase11.test03</testName>
          <skipped>false</skipped>
          <failedSince>0</failedSince>
        </case>
        <case>
          <duration>0.007</duration>
          <className>TestRestConfig</className>
          <testName>TestCase11.test04</testName>
          <skipped>false</skipped>
          <failedSince>0</failedSince>
        </case>
        <case>
          <duration>0.747</duration>
          <className>TestRestConfig</className>
          <testName>TestCase11.test05</testName>
          <skipped>false</skipped>
          <failedSince>0</failedSince>
        </case>
        <case>
          <duration>0.014</duration>
          <className>TestRestConfig</className>
          <testName>TestCase12.test01</testName>
          <skipped>false</skipped>
          <failedSince>0</failedSince>
        </case>
        <case>
          <duration>0.007</duration>
          <className>TestRestConfig</className>
          <testName>TestCase12.test02</testName>
          <skipped>false</skipped>
          <failedSince>0</failedSince>
        </case>
        <case>
          <duration>0.006</duration>
          <className>TestRestConfig</className>
          <testName>TestCase12.test03</testName>
          <skipped>false</skipped>
          <failedSince>0</failedSince>
        </case>
        <case>
          <duration>0.006</duration>
          <className>TestRestConfig</className>
          <testName>TestCase12.test04</testName>
          <skipped>false</skipped>
          <failedSince>0</failedSince>
        </case>
        <case>
          <duration>0.007</duration>
          <className>TestRestConfig</className>
          <testName>TestCase12.test05</testName>
          <skipped>false</skipped>
          <failedSince>0</failedSince>
        </case>
      </cases>
    </suite>
    <suite>
      <file>/home/jenkins/workspace/Backend/CMC@9/test-results/TEST-cli-TestSession.xml</file>
      <name>cli.TestSession</name>
      <stdout>
TestCase01.test01: Basic session operations test
.
TestCase01.test02: Session channel rename
.
TestCase01.test03: Invalid channels
.
TestCase01.test04: Channels used in only one session
Test not applicable to &apos;new sessions&apos; code
.
TestCase01.test05: Number of sessions properly appearing on status
.
TestCase01.test06: Making valid channels invalid
.
TestCase01.test07: Rejecting offline channels in sessions
.
TestCase01.test08: BQM-38692: Completion for &quot;pnqm-target to-id xxx on cne ?&quot;
.
TestCase
...[truncated 3230 chars]...
t/src/probed/test/cfg/fltend.cfg
Piping config from /components/cna/host/src/probed/test/cfg/fltstart.cfg
Piping config from /components/cna/host/src/probed/test/cfg/ip_watchlist_dsc.cfg
.Test skipped on the Central Manager
.
TestCase05.test04: 0-CNE/1-CNE/2-CNE sessions on CMC
.
TestCase05.test05: 0-CNE/1-CNE/2-CNE sessions on CMC, display test
.
TestCase05.test06: BQM-BQM-41001 : Test that only &apos;session-cnes&apos; command is available for a 0-CNE session
.
TestCase05.test07
.
TestCase05.test08
....</stdout>
      <stderr></stderr>
      <duration>346.949</duration>
      <timestamp>2019-05-07T12:44:16.345400</timestamp>
      <time>346.949</time>
      <enclosingBlocks/>
      <enclosingBlockNames/>
      <cases>
        <case>
          <duration>24.461</duration>
          <className>TestSession</className>
          <testName>TestCase01.test01</testName>
          <skipped>false</skipped>
          <failedSince>0</failedSince>
        </case>
        <case>
          <duration>0.076</duration>
          <className>TestSession</className>
          <testName>TestCase01.test02</testName>
          <skipped>false</skipped>
          <failedSince>0</failedSince>
        </case>
        <case>
          <duration>0.351</duration>
          <className>TestSession</className>
          <testName>TestCase01.test03</testName>
          <skipped>false</skipped>
          <failedSince>0</failedSince>
        </case>
        <case>
          <duration>0.004</duration>
          <className>TestSession</className>
          <testName>TestCase01.test04</testName>
          <skipped>false</skipped>
          <failedSince>0</failedSince>
        </case>
        <case>
          <duration>0.177</duration>
          <className>TestSession</className>
          <testName>TestCase01.test05</testName>
          <skipped>false</skipped>
          <failedSince>0</failedSince>
        </case>
        <case>
          <duration>0.103</duration>
          <className>TestSession</className>
          <testName>TestCase01.test06</testName>
          <skipped>false</skipped>
          <failedSince>0</failedSince>
        </case>
        <case>
          <duration>0.061</duration>
          <className>TestSession</className>
          <testName>TestCase01.test07</testName>
          <skipped>false</skipped>
          <failedSince>0</failedSince>
        </case>
        <case>
          <duration>0.018</duration>
          <className>TestSession</className>
          <testName>TestCase01.test08</testName>
          <skipped>false</skipped>
          <failedSince>0</failedSince>
        </case>
        <case>
          <duration>0.032</duration>
          <className>TestSession</className>
          <testName>TestCase01.test09</testName>
          <skipped>false</skipped>
          <failedSince>0</failedSince>
        </case>
        <case>
          <duration>0.033</duration>
          <className>TestSession</className>
          <testName>TestCase01.test10</testName>
          <skipped>false</skipped>
          <failedSince>0</failedSince>
        </case>
        <case>
          <duration>0.024</duration>
          <className>TestSession</className>
          <testName>TestCase01.test11</testName>
          <skipped>false</skipped>
          <failedSince>0</failedSince>
        </case>
        <case>
          <duration>11.468</duration>
          <className>TestSession</className>
          <testName>TestCase02.test01</testName>
          <skipped>false</skipped>
          <failedSince>0</failedSince>
        </case>
        <case>
          <duration>0.097</duration>
          <className>TestSession</className>
          <testName>TestCase02.test02</testName>
          <skipped>false</skipped>
          <failedSince>0</failedSince>
        </case>
        <case>
          <duration>0.037</duration>
          <className>TestSession</className>
          <testName>TestCase02.test03</testName>
          <skipped>false</skipped>
          <failedSince>0</failedSince>
        </case>
        <case>
          <duration>0.569</duration>
          <className>TestSession</className>
          <testName>TestCase02.test04</testName>
          <skipped>false</skipped>
          <failedSince>0</failedSince>
        </case>
        <case>
          <duration>11.314</duration>
          <className>TestSession</className>
          <testName>TestCase03.test01</testName>
          <skipped>false</skipped>
          <failedSince>0</failedSince>
        </case>
        <case>
          <duration>2.293</duration>
          <className>TestSession</className>
          <testName>TestCase03.test02</testName>
          <skipped>false</skipped>
          <failedSince>0</failedSince>
        </case>
        <case>
          <duration>2.119</duration>
          <className>TestSession</className>
          <testName>TestCase03.test03</testName>
          <skipped>false</skipped>
          <failedSince>0</failedSince>
        </case>
        <case>
          <duration>2.084</duration>
          <className>TestSession</className>
          <testName>TestCase03.test04</testName>
          <skipped>false</skipped>
          <failedSince>0</failedSince>
        </case>
        <case>
          <duration>2.28</duration>
          <className>TestSession</className>
          <testName>TestCase03.test05</testName>
          <skipped>false</skipped>
          <failedSince>0</failedSince>
        </case>
        <case>
          <duration>2.254</duration>
          <className>TestSession</className>
          <testName>TestCase03.test06</testName>
          <skipped>false</skipped>
          <failedSince>0</failedSince>
        </case>
        <case>
          <duration>0.023</duration>
          <className>TestSession</className>
          <testName>TestCase03.test07</testName>
          <skipped>false</skipped>
          <failedSince>0</failedSince>
        </case>
        <case>
          <duration>0.017</duration>
          <className>TestSession</className>
          <testName>TestCase03.test08</testName>
          <skipped>false</skipped>
          <failedSince>0</failedSince>
        </case>
        <case>
          <duration>0.004</duration>
          <className>TestSession</className>
          <testName>TestCase03.test09</testName>
          <skipped>false</skipped>
          <failedSince>0</failedSince>
        </case>
        <case>
          <duration>1.983</duration>
          <className>TestSession</className>
          <testName>TestCase03.test10</testName>
          <skipped>false</skipped>
          <failedSince>0</failedSince>
        </case>
        <case>
          <duration>0.02</duration>
          <className>TestSession</className>
          <testName>TestCase03.test11</testName>
          <skipped>false</skipped>
          <failedSince>0</failedSince>
        </case>
        <case>
          <duration>17.548</duration>
          <className>TestSession</className>
          <testName>TestCase04.test01</testName>
          <skipped>false</skipped>
          <failedSince>0</failedSince>
        </case>
        <case>
          <duration>3.984</duration>
          <className>TestSession</className>
          <testName>TestCase04.test02</testName>
          <skipped>false</skipped>
          <failedSince>0</failedSince>
        </case>
        <case>
          <duration>9.271</duration>
          <className>TestSession</className>
          <testName>TestCase04.test03</testName>
          <skipped>false</skipped>
          <failedSince>0</failedSince>
        </case>
        <case>
          <duration>0.022</duration>
          <className>TestSession</className>
          <testName>TestCase04.test04</testName>
          <skipped>false</skipped>
          <failedSince>0</failedSince>
        </case>
        <case>
          <duration>108.344</duration>
          <className>TestSession</className>
          <testName>TestCase04.test05</testName>
          <skipped>false</skipped>
          <failedSince>0</failedSince>
        </case>
        <case>
          <duration>15.378</duration>
          <className>TestSession</className>
          <testName>TestCase04.test06</testName>
          <skipped>false</skipped>
          <failedSince>0</failedSince>
        </case>
        <case>
          <duration>2.255</duration>
          <className>TestSession</className>
          <testName>TestCase04.test07</testName>
          <skipped>false</skipped>
          <failedSince>0</failedSince>
        </case>
        <case>
          <duration>0.849</duration>
          <className>TestSession</className>
          <testName>TestCase04.test08</testName>
          <skipped>false</skipped>
          <failedSince>0</failedSince>
        </case>
        <case>
          <duration>22.013</duration>
          <className>TestSession</className>
          <testName>TestCase04.test09</testName>
          <skipped>false</skipped>
          <failedSince>0</failedSince>
        </case>
        <case>
          <duration>6.426</duration>
          <className>TestSession</className>
          <testName>TestCase05.test01</testName>
          <skipped>false</skipped>
          <failedSince>0</failedSince>
        </case>
        <case>
          <duration>82.218</duration>
          <className>TestSession</className>
          <testName>TestCase05.test02</testName>
          <skipped>false</skipped>
          <failedSince>0</failedSince>
        </case>
        <case>
          <duration>0.016</duration>
          <className>TestSession</className>
          <testName>TestCase05.test03</testName>
          <skipped>false</skipped>
          <failedSince>0</failedSince>
        </case>
        <case>
          <duration>0.942</duration>
          <className>TestSession</className>
          <testName>TestCase05.test04</testName>
          <skipped>false</skipped>
          <failedSince>0</failedSince>
        </case>
        <case>
          <duration>1.053</duration>
          <className>TestSession</className>
          <testName>TestCase05.test05</testName>
          <skipped>false</skipped>
          <failedSince>0</failedSince>
        </case>
        <case>
          <duration>2.028</duration>
          <className>TestSession</className>
          <testName>TestCase05.test06</testName>
          <skipped>false</skipped>
          <failedSince>0</failedSince>
        </case>
        <case>
          <duration>0.298</duration>
          <className>TestSession</className>
          <testName>TestCase05.test07</testName>
          <skipped>false</skipped>
          <failedSince>0</failedSince>
        </case>
        <case>
          <duration>0.106</duration>
          <className>TestSession</className>
          <testName>TestCase05.test08</testName>
          <skipped>false</skipped>
          <failedSince>0</failedSince>
        </case>
        <case>
          <duration>5.063</duration>
          <className>TestSession</className>
          <testName>TestCase06.test01</testName>
          <skipped>false</skipped>
          <failedSince>0</failedSince>
        </case>
        <case>
          <duration>4.051</duration>
          <className>TestSession</className>
          <testName>TestCase06.test02</testName>
          <skipped>false</skipped>
          <failedSince>0</failedSince>
        </case>
        <case>
          <duration>3.18</duration>
          <className>TestSession</className>
          <testName>TestCase06.test03</testName>
          <skipped>false</skipped>
          <failedSince>0</failedSince>
        </case>
      </cases>
    </suite>
  </suites>
  <duration>21732.082</duration>
  <keepLongStdio>false</keepLongStdio>
</result>