<?xml version='1.1' encoding='UTF-8'?>
<result plugin="junit@1.24">
  <suites>
    <suite>
      <file>/home/jenkins/workspace/Backend/CNE/test-results/TEST-cli-TestDecoderConfig.xml</file>
      <name>cli.TestDecoderConfig</name>
      <stdout>.</stdout>
      <stderr></stderr>
      <duration>15335.797</duration>
      <timestamp>2019-10-31T08:26:42.054452</timestamp>
      <time>33.290</time>
      <enclosingBlocks/>
      <enclosingBlockNames/>
      <cases>
        <case>
          <duration>33.29</duration>
          <className>TestDecoderConfig</className>
          <testName>TestCase99.test99</testName>
          <skipped>false</skipped>
          <failedSince>0</failedSince>
        </case>
        <case>
          <duration>0.0</duration>
          <className>TestDecoderConfig</className>
          <testName>TestCase07.test01</testName>
          <skipped>false</skipped>
          <failedSince>0</failedSince>
        </case>
        <case>
          <duration>0.0</duration>
          <className>TestDecoderConfig</className>
          <testName>TestCase07.test02</testName>
          <skipped>false</skipped>
          <failedSince>0</failedSince>
        </case>
        <case>
          <duration>0.0</duration>
          <className>TestDecoderConfig</className>
          <testName>TestCase07.test03</testName>
          <skipped>false</skipped>
          <failedSince>0</failedSince>
        </case>
        <case>
          <duration>0.0</duration>
          <className>TestDecoderConfig</className>
          <testName>TestCase07.test04</testName>
          <skipped>false</skipped>
          <failedSince>0</failedSince>
        </case>
        <case>
          <duration>0.0</duration>
          <className>TestDecoderConfig</className>
          <testName>TestCase07.test05</testName>
          <skipped>false</skipped>
          <failedSince>0</failedSince>
        </case>
        <case>
          <duration>0.0</duration>
          <className>TestDecoderConfig</className>
          <testName>TestCase07.test06</testName>
          <skipped>false</skipped>
          <failedSince>0</failedSince>
        </case>
        <case>
          <duration>0.0</duration>
          <className>TestDecoderConfig</className>
          <testName>TestCase07.test07</testName>
          <skipped>false</skipped>
          <failedSince>0</failedSince>
        </case>
        <case>
          <duration>0.0</duration>
          <className>TestDecoderConfig</className>
          <testName>TestCase07.test08</testName>
          <skipped>false</skipped>
          <failedSince>0</failedSince>
        </case>
        <case>
          <duration>0.0</duration>
          <className>TestDecoderConfig</className>
          <testName>TestCase07.test09</testName>
          <skipped>false</skipped>
          <failedSince>0</failedSince>
        </case>
        <case>
          <duration>0.0</duration>
          <className>TestDecoderConfig</className>
          <testName>TestCase07.test10</testName>
          <skipped>false</skipped>
          <failedSince>0</failedSince>
        </case>
        <case>
          <duration>0.0</duration>
          <className>TestDecoderConfig</className>
          <testName>TestCase07.test11</testName>
          <skipped>false</skipped>
          <failedSince>0</failedSince>
        </case>
        <case>
          <duration>0.0</duration>
          <className>TestDecoderConfig</className>
          <testName>TestCase07.test12</testName>
          <skipped>false</skipped>
          <failedSince>0</failedSince>
        </case>
        <case>
          <duration>0.0</duration>
          <className>TestDecoderConfig</className>
          <testName>TestCase07.test13</testName>
          <skipped>false</skipped>
          <failedSince>0</failedSince>
        </case>
        <case>
          <duration>0.0</duration>
          <className>TestDecoderConfig</className>
          <testName>TestCase07.test14</testName>
          <skipped>false</skipped>
          <failedSince>0</failedSince>
        </case>
        <case>
          <duration>0.0</duration>
          <className>TestDecoderConfig</className>
          <testName>TestCase07.test15</testName>
          <skipped>false</skipped>
          <failedSince>0</failedSince>
        </case>
        <case>
          <duration>0.0</duration>
          <className>TestDecoderConfig</className>
          <testName>TestCase07.test16</testName>
          <skipped>false</skipped>
          <failedSince>0</failedSince>
        </case>
        <case>
          <duration>0.0</duration>
          <className>TestDecoderConfig</className>
          <testName>TestCase07.test18</testName>
          <skipped>false</skipped>
          <failedSince>0</failedSince>
        </case>
        <case>
          <duration>0.0</duration>
          <className>TestDecoderConfig</className>
          <testName>TestCase07.test20</testName>
          <skipped>false</skipped>
          <failedSince>0</failedSince>
        </case>
        <case>
          <duration>0.0</duration>
          <className>TestDecoderConfig</className>
          <testName>TestCase07.test21</testName>
          <skipped>false</skipped>
          <failedSince>0</failedSince>
        </case>
        <case>
          <duration>0.0</duration>
          <className>TestDecoderConfig</className>
          <testName>TestCase07.test22</testName>
          <skipped>false</skipped>
          <failedSince>0</failedSince>
        </case>
        <case>
          <duration>0.0</duration>
          <className>TestDecoderConfig</className>
          <testName>TestCase07.test23</testName>
          <skipped>false</skipped>
          <failedSince>0</failedSince>
        </case>
        <case>
          <duration>0.0</duration>
          <className>TestDecoderConfig</className>
          <testName>TestCase07.test24</testName>
          <skipped>false</skipped>
          <failedSince>0</failedSince>
        </case>
        <case>
          <duration>0.0</duration>
          <className>TestDecoderConfig</className>
          <testName>TestCase07.test25</testName>
          <skipped>false</skipped>
          <failedSince>0</failedSince>
        </case>
        <case>
          <duration>0.0</duration>
          <className>TestDecoderConfig</className>
          <testName>TestCase07.test99</testName>
          <skipped>false</skipped>
          <failedSince>0</failedSince>
        </case>
        <case>
          <duration>34.251</duration>
          <className>TestDecoderConfig</className>
          <testName>TestCase11.test01</testName>
          <skipped>false</skipped>
          <failedSince>0</failedSince>
        </case>
        <case>
          <duration>32.405</duration>
          <className>TestDecoderConfig</className>
          <testName>TestCase11.test02</testName>
          <skipped>false</skipped>
          <failedSince>0</failedSince>
        </case>
        <case>
          <duration>3.194</duration>
          <className>TestDecoderConfig</className>
          <testName>TestCase11.test03</testName>
          <skipped>false</skipped>
          <failedSince>0</failedSince>
        </case>
        <case>
          <duration>7.642</duration>
          <className>TestDecoderConfig</className>
          <testName>TestCase11.test04</testName>
          <skipped>false</skipped>
          <failedSince>0</failedSince>
        </case>
        <case>
          <duration>0.203</duration>
          <className>TestDecoderConfig</className>
          <testName>TestCase11.test05</testName>
          <skipped>false</skipped>
          <failedSince>0</failedSince>
        </case>
        <case>
          <duration>44.697</duration>
          <className>TestDecoderConfig</className>
          <testName>TestCase12.test01</testName>
          <skipped>false</skipped>
          <failedSince>0</failedSince>
        </case>
        <case>
          <duration>6.858</duration>
          <className>TestDecoderConfig</className>
          <testName>TestCase12.test02</testName>
          <skipped>false</skipped>
          <failedSince>0</failedSince>
        </case>
        <case>
          <duration>0.262</duration>
          <className>TestDecoderConfig</className>
          <testName>TestCase12.test03</testName>
          <skipped>false</skipped>
          <failedSince>0</failedSince>
        </case>
        <case>
          <duration>0.069</duration>
          <className>TestDecoderConfig</className>
          <testName>TestCase12.test04</testName>
          <skipped>false</skipped>
          <failedSince>0</failedSince>
        </case>
        <case>
          <duration>3.881</duration>
          <className>TestDecoderConfig</className>
          <testName>TestCase12.test05</testName>
          <skipped>false</skipped>
          <failedSince>0</failedSince>
        </case>
        <case>
          <duration>8.729</duration>
          <className>TestDecoderConfig</className>
          <testName>TestCase12.test06</testName>
          <skipped>false</skipped>
          <failedSince>0</failedSince>
        </case>
        <case>
          <duration>9.493</duration>
          <className>TestDecoderConfig</className>
          <testName>TestCase12.test07</testName>
          <skipped>false</skipped>
          <failedSince>0</failedSince>
        </case>
        <case>
          <duration>18.925</duration>
          <className>TestDecoderConfig</className>
          <testName>TestCase12.test08</testName>
          <skipped>false</skipped>
          <failedSince>0</failedSince>
        </case>
        <case>
          <duration>0.053</duration>
          <className>TestDecoderConfig</className>
          <testName>TestCase12.test09</testName>
          <skipped>false</skipped>
          <failedSince>0</failedSince>
        </case>
        <case>
          <duration>0.027</duration>
          <className>TestDecoderConfig</className>
          <testName>TestCase12.test10</testName>
          <skipped>false</skipped>
          <failedSince>0</failedSince>
        </case>
        <case>
          <duration>0.042</duration>
          <className>TestDecoderConfig</className>
          <testName>TestCase12.test11</testName>
          <skipped>false</skipped>
          <failedSince>0</failedSince>
        </case>
        <case>
          <duration>0.0</duration>
          <className>TestDecoderConfig</className>
          <testName>TestCase09.test01</testName>
          <skipped>false</skipped>
          <failedSince>0</failedSince>
        </case>
        <case>
          <duration>0.0</duration>
          <className>TestDecoderConfig</className>
          <testName>TestCase09.test02</testName>
          <skipped>false</skipped>
          <failedSince>0</failedSince>
        </case>
        <case>
          <duration>29.791</duration>
          <className>TestDecoderConfig</className>
          <testName>TestCase08.test01</testName>
          <skipped>false</skipped>
          <failedSince>0</failedSince>
        </case>
        <case>
          <duration>18.506</duration>
          <className>TestDecoderConfig</className>
          <testName>TestCase08.test02</testName>
          <skipped>false</skipped>
          <failedSince>0</failedSince>
        </case>
        <case>
          <duration>0.026</duration>
          <className>TestDecoderConfig</className>
          <testName>TestCase08.test03</testName>
          <skipped>false</skipped>
          <failedSince>0</failedSince>
        </case>
        <case>
          <duration>35.484</duration>
          <className>TestDecoderConfig</className>
          <testName>TestCase08.test04</testName>
          <skipped>false</skipped>
          <failedSince>0</failedSince>
        </case>
        <case>
          <duration>13.663</duration>
          <className>TestDecoderConfig</className>
          <testName>TestCase08.test05</testName>
          <skipped>false</skipped>
          <failedSince>0</failedSince>
        </case>
        <case>
          <duration>0.018</duration>
          <className>TestDecoderConfig</className>
          <testName>TestCase08.test06</testName>
          <skipped>false</skipped>
          <failedSince>0</failedSince>
        </case>
        <case>
          <duration>32.611</duration>
          <className>TestDecoderConfig</className>
          <testName>TestCase08.test07</testName>
          <skipped>false</skipped>
          <failedSince>0</failedSince>
        </case>
        <case>
          <duration>7.812</duration>
          <className>TestDecoderConfig</className>
          <testName>TestCase08.test08</testName>
          <skipped>false</skipped>
          <failedSince>0</failedSince>
        </case>
        <case>
          <duration>3.226</duration>
          <className>TestDecoderConfig</className>
          <testName>TestCase08.test09</testName>
          <skipped>false</skipped>
          <failedSince>0</failedSince>
        </case>
        <case>
          <duration>0.029</duration>
          <className>TestDecoderConfig</className>
          <testName>TestCase08.test10</testName>
          <skipped>false</skipped>
          <failedSince>0</failedSince>
        </case>
        <case>
          <duration>50.515</duration>
          <className>TestDecoderConfig</className>
          <testName>TestCase14.test01</testName>
          <skipped>false</skipped>
          <failedSince>0</failedSince>
        </case>
        <case>
          <duration>86.327</duration>
          <className>TestDecoderConfig</className>
          <testName>TestCase14.test02</testName>
          <skipped>false</skipped>
          <failedSince>0</failedSince>
        </case>
        <case>
          <duration>90.074</duration>
          <className>TestDecoderConfig</className>
          <testName>TestCase05.test01</testName>
          <skipped>false</skipped>
          <failedSince>0</failedSince>
        </case>
        <case>
          <duration>54.263</duration>
          <className>TestDecoderConfig</className>
          <testName>TestCase05.test02</testName>
          <skipped>false</skipped>
          <failedSince>0</failedSince>
        </case>
        <case>
          <duration>61.422</duration>
          <className>TestDecoderConfig</className>
          <testName>TestCase05.test03</testName>
          <skipped>false</skipped>
          <failedSince>0</failedSince>
        </case>
        <case>
          <duration>68.329</duration>
          <className>TestDecoderConfig</className>
          <testName>TestCase05.test04</testName>
          <skipped>false</skipped>
          <failedSince>0</failedSince>
        </case>
        <case>
          <duration>71.739</duration>
          <className>TestDecoderConfig</className>
          <testName>TestCase05.test05</testName>
          <skipped>false</skipped>
          <failedSince>0</failedSince>
        </case>
        <case>
          <duration>54.526</duration>
          <className>TestDecoderConfig</className>
          <testName>TestCase13.test01</testName>
          <skipped>false</skipped>
          <failedSince>0</failedSince>
        </case>
        <case>
          <duration>30.533</duration>
          <className>TestDecoderConfig</className>
          <testName>TestCase13.test02</testName>
          <skipped>false</skipped>
          <failedSince>0</failedSince>
        </case>
        <case>
          <duration>137.547</duration>
          <className>TestDecoderConfig</className>
          <testName>TestCase13.test03</testName>
          <skipped>false</skipped>
          <errorStackTrace>Traceback (most recent call last):
  File &quot;/usr/python3.6/lib/python3.6/site-packages/pexpect/expect.py&quot;, line 111, in expect_loop
    incoming = spawn.read_nonblocking(spawn.maxread, timeout)
  File &quot;/usr/python3.6/lib/python3.6/site-packages/pexpect/pty_spawn.py&quot;, line 478, in read_nonblocking
    raise TIMEOUT(&apos;Timeout exceeded.&apos;)
pexpect.exceptions.TIMEOUT: Timeout exceeded.

During handling of the above exception, another exception occurred:

Traceback (most recent call last):
  File &quot;/components/probed/test/testcases/probe.py&quot;, line 836, in g
    r = f(*args,**kwargs)
  File &quot;/components/probed/test/testcases/probe.py&quot;, line 554, in x
    tf(self)
  File &quot;/components/cna/host/src/probed/test/cli/TestDecoderConfig.py&quot;, line 10704, in test03
    dataFile=os.path.join(self.archives_dir, &quot;TestDecoderMetadataTranslation.mdp&quot;)).noError()
  File &quot;/components/probed/test/testcases/probe.py&quot;, line 11353, in runAdminSshCmd
    dataSrc, outRedir), timeout = timeout)
  File &quot;/components/probed/test/testcases/probe.py&quot;, line 2237, in run
    outputs = self.runList([cmds], timeout = timeout, expectedOutput=expectedOutput)
  File &quot;/components/probed/test/testcases/probe.py&quot;, line 739, in wrapper
    return func(*args, **kw)
  File &quot;/components/probed/test/testcases/probe.py&quot;, line 2275, in runList
    outputStr = self.finishRun(timeout = timeout, expectedOutput=expectedOutput)
  File &quot;/components/probed/test/testcases/probe.py&quot;, line 2316, in finishRun
    self.cli.expect(expected, timeout = timeout)
  File &quot;/components/probed/test/testcases/probe.py&quot;, line 1152, in expect
    return self.child.expect(pattern, timeout)
  File &quot;/usr/python3.6/lib/python3.6/site-packages/pexpect/spawnbase.py&quot;, line 341, in expect
    timeout, searchwindowsize, async_)
  File &quot;/usr/python3.6/lib/python3.6/site-packages/pexpect/spawnbase.py&quot;, line 369, in expect_list
    return exp.expect_loop(timeout)
  File &quot;/usr/python3.6/lib/python3.6/site-packages/pexpect/expect.py&quot;, line 119, in expect_loop
    return self.timeout(e)
  File &quot;/usr/python3.6/lib/python3.6/site-packages/pexpect/expect.py&quot;, line 82, in timeout
    raise TIMEOUT(msg)
pexpect.exceptions.TIMEOUT: Timeout exceeded.
&lt;pexpect.pty_spawn.spawn object at 0x7f7d68ea25c0&gt;
command: /usr/bin/env
args: [&apos;/usr/bin/env&apos;, &apos;PS1=#&apos;, &apos;__PS1=#&apos;, &apos;bash&apos;, &apos;--norc&apos;]
buffer (last 400 chars): &apos;sudo -u admin probesh -c &quot;install message-decoder&quot; &lt; /components/cna/host/src/probed/test/cli/archives/TestDecoderMetadataTranslation.mdp\r\nInstalling the file to /data/decoders - filename: TestDecoder.mdp\r\nwall: cannot open file Restarting server daemon with new decoder(s): No such file or directory\r\n&apos;
before (last 400 chars): &apos;sudo -u admin probesh -c &quot;install message-decoder&quot; &lt; /components/cna/host/src/probed/test/cli/archives/TestDecoderMetadataTranslation.mdp\r\nInstalling the file to /data/decoders - filename: TestDecoder.mdp\r\nwall: cannot open file Restarting server daemon with new decoder(s): No such file or directory\r\n&apos;
after: &lt;class &apos;pexpect.exceptions.TIMEOUT&apos;&gt;
match: None
match_index: None
exitstatus: None
flag_eof: False
pid: 2439
child_fd: 14
closed: False
timeout: 100
delimiter: &lt;class &apos;pexpect.exceptions.EOF&apos;&gt;
logfile: &lt;_io.TextIOWrapper name=&apos;/tmp/testlogs/probe.cli.log&apos; mode=&apos;w&apos; encoding=&apos;utf-8&apos;&gt;
logfile_read: None
logfile_send: None
maxread: 2000
ignorecase: False
searchwindowsize: None
delaybeforesend: 0.001
delayafterclose: 0.1
delayafterterminate: 0.1
searcher: searcher_re:
    0: re.compile(&quot;cne\\(confi.*\\)[&apos;#&apos;] &quot;)
    1: re.compile(&apos;bye\\s+Connection to cne closed.&apos;)
    2: re.compile(&apos;recovery&gt;&apos;)
</errorStackTrace>
          <failedSince>4489</failedSince>
        </case>
        <case>
          <duration>55.397</duration>
          <className>TestDecoderConfig</className>
          <testName>TestCase04.test01</testName>
          <skipped>false</skipped>
          <failedSince>0</failedSince>
        </case>
        <case>
          <duration>60.736</duration>
          <className>TestDecoderConfig</className>
          <testName>TestCase04.test02</testName>
          <skipped>false</skipped>
          <failedSince>0</failedSince>
        </case>
        <case>
          <duration>137.362</duration>
          <className>TestDecoderConfig</className>
          <testName>TestCase04.test03</testName>
          <skipped>false</skipped>
          <failedSince>0</failedSince>
        </case>
        <case>
          <duration>10.292</duration>
          <className>TestDecoderConfig</className>
          <testName>TestCase04.test04</testName>
          <skipped>false</skipped>
          <failedSince>0</failedSince>
        </case>
        <case>
          <duration>53.023</duration>
          <className>TestDecoderConfig</className>
          <testName>TestCase04.test05</testName>
          <skipped>false</skipped>
          <failedSince>0</failedSince>
        </case>
        <case>
          <duration>36.564</duration>
          <className>TestDecoderConfig</className>
          <testName>TestCase04.test06</testName>
          <skipped>false</skipped>
          <failedSince>0</failedSince>
        </case>
        <case>
          <duration>20.35</duration>
          <className>TestDecoderConfig</className>
          <testName>TestCase04.test07</testName>
          <skipped>false</skipped>
          <failedSince>0</failedSince>
        </case>
        <case>
          <duration>101.461</duration>
          <className>TestDecoderConfig</className>
          <testName>TestCase04.test08</testName>
          <skipped>false</skipped>
          <failedSince>0</failedSince>
        </case>
        <case>
          <duration>21.708</duration>
          <className>TestDecoderConfig</className>
          <testName>TestCase04.test09</testName>
          <skipped>false</skipped>
          <failedSince>0</failedSince>
        </case>
        <case>
          <duration>33.159</duration>
          <className>TestDecoderConfig</className>
          <testName>TestCase06.test01</testName>
          <skipped>false</skipped>
          <failedSince>0</failedSince>
        </case>
        <case>
          <duration>3.868</duration>
          <className>TestDecoderConfig</className>
          <testName>TestCase06.test02</testName>
          <skipped>false</skipped>
          <failedSince>0</failedSince>
        </case>
        <case>
          <duration>1.731</duration>
          <className>TestDecoderConfig</className>
          <testName>TestCase06.test03</testName>
          <skipped>false</skipped>
          <failedSince>0</failedSince>
        </case>
        <case>
          <duration>4.105</duration>
          <className>TestDecoderConfig</className>
          <testName>TestCase06.test04</testName>
          <skipped>false</skipped>
          <failedSince>0</failedSince>
        </case>
        <case>
          <duration>289.234</duration>
          <className>TestDecoderConfig</className>
          <testName>TestCase06.test05</testName>
          <skipped>false</skipped>
          <failedSince>0</failedSince>
        </case>
        <case>
          <duration>11.106</duration>
          <className>TestDecoderConfig</className>
          <testName>TestCase06.test06</testName>
          <skipped>false</skipped>
          <failedSince>0</failedSince>
        </case>
        <case>
          <duration>41.749</duration>
          <className>TestDecoderConfig</className>
          <testName>TestCase06.test07</testName>
          <skipped>false</skipped>
          <failedSince>0</failedSince>
        </case>
        <case>
          <duration>46.616</duration>
          <className>TestDecoderConfig</className>
          <testName>TestCase06.test08</testName>
          <skipped>false</skipped>
          <failedSince>0</failedSince>
        </case>
        <case>
          <duration>74.172</duration>
          <className>TestDecoderConfig</className>
          <testName>TestCase06.test09</testName>
          <skipped>false</skipped>
          <failedSince>0</failedSince>
        </case>
        <case>
          <duration>2.379</duration>
          <className>TestDecoderConfig</className>
          <testName>TestCase06.test10</testName>
          <skipped>false</skipped>
          <failedSince>0</failedSince>
        </case>
        <case>
          <duration>18.746</duration>
          <className>TestDecoderConfig</className>
          <testName>TestCase06.test11</testName>
          <skipped>false</skipped>
          <failedSince>0</failedSince>
        </case>
        <case>
          <duration>0.008</duration>
          <className>TestDecoderConfig</className>
          <testName>TestCase06.test12</testName>
          <skipped>false</skipped>
          <failedSince>0</failedSince>
        </case>
        <case>
          <duration>13.031</duration>
          <className>TestDecoderConfig</className>
          <testName>TestCase06.test13</testName>
          <skipped>false</skipped>
          <failedSince>0</failedSince>
        </case>
        <case>
          <duration>1.843</duration>
          <className>TestDecoderConfig</className>
          <testName>TestCase06.test14</testName>
          <skipped>false</skipped>
          <failedSince>0</failedSince>
        </case>
        <case>
          <duration>26.807</duration>
          <className>TestDecoderConfig</className>
          <testName>TestCase06.test15</testName>
          <skipped>false</skipped>
          <failedSince>0</failedSince>
        </case>
        <case>
          <duration>14.064</duration>
          <className>TestDecoderConfig</className>
          <testName>TestCase06.test16</testName>
          <skipped>false</skipped>
          <failedSince>0</failedSince>
        </case>
        <case>
          <duration>6.881</duration>
          <className>TestDecoderConfig</className>
          <testName>TestCase06.test17</testName>
          <skipped>false</skipped>
          <failedSince>0</failedSince>
        </case>
        <case>
          <duration>7.286</duration>
          <className>TestDecoderConfig</className>
          <testName>TestCase06.test18</testName>
          <skipped>false</skipped>
          <failedSince>0</failedSince>
        </case>
        <case>
          <duration>13.081</duration>
          <className>TestDecoderConfig</className>
          <testName>TestCase06.test19</testName>
          <skipped>false</skipped>
          <failedSince>0</failedSince>
        </case>
        <case>
          <duration>54.911</duration>
          <className>TestDecoderConfig</className>
          <testName>TestCase06.test20</testName>
          <skipped>false</skipped>
          <failedSince>0</failedSince>
        </case>
        <case>
          <duration>25.052</duration>
          <className>TestDecoderConfig</className>
          <testName>TestCase06.test21</testName>
          <skipped>false</skipped>
          <failedSince>0</failedSince>
        </case>
        <case>
          <duration>6.466</duration>
          <className>TestDecoderConfig</className>
          <testName>TestCase06.test22</testName>
          <skipped>false</skipped>
          <failedSince>0</failedSince>
        </case>
        <case>
          <duration>87.781</duration>
          <className>TestDecoderConfig</className>
          <testName>TestCase02.test09</testName>
          <skipped>false</skipped>
          <failedSince>0</failedSince>
        </case>
        <case>
          <duration>341.57</duration>
          <className>TestDecoderConfig</className>
          <testName>TestCase02.test10</testName>
          <skipped>false</skipped>
          <failedSince>0</failedSince>
        </case>
        <case>
          <duration>9.006</duration>
          <className>TestDecoderConfig</className>
          <testName>TestCase02.test11</testName>
          <skipped>false</skipped>
          <failedSince>0</failedSince>
        </case>
        <case>
          <duration>1582.975</duration>
          <className>TestDecoderConfig</className>
          <testName>TestCase02.test12</testName>
          <skipped>false</skipped>
          <failedSince>0</failedSince>
        </case>
        <case>
          <duration>47.683</duration>
          <className>TestDecoderConfig</className>
          <testName>TestCase03.test01</testName>
          <skipped>false</skipped>
          <failedSince>0</failedSince>
        </case>
        <case>
          <duration>833.202</duration>
          <className>TestDecoderConfig</className>
          <testName>TestCase03.test02</testName>
          <skipped>false</skipped>
          <failedSince>0</failedSince>
        </case>
        <case>
          <duration>773.756</duration>
          <className>TestDecoderConfig</className>
          <testName>TestCase03.test03</testName>
          <skipped>false</skipped>
          <failedSince>0</failedSince>
        </case>
        <case>
          <duration>16.059</duration>
          <className>TestDecoderConfig</className>
          <testName>TestCase03.test04</testName>
          <skipped>false</skipped>
          <failedSince>0</failedSince>
        </case>
        <case>
          <duration>9.546</duration>
          <className>TestDecoderConfig</className>
          <testName>TestCase03.test05</testName>
          <skipped>false</skipped>
          <failedSince>0</failedSince>
        </case>
        <case>
          <duration>0.0</duration>
          <className>TestDecoderConfig</className>
          <testName>TestCase03.test06</testName>
          <skipped>false</skipped>
          <failedSince>0</failedSince>
        </case>
        <case>
          <duration>75.999</duration>
          <className>TestDecoderConfig</className>
          <testName>TestCase03.test07</testName>
          <skipped>false</skipped>
          <failedSince>0</failedSince>
        </case>
        <case>
          <duration>4.323</duration>
          <className>TestDecoderConfig</className>
          <testName>TestCase03.test08</testName>
          <skipped>false</skipped>
          <failedSince>0</failedSince>
        </case>
        <case>
          <duration>0.271</duration>
          <className>TestDecoderConfig</className>
          <testName>TestCase03.test09</testName>
          <skipped>false</skipped>
          <failedSince>0</failedSince>
        </case>
        <case>
          <duration>2.782</duration>
          <className>TestDecoderConfig</className>
          <testName>TestCase03.test10</testName>
          <skipped>false</skipped>
          <failedSince>0</failedSince>
        </case>
        <case>
          <duration>15.579</duration>
          <className>TestDecoderConfig</className>
          <testName>TestCase03.test11</testName>
          <skipped>false</skipped>
          <failedSince>0</failedSince>
        </case>
        <case>
          <duration>7.214</duration>
          <className>TestDecoderConfig</className>
          <testName>TestCase03.test12</testName>
          <skipped>false</skipped>
          <failedSince>0</failedSince>
        </case>
        <case>
          <duration>3.755</duration>
          <className>TestDecoderConfig</className>
          <testName>TestCase03.test13</testName>
          <skipped>false</skipped>
          <failedSince>0</failedSince>
        </case>
        <case>
          <duration>4.193</duration>
          <className>TestDecoderConfig</className>
          <testName>TestCase03.test14</testName>
          <skipped>false</skipped>
          <failedSince>0</failedSince>
        </case>
        <case>
          <duration>7.095</duration>
          <className>TestDecoderConfig</className>
          <testName>TestCase03.test15</testName>
          <skipped>false</skipped>
          <failedSince>0</failedSince>
        </case>
        <case>
          <duration>3.708</duration>
          <className>TestDecoderConfig</className>
          <testName>TestCase03.test16</testName>
          <skipped>false</skipped>
          <failedSince>0</failedSince>
        </case>
        <case>
          <duration>3.481</duration>
          <className>TestDecoderConfig</className>
          <testName>TestCase03.test17</testName>
          <skipped>false</skipped>
          <failedSince>0</failedSince>
        </case>
        <case>
          <duration>4.126</duration>
          <className>TestDecoderConfig</className>
          <testName>TestCase03.test18</testName>
          <skipped>false</skipped>
          <failedSince>0</failedSince>
        </case>
        <case>
          <duration>3.986</duration>
          <className>TestDecoderConfig</className>
          <testName>TestCase03.test19</testName>
          <skipped>false</skipped>
          <failedSince>0</failedSince>
        </case>
        <case>
          <duration>10.186</duration>
          <className>TestDecoderConfig</className>
          <testName>TestCase03.test20</testName>
          <skipped>false</skipped>
          <failedSince>0</failedSince>
        </case>
        <case>
          <duration>14.26</duration>
          <className>TestDecoderConfig</className>
          <testName>TestCase03.test21</testName>
          <skipped>false</skipped>
          <failedSince>0</failedSince>
        </case>
        <case>
          <duration>104.441</duration>
          <className>TestDecoderConfig</className>
          <testName>TestCase03.test22</testName>
          <skipped>false</skipped>
          <failedSince>0</failedSince>
        </case>
        <case>
          <duration>7.29</duration>
          <className>TestDecoderConfig</className>
          <testName>TestCase03.test23</testName>
          <skipped>false</skipped>
          <failedSince>0</failedSince>
        </case>
        <case>
          <duration>17.864</duration>
          <className>TestDecoderConfig</className>
          <testName>TestCase03.test24</testName>
          <skipped>false</skipped>
          <failedSince>0</failedSince>
        </case>
        <case>
          <duration>8.186</duration>
          <className>TestDecoderConfig</className>
          <testName>TestCase03.test25</testName>
          <skipped>false</skipped>
          <failedSince>0</failedSince>
        </case>
        <case>
          <duration>3.353</duration>
          <className>TestDecoderConfig</className>
          <testName>TestCase03.test26</testName>
          <skipped>false</skipped>
          <failedSince>0</failedSince>
        </case>
        <case>
          <duration>0.016</duration>
          <className>TestDecoderConfig</className>
          <testName>TestCase03.test27</testName>
          <skipped>false</skipped>
          <failedSince>0</failedSince>
        </case>
        <case>
          <duration>18.536</duration>
          <className>TestDecoderConfig</className>
          <testName>TestCase03.test28</testName>
          <skipped>false</skipped>
          <failedSince>0</failedSince>
        </case>
        <case>
          <duration>62.886</duration>
          <className>TestDecoderConfig</className>
          <testName>TestCase03.test29</testName>
          <skipped>false</skipped>
          <failedSince>0</failedSince>
        </case>
        <case>
          <duration>9.653</duration>
          <className>TestDecoderConfig</className>
          <testName>TestCase03.test30</testName>
          <skipped>false</skipped>
          <failedSince>0</failedSince>
        </case>
        <case>
          <duration>10.981</duration>
          <className>TestDecoderConfig</className>
          <testName>TestCase03.test31</testName>
          <skipped>false</skipped>
          <failedSince>0</failedSince>
        </case>
        <case>
          <duration>3.915</duration>
          <className>TestDecoderConfig</className>
          <testName>TestCase03.test32_steps_to_defaults_sd_context</testName>
          <skipped>false</skipped>
          <failedSince>0</failedSince>
        </case>
        <case>
          <duration>44.242</duration>
          <className>TestDecoderConfig</className>
          <testName>TestCase10.test01</testName>
          <skipped>false</skipped>
          <failedSince>0</failedSince>
        </case>
        <case>
          <duration>98.027</duration>
          <className>TestDecoderConfig</className>
          <testName>TestCase10.test02</testName>
          <skipped>false</skipped>
          <failedSince>0</failedSince>
        </case>
        <case>
          <duration>3.104</duration>
          <className>TestDecoderConfig</className>
          <testName>TestCase10.test03</testName>
          <skipped>false</skipped>
          <failedSince>0</failedSince>
        </case>
        <case>
          <duration>0.074</duration>
          <className>TestDecoderConfig</className>
          <testName>TestCase10.test04</testName>
          <skipped>false</skipped>
          <failedSince>0</failedSince>
        </case>
        <case>
          <duration>3.55</duration>
          <className>TestDecoderConfig</className>
          <testName>TestCase10.test05</testName>
          <skipped>false</skipped>
          <failedSince>0</failedSince>
        </case>
        <case>
          <duration>4.322</duration>
          <className>TestDecoderConfig</className>
          <testName>TestCase10.test06</testName>
          <skipped>false</skipped>
          <failedSince>0</failedSince>
        </case>
        <case>
          <duration>1764.432</duration>
          <className>TestDecoderConfig</className>
          <testName>TestCase10.test07</testName>
          <skipped>false</skipped>
          <errorStackTrace>Traceback (most recent call last):
  File &quot;/usr/python3.6/lib/python3.6/site-packages/pexpect/expect.py&quot;, line 111, in expect_loop
    incoming = spawn.read_nonblocking(spawn.maxread, timeout)
  File &quot;/usr/python3.6/lib/python3.6/site-packages/pexpect/pty_spawn.py&quot;, line 478, in read_nonblocking
    raise TIMEOUT(&apos;Timeout exceeded.&apos;)
pexpect.exceptions.TIMEOUT: Timeout exceeded.

During handling of the above exception, another exception occurred:

Traceback (most recent call last):
  File &quot;/components/cna/host/src/probed/test/cli/CliTestCase.py&quot;, line 717, in dummyDecoderContext
    yield
  File &quot;/components/cna/host/src/probed/test/cli/TestDecoderConfig.py&quot;, line 8700, in test07
    self.myProbeAdmin.runWithConfirmation( &quot;no import-decoder-config all&quot;, &apos;y&apos;, True, timeout=ALL_DECODERS_IMPORT_TIMEOUT ).noError()
  File &quot;/components/probed/test/testcases/probe.py&quot;, line 2120, in runWithConfirmation
    self.cli.expect(promptPat, timeout=timeout)
  File &quot;/components/probed/test/testcases/probe.py&quot;, line 1152, in expect
    return self.child.expect(pattern, timeout)
  File &quot;/usr/python3.6/lib/python3.6/site-packages/pexpect/spawnbase.py&quot;, line 341, in expect
    timeout, searchwindowsize, async_)
  File &quot;/usr/python3.6/lib/python3.6/site-packages/pexpect/spawnbase.py&quot;, line 369, in expect_list
    return exp.expect_loop(timeout)
  File &quot;/usr/python3.6/lib/python3.6/site-packages/pexpect/expect.py&quot;, line 119, in expect_loop
    return self.timeout(e)
  File &quot;/usr/python3.6/lib/python3.6/site-packages/pexpect/expect.py&quot;, line 82, in timeout
    raise TIMEOUT(msg)
pexpect.exceptions.TIMEOUT: Timeout exceeded.
&lt;pexpect.pty_spawn.spawn object at 0x7f1f9e6c7320&gt;
command: /usr/bin/env
args: [&apos;/usr/bin/env&apos;, &apos;PS1=-&apos;, &apos;bash&apos;, &apos;--norc&apos;]
buffer (last 400 chars): &apos;y\n\r&apos;
before (last 400 chars): &apos;y\n\r&apos;
after: &lt;class &apos;pexpect.exceptions.TIMEOUT&apos;&gt;
match: None
match_index: None
exitstatus: None
flag_eof: False
pid: 4882
child_fd: 26
closed: False
timeout: 100
delimiter: &lt;class &apos;pexpect.exceptions.EOF&apos;&gt;
logfile: &lt;_io.TextIOWrapper name=&apos;/tmp/testlogs/probe.cli.log&apos; mode=&apos;w&apos; encoding=&apos;utf-8&apos;&gt;
logfile_read: None
logfile_send: None
maxread: 2000
ignorecase: False
searchwindowsize: None
delaybeforesend: 0.001
delayafterclose: 0.1
delayafterterminate: 0.1
searcher: searcher_re:
    0: re.compile(&apos;cne\\(confi.*\\)\\$ &apos;)

During handling of the above exception, another exception occurred:

Traceback (most recent call last):
  File &quot;/usr/python3.6/lib/python3.6/site-packages/pexpect/expect.py&quot;, line 111, in expect_loop
    incoming = spawn.read_nonblocking(spawn.maxread, timeout)
  File &quot;/usr/python3.6/lib/python3.6/site-packages/pexpect/pty_spawn.py&quot;, line 478, in read_nonblocking
    raise TIMEOUT(&apos;Timeout exceeded.&apos;)
pexpect.exceptions.TIMEOUT: Timeout exceeded.

During handling of the above exception, another exception occurred:

Traceback (most recent call last):
  File &quot;/components/probed/test/testcases/probe.py&quot;, line 836, in g
    r = f(*args,**kwargs)
  File &quot;/components/probed/test/testcases/probe.py&quot;, line 554, in x
    tf(self)
  File &quot;/components/cna/host/src/probed/test/cli/TestDecoderConfig.py&quot;, line 8701, in test07
    self.myProbe.run(&quot;show config&quot;).noError().notContains(appName).notContains(chanName)
  File &quot;/usr/python3.6/lib/python3.6/contextlib.py&quot;, line 99, in __exit__
    self.gen.throw(type, value, traceback)
  File &quot;/components/cna/host/src/probed/test/cli/CliTestCase.py&quot;, line 729, in dummyDecoderContext
    self.configureDummy(argUninstall, Verbose)
  File &quot;/components/cna/host/src/probed/test/cli/CliTestCase.py&quot;, line 485, in configureDummy
    self.logoutConfigUser()
  File &quot;/components/cna/host/src/probed/test/cli/CliTestCase.py&quot;, line 519, in logoutConfigUser
    self.globalInstance.logoutUser(self.globalInstance.myProbe)
  File &quot;/components/cna/host/src/probed/test/cli/CliTestCase.py&quot;, line 187, in logoutUser
    probe.cli.expect([&apos;(bye|Server daemon has died)&apos;, pexpect.EOF])
  File &quot;/components/probed/test/testcases/probe.py&quot;, line 1152, in expect
    return self.child.expect(pattern, timeout)
  File &quot;/usr/python3.6/lib/python3.6/site-packages/pexpect/spawnbase.py&quot;, line 341, in expect
    timeout, searchwindowsize, async_)
  File &quot;/usr/python3.6/lib/python3.6/site-packages/pexpect/spawnbase.py&quot;, line 369, in expect_list
    return exp.expect_loop(timeout)
  File &quot;/usr/python3.6/lib/python3.6/site-packages/pexpect/expect.py&quot;, line 119, in expect_loop
    return self.timeout(e)
  File &quot;/usr/python3.6/lib/python3.6/site-packages/pexpect/expect.py&quot;, line 82, in timeout
    raise TIMEOUT(msg)
pexpect.exceptions.TIMEOUT: Timeout exceeded.
&lt;pexpect.pty_spawn.spawn object at 0x7f1f9e39a908&gt;
command: /usr/bin/env
args: [&apos;/usr/bin/env&apos;, &apos;PS1=-&apos;, &apos;bash&apos;, &apos;--norc&apos;]
buffer (last 400 chars): &apos;logout\n\r&apos;
before (last 400 chars): &apos;logout\n\r&apos;
after: &lt;class &apos;pexpect.exceptions.TIMEOUT&apos;&gt;
match: None
match_index: None
exitstatus: None
flag_eof: False
pid: 4876
child_fd: 25
closed: False
timeout: 100
delimiter: &lt;class &apos;pexpect.exceptions.EOF&apos;&gt;
logfile: &lt;_io.TextIOWrapper name=&apos;/tmp/testlogs/probe.cli.log&apos; mode=&apos;w&apos; encoding=&apos;utf-8&apos;&gt;
logfile_read: None
logfile_send: None
maxread: 2000
ignorecase: False
searchwindowsize: None
delaybeforesend: 0.001
delayafterclose: 0.1
delayafterterminate: 0.1
searcher: searcher_re:
    0: re.compile(&apos;(bye|Server daemon has died)&apos;)
    1: EOF
</errorStackTrace>
          <failedSince>4418</failedSince>
        </case>
        <case>
          <duration>100.124</duration>
          <className>TestDecoderConfig</className>
          <testName>TestCase10.test08</testName>
          <skipped>false</skipped>
          <errorStackTrace>Traceback (most recent call last):
  File &quot;/usr/python3.6/lib/python3.6/site-packages/pexpect/expect.py&quot;, line 111, in expect_loop
    incoming = spawn.read_nonblocking(spawn.maxread, timeout)
  File &quot;/usr/python3.6/lib/python3.6/site-packages/pexpect/pty_spawn.py&quot;, line 478, in read_nonblocking
    raise TIMEOUT(&apos;Timeout exceeded.&apos;)
pexpect.exceptions.TIMEOUT: Timeout exceeded.

During handling of the above exception, another exception occurred:

Traceback (most recent call last):
  File &quot;/components/cna/host/src/probed/test/cli/TestDecoderConfig.py&quot;, line 8432, in setUp
    CliTestCase.setUp(self)
  File &quot;/components/probed/test/testcases/probe.py&quot;, line 511, in x
    func(self, *args, **kwargs)
  File &quot;/components/cna/host/src/probed/test/cli/CliTestCase.py&quot;, line 598, in setUp
    self.setLocalsFromGlobal()
  File &quot;/components/cna/host/src/probed/test/cli/CliTestCase.py&quot;, line 534, in setLocalsFromGlobal
    self.myProbe = self.globalInstance.getProbe ()
  File &quot;/components/cna/host/src/probed/test/cli/CliTestCase.py&quot;, line 84, in getProbe
    self.myProbe = probe.Probe(_test_.probe)
  File &quot;/components/probed/test/testcases/probe.py&quot;, line 3281, in __init__
    super(Probe, self).__init__(testConfig, envVars, bRecoveryShell, setInstance, privateKey, privateKeyPassphrase)
  File &quot;/components/probed/test/testcases/probe.py&quot;, line 1690, in __init__
    spawn.expect( self.promptChar, self.timeout)
  File &quot;/usr/python3.6/lib/python3.6/site-packages/pexpect/spawnbase.py&quot;, line 341, in expect
    timeout, searchwindowsize, async_)
  File &quot;/usr/python3.6/lib/python3.6/site-packages/pexpect/spawnbase.py&quot;, line 369, in expect_list
    return exp.expect_loop(timeout)
  File &quot;/usr/python3.6/lib/python3.6/site-packages/pexpect/expect.py&quot;, line 119, in expect_loop
    return self.timeout(e)
  File &quot;/usr/python3.6/lib/python3.6/site-packages/pexpect/expect.py&quot;, line 82, in timeout
    raise TIMEOUT(msg)
pexpect.exceptions.TIMEOUT: Timeout exceeded.
&lt;pexpect.pty_spawn.spawn object at 0x7f1f9e376eb8&gt;
command: /usr/bin/env
args: [&apos;/usr/bin/env&apos;, &apos;PS1=-&apos;, &apos;bash&apos;, &apos;--norc&apos;]
buffer (last 400 chars): &apos;exec /build/bin/cli config\r\n&apos;
before (last 400 chars): &apos;exec /build/bin/cli config\r\n&apos;
after: &lt;class &apos;pexpect.exceptions.TIMEOUT&apos;&gt;
match: None
match_index: None
exitstatus: None
flag_eof: False
pid: 5812
child_fd: 28
closed: False
timeout: 100
delimiter: &lt;class &apos;pexpect.exceptions.EOF&apos;&gt;
logfile: &lt;_io.TextIOWrapper name=&apos;/tmp/testlogs/probe.cli.log&apos; mode=&apos;w&apos; encoding=&apos;utf-8&apos;&gt;
logfile_read: None
logfile_send: None
maxread: 2000
ignorecase: False
searchwindowsize: None
delaybeforesend: 0.001
delayafterclose: 0.1
delayafterterminate: 0.1
searcher: searcher_re:
    0: re.compile(&apos;#&apos;)
</errorStackTrace>
          <failedSince>4489</failedSince>
        </case>
        <case>
          <duration>100.116</duration>
          <className>TestDecoderConfig</className>
          <testName>TestCase10.test09</testName>
          <skipped>false</skipped>
          <errorStackTrace>Traceback (most recent call last):
  File &quot;/usr/python3.6/lib/python3.6/site-packages/pexpect/expect.py&quot;, line 111, in expect_loop
    incoming = spawn.read_nonblocking(spawn.maxread, timeout)
  File &quot;/usr/python3.6/lib/python3.6/site-packages/pexpect/pty_spawn.py&quot;, line 478, in read_nonblocking
    raise TIMEOUT(&apos;Timeout exceeded.&apos;)
pexpect.exceptions.TIMEOUT: Timeout exceeded.

During handling of the above exception, another exception occurred:

Traceback (most recent call last):
  File &quot;/components/cna/host/src/probed/test/cli/TestDecoderConfig.py&quot;, line 8432, in setUp
    CliTestCase.setUp(self)
  File &quot;/components/probed/test/testcases/probe.py&quot;, line 511, in x
    func(self, *args, **kwargs)
  File &quot;/components/cna/host/src/probed/test/cli/CliTestCase.py&quot;, line 598, in setUp
    self.setLocalsFromGlobal()
  File &quot;/components/cna/host/src/probed/test/cli/CliTestCase.py&quot;, line 534, in setLocalsFromGlobal
    self.myProbe = self.globalInstance.getProbe ()
  File &quot;/components/cna/host/src/probed/test/cli/CliTestCase.py&quot;, line 84, in getProbe
    self.myProbe = probe.Probe(_test_.probe)
  File &quot;/components/probed/test/testcases/probe.py&quot;, line 3281, in __init__
    super(Probe, self).__init__(testConfig, envVars, bRecoveryShell, setInstance, privateKey, privateKeyPassphrase)
  File &quot;/components/probed/test/testcases/probe.py&quot;, line 1690, in __init__
    spawn.expect( self.promptChar, self.timeout)
  File &quot;/usr/python3.6/lib/python3.6/site-packages/pexpect/spawnbase.py&quot;, line 341, in expect
    timeout, searchwindowsize, async_)
  File &quot;/usr/python3.6/lib/python3.6/site-packages/pexpect/spawnbase.py&quot;, line 369, in expect_list
    return exp.expect_loop(timeout)
  File &quot;/usr/python3.6/lib/python3.6/site-packages/pexpect/expect.py&quot;, line 119, in expect_loop
    return self.timeout(e)
  File &quot;/usr/python3.6/lib/python3.6/site-packages/pexpect/expect.py&quot;, line 82, in timeout
    raise TIMEOUT(msg)
pexpect.exceptions.TIMEOUT: Timeout exceeded.
&lt;pexpect.pty_spawn.spawn object at 0x7f1f9e376780&gt;
command: /usr/bin/env
args: [&apos;/usr/bin/env&apos;, &apos;PS1=-&apos;, &apos;bash&apos;, &apos;--norc&apos;]
buffer (last 400 chars): &apos;exec /build/bin/cli config\r\n&apos;
before (last 400 chars): &apos;exec /build/bin/cli config\r\n&apos;
after: &lt;class &apos;pexpect.exceptions.TIMEOUT&apos;&gt;
match: None
match_index: None
exitstatus: None
flag_eof: False
pid: 5874
child_fd: 30
closed: False
timeout: 100
delimiter: &lt;class &apos;pexpect.exceptions.EOF&apos;&gt;
logfile: &lt;_io.TextIOWrapper name=&apos;/tmp/testlogs/probe.cli.log&apos; mode=&apos;w&apos; encoding=&apos;utf-8&apos;&gt;
logfile_read: None
logfile_send: None
maxread: 2000
ignorecase: False
searchwindowsize: None
delaybeforesend: 0.001
delayafterclose: 0.1
delayafterterminate: 0.1
searcher: searcher_re:
    0: re.compile(&apos;#&apos;)
</errorStackTrace>
          <failedSince>4489</failedSince>
        </case>
        <case>
          <duration>100.087</duration>
          <className>TestDecoderConfig</className>
          <testName>TestCase10.test10</testName>
          <skipped>false</skipped>
          <errorStackTrace>Traceback (most recent call last):
  File &quot;/usr/python3.6/lib/python3.6/site-packages/pexpect/expect.py&quot;, line 111, in expect_loop
    incoming = spawn.read_nonblocking(spawn.maxread, timeout)
  File &quot;/usr/python3.6/lib/python3.6/site-packages/pexpect/pty_spawn.py&quot;, line 478, in read_nonblocking
    raise TIMEOUT(&apos;Timeout exceeded.&apos;)
pexpect.exceptions.TIMEOUT: Timeout exceeded.

During handling of the above exception, another exception occurred:

Traceback (most recent call last):
  File &quot;/components/cna/host/src/probed/test/cli/TestDecoderConfig.py&quot;, line 8432, in setUp
    CliTestCase.setUp(self)
  File &quot;/components/probed/test/testcases/probe.py&quot;, line 511, in x
    func(self, *args, **kwargs)
  File &quot;/components/cna/host/src/probed/test/cli/CliTestCase.py&quot;, line 598, in setUp
    self.setLocalsFromGlobal()
  File &quot;/components/cna/host/src/probed/test/cli/CliTestCase.py&quot;, line 534, in setLocalsFromGlobal
    self.myProbe = self.globalInstance.getProbe ()
  File &quot;/components/cna/host/src/probed/test/cli/CliTestCase.py&quot;, line 84, in getProbe
    self.myProbe = probe.Probe(_test_.probe)
  File &quot;/components/probed/test/testcases/probe.py&quot;, line 3281, in __init__
    super(Probe, self).__init__(testConfig, envVars, bRecoveryShell, setInstance, privateKey, privateKeyPassphrase)
  File &quot;/components/probed/test/testcases/probe.py&quot;, line 1690, in __init__
    spawn.expect( self.promptChar, self.timeout)
  File &quot;/usr/python3.6/lib/python3.6/site-packages/pexpect/spawnbase.py&quot;, line 341, in expect
    timeout, searchwindowsize, async_)
  File &quot;/usr/python3.6/lib/python3.6/site-packages/pexpect/spawnbase.py&quot;, line 369, in expect_list
    return exp.expect_loop(timeout)
  File &quot;/usr/python3.6/lib/python3.6/site-packages/pexpect/expect.py&quot;, line 119, in expect_loop
    return self.timeout(e)
  File &quot;/usr/python3.6/lib/python3.6/site-packages/pexpect/expect.py&quot;, line 82, in timeout
    raise TIMEOUT(msg)
pexpect.exceptions.TIMEOUT: Timeout exceeded.
&lt;pexpect.pty_spawn.spawn object at 0x7f1f9e376400&gt;
command: /usr/bin/env
args: [&apos;/usr/bin/env&apos;, &apos;PS1=-&apos;, &apos;bash&apos;, &apos;--norc&apos;]
buffer (last 400 chars): &apos;exec /build/bin/cli config\r\n&apos;
before (last 400 chars): &apos;exec /build/bin/cli config\r\n&apos;
after: &lt;class &apos;pexpect.exceptions.TIMEOUT&apos;&gt;
match: None
match_index: None
exitstatus: None
flag_eof: False
pid: 5919
child_fd: 32
closed: False
timeout: 100
delimiter: &lt;class &apos;pexpect.exceptions.EOF&apos;&gt;
logfile: &lt;_io.TextIOWrapper name=&apos;/tmp/testlogs/probe.cli.log&apos; mode=&apos;w&apos; encoding=&apos;utf-8&apos;&gt;
logfile_read: None
logfile_send: None
maxread: 2000
ignorecase: False
searchwindowsize: None
delaybeforesend: 0.001
delayafterclose: 0.1
delayafterterminate: 0.1
searcher: searcher_re:
    0: re.compile(&apos;#&apos;)
</errorStackTrace>
          <failedSince>4489</failedSince>
        </case>
        <case>
          <duration>56.083</duration>
          <className>TestDecoderConfig</className>
          <testName>TestCase10.test11</testName>
          <skipped>false</skipped>
          <failedSince>0</failedSince>
        </case>
        <case>
          <duration>47.42</duration>
          <className>TestDecoderConfig</className>
          <testName>TestCase10.test12</testName>
          <skipped>false</skipped>
          <failedSince>0</failedSince>
        </case>
        <case>
          <duration>0.036</duration>
          <className>TestDecoderConfig</className>
          <testName>TestCase10.test13</testName>
          <skipped>false</skipped>
          <failedSince>0</failedSince>
        </case>
        <case>
          <duration>0.033</duration>
          <className>TestDecoderConfig</className>
          <testName>TestCase10.test14</testName>
          <skipped>false</skipped>
          <failedSince>0</failedSince>
        </case>
        <case>
          <duration>49.144</duration>
          <className>TestDecoderConfig</className>
          <testName>TestCase10.test15</testName>
          <skipped>false</skipped>
          <failedSince>0</failedSince>
        </case>
        <case>
          <duration>34.107</duration>
          <className>TestDecoderConfig</className>
          <testName>TestCase10.test16</testName>
          <skipped>false</skipped>
          <failedSince>0</failedSince>
        </case>
        <case>
          <duration>10.651</duration>
          <className>TestDecoderConfig</className>
          <testName>TestCase10.test17_bqm54247_update_error_discards_for_variant</testName>
          <skipped>false</skipped>
          <failedSince>0</failedSince>
        </case>
        <case>
          <duration>67.833</duration>
          <className>TestDecoderConfig</className>
          <testName>TestCase10.test18</testName>
          <skipped>false</skipped>
          <failedSince>0</failedSince>
        </case>
        <case>
          <duration>60.262</duration>
          <className>TestDecoderConfig</className>
          <testName>TestCase10.test19</testName>
          <skipped>false</skipped>
          <failedSince>0</failedSince>
        </case>
        <case>
          <duration>55.417</duration>
          <className>TestDecoderConfig</className>
          <testName>TestCase10.test20</testName>
          <skipped>false</skipped>
          <failedSince>0</failedSince>
        </case>
        <case>
          <duration>55.173</duration>
          <className>TestDecoderConfig</className>
          <testName>TestCase10.test21</testName>
          <skipped>false</skipped>
          <failedSince>0</failedSince>
        </case>
        <case>
          <duration>60.084</duration>
          <className>TestDecoderConfig</className>
          <testName>TestCase10.test22</testName>
          <skipped>false</skipped>
          <failedSince>0</failedSince>
        </case>
        <case>
          <duration>57.087</duration>
          <className>TestDecoderConfig</className>
          <testName>TestCase10.test23</testName>
          <skipped>false</skipped>
          <failedSince>0</failedSince>
        </case>
        <case>
          <duration>61.448</duration>
          <className>TestDecoderConfig</className>
          <testName>TestCase10.test24</testName>
          <skipped>false</skipped>
          <failedSince>0</failedSince>
        </case>
        <case>
          <duration>60.55</duration>
          <className>TestDecoderConfig</className>
          <testName>TestCase10.test25</testName>
          <skipped>false</skipped>
          <failedSince>0</failedSince>
        </case>
        <case>
          <duration>56.206</duration>
          <className>TestDecoderConfig</className>
          <testName>TestCase10.test26</testName>
          <skipped>false</skipped>
          <failedSince>0</failedSince>
        </case>
        <case>
          <duration>53.18</duration>
          <className>TestDecoderConfig</className>
          <testName>TestCase10.test27</testName>
          <skipped>false</skipped>
          <failedSince>0</failedSince>
        </case>
        <case>
          <duration>107.271</duration>
          <className>TestDecoderConfig</className>
          <testName>TestCase01.test01</testName>
          <skipped>false</skipped>
          <failedSince>0</failedSince>
        </case>
        <case>
          <duration>12.117</duration>
          <className>TestDecoderConfig</className>
          <testName>TestCase01.test02</testName>
          <skipped>false</skipped>
          <failedSince>0</failedSince>
        </case>
        <case>
          <duration>1.408</duration>
          <className>TestDecoderConfig</className>
          <testName>TestCase01.test03</testName>
          <skipped>false</skipped>
          <failedSince>0</failedSince>
        </case>
        <case>
          <duration>0.758</duration>
          <className>TestDecoderConfig</className>
          <testName>TestCase01.test04</testName>
          <skipped>false</skipped>
          <failedSince>0</failedSince>
        </case>
        <case>
          <duration>0.516</duration>
          <className>TestDecoderConfig</className>
          <testName>TestCase01.test05</testName>
          <skipped>false</skipped>
          <failedSince>0</failedSince>
        </case>
        <case>
          <duration>0.516</duration>
          <className>TestDecoderConfig</className>
          <testName>TestCase01.test06</testName>
          <skipped>false</skipped>
          <failedSince>0</failedSince>
        </case>
        <case>
          <duration>0.629</duration>
          <className>TestDecoderConfig</className>
          <testName>TestCase01.test07</testName>
          <skipped>false</skipped>
          <failedSince>0</failedSince>
        </case>
        <case>
          <duration>407.654</duration>
          <className>TestDecoderConfig</className>
          <testName>TestCase01.test13</testName>
          <skipped>false</skipped>
          <failedSince>0</failedSince>
        </case>
        <case>
          <duration>205.212</duration>
          <className>TestDecoderConfig</className>
          <testName>TestCase01.test14</testName>
          <skipped>false</skipped>
          <failedSince>0</failedSince>
        </case>
        <case>
          <duration>120.223</duration>
          <className>TestDecoderConfig</className>
          <testName>TestCase01.test15</testName>
          <skipped>false</skipped>
          <failedSince>0</failedSince>
        </case>
        <case>
          <duration>63.651</duration>
          <className>TestDecoderConfig</className>
          <testName>TestCase01.test16</testName>
          <skipped>false</skipped>
          <failedSince>0</failedSince>
        </case>
        <case>
          <duration>94.774</duration>
          <className>TestDecoderConfig</className>
          <testName>TestCase01.test17</testName>
          <skipped>false</skipped>
          <failedSince>0</failedSince>
        </case>
        <case>
          <duration>111.664</duration>
          <className>TestDecoderConfig</className>
          <testName>TestCase01.test18</testName>
          <skipped>false</skipped>
          <failedSince>0</failedSince>
        </case>
        <case>
          <duration>40.684</duration>
          <className>TestDecoderConfig</className>
          <testName>TestCase01.test19</testName>
          <skipped>false</skipped>
          <failedSince>0</failedSince>
        </case>
        <case>
          <duration>45.517</duration>
          <className>TestDecoderConfig</className>
          <testName>TestCase01.test20</testName>
          <skipped>false</skipped>
          <failedSince>0</failedSince>
        </case>
        <case>
          <duration>42.755</duration>
          <className>TestDecoderConfig</className>
          <testName>TestCase01.test21</testName>
          <skipped>false</skipped>
          <failedSince>0</failedSince>
        </case>
        <case>
          <duration>403.499</duration>
          <className>TestDecoderConfig</className>
          <testName>TestCase01.test22</testName>
          <skipped>false</skipped>
          <failedSince>0</failedSince>
        </case>
        <case>
          <duration>0.094</duration>
          <className>TestDecoderConfig</className>
          <testName>TestCase01.test23</testName>
          <skipped>false</skipped>
          <failedSince>0</failedSince>
        </case>
        <case>
          <duration>8.037</duration>
          <className>TestDecoderConfig</className>
          <testName>TestCase01.test24</testName>
          <skipped>false</skipped>
          <failedSince>0</failedSince>
        </case>
        <case>
          <duration>0.249</duration>
          <className>TestDecoderConfig</className>
          <testName>TestCase01.test25</testName>
          <skipped>false</skipped>
          <failedSince>0</failedSince>
        </case>
        <case>
          <duration>6.17</duration>
          <className>TestDecoderConfig</className>
          <testName>TestCase01.test26</testName>
          <skipped>false</skipped>
          <failedSince>0</failedSince>
        </case>
        <case>
          <duration>53.093</duration>
          <className>TestDecoderConfig</className>
          <testName>TestCase01.test27</testName>
          <skipped>false</skipped>
          <failedSince>0</failedSince>
        </case>
        <case>
          <duration>101.813</duration>
          <className>TestDecoderConfig</className>
          <testName>TestCase01.test28</testName>
          <skipped>false</skipped>
          <failedSince>0</failedSince>
        </case>
        <case>
          <duration>39.349</duration>
          <className>TestDecoderConfig</className>
          <testName>TestCase01.test30</testName>
          <skipped>false</skipped>
          <failedSince>0</failedSince>
        </case>
        <case>
          <duration>85.888</duration>
          <className>TestDecoderConfig</className>
          <testName>TestCase01.test31</testName>
          <skipped>false</skipped>
          <failedSince>0</failedSince>
        </case>
        <case>
          <duration>104.434</duration>
          <className>TestDecoderConfig</className>
          <testName>TestCase01.test32</testName>
          <skipped>false</skipped>
          <failedSince>0</failedSince>
        </case>
        <case>
          <duration>129.644</duration>
          <className>TestDecoderConfig</className>
          <testName>TestCase01.test33</testName>
          <skipped>false</skipped>
          <failedSince>0</failedSince>
        </case>
        <case>
          <duration>46.765</duration>
          <className>TestDecoderConfig</className>
          <testName>TestCase01.test34</testName>
          <skipped>false</skipped>
          <failedSince>0</failedSince>
        </case>
        <case>
          <duration>63.432</duration>
          <className>TestDecoderConfig</className>
          <testName>TestCase01.test35</testName>
          <skipped>false</skipped>
          <failedSince>0</failedSince>
        </case>
        <case>
          <duration>1597.805</duration>
          <className>TestDecoderConfig</className>
          <testName>TestCase01.test36</testName>
          <skipped>false</skipped>
          <errorStackTrace>Traceback (most recent call last):
  File &quot;/components/probed/test/testcases/probe.py&quot;, line 836, in g
    r = f(*args,**kwargs)
  File &quot;/components/probed/test/testcases/probe.py&quot;, line 554, in x
    tf(self)
  File &quot;/components/cna/host/src/probed/test/cli/TestDecoderConfig.py&quot;, line 1335, in test36
    self.myProbe.deleteAll()
  File &quot;/components/probed/test/testcases/probe.py&quot;, line 2492, in deleteAll
    self.cli.expect(&quot;\(y/n\)&quot;)
  File &quot;/components/probed/test/testcases/probe.py&quot;, line 1152, in expect
    return self.child.expect(pattern, timeout)
  File &quot;/usr/python3.6/lib/python3.6/site-packages/pexpect/spawnbase.py&quot;, line 341, in expect
    timeout, searchwindowsize, async_)
  File &quot;/usr/python3.6/lib/python3.6/site-packages/pexpect/spawnbase.py&quot;, line 369, in expect_list
    return exp.expect_loop(timeout)
  File &quot;/usr/python3.6/lib/python3.6/site-packages/pexpect/expect.py&quot;, line 117, in expect_loop
    return self.eof(e)
  File &quot;/usr/python3.6/lib/python3.6/site-packages/pexpect/expect.py&quot;, line 63, in eof
    raise EOF(msg) from None
pexpect.exceptions.EOF: End Of File (EOF). Exception style platform.
&lt;pexpect.pty_spawn.spawn object at 0x7fbf7dfb4e10&gt;
command: /usr/bin/env
args: [&apos;/usr/bin/env&apos;, &apos;PS1=-&apos;, &apos;bash&apos;, &apos;--norc&apos;]
buffer (last 400 chars): &apos;&apos;
before (last 400 chars): &apos;\r\nInactivity timeout, exiting ...\r\nclear config\r\n&apos;
after: &lt;class &apos;pexpect.exceptions.EOF&apos;&gt;
match: None
match_index: None
exitstatus: 1
flag_eof: True
pid: 20974
child_fd: 53
closed: False
timeout: 100
delimiter: &lt;class &apos;pexpect.exceptions.EOF&apos;&gt;
logfile: &lt;_io.TextIOWrapper name=&apos;/tmp/testlogs/probe.cli.log&apos; mode=&apos;w&apos; encoding=&apos;utf-8&apos;&gt;
logfile_read: None
logfile_send: None
maxread: 2000
ignorecase: False
searchwindowsize: None
delaybeforesend: 0.001
delayafterclose: 0.1
delayafterterminate: 0.1
searcher: searcher_re:
    0: re.compile(&apos;\\(y/n\\)&apos;)
</errorStackTrace>
          <failedSince>4482</failedSince>
        </case>
        <case>
          <duration>16.509</duration>
          <className>TestDecoderConfig</className>
          <testName>TestCase01.test37</testName>
          <skipped>false</skipped>
          <failedSince>0</failedSince>
        </case>
        <case>
          <duration>32.718</duration>
          <className>TestDecoderConfig</className>
          <testName>TestCase01.test38</testName>
          <skipped>false</skipped>
          <failedSince>0</failedSince>
        </case>
        <case>
          <duration>94.787</duration>
          <className>TestDecoderConfig</className>
          <testName>TestCase01.test39</testName>
          <skipped>false</skipped>
          <failedSince>0</failedSince>
        </case>
        <case>
          <duration>28.234</duration>
          <className>TestDecoderConfig</className>
          <testName>TestCase01.test40</testName>
          <skipped>false</skipped>
          <failedSince>0</failedSince>
        </case>
        <case>
          <duration>0.041</duration>
          <className>TestDecoderConfig</className>
          <testName>TestCase01.test41</testName>
          <skipped>false</skipped>
          <failedSince>0</failedSince>
        </case>
        <case>
          <duration>4.428</duration>
          <className>TestDecoderConfig</className>
          <testName>TestCase01.test42</testName>
          <skipped>false</skipped>
          <failedSince>0</failedSince>
        </case>
        <case>
          <duration>7.894</duration>
          <className>TestDecoderConfig</className>
          <testName>TestCase01.test43</testName>
          <skipped>false</skipped>
          <failedSince>0</failedSince>
        </case>
        <case>
          <duration>5.367</duration>
          <className>TestDecoderConfig</className>
          <testName>TestCase01.test44</testName>
          <skipped>false</skipped>
          <failedSince>0</failedSince>
        </case>
        <case>
          <duration>14.821</duration>
          <className>TestDecoderConfig</className>
          <testName>TestCase01.test45</testName>
          <skipped>false</skipped>
          <failedSince>0</failedSince>
        </case>
        <case>
          <duration>18.615</duration>
          <className>TestDecoderConfig</className>
          <testName>TestCase01.test46</testName>
          <skipped>false</skipped>
          <failedSince>0</failedSince>
        </case>
        <case>
          <duration>78.989</duration>
          <className>TestDecoderConfig</className>
          <testName>TestCase01.test47</testName>
          <skipped>false</skipped>
          <failedSince>0</failedSince>
        </case>
        <case>
          <duration>30.05</duration>
          <className>TestDecoderConfig</className>
          <testName>TestCase01.test48</testName>
          <skipped>false</skipped>
          <failedSince>0</failedSince>
        </case>
        <case>
          <duration>156.207</duration>
          <className>TestDecoderConfig</className>
          <testName>TestCase01.test49</testName>
          <skipped>false</skipped>
          <failedSince>0</failedSince>
        </case>
        <case>
          <duration>109.122</duration>
          <className>TestDecoderConfig</className>
          <testName>TestCase01.test50</testName>
          <skipped>false</skipped>
          <failedSince>0</failedSince>
        </case>
        <case>
          <duration>86.742</duration>
          <className>TestDecoderConfig</className>
          <testName>TestCase01.test51</testName>
          <skipped>false</skipped>
          <failedSince>0</failedSince>
        </case>
        <case>
          <duration>2.845</duration>
          <className>TestDecoderConfig</className>
          <testName>TestCase01.test52</testName>
          <skipped>false</skipped>
          <failedSince>0</failedSince>
        </case>
        <case>
          <duration>1.806</duration>
          <className>TestDecoderConfig</className>
          <testName>TestCase01.test61</testName>
          <skipped>false</skipped>
          <failedSince>0</failedSince>
        </case>
        <case>
          <duration>199.538</duration>
          <className>TestDecoderConfig</className>
          <testName>TestCase01.test63</testName>
          <skipped>false</skipped>
          <failedSince>0</failedSince>
        </case>
        <case>
          <duration>122.517</duration>
          <className>TestDecoderConfig</className>
          <testName>TestCase01.test64</testName>
          <skipped>false</skipped>
          <failedSince>0</failedSince>
        </case>
        <case>
          <duration>117.04</duration>
          <className>TestDecoderConfig</className>
          <testName>TestCase01.test65</testName>
          <skipped>false</skipped>
          <failedSince>0</failedSince>
        </case>
        <case>
          <duration>106.966</duration>
          <className>TestDecoderConfig</className>
          <testName>TestCase01.test66</testName>
          <skipped>false</skipped>
          <failedSince>0</failedSince>
        </case>
        <case>
          <duration>57.78</duration>
          <className>TestDecoderConfig</className>
          <testName>TestCase01.test67</testName>
          <skipped>false</skipped>
          <failedSince>0</failedSince>
        </case>
        <case>
          <duration>93.305</duration>
          <className>TestDecoderConfig</className>
          <testName>TestCase01.test68</testName>
          <skipped>false</skipped>
          <failedSince>0</failedSince>
        </case>
        <case>
          <duration>9.373</duration>
          <className>TestDecoderConfig</className>
          <testName>TestCase01.test69</testName>
          <skipped>false</skipped>
          <failedSince>0</failedSince>
        </case>
        <case>
          <duration>16.163</duration>
          <className>TestDecoderConfig</className>
          <testName>TestCase01.test70</testName>
          <skipped>false</skipped>
          <failedSince>0</failedSince>
        </case>
        <case>
          <duration>33.005</duration>
          <className>TestDecoderConfig</className>
          <testName>TestCase01.test71</testName>
          <skipped>false</skipped>
          <failedSince>0</failedSince>
        </case>
        <case>
          <duration>11.562</duration>
          <className>TestDecoderConfig</className>
          <testName>TestCase01.test72</testName>
          <skipped>false</skipped>
          <failedSince>0</failedSince>
        </case>
        <case>
          <duration>11.359</duration>
          <className>TestDecoderConfig</className>
          <testName>TestCase01.test73</testName>
          <skipped>false</skipped>
          <failedSince>0</failedSince>
        </case>
        <case>
          <duration>0.074</duration>
          <className>TestDecoderConfig</className>
          <testName>TestCase01.test74</testName>
          <skipped>false</skipped>
          <failedSince>0</failedSince>
        </case>
        <case>
          <duration>4.56</duration>
          <className>TestDecoderConfig</className>
          <testName>TestCase01.test75</testName>
          <skipped>false</skipped>
          <failedSince>0</failedSince>
        </case>
        <case>
          <duration>10.485</duration>
          <className>TestDecoderConfig</className>
          <testName>TestCase01.test76</testName>
          <skipped>false</skipped>
          <failedSince>0</failedSince>
        </case>
        <case>
          <duration>6.021</duration>
          <className>TestDecoderConfig</className>
          <testName>TestCase01.test77</testName>
          <skipped>false</skipped>
          <failedSince>0</failedSince>
        </case>
        <case>
          <duration>5.832</duration>
          <className>TestDecoderConfig</className>
          <testName>TestCase01.test78</testName>
          <skipped>false</skipped>
          <failedSince>0</failedSince>
        </case>
        <case>
          <duration>22.202</duration>
          <className>TestDecoderConfig</className>
          <testName>TestCase01.test79</testName>
          <skipped>false</skipped>
          <failedSince>0</failedSince>
        </case>
        <case>
          <duration>16.466</duration>
          <className>TestDecoderConfig</className>
          <testName>TestCase01.test80</testName>
          <skipped>false</skipped>
          <failedSince>0</failedSince>
        </case>
        <case>
          <duration>11.188</duration>
          <className>TestDecoderConfig</className>
          <testName>TestCase01.test81</testName>
          <skipped>false</skipped>
          <failedSince>0</failedSince>
        </case>
        <case>
          <duration>76.673</duration>
          <className>TestDecoderConfig</className>
          <testName>TestCase01.test82</testName>
          <skipped>false</skipped>
          <failedSince>0</failedSince>
        </case>
        <case>
          <duration>12.126</duration>
          <className>TestDecoderConfig</className>
          <testName>TestCase01.test83</testName>
          <skipped>false</skipped>
          <failedSince>0</failedSince>
        </case>
        <case>
          <duration>14.204</duration>
          <className>TestDecoderConfig</className>
          <testName>TestCase01.test84</testName>
          <skipped>false</skipped>
          <failedSince>0</failedSince>
        </case>
        <case>
          <duration>82.695</duration>
          <className>TestDecoderConfig</className>
          <testName>TestCase01.test85</testName>
          <skipped>false</skipped>
          <failedSince>0</failedSince>
        </case>
        <case>
          <duration>77.767</duration>
          <className>TestDecoderConfig</className>
          <testName>TestCase01.test86</testName>
          <skipped>false</skipped>
          <failedSince>0</failedSince>
        </case>
        <case>
          <duration>69.528</duration>
          <className>TestDecoderConfig</className>
          <testName>TestCase01.test87</testName>
          <skipped>false</skipped>
          <failedSince>0</failedSince>
        </case>
        <case>
          <duration>17.713</duration>
          <className>TestDecoderConfig</className>
          <testName>TestCase01.test88</testName>
          <skipped>false</skipped>
          <failedSince>0</failedSince>
        </case>
        <case>
          <duration>4.904</duration>
          <className>TestDecoderConfig</className>
          <testName>TestCase01.test89</testName>
          <skipped>false</skipped>
          <failedSince>0</failedSince>
        </case>
        <case>
          <duration>93.009</duration>
          <className>TestDecoderConfig</className>
          <testName>TestCase01.test90</testName>
          <skipped>false</skipped>
          <failedSince>0</failedSince>
        </case>
        <case>
          <duration>43.076</duration>
          <className>TestDecoderConfig</className>
          <testName>TestCase01.test91</testName>
          <skipped>false</skipped>
          <failedSince>0</failedSince>
        </case>
        <case>
          <duration>10.234</duration>
          <className>TestDecoderConfig</className>
          <testName>TestCase01.test92</testName>
          <skipped>false</skipped>
          <failedSince>0</failedSince>
        </case>
        <case>
          <duration>14.718</duration>
          <className>TestDecoderConfig</className>
          <testName>TestCase01.test93</testName>
          <skipped>false</skipped>
          <failedSince>0</failedSince>
        </case>
        <case>
          <duration>22.794</duration>
          <className>TestDecoderConfig</className>
          <testName>TestCase01.test99</testName>
          <skipped>false</skipped>
          <failedSince>0</failedSince>
        </case>
      </cases>
    </suite>
    <suite>
      <file>/home/jenkins/workspace/Backend/CNE/test-results/TEST-cli-TestBusinessEventFeed.xml</file>
      <name>cli.TestBusinessEventFeed</name>
      <stdout>Deleting old captures
nbitool -d all  localhost:5101 event-feed WatchlistName 1572510580000000000 1572510591000000000
.</stdout>
      <stderr></stderr>
      <duration>7032.888</duration>
      <timestamp>2019-10-31T08:29:01.230756</timestamp>
      <time>55.630</time>
      <enclosingBlocks/>
      <enclosingBlockNames/>
      <cases>
        <case>
          <duration>55.63</duration>
          <className>TestBusinessEventFeed</className>
          <testName>TestCase12.test01</testName>
          <skipped>false</skipped>
          <failedSince>0</failedSince>
        </case>
        <case>
          <duration>18.16</duration>
          <className>TestBusinessEventFeed</className>
          <testName>TestCase04.test01</testName>
          <skipped>false</skipped>
          <failedSince>0</failedSince>
        </case>
        <case>
          <duration>0.056</duration>
          <className>TestBusinessEventFeed</className>
          <testName>TestCase04.test02</testName>
          <skipped>false</skipped>
          <failedSince>0</failedSince>
        </case>
        <case>
          <duration>0.024</duration>
          <className>TestBusinessEventFeed</className>
          <testName>TestCase04.test03</testName>
          <skipped>false</skipped>
          <failedSince>0</failedSince>
        </case>
        <case>
          <duration>0.072</duration>
          <className>TestBusinessEventFeed</className>
          <testName>TestCase04.test04</testName>
          <skipped>false</skipped>
          <failedSince>0</failedSince>
        </case>
        <case>
          <duration>0.08</duration>
          <className>TestBusinessEventFeed</className>
          <testName>TestCase04.test05</testName>
          <skipped>false</skipped>
          <failedSince>0</failedSince>
        </case>
        <case>
          <duration>0.722</duration>
          <className>TestBusinessEventFeed</className>
          <testName>TestCase04.test06</testName>
          <skipped>false</skipped>
          <failedSince>0</failedSince>
        </case>
        <case>
          <duration>0.227</duration>
          <className>TestBusinessEventFeed</className>
          <testName>TestCase04.test07</testName>
          <skipped>false</skipped>
          <failedSince>0</failedSince>
        </case>
        <case>
          <duration>0.135</duration>
          <className>TestBusinessEventFeed</className>
          <testName>TestCase04.test08</testName>
          <skipped>false</skipped>
          <failedSince>0</failedSince>
        </case>
        <case>
          <duration>0.029</duration>
          <className>TestBusinessEventFeed</className>
          <testName>TestCase04.test09</testName>
          <skipped>false</skipped>
          <failedSince>0</failedSince>
        </case>
        <case>
          <duration>2.166</duration>
          <className>TestBusinessEventFeed</className>
          <testName>TestCase04.test10</testName>
          <skipped>false</skipped>
          <failedSince>0</failedSince>
        </case>
        <case>
          <duration>3.227</duration>
          <className>TestBusinessEventFeed</className>
          <testName>TestCase04.test11</testName>
          <skipped>false</skipped>
          <failedSince>0</failedSince>
        </case>
        <case>
          <duration>0.084</duration>
          <className>TestBusinessEventFeed</className>
          <testName>TestCase04.test12</testName>
          <skipped>false</skipped>
          <failedSince>0</failedSince>
        </case>
        <case>
          <duration>0.001</duration>
          <className>TestBusinessEventFeed</className>
          <testName>TestCase13.test01</testName>
          <skipped>false</skipped>
          <failedSince>0</failedSince>
        </case>
        <case>
          <duration>44.29</duration>
          <className>TestBusinessEventFeed</className>
          <testName>TestCase13.test02</testName>
          <skipped>false</skipped>
          <failedSince>0</failedSince>
        </case>
        <case>
          <duration>29.225</duration>
          <className>TestBusinessEventFeed</className>
          <testName>TestCase06.test01</testName>
          <skipped>false</skipped>
          <failedSince>0</failedSince>
        </case>
        <case>
          <duration>0.098</duration>
          <className>TestBusinessEventFeed</className>
          <testName>TestCase06.test02</testName>
          <skipped>false</skipped>
          <failedSince>0</failedSince>
        </case>
        <case>
          <duration>0.311</duration>
          <className>TestBusinessEventFeed</className>
          <testName>TestCase06.test03</testName>
          <skipped>false</skipped>
          <failedSince>0</failedSince>
        </case>
        <case>
          <duration>0.102</duration>
          <className>TestBusinessEventFeed</className>
          <testName>TestCase06.test04</testName>
          <skipped>false</skipped>
          <failedSince>0</failedSince>
        </case>
        <case>
          <duration>1.285</duration>
          <className>TestBusinessEventFeed</className>
          <testName>TestCase06.test05</testName>
          <skipped>false</skipped>
          <failedSince>0</failedSince>
        </case>
        <case>
          <duration>0.186</duration>
          <className>TestBusinessEventFeed</className>
          <testName>TestCase06.test06</testName>
          <skipped>false</skipped>
          <failedSince>0</failedSince>
        </case>
        <case>
          <duration>1.717</duration>
          <className>TestBusinessEventFeed</className>
          <testName>TestCase06.test07</testName>
          <skipped>false</skipped>
          <failedSince>0</failedSince>
        </case>
        <case>
          <duration>0.542</duration>
          <className>TestBusinessEventFeed</className>
          <testName>TestCase06.test08</testName>
          <skipped>false</skipped>
          <failedSince>0</failedSince>
        </case>
        <case>
          <duration>0.1</duration>
          <className>TestBusinessEventFeed</className>
          <testName>TestCase06.test09</testName>
          <skipped>false</skipped>
          <failedSince>0</failedSince>
        </case>
        <case>
          <duration>0.239</duration>
          <className>TestBusinessEventFeed</className>
          <testName>TestCase06.test10</testName>
          <skipped>false</skipped>
          <failedSince>0</failedSince>
        </case>
        <case>
          <duration>29.231</duration>
          <className>TestBusinessEventFeed</className>
          <testName>TestCase02.test01</testName>
          <skipped>false</skipped>
          <failedSince>0</failedSince>
        </case>
        <case>
          <duration>4.552</duration>
          <className>TestBusinessEventFeed</className>
          <testName>TestCase02.test02</testName>
          <skipped>false</skipped>
          <failedSince>0</failedSince>
        </case>
        <case>
          <duration>5.206</duration>
          <className>TestBusinessEventFeed</className>
          <testName>TestCase02.test03</testName>
          <skipped>false</skipped>
          <failedSince>0</failedSince>
        </case>
        <case>
          <duration>0.268</duration>
          <className>TestBusinessEventFeed</className>
          <testName>TestCase02.test04</testName>
          <skipped>false</skipped>
          <failedSince>0</failedSince>
        </case>
        <case>
          <duration>0.138</duration>
          <className>TestBusinessEventFeed</className>
          <testName>TestCase02.test05</testName>
          <skipped>false</skipped>
          <failedSince>0</failedSince>
        </case>
        <case>
          <duration>0.251</duration>
          <className>TestBusinessEventFeed</className>
          <testName>TestCase02.test06</testName>
          <skipped>false</skipped>
          <failedSince>0</failedSince>
        </case>
        <case>
          <duration>0.809</duration>
          <className>TestBusinessEventFeed</className>
          <testName>TestCase02.test07</testName>
          <skipped>false</skipped>
          <failedSince>0</failedSince>
        </case>
        <case>
          <duration>0.145</duration>
          <className>TestBusinessEventFeed</className>
          <testName>TestCase02.test08</testName>
          <skipped>false</skipped>
          <failedSince>0</failedSince>
        </case>
        <case>
          <duration>0.122</duration>
          <className>TestBusinessEventFeed</className>
          <testName>TestCase02.test09</testName>
          <skipped>false</skipped>
          <failedSince>0</failedSince>
        </case>
        <case>
          <duration>0.249</duration>
          <className>TestBusinessEventFeed</className>
          <testName>TestCase02.test10</testName>
          <skipped>false</skipped>
          <failedSince>0</failedSince>
        </case>
        <case>
          <duration>0.146</duration>
          <className>TestBusinessEventFeed</className>
          <testName>TestCase02.test11</testName>
          <skipped>false</skipped>
          <failedSince>0</failedSince>
        </case>
        <case>
          <duration>0.108</duration>
          <className>TestBusinessEventFeed</className>
          <testName>TestCase02.test12</testName>
          <skipped>false</skipped>
          <failedSince>0</failedSince>
        </case>
        <case>
          <duration>0.108</duration>
          <className>TestBusinessEventFeed</className>
          <testName>TestCase02.test13</testName>
          <skipped>false</skipped>
          <failedSince>0</failedSince>
        </case>
        <case>
          <duration>0.095</duration>
          <className>TestBusinessEventFeed</className>
          <testName>TestCase02.test14</testName>
          <skipped>false</skipped>
          <failedSince>0</failedSince>
        </case>
        <case>
          <duration>2.252</duration>
          <className>TestBusinessEventFeed</className>
          <testName>TestCase02.test15</testName>
          <skipped>false</skipped>
          <failedSince>0</failedSince>
        </case>
        <case>
          <duration>0.121</duration>
          <className>TestBusinessEventFeed</className>
          <testName>TestCase02.test16</testName>
          <skipped>false</skipped>
          <failedSince>0</failedSince>
        </case>
        <case>
          <duration>0.118</duration>
          <className>TestBusinessEventFeed</className>
          <testName>TestCase02.test17</testName>
          <skipped>false</skipped>
          <failedSince>0</failedSince>
        </case>
        <case>
          <duration>0.401</duration>
          <className>TestBusinessEventFeed</className>
          <testName>TestCase02.test18</testName>
          <skipped>false</skipped>
          <failedSince>0</failedSince>
        </case>
        <case>
          <duration>0.185</duration>
          <className>TestBusinessEventFeed</className>
          <testName>TestCase02.test19</testName>
          <skipped>false</skipped>
          <failedSince>0</failedSince>
        </case>
        <case>
          <duration>36.329</duration>
          <className>TestBusinessEventFeed</className>
          <testName>TestCase02.test20</testName>
          <skipped>false</skipped>
          <failedSince>0</failedSince>
        </case>
        <case>
          <duration>0.063</duration>
          <className>TestBusinessEventFeed</className>
          <testName>TestCase02.test21</testName>
          <skipped>false</skipped>
          <failedSince>0</failedSince>
        </case>
        <case>
          <duration>3.134</duration>
          <className>TestBusinessEventFeed</className>
          <testName>TestCase02.test22</testName>
          <skipped>false</skipped>
          <failedSince>0</failedSince>
        </case>
        <case>
          <duration>2.495</duration>
          <className>TestBusinessEventFeed</className>
          <testName>TestCase02.test23</testName>
          <skipped>false</skipped>
          <failedSince>0</failedSince>
        </case>
        <case>
          <duration>33.377</duration>
          <className>TestBusinessEventFeed</className>
          <testName>TestCase02.test24</testName>
          <skipped>false</skipped>
          <failedSince>0</failedSince>
        </case>
        <case>
          <duration>0.313</duration>
          <className>TestBusinessEventFeed</className>
          <testName>TestCase02.test25</testName>
          <skipped>false</skipped>
          <failedSince>0</failedSince>
        </case>
        <case>
          <duration>0.067</duration>
          <className>TestBusinessEventFeed</className>
          <testName>TestCase02.test26</testName>
          <skipped>false</skipped>
          <failedSince>0</failedSince>
        </case>
        <case>
          <duration>0.162</duration>
          <className>TestBusinessEventFeed</className>
          <testName>TestCase02.test27</testName>
          <skipped>false</skipped>
          <failedSince>0</failedSince>
        </case>
        <case>
          <duration>1.753</duration>
          <className>TestBusinessEventFeed</className>
          <testName>TestCase02.test28</testName>
          <skipped>false</skipped>
          <failedSince>0</failedSince>
        </case>
        <case>
          <duration>11.534</duration>
          <className>TestBusinessEventFeed</className>
          <testName>TestCase02.test29_replaceConfig</testName>
          <skipped>false</skipped>
          <failedSince>0</failedSince>
        </case>
        <case>
          <duration>12.285</duration>
          <className>TestBusinessEventFeed</className>
          <testName>TestCase02.test30_replaceConfigErrors</testName>
          <skipped>false</skipped>
          <failedSince>0</failedSince>
        </case>
        <case>
          <duration>3.549</duration>
          <className>TestBusinessEventFeed</className>
          <testName>TestCase02.test31_copyConfigErrors</testName>
          <skipped>false</skipped>
          <failedSince>0</failedSince>
        </case>
        <case>
          <duration>13.986</duration>
          <className>TestBusinessEventFeed</className>
          <testName>TestCase02.test32_set_constant_zero_length</testName>
          <skipped>false</skipped>
          <failedSince>0</failedSince>
        </case>
        <case>
          <duration>8.377</duration>
          <className>TestBusinessEventFeed</className>
          <testName>TestCase02.test33_protobuf_schema_fullmessage</testName>
          <skipped>false</skipped>
          <failedSince>0</failedSince>
        </case>
        <case>
          <duration>9.972</duration>
          <className>TestBusinessEventFeed</className>
          <testName>TestCase02.test34_protobuf_schema_fullmessage_fields</testName>
          <skipped>false</skipped>
          <failedSince>0</failedSince>
        </case>
        <case>
          <duration>35.06</duration>
          <className>TestBusinessEventFeed</className>
          <testName>TestCase02.test35_protobuf_schema_fullmessage_removed_fields</testName>
          <skipped>false</skipped>
          <failedSince>0</failedSince>
        </case>
        <case>
          <duration>97.464</duration>
          <className>TestBusinessEventFeed</className>
          <testName>TestCase08.test01</testName>
          <skipped>false</skipped>
          <failedSince>0</failedSince>
        </case>
        <case>
          <duration>51.96</duration>
          <className>TestBusinessEventFeed</className>
          <testName>TestCase08.test02</testName>
          <skipped>false</skipped>
          <failedSince>0</failedSince>
        </case>
        <case>
          <duration>58.471</duration>
          <className>TestBusinessEventFeed</className>
          <testName>TestCase10.test00</testName>
          <skipped>false</skipped>
          <failedSince>0</failedSince>
        </case>
        <case>
          <duration>15.415</duration>
          <className>TestBusinessEventFeed</className>
          <testName>TestCase10.test01</testName>
          <skipped>false</skipped>
          <failedSince>0</failedSince>
        </case>
        <case>
          <duration>9.617</duration>
          <className>TestBusinessEventFeed</className>
          <testName>TestCase10.test02</testName>
          <skipped>false</skipped>
          <failedSince>0</failedSince>
        </case>
        <case>
          <duration>13.52</duration>
          <className>TestBusinessEventFeed</className>
          <testName>TestCase10.test03</testName>
          <skipped>false</skipped>
          <failedSince>0</failedSince>
        </case>
        <case>
          <duration>8.738</duration>
          <className>TestBusinessEventFeed</className>
          <testName>TestCase10.test04</testName>
          <skipped>false</skipped>
          <failedSince>0</failedSince>
        </case>
        <case>
          <duration>8.585</duration>
          <className>TestBusinessEventFeed</className>
          <testName>TestCase10.test05</testName>
          <skipped>false</skipped>
          <failedSince>0</failedSince>
        </case>
        <case>
          <duration>8.317</duration>
          <className>TestBusinessEventFeed</className>
          <testName>TestCase10.test06</testName>
          <skipped>false</skipped>
          <failedSince>0</failedSince>
        </case>
        <case>
          <duration>40.781</duration>
          <className>TestBusinessEventFeed</className>
          <testName>TestCase10.test07</testName>
          <skipped>false</skipped>
          <failedSince>0</failedSince>
        </case>
        <case>
          <duration>14.317</duration>
          <className>TestBusinessEventFeed</className>
          <testName>TestCase10.test08</testName>
          <skipped>false</skipped>
          <failedSince>0</failedSince>
        </case>
        <case>
          <duration>9.414</duration>
          <className>TestBusinessEventFeed</className>
          <testName>TestCase10.test09</testName>
          <skipped>false</skipped>
          <failedSince>0</failedSince>
        </case>
        <case>
          <duration>18.745</duration>
          <className>TestBusinessEventFeed</className>
          <testName>TestCase10.test10</testName>
          <skipped>false</skipped>
          <failedSince>0</failedSince>
        </case>
        <case>
          <duration>57.344</duration>
          <className>TestBusinessEventFeed</className>
          <testName>TestCase10.test11</testName>
          <skipped>false</skipped>
          <failedSince>0</failedSince>
        </case>
        <case>
          <duration>36.628</duration>
          <className>TestBusinessEventFeed</className>
          <testName>TestCase10.test12</testName>
          <skipped>false</skipped>
          <failedSince>0</failedSince>
        </case>
        <case>
          <duration>6.1</duration>
          <className>TestBusinessEventFeed</className>
          <testName>TestCase10.test13</testName>
          <skipped>false</skipped>
          <failedSince>0</failedSince>
        </case>
        <case>
          <duration>4.874</duration>
          <className>TestBusinessEventFeed</className>
          <testName>TestCase10.test14</testName>
          <skipped>false</skipped>
          <failedSince>0</failedSince>
        </case>
        <case>
          <duration>39.266</duration>
          <className>TestBusinessEventFeed</className>
          <testName>TestCase10.test50</testName>
          <skipped>false</skipped>
          <failedSince>0</failedSince>
        </case>
        <case>
          <duration>1.305</duration>
          <className>TestBusinessEventFeed</className>
          <testName>TestCase10.test51</testName>
          <skipped>false</skipped>
          <failedSince>0</failedSince>
        </case>
        <case>
          <duration>111.776</duration>
          <className>TestBusinessEventFeed</className>
          <testName>TestCase11.test01</testName>
          <skipped>false</skipped>
          <failedSince>0</failedSince>
        </case>
        <case>
          <duration>17.885</duration>
          <className>TestBusinessEventFeed</className>
          <testName>TestCase11.test02</testName>
          <skipped>false</skipped>
          <failedSince>0</failedSince>
        </case>
        <case>
          <duration>22.028</duration>
          <className>TestBusinessEventFeed</className>
          <testName>TestCase11.test03</testName>
          <skipped>false</skipped>
          <failedSince>0</failedSince>
        </case>
        <case>
          <duration>44.075</duration>
          <className>TestBusinessEventFeed</className>
          <testName>TestCase11.test04</testName>
          <skipped>false</skipped>
          <failedSince>0</failedSince>
        </case>
        <case>
          <duration>24.349</duration>
          <className>TestBusinessEventFeed</className>
          <testName>TestCase11.test05</testName>
          <skipped>false</skipped>
          <failedSince>0</failedSince>
        </case>
        <case>
          <duration>19.648</duration>
          <className>TestBusinessEventFeed</className>
          <testName>TestCase11.test06</testName>
          <skipped>false</skipped>
          <failedSince>0</failedSince>
        </case>
        <case>
          <duration>61.21</duration>
          <className>TestBusinessEventFeed</className>
          <testName>TestCase11.test07</testName>
          <skipped>false</skipped>
          <failedSince>0</failedSince>
        </case>
        <case>
          <duration>17.589</duration>
          <className>TestBusinessEventFeed</className>
          <testName>TestCase11.test08</testName>
          <skipped>false</skipped>
          <failedSince>0</failedSince>
        </case>
        <case>
          <duration>17.584</duration>
          <className>TestBusinessEventFeed</className>
          <testName>TestCase11.test09</testName>
          <skipped>false</skipped>
          <failedSince>0</failedSince>
        </case>
        <case>
          <duration>16.813</duration>
          <className>TestBusinessEventFeed</className>
          <testName>TestCase11.test10</testName>
          <skipped>false</skipped>
          <failedSince>0</failedSince>
        </case>
        <case>
          <duration>28.314</duration>
          <className>TestBusinessEventFeed</className>
          <testName>TestCase11.test11</testName>
          <skipped>false</skipped>
          <failedSince>0</failedSince>
        </case>
        <case>
          <duration>19.706</duration>
          <className>TestBusinessEventFeed</className>
          <testName>TestCase11.test12</testName>
          <skipped>false</skipped>
          <failedSince>0</failedSince>
        </case>
        <case>
          <duration>18.976</duration>
          <className>TestBusinessEventFeed</className>
          <testName>TestCase11.test13_BQM_57011</testName>
          <skipped>false</skipped>
          <failedSince>0</failedSince>
        </case>
        <case>
          <duration>137.275</duration>
          <className>TestBusinessEventFeed</className>
          <testName>TestCase09.test01</testName>
          <skipped>false</skipped>
          <failedSince>0</failedSince>
        </case>
        <case>
          <duration>33.85</duration>
          <className>TestBusinessEventFeed</className>
          <testName>TestCase09.test02</testName>
          <skipped>false</skipped>
          <failedSince>0</failedSince>
        </case>
        <case>
          <duration>72.02</duration>
          <className>TestBusinessEventFeed</className>
          <testName>TestCase09.test03</testName>
          <skipped>false</skipped>
          <failedSince>0</failedSince>
        </case>
        <case>
          <duration>103.702</duration>
          <className>TestBusinessEventFeed</className>
          <testName>TestCase09.test04</testName>
          <skipped>false</skipped>
          <failedSince>0</failedSince>
        </case>
        <case>
          <duration>25.385</duration>
          <className>TestBusinessEventFeed</className>
          <testName>TestCase09.test05</testName>
          <skipped>false</skipped>
          <failedSince>0</failedSince>
        </case>
        <case>
          <duration>72.259</duration>
          <className>TestBusinessEventFeed</className>
          <testName>TestCase09.test06</testName>
          <skipped>false</skipped>
          <failedSince>0</failedSince>
        </case>
        <case>
          <duration>40.457</duration>
          <className>TestBusinessEventFeed</className>
          <testName>TestCase09.test07</testName>
          <skipped>false</skipped>
          <failedSince>0</failedSince>
        </case>
        <case>
          <duration>14.877</duration>
          <className>TestBusinessEventFeed</className>
          <testName>TestCase09.test08</testName>
          <skipped>false</skipped>
          <failedSince>0</failedSince>
        </case>
        <case>
          <duration>31.549</duration>
          <className>TestBusinessEventFeed</className>
          <testName>TestCase09.test09</testName>
          <skipped>false</skipped>
          <failedSince>0</failedSince>
        </case>
        <case>
          <duration>7.419</duration>
          <className>TestBusinessEventFeed</className>
          <testName>TestCase09.test10</testName>
          <skipped>false</skipped>
          <failedSince>0</failedSince>
        </case>
        <case>
          <duration>33.02</duration>
          <className>TestBusinessEventFeed</className>
          <testName>TestCase05.test01</testName>
          <skipped>false</skipped>
          <failedSince>0</failedSince>
        </case>
        <case>
          <duration>6.947</duration>
          <className>TestBusinessEventFeed</className>
          <testName>TestCase05.test02</testName>
          <skipped>false</skipped>
          <failedSince>0</failedSince>
        </case>
        <case>
          <duration>131.005</duration>
          <className>TestBusinessEventFeed</className>
          <testName>TestCase05.test03</testName>
          <skipped>false</skipped>
          <failedSince>0</failedSince>
        </case>
        <case>
          <duration>85.673</duration>
          <className>TestBusinessEventFeed</className>
          <testName>TestCase05.test04</testName>
          <skipped>false</skipped>
          <failedSince>0</failedSince>
        </case>
        <case>
          <duration>3.807</duration>
          <className>TestBusinessEventFeed</className>
          <testName>TestCase05.test05</testName>
          <skipped>false</skipped>
          <failedSince>0</failedSince>
        </case>
        <case>
          <duration>28.414</duration>
          <className>TestBusinessEventFeed</className>
          <testName>TestCase05.test06</testName>
          <skipped>false</skipped>
          <failedSince>0</failedSince>
        </case>
        <case>
          <duration>253.678</duration>
          <className>TestBusinessEventFeed</className>
          <testName>TestCase05.test07</testName>
          <skipped>false</skipped>
          <failedSince>0</failedSince>
        </case>
        <case>
          <duration>48.567</duration>
          <className>TestBusinessEventFeed</className>
          <testName>TestCase05.test08</testName>
          <skipped>false</skipped>
          <failedSince>0</failedSince>
        </case>
        <case>
          <duration>0.048</duration>
          <className>TestBusinessEventFeed</className>
          <testName>TestCase07.test01</testName>
          <skipped>false</skipped>
          <failedSince>0</failedSince>
        </case>
        <case>
          <duration>0.02</duration>
          <className>TestBusinessEventFeed</className>
          <testName>TestCase07.test02</testName>
          <skipped>false</skipped>
          <failedSince>0</failedSince>
        </case>
        <case>
          <duration>0.024</duration>
          <className>TestBusinessEventFeed</className>
          <testName>TestCase07.test03</testName>
          <skipped>false</skipped>
          <failedSince>0</failedSince>
        </case>
        <case>
          <duration>0.021</duration>
          <className>TestBusinessEventFeed</className>
          <testName>TestCase07.test04</testName>
          <skipped>false</skipped>
          <failedSince>0</failedSince>
        </case>
        <case>
          <duration>272.327</duration>
          <className>TestBusinessEventFeed</className>
          <testName>TestCase07.test05</testName>
          <skipped>false</skipped>
          <failedSince>0</failedSince>
        </case>
        <case>
          <duration>0.024</duration>
          <className>TestBusinessEventFeed</className>
          <testName>TestCase07.test06</testName>
          <skipped>false</skipped>
          <failedSince>0</failedSince>
        </case>
        <case>
          <duration>120.227</duration>
          <className>TestBusinessEventFeed</className>
          <testName>TestCase07.test08</testName>
          <skipped>false</skipped>
          <failedSince>0</failedSince>
        </case>
        <case>
          <duration>220.815</duration>
          <className>TestBusinessEventFeed</className>
          <testName>TestCase07.test09</testName>
          <skipped>false</skipped>
          <failedSince>0</failedSince>
        </case>
        <case>
          <duration>0.02</duration>
          <className>TestBusinessEventFeed</className>
          <testName>TestCase07.test10</testName>
          <skipped>false</skipped>
          <failedSince>0</failedSince>
        </case>
        <case>
          <duration>4.252</duration>
          <className>TestBusinessEventFeed</className>
          <testName>TestCase07.test11</testName>
          <skipped>false</skipped>
          <failedSince>0</failedSince>
        </case>
        <case>
          <duration>100.175</duration>
          <className>TestBusinessEventFeed</className>
          <testName>TestCase07.test12</testName>
          <skipped>false</skipped>
          <failedSince>0</failedSince>
        </case>
        <case>
          <duration>138.926</duration>
          <className>TestBusinessEventFeed</className>
          <testName>TestCase01.test01</testName>
          <skipped>false</skipped>
          <errorStackTrace>Traceback (most recent call last):
  File &quot;/usr/python3.6/lib/python3.6/site-packages/pexpect/expect.py&quot;, line 111, in expect_loop
    incoming = spawn.read_nonblocking(spawn.maxread, timeout)
  File &quot;/usr/python3.6/lib/python3.6/site-packages/pexpect/pty_spawn.py&quot;, line 478, in read_nonblocking
    raise TIMEOUT(&apos;Timeout exceeded.&apos;)
pexpect.exceptions.TIMEOUT: Timeout exceeded.

During handling of the above exception, another exception occurred:

Traceback (most recent call last):
  File &quot;/components/probed/test/testcases/probe.py&quot;, line 511, in x
    func(self, *args, **kwargs)
  File &quot;/components/cna/host/src/probed/test/cli/TestBusinessEventFeed.py&quot;, line 390, in setUp
    CliTestCase.CliTestCase.setUp(self)
  File &quot;/components/probed/test/testcases/probe.py&quot;, line 511, in x
    func(self, *args, **kwargs)
  File &quot;/components/cna/host/src/probed/test/cli/CliTestCase.py&quot;, line 605, in setUp
    self.myProbeAdmin.clearConfig()
  File &quot;/components/probed/test/testcases/probe.py&quot;, line 2486, in clearConfig
    return self.deleteAll().noError()
  File &quot;/components/probed/test/testcases/probe.py&quot;, line 2493, in deleteAll
    return self.run(&quot;y&quot;)
  File &quot;/components/probed/test/testcases/probe.py&quot;, line 2237, in run
    outputs = self.runList([cmds], timeout = timeout, expectedOutput=expectedOutput)
  File &quot;/components/probed/test/testcases/probe.py&quot;, line 739, in wrapper
    return func(*args, **kw)
  File &quot;/components/probed/test/testcases/probe.py&quot;, line 2275, in runList
    outputStr = self.finishRun(timeout = timeout, expectedOutput=expectedOutput)
  File &quot;/components/probed/test/testcases/probe.py&quot;, line 2316, in finishRun
    self.cli.expect(expected, timeout = timeout)
  File &quot;/components/probed/test/testcases/probe.py&quot;, line 1152, in expect
    return self.child.expect(pattern, timeout)
  File &quot;/usr/python3.6/lib/python3.6/site-packages/pexpect/spawnbase.py&quot;, line 341, in expect
    timeout, searchwindowsize, async_)
  File &quot;/usr/python3.6/lib/python3.6/site-packages/pexpect/spawnbase.py&quot;, line 369, in expect_list
    return exp.expect_loop(timeout)
  File &quot;/usr/python3.6/lib/python3.6/site-packages/pexpect/expect.py&quot;, line 119, in expect_loop
    return self.timeout(e)
  File &quot;/usr/python3.6/lib/python3.6/site-packages/pexpect/expect.py&quot;, line 82, in timeout
    raise TIMEOUT(msg)
pexpect.exceptions.TIMEOUT: Timeout exceeded.
&lt;pexpect.pty_spawn.spawn object at 0x7f4fa8707a20&gt;
command: /usr/bin/env
args: [&apos;/usr/bin/env&apos;, &apos;PS1=-&apos;, &apos;bash&apos;, &apos;--norc&apos;]
buffer (last 400 chars): &apos;? y\n\r&apos;
before (last 400 chars): &apos;? y\n\r&apos;
after: &lt;class &apos;pexpect.exceptions.TIMEOUT&apos;&gt;
match: None
match_index: None
exitstatus: None
flag_eof: False
pid: 2216
child_fd: 10
closed: False
timeout: 100
delimiter: &lt;class &apos;pexpect.exceptions.EOF&apos;&gt;
logfile: &lt;_io.TextIOWrapper name=&apos;/tmp/testlogs/probe.cli.log&apos; mode=&apos;w&apos; encoding=&apos;utf-8&apos;&gt;
logfile_read: None
logfile_send: None
maxread: 2000
ignorecase: False
searchwindowsize: None
delaybeforesend: 0.001
delayafterclose: 0.1
delayafterterminate: 0.1
searcher: searcher_re:
    0: re.compile(&apos;cne\\(confi.*\\)\\$ &apos;)
    1: re.compile(&apos;bye\\s+Connection to cne closed.&apos;)
    2: re.compile(&apos;recovery&gt;&apos;)
</errorStackTrace>
          <failedSince>4489</failedSince>
        </case>
        <case>
          <duration>73.244</duration>
          <className>TestBusinessEventFeed</className>
          <testName>TestCase01.test02</testName>
          <skipped>false</skipped>
          <failedSince>0</failedSince>
        </case>
        <case>
          <duration>12.851</duration>
          <className>TestBusinessEventFeed</className>
          <testName>TestCase01.test03</testName>
          <skipped>false</skipped>
          <failedSince>0</failedSince>
        </case>
        <case>
          <duration>0.009</duration>
          <className>TestBusinessEventFeed</className>
          <testName>TestCase01.test04</testName>
          <skipped>false</skipped>
          <failedSince>0</failedSince>
        </case>
        <case>
          <duration>2.325</duration>
          <className>TestBusinessEventFeed</className>
          <testName>TestCase01.test06</testName>
          <skipped>false</skipped>
          <failedSince>0</failedSince>
        </case>
        <case>
          <duration>1.221</duration>
          <className>TestBusinessEventFeed</className>
          <testName>TestCase01.test07</testName>
          <skipped>false</skipped>
          <failedSince>0</failedSince>
        </case>
        <case>
          <duration>3.921</duration>
          <className>TestBusinessEventFeed</className>
          <testName>TestCase01.test08</testName>
          <skipped>false</skipped>
          <failedSince>0</failedSince>
        </case>
        <case>
          <duration>20.539</duration>
          <className>TestBusinessEventFeed</className>
          <testName>TestCase01.test09</testName>
          <skipped>false</skipped>
          <failedSince>0</failedSince>
        </case>
        <case>
          <duration>0.719</duration>
          <className>TestBusinessEventFeed</className>
          <testName>TestCase01.test10</testName>
          <skipped>false</skipped>
          <failedSince>0</failedSince>
        </case>
        <case>
          <duration>0.884</duration>
          <className>TestBusinessEventFeed</className>
          <testName>TestCase01.test11</testName>
          <skipped>false</skipped>
          <failedSince>0</failedSince>
        </case>
        <case>
          <duration>1.297</duration>
          <className>TestBusinessEventFeed</className>
          <testName>TestCase01.test12</testName>
          <skipped>false</skipped>
          <failedSince>0</failedSince>
        </case>
        <case>
          <duration>1.005</duration>
          <className>TestBusinessEventFeed</className>
          <testName>TestCase01.test13</testName>
          <skipped>false</skipped>
          <failedSince>0</failedSince>
        </case>
        <case>
          <duration>0.849</duration>
          <className>TestBusinessEventFeed</className>
          <testName>TestCase01.test14</testName>
          <skipped>false</skipped>
          <failedSince>0</failedSince>
        </case>
        <case>
          <duration>5.364</duration>
          <className>TestBusinessEventFeed</className>
          <testName>TestCase01.test15</testName>
          <skipped>false</skipped>
          <failedSince>0</failedSince>
        </case>
        <case>
          <duration>9.009</duration>
          <className>TestBusinessEventFeed</className>
          <testName>TestCase01.test16</testName>
          <skipped>false</skipped>
          <failedSince>0</failedSince>
        </case>
        <case>
          <duration>82.472</duration>
          <className>TestBusinessEventFeed</className>
          <testName>TestCase01.test17</testName>
          <skipped>false</skipped>
          <failedSince>0</failedSince>
        </case>
        <case>
          <duration>1.81</duration>
          <className>TestBusinessEventFeed</className>
          <testName>TestCase01.test18</testName>
          <skipped>false</skipped>
          <failedSince>0</failedSince>
        </case>
        <case>
          <duration>0.467</duration>
          <className>TestBusinessEventFeed</className>
          <testName>TestCase01.test19</testName>
          <skipped>false</skipped>
          <failedSince>0</failedSince>
        </case>
        <case>
          <duration>2.747</duration>
          <className>TestBusinessEventFeed</className>
          <testName>TestCase01.test21</testName>
          <skipped>false</skipped>
          <failedSince>0</failedSince>
        </case>
        <case>
          <duration>0.179</duration>
          <className>TestBusinessEventFeed</className>
          <testName>TestCase01.test22</testName>
          <skipped>false</skipped>
          <failedSince>0</failedSince>
        </case>
        <case>
          <duration>0.941</duration>
          <className>TestBusinessEventFeed</className>
          <testName>TestCase01.test23</testName>
          <skipped>false</skipped>
          <failedSince>0</failedSince>
        </case>
        <case>
          <duration>0.135</duration>
          <className>TestBusinessEventFeed</className>
          <testName>TestCase01.test24</testName>
          <skipped>false</skipped>
          <failedSince>0</failedSince>
        </case>
        <case>
          <duration>1.472</duration>
          <className>TestBusinessEventFeed</className>
          <testName>TestCase01.test25</testName>
          <skipped>false</skipped>
          <failedSince>0</failedSince>
        </case>
        <case>
          <duration>0.287</duration>
          <className>TestBusinessEventFeed</className>
          <testName>TestCase01.test26</testName>
          <skipped>false</skipped>
          <failedSince>0</failedSince>
        </case>
        <case>
          <duration>71.41</duration>
          <className>TestBusinessEventFeed</className>
          <testName>TestCase01.test27</testName>
          <skipped>false</skipped>
          <failedSince>0</failedSince>
        </case>
        <case>
          <duration>22.551</duration>
          <className>TestBusinessEventFeed</className>
          <testName>TestCase01.test28</testName>
          <skipped>false</skipped>
          <failedSince>0</failedSince>
        </case>
        <case>
          <duration>0.05</duration>
          <className>TestBusinessEventFeed</className>
          <testName>TestCase01.test29</testName>
          <skipped>false</skipped>
          <failedSince>0</failedSince>
        </case>
        <case>
          <duration>0.084</duration>
          <className>TestBusinessEventFeed</className>
          <testName>TestCase01.test30</testName>
          <skipped>false</skipped>
          <failedSince>0</failedSince>
        </case>
        <case>
          <duration>0.1</duration>
          <className>TestBusinessEventFeed</className>
          <testName>TestCase01.test31</testName>
          <skipped>false</skipped>
          <failedSince>0</failedSince>
        </case>
        <case>
          <duration>0.013</duration>
          <className>TestBusinessEventFeed</className>
          <testName>TestCase01.test32</testName>
          <skipped>false</skipped>
          <failedSince>0</failedSince>
        </case>
        <case>
          <duration>10.937</duration>
          <className>TestBusinessEventFeed</className>
          <testName>TestCase01.test33</testName>
          <skipped>false</skipped>
          <failedSince>0</failedSince>
        </case>
        <case>
          <duration>57.351</duration>
          <className>TestBusinessEventFeed</className>
          <testName>TestCase01.test34</testName>
          <skipped>false</skipped>
          <failedSince>0</failedSince>
        </case>
        <case>
          <duration>28.177</duration>
          <className>TestBusinessEventFeed</className>
          <testName>TestCase01.test35</testName>
          <skipped>false</skipped>
          <failedSince>0</failedSince>
        </case>
        <case>
          <duration>19.617</duration>
          <className>TestBusinessEventFeed</className>
          <testName>TestCase01.test36</testName>
          <skipped>false</skipped>
          <failedSince>0</failedSince>
        </case>
        <case>
          <duration>14.7</duration>
          <className>TestBusinessEventFeed</className>
          <testName>TestCase01.test37</testName>
          <skipped>false</skipped>
          <failedSince>0</failedSince>
        </case>
        <case>
          <duration>9.211</duration>
          <className>TestBusinessEventFeed</className>
          <testName>TestCase01.test38</testName>
          <skipped>false</skipped>
          <failedSince>0</failedSince>
        </case>
        <case>
          <duration>0.31</duration>
          <className>TestBusinessEventFeed</className>
          <testName>TestCase01.test39</testName>
          <skipped>false</skipped>
          <failedSince>0</failedSince>
        </case>
        <case>
          <duration>2.534</duration>
          <className>TestBusinessEventFeed</className>
          <testName>TestCase01.test40</testName>
          <skipped>false</skipped>
          <failedSince>0</failedSince>
        </case>
        <case>
          <duration>2.249</duration>
          <className>TestBusinessEventFeed</className>
          <testName>TestCase01.test41</testName>
          <skipped>false</skipped>
          <failedSince>0</failedSince>
        </case>
        <case>
          <duration>0.414</duration>
          <className>TestBusinessEventFeed</className>
          <testName>TestCase01.test42</testName>
          <skipped>false</skipped>
          <failedSince>0</failedSince>
        </case>
        <case>
          <duration>12.667</duration>
          <className>TestBusinessEventFeed</className>
          <testName>TestCase01.test43</testName>
          <skipped>false</skipped>
          <failedSince>0</failedSince>
        </case>
        <case>
          <duration>0.643</duration>
          <className>TestBusinessEventFeed</className>
          <testName>TestCase01.test44</testName>
          <skipped>false</skipped>
          <failedSince>0</failedSince>
        </case>
        <case>
          <duration>7.767</duration>
          <className>TestBusinessEventFeed</className>
          <testName>TestCase01.test45</testName>
          <skipped>false</skipped>
          <failedSince>0</failedSince>
        </case>
        <case>
          <duration>202.162</duration>
          <className>TestBusinessEventFeed</className>
          <testName>TestCase03.test01</testName>
          <skipped>false</skipped>
          <failedSince>0</failedSince>
        </case>
        <case>
          <duration>35.026</duration>
          <className>TestBusinessEventFeed</className>
          <testName>TestCase03.test02</testName>
          <skipped>false</skipped>
          <failedSince>0</failedSince>
        </case>
        <case>
          <duration>24.713</duration>
          <className>TestBusinessEventFeed</className>
          <testName>TestCase03.test03</testName>
          <skipped>false</skipped>
          <failedSince>0</failedSince>
        </case>
        <case>
          <duration>38.342</duration>
          <className>TestBusinessEventFeed</className>
          <testName>TestCase03.test04</testName>
          <skipped>false</skipped>
          <failedSince>0</failedSince>
        </case>
        <case>
          <duration>168.896</duration>
          <className>TestBusinessEventFeed</className>
          <testName>TestCase03.test05</testName>
          <skipped>false</skipped>
          <failedSince>0</failedSince>
        </case>
        <case>
          <duration>52.381</duration>
          <className>TestBusinessEventFeed</className>
          <testName>TestCase03.test07</testName>
          <skipped>false</skipped>
          <failedSince>0</failedSince>
        </case>
        <case>
          <duration>69.469</duration>
          <className>TestBusinessEventFeed</className>
          <testName>TestCase03.test08</testName>
          <skipped>false</skipped>
          <failedSince>0</failedSince>
        </case>
        <case>
          <duration>68.576</duration>
          <className>TestBusinessEventFeed</className>
          <testName>TestCase03.test09</testName>
          <skipped>false</skipped>
          <failedSince>0</failedSince>
        </case>
        <case>
          <duration>59.782</duration>
          <className>TestBusinessEventFeed</className>
          <testName>TestCase03.test10</testName>
          <skipped>false</skipped>
          <failedSince>0</failedSince>
        </case>
        <case>
          <duration>131.292</duration>
          <className>TestBusinessEventFeed</className>
          <testName>TestCase03.test11</testName>
          <skipped>false</skipped>
          <failedSince>0</failedSince>
        </case>
        <case>
          <duration>57.522</duration>
          <className>TestBusinessEventFeed</className>
          <testName>TestCase03.test12</testName>
          <skipped>false</skipped>
          <failedSince>0</failedSince>
        </case>
        <case>
          <duration>72.133</duration>
          <className>TestBusinessEventFeed</className>
          <testName>TestCase03.test13</testName>
          <skipped>false</skipped>
          <failedSince>0</failedSince>
        </case>
        <case>
          <duration>20.013</duration>
          <className>TestBusinessEventFeed</className>
          <testName>TestCase03.test14</testName>
          <skipped>false</skipped>
          <failedSince>0</failedSince>
        </case>
        <case>
          <duration>11.396</duration>
          <className>TestBusinessEventFeed</className>
          <testName>TestCase03.test15</testName>
          <skipped>false</skipped>
          <failedSince>0</failedSince>
        </case>
        <case>
          <duration>230.208</duration>
          <className>TestBusinessEventFeed</className>
          <testName>TestCase03.test16</testName>
          <skipped>false</skipped>
          <failedSince>0</failedSince>
        </case>
        <case>
          <duration>123.853</duration>
          <className>TestBusinessEventFeed</className>
          <testName>TestCase03.test17</testName>
          <skipped>false</skipped>
          <failedSince>0</failedSince>
        </case>
        <case>
          <duration>67.039</duration>
          <className>TestBusinessEventFeed</className>
          <testName>TestCase03.test18</testName>
          <skipped>false</skipped>
          <failedSince>0</failedSince>
        </case>
        <case>
          <duration>74.228</duration>
          <className>TestBusinessEventFeed</className>
          <testName>TestCase03.test19</testName>
          <skipped>false</skipped>
          <failedSince>0</failedSince>
        </case>
        <case>
          <duration>35.705</duration>
          <className>TestBusinessEventFeed</className>
          <testName>TestCase03.test20</testName>
          <skipped>false</skipped>
          <failedSince>0</failedSince>
        </case>
        <case>
          <duration>38.874</duration>
          <className>TestBusinessEventFeed</className>
          <testName>TestCase03.test21</testName>
          <skipped>false</skipped>
          <failedSince>0</failedSince>
        </case>
        <case>
          <duration>14.154</duration>
          <className>TestBusinessEventFeed</className>
          <testName>TestCase03.test22</testName>
          <skipped>false</skipped>
          <failedSince>0</failedSince>
        </case>
        <case>
          <duration>183.208</duration>
          <className>TestBusinessEventFeed</className>
          <testName>TestCase03.test23</testName>
          <skipped>false</skipped>
          <failedSince>0</failedSince>
        </case>
        <case>
          <duration>43.642</duration>
          <className>TestBusinessEventFeed</className>
          <testName>TestCase03.test24</testName>
          <skipped>false</skipped>
          <failedSince>0</failedSince>
        </case>
        <case>
          <duration>70.375</duration>
          <className>TestBusinessEventFeed</className>
          <testName>TestCase03.test25</testName>
          <skipped>false</skipped>
          <failedSince>0</failedSince>
        </case>
        <case>
          <duration>48.182</duration>
          <className>TestBusinessEventFeed</className>
          <testName>TestCase03.test26</testName>
          <skipped>false</skipped>
          <failedSince>0</failedSince>
        </case>
        <case>
          <duration>97.899</duration>
          <className>TestBusinessEventFeed</className>
          <testName>TestCase03.test27</testName>
          <skipped>false</skipped>
          <failedSince>0</failedSince>
        </case>
        <case>
          <duration>36.368</duration>
          <className>TestBusinessEventFeed</className>
          <testName>TestCase03.test28</testName>
          <skipped>false</skipped>
          <failedSince>0</failedSince>
        </case>
        <case>
          <duration>6.274</duration>
          <className>TestBusinessEventFeed</className>
          <testName>TestCase03.test29</testName>
          <skipped>false</skipped>
          <failedSince>0</failedSince>
        </case>
        <case>
          <duration>57.945</duration>
          <className>TestBusinessEventFeed</className>
          <testName>TestCase03.test30</testName>
          <skipped>false</skipped>
          <failedSince>0</failedSince>
        </case>
        <case>
          <duration>60.418</duration>
          <className>TestBusinessEventFeed</className>
          <testName>TestCase03.test31</testName>
          <skipped>false</skipped>
          <failedSince>0</failedSince>
        </case>
        <case>
          <duration>248.011</duration>
          <className>TestBusinessEventFeed</className>
          <testName>TestCase03.test32</testName>
          <skipped>false</skipped>
          <failedSince>0</failedSince>
        </case>
        <case>
          <duration>11.367</duration>
          <className>TestBusinessEventFeed</className>
          <testName>TestCase03.test33</testName>
          <skipped>false</skipped>
          <failedSince>0</failedSince>
        </case>
        <case>
          <duration>35.043</duration>
          <className>TestBusinessEventFeed</className>
          <testName>TestCase03.test34</testName>
          <skipped>false</skipped>
          <failedSince>0</failedSince>
        </case>
        <case>
          <duration>52.84</duration>
          <className>TestBusinessEventFeed</className>
          <testName>TestCase03.test35</testName>
          <skipped>false</skipped>
          <failedSince>0</failedSince>
        </case>
        <case>
          <duration>67.266</duration>
          <className>TestBusinessEventFeed</className>
          <testName>TestCase03.test36</testName>
          <skipped>false</skipped>
          <failedSince>0</failedSince>
        </case>
        <case>
          <duration>45.48</duration>
          <className>TestBusinessEventFeed</className>
          <testName>TestCase03.test37</testName>
          <skipped>false</skipped>
          <failedSince>0</failedSince>
        </case>
        <case>
          <duration>26.91</duration>
          <className>TestBusinessEventFeed</className>
          <testName>TestCase03.test38</testName>
          <skipped>false</skipped>
          <failedSince>0</failedSince>
        </case>
        <case>
          <duration>47.786</duration>
          <className>TestBusinessEventFeed</className>
          <testName>TestCase03.test39</testName>
          <skipped>false</skipped>
          <failedSince>0</failedSince>
        </case>
        <case>
          <duration>47.735</duration>
          <className>TestBusinessEventFeed</className>
          <testName>TestCase03.test40</testName>
          <skipped>false</skipped>
          <failedSince>0</failedSince>
        </case>
        <case>
          <duration>11.471</duration>
          <className>TestBusinessEventFeed</className>
          <testName>TestCase03.test41</testName>
          <skipped>false</skipped>
          <failedSince>0</failedSince>
        </case>
        <case>
          <duration>0.0</duration>
          <className>TestBusinessEventFeed</className>
          <testName>TestCase03.test42</testName>
          <skipped>false</skipped>
          <failedSince>0</failedSince>
        </case>
        <case>
          <duration>0.0</duration>
          <className>TestBusinessEventFeed</className>
          <testName>TestCase03.test43</testName>
          <skipped>false</skipped>
          <failedSince>0</failedSince>
        </case>
        <case>
          <duration>80.69</duration>
          <className>TestBusinessEventFeed</className>
          <testName>TestCase03.test44</testName>
          <skipped>false</skipped>
          <failedSince>0</failedSince>
        </case>
        <case>
          <duration>0.0</duration>
          <className>TestBusinessEventFeed</className>
          <testName>TestCase03.test45</testName>
          <skipped>false</skipped>
          <failedSince>0</failedSince>
        </case>
        <case>
          <duration>0.0</duration>
          <className>TestBusinessEventFeed</className>
          <testName>TestCase03.test46</testName>
          <skipped>false</skipped>
          <failedSince>0</failedSince>
        </case>
        <case>
          <duration>37.054</duration>
          <className>TestBusinessEventFeed</className>
          <testName>TestCase03.test47</testName>
          <skipped>false</skipped>
          <failedSince>0</failedSince>
        </case>
        <case>
          <duration>0.0</duration>
          <className>TestBusinessEventFeed</className>
          <testName>TestCase03.test48</testName>
          <skipped>false</skipped>
          <failedSince>0</failedSince>
        </case>
        <case>
          <duration>15.424</duration>
          <className>TestBusinessEventFeed</className>
          <testName>TestCase03.test49</testName>
          <skipped>false</skipped>
          <failedSince>0</failedSince>
        </case>
        <case>
          <duration>68.695</duration>
          <className>TestBusinessEventFeed</className>
          <testName>TestCase03.test50</testName>
          <skipped>false</skipped>
          <failedSince>0</failedSince>
        </case>
        <case>
          <duration>19.906</duration>
          <className>TestBusinessEventFeed</className>
          <testName>TestCase03.test51</testName>
          <skipped>false</skipped>
          <failedSince>0</failedSince>
        </case>
        <case>
          <duration>19.247</duration>
          <className>TestBusinessEventFeed</className>
          <testName>TestCase03.test52</testName>
          <skipped>false</skipped>
          <failedSince>0</failedSince>
        </case>
        <case>
          <duration>4.781</duration>
          <className>TestBusinessEventFeed</className>
          <testName>TestCase03.test53</testName>
          <skipped>false</skipped>
          <failedSince>0</failedSince>
        </case>
        <case>
          <duration>42.856</duration>
          <className>TestBusinessEventFeed</className>
          <testName>TestCase03.test54</testName>
          <skipped>false</skipped>
          <failedSince>0</failedSince>
        </case>
        <case>
          <duration>76.004</duration>
          <className>TestBusinessEventFeed</className>
          <testName>TestCase03.test55</testName>
          <skipped>false</skipped>
          <failedSince>0</failedSince>
        </case>
        <case>
          <duration>16.34</duration>
          <className>TestBusinessEventFeed</className>
          <testName>TestCase03.test56</testName>
          <skipped>false</skipped>
          <failedSince>0</failedSince>
        </case>
        <case>
          <duration>8.124</duration>
          <className>TestBusinessEventFeed</className>
          <testName>TestCase03.test57</testName>
          <skipped>false</skipped>
          <failedSince>0</failedSince>
        </case>
        <case>
          <duration>81.946</duration>
          <className>TestBusinessEventFeed</className>
          <testName>TestCase03.test58</testName>
          <skipped>false</skipped>
          <failedSince>0</failedSince>
        </case>
      </cases>
    </suite>
    <suite>
      <file>/home/jenkins/workspace/Backend/CNE@3/test-results/TEST-cli-TestSessionDiscovery.xml</file>
      <name>cli.TestSessionDiscovery</name>
      <stdout>Test skipped on the CorvilNet Engine
.Test skipped on the CorvilNet Engine
.</stdout>
      <stderr></stderr>
      <duration>2321.473</duration>
      <timestamp>2019-10-31T08:32:00.546968</timestamp>
      <time>0.001</time>
      <enclosingBlocks/>
      <enclosingBlockNames/>
      <cases>
        <case>
          <duration>0.001</duration>
          <className>TestSessionDiscovery</className>
          <testName>TestCase11.test01</testName>
          <skipped>false</skipped>
          <failedSince>0</failedSince>
        </case>
        <case>
          <duration>0.0</duration>
          <className>TestSessionDiscovery</className>
          <testName>TestCase11.test02</testName>
          <skipped>false</skipped>
          <failedSince>0</failedSince>
        </case>
        <case>
          <duration>22.323</duration>
          <className>TestSessionDiscovery</className>
          <testName>TestCase03.test01</testName>
          <skipped>false</skipped>
          <failedSince>0</failedSince>
        </case>
        <case>
          <duration>25.6</duration>
          <className>TestSessionDiscovery</className>
          <testName>TestCase02.test01</testName>
          <skipped>false</skipped>
          <failedSince>0</failedSince>
        </case>
        <case>
          <duration>14.823</duration>
          <className>TestSessionDiscovery</className>
          <testName>TestCase02.test02</testName>
          <skipped>false</skipped>
          <failedSince>0</failedSince>
        </case>
        <case>
          <duration>4.379</duration>
          <className>TestSessionDiscovery</className>
          <testName>TestCase02.test03</testName>
          <skipped>false</skipped>
          <failedSince>0</failedSince>
        </case>
        <case>
          <duration>5.204</duration>
          <className>TestSessionDiscovery</className>
          <testName>TestCase02.test04</testName>
          <skipped>false</skipped>
          <failedSince>0</failedSince>
        </case>
        <case>
          <duration>4.229</duration>
          <className>TestSessionDiscovery</className>
          <testName>TestCase02.test05</testName>
          <skipped>false</skipped>
          <failedSince>0</failedSince>
        </case>
        <case>
          <duration>3.305</duration>
          <className>TestSessionDiscovery</className>
          <testName>TestCase02.test06</testName>
          <skipped>false</skipped>
          <failedSince>0</failedSince>
        </case>
        <case>
          <duration>19.379</duration>
          <className>TestSessionDiscovery</className>
          <testName>TestCase08.test01</testName>
          <skipped>false</skipped>
          <failedSince>0</failedSince>
        </case>
        <case>
          <duration>31.64</duration>
          <className>TestSessionDiscovery</className>
          <testName>TestCase09.test01</testName>
          <skipped>false</skipped>
          <failedSince>0</failedSince>
        </case>
        <case>
          <duration>45.925</duration>
          <className>TestSessionDiscovery</className>
          <testName>TestCase04.test01</testName>
          <skipped>false</skipped>
          <failedSince>0</failedSince>
        </case>
        <case>
          <duration>2.364</duration>
          <className>TestSessionDiscovery</className>
          <testName>TestCase04.test02</testName>
          <skipped>false</skipped>
          <failedSince>0</failedSince>
        </case>
        <case>
          <duration>5.634</duration>
          <className>TestSessionDiscovery</className>
          <testName>TestCase04.test03</testName>
          <skipped>false</skipped>
          <failedSince>0</failedSince>
        </case>
        <case>
          <duration>25.506</duration>
          <className>TestSessionDiscovery</className>
          <testName>TestCase04.test04</testName>
          <skipped>false</skipped>
          <failedSince>0</failedSince>
        </case>
        <case>
          <duration>2.916</duration>
          <className>TestSessionDiscovery</className>
          <testName>TestCase04.test05</testName>
          <skipped>false</skipped>
          <failedSince>0</failedSince>
        </case>
        <case>
          <duration>2.025</duration>
          <className>TestSessionDiscovery</className>
          <testName>TestCase04.test06</testName>
          <skipped>false</skipped>
          <failedSince>0</failedSince>
        </case>
        <case>
          <duration>12.589</duration>
          <className>TestSessionDiscovery</className>
          <testName>TestCase04.test07</testName>
          <skipped>false</skipped>
          <failedSince>0</failedSince>
        </case>
        <case>
          <duration>11.49</duration>
          <className>TestSessionDiscovery</className>
          <testName>TestCase04.test08</testName>
          <skipped>false</skipped>
          <failedSince>0</failedSince>
        </case>
        <case>
          <duration>48.958</duration>
          <className>TestSessionDiscovery</className>
          <testName>TestCase06.test01</testName>
          <skipped>false</skipped>
          <failedSince>0</failedSince>
        </case>
        <case>
          <duration>6.812</duration>
          <className>TestSessionDiscovery</className>
          <testName>TestCase06.test02</testName>
          <skipped>false</skipped>
          <failedSince>0</failedSince>
        </case>
        <case>
          <duration>11.908</duration>
          <className>TestSessionDiscovery</className>
          <testName>TestCase06.test03</testName>
          <skipped>false</skipped>
          <failedSince>0</failedSince>
        </case>
        <case>
          <duration>10.04</duration>
          <className>TestSessionDiscovery</className>
          <testName>TestCase06.test04</testName>
          <skipped>false</skipped>
          <failedSince>0</failedSince>
        </case>
        <case>
          <duration>7.565</duration>
          <className>TestSessionDiscovery</className>
          <testName>TestCase06.test05</testName>
          <skipped>false</skipped>
          <failedSince>0</failedSince>
        </case>
        <case>
          <duration>70.376</duration>
          <className>TestSessionDiscovery</className>
          <testName>TestCase06.test06</testName>
          <skipped>false</skipped>
          <failedSince>0</failedSince>
        </case>
        <case>
          <duration>10.135</duration>
          <className>TestSessionDiscovery</className>
          <testName>TestCase06.test07</testName>
          <skipped>false</skipped>
          <failedSince>0</failedSince>
        </case>
        <case>
          <duration>20.636</duration>
          <className>TestSessionDiscovery</className>
          <testName>TestCase12.test01</testName>
          <skipped>false</skipped>
          <failedSince>0</failedSince>
        </case>
        <case>
          <duration>1.803</duration>
          <className>TestSessionDiscovery</className>
          <testName>TestCase12.test02</testName>
          <skipped>false</skipped>
          <failedSince>0</failedSince>
        </case>
        <case>
          <duration>6.547</duration>
          <className>TestSessionDiscovery</className>
          <testName>TestCase12.test03</testName>
          <skipped>false</skipped>
          <failedSince>0</failedSince>
        </case>
        <case>
          <duration>10.537</duration>
          <className>TestSessionDiscovery</className>
          <testName>TestCase12.test04</testName>
          <skipped>false</skipped>
          <failedSince>0</failedSince>
        </case>
        <case>
          <duration>1.737</duration>
          <className>TestSessionDiscovery</className>
          <testName>TestCase12.test05</testName>
          <skipped>false</skipped>
          <failedSince>0</failedSince>
        </case>
        <case>
          <duration>0.293</duration>
          <className>TestSessionDiscovery</className>
          <testName>TestCase12.test06</testName>
          <skipped>false</skipped>
          <failedSince>0</failedSince>
        </case>
        <case>
          <duration>7.083</duration>
          <className>TestSessionDiscovery</className>
          <testName>TestCase12.test07</testName>
          <skipped>false</skipped>
          <failedSince>0</failedSince>
        </case>
        <case>
          <duration>1.475</duration>
          <className>TestSessionDiscovery</className>
          <testName>TestCase12.test08</testName>
          <skipped>false</skipped>
          <failedSince>0</failedSince>
        </case>
        <case>
          <duration>0.125</duration>
          <className>TestSessionDiscovery</className>
          <testName>TestCase12.test09</testName>
          <skipped>false</skipped>
          <failedSince>0</failedSince>
        </case>
        <case>
          <duration>6.912</duration>
          <className>TestSessionDiscovery</className>
          <testName>TestCase12.test10</testName>
          <skipped>false</skipped>
          <failedSince>0</failedSince>
        </case>
        <case>
          <duration>0.199</duration>
          <className>TestSessionDiscovery</className>
          <testName>TestCase12.test11</testName>
          <skipped>false</skipped>
          <failedSince>0</failedSince>
        </case>
        <case>
          <duration>0.083</duration>
          <className>TestSessionDiscovery</className>
          <testName>TestCase12.test12</testName>
          <skipped>false</skipped>
          <failedSince>0</failedSince>
        </case>
        <case>
          <duration>6.259</duration>
          <className>TestSessionDiscovery</className>
          <testName>TestCase12.test13</testName>
          <skipped>false</skipped>
          <failedSince>0</failedSince>
        </case>
        <case>
          <duration>8.607</duration>
          <className>TestSessionDiscovery</className>
          <testName>TestCase12.test14</testName>
          <skipped>false</skipped>
          <failedSince>0</failedSince>
        </case>
        <case>
          <duration>3.813</duration>
          <className>TestSessionDiscovery</className>
          <testName>TestCase12.test15</testName>
          <skipped>false</skipped>
          <failedSince>0</failedSince>
        </case>
        <case>
          <duration>13.429</duration>
          <className>TestSessionDiscovery</className>
          <testName>TestCase12.test16</testName>
          <skipped>false</skipped>
          <failedSince>0</failedSince>
        </case>
        <case>
          <duration>2.422</duration>
          <className>TestSessionDiscovery</className>
          <testName>TestCase12.test17</testName>
          <skipped>false</skipped>
          <failedSince>0</failedSince>
        </case>
        <case>
          <duration>1.714</duration>
          <className>TestSessionDiscovery</className>
          <testName>TestCase12.test18</testName>
          <skipped>false</skipped>
          <failedSince>0</failedSince>
        </case>
        <case>
          <duration>2.998</duration>
          <className>TestSessionDiscovery</className>
          <testName>TestCase12.test19</testName>
          <skipped>false</skipped>
          <failedSince>0</failedSince>
        </case>
        <case>
          <duration>3.128</duration>
          <className>TestSessionDiscovery</className>
          <testName>TestCase12.test20</testName>
          <skipped>false</skipped>
          <failedSince>0</failedSince>
        </case>
        <case>
          <duration>3.334</duration>
          <className>TestSessionDiscovery</className>
          <testName>TestCase12.test21</testName>
          <skipped>false</skipped>
          <failedSince>0</failedSince>
        </case>
        <case>
          <duration>2.745</duration>
          <className>TestSessionDiscovery</className>
          <testName>TestCase12.test22</testName>
          <skipped>false</skipped>
          <failedSince>0</failedSince>
        </case>
        <case>
          <duration>4.084</duration>
          <className>TestSessionDiscovery</className>
          <testName>TestCase12.test23</testName>
          <skipped>false</skipped>
          <failedSince>0</failedSince>
        </case>
        <case>
          <duration>2.933</duration>
          <className>TestSessionDiscovery</className>
          <testName>TestCase12.test24</testName>
          <skipped>false</skipped>
          <failedSince>0</failedSince>
        </case>
        <case>
          <duration>2.456</duration>
          <className>TestSessionDiscovery</className>
          <testName>TestCase12.test25</testName>
          <skipped>false</skipped>
          <failedSince>0</failedSince>
        </case>
        <case>
          <duration>2.485</duration>
          <className>TestSessionDiscovery</className>
          <testName>TestCase12.test26</testName>
          <skipped>false</skipped>
          <failedSince>0</failedSince>
        </case>
        <case>
          <duration>0.159</duration>
          <className>TestSessionDiscovery</className>
          <testName>TestCase12.test27</testName>
          <skipped>false</skipped>
          <failedSince>0</failedSince>
        </case>
        <case>
          <duration>0.05</duration>
          <className>TestSessionDiscovery</className>
          <testName>TestCase12.test28</testName>
          <skipped>false</skipped>
          <failedSince>0</failedSince>
        </case>
        <case>
          <duration>3.134</duration>
          <className>TestSessionDiscovery</className>
          <testName>TestCase12.test29</testName>
          <skipped>false</skipped>
          <failedSince>0</failedSince>
        </case>
        <case>
          <duration>2.058</duration>
          <className>TestSessionDiscovery</className>
          <testName>TestCase12.test30</testName>
          <skipped>false</skipped>
          <failedSince>0</failedSince>
        </case>
        <case>
          <duration>0.063</duration>
          <className>TestSessionDiscovery</className>
          <testName>TestCase12.test31</testName>
          <skipped>false</skipped>
          <failedSince>0</failedSince>
        </case>
        <case>
          <duration>1.489</duration>
          <className>TestSessionDiscovery</className>
          <testName>TestCase12.test32</testName>
          <skipped>false</skipped>
          <failedSince>0</failedSince>
        </case>
        <case>
          <duration>117.805</duration>
          <className>TestSessionDiscovery</className>
          <testName>TestCase12.test33</testName>
          <skipped>false</skipped>
          <failedSince>0</failedSince>
        </case>
        <case>
          <duration>6.16</duration>
          <className>TestSessionDiscovery</className>
          <testName>TestCase12.test34_test_child_session_overriding_tag</testName>
          <skipped>false</skipped>
          <failedSince>0</failedSince>
        </case>
        <case>
          <duration>18.09</duration>
          <className>TestSessionDiscovery</className>
          <testName>TestCase07.test01</testName>
          <skipped>false</skipped>
          <failedSince>0</failedSince>
        </case>
        <case>
          <duration>24.328</duration>
          <className>TestSessionDiscovery</className>
          <testName>TestCase07.test02</testName>
          <skipped>false</skipped>
          <failedSince>0</failedSince>
        </case>
        <case>
          <duration>44.324</duration>
          <className>TestSessionDiscovery</className>
          <testName>TestCase07.test03</testName>
          <skipped>false</skipped>
          <failedSince>0</failedSince>
        </case>
        <case>
          <duration>4.531</duration>
          <className>TestSessionDiscovery</className>
          <testName>TestCase07.test04</testName>
          <skipped>false</skipped>
          <failedSince>0</failedSince>
        </case>
        <case>
          <duration>62.125</duration>
          <className>TestSessionDiscovery</className>
          <testName>TestCase07.test05</testName>
          <skipped>false</skipped>
          <failedSince>0</failedSince>
        </case>
        <case>
          <duration>30.18</duration>
          <className>TestSessionDiscovery</className>
          <testName>TestCase07.test06</testName>
          <skipped>false</skipped>
          <failedSince>0</failedSince>
        </case>
        <case>
          <duration>4.629</duration>
          <className>TestSessionDiscovery</className>
          <testName>TestCase07.test07</testName>
          <skipped>false</skipped>
          <failedSince>0</failedSince>
        </case>
        <case>
          <duration>1.775</duration>
          <className>TestSessionDiscovery</className>
          <testName>TestCase07.test08</testName>
          <skipped>false</skipped>
          <failedSince>0</failedSince>
        </case>
        <case>
          <duration>7.422</duration>
          <className>TestSessionDiscovery</className>
          <testName>TestCase07.test09</testName>
          <skipped>false</skipped>
          <failedSince>0</failedSince>
        </case>
        <case>
          <duration>5.248</duration>
          <className>TestSessionDiscovery</className>
          <testName>TestCase07.test10</testName>
          <skipped>false</skipped>
          <failedSince>0</failedSince>
        </case>
        <case>
          <duration>3.742</duration>
          <className>TestSessionDiscovery</className>
          <testName>TestCase07.test11</testName>
          <skipped>false</skipped>
          <failedSince>0</failedSince>
        </case>
        <case>
          <duration>3.711</duration>
          <className>TestSessionDiscovery</className>
          <testName>TestCase07.test12</testName>
          <skipped>false</skipped>
          <failedSince>0</failedSince>
        </case>
        <case>
          <duration>5.576</duration>
          <className>TestSessionDiscovery</className>
          <testName>TestCase07.test13</testName>
          <skipped>false</skipped>
          <failedSince>0</failedSince>
        </case>
        <case>
          <duration>30.773</duration>
          <className>TestSessionDiscovery</className>
          <testName>TestCase10.test01</testName>
          <skipped>false</skipped>
          <failedSince>0</failedSince>
        </case>
        <case>
          <duration>7.307</duration>
          <className>TestSessionDiscovery</className>
          <testName>TestCase10.test02</testName>
          <skipped>false</skipped>
          <failedSince>0</failedSince>
        </case>
        <case>
          <duration>8.086</duration>
          <className>TestSessionDiscovery</className>
          <testName>TestCase10.test03</testName>
          <skipped>false</skipped>
          <failedSince>0</failedSince>
        </case>
        <case>
          <duration>45.372</duration>
          <className>TestSessionDiscovery</className>
          <testName>TestCase10.test04</testName>
          <skipped>false</skipped>
          <failedSince>0</failedSince>
        </case>
        <case>
          <duration>36.607</duration>
          <className>TestSessionDiscovery</className>
          <testName>TestCase10.test05</testName>
          <skipped>false</skipped>
          <failedSince>0</failedSince>
        </case>
        <case>
          <duration>30.179</duration>
          <className>TestSessionDiscovery</className>
          <testName>TestCase01.test01</testName>
          <skipped>false</skipped>
          <failedSince>0</failedSince>
        </case>
        <case>
          <duration>58.978</duration>
          <className>TestSessionDiscovery</className>
          <testName>TestCase01.test02</testName>
          <skipped>false</skipped>
          <failedSince>0</failedSince>
        </case>
        <case>
          <duration>8.685</duration>
          <className>TestSessionDiscovery</className>
          <testName>TestCase01.test03</testName>
          <skipped>false</skipped>
          <failedSince>0</failedSince>
        </case>
        <case>
          <duration>49.747</duration>
          <className>TestSessionDiscovery</className>
          <testName>TestCase01.test04</testName>
          <skipped>false</skipped>
          <failedSince>0</failedSince>
        </case>
        <case>
          <duration>13.289</duration>
          <className>TestSessionDiscovery</className>
          <testName>TestCase01.test05</testName>
          <skipped>false</skipped>
          <failedSince>0</failedSince>
        </case>
        <case>
          <duration>61.039</duration>
          <className>TestSessionDiscovery</className>
          <testName>TestCase01.test06</testName>
          <skipped>false</skipped>
          <failedSince>0</failedSince>
        </case>
        <case>
          <duration>12.811</duration>
          <className>TestSessionDiscovery</className>
          <testName>TestCase01.test07</testName>
          <skipped>false</skipped>
          <failedSince>0</failedSince>
        </case>
        <case>
          <duration>13.202</duration>
          <className>TestSessionDiscovery</className>
          <testName>TestCase01.test08</testName>
          <skipped>false</skipped>
          <failedSince>0</failedSince>
        </case>
        <case>
          <duration>12.595</duration>
          <className>TestSessionDiscovery</className>
          <testName>TestCase01.test09</testName>
          <skipped>false</skipped>
          <failedSince>0</failedSince>
        </case>
        <case>
          <duration>9.185</duration>
          <className>TestSessionDiscovery</className>
          <testName>TestCase01.test10</testName>
          <skipped>false</skipped>
          <failedSince>0</failedSince>
        </case>
        <case>
          <duration>11.068</duration>
          <className>TestSessionDiscovery</className>
          <testName>TestCase01.test11</testName>
          <skipped>false</skipped>
          <failedSince>0</failedSince>
        </case>
        <case>
          <duration>2.736</duration>
          <className>TestSessionDiscovery</className>
          <testName>TestCase01.test13</testName>
          <skipped>false</skipped>
          <failedSince>0</failedSince>
        </case>
        <case>
          <duration>103.486</duration>
          <className>TestSessionDiscovery</className>
          <testName>TestCase05.test01</testName>
          <skipped>false</skipped>
          <failedSince>0</failedSince>
        </case>
        <case>
          <duration>4.793</duration>
          <className>TestSessionDiscovery</className>
          <testName>TestCase05.test02</testName>
          <skipped>false</skipped>
          <failedSince>0</failedSince>
        </case>
        <case>
          <duration>6.959</duration>
          <className>TestSessionDiscovery</className>
          <testName>TestCase05.test03</testName>
          <skipped>false</skipped>
          <failedSince>0</failedSince>
        </case>
        <case>
          <duration>9.998</duration>
          <className>TestSessionDiscovery</className>
          <testName>TestCase05.test04</testName>
          <skipped>false</skipped>
          <failedSince>0</failedSince>
        </case>
        <case>
          <duration>3.655</duration>
          <className>TestSessionDiscovery</className>
          <testName>TestCase05.test05</testName>
          <skipped>false</skipped>
          <failedSince>0</failedSince>
        </case>
        <case>
          <duration>9.151</duration>
          <className>TestSessionDiscovery</className>
          <testName>TestCase05.test06</testName>
          <skipped>false</skipped>
          <failedSince>0</failedSince>
        </case>
        <case>
          <duration>7.214</duration>
          <className>TestSessionDiscovery</className>
          <testName>TestCase05.test07</testName>
          <skipped>false</skipped>
          <failedSince>0</failedSince>
        </case>
        <case>
          <duration>16.075</duration>
          <className>TestSessionDiscovery</className>
          <testName>TestCase05.test08</testName>
          <skipped>false</skipped>
          <failedSince>0</failedSince>
        </case>
        <case>
          <duration>32.819</duration>
          <className>TestSessionDiscovery</className>
          <testName>TestCase05.test09</testName>
          <skipped>false</skipped>
          <failedSince>0</failedSince>
        </case>
        <case>
          <duration>16.208</duration>
          <className>TestSessionDiscovery</className>
          <testName>TestCase05.test10</testName>
          <skipped>false</skipped>
          <failedSince>0</failedSince>
        </case>
        <case>
          <duration>3.018</duration>
          <className>TestSessionDiscovery</className>
          <testName>TestCase05.test11</testName>
          <skipped>false</skipped>
          <failedSince>0</failedSince>
        </case>
        <case>
          <duration>24.314</duration>
          <className>TestSessionDiscovery</className>
          <testName>TestCase05.test12</testName>
          <skipped>false</skipped>
          <failedSince>0</failedSince>
        </case>
        <case>
          <duration>31.561</duration>
          <className>TestSessionDiscovery</className>
          <testName>TestCase05.test13</testName>
          <skipped>false</skipped>
          <failedSince>0</failedSince>
        </case>
        <case>
          <duration>11.702</duration>
          <className>TestSessionDiscovery</className>
          <testName>TestCase05.test14</testName>
          <skipped>false</skipped>
          <failedSince>0</failedSince>
        </case>
        <case>
          <duration>4.221</duration>
          <className>TestSessionDiscovery</className>
          <testName>TestCase05.test15</testName>
          <skipped>false</skipped>
          <failedSince>0</failedSince>
        </case>
        <case>
          <duration>13.562</duration>
          <className>TestSessionDiscovery</className>
          <testName>TestCase05.test16</testName>
          <skipped>false</skipped>
          <failedSince>0</failedSince>
        </case>
        <case>
          <duration>0.082</duration>
          <className>TestSessionDiscovery</className>
          <testName>TestCase05.test17</testName>
          <skipped>false</skipped>
          <failedSince>0</failedSince>
        </case>
        <case>
          <duration>10.013</duration>
          <className>TestSessionDiscovery</className>
          <testName>TestCase05.test18</testName>
          <skipped>false</skipped>
          <failedSince>0</failedSince>
        </case>
        <case>
          <duration>0.206</duration>
          <className>TestSessionDiscovery</className>
          <testName>TestCase05.test19</testName>
          <skipped>false</skipped>
          <failedSince>0</failedSince>
        </case>
        <case>
          <duration>98.904</duration>
          <className>TestSessionDiscovery</className>
          <testName>TestCase13.test01</testName>
          <skipped>false</skipped>
          <failedSince>0</failedSince>
        </case>
        <case>
          <duration>11.325</duration>
          <className>TestSessionDiscovery</className>
          <testName>TestCase13.test02</testName>
          <skipped>false</skipped>
          <failedSince>0</failedSince>
        </case>
        <case>
          <duration>119.821</duration>
          <className>TestSessionDiscovery</className>
          <testName>TestCase13.test03</testName>
          <skipped>false</skipped>
          <failedSince>0</failedSince>
        </case>
        <case>
          <duration>456.745</duration>
          <className>TestSessionDiscovery</className>
          <testName>TestCase13.test04</testName>
          <skipped>false</skipped>
          <failedSince>0</failedSince>
        </case>
        <case>
          <duration>30.367</duration>
          <className>TestSessionDiscovery</className>
          <testName>TestCase13.test05</testName>
          <skipped>false</skipped>
          <failedSince>0</failedSince>
        </case>
        <case>
          <duration>5.158</duration>
          <className>TestSessionDiscovery</className>
          <testName>TestCase13.test06</testName>
          <skipped>false</skipped>
          <failedSince>0</failedSince>
        </case>
        <case>
          <duration>8.881</duration>
          <className>TestSessionDiscovery</className>
          <testName>TestCase13.test07</testName>
          <skipped>false</skipped>
          <failedSince>0</failedSince>
        </case>
      </cases>
    </suite>
    <suite>
      <file>/home/jenkins/workspace/Backend/CNE/test-results/TEST-cli-TestProtocolDiscovery.xml</file>
      <name>cli.TestProtocolDiscovery</name>
      <stdout>.....
TestCase07.test99: Remove dummy decoder created for the tests
.</stdout>
      <stderr></stderr>
      <duration>7196.2734</duration>
      <timestamp>2019-10-31T08:31:24.020784</timestamp>
      <time>147.219</time>
      <enclosingBlocks/>
      <enclosingBlockNames/>
      <cases>
        <case>
          <duration>84.775</duration>
          <className>TestProtocolDiscovery</className>
          <testName>TestCase07.test01</testName>
          <skipped>false</skipped>
          <failedSince>0</failedSince>
        </case>
        <case>
          <duration>5.0</duration>
          <className>TestProtocolDiscovery</className>
          <testName>TestCase07.test02</testName>
          <skipped>false</skipped>
          <failedSince>0</failedSince>
        </case>
        <case>
          <duration>6.731</duration>
          <className>TestProtocolDiscovery</className>
          <testName>TestCase07.test03</testName>
          <skipped>false</skipped>
          <failedSince>0</failedSince>
        </case>
        <case>
          <duration>10.701</duration>
          <className>TestProtocolDiscovery</className>
          <testName>TestCase07.test04</testName>
          <skipped>false</skipped>
          <failedSince>0</failedSince>
        </case>
        <case>
          <duration>7.007</duration>
          <className>TestProtocolDiscovery</className>
          <testName>TestCase07.test05</testName>
          <skipped>false</skipped>
          <failedSince>0</failedSince>
        </case>
        <case>
          <duration>33.004</duration>
          <className>TestProtocolDiscovery</className>
          <testName>TestCase07.test99</testName>
          <skipped>false</skipped>
          <failedSince>0</failedSince>
        </case>
        <case>
          <duration>62.484</duration>
          <className>TestProtocolDiscovery</className>
          <testName>TestCase06.test00</testName>
          <skipped>false</skipped>
          <failedSince>0</failedSince>
        </case>
        <case>
          <duration>5.625</duration>
          <className>TestProtocolDiscovery</className>
          <testName>TestCase06.test01</testName>
          <skipped>false</skipped>
          <failedSince>0</failedSince>
        </case>
        <case>
          <duration>6.338</duration>
          <className>TestProtocolDiscovery</className>
          <testName>TestCase06.test02</testName>
          <skipped>false</skipped>
          <failedSince>0</failedSince>
        </case>
        <case>
          <duration>55.082</duration>
          <className>TestProtocolDiscovery</className>
          <testName>TestCase06.test03</testName>
          <skipped>false</skipped>
          <failedSince>0</failedSince>
        </case>
        <case>
          <duration>7.932</duration>
          <className>TestProtocolDiscovery</className>
          <testName>TestCase06.test04</testName>
          <skipped>false</skipped>
          <failedSince>0</failedSince>
        </case>
        <case>
          <duration>4.044</duration>
          <className>TestProtocolDiscovery</className>
          <testName>TestCase06.test05</testName>
          <skipped>false</skipped>
          <failedSince>0</failedSince>
        </case>
        <case>
          <duration>22.536</duration>
          <className>TestProtocolDiscovery</className>
          <testName>TestCase06.test06</testName>
          <skipped>false</skipped>
          <failedSince>0</failedSince>
        </case>
        <case>
          <duration>9.456</duration>
          <className>TestProtocolDiscovery</className>
          <testName>TestCase06.test07</testName>
          <skipped>false</skipped>
          <failedSince>0</failedSince>
        </case>
        <case>
          <duration>6.642</duration>
          <className>TestProtocolDiscovery</className>
          <testName>TestCase06.test08</testName>
          <skipped>false</skipped>
          <failedSince>0</failedSince>
        </case>
        <case>
          <duration>153.905</duration>
          <className>TestProtocolDiscovery</className>
          <testName>TestCase06.test09</testName>
          <skipped>false</skipped>
          <failedSince>0</failedSince>
        </case>
        <case>
          <duration>6.337</duration>
          <className>TestProtocolDiscovery</className>
          <testName>TestCase06.test10</testName>
          <skipped>false</skipped>
          <failedSince>0</failedSince>
        </case>
        <case>
          <duration>17.592</duration>
          <className>TestProtocolDiscovery</className>
          <testName>TestCase06.test11</testName>
          <skipped>false</skipped>
          <failedSince>0</failedSince>
        </case>
        <case>
          <duration>6.778</duration>
          <className>TestProtocolDiscovery</className>
          <testName>TestCase06.test12</testName>
          <skipped>false</skipped>
          <failedSince>0</failedSince>
        </case>
        <case>
          <duration>14.005</duration>
          <className>TestProtocolDiscovery</className>
          <testName>TestCase06.test13</testName>
          <skipped>false</skipped>
          <failedSince>0</failedSince>
        </case>
        <case>
          <duration>7.401</duration>
          <className>TestProtocolDiscovery</className>
          <testName>TestCase06.test14</testName>
          <skipped>false</skipped>
          <failedSince>0</failedSince>
        </case>
        <case>
          <duration>20.818</duration>
          <className>TestProtocolDiscovery</className>
          <testName>TestCase06.test15</testName>
          <skipped>false</skipped>
          <failedSince>0</failedSince>
        </case>
        <case>
          <duration>0.051</duration>
          <className>TestProtocolDiscovery</className>
          <testName>TestCase06.test16</testName>
          <skipped>false</skipped>
          <failedSince>0</failedSince>
        </case>
        <case>
          <duration>23.547</duration>
          <className>TestProtocolDiscovery</className>
          <testName>TestCase06.test17</testName>
          <skipped>false</skipped>
          <failedSince>0</failedSince>
        </case>
        <case>
          <duration>4.375</duration>
          <className>TestProtocolDiscovery</className>
          <testName>TestCase06.test18</testName>
          <skipped>false</skipped>
          <failedSince>0</failedSince>
        </case>
        <case>
          <duration>41.239</duration>
          <className>TestProtocolDiscovery</className>
          <testName>TestCase06.test19</testName>
          <skipped>false</skipped>
          <failedSince>0</failedSince>
        </case>
        <case>
          <duration>6.888</duration>
          <className>TestProtocolDiscovery</className>
          <testName>TestCase06.test20</testName>
          <skipped>false</skipped>
          <failedSince>0</failedSince>
        </case>
        <case>
          <duration>0.03</duration>
          <className>TestProtocolDiscovery</className>
          <testName>TestCase06.test21</testName>
          <skipped>false</skipped>
          <failedSince>0</failedSince>
        </case>
        <case>
          <duration>38.199</duration>
          <className>TestProtocolDiscovery</className>
          <testName>TestCase06.test22</testName>
          <skipped>false</skipped>
          <failedSince>0</failedSince>
        </case>
        <case>
          <duration>0.0</duration>
          <className>TestProtocolDiscovery</className>
          <testName>TestCase06.test23</testName>
          <skipped>false</skipped>
          <failedSince>0</failedSince>
        </case>
        <case>
          <duration>27.261</duration>
          <className>TestProtocolDiscovery</className>
          <testName>TestCase06.test99</testName>
          <skipped>false</skipped>
          <failedSince>0</failedSince>
        </case>
        <case>
          <duration>45.114</duration>
          <className>TestProtocolDiscovery</className>
          <testName>TestCase01.test01</testName>
          <skipped>false</skipped>
          <failedSince>0</failedSince>
        </case>
        <case>
          <duration>2.126</duration>
          <className>TestProtocolDiscovery</className>
          <testName>TestCase01.test02</testName>
          <skipped>false</skipped>
          <failedSince>0</failedSince>
        </case>
        <case>
          <duration>1.929</duration>
          <className>TestProtocolDiscovery</className>
          <testName>TestCase01.test03</testName>
          <skipped>false</skipped>
          <failedSince>0</failedSince>
        </case>
        <case>
          <duration>19.448</duration>
          <className>TestProtocolDiscovery</className>
          <testName>TestCase01.test04</testName>
          <skipped>false</skipped>
          <failedSince>0</failedSince>
        </case>
        <case>
          <duration>2.862</duration>
          <className>TestProtocolDiscovery</className>
          <testName>TestCase01.test05</testName>
          <skipped>false</skipped>
          <failedSince>0</failedSince>
        </case>
        <case>
          <duration>1.618</duration>
          <className>TestProtocolDiscovery</className>
          <testName>TestCase01.test06</testName>
          <skipped>false</skipped>
          <failedSince>0</failedSince>
        </case>
        <case>
          <duration>2.703</duration>
          <className>TestProtocolDiscovery</className>
          <testName>TestCase01.test07</testName>
          <skipped>false</skipped>
          <failedSince>0</failedSince>
        </case>
        <case>
          <duration>2.09</duration>
          <className>TestProtocolDiscovery</className>
          <testName>TestCase01.test08</testName>
          <skipped>false</skipped>
          <failedSince>0</failedSince>
        </case>
        <case>
          <duration>3.697</duration>
          <className>TestProtocolDiscovery</className>
          <testName>TestCase01.test09</testName>
          <skipped>false</skipped>
          <failedSince>0</failedSince>
        </case>
        <case>
          <duration>1.508</duration>
          <className>TestProtocolDiscovery</className>
          <testName>TestCase01.test10</testName>
          <skipped>false</skipped>
          <failedSince>0</failedSince>
        </case>
        <case>
          <duration>0.412</duration>
          <className>TestProtocolDiscovery</className>
          <testName>TestCase01.test11</testName>
          <skipped>false</skipped>
          <failedSince>0</failedSince>
        </case>
        <case>
          <duration>0.066</duration>
          <className>TestProtocolDiscovery</className>
          <testName>TestCase01.test12</testName>
          <skipped>false</skipped>
          <failedSince>0</failedSince>
        </case>
        <case>
          <duration>0.037</duration>
          <className>TestProtocolDiscovery</className>
          <testName>TestCase01.test13</testName>
          <skipped>false</skipped>
          <failedSince>0</failedSince>
        </case>
        <case>
          <duration>21.589</duration>
          <className>TestProtocolDiscovery</className>
          <testName>TestCase01.test14</testName>
          <skipped>false</skipped>
          <failedSince>0</failedSince>
        </case>
        <case>
          <duration>0.055</duration>
          <className>TestProtocolDiscovery</className>
          <testName>TestCase01.test15</testName>
          <skipped>false</skipped>
          <failedSince>0</failedSince>
        </case>
        <case>
          <duration>119.255</duration>
          <className>TestProtocolDiscovery</className>
          <testName>TestCase01.test16</testName>
          <skipped>false</skipped>
          <failedSince>0</failedSince>
        </case>
        <case>
          <duration>139.336</duration>
          <className>TestProtocolDiscovery</className>
          <testName>TestCase01.test17</testName>
          <skipped>false</skipped>
          <failedSince>0</failedSince>
        </case>
        <case>
          <duration>0.011</duration>
          <className>TestProtocolDiscovery</className>
          <testName>TestCase01.test18</testName>
          <skipped>false</skipped>
          <failedSince>0</failedSince>
        </case>
        <case>
          <duration>0.088</duration>
          <className>TestProtocolDiscovery</className>
          <testName>TestCase01.test19</testName>
          <skipped>false</skipped>
          <failedSince>0</failedSince>
        </case>
        <case>
          <duration>15.548</duration>
          <className>TestProtocolDiscovery</className>
          <testName>TestCase01.test20</testName>
          <skipped>false</skipped>
          <failedSince>0</failedSince>
        </case>
        <case>
          <duration>37.867</duration>
          <className>TestProtocolDiscovery</className>
          <testName>TestCase01.test21</testName>
          <skipped>false</skipped>
          <failedSince>0</failedSince>
        </case>
        <case>
          <duration>174.841</duration>
          <className>TestProtocolDiscovery</className>
          <testName>TestCase01.test22</testName>
          <skipped>false</skipped>
          <failedSince>0</failedSince>
        </case>
        <case>
          <duration>124.704</duration>
          <className>TestProtocolDiscovery</className>
          <testName>TestCase02.test01</testName>
          <skipped>false</skipped>
          <failedSince>0</failedSince>
        </case>
        <case>
          <duration>82.799</duration>
          <className>TestProtocolDiscovery</className>
          <testName>TestCase02.test02</testName>
          <skipped>false</skipped>
          <failedSince>0</failedSince>
        </case>
        <case>
          <duration>58.88</duration>
          <className>TestProtocolDiscovery</className>
          <testName>TestCase02.test03</testName>
          <skipped>false</skipped>
          <failedSince>0</failedSince>
        </case>
        <case>
          <duration>128.336</duration>
          <className>TestProtocolDiscovery</className>
          <testName>TestCase02.test04</testName>
          <skipped>false</skipped>
          <failedSince>0</failedSince>
        </case>
        <case>
          <duration>1.595</duration>
          <className>TestProtocolDiscovery</className>
          <testName>TestCase02.test05</testName>
          <skipped>false</skipped>
          <failedSince>0</failedSince>
        </case>
        <case>
          <duration>62.514</duration>
          <className>TestProtocolDiscovery</className>
          <testName>TestCase02.test06</testName>
          <skipped>false</skipped>
          <failedSince>0</failedSince>
        </case>
        <case>
          <duration>60.457</duration>
          <className>TestProtocolDiscovery</className>
          <testName>TestCase02.test07</testName>
          <skipped>false</skipped>
          <failedSince>0</failedSince>
        </case>
        <case>
          <duration>60.088</duration>
          <className>TestProtocolDiscovery</className>
          <testName>TestCase02.test08</testName>
          <skipped>false</skipped>
          <failedSince>0</failedSince>
        </case>
        <case>
          <duration>72.555</duration>
          <className>TestProtocolDiscovery</className>
          <testName>TestCase02.test09</testName>
          <skipped>false</skipped>
          <failedSince>0</failedSince>
        </case>
        <case>
          <duration>270.126</duration>
          <className>TestProtocolDiscovery</className>
          <testName>TestCase02.test10</testName>
          <skipped>false</skipped>
          <failedSince>0</failedSince>
        </case>
        <case>
          <duration>69.726</duration>
          <className>TestProtocolDiscovery</className>
          <testName>TestCase02.test11</testName>
          <skipped>false</skipped>
          <failedSince>0</failedSince>
        </case>
        <case>
          <duration>58.133</duration>
          <className>TestProtocolDiscovery</className>
          <testName>TestCase02.test12</testName>
          <skipped>false</skipped>
          <failedSince>0</failedSince>
        </case>
        <case>
          <duration>35.828</duration>
          <className>TestProtocolDiscovery</className>
          <testName>TestCase05.test01</testName>
          <skipped>false</skipped>
          <failedSince>0</failedSince>
        </case>
        <case>
          <duration>15.072</duration>
          <className>TestProtocolDiscovery</className>
          <testName>TestCase05.test02</testName>
          <skipped>false</skipped>
          <failedSince>0</failedSince>
        </case>
        <case>
          <duration>11.959</duration>
          <className>TestProtocolDiscovery</className>
          <testName>TestCase05.test03</testName>
          <skipped>false</skipped>
          <failedSince>0</failedSince>
        </case>
        <case>
          <duration>14.4</duration>
          <className>TestProtocolDiscovery</className>
          <testName>TestCase05.test04</testName>
          <skipped>false</skipped>
          <failedSince>0</failedSince>
        </case>
        <case>
          <duration>5.635</duration>
          <className>TestProtocolDiscovery</className>
          <testName>TestCase05.test05</testName>
          <skipped>false</skipped>
          <failedSince>0</failedSince>
        </case>
        <case>
          <duration>6.305</duration>
          <className>TestProtocolDiscovery</className>
          <testName>TestCase05.test06</testName>
          <skipped>false</skipped>
          <failedSince>0</failedSince>
        </case>
        <case>
          <duration>150.149</duration>
          <className>TestProtocolDiscovery</className>
          <testName>TestCase05.test07</testName>
          <skipped>false</skipped>
          <failedSince>0</failedSince>
        </case>
        <case>
          <duration>145.506</duration>
          <className>TestProtocolDiscovery</className>
          <testName>TestCase05.test08</testName>
          <skipped>false</skipped>
          <failedSince>0</failedSince>
        </case>
        <case>
          <duration>268.115</duration>
          <className>TestProtocolDiscovery</className>
          <testName>TestCase05.test09</testName>
          <skipped>false</skipped>
          <failedSince>0</failedSince>
        </case>
        <case>
          <duration>35.984</duration>
          <className>TestProtocolDiscovery</className>
          <testName>TestCase05.test10</testName>
          <skipped>false</skipped>
          <failedSince>0</failedSince>
        </case>
        <case>
          <duration>134.525</duration>
          <className>TestProtocolDiscovery</className>
          <testName>TestCase05.test11</testName>
          <skipped>false</skipped>
          <failedSince>0</failedSince>
        </case>
        <case>
          <duration>72.57</duration>
          <className>TestProtocolDiscovery</className>
          <testName>TestCase05.test12</testName>
          <skipped>false</skipped>
          <failedSince>0</failedSince>
        </case>
        <case>
          <duration>4.928</duration>
          <className>TestProtocolDiscovery</className>
          <testName>TestCase05.test13</testName>
          <skipped>false</skipped>
          <failedSince>0</failedSince>
        </case>
        <case>
          <duration>90.924</duration>
          <className>TestProtocolDiscovery</className>
          <testName>TestCase05.test14</testName>
          <skipped>false</skipped>
          <failedSince>0</failedSince>
        </case>
        <case>
          <duration>76.497</duration>
          <className>TestProtocolDiscovery</className>
          <testName>TestCase05.test15</testName>
          <skipped>false</skipped>
          <failedSince>0</failedSince>
        </case>
        <case>
          <duration>9.497</duration>
          <className>TestProtocolDiscovery</className>
          <testName>TestCase05.test16</testName>
          <skipped>false</skipped>
          <failedSince>0</failedSince>
        </case>
        <case>
          <duration>59.92</duration>
          <className>TestProtocolDiscovery</className>
          <testName>TestCase03.test01</testName>
          <skipped>false</skipped>
          <failedSince>0</failedSince>
        </case>
        <case>
          <duration>190.798</duration>
          <className>TestProtocolDiscovery</className>
          <testName>TestCase03.test02</testName>
          <skipped>false</skipped>
          <failedSince>0</failedSince>
        </case>
        <case>
          <duration>7.854</duration>
          <className>TestProtocolDiscovery</className>
          <testName>TestCase03.test03</testName>
          <skipped>false</skipped>
          <failedSince>0</failedSince>
        </case>
        <case>
          <duration>78.024</duration>
          <className>TestProtocolDiscovery</className>
          <testName>TestCase03.test04</testName>
          <skipped>false</skipped>
          <failedSince>0</failedSince>
        </case>
        <case>
          <duration>99.219</duration>
          <className>TestProtocolDiscovery</className>
          <testName>TestCase03.test05</testName>
          <skipped>false</skipped>
          <failedSince>0</failedSince>
        </case>
        <case>
          <duration>174.46</duration>
          <className>TestProtocolDiscovery</className>
          <testName>TestCase03.test06</testName>
          <skipped>false</skipped>
          <failedSince>0</failedSince>
        </case>
        <case>
          <duration>5.867</duration>
          <className>TestProtocolDiscovery</className>
          <testName>TestCase03.test07</testName>
          <skipped>false</skipped>
          <failedSince>0</failedSince>
        </case>
        <case>
          <duration>22.547</duration>
          <className>TestProtocolDiscovery</className>
          <testName>TestCase03.test08</testName>
          <skipped>false</skipped>
          <failedSince>0</failedSince>
        </case>
        <case>
          <duration>4.846</duration>
          <className>TestProtocolDiscovery</className>
          <testName>TestCase03.test09</testName>
          <skipped>false</skipped>
          <failedSince>0</failedSince>
        </case>
        <case>
          <duration>3.125</duration>
          <className>TestProtocolDiscovery</className>
          <testName>TestCase03.test10</testName>
          <skipped>false</skipped>
          <failedSince>0</failedSince>
        </case>
        <case>
          <duration>7.098</duration>
          <className>TestProtocolDiscovery</className>
          <testName>TestCase03.test11</testName>
          <skipped>false</skipped>
          <failedSince>0</failedSince>
        </case>
        <case>
          <duration>0.038</duration>
          <className>TestProtocolDiscovery</className>
          <testName>TestCase03.test12</testName>
          <skipped>false</skipped>
          <failedSince>0</failedSince>
        </case>
        <case>
          <duration>37.328</duration>
          <className>TestProtocolDiscovery</className>
          <testName>TestCase03.test13</testName>
          <skipped>false</skipped>
          <failedSince>0</failedSince>
        </case>
        <case>
          <duration>0.017</duration>
          <className>TestProtocolDiscovery</className>
          <testName>TestCase03.test14</testName>
          <skipped>false</skipped>
          <failedSince>0</failedSince>
        </case>
        <case>
          <duration>123.939</duration>
          <className>TestProtocolDiscovery</className>
          <testName>TestCase03.test15</testName>
          <skipped>false</skipped>
          <failedSince>0</failedSince>
        </case>
        <case>
          <duration>5.96</duration>
          <className>TestProtocolDiscovery</className>
          <testName>TestCase03.test16</testName>
          <skipped>false</skipped>
          <failedSince>0</failedSince>
        </case>
        <case>
          <duration>7.504</duration>
          <className>TestProtocolDiscovery</className>
          <testName>TestCase03.test17</testName>
          <skipped>false</skipped>
          <failedSince>0</failedSince>
        </case>
        <case>
          <duration>123.158</duration>
          <className>TestProtocolDiscovery</className>
          <testName>TestCase03.test18</testName>
          <skipped>false</skipped>
          <failedSince>0</failedSince>
        </case>
        <case>
          <duration>7.307</duration>
          <className>TestProtocolDiscovery</className>
          <testName>TestCase03.test19</testName>
          <skipped>false</skipped>
          <failedSince>0</failedSince>
        </case>
        <case>
          <duration>11.043</duration>
          <className>TestProtocolDiscovery</className>
          <testName>TestCase03.test20</testName>
          <skipped>false</skipped>
          <failedSince>0</failedSince>
        </case>
        <case>
          <duration>8.145</duration>
          <className>TestProtocolDiscovery</className>
          <testName>TestCase03.test21</testName>
          <skipped>false</skipped>
          <failedSince>0</failedSince>
        </case>
        <case>
          <duration>8.461</duration>
          <className>TestProtocolDiscovery</className>
          <testName>TestCase03.test22</testName>
          <skipped>false</skipped>
          <failedSince>0</failedSince>
        </case>
        <case>
          <duration>32.92</duration>
          <className>TestProtocolDiscovery</className>
          <testName>TestCase03.test23</testName>
          <skipped>false</skipped>
          <failedSince>0</failedSince>
        </case>
        <case>
          <duration>9.181</duration>
          <className>TestProtocolDiscovery</className>
          <testName>TestCase03.test24</testName>
          <skipped>false</skipped>
          <failedSince>0</failedSince>
        </case>
        <case>
          <duration>10.764</duration>
          <className>TestProtocolDiscovery</className>
          <testName>TestCase03.test25</testName>
          <skipped>false</skipped>
          <failedSince>0</failedSince>
        </case>
        <case>
          <duration>9.199</duration>
          <className>TestProtocolDiscovery</className>
          <testName>TestCase03.test26</testName>
          <skipped>false</skipped>
          <failedSince>0</failedSince>
        </case>
        <case>
          <duration>93.429</duration>
          <className>TestProtocolDiscovery</className>
          <testName>TestCase03.test27</testName>
          <skipped>false</skipped>
          <failedSince>0</failedSince>
        </case>
        <case>
          <duration>11.283</duration>
          <className>TestProtocolDiscovery</className>
          <testName>TestCase03.test28</testName>
          <skipped>false</skipped>
          <failedSince>0</failedSince>
        </case>
        <case>
          <duration>13.21</duration>
          <className>TestProtocolDiscovery</className>
          <testName>TestCase03.test29</testName>
          <skipped>false</skipped>
          <failedSince>0</failedSince>
        </case>
        <case>
          <duration>10.862</duration>
          <className>TestProtocolDiscovery</className>
          <testName>TestCase03.test30</testName>
          <skipped>false</skipped>
          <failedSince>0</failedSince>
        </case>
        <case>
          <duration>9.134</duration>
          <className>TestProtocolDiscovery</className>
          <testName>TestCase03.test31</testName>
          <skipped>false</skipped>
          <failedSince>0</failedSince>
        </case>
        <case>
          <duration>122.601</duration>
          <className>TestProtocolDiscovery</className>
          <testName>TestCase03.test32</testName>
          <skipped>false</skipped>
          <failedSince>0</failedSince>
        </case>
        <case>
          <duration>95.977</duration>
          <className>TestProtocolDiscovery</className>
          <testName>TestCase03.test33</testName>
          <skipped>false</skipped>
          <failedSince>0</failedSince>
        </case>
        <case>
          <duration>11.305</duration>
          <className>TestProtocolDiscovery</className>
          <testName>TestCase03.test34</testName>
          <skipped>false</skipped>
          <failedSince>0</failedSince>
        </case>
        <case>
          <duration>0.161</duration>
          <className>TestProtocolDiscovery</className>
          <testName>TestCase03.test35</testName>
          <skipped>false</skipped>
          <failedSince>0</failedSince>
        </case>
        <case>
          <duration>30.996</duration>
          <className>TestProtocolDiscovery</className>
          <testName>TestCase03.test36</testName>
          <skipped>false</skipped>
          <failedSince>0</failedSince>
        </case>
        <case>
          <duration>88.956</duration>
          <className>TestProtocolDiscovery</className>
          <testName>TestCase03.test37</testName>
          <skipped>false</skipped>
          <failedSince>0</failedSince>
        </case>
        <case>
          <duration>96.839</duration>
          <className>TestProtocolDiscovery</className>
          <testName>TestCase03.test38</testName>
          <skipped>false</skipped>
          <failedSince>0</failedSince>
        </case>
        <case>
          <duration>59.596</duration>
          <className>TestProtocolDiscovery</className>
          <testName>TestCase03.test39</testName>
          <skipped>false</skipped>
          <failedSince>0</failedSince>
        </case>
        <case>
          <duration>70.462</duration>
          <className>TestProtocolDiscovery</className>
          <testName>TestCase03.test40</testName>
          <skipped>false</skipped>
          <failedSince>0</failedSince>
        </case>
        <case>
          <duration>57.394</duration>
          <className>TestProtocolDiscovery</className>
          <testName>TestCase03.test41</testName>
          <skipped>false</skipped>
          <failedSince>0</failedSince>
        </case>
        <case>
          <duration>13.056</duration>
          <className>TestProtocolDiscovery</className>
          <testName>TestCase03.test42</testName>
          <skipped>false</skipped>
          <failedSince>0</failedSince>
        </case>
        <case>
          <duration>40.598</duration>
          <className>TestProtocolDiscovery</className>
          <testName>TestCase04.test01</testName>
          <skipped>false</skipped>
          <failedSince>0</failedSince>
        </case>
        <case>
          <duration>158.032</duration>
          <className>TestProtocolDiscovery</className>
          <testName>TestCase04.test02</testName>
          <skipped>false</skipped>
          <failedSince>0</failedSince>
        </case>
        <case>
          <duration>7.374</duration>
          <className>TestProtocolDiscovery</className>
          <testName>TestCase04.test03</testName>
          <skipped>false</skipped>
          <failedSince>0</failedSince>
        </case>
        <case>
          <duration>63.198</duration>
          <className>TestProtocolDiscovery</className>
          <testName>TestCase04.test04</testName>
          <skipped>false</skipped>
          <failedSince>0</failedSince>
        </case>
        <case>
          <duration>11.016</duration>
          <className>TestProtocolDiscovery</className>
          <testName>TestCase04.test05</testName>
          <skipped>false</skipped>
          <failedSince>0</failedSince>
        </case>
        <case>
          <duration>37.04</duration>
          <className>TestProtocolDiscovery</className>
          <testName>TestCase04.test06</testName>
          <skipped>false</skipped>
          <failedSince>0</failedSince>
        </case>
        <case>
          <duration>8.963</duration>
          <className>TestProtocolDiscovery</className>
          <testName>TestCase04.test07</testName>
          <skipped>false</skipped>
          <failedSince>0</failedSince>
        </case>
        <case>
          <duration>12.474</duration>
          <className>TestProtocolDiscovery</className>
          <testName>TestCase04.test08</testName>
          <skipped>false</skipped>
          <failedSince>0</failedSince>
        </case>
        <case>
          <duration>81.867</duration>
          <className>TestProtocolDiscovery</className>
          <testName>TestCase04.test09</testName>
          <skipped>false</skipped>
          <failedSince>0</failedSince>
        </case>
        <case>
          <duration>11.589</duration>
          <className>TestProtocolDiscovery</className>
          <testName>TestCase04.test10</testName>
          <skipped>false</skipped>
          <failedSince>0</failedSince>
        </case>
        <case>
          <duration>21.556</duration>
          <className>TestProtocolDiscovery</className>
          <testName>TestCase04.test11</testName>
          <skipped>false</skipped>
          <failedSince>0</failedSince>
        </case>
        <case>
          <duration>4.018</duration>
          <className>TestProtocolDiscovery</className>
          <testName>TestCase04.test12</testName>
          <skipped>false</skipped>
          <failedSince>0</failedSince>
        </case>
        <case>
          <duration>115.452</duration>
          <className>TestProtocolDiscovery</className>
          <testName>TestCase04.test13</testName>
          <skipped>false</skipped>
          <failedSince>0</failedSince>
        </case>
        <case>
          <duration>7.702</duration>
          <className>TestProtocolDiscovery</className>
          <testName>TestCase04.test14</testName>
          <skipped>false</skipped>
          <failedSince>0</failedSince>
        </case>
        <case>
          <duration>5.079</duration>
          <className>TestProtocolDiscovery</className>
          <testName>TestCase04.test15</testName>
          <skipped>false</skipped>
          <failedSince>0</failedSince>
        </case>
        <case>
          <duration>10.467</duration>
          <className>TestProtocolDiscovery</className>
          <testName>TestCase04.test16</testName>
          <skipped>false</skipped>
          <failedSince>0</failedSince>
        </case>
        <case>
          <duration>6.642</duration>
          <className>TestProtocolDiscovery</className>
          <testName>TestCase04.test17</testName>
          <skipped>false</skipped>
          <failedSince>0</failedSince>
        </case>
        <case>
          <duration>0.078</duration>
          <className>TestProtocolDiscovery</className>
          <testName>TestCase04.test18</testName>
          <skipped>false</skipped>
          <failedSince>0</failedSince>
        </case>
        <case>
          <duration>9.374</duration>
          <className>TestProtocolDiscovery</className>
          <testName>TestCase04.test19</testName>
          <skipped>false</skipped>
          <failedSince>0</failedSince>
        </case>
        <case>
          <duration>58.406</duration>
          <className>TestProtocolDiscovery</className>
          <testName>TestCase04.test20</testName>
          <skipped>false</skipped>
          <failedSince>0</failedSince>
        </case>
        <case>
          <duration>131.109</duration>
          <className>TestProtocolDiscovery</className>
          <testName>TestCase04.test21</testName>
          <skipped>false</skipped>
          <failedSince>0</failedSince>
        </case>
        <case>
          <duration>146.559</duration>
          <className>TestProtocolDiscovery</className>
          <testName>TestCase04.test22</testName>
          <skipped>false</skipped>
          <failedSince>0</failedSince>
        </case>
        <case>
          <duration>100.247</duration>
          <className>TestProtocolDiscovery</className>
          <testName>TestCase04.test23</testName>
          <skipped>false</skipped>
          <failedSince>0</failedSince>
        </case>
        <case>
          <duration>72.097</duration>
          <className>TestProtocolDiscovery</className>
          <testName>TestCase04.test24</testName>
          <skipped>false</skipped>
          <failedSince>0</failedSince>
        </case>
        <case>
          <duration>22.561</duration>
          <className>TestProtocolDiscovery</className>
          <testName>TestCase04.test25</testName>
          <skipped>false</skipped>
          <failedSince>0</failedSince>
        </case>
        <case>
          <duration>20.473</duration>
          <className>TestProtocolDiscovery</className>
          <testName>TestCase04.test26</testName>
          <skipped>false</skipped>
          <failedSince>0</failedSince>
        </case>
        <case>
          <duration>94.579</duration>
          <className>TestProtocolDiscovery</className>
          <testName>TestCase04.test27</testName>
          <skipped>false</skipped>
          <failedSince>0</failedSince>
        </case>
        <case>
          <duration>76.809</duration>
          <className>TestProtocolDiscovery</className>
          <testName>TestCase04.test28</testName>
          <skipped>false</skipped>
          <failedSince>0</failedSince>
        </case>
        <case>
          <duration>85.417</duration>
          <className>TestProtocolDiscovery</className>
          <testName>TestCase04.test29</testName>
          <skipped>false</skipped>
          <failedSince>0</failedSince>
        </case>
        <case>
          <duration>71.784</duration>
          <className>TestProtocolDiscovery</className>
          <testName>TestCase04.test30</testName>
          <skipped>false</skipped>
          <failedSince>0</failedSince>
        </case>
        <case>
          <duration>77.654</duration>
          <className>TestProtocolDiscovery</className>
          <testName>TestCase04.test31</testName>
          <skipped>false</skipped>
          <failedSince>0</failedSince>
        </case>
        <case>
          <duration>71.268</duration>
          <className>TestProtocolDiscovery</className>
          <testName>TestCase04.test32</testName>
          <skipped>false</skipped>
          <failedSince>0</failedSince>
        </case>
        <case>
          <duration>305.007</duration>
          <className>TestProtocolDiscovery</className>
          <testName>TestCase04.test33</testName>
          <skipped>false</skipped>
          <failedSince>0</failedSince>
        </case>
      </cases>
    </suite>
    <suite>
      <file>/home/jenkins/workspace/Backend/CNE@3/test-results/TEST-cli-TestTraffic.xml</file>
      <name>cli.TestTraffic</name>
      <stdout>TestCase04.test01: Check save-decode-failures and show decode-failures output with no encapsulation and VLAN encapsulation
Mode = normal
Mode = vlan
..</stdout>
      <stderr></stderr>
      <duration>2804.4648</duration>
      <timestamp>2019-10-31T08:33:58.229486</timestamp>
      <time>31.453</time>
      <enclosingBlocks/>
      <enclosingBlockNames/>
      <cases>
        <case>
          <duration>24.494</duration>
          <className>TestTraffic</className>
          <testName>TestCase04.test01</testName>
          <skipped>false</skipped>
          <failedSince>0</failedSince>
        </case>
        <case>
          <duration>6.959</duration>
          <className>TestTraffic</className>
          <testName>TestCase04.test02</testName>
          <skipped>false</skipped>
          <failedSince>0</failedSince>
        </case>
        <case>
          <duration>63.679</duration>
          <className>TestTraffic</className>
          <testName>TestCase02.test01</testName>
          <skipped>false</skipped>
          <failedSince>0</failedSince>
        </case>
        <case>
          <duration>53.554</duration>
          <className>TestTraffic</className>
          <testName>TestCase02.test02</testName>
          <skipped>false</skipped>
          <failedSince>0</failedSince>
        </case>
        <case>
          <duration>0.0</duration>
          <className>TestTraffic</className>
          <testName>TestCase02.test03</testName>
          <skipped>false</skipped>
          <failedSince>0</failedSince>
        </case>
        <case>
          <duration>6.916</duration>
          <className>TestTraffic</className>
          <testName>TestCase02.test04</testName>
          <skipped>false</skipped>
          <failedSince>0</failedSince>
        </case>
        <case>
          <duration>101.559</duration>
          <className>TestTraffic</className>
          <testName>TestCase06.test01</testName>
          <skipped>false</skipped>
          <failedSince>0</failedSince>
        </case>
        <case>
          <duration>79.048</duration>
          <className>TestTraffic</className>
          <testName>TestCase06.test02</testName>
          <skipped>false</skipped>
          <failedSince>0</failedSince>
        </case>
        <case>
          <duration>148.251</duration>
          <className>TestTraffic</className>
          <testName>TestCase09.test01_direction_set_by_synack</testName>
          <skipped>false</skipped>
          <failedSince>0</failedSince>
        </case>
        <case>
          <duration>50.415</duration>
          <className>TestTraffic</className>
          <testName>TestCase05.test01</testName>
          <skipped>false</skipped>
          <failedSince>0</failedSince>
        </case>
        <case>
          <duration>36.187</duration>
          <className>TestTraffic</className>
          <testName>TestCase05.test02</testName>
          <skipped>false</skipped>
          <failedSince>0</failedSince>
        </case>
        <case>
          <duration>4.166</duration>
          <className>TestTraffic</className>
          <testName>TestCase05.test03</testName>
          <skipped>false</skipped>
          <failedSince>0</failedSince>
        </case>
        <case>
          <duration>8.043</duration>
          <className>TestTraffic</className>
          <testName>TestCase05.test04</testName>
          <skipped>false</skipped>
          <failedSince>0</failedSince>
        </case>
        <case>
          <duration>14.62</duration>
          <className>TestTraffic</className>
          <testName>TestCase05.test05</testName>
          <skipped>false</skipped>
          <failedSince>0</failedSince>
        </case>
        <case>
          <duration>27.412</duration>
          <className>TestTraffic</className>
          <testName>TestCase05.test06</testName>
          <skipped>false</skipped>
          <failedSince>0</failedSince>
        </case>
        <case>
          <duration>5.613</duration>
          <className>TestTraffic</className>
          <testName>TestCase05.test07</testName>
          <skipped>false</skipped>
          <failedSince>0</failedSince>
        </case>
        <case>
          <duration>10.517</duration>
          <className>TestTraffic</className>
          <testName>TestCase05.test08</testName>
          <skipped>false</skipped>
          <failedSince>0</failedSince>
        </case>
        <case>
          <duration>29.137</duration>
          <className>TestTraffic</className>
          <testName>TestCase07.test01</testName>
          <skipped>false</skipped>
          <failedSince>0</failedSince>
        </case>
        <case>
          <duration>2.503</duration>
          <className>TestTraffic</className>
          <testName>TestCase07.test02</testName>
          <skipped>false</skipped>
          <failedSince>0</failedSince>
        </case>
        <case>
          <duration>10.019</duration>
          <className>TestTraffic</className>
          <testName>TestCase07.test03</testName>
          <skipped>false</skipped>
          <failedSince>0</failedSince>
        </case>
        <case>
          <duration>4.324</duration>
          <className>TestTraffic</className>
          <testName>TestCase07.test04</testName>
          <skipped>false</skipped>
          <failedSince>0</failedSince>
        </case>
        <case>
          <duration>4.962</duration>
          <className>TestTraffic</className>
          <testName>TestCase07.test05</testName>
          <skipped>false</skipped>
          <failedSince>0</failedSince>
        </case>
        <case>
          <duration>20.806</duration>
          <className>TestTraffic</className>
          <testName>TestCase07.test06</testName>
          <skipped>false</skipped>
          <failedSince>0</failedSince>
        </case>
        <case>
          <duration>9.123</duration>
          <className>TestTraffic</className>
          <testName>TestCase07.test07</testName>
          <skipped>false</skipped>
          <failedSince>0</failedSince>
        </case>
        <case>
          <duration>39.425</duration>
          <className>TestTraffic</className>
          <testName>TestCase07.test08</testName>
          <skipped>false</skipped>
          <failedSince>0</failedSince>
        </case>
        <case>
          <duration>83.602</duration>
          <className>TestTraffic</className>
          <testName>TestCase07.test09</testName>
          <skipped>false</skipped>
          <failedSince>0</failedSince>
        </case>
        <case>
          <duration>60.038</duration>
          <className>TestTraffic</className>
          <testName>TestCase07.test10</testName>
          <skipped>false</skipped>
          <failedSince>0</failedSince>
        </case>
        <case>
          <duration>41.997</duration>
          <className>TestTraffic</className>
          <testName>TestCase07.test11</testName>
          <skipped>false</skipped>
          <failedSince>0</failedSince>
        </case>
        <case>
          <duration>59.024</duration>
          <className>TestTraffic</className>
          <testName>TestCase07.test12</testName>
          <skipped>false</skipped>
          <failedSince>0</failedSince>
        </case>
        <case>
          <duration>8.021</duration>
          <className>TestTraffic</className>
          <testName>TestCase07.test13</testName>
          <skipped>false</skipped>
          <failedSince>0</failedSince>
        </case>
        <case>
          <duration>21.945</duration>
          <className>TestTraffic</className>
          <testName>TestCase07.test14</testName>
          <skipped>false</skipped>
          <failedSince>0</failedSince>
        </case>
        <case>
          <duration>9.443</duration>
          <className>TestTraffic</className>
          <testName>TestCase07.test15</testName>
          <skipped>false</skipped>
          <failedSince>0</failedSince>
        </case>
        <case>
          <duration>8.168</duration>
          <className>TestTraffic</className>
          <testName>TestCase07.test16</testName>
          <skipped>false</skipped>
          <failedSince>0</failedSince>
        </case>
        <case>
          <duration>0.998</duration>
          <className>TestTraffic</className>
          <testName>TestCase07.test99</testName>
          <skipped>false</skipped>
          <failedSince>0</failedSince>
        </case>
        <case>
          <duration>22.507</duration>
          <className>TestTraffic</className>
          <testName>TestCase03.test01</testName>
          <skipped>false</skipped>
          <failedSince>0</failedSince>
        </case>
        <case>
          <duration>7.525</duration>
          <className>TestTraffic</className>
          <testName>TestCase03.test02</testName>
          <skipped>false</skipped>
          <failedSince>0</failedSince>
        </case>
        <case>
          <duration>5.461</duration>
          <className>TestTraffic</className>
          <testName>TestCase03.test03</testName>
          <skipped>false</skipped>
          <failedSince>0</failedSince>
        </case>
        <case>
          <duration>8.242</duration>
          <className>TestTraffic</className>
          <testName>TestCase03.test04</testName>
          <skipped>false</skipped>
          <failedSince>0</failedSince>
        </case>
        <case>
          <duration>5.392</duration>
          <className>TestTraffic</className>
          <testName>TestCase03.test05</testName>
          <skipped>false</skipped>
          <failedSince>0</failedSince>
        </case>
        <case>
          <duration>7.328</duration>
          <className>TestTraffic</className>
          <testName>TestCase03.test06</testName>
          <skipped>false</skipped>
          <failedSince>0</failedSince>
        </case>
        <case>
          <duration>39.609</duration>
          <className>TestTraffic</className>
          <testName>TestCase03.test07</testName>
          <skipped>false</skipped>
          <failedSince>0</failedSince>
        </case>
        <case>
          <duration>9.928</duration>
          <className>TestTraffic</className>
          <testName>TestCase03.test08</testName>
          <skipped>false</skipped>
          <failedSince>0</failedSince>
        </case>
        <case>
          <duration>3.918</duration>
          <className>TestTraffic</className>
          <testName>TestCase03.test09</testName>
          <skipped>false</skipped>
          <failedSince>0</failedSince>
        </case>
        <case>
          <duration>39.338</duration>
          <className>TestTraffic</className>
          <testName>TestCase03.test10</testName>
          <skipped>false</skipped>
          <failedSince>0</failedSince>
        </case>
        <case>
          <duration>37.403</duration>
          <className>TestTraffic</className>
          <testName>TestCase03.test11</testName>
          <skipped>false</skipped>
          <failedSince>0</failedSince>
        </case>
        <case>
          <duration>4.456</duration>
          <className>TestTraffic</className>
          <testName>TestCase03.test12</testName>
          <skipped>false</skipped>
          <failedSince>0</failedSince>
        </case>
        <case>
          <duration>4.149</duration>
          <className>TestTraffic</className>
          <testName>TestCase03.test13</testName>
          <skipped>false</skipped>
          <failedSince>0</failedSince>
        </case>
        <case>
          <duration>186.681</duration>
          <className>TestTraffic</className>
          <testName>TestCase03.test14</testName>
          <skipped>false</skipped>
          <failedSince>0</failedSince>
        </case>
        <case>
          <duration>127.395</duration>
          <className>TestTraffic</className>
          <testName>TestCase03.test15</testName>
          <skipped>false</skipped>
          <failedSince>0</failedSince>
        </case>
        <case>
          <duration>35.823</duration>
          <className>TestTraffic</className>
          <testName>TestCase03.test16</testName>
          <skipped>false</skipped>
          <failedSince>0</failedSince>
        </case>
        <case>
          <duration>34.048</duration>
          <className>TestTraffic</className>
          <testName>TestCase03.test17</testName>
          <skipped>false</skipped>
          <failedSince>0</failedSince>
        </case>
        <case>
          <duration>24.216</duration>
          <className>TestTraffic</className>
          <testName>TestCase03.test99</testName>
          <skipped>false</skipped>
          <failedSince>0</failedSince>
        </case>
        <case>
          <duration>47.07</duration>
          <className>TestTraffic</className>
          <testName>TestCase08.test01</testName>
          <skipped>false</skipped>
          <failedSince>0</failedSince>
        </case>
        <case>
          <duration>188.597</duration>
          <className>TestTraffic</className>
          <testName>TestCase08.test02</testName>
          <skipped>false</skipped>
          <failedSince>0</failedSince>
        </case>
        <case>
          <duration>152.876</duration>
          <className>TestTraffic</className>
          <testName>TestCase08.test03</testName>
          <skipped>false</skipped>
          <failedSince>0</failedSince>
        </case>
        <case>
          <duration>27.722</duration>
          <className>TestTraffic</className>
          <testName>TestCase01.test01</testName>
          <skipped>false</skipped>
          <failedSince>0</failedSince>
        </case>
        <case>
          <duration>3.154</duration>
          <className>TestTraffic</className>
          <testName>TestCase01.test02</testName>
          <skipped>false</skipped>
          <failedSince>0</failedSince>
        </case>
        <case>
          <duration>14.475</duration>
          <className>TestTraffic</className>
          <testName>TestCase01.test03</testName>
          <skipped>false</skipped>
          <failedSince>0</failedSince>
        </case>
        <case>
          <duration>14.523</duration>
          <className>TestTraffic</className>
          <testName>TestCase01.test04</testName>
          <skipped>false</skipped>
          <failedSince>0</failedSince>
        </case>
        <case>
          <duration>4.028</duration>
          <className>TestTraffic</className>
          <testName>TestCase01.test05</testName>
          <skipped>false</skipped>
          <failedSince>0</failedSince>
        </case>
        <case>
          <duration>5.479</duration>
          <className>TestTraffic</className>
          <testName>TestCase01.test06</testName>
          <skipped>false</skipped>
          <failedSince>0</failedSince>
        </case>
        <case>
          <duration>59.571</duration>
          <className>TestTraffic</className>
          <testName>TestCase01.test07</testName>
          <skipped>false</skipped>
          <failedSince>0</failedSince>
        </case>
        <case>
          <duration>6.546</duration>
          <className>TestTraffic</className>
          <testName>TestCase01.test08</testName>
          <skipped>false</skipped>
          <failedSince>0</failedSince>
        </case>
        <case>
          <duration>3.159</duration>
          <className>TestTraffic</className>
          <testName>TestCase01.test09</testName>
          <skipped>false</skipped>
          <failedSince>0</failedSince>
        </case>
        <case>
          <duration>4.355</duration>
          <className>TestTraffic</className>
          <testName>TestCase01.test10</testName>
          <skipped>false</skipped>
          <failedSince>0</failedSince>
        </case>
        <case>
          <duration>11.515</duration>
          <className>TestTraffic</className>
          <testName>TestCase01.test11</testName>
          <skipped>false</skipped>
          <failedSince>0</failedSince>
        </case>
        <case>
          <duration>11.565</duration>
          <className>TestTraffic</className>
          <testName>TestCase01.test12</testName>
          <skipped>false</skipped>
          <failedSince>0</failedSince>
        </case>
        <case>
          <duration>4.435</duration>
          <className>TestTraffic</className>
          <testName>TestCase01.test13</testName>
          <skipped>false</skipped>
          <failedSince>0</failedSince>
        </case>
        <case>
          <duration>6.04</duration>
          <className>TestTraffic</className>
          <testName>TestCase01.test14</testName>
          <skipped>false</skipped>
          <failedSince>0</failedSince>
        </case>
        <case>
          <duration>0.002</duration>
          <className>TestTraffic</className>
          <testName>TestCase01.test15</testName>
          <skipped>false</skipped>
          <failedSince>0</failedSince>
        </case>
        <case>
          <duration>6.491</duration>
          <className>TestTraffic</className>
          <testName>TestCase01.test16</testName>
          <skipped>false</skipped>
          <failedSince>0</failedSince>
        </case>
        <case>
          <duration>17.724</duration>
          <className>TestTraffic</className>
          <testName>TestCase01.test17</testName>
          <skipped>false</skipped>
          <failedSince>0</failedSince>
        </case>
        <case>
          <duration>5.429</duration>
          <className>TestTraffic</className>
          <testName>TestCase01.test18</testName>
          <skipped>false</skipped>
          <failedSince>0</failedSince>
        </case>
        <case>
          <duration>45.15</duration>
          <className>TestTraffic</className>
          <testName>TestCase01.test19</testName>
          <skipped>false</skipped>
          <failedSince>0</failedSince>
        </case>
        <case>
          <duration>0.051</duration>
          <className>TestTraffic</className>
          <testName>TestCase01.test20</testName>
          <skipped>false</skipped>
          <errorStackTrace>Traceback (most recent call last):
  File &quot;/components/cna/host/src/probed/test/cli/TestTraffic.py&quot;, line 1420, in test20
    oldLogEvents = getPerfEventLogEvents()
  File &quot;/components/cna/host/src/probed/test/cli/TestTraffic.py&quot;, line 1402, in getPerfEventLogEvents
    probe.assertEquals([], [x for x in res if &quot; :: &quot; not in x])
  File &quot;/components/probed/test/testcases/probe.py&quot;, line 4430, in assertEquals
    expected))
AssertionError: assert failed: `[]&apos; != expected `[&apos;grep: /data/log/perfeventlog: No such file or directory&apos;]&apos;
</errorStackTrace>
          <failedSince>4361</failedSince>
        </case>
        <case>
          <duration>3.39</duration>
          <className>TestTraffic</className>
          <testName>TestCase01.test21</testName>
          <skipped>false</skipped>
          <failedSince>0</failedSince>
        </case>
        <case>
          <duration>0.0</duration>
          <className>TestTraffic</className>
          <testName>TestCase01.test22</testName>
          <skipped>false</skipped>
          <failedSince>0</failedSince>
        </case>
        <case>
          <duration>0.0</duration>
          <className>TestTraffic</className>
          <testName>TestCase01.test23</testName>
          <skipped>false</skipped>
          <failedSince>0</failedSince>
        </case>
        <case>
          <duration>10.305</duration>
          <className>TestTraffic</className>
          <testName>TestCase01.test24</testName>
          <skipped>false</skipped>
          <failedSince>0</failedSince>
        </case>
        <case>
          <duration>65.537</duration>
          <className>TestTraffic</className>
          <testName>TestCase01.test25</testName>
          <skipped>false</skipped>
          <failedSince>0</failedSince>
        </case>
        <case>
          <duration>0.0</duration>
          <className>TestTraffic</className>
          <testName>TestCase01.test26</testName>
          <skipped>false</skipped>
          <failedSince>0</failedSince>
        </case>
        <case>
          <duration>18.397</duration>
          <className>TestTraffic</className>
          <testName>TestCase01.test27</testName>
          <skipped>false</skipped>
          <failedSince>0</failedSince>
        </case>
        <case>
          <duration>166.085</duration>
          <className>TestTraffic</className>
          <testName>TestCase01.test28</testName>
          <skipped>false</skipped>
          <failedSince>0</failedSince>
        </case>
        <case>
          <duration>5.367</duration>
          <className>TestTraffic</className>
          <testName>TestCase01.test29</testName>
          <skipped>false</skipped>
          <failedSince>0</failedSince>
        </case>
        <case>
          <duration>4.605</duration>
          <className>TestTraffic</className>
          <testName>TestCase01.test30</testName>
          <skipped>false</skipped>
          <failedSince>0</failedSince>
        </case>
        <case>
          <duration>6.201</duration>
          <className>TestTraffic</className>
          <testName>TestCase01.test31</testName>
          <skipped>false</skipped>
          <failedSince>0</failedSince>
        </case>
        <case>
          <duration>4.54</duration>
          <className>TestTraffic</className>
          <testName>TestCase01.test32</testName>
          <skipped>false</skipped>
          <failedSince>0</failedSince>
        </case>
        <case>
          <duration>13.278</duration>
          <className>TestTraffic</className>
          <testName>TestCase01.test33</testName>
          <skipped>false</skipped>
          <failedSince>0</failedSince>
        </case>
        <case>
          <duration>6.831</duration>
          <className>TestTraffic</className>
          <testName>TestCase01.test34</testName>
          <skipped>false</skipped>
          <failedSince>0</failedSince>
        </case>
        <case>
          <duration>8.487</duration>
          <className>TestTraffic</className>
          <testName>TestCase01.test35</testName>
          <skipped>false</skipped>
          <failedSince>0</failedSince>
        </case>
        <case>
          <duration>11.506</duration>
          <className>TestTraffic</className>
          <testName>TestCase01.test36</testName>
          <skipped>false</skipped>
          <failedSince>0</failedSince>
        </case>
        <case>
          <duration>50.695</duration>
          <className>TestTraffic</className>
          <testName>TestCase01.test37</testName>
          <skipped>false</skipped>
          <failedSince>0</failedSince>
        </case>
        <case>
          <duration>11.754</duration>
          <className>TestTraffic</className>
          <testName>TestCase01.test38</testName>
          <skipped>false</skipped>
          <failedSince>0</failedSince>
        </case>
        <case>
          <duration>0.018</duration>
          <className>TestTraffic</className>
          <testName>TestCase01.test39</testName>
          <skipped>false</skipped>
          <failedSince>0</failedSince>
        </case>
        <case>
          <duration>0.001</duration>
          <className>TestTraffic</className>
          <testName>TestCase01.test40</testName>
          <skipped>false</skipped>
          <failedSince>0</failedSince>
        </case>
        <case>
          <duration>18.162</duration>
          <className>TestTraffic</className>
          <testName>TestCase01.test41</testName>
          <skipped>false</skipped>
          <failedSince>0</failedSince>
        </case>
        <case>
          <duration>7.328</duration>
          <className>TestTraffic</className>
          <testName>TestCase01.test42</testName>
          <skipped>false</skipped>
          <failedSince>0</failedSince>
        </case>
        <case>
          <duration>0.0</duration>
          <className>TestTraffic</className>
          <testName>TestCase01.test43</testName>
          <skipped>false</skipped>
          <failedSince>0</failedSince>
        </case>
        <case>
          <duration>14.9</duration>
          <className>TestTraffic</className>
          <testName>TestCase01.test44</testName>
          <skipped>false</skipped>
          <failedSince>0</failedSince>
        </case>
        <case>
          <duration>78.721</duration>
          <className>TestTraffic</className>
          <testName>TestCase01.test45</testName>
          <skipped>false</skipped>
          <failedSince>0</failedSince>
        </case>
      </cases>
    </suite>
    <suite>
      <file>/home/jenkins/workspace/Backend/CNE@3/test-results/TEST-cli-TestMessageDecoders.xml</file>
      <name>cli.TestMessageDecoders</name>
      <stdout>.</stdout>
      <stderr></stderr>
      <duration>906.838</duration>
      <timestamp>2019-10-31T08:34:38.740336</timestamp>
      <time>16.194</time>
      <enclosingBlocks/>
      <enclosingBlockNames/>
      <cases>
        <case>
          <duration>16.194</duration>
          <className>TestMessageDecoders</className>
          <testName>TestCase49.test99</testName>
          <skipped>false</skipped>
          <failedSince>0</failedSince>
        </case>
        <case>
          <duration>17.607</duration>
          <className>TestMessageDecoders</className>
          <testName>TestCase55.test01</testName>
          <skipped>false</skipped>
          <failedSince>0</failedSince>
        </case>
        <case>
          <duration>28.802</duration>
          <className>TestMessageDecoders</className>
          <testName>TestCase57.test01</testName>
          <skipped>false</skipped>
          <failedSince>0</failedSince>
        </case>
        <case>
          <duration>18.795</duration>
          <className>TestMessageDecoders</className>
          <testName>TestCase52.test01</testName>
          <skipped>false</skipped>
          <failedSince>0</failedSince>
        </case>
        <case>
          <duration>2.556</duration>
          <className>TestMessageDecoders</className>
          <testName>TestCase52.test02</testName>
          <skipped>false</skipped>
          <failedSince>0</failedSince>
        </case>
        <case>
          <duration>0.883</duration>
          <className>TestMessageDecoders</className>
          <testName>TestCase52.test03</testName>
          <skipped>false</skipped>
          <failedSince>0</failedSince>
        </case>
        <case>
          <duration>36.606</duration>
          <className>TestMessageDecoders</className>
          <testName>TestCase54.test01</testName>
          <skipped>false</skipped>
          <failedSince>0</failedSince>
        </case>
        <case>
          <duration>71.876</duration>
          <className>TestMessageDecoders</className>
          <testName>TestCase51.test01</testName>
          <skipped>false</skipped>
          <failedSince>0</failedSince>
        </case>
        <case>
          <duration>0.004</duration>
          <className>TestMessageDecoders</className>
          <testName>TestCase51.test02</testName>
          <skipped>false</skipped>
          <failedSince>0</failedSince>
        </case>
        <case>
          <duration>46.896</duration>
          <className>TestMessageDecoders</className>
          <testName>TestCase01.test01</testName>
          <skipped>false</skipped>
          <failedSince>0</failedSince>
        </case>
        <case>
          <duration>0.113</duration>
          <className>TestMessageDecoders</className>
          <testName>TestCase01.test02</testName>
          <skipped>false</skipped>
          <failedSince>0</failedSince>
        </case>
        <case>
          <duration>13.48</duration>
          <className>TestMessageDecoders</className>
          <testName>TestCase01.test03</testName>
          <skipped>false</skipped>
          <failedSince>0</failedSince>
        </case>
        <case>
          <duration>0.092</duration>
          <className>TestMessageDecoders</className>
          <testName>TestCase01.test04</testName>
          <skipped>false</skipped>
          <failedSince>0</failedSince>
        </case>
        <case>
          <duration>0.0</duration>
          <className>TestMessageDecoders</className>
          <testName>TestCase48.test01</testName>
          <skipped>false</skipped>
          <failedSince>0</failedSince>
        </case>
        <case>
          <duration>0.0</duration>
          <className>TestMessageDecoders</className>
          <testName>TestCase48.test02</testName>
          <skipped>false</skipped>
          <failedSince>0</failedSince>
        </case>
        <case>
          <duration>0.0</duration>
          <className>TestMessageDecoders</className>
          <testName>TestCase48.test03</testName>
          <skipped>false</skipped>
          <failedSince>0</failedSince>
        </case>
        <case>
          <duration>80.773</duration>
          <className>TestMessageDecoders</className>
          <testName>TestCase48.test04</testName>
          <skipped>false</skipped>
          <failedSince>0</failedSince>
        </case>
        <case>
          <duration>253.991</duration>
          <className>TestMessageDecoders</className>
          <testName>TestCase56.test01</testName>
          <skipped>false</skipped>
          <errorStackTrace>Traceback (most recent call last):
  File &quot;/usr/python3.6/lib/python3.6/site-packages/pexpect/expect.py&quot;, line 111, in expect_loop
    incoming = spawn.read_nonblocking(spawn.maxread, timeout)
  File &quot;/usr/python3.6/lib/python3.6/site-packages/pexpect/pty_spawn.py&quot;, line 478, in read_nonblocking
    raise TIMEOUT(&apos;Timeout exceeded.&apos;)
pexpect.exceptions.TIMEOUT: Timeout exceeded.

During handling of the above exception, another exception occurred:

Traceback (most recent call last):
  File &quot;/components/cna/host/src/probed/test/cli/TestMessageDecoders.py&quot;, line 708, in tearDown
    self.rootShell.doProbeRestart(  )
  File &quot;/components/probed/test/testcases/probe.py&quot;, line 11280, in doProbeRestart
    self.run( &apos;/build/sandbox.d/init.probed.sh restart&apos;, timeout = 180 ).noError()
  File &quot;/components/probed/test/testcases/probe.py&quot;, line 2237, in run
    outputs = self.runList([cmds], timeout = timeout, expectedOutput=expectedOutput)
  File &quot;/components/probed/test/testcases/probe.py&quot;, line 739, in wrapper
    return func(*args, **kw)
  File &quot;/components/probed/test/testcases/probe.py&quot;, line 2275, in runList
    outputStr = self.finishRun(timeout = timeout, expectedOutput=expectedOutput)
  File &quot;/components/probed/test/testcases/probe.py&quot;, line 2316, in finishRun
    self.cli.expect(expected, timeout = timeout)
  File &quot;/components/probed/test/testcases/probe.py&quot;, line 1152, in expect
    return self.child.expect(pattern, timeout)
  File &quot;/usr/python3.6/lib/python3.6/site-packages/pexpect/spawnbase.py&quot;, line 341, in expect
    timeout, searchwindowsize, async_)
  File &quot;/usr/python3.6/lib/python3.6/site-packages/pexpect/spawnbase.py&quot;, line 369, in expect_list
    return exp.expect_loop(timeout)
  File &quot;/usr/python3.6/lib/python3.6/site-packages/pexpect/expect.py&quot;, line 119, in expect_loop
    return self.timeout(e)
  File &quot;/usr/python3.6/lib/python3.6/site-packages/pexpect/expect.py&quot;, line 82, in timeout
    raise TIMEOUT(msg)
pexpect.exceptions.TIMEOUT: Timeout exceeded.
&lt;pexpect.pty_spawn.spawn object at 0x7fe6c8fd7f28&gt;
command: /usr/bin/env
args: [&apos;/usr/bin/env&apos;, &apos;PS1=#&apos;, &apos;__PS1=#&apos;, &apos;bash&apos;, &apos;--norc&apos;]
buffer (last 400 chars): &apos;/build/sandbox.d/init.probed.sh restart\r\n&apos;
before (last 400 chars): &apos;/build/sandbox.d/init.probed.sh restart\r\n&apos;
after: &lt;class &apos;pexpect.exceptions.TIMEOUT&apos;&gt;
match: None
match_index: None
exitstatus: None
flag_eof: False
pid: 2337
child_fd: 12
closed: False
timeout: 100
delimiter: &lt;class &apos;pexpect.exceptions.EOF&apos;&gt;
logfile: &lt;_io.TextIOWrapper name=&apos;/tmp/testlogs/probe.cli.log&apos; mode=&apos;w&apos; encoding=&apos;utf-8&apos;&gt;
logfile_read: None
logfile_send: None
maxread: 2000
ignorecase: False
searchwindowsize: None
delaybeforesend: 0.001
delayafterclose: 0.1
delayafterterminate: 0.1
searcher: searcher_re:
    0: re.compile(&quot;cne\\(confi.*\\)[&apos;#&apos;] &quot;)
    1: re.compile(&apos;bye\\s+Connection to cne closed.&apos;)
    2: re.compile(&apos;recovery&gt;&apos;)
</errorStackTrace>
          <failedSince>4489</failedSince>
        </case>
        <case>
          <duration>318.169</duration>
          <className>TestMessageDecoders</className>
          <testName>TestCase53.test01</testName>
          <skipped>false</skipped>
          <errorStackTrace>Traceback (most recent call last):
  File &quot;/usr/python3.6/lib/python3.6/site-packages/pexpect/expect.py&quot;, line 111, in expect_loop
    incoming = spawn.read_nonblocking(spawn.maxread, timeout)
  File &quot;/usr/python3.6/lib/python3.6/site-packages/pexpect/pty_spawn.py&quot;, line 478, in read_nonblocking
    raise TIMEOUT(&apos;Timeout exceeded.&apos;)
pexpect.exceptions.TIMEOUT: Timeout exceeded.

During handling of the above exception, another exception occurred:

Traceback (most recent call last):
  File &quot;/components/cna/host/src/probed/test/cli/TestMessageDecoders.py&quot;, line 656, in test01
    self.deleteFakeDecoder()
  File &quot;/components/cna/host/src/probed/test/cli/TestMessageDecoders.py&quot;, line 547, in deleteFakeDecoder
    self.restartProbed(timeout = 300)
  File &quot;/components/cna/host/src/probed/test/cli/CliTestCase.py&quot;, line 454, in restartProbed
    self.rootShell.doProbeRestart(timeout = timeout)
  File &quot;/components/probed/test/testcases/probe.py&quot;, line 11280, in doProbeRestart
    self.run( &apos;/build/sandbox.d/init.probed.sh restart&apos;, timeout = 180 ).noError()
  File &quot;/components/probed/test/testcases/probe.py&quot;, line 2237, in run
    outputs = self.runList([cmds], timeout = timeout, expectedOutput=expectedOutput)
  File &quot;/components/probed/test/testcases/probe.py&quot;, line 739, in wrapper
    return func(*args, **kw)
  File &quot;/components/probed/test/testcases/probe.py&quot;, line 2275, in runList
    outputStr = self.finishRun(timeout = timeout, expectedOutput=expectedOutput)
  File &quot;/components/probed/test/testcases/probe.py&quot;, line 2316, in finishRun
    self.cli.expect(expected, timeout = timeout)
  File &quot;/components/probed/test/testcases/probe.py&quot;, line 1152, in expect
    return self.child.expect(pattern, timeout)
  File &quot;/usr/python3.6/lib/python3.6/site-packages/pexpect/spawnbase.py&quot;, line 341, in expect
    timeout, searchwindowsize, async_)
  File &quot;/usr/python3.6/lib/python3.6/site-packages/pexpect/spawnbase.py&quot;, line 369, in expect_list
    return exp.expect_loop(timeout)
  File &quot;/usr/python3.6/lib/python3.6/site-packages/pexpect/expect.py&quot;, line 119, in expect_loop
    return self.timeout(e)
  File &quot;/usr/python3.6/lib/python3.6/site-packages/pexpect/expect.py&quot;, line 82, in timeout
    raise TIMEOUT(msg)
pexpect.exceptions.TIMEOUT: Timeout exceeded.
&lt;pexpect.pty_spawn.spawn object at 0x7f5878e6f198&gt;
command: /usr/bin/env
args: [&apos;/usr/bin/env&apos;, &apos;PS1=#&apos;, &apos;__PS1=#&apos;, &apos;bash&apos;, &apos;--norc&apos;]
buffer (last 400 chars): &apos;/build/sandbox.d/init.probed.sh restart\r\n&apos;
before (last 400 chars): &apos;/build/sandbox.d/init.probed.sh restart\r\n&apos;
after: &lt;class &apos;pexpect.exceptions.TIMEOUT&apos;&gt;
match: None
match_index: None
exitstatus: None
flag_eof: False
pid: 2240
child_fd: 12
closed: False
timeout: 100
delimiter: &lt;class &apos;pexpect.exceptions.EOF&apos;&gt;
logfile: &lt;_io.TextIOWrapper name=&apos;/tmp/testlogs/probe.cli.log&apos; mode=&apos;w&apos; encoding=&apos;utf-8&apos;&gt;
logfile_read: None
logfile_send: None
maxread: 2000
ignorecase: False
searchwindowsize: None
delaybeforesend: 0.001
delayafterclose: 0.1
delayafterterminate: 0.1
searcher: searcher_re:
    0: re.compile(&quot;cne\\(confi.*\\)[&apos;#&apos;] &quot;)
    1: re.compile(&apos;bye\\s+Connection to cne closed.&apos;)
    2: re.compile(&apos;recovery&gt;&apos;)
</errorStackTrace>
          <failedSince>4488</failedSince>
        </case>
      </cases>
    </suite>
    <suite>
      <file>/home/jenkins/workspace/Backend/CNE@3/test-results/TEST-pnqm-TestMultihop.xml</file>
      <name>pnqm.TestMultihop</name>
      <stdout>TestCase05.test01: Test clock offset
Test test01 skipped in sandbox
.</stdout>
      <stderr></stderr>
      <duration>866.932</duration>
      <timestamp>2019-10-31T08:37:31.169719</timestamp>
      <time>0.000</time>
      <enclosingBlocks/>
      <enclosingBlockNames/>
      <cases>
        <case>
          <duration>0.0</duration>
          <className>TestMultihop</className>
          <testName>TestCase05.test01</testName>
          <skipped>false</skipped>
          <failedSince>0</failedSince>
        </case>
        <case>
          <duration>48.633</duration>
          <className>TestMultihop</className>
          <testName>TestCase06.test01</testName>
          <skipped>false</skipped>
          <failedSince>0</failedSince>
        </case>
        <case>
          <duration>59.298</duration>
          <className>TestMultihop</className>
          <testName>TestCase04.test01</testName>
          <skipped>false</skipped>
          <failedSince>0</failedSince>
        </case>
        <case>
          <duration>6.304</duration>
          <className>TestMultihop</className>
          <testName>TestCase04.test02</testName>
          <skipped>false</skipped>
          <failedSince>0</failedSince>
        </case>
        <case>
          <duration>6.085</duration>
          <className>TestMultihop</className>
          <testName>TestCase04.test03</testName>
          <skipped>false</skipped>
          <failedSince>0</failedSince>
        </case>
        <case>
          <duration>5.252</duration>
          <className>TestMultihop</className>
          <testName>TestCase04.test04</testName>
          <skipped>false</skipped>
          <failedSince>0</failedSince>
        </case>
        <case>
          <duration>69.355</duration>
          <className>TestMultihop</className>
          <testName>TestCase02.test01</testName>
          <skipped>false</skipped>
          <failedSince>0</failedSince>
        </case>
        <case>
          <duration>1.619</duration>
          <className>TestMultihop</className>
          <testName>TestCase02.test02</testName>
          <skipped>false</skipped>
          <failedSince>0</failedSince>
        </case>
        <case>
          <duration>19.776</duration>
          <className>TestMultihop</className>
          <testName>TestCase02.test03</testName>
          <skipped>false</skipped>
          <failedSince>0</failedSince>
        </case>
        <case>
          <duration>6.103</duration>
          <className>TestMultihop</className>
          <testName>TestCase02.test04</testName>
          <skipped>false</skipped>
          <failedSince>0</failedSince>
        </case>
        <case>
          <duration>2.043</duration>
          <className>TestMultihop</className>
          <testName>TestCase02.test11</testName>
          <skipped>false</skipped>
          <failedSince>0</failedSince>
        </case>
        <case>
          <duration>11.612</duration>
          <className>TestMultihop</className>
          <testName>TestCase02.test12</testName>
          <skipped>false</skipped>
          <failedSince>0</failedSince>
        </case>
        <case>
          <duration>1.393</duration>
          <className>TestMultihop</className>
          <testName>TestCase02.test13</testName>
          <skipped>false</skipped>
          <failedSince>0</failedSince>
        </case>
        <case>
          <duration>51.312</duration>
          <className>TestMultihop</className>
          <testName>TestCase01.test01</testName>
          <skipped>false</skipped>
          <failedSince>0</failedSince>
        </case>
        <case>
          <duration>37.273</duration>
          <className>TestMultihop</className>
          <testName>TestCase01.test02</testName>
          <skipped>false</skipped>
          <failedSince>0</failedSince>
        </case>
        <case>
          <duration>65.37</duration>
          <className>TestMultihop</className>
          <testName>TestCase01.test03</testName>
          <skipped>false</skipped>
          <failedSince>0</failedSince>
        </case>
        <case>
          <duration>171.354</duration>
          <className>TestMultihop</className>
          <testName>TestCase03.test01</testName>
          <skipped>false</skipped>
          <failedSince>0</failedSince>
        </case>
        <case>
          <duration>6.468</duration>
          <className>TestMultihop</className>
          <testName>TestCase03.test01_01_privsep</testName>
          <skipped>false</skipped>
          <failedSince>0</failedSince>
        </case>
        <case>
          <duration>0.092</duration>
          <className>TestMultihop</className>
          <testName>TestCase03.test01_02_privsep_off</testName>
          <skipped>false</skipped>
          <failedSince>0</failedSince>
        </case>
        <case>
          <duration>16.675</duration>
          <className>TestMultihop</className>
          <testName>TestCase03.test01_03_coverage_warning</testName>
          <skipped>false</skipped>
          <failedSince>0</failedSince>
        </case>
        <case>
          <duration>4.992</duration>
          <className>TestMultihop</className>
          <testName>TestCase03.test01_04_overall_latency</testName>
          <skipped>false</skipped>
          <failedSince>0</failedSince>
        </case>
        <case>
          <duration>5.565</duration>
          <className>TestMultihop</className>
          <testName>TestCase03.test01_05_overall_latency_from_start</testName>
          <skipped>false</skipped>
          <failedSince>0</failedSince>
        </case>
        <case>
          <duration>32.855</duration>
          <className>TestMultihop</className>
          <testName>TestCase03.test02</testName>
          <skipped>false</skipped>
          <failedSince>0</failedSince>
        </case>
        <case>
          <duration>15.639</duration>
          <className>TestMultihop</className>
          <testName>TestCase03.test02_bidir_without_reqresp</testName>
          <skipped>false</skipped>
          <failedSince>0</failedSince>
        </case>
        <case>
          <duration>24.754</duration>
          <className>TestMultihop</className>
          <testName>TestCase03.test02_CME_loss</testName>
          <skipped>false</skipped>
          <failedSince>0</failedSince>
        </case>
        <case>
          <duration>11.066</duration>
          <className>TestMultihop</className>
          <testName>TestCase03.test02_failed_backward_search</testName>
          <skipped>false</skipped>
          <failedSince>0</failedSince>
        </case>
        <case>
          <duration>15.609</duration>
          <className>TestMultihop</className>
          <testName>TestCase03.test02_missing_pnqm</testName>
          <skipped>false</skipped>
          <failedSince>0</failedSince>
        </case>
        <case>
          <duration>25.456</duration>
          <className>TestMultihop</className>
          <testName>TestCase03.test02bidir</testName>
          <skipped>false</skipped>
          <failedSince>0</failedSince>
        </case>
        <case>
          <duration>16.91</duration>
          <className>TestMultihop</className>
          <testName>TestCase03.test02earlyReturn</testName>
          <skipped>false</skipped>
          <failedSince>0</failedSince>
        </case>
        <case>
          <duration>36.663</duration>
          <className>TestMultihop</className>
          <testName>TestCase03.test02twoopt</testName>
          <skipped>false</skipped>
          <failedSince>0</failedSince>
        </case>
        <case>
          <duration>13.832</duration>
          <className>TestMultihop</className>
          <testName>TestCase03.test03</testName>
          <skipped>false</skipped>
          <failedSince>0</failedSince>
        </case>
        <case>
          <duration>1.222</duration>
          <className>TestMultihop</className>
          <testName>TestCase03.test04_message_lookup</testName>
          <skipped>false</skipped>
          <failedSince>0</failedSince>
        </case>
        <case>
          <duration>17.267</duration>
          <className>TestMultihop</className>
          <testName>TestCase03.test05_multihop_link</testName>
          <skipped>false</skipped>
          <failedSince>0</failedSince>
        </case>
        <case>
          <duration>0.0</duration>
          <className>TestMultihop</className>
          <testName>TestCase03.test06_timeout</testName>
          <skipped>false</skipped>
          <failedSince>0</failedSince>
        </case>
        <case>
          <duration>21.871</duration>
          <className>TestMultihop</className>
          <testName>TestCase03.test07_multiple_channel_inclusion</testName>
          <skipped>false</skipped>
          <failedSince>0</failedSince>
        </case>
        <case>
          <duration>5.046</duration>
          <className>TestMultihop</className>
          <testName>TestCase03.test08_multiple_includes</testName>
          <skipped>false</skipped>
          <failedSince>0</failedSince>
        </case>
        <case>
          <duration>30.794</duration>
          <className>TestMultihop</className>
          <testName>TestCase03.test98_timeout</testName>
          <skipped>false</skipped>
          <failedSince>0</failedSince>
        </case>
        <case>
          <duration>1.373</duration>
          <className>TestMultihop</className>
          <testName>TestCase03.test99</testName>
          <skipped>false</skipped>
          <failedSince>0</failedSince>
        </case>
      </cases>
    </suite>
    <suite>
      <file>/home/jenkins/workspace/Backend/CNE@7/test-results/TEST-cli-TestProbeShell.xml</file>
      <name>cli.TestProbeShell</name>
      <stdout>
TestCase03.test03: test retrieve diagnostics for an assortment of files
Test test03 skipped in sandbox
.
TestCase03.test04: test retrieve diagnostics-with-decode-failures for an assortment of files
Test test04 skipped in sandbox
.
TestCase03.test05: test retrieve diagnostics-with-decode-failures does not work on CM
Test skipped on the CorvilNet Engine
.</stdout>
      <stderr></stderr>
      <duration>1159.891</duration>
      <timestamp>2019-10-31T08:37:51.039699</timestamp>
      <time>0.074</time>
      <enclosingBlocks/>
      <enclosingBlockNames/>
      <cases>
        <case>
          <duration>0.001</duration>
          <className>TestProbeShell</className>
          <testName>TestCase03.test03</testName>
          <skipped>false</skipped>
          <failedSince>0</failedSince>
        </case>
        <case>
          <duration>0.0</duration>
          <className>TestProbeShell</className>
          <testName>TestCase03.test04</testName>
          <skipped>false</skipped>
          <failedSince>0</failedSince>
        </case>
        <case>
          <duration>0.072</duration>
          <className>TestProbeShell</className>
          <testName>TestCase03.test05</testName>
          <skipped>false</skipped>
          <failedSince>0</failedSince>
        </case>
        <case>
          <duration>0.001</duration>
          <className>TestProbeShell</className>
          <testName>TestCase06.test01</testName>
          <skipped>false</skipped>
          <failedSince>0</failedSince>
        </case>
        <case>
          <duration>0.0</duration>
          <className>TestProbeShell</className>
          <testName>TestCase06.test02</testName>
          <skipped>false</skipped>
          <failedSince>0</failedSince>
        </case>
        <case>
          <duration>0.003</duration>
          <className>TestProbeShell</className>
          <testName>TestCase06.test03</testName>
          <skipped>false</skipped>
          <failedSince>0</failedSince>
        </case>
        <case>
          <duration>12.182</duration>
          <className>TestProbeShell</className>
          <testName>TestCase10.test01</testName>
          <skipped>false</skipped>
          <failedSince>0</failedSince>
        </case>
        <case>
          <duration>4.322</duration>
          <className>TestProbeShell</className>
          <testName>TestCase10.test02</testName>
          <skipped>false</skipped>
          <failedSince>0</failedSince>
        </case>
        <case>
          <duration>0.816</duration>
          <className>TestProbeShell</className>
          <testName>TestCase10.test03</testName>
          <skipped>false</skipped>
          <failedSince>0</failedSince>
        </case>
        <case>
          <duration>0.755</duration>
          <className>TestProbeShell</className>
          <testName>TestCase10.test04</testName>
          <skipped>false</skipped>
          <failedSince>0</failedSince>
        </case>
        <case>
          <duration>1.451</duration>
          <className>TestProbeShell</className>
          <testName>TestCase10.test05</testName>
          <skipped>false</skipped>
          <failedSince>0</failedSince>
        </case>
        <case>
          <duration>0.818</duration>
          <className>TestProbeShell</className>
          <testName>TestCase10.test06</testName>
          <skipped>false</skipped>
          <failedSince>0</failedSince>
        </case>
        <case>
          <duration>3.222</duration>
          <className>TestProbeShell</className>
          <testName>TestCase10.test07</testName>
          <skipped>false</skipped>
          <failedSince>0</failedSince>
        </case>
        <case>
          <duration>0.863</duration>
          <className>TestProbeShell</className>
          <testName>TestCase10.test08</testName>
          <skipped>false</skipped>
          <failedSince>0</failedSince>
        </case>
        <case>
          <duration>0.935</duration>
          <className>TestProbeShell</className>
          <testName>TestCase10.test09</testName>
          <skipped>false</skipped>
          <failedSince>0</failedSince>
        </case>
        <case>
          <duration>0.773</duration>
          <className>TestProbeShell</className>
          <testName>TestCase10.test10</testName>
          <skipped>false</skipped>
          <failedSince>0</failedSince>
        </case>
        <case>
          <duration>1.673</duration>
          <className>TestProbeShell</className>
          <testName>TestCase10.test11</testName>
          <skipped>false</skipped>
          <failedSince>0</failedSince>
        </case>
        <case>
          <duration>0.809</duration>
          <className>TestProbeShell</className>
          <testName>TestCase10.test12</testName>
          <skipped>false</skipped>
          <failedSince>0</failedSince>
        </case>
        <case>
          <duration>0.767</duration>
          <className>TestProbeShell</className>
          <testName>TestCase10.test13</testName>
          <skipped>false</skipped>
          <failedSince>0</failedSince>
        </case>
        <case>
          <duration>0.922</duration>
          <className>TestProbeShell</className>
          <testName>TestCase10.test14</testName>
          <skipped>false</skipped>
          <failedSince>0</failedSince>
        </case>
        <case>
          <duration>1.711</duration>
          <className>TestProbeShell</className>
          <testName>TestCase10.test15</testName>
          <skipped>false</skipped>
          <failedSince>0</failedSince>
        </case>
        <case>
          <duration>2.979</duration>
          <className>TestProbeShell</className>
          <testName>TestCase04.test01</testName>
          <skipped>false</skipped>
          <failedSince>0</failedSince>
        </case>
        <case>
          <duration>2.702</duration>
          <className>TestProbeShell</className>
          <testName>TestCase04.test02</testName>
          <skipped>false</skipped>
          <failedSince>0</failedSince>
        </case>
        <case>
          <duration>2.753</duration>
          <className>TestProbeShell</className>
          <testName>TestCase04.test03</testName>
          <skipped>false</skipped>
          <failedSince>0</failedSince>
        </case>
        <case>
          <duration>31.22</duration>
          <className>TestProbeShell</className>
          <testName>TestCase04.test04</testName>
          <skipped>false</skipped>
          <failedSince>0</failedSince>
        </case>
        <case>
          <duration>8.195</duration>
          <className>TestProbeShell</className>
          <testName>TestCase09.test01</testName>
          <skipped>false</skipped>
          <failedSince>0</failedSince>
        </case>
        <case>
          <duration>0.001</duration>
          <className>TestProbeShell</className>
          <testName>TestCase09.test02</testName>
          <skipped>false</skipped>
          <failedSince>0</failedSince>
        </case>
        <case>
          <duration>31.821</duration>
          <className>TestProbeShell</className>
          <testName>TestCase05.test01</testName>
          <skipped>false</skipped>
          <failedSince>0</failedSince>
        </case>
        <case>
          <duration>4.09</duration>
          <className>TestProbeShell</className>
          <testName>TestCase05.test02</testName>
          <skipped>false</skipped>
          <failedSince>0</failedSince>
        </case>
        <case>
          <duration>0.346</duration>
          <className>TestProbeShell</className>
          <testName>TestCase05.test03</testName>
          <skipped>false</skipped>
          <failedSince>0</failedSince>
        </case>
        <case>
          <duration>26.047</duration>
          <className>TestProbeShell</className>
          <testName>TestCase05.test04</testName>
          <skipped>false</skipped>
          <failedSince>0</failedSince>
        </case>
        <case>
          <duration>67.337</duration>
          <className>TestProbeShell</className>
          <testName>TestCase05.test05</testName>
          <skipped>false</skipped>
          <failedSince>0</failedSince>
        </case>
        <case>
          <duration>77.073</duration>
          <className>TestProbeShell</className>
          <testName>TestCase07.test01</testName>
          <skipped>false</skipped>
          <failedSince>0</failedSince>
        </case>
        <case>
          <duration>7.727</duration>
          <className>TestProbeShell</className>
          <testName>TestCase07.test02</testName>
          <skipped>false</skipped>
          <failedSince>0</failedSince>
        </case>
        <case>
          <duration>6.29</duration>
          <className>TestProbeShell</className>
          <testName>TestCase07.test03</testName>
          <skipped>false</skipped>
          <failedSince>0</failedSince>
        </case>
        <case>
          <duration>20.792</duration>
          <className>TestProbeShell</className>
          <testName>TestCase08.test01</testName>
          <skipped>false</skipped>
          <errorStackTrace>Traceback (most recent call last):
  File &quot;/components/probed/test/testcases/probe.py&quot;, line 511, in x
    func(self, *args, **kwargs)
  File &quot;/components/cna/host/src/probed/test/cli/TestProbeShell.py&quot;, line 975, in setUp
    data = self.emptyDashboards).noError()
  File &quot;/components/probed/test/testcases/probe.py&quot;, line 1391, in noError
    raise CmdOutputErrorException(self)
probe.CmdOutputErrorException: Command: sudo -u admin probesh -c &quot;install replace-dashboard-config&quot; &lt; /tmp/adminCmd.tmp
Had this output: Failed to obtain dashboard list: Server raised fault: &apos;com.corvil.cnx.daemon.plugin.httpclient.RestErrorException: License information not available.&apos;

But expected no errors
</errorStackTrace>
          <failedSince>4489</failedSince>
        </case>
        <case>
          <duration>20.325</duration>
          <className>TestProbeShell</className>
          <testName>TestCase08.test02</testName>
          <skipped>false</skipped>
          <failedSince>0</failedSince>
        </case>
        <case>
          <duration>39.516</duration>
          <className>TestProbeShell</className>
          <testName>TestCase08.test03</testName>
          <skipped>false</skipped>
          <failedSince>0</failedSince>
        </case>
        <case>
          <duration>79.215</duration>
          <className>TestProbeShell</className>
          <testName>TestCase08.test04</testName>
          <skipped>false</skipped>
          <failedSince>0</failedSince>
        </case>
        <case>
          <duration>33.119</duration>
          <className>TestProbeShell</className>
          <testName>TestCase08.test05</testName>
          <skipped>false</skipped>
          <failedSince>0</failedSince>
        </case>
        <case>
          <duration>9.634</duration>
          <className>TestProbeShell</className>
          <testName>TestCase08.test06</testName>
          <skipped>false</skipped>
          <failedSince>0</failedSince>
        </case>
        <case>
          <duration>6.3</duration>
          <className>TestProbeShell</className>
          <testName>TestCase08.test07</testName>
          <skipped>false</skipped>
          <failedSince>0</failedSince>
        </case>
        <case>
          <duration>16.717</duration>
          <className>TestProbeShell</className>
          <testName>TestCase08.test08</testName>
          <skipped>false</skipped>
          <failedSince>0</failedSince>
        </case>
        <case>
          <duration>10.074</duration>
          <className>TestProbeShell</className>
          <testName>TestCase08.test09</testName>
          <skipped>false</skipped>
          <failedSince>0</failedSince>
        </case>
        <case>
          <duration>11.221</duration>
          <className>TestProbeShell</className>
          <testName>TestCase08.test10</testName>
          <skipped>false</skipped>
          <failedSince>0</failedSince>
        </case>
        <case>
          <duration>25.242</duration>
          <className>TestProbeShell</className>
          <testName>TestCase08.test11</testName>
          <skipped>false</skipped>
          <failedSince>0</failedSince>
        </case>
        <case>
          <duration>10.714</duration>
          <className>TestProbeShell</className>
          <testName>TestCase08.test12</testName>
          <skipped>false</skipped>
          <failedSince>0</failedSince>
        </case>
        <case>
          <duration>17.338</duration>
          <className>TestProbeShell</className>
          <testName>TestCase08.test13</testName>
          <skipped>false</skipped>
          <failedSince>0</failedSince>
        </case>
        <case>
          <duration>54.402</duration>
          <className>TestProbeShell</className>
          <testName>TestCase01.test01</testName>
          <skipped>false</skipped>
          <failedSince>0</failedSince>
        </case>
        <case>
          <duration>7.05</duration>
          <className>TestProbeShell</className>
          <testName>TestCase01.test02</testName>
          <skipped>false</skipped>
          <failedSince>0</failedSince>
        </case>
        <case>
          <duration>134.204</duration>
          <className>TestProbeShell</className>
          <testName>TestCase01.test03</testName>
          <skipped>false</skipped>
          <failedSince>0</failedSince>
        </case>
        <case>
          <duration>258.804</duration>
          <className>TestProbeShell</className>
          <testName>TestCase01.test04</testName>
          <skipped>false</skipped>
          <failedSince>0</failedSince>
        </case>
        <case>
          <duration>4.058</duration>
          <className>TestProbeShell</className>
          <testName>TestCase01.test05</testName>
          <skipped>false</skipped>
          <failedSince>0</failedSince>
        </case>
        <case>
          <duration>0.668</duration>
          <className>TestProbeShell</className>
          <testName>TestCase01.test06</testName>
          <skipped>false</skipped>
          <failedSince>0</failedSince>
        </case>
        <case>
          <duration>1.913</duration>
          <className>TestProbeShell</className>
          <testName>TestCase01.test07</testName>
          <skipped>false</skipped>
          <failedSince>0</failedSince>
        </case>
        <case>
          <duration>2.921</duration>
          <className>TestProbeShell</className>
          <testName>TestCase01.test08</testName>
          <skipped>false</skipped>
          <failedSince>0</failedSince>
        </case>
        <case>
          <duration>58.82</duration>
          <className>TestProbeShell</className>
          <testName>TestCase01.test09</testName>
          <skipped>false</skipped>
          <failedSince>0</failedSince>
        </case>
        <case>
          <duration>3.414</duration>
          <className>TestProbeShell</className>
          <testName>TestCase01.test10</testName>
          <skipped>false</skipped>
          <failedSince>0</failedSince>
        </case>
        <case>
          <duration>2.072</duration>
          <className>TestProbeShell</className>
          <testName>TestCase01.test11</testName>
          <skipped>false</skipped>
          <failedSince>0</failedSince>
        </case>
        <case>
          <duration>1.933</duration>
          <className>TestProbeShell</className>
          <testName>TestCase01.test12</testName>
          <skipped>false</skipped>
          <failedSince>0</failedSince>
        </case>
        <case>
          <duration>0.0</duration>
          <className>TestProbeShell</className>
          <testName>TestCase01.test13</testName>
          <skipped>false</skipped>
          <failedSince>0</failedSince>
        </case>
        <case>
          <duration>3.219</duration>
          <className>TestProbeShell</className>
          <testName>TestCase01.test14</testName>
          <skipped>false</skipped>
          <failedSince>0</failedSince>
        </case>
        <case>
          <duration>0.723</duration>
          <className>TestProbeShell</className>
          <testName>TestCase01.test15</testName>
          <skipped>false</skipped>
          <failedSince>0</failedSince>
        </case>
        <case>
          <duration>0.525</duration>
          <className>TestProbeShell</className>
          <testName>TestCase01.test16</testName>
          <skipped>false</skipped>
          <failedSince>0</failedSince>
        </case>
        <case>
          <duration>0.123</duration>
          <className>TestProbeShell</className>
          <testName>TestCase01.test18</testName>
          <skipped>false</skipped>
          <failedSince>0</failedSince>
        </case>
        <case>
          <duration>17.574</duration>
          <className>TestProbeShell</className>
          <testName>TestCase01.test19</testName>
          <skipped>false</skipped>
          <failedSince>0</failedSince>
        </case>
        <case>
          <duration>3.624</duration>
          <className>TestProbeShell</className>
          <testName>TestCase01.test20</testName>
          <skipped>false</skipped>
          <failedSince>0</failedSince>
        </case>
        <case>
          <duration>0.97</duration>
          <className>TestProbeShell</className>
          <testName>TestCase01.test21</testName>
          <skipped>false</skipped>
          <failedSince>0</failedSince>
        </case>
        <case>
          <duration>0.681</duration>
          <className>TestProbeShell</className>
          <testName>TestCase01.test22</testName>
          <skipped>false</skipped>
          <failedSince>0</failedSince>
        </case>
        <case>
          <duration>0.629</duration>
          <className>TestProbeShell</className>
          <testName>TestCase01.test23</testName>
          <skipped>false</skipped>
          <failedSince>0</failedSince>
        </case>
        <case>
          <duration>0.672</duration>
          <className>TestProbeShell</className>
          <testName>TestCase01.test24</testName>
          <skipped>false</skipped>
          <failedSince>0</failedSince>
        </case>
      </cases>
    </suite>
    <suite>
      <file>/home/jenkins/workspace/Backend/CNE@3/test-results/TEST-cli-TestLicense.xml</file>
      <name>cli.TestLicense</name>
      <stdout>Test test01 skipped in sandbox
.</stdout>
      <stderr></stderr>
      <duration>751.5</duration>
      <timestamp>2019-10-31T08:38:30.474905</timestamp>
      <time>0.035</time>
      <enclosingBlocks/>
      <enclosingBlockNames/>
      <cases>
        <case>
          <duration>0.035</duration>
          <className>TestLicense</className>
          <testName>TestCase10.test01</testName>
          <skipped>false</skipped>
          <failedSince>0</failedSince>
        </case>
        <case>
          <duration>26.683</duration>
          <className>TestLicense</className>
          <testName>TestCase99.test01</testName>
          <skipped>false</skipped>
          <failedSince>0</failedSince>
        </case>
        <case>
          <duration>28.558</duration>
          <className>TestLicense</className>
          <testName>TestCase11.test01</testName>
          <skipped>false</skipped>
          <failedSince>0</failedSince>
        </case>
        <case>
          <duration>6.627</duration>
          <className>TestLicense</className>
          <testName>TestCase11.test02</testName>
          <skipped>false</skipped>
          <failedSince>0</failedSince>
        </case>
        <case>
          <duration>38.305</duration>
          <className>TestLicense</className>
          <testName>TestCase06.test01</testName>
          <skipped>false</skipped>
          <failedSince>0</failedSince>
        </case>
        <case>
          <duration>3.325</duration>
          <className>TestLicense</className>
          <testName>TestCase06.test02</testName>
          <skipped>false</skipped>
          <failedSince>0</failedSince>
        </case>
        <case>
          <duration>2.883</duration>
          <className>TestLicense</className>
          <testName>TestCase06.test03</testName>
          <skipped>false</skipped>
          <failedSince>0</failedSince>
        </case>
        <case>
          <duration>2.716</duration>
          <className>TestLicense</className>
          <testName>TestCase06.test04</testName>
          <skipped>false</skipped>
          <failedSince>0</failedSince>
        </case>
        <case>
          <duration>3.153</duration>
          <className>TestLicense</className>
          <testName>TestCase06.test05</testName>
          <skipped>false</skipped>
          <failedSince>0</failedSince>
        </case>
        <case>
          <duration>2.519</duration>
          <className>TestLicense</className>
          <testName>TestCase06.test06</testName>
          <skipped>false</skipped>
          <failedSince>0</failedSince>
        </case>
        <case>
          <duration>3.42</duration>
          <className>TestLicense</className>
          <testName>TestCase06.test07</testName>
          <skipped>false</skipped>
          <failedSince>0</failedSince>
        </case>
        <case>
          <duration>1.115</duration>
          <className>TestLicense</className>
          <testName>TestCase09.test01</testName>
          <skipped>false</skipped>
          <failedSince>0</failedSince>
        </case>
        <case>
          <duration>0.068</duration>
          <className>TestLicense</className>
          <testName>TestCase09.test02</testName>
          <skipped>false</skipped>
          <failedSince>0</failedSince>
        </case>
        <case>
          <duration>0.032</duration>
          <className>TestLicense</className>
          <testName>TestCase09.test03</testName>
          <skipped>false</skipped>
          <failedSince>0</failedSince>
        </case>
        <case>
          <duration>21.743</duration>
          <className>TestLicense</className>
          <testName>TestCase08.test01</testName>
          <skipped>false</skipped>
          <failedSince>0</failedSince>
        </case>
        <case>
          <duration>0.141</duration>
          <className>TestLicense</className>
          <testName>TestCase02.test01</testName>
          <skipped>false</skipped>
          <failedSince>0</failedSince>
        </case>
        <case>
          <duration>0.11</duration>
          <className>TestLicense</className>
          <testName>TestCase02.test02</testName>
          <skipped>false</skipped>
          <failedSince>0</failedSince>
        </case>
        <case>
          <duration>0.119</duration>
          <className>TestLicense</className>
          <testName>TestCase02.test03</testName>
          <skipped>false</skipped>
          <failedSince>0</failedSince>
        </case>
        <case>
          <duration>0.078</duration>
          <className>TestLicense</className>
          <testName>TestCase02.test04</testName>
          <skipped>false</skipped>
          <failedSince>0</failedSince>
        </case>
        <case>
          <duration>0.04</duration>
          <className>TestLicense</className>
          <testName>TestCase02.test05</testName>
          <skipped>false</skipped>
          <failedSince>0</failedSince>
        </case>
        <case>
          <duration>0.053</duration>
          <className>TestLicense</className>
          <testName>TestCase02.test06</testName>
          <skipped>false</skipped>
          <failedSince>0</failedSince>
        </case>
        <case>
          <duration>0.027</duration>
          <className>TestLicense</className>
          <testName>TestCase02.test07</testName>
          <skipped>false</skipped>
          <failedSince>0</failedSince>
        </case>
        <case>
          <duration>0.028</duration>
          <className>TestLicense</className>
          <testName>TestCase02.test08</testName>
          <skipped>false</skipped>
          <failedSince>0</failedSince>
        </case>
        <case>
          <duration>0.106</duration>
          <className>TestLicense</className>
          <testName>TestCase02.test09</testName>
          <skipped>false</skipped>
          <failedSince>0</failedSince>
        </case>
        <case>
          <duration>82.777</duration>
          <className>TestLicense</className>
          <testName>TestCase02.test10</testName>
          <skipped>false</skipped>
          <failedSince>0</failedSince>
        </case>
        <case>
          <duration>0.027</duration>
          <className>TestLicense</className>
          <testName>TestCase02.test11</testName>
          <skipped>false</skipped>
          <failedSince>0</failedSince>
        </case>
        <case>
          <duration>0.059</duration>
          <className>TestLicense</className>
          <testName>TestCase02.test12</testName>
          <skipped>false</skipped>
          <failedSince>0</failedSince>
        </case>
        <case>
          <duration>28.815</duration>
          <className>TestLicense</className>
          <testName>TestCase07.test01</testName>
          <skipped>false</skipped>
          <failedSince>0</failedSince>
        </case>
        <case>
          <duration>5.365</duration>
          <className>TestLicense</className>
          <testName>TestCase07.test02</testName>
          <skipped>false</skipped>
          <failedSince>0</failedSince>
        </case>
        <case>
          <duration>19.46</duration>
          <className>TestLicense</className>
          <testName>TestCase07.test03</testName>
          <skipped>false</skipped>
          <failedSince>0</failedSince>
        </case>
        <case>
          <duration>5.72</duration>
          <className>TestLicense</className>
          <testName>TestCase07.test04</testName>
          <skipped>false</skipped>
          <failedSince>0</failedSince>
        </case>
        <case>
          <duration>2.958</duration>
          <className>TestLicense</className>
          <testName>TestCase07.test05</testName>
          <skipped>false</skipped>
          <failedSince>0</failedSince>
        </case>
        <case>
          <duration>5.66</duration>
          <className>TestLicense</className>
          <testName>TestCase07.test06</testName>
          <skipped>false</skipped>
          <failedSince>0</failedSince>
        </case>
        <case>
          <duration>51.014</duration>
          <className>TestLicense</className>
          <testName>TestCase05.test01</testName>
          <skipped>false</skipped>
          <failedSince>0</failedSince>
        </case>
        <case>
          <duration>16.347</duration>
          <className>TestLicense</className>
          <testName>TestCase05.test02</testName>
          <skipped>false</skipped>
          <failedSince>0</failedSince>
        </case>
        <case>
          <duration>22.265</duration>
          <className>TestLicense</className>
          <testName>TestCase05.test03</testName>
          <skipped>false</skipped>
          <failedSince>0</failedSince>
        </case>
        <case>
          <duration>30.1</duration>
          <className>TestLicense</className>
          <testName>TestCase04.test01</testName>
          <skipped>false</skipped>
          <failedSince>0</failedSince>
        </case>
        <case>
          <duration>13.505</duration>
          <className>TestLicense</className>
          <testName>TestCase04.test02</testName>
          <skipped>false</skipped>
          <failedSince>0</failedSince>
        </case>
        <case>
          <duration>31.812</duration>
          <className>TestLicense</className>
          <testName>TestCase04.test03</testName>
          <skipped>false</skipped>
          <failedSince>0</failedSince>
        </case>
        <case>
          <duration>35.56</duration>
          <className>TestLicense</className>
          <testName>TestCase04.test04</testName>
          <skipped>false</skipped>
          <failedSince>0</failedSince>
        </case>
        <case>
          <duration>1.08</duration>
          <className>TestLicense</className>
          <testName>TestCase03.test01</testName>
          <skipped>false</skipped>
          <failedSince>0</failedSince>
        </case>
        <case>
          <duration>26.83</duration>
          <className>TestLicense</className>
          <testName>TestCase01.test01</testName>
          <skipped>false</skipped>
          <failedSince>0</failedSince>
        </case>
        <case>
          <duration>7.564</duration>
          <className>TestLicense</className>
          <testName>TestCase01.test02</testName>
          <skipped>false</skipped>
          <failedSince>0</failedSince>
        </case>
        <case>
          <duration>8.11</duration>
          <className>TestLicense</className>
          <testName>TestCase01.test03</testName>
          <skipped>false</skipped>
          <failedSince>0</failedSince>
        </case>
        <case>
          <duration>7.066</duration>
          <className>TestLicense</className>
          <testName>TestCase01.test04</testName>
          <skipped>false</skipped>
          <failedSince>0</failedSince>
        </case>
        <case>
          <duration>6.855</duration>
          <className>TestLicense</className>
          <testName>TestCase01.test05</testName>
          <skipped>false</skipped>
          <failedSince>0</failedSince>
        </case>
        <case>
          <duration>7.03</duration>
          <className>TestLicense</className>
          <testName>TestCase01.test06</testName>
          <skipped>false</skipped>
          <failedSince>0</failedSince>
        </case>
        <case>
          <duration>7.453</duration>
          <className>TestLicense</className>
          <testName>TestCase01.test07</testName>
          <skipped>false</skipped>
          <failedSince>0</failedSince>
        </case>
        <case>
          <duration>7.492</duration>
          <className>TestLicense</className>
          <testName>TestCase01.test08</testName>
          <skipped>false</skipped>
          <failedSince>0</failedSince>
        </case>
        <case>
          <duration>8.751</duration>
          <className>TestLicense</className>
          <testName>TestCase01.test09</testName>
          <skipped>false</skipped>
          <failedSince>0</failedSince>
        </case>
        <case>
          <duration>7.174</duration>
          <className>TestLicense</className>
          <testName>TestCase01.test10</testName>
          <skipped>false</skipped>
          <failedSince>0</failedSince>
        </case>
        <case>
          <duration>7.417</duration>
          <className>TestLicense</className>
          <testName>TestCase01.test11</testName>
          <skipped>false</skipped>
          <failedSince>0</failedSince>
        </case>
        <case>
          <duration>11.599</duration>
          <className>TestLicense</className>
          <testName>TestCase01.test12</testName>
          <skipped>false</skipped>
          <failedSince>0</failedSince>
        </case>
        <case>
          <duration>17.485</duration>
          <className>TestLicense</className>
          <testName>TestCase01.test13</testName>
          <skipped>false</skipped>
          <failedSince>0</failedSince>
        </case>
        <case>
          <duration>47.397</duration>
          <className>TestLicense</className>
          <testName>TestCase01.test14</testName>
          <skipped>false</skipped>
          <failedSince>0</failedSince>
        </case>
        <case>
          <duration>14.633</duration>
          <className>TestLicense</className>
          <testName>TestCase01.test15</testName>
          <skipped>false</skipped>
          <failedSince>0</failedSince>
        </case>
        <case>
          <duration>8.15</duration>
          <className>TestLicense</className>
          <testName>TestCase01.test16</testName>
          <skipped>false</skipped>
          <failedSince>0</failedSince>
        </case>
        <case>
          <duration>7.758</duration>
          <className>TestLicense</className>
          <testName>TestCase01.test17</testName>
          <skipped>false</skipped>
          <failedSince>0</failedSince>
        </case>
        <case>
          <duration>15.056</duration>
          <className>TestLicense</className>
          <testName>TestCase01.test18</testName>
          <skipped>false</skipped>
          <failedSince>0</failedSince>
        </case>
        <case>
          <duration>4.528</duration>
          <className>TestLicense</className>
          <testName>TestCase01.test19</testName>
          <skipped>false</skipped>
          <failedSince>0</failedSince>
        </case>
        <case>
          <duration>3.375</duration>
          <className>TestLicense</className>
          <testName>TestCase01.test20</testName>
          <skipped>false</skipped>
          <failedSince>0</failedSince>
        </case>
        <case>
          <duration>4.176</duration>
          <className>TestLicense</className>
          <testName>TestCase01.test21</testName>
          <skipped>false</skipped>
          <failedSince>0</failedSince>
        </case>
        <case>
          <duration>21.178</duration>
          <className>TestLicense</className>
          <testName>TestCase01.test22</testName>
          <skipped>false</skipped>
          <failedSince>0</failedSince>
        </case>
      </cases>
    </suite>
    <suite>
      <file>/home/jenkins/workspace/Backend/CNE/test-results/TEST-capture-TestGlobalSearch.xml</file>
      <name>capture.TestGlobalSearch</name>
      <stdout>Test skipped: requires LMC+CNE setup
.Test skipped: requires LMC+CNE setup
.Test skipped: requires LMC+CNE setup
.Test skipped: requires LMC+CNE setup
.Test skipped: requires LMC+CNE setup
.</stdout>
      <stderr></stderr>
      <duration>1082.278</duration>
      <timestamp>2019-10-31T08:38:45.491248</timestamp>
      <time>0.007</time>
      <enclosingBlocks/>
      <enclosingBlockNames/>
      <cases>
        <case>
          <duration>0.004</duration>
          <className>TestGlobalSearch</className>
          <testName>TestCase02.test01</testName>
          <skipped>false</skipped>
          <failedSince>0</failedSince>
        </case>
        <case>
          <duration>0.0</duration>
          <className>TestGlobalSearch</className>
          <testName>TestCase02.test02</testName>
          <skipped>false</skipped>
          <failedSince>0</failedSince>
        </case>
        <case>
          <duration>0.0</duration>
          <className>TestGlobalSearch</className>
          <testName>TestCase02.test03</testName>
          <skipped>false</skipped>
          <failedSince>0</failedSince>
        </case>
        <case>
          <duration>0.0</duration>
          <className>TestGlobalSearch</className>
          <testName>TestCase02.test04</testName>
          <skipped>false</skipped>
          <failedSince>0</failedSince>
        </case>
        <case>
          <duration>0.001</duration>
          <className>TestGlobalSearch</className>
          <testName>TestCase02.test05</testName>
          <skipped>false</skipped>
          <failedSince>0</failedSince>
        </case>
        <case>
          <duration>68.751</duration>
          <className>TestGlobalSearch</className>
          <testName>TestCase01.test01</testName>
          <skipped>false</skipped>
          <failedSince>0</failedSince>
        </case>
        <case>
          <duration>3.203</duration>
          <className>TestGlobalSearch</className>
          <testName>TestCase01.test02</testName>
          <skipped>false</skipped>
          <failedSince>0</failedSince>
        </case>
        <case>
          <duration>82.012</duration>
          <className>TestGlobalSearch</className>
          <testName>TestCase01.test03</testName>
          <skipped>false</skipped>
          <failedSince>0</failedSince>
        </case>
        <case>
          <duration>90.677</duration>
          <className>TestGlobalSearch</className>
          <testName>TestCase01.test04</testName>
          <skipped>false</skipped>
          <errorStackTrace>Traceback (most recent call last):
  File &quot;/components/probed/test/testcases/probe.py&quot;, line 836, in g
    r = f(*args,**kwargs)
  File &quot;/components/cna/host/src/probed/test/capture/TestGlobalSearch.py&quot;, line 533, in test04
    verifyFlowTableRecords(&apos;&apos;, [&apos;conversations&apos;], 83, (1162, 700, 744370))
  File &quot;/components/cna/host/src/probed/test/capture/TestGlobalSearch.py&quot;, line 490, in verifyFlowTableRecords
    r = dict([(header[i], rec[i]) for i in range(len(header))])
  File &quot;/components/cna/host/src/probed/test/capture/TestGlobalSearch.py&quot;, line 490, in &lt;listcomp&gt;
    r = dict([(header[i], rec[i]) for i in range(len(header))])
IndexError: list index out of range
</errorStackTrace>
          <failedSince>4450</failedSince>
        </case>
        <case>
          <duration>70.073</duration>
          <className>TestGlobalSearch</className>
          <testName>TestCase01.test05</testName>
          <skipped>false</skipped>
          <failedSince>0</failedSince>
        </case>
        <case>
          <duration>73.101</duration>
          <className>TestGlobalSearch</className>
          <testName>TestCase01.test06</testName>
          <skipped>false</skipped>
          <failedSince>0</failedSince>
        </case>
        <case>
          <duration>110.492</duration>
          <className>TestGlobalSearch</className>
          <testName>TestCase01.test07</testName>
          <skipped>false</skipped>
          <failedSince>0</failedSince>
        </case>
        <case>
          <duration>58.761</duration>
          <className>TestGlobalSearch</className>
          <testName>TestCase01.test08</testName>
          <skipped>false</skipped>
          <failedSince>0</failedSince>
        </case>
        <case>
          <duration>70.75</duration>
          <className>TestGlobalSearch</className>
          <testName>TestCase01.test09</testName>
          <skipped>false</skipped>
          <failedSince>0</failedSince>
        </case>
        <case>
          <duration>30.525</duration>
          <className>TestGlobalSearch</className>
          <testName>TestCase01.test10</testName>
          <skipped>false</skipped>
          <failedSince>0</failedSince>
        </case>
        <case>
          <duration>94.852</duration>
          <className>TestGlobalSearch</className>
          <testName>TestCase01.test11</testName>
          <skipped>false</skipped>
          <failedSince>0</failedSince>
        </case>
        <case>
          <duration>41.974</duration>
          <className>TestGlobalSearch</className>
          <testName>TestCase01.test12</testName>
          <skipped>false</skipped>
          <failedSince>0</failedSince>
        </case>
        <case>
          <duration>61.137</duration>
          <className>TestGlobalSearch</className>
          <testName>TestCase01.test13</testName>
          <skipped>false</skipped>
          <failedSince>0</failedSince>
        </case>
        <case>
          <duration>0.029</duration>
          <className>TestGlobalSearch</className>
          <testName>TestCase01.test14</testName>
          <skipped>false</skipped>
          <failedSince>0</failedSince>
        </case>
        <case>
          <duration>64.837</duration>
          <className>TestGlobalSearch</className>
          <testName>TestCase01.test15</testName>
          <skipped>false</skipped>
          <failedSince>0</failedSince>
        </case>
        <case>
          <duration>79.584</duration>
          <className>TestGlobalSearch</className>
          <testName>TestCase01.test16</testName>
          <skipped>false</skipped>
          <errorStackTrace>Traceback (most recent call last):
  File &quot;/components/cna/host/src/probed/test/capture/TestGlobalSearch.py&quot;, line 1329, in test16
    self.assertEquals ( len ( res[&apos;tables&apos;][0]), 100 )
  File &quot;/usr/python3.6/lib/python3.6/unittest.py&quot;, line 364, in failUnlessEqual
    raise self.failureException((msg or &apos;%s != %s&apos; % (first, second)))
AssertionError: 72 != 100
</errorStackTrace>
          <failedSince>4489</failedSince>
        </case>
        <case>
          <duration>4.368</duration>
          <className>TestGlobalSearch</className>
          <testName>TestCase01.test17</testName>
          <skipped>false</skipped>
          <failedSince>0</failedSince>
        </case>
        <case>
          <duration>77.143</duration>
          <className>TestGlobalSearch</className>
          <testName>TestCase01.test18</testName>
          <skipped>false</skipped>
          <failedSince>0</failedSince>
        </case>
      </cases>
    </suite>
    <suite>
      <file>/home/jenkins/workspace/Backend/CNE@3/test-results/TEST-capture-TestTrafficGaps.xml</file>
      <name>capture.TestTrafficGaps</name>
      <stdout>Test test01 skipped in sandbox
.Test test02 skipped in sandbox
.Setting config
Waiting a while
Sending 1 packet
Waiting again
1572511232700000000 1073741824 1
1572511232900000000 0 0
1572511233900000000 0 0
1572511234900000000 0 0
1572511251900000000 3221225472 0
3
.</stdout>
      <stderr></stderr>
      <duration>54.406</duration>
      <timestamp>2019-10-31T08:40:08.689903</timestamp>
      <time>54.406</time>
      <enclosingBlocks/>
      <enclosingBlockNames/>
      <cases>
        <case>
          <duration>0.0</duration>
          <className>TestTrafficGaps</className>
          <testName>TestCase01.test01</testName>
          <skipped>false</skipped>
          <failedSince>0</failedSince>
        </case>
        <case>
          <duration>0.0</duration>
          <className>TestTrafficGaps</className>
          <testName>TestCase01.test02</testName>
          <skipped>false</skipped>
          <failedSince>0</failedSince>
        </case>
        <case>
          <duration>54.405</duration>
          <className>TestTrafficGaps</className>
          <testName>TestCase01.test03</testName>
          <skipped>false</skipped>
          <failedSince>0</failedSince>
        </case>
      </cases>
    </suite>
    <suite>
      <file>/home/jenkins/workspace/Backend/CNE@2/test-results/TEST-cli-TestMultihopGroup.xml</file>
      <name>cli.TestMultihopGroup</name>
      <stdout>TestCase01.test01
.TestCase01.test02
.TestCase01.test03
.TestCase01.test04
.
TestCase01.test05: BQM-21229 Do not allow mixing packet/message channels in a pnqm target relationship
.
TestCase01.test06: BQM-25525: Sync completion and accepted channel descriptions
.
TestCase01.test07: BQM-30950: Channel completion escaping issues
.
TestCase01.test08: BQM-48716: Using sessions without trace-events in a multihop-group should produce a warning
.
TestCase01.test09: BQM-56269 Testing exclude-child-sessions flag
.</stdout>
      <stderr></stderr>
      <duration>35.23</duration>
      <timestamp>2019-10-31T08:40:43.766201</timestamp>
      <time>35.230</time>
      <enclosingBlocks/>
      <enclosingBlockNames/>
      <cases>
        <case>
          <duration>19.759</duration>
          <className>TestMultihopGroup</className>
          <testName>TestCase01.test01</testName>
          <skipped>false</skipped>
          <failedSince>0</failedSince>
        </case>
        <case>
          <duration>4.284</duration>
          <className>TestMultihopGroup</className>
          <testName>TestCase01.test02</testName>
          <skipped>false</skipped>
          <failedSince>0</failedSince>
        </case>
        <case>
          <duration>0.029</duration>
          <className>TestMultihopGroup</className>
          <testName>TestCase01.test03</testName>
          <skipped>false</skipped>
          <failedSince>0</failedSince>
        </case>
        <case>
          <duration>1.712</duration>
          <className>TestMultihopGroup</className>
          <testName>TestCase01.test04</testName>
          <skipped>false</skipped>
          <failedSince>0</failedSince>
        </case>
        <case>
          <duration>4.036</duration>
          <className>TestMultihopGroup</className>
          <testName>TestCase01.test05</testName>
          <skipped>false</skipped>
          <failedSince>0</failedSince>
        </case>
        <case>
          <duration>1.81</duration>
          <className>TestMultihopGroup</className>
          <testName>TestCase01.test06</testName>
          <skipped>false</skipped>
          <failedSince>0</failedSince>
        </case>
        <case>
          <duration>1.324</duration>
          <className>TestMultihopGroup</className>
          <testName>TestCase01.test07</testName>
          <skipped>false</skipped>
          <failedSince>0</failedSince>
        </case>
        <case>
          <duration>0.477</duration>
          <className>TestMultihopGroup</className>
          <testName>TestCase01.test08</testName>
          <skipped>false</skipped>
          <failedSince>0</failedSince>
        </case>
        <case>
          <duration>1.797</duration>
          <className>TestMultihopGroup</className>
          <testName>TestCase01.test09</testName>
          <skipped>false</skipped>
          <failedSince>0</failedSince>
        </case>
      </cases>
    </suite>
    <suite>
      <file>/home/jenkins/workspace/Backend/CNE@7/test-results/TEST-rest-TestRestConfigurableStatsMap.xml</file>
      <name>rest.TestRestConfigurableStatsMap</name>
      <stdout>.............
TestCase01.test14: Enforcement of maximum configurable stats maps
.</stdout>
      <stderr></stderr>
      <duration>67.564</duration>
      <timestamp>2019-10-31T08:40:20.074171</timestamp>
      <time>67.564</time>
      <enclosingBlocks/>
      <enclosingBlockNames/>
      <cases>
        <case>
          <duration>29.323</duration>
          <className>TestRestConfigurableStatsMap</className>
          <testName>TestCase01.test01</testName>
          <skipped>false</skipped>
          <failedSince>0</failedSince>
        </case>
        <case>
          <duration>10.241</duration>
          <className>TestRestConfigurableStatsMap</className>
          <testName>TestCase01.test02</testName>
          <skipped>false</skipped>
          <failedSince>0</failedSince>
        </case>
        <case>
          <duration>6.387</duration>
          <className>TestRestConfigurableStatsMap</className>
          <testName>TestCase01.test03</testName>
          <skipped>false</skipped>
          <failedSince>0</failedSince>
        </case>
        <case>
          <duration>0.801</duration>
          <className>TestRestConfigurableStatsMap</className>
          <testName>TestCase01.test04</testName>
          <skipped>false</skipped>
          <failedSince>0</failedSince>
        </case>
        <case>
          <duration>0.794</duration>
          <className>TestRestConfigurableStatsMap</className>
          <testName>TestCase01.test05</testName>
          <skipped>false</skipped>
          <failedSince>0</failedSince>
        </case>
        <case>
          <duration>2.985</duration>
          <className>TestRestConfigurableStatsMap</className>
          <testName>TestCase01.test06</testName>
          <skipped>false</skipped>
          <failedSince>0</failedSince>
        </case>
        <case>
          <duration>1.639</duration>
          <className>TestRestConfigurableStatsMap</className>
          <testName>TestCase01.test07</testName>
          <skipped>false</skipped>
          <failedSince>0</failedSince>
        </case>
        <case>
          <duration>0.906</duration>
          <className>TestRestConfigurableStatsMap</className>
          <testName>TestCase01.test08</testName>
          <skipped>false</skipped>
          <failedSince>0</failedSince>
        </case>
        <case>
          <duration>5.07</duration>
          <className>TestRestConfigurableStatsMap</className>
          <testName>TestCase01.test09</testName>
          <skipped>false</skipped>
          <failedSince>0</failedSince>
        </case>
        <case>
          <duration>2.593</duration>
          <className>TestRestConfigurableStatsMap</className>
          <testName>TestCase01.test10</testName>
          <skipped>false</skipped>
          <failedSince>0</failedSince>
        </case>
        <case>
          <duration>2.659</duration>
          <className>TestRestConfigurableStatsMap</className>
          <testName>TestCase01.test11</testName>
          <skipped>false</skipped>
          <failedSince>0</failedSince>
        </case>
        <case>
          <duration>1.257</duration>
          <className>TestRestConfigurableStatsMap</className>
          <testName>TestCase01.test12</testName>
          <skipped>false</skipped>
          <failedSince>0</failedSince>
        </case>
        <case>
          <duration>1.641</duration>
          <className>TestRestConfigurableStatsMap</className>
          <testName>TestCase01.test13</testName>
          <skipped>false</skipped>
          <failedSince>0</failedSince>
        </case>
        <case>
          <duration>1.267</duration>
          <className>TestRestConfigurableStatsMap</className>
          <testName>TestCase01.test14</testName>
          <skipped>false</skipped>
          <failedSince>0</failedSince>
        </case>
      </cases>
    </suite>
    <suite>
      <file>/home/jenkins/workspace/Backend/CNE@2/test-results/TEST-cli-TestTacacs.xml</file>
      <name>cli.TestTacacs</name>
      <stdout>......................Test skipped on the CorvilNet Engine
.Test skipped on the CorvilNet Engine
.Test skipped on the CorvilNet Engine
.Test skipped on the CorvilNet Engine
.Test skipped on the CorvilNet Engine
........</stdout>
      <stderr></stderr>
      <duration>48.237</duration>
      <timestamp>2019-10-31T08:43:53.982044</timestamp>
      <time>48.237</time>
      <enclosingBlocks/>
      <enclosingBlockNames/>
      <cases>
        <case>
          <duration>15.386</duration>
          <className>TestTacacs</className>
          <testName>TestCase01.test00</testName>
          <skipped>false</skipped>
          <failedSince>0</failedSince>
        </case>
        <case>
          <duration>0.037</duration>
          <className>TestTacacs</className>
          <testName>TestCase01.test01</testName>
          <skipped>false</skipped>
          <failedSince>0</failedSince>
        </case>
        <case>
          <duration>0.233</duration>
          <className>TestTacacs</className>
          <testName>TestCase01.test02</testName>
          <skipped>false</skipped>
          <failedSince>0</failedSince>
        </case>
        <case>
          <duration>0.267</duration>
          <className>TestTacacs</className>
          <testName>TestCase01.test03</testName>
          <skipped>false</skipped>
          <failedSince>0</failedSince>
        </case>
        <case>
          <duration>0.209</duration>
          <className>TestTacacs</className>
          <testName>TestCase01.test04</testName>
          <skipped>false</skipped>
          <failedSince>0</failedSince>
        </case>
        <case>
          <duration>0.28</duration>
          <className>TestTacacs</className>
          <testName>TestCase01.test99</testName>
          <skipped>false</skipped>
          <failedSince>0</failedSince>
        </case>
        <case>
          <duration>1.942</duration>
          <className>TestTacacs</className>
          <testName>TestCase02.test00</testName>
          <skipped>false</skipped>
          <failedSince>0</failedSince>
        </case>
        <case>
          <duration>0.099</duration>
          <className>TestTacacs</className>
          <testName>TestCase02.test01</testName>
          <skipped>false</skipped>
          <failedSince>0</failedSince>
        </case>
        <case>
          <duration>0.105</duration>
          <className>TestTacacs</className>
          <testName>TestCase02.test02</testName>
          <skipped>false</skipped>
          <failedSince>0</failedSince>
        </case>
        <case>
          <duration>0.096</duration>
          <className>TestTacacs</className>
          <testName>TestCase02.test03</testName>
          <skipped>false</skipped>
          <failedSince>0</failedSince>
        </case>
        <case>
          <duration>0.252</duration>
          <className>TestTacacs</className>
          <testName>TestCase02.test99</testName>
          <skipped>false</skipped>
          <failedSince>0</failedSince>
        </case>
        <case>
          <duration>2.02</duration>
          <className>TestTacacs</className>
          <testName>TestCase03.test00</testName>
          <skipped>false</skipped>
          <failedSince>0</failedSince>
        </case>
        <case>
          <duration>0.099</duration>
          <className>TestTacacs</className>
          <testName>TestCase03.test01</testName>
          <skipped>false</skipped>
          <failedSince>0</failedSince>
        </case>
        <case>
          <duration>0.16</duration>
          <className>TestTacacs</className>
          <testName>TestCase03.test02</testName>
          <skipped>false</skipped>
          <failedSince>0</failedSince>
        </case>
        <case>
          <duration>0.106</duration>
          <className>TestTacacs</className>
          <testName>TestCase03.test03</testName>
          <skipped>false</skipped>
          <failedSince>0</failedSince>
        </case>
        <case>
          <duration>0.225</duration>
          <className>TestTacacs</className>
          <testName>TestCase03.test04</testName>
          <skipped>false</skipped>
          <failedSince>0</failedSince>
        </case>
        <case>
          <duration>0.12</duration>
          <className>TestTacacs</className>
          <testName>TestCase03.test05</testName>
          <skipped>false</skipped>
          <failedSince>0</failedSince>
        </case>
        <case>
          <duration>2.383</duration>
          <className>TestTacacs</className>
          <testName>TestCase04.test00</testName>
          <skipped>false</skipped>
          <failedSince>0</failedSince>
        </case>
        <case>
          <duration>0.098</duration>
          <className>TestTacacs</className>
          <testName>TestCase04.test01</testName>
          <skipped>false</skipped>
          <failedSince>0</failedSince>
        </case>
        <case>
          <duration>0.111</duration>
          <className>TestTacacs</className>
          <testName>TestCase04.test02</testName>
          <skipped>false</skipped>
          <failedSince>0</failedSince>
        </case>
        <case>
          <duration>0.065</duration>
          <className>TestTacacs</className>
          <testName>TestCase04.test03</testName>
          <skipped>false</skipped>
          <failedSince>0</failedSince>
        </case>
        <case>
          <duration>0.251</duration>
          <className>TestTacacs</className>
          <testName>TestCase04.test04</testName>
          <skipped>false</skipped>
          <failedSince>0</failedSince>
        </case>
        <case>
          <duration>0.029</duration>
          <className>TestTacacs</className>
          <testName>TestCase05.test00</testName>
          <skipped>false</skipped>
          <failedSince>0</failedSince>
        </case>
        <case>
          <duration>0.019</duration>
          <className>TestTacacs</className>
          <testName>TestCase05.test01</testName>
          <skipped>false</skipped>
          <failedSince>0</failedSince>
        </case>
        <case>
          <duration>0.019</duration>
          <className>TestTacacs</className>
          <testName>TestCase05.test02</testName>
          <skipped>false</skipped>
          <failedSince>0</failedSince>
        </case>
        <case>
          <duration>0.017</duration>
          <className>TestTacacs</className>
          <testName>TestCase05.test03</testName>
          <skipped>false</skipped>
          <failedSince>0</failedSince>
        </case>
        <case>
          <duration>0.019</duration>
          <className>TestTacacs</className>
          <testName>TestCase05.test04</testName>
          <skipped>false</skipped>
          <failedSince>0</failedSince>
        </case>
        <case>
          <duration>6.716</duration>
          <className>TestTacacs</className>
          <testName>TestCase06.test01</testName>
          <skipped>false</skipped>
          <failedSince>0</failedSince>
        </case>
        <case>
          <duration>3.132</duration>
          <className>TestTacacs</className>
          <testName>TestCase06.test02</testName>
          <skipped>false</skipped>
          <failedSince>0</failedSince>
        </case>
        <case>
          <duration>4.617</duration>
          <className>TestTacacs</className>
          <testName>TestCase06.test03</testName>
          <skipped>false</skipped>
          <failedSince>0</failedSince>
        </case>
        <case>
          <duration>3.429</duration>
          <className>TestTacacs</className>
          <testName>TestCase06.test04</testName>
          <skipped>false</skipped>
          <failedSince>0</failedSince>
        </case>
        <case>
          <duration>3.482</duration>
          <className>TestTacacs</className>
          <testName>TestCase06.test05</testName>
          <skipped>false</skipped>
          <failedSince>0</failedSince>
        </case>
        <case>
          <duration>0.42</duration>
          <className>TestTacacs</className>
          <testName>TestCase07.test01</testName>
          <skipped>false</skipped>
          <failedSince>0</failedSince>
        </case>
        <case>
          <duration>1.789</duration>
          <className>TestTacacs</className>
          <testName>TestCase07.test02</testName>
          <skipped>false</skipped>
          <failedSince>0</failedSince>
        </case>
      </cases>
    </suite>
    <suite>
      <file>/home/jenkins/workspace/Backend/CNE@9/test-results/TEST-rest-TestRestMulticastDataFeed.xml</file>
      <name>rest.TestRestMulticastDataFeed</name>
      <stdout>No names found for children of container type custom-percentiles
b&apos;&lt;custom-percentiles&gt;\n          &lt;custom-percentile slot=&quot;0&quot; threshold=&quot;99.9&quot; /&gt;\n        &lt;/custom-percentiles&gt;\n      &apos;
No names found for children of container type custom-percentiles
b&apos;&lt;custom-percentiles&gt;\n          &lt;custom-percentile slot=&quot;0&quot; threshold=&quot;99.9&quot; /&gt;\n        &lt;/custom-percentiles&gt;\n      &apos;
.....No names found for children of container type custom-percentiles
b&apos;&lt;custom-percentiles&gt;\n          &lt;custom-percentile slo
...[truncated 3496 chars]...
&quot; /&gt;\n          &lt;custom-percentile slot=&quot;2&quot; threshold=&quot;60&quot; /&gt;\n        &lt;/custom-percentiles&gt;\n      &apos;
No names found for children of container type custom-percentiles
b&apos;&lt;custom-percentiles&gt;\n          &lt;custom-percentile slot=&quot;0&quot; threshold=&quot;50&quot; /&gt;\n          &lt;custom-percentile slot=&quot;2&quot; threshold=&quot;60&quot; /&gt;\n        &lt;/custom-percentiles&gt;\n      &apos;
.Test skipped on the CorvilNet Engine
.Removing configurable stat 5 modifies...
Adding configurable stat 3 modifies...
Replacing all configurable stats...
.</stdout>
      <stderr></stderr>
      <duration>55.603</duration>
      <timestamp>2019-10-31T08:44:06.583223</timestamp>
      <time>55.603</time>
      <enclosingBlocks/>
      <enclosingBlockNames/>
      <cases>
        <case>
          <duration>18.832</duration>
          <className>TestRestMulticastDataFeed</className>
          <testName>TestCase01.test01</testName>
          <skipped>false</skipped>
          <failedSince>0</failedSince>
        </case>
        <case>
          <duration>8.219</duration>
          <className>TestRestMulticastDataFeed</className>
          <testName>TestCase01.test02</testName>
          <skipped>false</skipped>
          <failedSince>0</failedSince>
        </case>
        <case>
          <duration>0.059</duration>
          <className>TestRestMulticastDataFeed</className>
          <testName>TestCase01.test03</testName>
          <skipped>false</skipped>
          <failedSince>0</failedSince>
        </case>
        <case>
          <duration>0.038</duration>
          <className>TestRestMulticastDataFeed</className>
          <testName>TestCase01.test04</testName>
          <skipped>false</skipped>
          <failedSince>0</failedSince>
        </case>
        <case>
          <duration>0.02</duration>
          <className>TestRestMulticastDataFeed</className>
          <testName>TestCase01.test05</testName>
          <skipped>false</skipped>
          <failedSince>0</failedSince>
        </case>
        <case>
          <duration>3.494</duration>
          <className>TestRestMulticastDataFeed</className>
          <testName>TestCase01.test06</testName>
          <skipped>false</skipped>
          <failedSince>0</failedSince>
        </case>
        <case>
          <duration>4.096</duration>
          <className>TestRestMulticastDataFeed</className>
          <testName>TestCase01.test07</testName>
          <skipped>false</skipped>
          <failedSince>0</failedSince>
        </case>
        <case>
          <duration>0.535</duration>
          <className>TestRestMulticastDataFeed</className>
          <testName>TestCase01.test08</testName>
          <skipped>false</skipped>
          <failedSince>0</failedSince>
        </case>
        <case>
          <duration>20.311</duration>
          <className>TestRestMulticastDataFeed</className>
          <testName>TestCase01.test09</testName>
          <skipped>false</skipped>
          <failedSince>0</failedSince>
        </case>
      </cases>
    </suite>
    <suite>
      <file>/home/jenkins/workspace/Backend/CNE@5/test-results/TEST-cli-TestParentChannel.xml</file>
      <name>cli.TestParentChannel</name>
      <stdout>
TestCase01.test01: unidirectional channel
.
TestCase01.test02: bidirectional-symmetric channel
.
TestCase01.test03: bidirectional-asymmetric channel
.
TestCase01.test04: multiple slaves
.
TestCase01.test05: changing channel-type
.
TestCase01.test06: filter-session-key
.
TestCase01.test07: detach and attach
.
TestCase01.test09: Test that two sessions can switch parent channel on config merge
.
TestCase02.test01: include channel in other objects
.
TestCase02.test02: Test if session identifier is applied to reverse direction channel.
..</stdout>
      <stderr></stderr>
      <duration>136.735</duration>
      <timestamp>2019-10-31T08:43:15.504761</timestamp>
      <time>136.735</time>
      <enclosingBlocks/>
      <enclosingBlockNames/>
      <cases>
        <case>
          <duration>33.521</duration>
          <className>TestParentChannel</className>
          <testName>TestCase01.test01</testName>
          <skipped>false</skipped>
          <failedSince>0</failedSince>
        </case>
        <case>
          <duration>12.403</duration>
          <className>TestParentChannel</className>
          <testName>TestCase01.test02</testName>
          <skipped>false</skipped>
          <failedSince>0</failedSince>
        </case>
        <case>
          <duration>16.35</duration>
          <className>TestParentChannel</className>
          <testName>TestCase01.test03</testName>
          <skipped>false</skipped>
          <failedSince>0</failedSince>
        </case>
        <case>
          <duration>6.684</duration>
          <className>TestParentChannel</className>
          <testName>TestCase01.test04</testName>
          <skipped>false</skipped>
          <failedSince>0</failedSince>
        </case>
        <case>
          <duration>6.837</duration>
          <className>TestParentChannel</className>
          <testName>TestCase01.test05</testName>
          <skipped>false</skipped>
          <failedSince>0</failedSince>
        </case>
        <case>
          <duration>3.428</duration>
          <className>TestParentChannel</className>
          <testName>TestCase01.test06</testName>
          <skipped>false</skipped>
          <failedSince>0</failedSince>
        </case>
        <case>
          <duration>20.803</duration>
          <className>TestParentChannel</className>
          <testName>TestCase01.test07</testName>
          <skipped>false</skipped>
          <failedSince>0</failedSince>
        </case>
        <case>
          <duration>10.362</duration>
          <className>TestParentChannel</className>
          <testName>TestCase01.test09</testName>
          <skipped>false</skipped>
          <failedSince>0</failedSince>
        </case>
        <case>
          <duration>6.989</duration>
          <className>TestParentChannel</className>
          <testName>TestCase02.test01</testName>
          <skipped>false</skipped>
          <failedSince>0</failedSince>
        </case>
        <case>
          <duration>9.567</duration>
          <className>TestParentChannel</className>
          <testName>TestCase02.test02</testName>
          <skipped>false</skipped>
          <failedSince>0</failedSince>
        </case>
        <case>
          <duration>9.791</duration>
          <className>TestParentChannel</className>
          <testName>TestCase02.test03</testName>
          <skipped>false</skipped>
          <failedSince>0</failedSince>
        </case>
      </cases>
    </suite>
    <suite>
      <file>/home/jenkins/workspace/Backend/CNE@2/test-results/TEST-cli-TestNso.xml</file>
      <name>cli.TestNso</name>
      <stdout>Clearing host config ...
...............................................................
TestCase12.test01: Completions
.
TestCase12.test02: Cli with DB checks and show checks
...
TestCase12.test05: Check renaming of measures used in policies
........Testing BQM-27761 usage text for less-than
..
TestCase12.test15: Semantic check for non-positive values when using &apos;less-than&apos;
.
TestCase12.test16: BQM-28775 Check that the right unit is shown with negative latencies
.
TestCase12.test17: Test that n
...[truncated 147 chars]...
rt..6s]
.
TestCase13.test02: BQM-27674 Range checking for configurable-statistic-event-policy min-mean-max
.
TestCase13.test03: BQM-27749 less-than not shown in &apos;show channel ... configurable-stats&apos; output
Test fix for BQM-27809, syslog flooded with &apos;Last event expected non-empty when violation time in events is &gt;0&apos;
Log entries:
[]
.
TestCase13.test04: BQM-30526 Verify that timestamp is updated on the stat-event-policy changes
.
TestCase13.test05: BQM-30907 Verify that 1% of 1 kbps is not zero
.</stdout>
      <stderr></stderr>
      <duration>173.087</duration>
      <timestamp>2019-10-31T08:42:45.036031</timestamp>
      <time>173.087</time>
      <enclosingBlocks/>
      <enclosingBlockNames/>
      <cases>
        <case>
          <duration>18.641</duration>
          <className>TestNso</className>
          <testName>TestCase00.test01</testName>
          <skipped>false</skipped>
          <failedSince>0</failedSince>
        </case>
        <case>
          <duration>0.012</duration>
          <className>TestNso</className>
          <testName>TestCase01.test01</testName>
          <skipped>false</skipped>
          <failedSince>0</failedSince>
        </case>
        <case>
          <duration>0.018</duration>
          <className>TestNso</className>
          <testName>TestCase01.test02</testName>
          <skipped>false</skipped>
          <failedSince>0</failedSince>
        </case>
        <case>
          <duration>0.004</duration>
          <className>TestNso</className>
          <testName>TestCase01.test03</testName>
          <skipped>false</skipped>
          <failedSince>0</failedSince>
        </case>
        <case>
          <duration>0.015</duration>
          <className>TestNso</className>
          <testName>TestCase01.test04</testName>
          <skipped>false</skipped>
          <failedSince>0</failedSince>
        </case>
        <case>
          <duration>1.891</duration>
          <className>TestNso</className>
          <testName>TestCase01.test05</testName>
          <skipped>false</skipped>
          <failedSince>0</failedSince>
        </case>
        <case>
          <duration>0.779</duration>
          <className>TestNso</className>
          <testName>TestCase02.test01</testName>
          <skipped>false</skipped>
          <failedSince>0</failedSince>
        </case>
        <case>
          <duration>0.28</duration>
          <className>TestNso</className>
          <testName>TestCase02.test02</testName>
          <skipped>false</skipped>
          <failedSince>0</failedSince>
        </case>
        <case>
          <duration>0.197</duration>
          <className>TestNso</className>
          <testName>TestCase02.test03</testName>
          <skipped>false</skipped>
          <failedSince>0</failedSince>
        </case>
        <case>
          <duration>0.611</duration>
          <className>TestNso</className>
          <testName>TestCase02.test04</testName>
          <skipped>false</skipped>
          <failedSince>0</failedSince>
        </case>
        <case>
          <duration>0.237</duration>
          <className>TestNso</className>
          <testName>TestCase02.test05</testName>
          <skipped>false</skipped>
          <failedSince>0</failedSince>
        </case>
        <case>
          <duration>0.179</duration>
          <className>TestNso</className>
          <testName>TestCase02.test06</testName>
          <skipped>false</skipped>
          <failedSince>0</failedSince>
        </case>
        <case>
          <duration>0.38</duration>
          <className>TestNso</className>
          <testName>TestCase02.test07</testName>
          <skipped>false</skipped>
          <failedSince>0</failedSince>
        </case>
        <case>
          <duration>0.219</duration>
          <className>TestNso</className>
          <testName>TestCase02.test08</testName>
          <skipped>false</skipped>
          <failedSince>0</failedSince>
        </case>
        <case>
          <duration>0.046</duration>
          <className>TestNso</className>
          <testName>TestCase02.test09</testName>
          <skipped>false</skipped>
          <failedSince>0</failedSince>
        </case>
        <case>
          <duration>0.301</duration>
          <className>TestNso</className>
          <testName>TestCase02.test10</testName>
          <skipped>false</skipped>
          <failedSince>0</failedSince>
        </case>
        <case>
          <duration>0.778</duration>
          <className>TestNso</className>
          <testName>TestCase02.test11</testName>
          <skipped>false</skipped>
          <failedSince>0</failedSince>
        </case>
        <case>
          <duration>0.013</duration>
          <className>TestNso</className>
          <testName>TestCase02.test12</testName>
          <skipped>false</skipped>
          <failedSince>0</failedSince>
        </case>
        <case>
          <duration>0.188</duration>
          <className>TestNso</className>
          <testName>TestCase03.test01</testName>
          <skipped>false</skipped>
          <failedSince>0</failedSince>
        </case>
        <case>
          <duration>0.364</duration>
          <className>TestNso</className>
          <testName>TestCase04.test01</testName>
          <skipped>false</skipped>
          <failedSince>0</failedSince>
        </case>
        <case>
          <duration>0.139</duration>
          <className>TestNso</className>
          <testName>TestCase04.test02</testName>
          <skipped>false</skipped>
          <failedSince>0</failedSince>
        </case>
        <case>
          <duration>0.204</duration>
          <className>TestNso</className>
          <testName>TestCase05.test01</testName>
          <skipped>false</skipped>
          <failedSince>0</failedSince>
        </case>
        <case>
          <duration>0.087</duration>
          <className>TestNso</className>
          <testName>TestCase05.test02</testName>
          <skipped>false</skipped>
          <failedSince>0</failedSince>
        </case>
        <case>
          <duration>0.044</duration>
          <className>TestNso</className>
          <testName>TestCase05.test03</testName>
          <skipped>false</skipped>
          <failedSince>0</failedSince>
        </case>
        <case>
          <duration>0.179</duration>
          <className>TestNso</className>
          <testName>TestCase05.test04</testName>
          <skipped>false</skipped>
          <failedSince>0</failedSince>
        </case>
        <case>
          <duration>0.025</duration>
          <className>TestNso</className>
          <testName>TestCase06.test01</testName>
          <skipped>false</skipped>
          <failedSince>0</failedSince>
        </case>
        <case>
          <duration>0.116</duration>
          <className>TestNso</className>
          <testName>TestCase06.test02</testName>
          <skipped>false</skipped>
          <failedSince>0</failedSince>
        </case>
        <case>
          <duration>0.107</duration>
          <className>TestNso</className>
          <testName>TestCase06.test03</testName>
          <skipped>false</skipped>
          <failedSince>0</failedSince>
        </case>
        <case>
          <duration>0.07</duration>
          <className>TestNso</className>
          <testName>TestCase06.test04</testName>
          <skipped>false</skipped>
          <failedSince>0</failedSince>
        </case>
        <case>
          <duration>0.119</duration>
          <className>TestNso</className>
          <testName>TestCase06.test05</testName>
          <skipped>false</skipped>
          <failedSince>0</failedSince>
        </case>
        <case>
          <duration>0.079</duration>
          <className>TestNso</className>
          <testName>TestCase06.test06</testName>
          <skipped>false</skipped>
          <failedSince>0</failedSince>
        </case>
        <case>
          <duration>0.065</duration>
          <className>TestNso</className>
          <testName>TestCase06.test07</testName>
          <skipped>false</skipped>
          <failedSince>0</failedSince>
        </case>
        <case>
          <duration>0.013</duration>
          <className>TestNso</className>
          <testName>TestCase06.test08</testName>
          <skipped>false</skipped>
          <failedSince>0</failedSince>
        </case>
        <case>
          <duration>0.162</duration>
          <className>TestNso</className>
          <testName>TestCase06.test09</testName>
          <skipped>false</skipped>
          <failedSince>0</failedSince>
        </case>
        <case>
          <duration>0.181</duration>
          <className>TestNso</className>
          <testName>TestCase06.test10</testName>
          <skipped>false</skipped>
          <failedSince>0</failedSince>
        </case>
        <case>
          <duration>0.062</duration>
          <className>TestNso</className>
          <testName>TestCase06.test11</testName>
          <skipped>false</skipped>
          <failedSince>0</failedSince>
        </case>
        <case>
          <duration>0.025</duration>
          <className>TestNso</className>
          <testName>TestCase07.test01</testName>
          <skipped>false</skipped>
          <failedSince>0</failedSince>
        </case>
        <case>
          <duration>0.005</duration>
          <className>TestNso</className>
          <testName>TestCase07.test02</testName>
          <skipped>false</skipped>
          <failedSince>0</failedSince>
        </case>
        <case>
          <duration>0.062</duration>
          <className>TestNso</className>
          <testName>TestCase07.test03</testName>
          <skipped>false</skipped>
          <failedSince>0</failedSince>
        </case>
        <case>
          <duration>0.024</duration>
          <className>TestNso</className>
          <testName>TestCase08.test01</testName>
          <skipped>false</skipped>
          <failedSince>0</failedSince>
        </case>
        <case>
          <duration>0.436</duration>
          <className>TestNso</className>
          <testName>TestCase08.test02</testName>
          <skipped>false</skipped>
          <failedSince>0</failedSince>
        </case>
        <case>
          <duration>0.118</duration>
          <className>TestNso</className>
          <testName>TestCase08.test03</testName>
          <skipped>false</skipped>
          <failedSince>0</failedSince>
        </case>
        <case>
          <duration>0.406</duration>
          <className>TestNso</className>
          <testName>TestCase08.test04</testName>
          <skipped>false</skipped>
          <failedSince>0</failedSince>
        </case>
        <case>
          <duration>0.089</duration>
          <className>TestNso</className>
          <testName>TestCase08.test05</testName>
          <skipped>false</skipped>
          <failedSince>0</failedSince>
        </case>
        <case>
          <duration>0.025</duration>
          <className>TestNso</className>
          <testName>TestCase09.test01</testName>
          <skipped>false</skipped>
          <failedSince>0</failedSince>
        </case>
        <case>
          <duration>0.02</duration>
          <className>TestNso</className>
          <testName>TestCase09.test02</testName>
          <skipped>false</skipped>
          <failedSince>0</failedSince>
        </case>
        <case>
          <duration>0.052</duration>
          <className>TestNso</className>
          <testName>TestCase09.test03</testName>
          <skipped>false</skipped>
          <failedSince>0</failedSince>
        </case>
        <case>
          <duration>0.043</duration>
          <className>TestNso</className>
          <testName>TestCase09.test04</testName>
          <skipped>false</skipped>
          <failedSince>0</failedSince>
        </case>
        <case>
          <duration>2.599</duration>
          <className>TestNso</className>
          <testName>TestCase09.test05</testName>
          <skipped>false</skipped>
          <failedSince>0</failedSince>
        </case>
        <case>
          <duration>0.133</duration>
          <className>TestNso</className>
          <testName>TestCase09.test06</testName>
          <skipped>false</skipped>
          <failedSince>0</failedSince>
        </case>
        <case>
          <duration>0.02</duration>
          <className>TestNso</className>
          <testName>TestCase09.test07</testName>
          <skipped>false</skipped>
          <failedSince>0</failedSince>
        </case>
        <case>
          <duration>0.019</duration>
          <className>TestNso</className>
          <testName>TestCase09.test08</testName>
          <skipped>false</skipped>
          <failedSince>0</failedSince>
        </case>
        <case>
          <duration>0.019</duration>
          <className>TestNso</className>
          <testName>TestCase09.test09</testName>
          <skipped>false</skipped>
          <failedSince>0</failedSince>
        </case>
        <case>
          <duration>0.07</duration>
          <className>TestNso</className>
          <testName>TestCase09.test10</testName>
          <skipped>false</skipped>
          <failedSince>0</failedSince>
        </case>
        <case>
          <duration>0.148</duration>
          <className>TestNso</className>
          <testName>TestCase09.test11</testName>
          <skipped>false</skipped>
          <failedSince>0</failedSince>
        </case>
        <case>
          <duration>0.154</duration>
          <className>TestNso</className>
          <testName>TestCase09.test12</testName>
          <skipped>false</skipped>
          <failedSince>0</failedSince>
        </case>
        <case>
          <duration>0.04</duration>
          <className>TestNso</className>
          <testName>TestCase10.test01</testName>
          <skipped>false</skipped>
          <failedSince>0</failedSince>
        </case>
        <case>
          <duration>0.03</duration>
          <className>TestNso</className>
          <testName>TestCase10.test02</testName>
          <skipped>false</skipped>
          <failedSince>0</failedSince>
        </case>
        <case>
          <duration>1.984</duration>
          <className>TestNso</className>
          <testName>TestCase11.test01</testName>
          <skipped>false</skipped>
          <failedSince>0</failedSince>
        </case>
        <case>
          <duration>2.215</duration>
          <className>TestNso</className>
          <testName>TestCase11.test02</testName>
          <skipped>false</skipped>
          <failedSince>0</failedSince>
        </case>
        <case>
          <duration>1.689</duration>
          <className>TestNso</className>
          <testName>TestCase11.test03</testName>
          <skipped>false</skipped>
          <failedSince>0</failedSince>
        </case>
        <case>
          <duration>13.83</duration>
          <className>TestNso</className>
          <testName>TestCase11.test04</testName>
          <skipped>false</skipped>
          <failedSince>0</failedSince>
        </case>
        <case>
          <duration>1.668</duration>
          <className>TestNso</className>
          <testName>TestCase11.test05</testName>
          <skipped>false</skipped>
          <failedSince>0</failedSince>
        </case>
        <case>
          <duration>4.192</duration>
          <className>TestNso</className>
          <testName>TestCase12.test01</testName>
          <skipped>false</skipped>
          <failedSince>0</failedSince>
        </case>
        <case>
          <duration>3.125</duration>
          <className>TestNso</className>
          <testName>TestCase12.test02</testName>
          <skipped>false</skipped>
          <failedSince>0</failedSince>
        </case>
        <case>
          <duration>1.464</duration>
          <className>TestNso</className>
          <testName>TestCase12.test03</testName>
          <skipped>false</skipped>
          <failedSince>0</failedSince>
        </case>
        <case>
          <duration>2.025</duration>
          <className>TestNso</className>
          <testName>TestCase12.test04</testName>
          <skipped>false</skipped>
          <failedSince>0</failedSince>
        </case>
        <case>
          <duration>1.65</duration>
          <className>TestNso</className>
          <testName>TestCase12.test05</testName>
          <skipped>false</skipped>
          <failedSince>0</failedSince>
        </case>
        <case>
          <duration>4.32</duration>
          <className>TestNso</className>
          <testName>TestCase12.test06</testName>
          <skipped>false</skipped>
          <failedSince>0</failedSince>
        </case>
        <case>
          <duration>1.619</duration>
          <className>TestNso</className>
          <testName>TestCase12.test07</testName>
          <skipped>false</skipped>
          <failedSince>0</failedSince>
        </case>
        <case>
          <duration>1.47</duration>
          <className>TestNso</className>
          <testName>TestCase12.test08</testName>
          <skipped>false</skipped>
          <failedSince>0</failedSince>
        </case>
        <case>
          <duration>2.123</duration>
          <className>TestNso</className>
          <testName>TestCase12.test09</testName>
          <skipped>false</skipped>
          <failedSince>0</failedSince>
        </case>
        <case>
          <duration>7.627</duration>
          <className>TestNso</className>
          <testName>TestCase12.test10</testName>
          <skipped>false</skipped>
          <failedSince>0</failedSince>
        </case>
        <case>
          <duration>0.325</duration>
          <className>TestNso</className>
          <testName>TestCase12.test11</testName>
          <skipped>false</skipped>
          <failedSince>0</failedSince>
        </case>
        <case>
          <duration>2.203</duration>
          <className>TestNso</className>
          <testName>TestCase12.test12</testName>
          <skipped>false</skipped>
          <failedSince>0</failedSince>
        </case>
        <case>
          <duration>0.2</duration>
          <className>TestNso</className>
          <testName>TestCase12.test13</testName>
          <skipped>false</skipped>
          <failedSince>0</failedSince>
        </case>
        <case>
          <duration>2.105</duration>
          <className>TestNso</className>
          <testName>TestCase12.test14</testName>
          <skipped>false</skipped>
          <failedSince>0</failedSince>
        </case>
        <case>
          <duration>1.853</duration>
          <className>TestNso</className>
          <testName>TestCase12.test15</testName>
          <skipped>false</skipped>
          <failedSince>0</failedSince>
        </case>
        <case>
          <duration>0.017</duration>
          <className>TestNso</className>
          <testName>TestCase12.test16</testName>
          <skipped>false</skipped>
          <failedSince>0</failedSince>
        </case>
        <case>
          <duration>8.358</duration>
          <className>TestNso</className>
          <testName>TestCase12.test17</testName>
          <skipped>false</skipped>
          <failedSince>0</failedSince>
        </case>
        <case>
          <duration>0.156</duration>
          <className>TestNso</className>
          <testName>TestCase12.test18</testName>
          <skipped>false</skipped>
          <failedSince>0</failedSince>
        </case>
        <case>
          <duration>35.433</duration>
          <className>TestNso</className>
          <testName>TestCase13.test01</testName>
          <skipped>false</skipped>
          <failedSince>0</failedSince>
        </case>
        <case>
          <duration>8.509</duration>
          <className>TestNso</className>
          <testName>TestCase13.test02</testName>
          <skipped>false</skipped>
          <failedSince>0</failedSince>
        </case>
        <case>
          <duration>24.522</duration>
          <className>TestNso</className>
          <testName>TestCase13.test03</testName>
          <skipped>false</skipped>
          <failedSince>0</failedSince>
        </case>
        <case>
          <duration>2.039</duration>
          <className>TestNso</className>
          <testName>TestCase13.test04</testName>
          <skipped>false</skipped>
          <failedSince>0</failedSince>
        </case>
        <case>
          <duration>5.014</duration>
          <className>TestNso</className>
          <testName>TestCase13.test05</testName>
          <skipped>false</skipped>
          <failedSince>0</failedSince>
        </case>
      </cases>
    </suite>
    <suite>
      <file>/home/jenkins/workspace/Backend/CNE/test-results/TEST-cli-TestMisc.xml</file>
      <name>cli.TestMisc</name>
      <stdout>......Test skipped on the CorvilNet Engine
.Test skipped on the CorvilNet Engine
.Test test07 skipped in sandbox
..Test skipped on the CorvilNet Engine
.Test skipped on the CorvilNet Engine
.Test skipped on the CorvilNet Engine
..Test skipped on the CorvilNet Engine
...TestCase01.test17: clear decode-failures
.TestCase01.test18: save-decode-failures
.......Test test25 skipped in sandbox
......
TestCase01.test31: Test command clock-sync with and-monitor feature
.......
TestCase02.test07: BQM-4440
...[truncated 1161 chars]...
DRDL application which has the same name as a decoder that&apos;s present on the box
....Test skipped on the CorvilNet Engine
.
TestCase11.test01: Config user cannot reload
..
TestCase11.test03: probed gets restarted with the &apos;reload server-daemon&apos; command
.
TestCase12.test01: check help for setup command contains new details
.
TestCase12.test02: check completion for setup command
.
TestCase13.test01: check that there are no valgrind errors from glibc gethostbyname
.Test test01 skipped in sandbox
...</stdout>
      <stderr></stderr>
      <duration>132.382</duration>
      <timestamp>2019-10-31T08:43:27.733485</timestamp>
      <time>132.382</time>
      <enclosingBlocks/>
      <enclosingBlockNames/>
      <cases>
        <case>
          <duration>14.89</duration>
          <className>TestMisc</className>
          <testName>TestCase01.test01</testName>
          <skipped>false</skipped>
          <failedSince>0</failedSince>
        </case>
        <case>
          <duration>3.456</duration>
          <className>TestMisc</className>
          <testName>TestCase01.test02</testName>
          <skipped>false</skipped>
          <failedSince>0</failedSince>
        </case>
        <case>
          <duration>1.262</duration>
          <className>TestMisc</className>
          <testName>TestCase01.test03</testName>
          <skipped>false</skipped>
          <failedSince>0</failedSince>
        </case>
        <case>
          <duration>0.926</duration>
          <className>TestMisc</className>
          <testName>TestCase01.test04</testName>
          <skipped>false</skipped>
          <failedSince>0</failedSince>
        </case>
        <case>
          <duration>0.57</duration>
          <className>TestMisc</className>
          <testName>TestCase01.test04a</testName>
          <skipped>false</skipped>
          <failedSince>0</failedSince>
        </case>
        <case>
          <duration>0.395</duration>
          <className>TestMisc</className>
          <testName>TestCase01.test04b</testName>
          <skipped>false</skipped>
          <failedSince>0</failedSince>
        </case>
        <case>
          <duration>0.044</duration>
          <className>TestMisc</className>
          <testName>TestCase01.test05</testName>
          <skipped>false</skipped>
          <failedSince>0</failedSince>
        </case>
        <case>
          <duration>0.072</duration>
          <className>TestMisc</className>
          <testName>TestCase01.test06</testName>
          <skipped>false</skipped>
          <failedSince>0</failedSince>
        </case>
        <case>
          <duration>0.019</duration>
          <className>TestMisc</className>
          <testName>TestCase01.test07</testName>
          <skipped>false</skipped>
          <failedSince>0</failedSince>
        </case>
        <case>
          <duration>0.064</duration>
          <className>TestMisc</className>
          <testName>TestCase01.test08</testName>
          <skipped>false</skipped>
          <failedSince>0</failedSince>
        </case>
        <case>
          <duration>0.017</duration>
          <className>TestMisc</className>
          <testName>TestCase01.test09</testName>
          <skipped>false</skipped>
          <failedSince>0</failedSince>
        </case>
        <case>
          <duration>0.016</duration>
          <className>TestMisc</className>
          <testName>TestCase01.test11</testName>
          <skipped>false</skipped>
          <failedSince>0</failedSince>
        </case>
        <case>
          <duration>0.016</duration>
          <className>TestMisc</className>
          <testName>TestCase01.test12</testName>
          <skipped>false</skipped>
          <failedSince>0</failedSince>
        </case>
        <case>
          <duration>0.012</duration>
          <className>TestMisc</className>
          <testName>TestCase01.test13</testName>
          <skipped>false</skipped>
          <failedSince>0</failedSince>
        </case>
        <case>
          <duration>0.022</duration>
          <className>TestMisc</className>
          <testName>TestCase01.test14</testName>
          <skipped>false</skipped>
          <failedSince>0</failedSince>
        </case>
        <case>
          <duration>0.007</duration>
          <className>TestMisc</className>
          <testName>TestCase01.test15</testName>
          <skipped>false</skipped>
          <failedSince>0</failedSince>
        </case>
        <case>
          <duration>0.075</duration>
          <className>TestMisc</className>
          <testName>TestCase01.test16</testName>
          <skipped>false</skipped>
          <failedSince>0</failedSince>
        </case>
        <case>
          <duration>0.021</duration>
          <className>TestMisc</className>
          <testName>TestCase01.test17</testName>
          <skipped>false</skipped>
          <failedSince>0</failedSince>
        </case>
        <case>
          <duration>0.012</duration>
          <className>TestMisc</className>
          <testName>TestCase01.test18</testName>
          <skipped>false</skipped>
          <failedSince>0</failedSince>
        </case>
        <case>
          <duration>0.011</duration>
          <className>TestMisc</className>
          <testName>TestCase01.test19</testName>
          <skipped>false</skipped>
          <failedSince>0</failedSince>
        </case>
        <case>
          <duration>2.224</duration>
          <className>TestMisc</className>
          <testName>TestCase01.test20</testName>
          <skipped>false</skipped>
          <failedSince>0</failedSince>
        </case>
        <case>
          <duration>0.014</duration>
          <className>TestMisc</className>
          <testName>TestCase01.test21</testName>
          <skipped>false</skipped>
          <failedSince>0</failedSince>
        </case>
        <case>
          <duration>0.021</duration>
          <className>TestMisc</className>
          <testName>TestCase01.test22</testName>
          <skipped>false</skipped>
          <failedSince>0</failedSince>
        </case>
        <case>
          <duration>0.038</duration>
          <className>TestMisc</className>
          <testName>TestCase01.test23</testName>
          <skipped>false</skipped>
          <failedSince>0</failedSince>
        </case>
        <case>
          <duration>0.025</duration>
          <className>TestMisc</className>
          <testName>TestCase01.test24</testName>
          <skipped>false</skipped>
          <failedSince>0</failedSince>
        </case>
        <case>
          <duration>0.027</duration>
          <className>TestMisc</className>
          <testName>TestCase01.test25</testName>
          <skipped>false</skipped>
          <failedSince>0</failedSince>
        </case>
        <case>
          <duration>0.037</duration>
          <className>TestMisc</className>
          <testName>TestCase01.test26</testName>
          <skipped>false</skipped>
          <failedSince>0</failedSince>
        </case>
        <case>
          <duration>7.621</duration>
          <className>TestMisc</className>
          <testName>TestCase01.test27</testName>
          <skipped>false</skipped>
          <failedSince>0</failedSince>
        </case>
        <case>
          <duration>4.536</duration>
          <className>TestMisc</className>
          <testName>TestCase01.test28</testName>
          <skipped>false</skipped>
          <failedSince>0</failedSince>
        </case>
        <case>
          <duration>0.035</duration>
          <className>TestMisc</className>
          <testName>TestCase01.test29</testName>
          <skipped>false</skipped>
          <failedSince>0</failedSince>
        </case>
        <case>
          <duration>2.645</duration>
          <className>TestMisc</className>
          <testName>TestCase01.test30</testName>
          <skipped>false</skipped>
          <failedSince>0</failedSince>
        </case>
        <case>
          <duration>2.122</duration>
          <className>TestMisc</className>
          <testName>TestCase01.test31</testName>
          <skipped>false</skipped>
          <failedSince>0</failedSince>
        </case>
        <case>
          <duration>1.893</duration>
          <className>TestMisc</className>
          <testName>TestCase02.test01</testName>
          <skipped>false</skipped>
          <failedSince>0</failedSince>
        </case>
        <case>
          <duration>0.047</duration>
          <className>TestMisc</className>
          <testName>TestCase02.test02</testName>
          <skipped>false</skipped>
          <failedSince>0</failedSince>
        </case>
        <case>
          <duration>2.59</duration>
          <className>TestMisc</className>
          <testName>TestCase02.test03</testName>
          <skipped>false</skipped>
          <failedSince>0</failedSince>
        </case>
        <case>
          <duration>1.558</duration>
          <className>TestMisc</className>
          <testName>TestCase02.test04</testName>
          <skipped>false</skipped>
          <failedSince>0</failedSince>
        </case>
        <case>
          <duration>1.088</duration>
          <className>TestMisc</className>
          <testName>TestCase02.test05</testName>
          <skipped>false</skipped>
          <failedSince>0</failedSince>
        </case>
        <case>
          <duration>0.021</duration>
          <className>TestMisc</className>
          <testName>TestCase02.test06</testName>
          <skipped>false</skipped>
          <failedSince>0</failedSince>
        </case>
        <case>
          <duration>0.582</duration>
          <className>TestMisc</className>
          <testName>TestCase02.test07</testName>
          <skipped>false</skipped>
          <failedSince>0</failedSince>
        </case>
        <case>
          <duration>0.0</duration>
          <className>TestMisc</className>
          <testName>TestCase03.test01</testName>
          <skipped>false</skipped>
          <failedSince>0</failedSince>
        </case>
        <case>
          <duration>0.0</duration>
          <className>TestMisc</className>
          <testName>TestCase03.test02</testName>
          <skipped>false</skipped>
          <failedSince>0</failedSince>
        </case>
        <case>
          <duration>0.0</duration>
          <className>TestMisc</className>
          <testName>TestCase04.test01</testName>
          <skipped>false</skipped>
          <failedSince>0</failedSince>
        </case>
        <case>
          <duration>3.415</duration>
          <className>TestMisc</className>
          <testName>TestCase05.test01</testName>
          <skipped>false</skipped>
          <failedSince>0</failedSince>
        </case>
        <case>
          <duration>3.409</duration>
          <className>TestMisc</className>
          <testName>TestCase06.test01</testName>
          <skipped>false</skipped>
          <failedSince>0</failedSince>
        </case>
        <case>
          <duration>2.211</duration>
          <className>TestMisc</className>
          <testName>TestCase07.test01</testName>
          <skipped>false</skipped>
          <failedSince>0</failedSince>
        </case>
        <case>
          <duration>0.182</duration>
          <className>TestMisc</className>
          <testName>TestCase07.test02</testName>
          <skipped>false</skipped>
          <failedSince>0</failedSince>
        </case>
        <case>
          <duration>1.805</duration>
          <className>TestMisc</className>
          <testName>TestCase07.test03</testName>
          <skipped>false</skipped>
          <failedSince>0</failedSince>
        </case>
        <case>
          <duration>1.407</duration>
          <className>TestMisc</className>
          <testName>TestCase08.test01</testName>
          <skipped>false</skipped>
          <failedSince>0</failedSince>
        </case>
        <case>
          <duration>0.008</duration>
          <className>TestMisc</className>
          <testName>TestCase08.test02</testName>
          <skipped>false</skipped>
          <failedSince>0</failedSince>
        </case>
        <case>
          <duration>0.0</duration>
          <className>TestMisc</className>
          <testName>TestCase08.test04</testName>
          <skipped>false</skipped>
          <failedSince>0</failedSince>
        </case>
        <case>
          <duration>1.162</duration>
          <className>TestMisc</className>
          <testName>TestCase08.test05</testName>
          <skipped>false</skipped>
          <failedSince>0</failedSince>
        </case>
        <case>
          <duration>3.282</duration>
          <className>TestMisc</className>
          <testName>TestCase08.test06</testName>
          <skipped>false</skipped>
          <failedSince>0</failedSince>
        </case>
        <case>
          <duration>0.47</duration>
          <className>TestMisc</className>
          <testName>TestCase08.test07</testName>
          <skipped>false</skipped>
          <failedSince>0</failedSince>
        </case>
        <case>
          <duration>2.014</duration>
          <className>TestMisc</className>
          <testName>TestCase08.test08</testName>
          <skipped>false</skipped>
          <failedSince>0</failedSince>
        </case>
        <case>
          <duration>10.894</duration>
          <className>TestMisc</className>
          <testName>TestCase08.test09</testName>
          <skipped>false</skipped>
          <failedSince>0</failedSince>
        </case>
        <case>
          <duration>2.515</duration>
          <className>TestMisc</className>
          <testName>TestCase08.test10</testName>
          <skipped>false</skipped>
          <failedSince>0</failedSince>
        </case>
        <case>
          <duration>3.75</duration>
          <className>TestMisc</className>
          <testName>TestCase09.test01</testName>
          <skipped>false</skipped>
          <failedSince>0</failedSince>
        </case>
        <case>
          <duration>0.008</duration>
          <className>TestMisc</className>
          <testName>TestCase09.test02</testName>
          <skipped>false</skipped>
          <failedSince>0</failedSince>
        </case>
        <case>
          <duration>1.619</duration>
          <className>TestMisc</className>
          <testName>TestCase09a.test01</testName>
          <skipped>false</skipped>
          <failedSince>0</failedSince>
        </case>
        <case>
          <duration>0.007</duration>
          <className>TestMisc</className>
          <testName>TestCase09a.test02</testName>
          <skipped>false</skipped>
          <failedSince>0</failedSince>
        </case>
        <case>
          <duration>3.496</duration>
          <className>TestMisc</className>
          <testName>TestCase10.test01</testName>
          <skipped>false</skipped>
          <failedSince>0</failedSince>
        </case>
        <case>
          <duration>0.015</duration>
          <className>TestMisc</className>
          <testName>TestCase10.test02</testName>
          <skipped>false</skipped>
          <failedSince>0</failedSince>
        </case>
        <case>
          <duration>0.03</duration>
          <className>TestMisc</className>
          <testName>TestCase10.test03</testName>
          <skipped>false</skipped>
          <failedSince>0</failedSince>
        </case>
        <case>
          <duration>0.026</duration>
          <className>TestMisc</className>
          <testName>TestCase10.test04</testName>
          <skipped>false</skipped>
          <failedSince>0</failedSince>
        </case>
        <case>
          <duration>0.019</duration>
          <className>TestMisc</className>
          <testName>TestCase10.test05</testName>
          <skipped>false</skipped>
          <failedSince>0</failedSince>
        </case>
        <case>
          <duration>1.653</duration>
          <className>TestMisc</className>
          <testName>TestCase11.test01</testName>
          <skipped>false</skipped>
          <failedSince>0</failedSince>
        </case>
        <case>
          <duration>0.03</duration>
          <className>TestMisc</className>
          <testName>TestCase11.test02</testName>
          <skipped>false</skipped>
          <failedSince>0</failedSince>
        </case>
        <case>
          <duration>27.663</duration>
          <className>TestMisc</className>
          <testName>TestCase11.test03</testName>
          <skipped>false</skipped>
          <failedSince>0</failedSince>
        </case>
        <case>
          <duration>2.167</duration>
          <className>TestMisc</className>
          <testName>TestCase12.test01</testName>
          <skipped>false</skipped>
          <failedSince>0</failedSince>
        </case>
        <case>
          <duration>0.04</duration>
          <className>TestMisc</className>
          <testName>TestCase12.test02</testName>
          <skipped>false</skipped>
          <failedSince>0</failedSince>
        </case>
        <case>
          <duration>2.704</duration>
          <className>TestMisc</className>
          <testName>TestCase13.test01</testName>
          <skipped>false</skipped>
          <failedSince>0</failedSince>
        </case>
        <case>
          <duration>0.0</duration>
          <className>TestMisc</className>
          <testName>TestCase14.test01</testName>
          <skipped>false</skipped>
          <failedSince>0</failedSince>
        </case>
        <case>
          <duration>3.586</duration>
          <className>TestMisc</className>
          <testName>TestCase15.test01</testName>
          <skipped>false</skipped>
          <failedSince>0</failedSince>
        </case>
        <case>
          <duration>3.757</duration>
          <className>TestMisc</className>
          <testName>TestCase15.test02_when_no_reporting_periods</testName>
          <skipped>false</skipped>
          <failedSince>0</failedSince>
        </case>
      </cases>
    </suite>
    <suite>
      <file>/home/jenkins/workspace/Backend/CNE@3/test-results/TEST-rest-TestRestBandwidthLicenses.xml</file>
      <name>rest.TestRestBandwidthLicenses</name>
      <stdout>...........</stdout>
      <stderr></stderr>
      <duration>123.345</duration>
      <timestamp>2019-10-31T08:43:38.091628</timestamp>
      <time>123.345</time>
      <enclosingBlocks/>
      <enclosingBlockNames/>
      <cases>
        <case>
          <duration>21.872</duration>
          <className>TestRestBandwidthLicenses</className>
          <testName>TestCase00.test01</testName>
          <skipped>false</skipped>
          <failedSince>0</failedSince>
        </case>
        <case>
          <duration>8.103</duration>
          <className>TestRestBandwidthLicenses</className>
          <testName>TestCase01.test01</testName>
          <skipped>false</skipped>
          <failedSince>0</failedSince>
        </case>
        <case>
          <duration>2.591</duration>
          <className>TestRestBandwidthLicenses</className>
          <testName>TestCase01.test02</testName>
          <skipped>false</skipped>
          <failedSince>0</failedSince>
        </case>
        <case>
          <duration>2.307</duration>
          <className>TestRestBandwidthLicenses</className>
          <testName>TestCase01.test03</testName>
          <skipped>false</skipped>
          <failedSince>0</failedSince>
        </case>
        <case>
          <duration>1.861</duration>
          <className>TestRestBandwidthLicenses</className>
          <testName>TestCase02.test01</testName>
          <skipped>false</skipped>
          <failedSince>0</failedSince>
        </case>
        <case>
          <duration>20.133</duration>
          <className>TestRestBandwidthLicenses</className>
          <testName>TestCase03.test01</testName>
          <skipped>false</skipped>
          <failedSince>0</failedSince>
        </case>
        <case>
          <duration>17.474</duration>
          <className>TestRestBandwidthLicenses</className>
          <testName>TestCase03.test02</testName>
          <skipped>false</skipped>
          <failedSince>0</failedSince>
        </case>
        <case>
          <duration>5.687</duration>
          <className>TestRestBandwidthLicenses</className>
          <testName>TestCase03.test03</testName>
          <skipped>false</skipped>
          <failedSince>0</failedSince>
        </case>
        <case>
          <duration>9.13</duration>
          <className>TestRestBandwidthLicenses</className>
          <testName>TestCase03.test04</testName>
          <skipped>false</skipped>
          <failedSince>0</failedSince>
        </case>
        <case>
          <duration>26.723</duration>
          <className>TestRestBandwidthLicenses</className>
          <testName>TestCase03.test05</testName>
          <skipped>false</skipped>
          <failedSince>0</failedSince>
        </case>
        <case>
          <duration>7.463</duration>
          <className>TestRestBandwidthLicenses</className>
          <testName>TestCase99.test99</testName>
          <skipped>false</skipped>
          <failedSince>0</failedSince>
        </case>
      </cases>
    </suite>
    <suite>
      <file>/home/jenkins/workspace/Backend/CNE@2/test-results/TEST-rest-TestRestCustomPnqm.xml</file>
      <name>rest.TestRestCustomPnqm</name>
      <stdout>..................
TestCase01.test19: Forbid creating session with custom-pnqm-signature when pnqm is disabled
.TestCase02.test01: Basic secondary-hash test
.TestCase02.test02: Independence of primary/secondary hash-message-type/constant
.TestCase03.test01: Basic test for translations
.TestCase03.test02: Verify that packet-based features are blocked for translation-rules
.TestCase03.test03: Verify that packet-based features are not encoded for translation-rules
.TestCase03.test04: Verify that ad
...[truncated 1443 chars]...
 provides-multicast in the leaves-subnet-group. Destination with a narrower groups.
.TestCase04.test16: Custom signature with a unicast subnet and a provide-multicast source moving to the dest
.TestCase04.test17: Adding unicast subnets to destination to Test14.
.TestCase04.test18: Adding unicast subnets to source and destination to Test14.
.TestCase04.test19: Adding unicast subnets in the source to Test15.
.TestCase04.test20: Negated basic test for match subnet-groups in custom pnqm signatures
.</stdout>
      <stderr></stderr>
      <duration>134.959</duration>
      <timestamp>2019-10-31T08:43:28.510274</timestamp>
      <time>134.959</time>
      <enclosingBlocks/>
      <enclosingBlockNames/>
      <cases>
        <case>
          <duration>21.75</duration>
          <className>TestRestCustomPnqm</className>
          <testName>TestCase01.test01</testName>
          <skipped>false</skipped>
          <failedSince>0</failedSince>
        </case>
        <case>
          <duration>0.939</duration>
          <className>TestRestCustomPnqm</className>
          <testName>TestCase01.test02</testName>
          <skipped>false</skipped>
          <failedSince>0</failedSince>
        </case>
        <case>
          <duration>0.209</duration>
          <className>TestRestCustomPnqm</className>
          <testName>TestCase01.test03</testName>
          <skipped>false</skipped>
          <failedSince>0</failedSince>
        </case>
        <case>
          <duration>1.672</duration>
          <className>TestRestCustomPnqm</className>
          <testName>TestCase01.test04</testName>
          <skipped>false</skipped>
          <failedSince>0</failedSince>
        </case>
        <case>
          <duration>0.053</duration>
          <className>TestRestCustomPnqm</className>
          <testName>TestCase01.test05</testName>
          <skipped>false</skipped>
          <failedSince>0</failedSince>
        </case>
        <case>
          <duration>2.787</duration>
          <className>TestRestCustomPnqm</className>
          <testName>TestCase01.test06</testName>
          <skipped>false</skipped>
          <failedSince>0</failedSince>
        </case>
        <case>
          <duration>1.2</duration>
          <className>TestRestCustomPnqm</className>
          <testName>TestCase01.test07</testName>
          <skipped>false</skipped>
          <failedSince>0</failedSince>
        </case>
        <case>
          <duration>0.34</duration>
          <className>TestRestCustomPnqm</className>
          <testName>TestCase01.test08</testName>
          <skipped>false</skipped>
          <failedSince>0</failedSince>
        </case>
        <case>
          <duration>3.323</duration>
          <className>TestRestCustomPnqm</className>
          <testName>TestCase01.test09</testName>
          <skipped>false</skipped>
          <failedSince>0</failedSince>
        </case>
        <case>
          <duration>0.449</duration>
          <className>TestRestCustomPnqm</className>
          <testName>TestCase01.test10</testName>
          <skipped>false</skipped>
          <failedSince>0</failedSince>
        </case>
        <case>
          <duration>0.877</duration>
          <className>TestRestCustomPnqm</className>
          <testName>TestCase01.test11</testName>
          <skipped>false</skipped>
          <failedSince>0</failedSince>
        </case>
        <case>
          <duration>0.463</duration>
          <className>TestRestCustomPnqm</className>
          <testName>TestCase01.test12</testName>
          <skipped>false</skipped>
          <failedSince>0</failedSince>
        </case>
        <case>
          <duration>0.493</duration>
          <className>TestRestCustomPnqm</className>
          <testName>TestCase01.test13</testName>
          <skipped>false</skipped>
          <failedSince>0</failedSince>
        </case>
        <case>
          <duration>1.002</duration>
          <className>TestRestCustomPnqm</className>
          <testName>TestCase01.test14</testName>
          <skipped>false</skipped>
          <failedSince>0</failedSince>
        </case>
        <case>
          <duration>0.026</duration>
          <className>TestRestCustomPnqm</className>
          <testName>TestCase01.test15</testName>
          <skipped>false</skipped>
          <failedSince>0</failedSince>
        </case>
        <case>
          <duration>30.203</duration>
          <className>TestRestCustomPnqm</className>
          <testName>TestCase01.test16</testName>
          <skipped>false</skipped>
          <failedSince>0</failedSince>
        </case>
        <case>
          <duration>3.039</duration>
          <className>TestRestCustomPnqm</className>
          <testName>TestCase01.test17</testName>
          <skipped>false</skipped>
          <failedSince>0</failedSince>
        </case>
        <case>
          <duration>0.011</duration>
          <className>TestRestCustomPnqm</className>
          <testName>TestCase01.test18</testName>
          <skipped>false</skipped>
          <failedSince>0</failedSince>
        </case>
        <case>
          <duration>0.01</duration>
          <className>TestRestCustomPnqm</className>
          <testName>TestCase01.test19</testName>
          <skipped>false</skipped>
          <failedSince>0</failedSince>
        </case>
        <case>
          <duration>3.915</duration>
          <className>TestRestCustomPnqm</className>
          <testName>TestCase02.test01</testName>
          <skipped>false</skipped>
          <failedSince>0</failedSince>
        </case>
        <case>
          <duration>1.732</duration>
          <className>TestRestCustomPnqm</className>
          <testName>TestCase02.test02</testName>
          <skipped>false</skipped>
          <failedSince>0</failedSince>
        </case>
        <case>
          <duration>12.941</duration>
          <className>TestRestCustomPnqm</className>
          <testName>TestCase03.test01</testName>
          <skipped>false</skipped>
          <failedSince>0</failedSince>
        </case>
        <case>
          <duration>2.018</duration>
          <className>TestRestCustomPnqm</className>
          <testName>TestCase03.test02</testName>
          <skipped>false</skipped>
          <failedSince>0</failedSince>
        </case>
        <case>
          <duration>1.752</duration>
          <className>TestRestCustomPnqm</className>
          <testName>TestCase03.test03</testName>
          <skipped>false</skipped>
          <failedSince>0</failedSince>
        </case>
        <case>
          <duration>4.508</duration>
          <className>TestRestCustomPnqm</className>
          <testName>TestCase03.test04</testName>
          <skipped>false</skipped>
          <failedSince>0</failedSince>
        </case>
        <case>
          <duration>1.923</duration>
          <className>TestRestCustomPnqm</className>
          <testName>TestCase03.test05</testName>
          <skipped>false</skipped>
          <failedSince>0</failedSince>
        </case>
        <case>
          <duration>1.545</duration>
          <className>TestRestCustomPnqm</className>
          <testName>TestCase04.test01</testName>
          <skipped>false</skipped>
          <failedSince>0</failedSince>
        </case>
        <case>
          <duration>1.757</duration>
          <className>TestRestCustomPnqm</className>
          <testName>TestCase04.test02</testName>
          <skipped>false</skipped>
          <failedSince>0</failedSince>
        </case>
        <case>
          <duration>1.511</duration>
          <className>TestRestCustomPnqm</className>
          <testName>TestCase04.test03</testName>
          <skipped>false</skipped>
          <failedSince>0</failedSince>
        </case>
        <case>
          <duration>1.53</duration>
          <className>TestRestCustomPnqm</className>
          <testName>TestCase04.test04</testName>
          <skipped>false</skipped>
          <failedSince>0</failedSince>
        </case>
        <case>
          <duration>2.961</duration>
          <className>TestRestCustomPnqm</className>
          <testName>TestCase04.test05</testName>
          <skipped>false</skipped>
          <failedSince>0</failedSince>
        </case>
        <case>
          <duration>1.232</duration>
          <className>TestRestCustomPnqm</className>
          <testName>TestCase04.test06</testName>
          <skipped>false</skipped>
          <failedSince>0</failedSince>
        </case>
        <case>
          <duration>1.925</duration>
          <className>TestRestCustomPnqm</className>
          <testName>TestCase04.test07</testName>
          <skipped>false</skipped>
          <failedSince>0</failedSince>
        </case>
        <case>
          <duration>1.891</duration>
          <className>TestRestCustomPnqm</className>
          <testName>TestCase04.test08</testName>
          <skipped>false</skipped>
          <failedSince>0</failedSince>
        </case>
        <case>
          <duration>1.822</duration>
          <className>TestRestCustomPnqm</className>
          <testName>TestCase04.test09</testName>
          <skipped>false</skipped>
          <failedSince>0</failedSince>
        </case>
        <case>
          <duration>1.572</duration>
          <className>TestRestCustomPnqm</className>
          <testName>TestCase04.test10</testName>
          <skipped>false</skipped>
          <failedSince>0</failedSince>
        </case>
        <case>
          <duration>1.469</duration>
          <className>TestRestCustomPnqm</className>
          <testName>TestCase04.test11</testName>
          <skipped>false</skipped>
          <failedSince>0</failedSince>
        </case>
        <case>
          <duration>3.44</duration>
          <className>TestRestCustomPnqm</className>
          <testName>TestCase04.test12</testName>
          <skipped>false</skipped>
          <failedSince>0</failedSince>
        </case>
        <case>
          <duration>1.735</duration>
          <className>TestRestCustomPnqm</className>
          <testName>TestCase04.test13</testName>
          <skipped>false</skipped>
          <failedSince>0</failedSince>
        </case>
        <case>
          <duration>1.373</duration>
          <className>TestRestCustomPnqm</className>
          <testName>TestCase04.test14</testName>
          <skipped>false</skipped>
          <failedSince>0</failedSince>
        </case>
        <case>
          <duration>1.661</duration>
          <className>TestRestCustomPnqm</className>
          <testName>TestCase04.test15</testName>
          <skipped>false</skipped>
          <failedSince>0</failedSince>
        </case>
        <case>
          <duration>1.627</duration>
          <className>TestRestCustomPnqm</className>
          <testName>TestCase04.test16</testName>
          <skipped>false</skipped>
          <failedSince>0</failedSince>
        </case>
        <case>
          <duration>1.691</duration>
          <className>TestRestCustomPnqm</className>
          <testName>TestCase04.test17</testName>
          <skipped>false</skipped>
          <failedSince>0</failedSince>
        </case>
        <case>
          <duration>1.67</duration>
          <className>TestRestCustomPnqm</className>
          <testName>TestCase04.test18</testName>
          <skipped>false</skipped>
          <failedSince>0</failedSince>
        </case>
        <case>
          <duration>3.545</duration>
          <className>TestRestCustomPnqm</className>
          <testName>TestCase04.test19</testName>
          <skipped>false</skipped>
          <failedSince>0</failedSince>
        </case>
        <case>
          <duration>1.358</duration>
          <className>TestRestCustomPnqm</className>
          <testName>TestCase04.test20</testName>
          <skipped>false</skipped>
          <failedSince>0</failedSince>
        </case>
      </cases>
    </suite>
    <suite>
      <file>/home/jenkins/workspace/Backend/CNE@2/test-results/TEST-rest-TestRestMultihopGroup.xml</file>
      <name>rest.TestRestMultihopGroup</name>
      <stdout>.......</stdout>
      <stderr></stderr>
      <duration>57.207</duration>
      <timestamp>2019-10-31T08:44:57.280523</timestamp>
      <time>57.207</time>
      <enclosingBlocks/>
      <enclosingBlockNames/>
      <cases>
        <case>
          <duration>27.572</duration>
          <className>TestRestMultihopGroup</className>
          <testName>TestCase01.test01</testName>
          <skipped>false</skipped>
          <failedSince>0</failedSince>
        </case>
        <case>
          <duration>11.684</duration>
          <className>TestRestMultihopGroup</className>
          <testName>TestCase01.test02</testName>
          <skipped>false</skipped>
          <failedSince>0</failedSince>
        </case>
        <case>
          <duration>10.917</duration>
          <className>TestRestMultihopGroup</className>
          <testName>TestCase01.test03</testName>
          <skipped>false</skipped>
          <failedSince>0</failedSince>
        </case>
        <case>
          <duration>4.892</duration>
          <className>TestRestMultihopGroup</className>
          <testName>TestCase01.test04</testName>
          <skipped>false</skipped>
          <failedSince>0</failedSince>
        </case>
        <case>
          <duration>0.024</duration>
          <className>TestRestMultihopGroup</className>
          <testName>TestCase01.test05</testName>
          <skipped>false</skipped>
          <failedSince>0</failedSince>
        </case>
        <case>
          <duration>0.77</duration>
          <className>TestRestMultihopGroup</className>
          <testName>TestCase01.test06</testName>
          <skipped>false</skipped>
          <failedSince>0</failedSince>
        </case>
        <case>
          <duration>1.347</duration>
          <className>TestRestMultihopGroup</className>
          <testName>TestCase01.test07</testName>
          <skipped>false</skipped>
          <failedSince>0</failedSince>
        </case>
      </cases>
    </suite>
    <suite>
      <file>/home/jenkins/workspace/Backend/CNE@3/test-results/TEST-cli-TestSite.xml</file>
      <name>cli.TestSite</name>
      <stdout>...............................Test skipped on the CorvilNet Engine
...............Skipping second part of test as we&apos;re running inside sandbox
...................
TestCase04.test01: BQM-18209 Interface objects should issue the correct message when being deleted but still in use
.</stdout>
      <stderr></stderr>
      <duration>115.912</duration>
      <timestamp>2019-10-31T08:44:05.622698</timestamp>
      <time>115.912</time>
      <enclosingBlocks/>
      <enclosingBlockNames/>
      <cases>
        <case>
          <duration>20.052</duration>
          <className>TestSite</className>
          <testName>TestCase01.test01</testName>
          <skipped>false</skipped>
          <failedSince>0</failedSince>
        </case>
        <case>
          <duration>0.082</duration>
          <className>TestSite</className>
          <testName>TestCase01.test02</testName>
          <skipped>false</skipped>
          <failedSince>0</failedSince>
        </case>
        <case>
          <duration>0.048</duration>
          <className>TestSite</className>
          <testName>TestCase01.test03</testName>
          <skipped>false</skipped>
          <failedSince>0</failedSince>
        </case>
        <case>
          <duration>0.801</duration>
          <className>TestSite</className>
          <testName>TestCase01.test04</testName>
          <skipped>false</skipped>
          <failedSince>0</failedSince>
        </case>
        <case>
          <duration>0.048</duration>
          <className>TestSite</className>
          <testName>TestCase01.test05</testName>
          <skipped>false</skipped>
          <failedSince>0</failedSince>
        </case>
        <case>
          <duration>0.07</duration>
          <className>TestSite</className>
          <testName>TestCase01.test06</testName>
          <skipped>false</skipped>
          <failedSince>0</failedSince>
        </case>
        <case>
          <duration>0.191</duration>
          <className>TestSite</className>
          <testName>TestCase01.test07</testName>
          <skipped>false</skipped>
          <failedSince>0</failedSince>
        </case>
        <case>
          <duration>0.344</duration>
          <className>TestSite</className>
          <testName>TestCase01.test08</testName>
          <skipped>false</skipped>
          <failedSince>0</failedSince>
        </case>
        <case>
          <duration>0.149</duration>
          <className>TestSite</className>
          <testName>TestCase01.test09</testName>
          <skipped>false</skipped>
          <failedSince>0</failedSince>
        </case>
        <case>
          <duration>1.405</duration>
          <className>TestSite</className>
          <testName>TestCase01.test10</testName>
          <skipped>false</skipped>
          <failedSince>0</failedSince>
        </case>
        <case>
          <duration>0.104</duration>
          <className>TestSite</className>
          <testName>TestCase01.test11</testName>
          <skipped>false</skipped>
          <failedSince>0</failedSince>
        </case>
        <case>
          <duration>0.305</duration>
          <className>TestSite</className>
          <testName>TestCase01.test12</testName>
          <skipped>false</skipped>
          <failedSince>0</failedSince>
        </case>
        <case>
          <duration>0.121</duration>
          <className>TestSite</className>
          <testName>TestCase01.test13</testName>
          <skipped>false</skipped>
          <failedSince>0</failedSince>
        </case>
        <case>
          <duration>0.168</duration>
          <className>TestSite</className>
          <testName>TestCase01.test14</testName>
          <skipped>false</skipped>
          <failedSince>0</failedSince>
        </case>
        <case>
          <duration>0.092</duration>
          <className>TestSite</className>
          <testName>TestCase01.test15</testName>
          <skipped>false</skipped>
          <failedSince>0</failedSince>
        </case>
        <case>
          <duration>0.492</duration>
          <className>TestSite</className>
          <testName>TestCase01.test16</testName>
          <skipped>false</skipped>
          <failedSince>0</failedSince>
        </case>
        <case>
          <duration>0.244</duration>
          <className>TestSite</className>
          <testName>TestCase01.test17</testName>
          <skipped>false</skipped>
          <failedSince>0</failedSince>
        </case>
        <case>
          <duration>0.166</duration>
          <className>TestSite</className>
          <testName>TestCase01.test18</testName>
          <skipped>false</skipped>
          <failedSince>0</failedSince>
        </case>
        <case>
          <duration>1.641</duration>
          <className>TestSite</className>
          <testName>TestCase01.test19</testName>
          <skipped>false</skipped>
          <failedSince>0</failedSince>
        </case>
        <case>
          <duration>0.319</duration>
          <className>TestSite</className>
          <testName>TestCase01.test20</testName>
          <skipped>false</skipped>
          <failedSince>0</failedSince>
        </case>
        <case>
          <duration>0.195</duration>
          <className>TestSite</className>
          <testName>TestCase01.test21</testName>
          <skipped>false</skipped>
          <failedSince>0</failedSince>
        </case>
        <case>
          <duration>0.069</duration>
          <className>TestSite</className>
          <testName>TestCase01.test22</testName>
          <skipped>false</skipped>
          <failedSince>0</failedSince>
        </case>
        <case>
          <duration>0.183</duration>
          <className>TestSite</className>
          <testName>TestCase01.test23</testName>
          <skipped>false</skipped>
          <failedSince>0</failedSince>
        </case>
        <case>
          <duration>0.422</duration>
          <className>TestSite</className>
          <testName>TestCase01.test24</testName>
          <skipped>false</skipped>
          <failedSince>0</failedSince>
        </case>
        <case>
          <duration>0.145</duration>
          <className>TestSite</className>
          <testName>TestCase01.test25</testName>
          <skipped>false</skipped>
          <failedSince>0</failedSince>
        </case>
        <case>
          <duration>0.136</duration>
          <className>TestSite</className>
          <testName>TestCase01.test26</testName>
          <skipped>false</skipped>
          <failedSince>0</failedSince>
        </case>
        <case>
          <duration>0.098</duration>
          <className>TestSite</className>
          <testName>TestCase01.test27</testName>
          <skipped>false</skipped>
          <failedSince>0</failedSince>
        </case>
        <case>
          <duration>0.027</duration>
          <className>TestSite</className>
          <testName>TestCase01.test28</testName>
          <skipped>false</skipped>
          <failedSince>0</failedSince>
        </case>
        <case>
          <duration>4.66</duration>
          <className>TestSite</className>
          <testName>TestCase01.test29</testName>
          <skipped>false</skipped>
          <failedSince>0</failedSince>
        </case>
        <case>
          <duration>1.686</duration>
          <className>TestSite</className>
          <testName>TestCase01.test30</testName>
          <skipped>false</skipped>
          <failedSince>0</failedSince>
        </case>
        <case>
          <duration>1.521</duration>
          <className>TestSite</className>
          <testName>TestCase01.test31</testName>
          <skipped>false</skipped>
          <failedSince>0</failedSince>
        </case>
        <case>
          <duration>0.04</duration>
          <className>TestSite</className>
          <testName>TestCase01.test32</testName>
          <skipped>false</skipped>
          <failedSince>0</failedSince>
        </case>
        <case>
          <duration>5.528</duration>
          <className>TestSite</className>
          <testName>TestCase01.test33</testName>
          <skipped>false</skipped>
          <failedSince>0</failedSince>
        </case>
        <case>
          <duration>4.976</duration>
          <className>TestSite</className>
          <testName>TestCase02.test01</testName>
          <skipped>false</skipped>
          <failedSince>0</failedSince>
        </case>
        <case>
          <duration>0.267</duration>
          <className>TestSite</className>
          <testName>TestCase02.test02</testName>
          <skipped>false</skipped>
          <failedSince>0</failedSince>
        </case>
        <case>
          <duration>0.152</duration>
          <className>TestSite</className>
          <testName>TestCase02.test03</testName>
          <skipped>false</skipped>
          <failedSince>0</failedSince>
        </case>
        <case>
          <duration>0.206</duration>
          <className>TestSite</className>
          <testName>TestCase02.test04</testName>
          <skipped>false</skipped>
          <failedSince>0</failedSince>
        </case>
        <case>
          <duration>0.157</duration>
          <className>TestSite</className>
          <testName>TestCase02.test05</testName>
          <skipped>false</skipped>
          <failedSince>0</failedSince>
        </case>
        <case>
          <duration>0.684</duration>
          <className>TestSite</className>
          <testName>TestCase02.test06</testName>
          <skipped>false</skipped>
          <failedSince>0</failedSince>
        </case>
        <case>
          <duration>0.086</duration>
          <className>TestSite</className>
          <testName>TestCase02.test07</testName>
          <skipped>false</skipped>
          <failedSince>0</failedSince>
        </case>
        <case>
          <duration>0.731</duration>
          <className>TestSite</className>
          <testName>TestCase02.test08</testName>
          <skipped>false</skipped>
          <failedSince>0</failedSince>
        </case>
        <case>
          <duration>0.048</duration>
          <className>TestSite</className>
          <testName>TestCase02.test10</testName>
          <skipped>false</skipped>
          <failedSince>0</failedSince>
        </case>
        <case>
          <duration>0.044</duration>
          <className>TestSite</className>
          <testName>TestCase02.test11</testName>
          <skipped>false</skipped>
          <failedSince>0</failedSince>
        </case>
        <case>
          <duration>1.162</duration>
          <className>TestSite</className>
          <testName>TestCase02.test12</testName>
          <skipped>false</skipped>
          <failedSince>0</failedSince>
        </case>
        <case>
          <duration>0.407</duration>
          <className>TestSite</className>
          <testName>TestCase02.test13</testName>
          <skipped>false</skipped>
          <failedSince>0</failedSince>
        </case>
        <case>
          <duration>0.391</duration>
          <className>TestSite</className>
          <testName>TestCase02.test14</testName>
          <skipped>false</skipped>
          <failedSince>0</failedSince>
        </case>
        <case>
          <duration>19.163</duration>
          <className>TestSite</className>
          <testName>TestCase02.test15</testName>
          <skipped>false</skipped>
          <failedSince>0</failedSince>
        </case>
        <case>
          <duration>0.058</duration>
          <className>TestSite</className>
          <testName>TestCase02.test16</testName>
          <skipped>false</skipped>
          <failedSince>0</failedSince>
        </case>
        <case>
          <duration>0.086</duration>
          <className>TestSite</className>
          <testName>TestCase02.test17</testName>
          <skipped>false</skipped>
          <failedSince>0</failedSince>
        </case>
        <case>
          <duration>0.17</duration>
          <className>TestSite</className>
          <testName>TestCase02.test18</testName>
          <skipped>false</skipped>
          <failedSince>0</failedSince>
        </case>
        <case>
          <duration>2.636</duration>
          <className>TestSite</className>
          <testName>TestCase03.test01</testName>
          <skipped>false</skipped>
          <failedSince>0</failedSince>
        </case>
        <case>
          <duration>5.503</duration>
          <className>TestSite</className>
          <testName>TestCase03.test02</testName>
          <skipped>false</skipped>
          <failedSince>0</failedSince>
        </case>
        <case>
          <duration>0.108</duration>
          <className>TestSite</className>
          <testName>TestCase03.test03</testName>
          <skipped>false</skipped>
          <failedSince>0</failedSince>
        </case>
        <case>
          <duration>0.198</duration>
          <className>TestSite</className>
          <testName>TestCase03.test04</testName>
          <skipped>false</skipped>
          <failedSince>0</failedSince>
        </case>
        <case>
          <duration>7.759</duration>
          <className>TestSite</className>
          <testName>TestCase03.test05</testName>
          <skipped>false</skipped>
          <failedSince>0</failedSince>
        </case>
        <case>
          <duration>1.896</duration>
          <className>TestSite</className>
          <testName>TestCase03.test06</testName>
          <skipped>false</skipped>
          <failedSince>0</failedSince>
        </case>
        <case>
          <duration>2.623</duration>
          <className>TestSite</className>
          <testName>TestCase03.test07</testName>
          <skipped>false</skipped>
          <failedSince>0</failedSince>
        </case>
        <case>
          <duration>0.114</duration>
          <className>TestSite</className>
          <testName>TestCase03.test08</testName>
          <skipped>false</skipped>
          <failedSince>0</failedSince>
        </case>
        <case>
          <duration>1.931</duration>
          <className>TestSite</className>
          <testName>TestCase03.test09</testName>
          <skipped>false</skipped>
          <failedSince>0</failedSince>
        </case>
        <case>
          <duration>7.927</duration>
          <className>TestSite</className>
          <testName>TestCase03.test10</testName>
          <skipped>false</skipped>
          <failedSince>0</failedSince>
        </case>
        <case>
          <duration>1.464</duration>
          <className>TestSite</className>
          <testName>TestCase03.test11</testName>
          <skipped>false</skipped>
          <failedSince>0</failedSince>
        </case>
        <case>
          <duration>0.174</duration>
          <className>TestSite</className>
          <testName>TestCase03.test12</testName>
          <skipped>false</skipped>
          <failedSince>0</failedSince>
        </case>
        <case>
          <duration>0.138</duration>
          <className>TestSite</className>
          <testName>TestCase03.test13</testName>
          <skipped>false</skipped>
          <failedSince>0</failedSince>
        </case>
        <case>
          <duration>3.65</duration>
          <className>TestSite</className>
          <testName>TestCase03.test14</testName>
          <skipped>false</skipped>
          <failedSince>0</failedSince>
        </case>
        <case>
          <duration>3.579</duration>
          <className>TestSite</className>
          <testName>TestCase03.test15</testName>
          <skipped>false</skipped>
          <failedSince>0</failedSince>
        </case>
        <case>
          <duration>5.865</duration>
          <className>TestSite</className>
          <testName>TestCase04.test01</testName>
          <skipped>false</skipped>
          <failedSince>0</failedSince>
        </case>
      </cases>
    </suite>
    <suite>
      <file>/home/jenkins/workspace/Backend/CNE/test-results/TEST-rest-TestRestProtocolDiscovery.xml</file>
      <name>rest.TestRestProtocolDiscovery</name>
      <stdout>
TestCase01.test01: BQM-23605 Check we accept unknown decoders from lmc only
Cleaning DB...
[waiting for probed to restart.5s]
.
TestCase01.test02: Add decoder-groups
.
TestCase01.test04: Add decoder-groups with matches
{}
.
TestCase01.test05: Check DB updates
{}
.
TestCase01.test06: Add decoder-groups with decoders
{}
{}
{&apos;FIX&apos;: {&apos;ICE-FIX&apos;: &apos;myICEFIX&apos;}}
{&apos;FIX&apos;: {&apos;ICE-FIX&apos;: &apos;myICEFIX&apos;, &apos;LME-FIX&apos;: &apos;myLMEFIX&apos;}}
{&apos;FIX&apos;: {&apos;LME-FIX&apos;: &apos;myLMEFIX&apos;}}
{&apos;FIX&apos;: {&apos;ICE-FIX&apos;: &apos;myICEFIX&apos;}}
{}
.
TestCase01.test07: Check valid range for decoder&apos;s precedence
.
TestCase01.test08: BQM-24729 Check that match rules in decoder groups are included in the check against the system limit and in the matches total in &quot;status&quot; command
.
TestCase01.test09: Check reordering of decoder groups when getting config pushed
.Test skipped on the CorvilNet Engine
..</stdout>
      <stderr></stderr>
      <duration>141.77</duration>
      <timestamp>2019-10-31T08:43:44.009635</timestamp>
      <time>141.770</time>
      <enclosingBlocks/>
      <enclosingBlockNames/>
      <cases>
        <case>
          <duration>55.862</duration>
          <className>TestRestProtocolDiscovery</className>
          <testName>TestCase01.test01</testName>
          <skipped>false</skipped>
          <failedSince>0</failedSince>
        </case>
        <case>
          <duration>1.177</duration>
          <className>TestRestProtocolDiscovery</className>
          <testName>TestCase01.test02</testName>
          <skipped>false</skipped>
          <failedSince>0</failedSince>
        </case>
        <case>
          <duration>1.455</duration>
          <className>TestRestProtocolDiscovery</className>
          <testName>TestCase01.test04</testName>
          <skipped>false</skipped>
          <failedSince>0</failedSince>
        </case>
        <case>
          <duration>2.67</duration>
          <className>TestRestProtocolDiscovery</className>
          <testName>TestCase01.test05</testName>
          <skipped>false</skipped>
          <failedSince>0</failedSince>
        </case>
        <case>
          <duration>1.303</duration>
          <className>TestRestProtocolDiscovery</className>
          <testName>TestCase01.test06</testName>
          <skipped>false</skipped>
          <failedSince>0</failedSince>
        </case>
        <case>
          <duration>1.49</duration>
          <className>TestRestProtocolDiscovery</className>
          <testName>TestCase01.test07</testName>
          <skipped>false</skipped>
          <failedSince>0</failedSince>
        </case>
        <case>
          <duration>4.009</duration>
          <className>TestRestProtocolDiscovery</className>
          <testName>TestCase01.test08</testName>
          <skipped>false</skipped>
          <failedSince>0</failedSince>
        </case>
        <case>
          <duration>38.987</duration>
          <className>TestRestProtocolDiscovery</className>
          <testName>TestCase01.test09</testName>
          <skipped>false</skipped>
          <failedSince>0</failedSince>
        </case>
        <case>
          <duration>0.027</duration>
          <className>TestRestProtocolDiscovery</className>
          <testName>TestCase02.test01</testName>
          <skipped>false</skipped>
          <failedSince>0</failedSince>
        </case>
        <case>
          <duration>34.787</duration>
          <className>TestRestProtocolDiscovery</className>
          <testName>TestCase03.test01</testName>
          <skipped>false</skipped>
          <failedSince>0</failedSince>
        </case>
      </cases>
    </suite>
    <suite>
      <file>/home/jenkins/workspace/Backend/CNE@2/test-results/TEST-rest-TestRestInner.xml</file>
      <name>rest.TestRestInner</name>
      <stdout>...............67108864
..201326592
...
TestCase01.test21: Test the /inner/decoder-memory endpoint
.</stdout>
      <stderr></stderr>
      <duration>169.773</duration>
      <timestamp>2019-10-31T08:43:26.927977</timestamp>
      <time>169.773</time>
      <enclosingBlocks/>
      <enclosingBlockNames/>
      <cases>
        <case>
          <duration>19.555</duration>
          <className>TestRestInner</className>
          <testName>TestCase01.test01</testName>
          <skipped>false</skipped>
          <failedSince>0</failedSince>
        </case>
        <case>
          <duration>0.863</duration>
          <className>TestRestInner</className>
          <testName>TestCase01.test02</testName>
          <skipped>false</skipped>
          <failedSince>0</failedSince>
        </case>
        <case>
          <duration>2.062</duration>
          <className>TestRestInner</className>
          <testName>TestCase01.test03</testName>
          <skipped>false</skipped>
          <failedSince>0</failedSince>
        </case>
        <case>
          <duration>0.871</duration>
          <className>TestRestInner</className>
          <testName>TestCase01.test04</testName>
          <skipped>false</skipped>
          <failedSince>0</failedSince>
        </case>
        <case>
          <duration>5.325</duration>
          <className>TestRestInner</className>
          <testName>TestCase01.test05</testName>
          <skipped>false</skipped>
          <failedSince>0</failedSince>
        </case>
        <case>
          <duration>9.119</duration>
          <className>TestRestInner</className>
          <testName>TestCase01.test06</testName>
          <skipped>false</skipped>
          <failedSince>0</failedSince>
        </case>
        <case>
          <duration>5.092</duration>
          <className>TestRestInner</className>
          <testName>TestCase01.test07</testName>
          <skipped>false</skipped>
          <failedSince>0</failedSince>
        </case>
        <case>
          <duration>6.863</duration>
          <className>TestRestInner</className>
          <testName>TestCase01.test08</testName>
          <skipped>false</skipped>
          <failedSince>0</failedSince>
        </case>
        <case>
          <duration>49.138</duration>
          <className>TestRestInner</className>
          <testName>TestCase01.test09</testName>
          <skipped>false</skipped>
          <failedSince>0</failedSince>
        </case>
        <case>
          <duration>51.452</duration>
          <className>TestRestInner</className>
          <testName>TestCase01.test10</testName>
          <skipped>false</skipped>
          <failedSince>0</failedSince>
        </case>
        <case>
          <duration>5.112</duration>
          <className>TestRestInner</className>
          <testName>TestCase01.test11</testName>
          <skipped>false</skipped>
          <failedSince>0</failedSince>
        </case>
        <case>
          <duration>2.032</duration>
          <className>TestRestInner</className>
          <testName>TestCase01.test12</testName>
          <skipped>false</skipped>
          <failedSince>0</failedSince>
        </case>
        <case>
          <duration>2.041</duration>
          <className>TestRestInner</className>
          <testName>TestCase01.test13</testName>
          <skipped>false</skipped>
          <failedSince>0</failedSince>
        </case>
        <case>
          <duration>0.789</duration>
          <className>TestRestInner</className>
          <testName>TestCase01.test14</testName>
          <skipped>false</skipped>
          <failedSince>0</failedSince>
        </case>
        <case>
          <duration>1.177</duration>
          <className>TestRestInner</className>
          <testName>TestCase01.test15</testName>
          <skipped>false</skipped>
          <failedSince>0</failedSince>
        </case>
        <case>
          <duration>3.268</duration>
          <className>TestRestInner</className>
          <testName>TestCase01.test16</testName>
          <skipped>false</skipped>
          <failedSince>0</failedSince>
        </case>
        <case>
          <duration>0.748</duration>
          <className>TestRestInner</className>
          <testName>TestCase01.test17</testName>
          <skipped>false</skipped>
          <failedSince>0</failedSince>
        </case>
        <case>
          <duration>1.671</duration>
          <className>TestRestInner</className>
          <testName>TestCase01.test18</testName>
          <skipped>false</skipped>
          <failedSince>0</failedSince>
        </case>
        <case>
          <duration>0.722</duration>
          <className>TestRestInner</className>
          <testName>TestCase01.test19</testName>
          <skipped>false</skipped>
          <failedSince>0</failedSince>
        </case>
        <case>
          <duration>1.028</duration>
          <className>TestRestInner</className>
          <testName>TestCase01.test20</testName>
          <skipped>false</skipped>
          <failedSince>0</failedSince>
        </case>
        <case>
          <duration>0.841</duration>
          <className>TestRestInner</className>
          <testName>TestCase01.test21</testName>
          <skipped>false</skipped>
          <failedSince>0</failedSince>
        </case>
      </cases>
    </suite>
    <suite>
      <file>/home/jenkins/workspace/Backend/CNE@2/test-results/TEST-capture-TestOptimisedRetrieval.xml</file>
      <name>capture.TestOptimisedRetrieval</name>
      <stdout>Clearing config + waiting for captures to complete
Done
Sending traffic
Waiting for captures to complete
Done
event-client -I -m 0:50 rt-class//local-cne///sparse/class-default 1572511503000 1572511538000
rt-class//local-cne///sparse/class-default 433 1000
event-client -I -m 0:50 channel//local-cne///sparse 1572511503000 1572511538000
channel//local-cne///sparse 433 1000
event-client -I -m 0:50 rt-class//local-cne///sparse-mc/class-default 1572511503000 1572511538000
rt-class//local-cne///sparse
...[truncated 235 chars]...
 1572511538000
rt-class//local-cne///sparse-mc/tos1 499 1000
event-client -I -m 0:50 rt-class//local-cne///sparse-mc/tos2 1572511503000 1572511538000
rt-class//local-cne///sparse-mc/tos2 522 1000
event-client -I -m 0:50 channel//local-cne///sparse-mc 1572511503000 1572511538000
channel//local-cne///sparse-mc 433 898
event-client -I channel//local-cne///sparse-mc 1572511503000 1572511538000 1 PACKET_COUNT
event-client -I channel//local-cne///sparse-mc 1572511529250 1572511538000 1 PACKET_COUNT
..</stdout>
      <stderr></stderr>
      <duration>103.994</duration>
      <timestamp>2019-10-31T08:44:33.799903</timestamp>
      <time>103.994</time>
      <enclosingBlocks/>
      <enclosingBlockNames/>
      <cases>
        <case>
          <duration>101.391</duration>
          <className>TestOptimisedRetrieval</className>
          <testName>TestCase01.test01</testName>
          <skipped>false</skipped>
          <failedSince>0</failedSince>
        </case>
        <case>
          <duration>2.603</duration>
          <className>TestOptimisedRetrieval</className>
          <testName>TestCase02.test01</testName>
          <skipped>false</skipped>
          <failedSince>0</failedSince>
        </case>
      </cases>
    </suite>
    <suite>
      <file>/home/jenkins/workspace/Backend/CNE@8/test-results/TEST-pnqm-TestPNQMConfig.xml</file>
      <name>pnqm.TestPNQMConfig</name>
      <stdout>TestCase01.test01
Create passive-ping channel
Delete passive-ping channel, then re-create
Reload config
Add class
Make class invalid by removing bandwidth specification
Make class valid again
Remove class
Delete service policy
Set service policy
Rename object
Delete interface
Create passive-ping channel
Delete passive-ping channel, then re-create
Reload config
Add class
Make class invalid by removing bandwidth specification
Make class valid again
Remove class
Rename object
Delete interface
.Test
...[truncated 8073 chars]...
sample-override-enabled&apos;: &apos;true&apos;, &apos;pnqm-sample-override-one-packets&apos;: &apos;1&apos;, &apos;policy-map&apos;: &apos;multi&apos;, &apos;remote-probe&apos;: &apos;probe-1&apos;, &apos;pnqm-enabled&apos;: &apos;true&apos;}
if=multiNoPNQM peer=multi  {&apos;pnqm-autoconf&apos;: &apos;false&apos;, &apos;pnqm-report-class-mismatch&apos;: &apos;true&apos;, &apos;pnqm-sample-override-enabled&apos;: &apos;true&apos;, &apos;pnqm-sample-override-one-packets&apos;: &apos;1&apos;, &apos;policy-map&apos;: &apos;multi&apos;, &apos;remote-probe&apos;: &apos;probe-1&apos;, &apos;pnqm-enabled&apos;: &apos;true&apos;}
.TestCase03.test01: show display when signatures have no rules
Waiting for the PNQM channels to settle
.</stdout>
      <stderr></stderr>
      <duration>185.701</duration>
      <timestamp>2019-10-31T08:43:19.113002</timestamp>
      <time>185.701</time>
      <enclosingBlocks/>
      <enclosingBlockNames/>
      <cases>
        <case>
          <duration>44.93</duration>
          <className>TestPNQMConfig</className>
          <testName>TestCase01.test01</testName>
          <skipped>false</skipped>
          <failedSince>0</failedSince>
        </case>
        <case>
          <duration>18.807</duration>
          <className>TestPNQMConfig</className>
          <testName>TestCase01.test02</testName>
          <skipped>false</skipped>
          <failedSince>0</failedSince>
        </case>
        <case>
          <duration>5.145</duration>
          <className>TestPNQMConfig</className>
          <testName>TestCase01.test03</testName>
          <skipped>false</skipped>
          <failedSince>0</failedSince>
        </case>
        <case>
          <duration>5.01</duration>
          <className>TestPNQMConfig</className>
          <testName>TestCase01.test04</testName>
          <skipped>false</skipped>
          <failedSince>0</failedSince>
        </case>
        <case>
          <duration>6.194</duration>
          <className>TestPNQMConfig</className>
          <testName>TestCase01.test05</testName>
          <skipped>false</skipped>
          <failedSince>0</failedSince>
        </case>
        <case>
          <duration>18.442</duration>
          <className>TestPNQMConfig</className>
          <testName>TestCase01.test06</testName>
          <skipped>false</skipped>
          <failedSince>0</failedSince>
        </case>
        <case>
          <duration>13.098</duration>
          <className>TestPNQMConfig</className>
          <testName>TestCase02.test01</testName>
          <skipped>false</skipped>
          <failedSince>0</failedSince>
        </case>
        <case>
          <duration>26.66</duration>
          <className>TestPNQMConfig</className>
          <testName>TestCase02.test02</testName>
          <skipped>false</skipped>
          <failedSince>0</failedSince>
        </case>
        <case>
          <duration>14.757</duration>
          <className>TestPNQMConfig</className>
          <testName>TestCase02.test03</testName>
          <skipped>false</skipped>
          <failedSince>0</failedSince>
        </case>
        <case>
          <duration>25.634</duration>
          <className>TestPNQMConfig</className>
          <testName>TestCase02.test04</testName>
          <skipped>false</skipped>
          <failedSince>0</failedSince>
        </case>
        <case>
          <duration>7.023</duration>
          <className>TestPNQMConfig</className>
          <testName>TestCase03.test01</testName>
          <skipped>false</skipped>
          <failedSince>0</failedSince>
        </case>
      </cases>
    </suite>
    <suite>
      <file>/home/jenkins/workspace/Backend/CNE/test-results/TEST-rest-TestRestCapture.xml</file>
      <name>rest.TestRestCapture</name>
      <stdout>.................TestCase01.test18: Regression test for BQM-11534
.</stdout>
      <stderr></stderr>
      <duration>48.858</duration>
      <timestamp>2019-10-31T08:45:40.944154</timestamp>
      <time>48.858</time>
      <enclosingBlocks/>
      <enclosingBlockNames/>
      <cases>
        <case>
          <duration>21.072</duration>
          <className>TestRestCapture</className>
          <testName>TestCase01.test01</testName>
          <skipped>false</skipped>
          <failedSince>0</failedSince>
        </case>
        <case>
          <duration>1.3</duration>
          <className>TestRestCapture</className>
          <testName>TestCase01.test02</testName>
          <skipped>false</skipped>
          <failedSince>0</failedSince>
        </case>
        <case>
          <duration>1.293</duration>
          <className>TestRestCapture</className>
          <testName>TestCase01.test03</testName>
          <skipped>false</skipped>
          <failedSince>0</failedSince>
        </case>
        <case>
          <duration>0.907</duration>
          <className>TestRestCapture</className>
          <testName>TestCase01.test04</testName>
          <skipped>false</skipped>
          <failedSince>0</failedSince>
        </case>
        <case>
          <duration>0.862</duration>
          <className>TestRestCapture</className>
          <testName>TestCase01.test05</testName>
          <skipped>false</skipped>
          <failedSince>0</failedSince>
        </case>
        <case>
          <duration>1.046</duration>
          <className>TestRestCapture</className>
          <testName>TestCase01.test06</testName>
          <skipped>false</skipped>
          <failedSince>0</failedSince>
        </case>
        <case>
          <duration>0.922</duration>
          <className>TestRestCapture</className>
          <testName>TestCase01.test07</testName>
          <skipped>false</skipped>
          <failedSince>0</failedSince>
        </case>
        <case>
          <duration>2.847</duration>
          <className>TestRestCapture</className>
          <testName>TestCase01.test08</testName>
          <skipped>false</skipped>
          <failedSince>0</failedSince>
        </case>
        <case>
          <duration>0.712</duration>
          <className>TestRestCapture</className>
          <testName>TestCase01.test09</testName>
          <skipped>false</skipped>
          <failedSince>0</failedSince>
        </case>
        <case>
          <duration>0.91</duration>
          <className>TestRestCapture</className>
          <testName>TestCase01.test10</testName>
          <skipped>false</skipped>
          <failedSince>0</failedSince>
        </case>
        <case>
          <duration>0.813</duration>
          <className>TestRestCapture</className>
          <testName>TestCase01.test11</testName>
          <skipped>false</skipped>
          <failedSince>0</failedSince>
        </case>
        <case>
          <duration>4.516</duration>
          <className>TestRestCapture</className>
          <testName>TestCase01.test12</testName>
          <skipped>false</skipped>
          <failedSince>0</failedSince>
        </case>
        <case>
          <duration>4.919</duration>
          <className>TestRestCapture</className>
          <testName>TestCase01.test13</testName>
          <skipped>false</skipped>
          <failedSince>0</failedSince>
        </case>
        <case>
          <duration>1.577</duration>
          <className>TestRestCapture</className>
          <testName>TestCase01.test14</testName>
          <skipped>false</skipped>
          <failedSince>0</failedSince>
        </case>
        <case>
          <duration>1.028</duration>
          <className>TestRestCapture</className>
          <testName>TestCase01.test15</testName>
          <skipped>false</skipped>
          <failedSince>0</failedSince>
        </case>
        <case>
          <duration>0.994</duration>
          <className>TestRestCapture</className>
          <testName>TestCase01.test16</testName>
          <skipped>false</skipped>
          <failedSince>0</failedSince>
        </case>
        <case>
          <duration>0.01</duration>
          <className>TestRestCapture</className>
          <testName>TestCase01.test17</testName>
          <skipped>false</skipped>
          <failedSince>0</failedSince>
        </case>
        <case>
          <duration>3.128</duration>
          <className>TestRestCapture</className>
          <testName>TestCase01.test18</testName>
          <skipped>false</skipped>
          <failedSince>0</failedSince>
        </case>
      </cases>
    </suite>
    <suite>
      <file>/home/jenkins/workspace/Backend/CNE/test-results/TEST-rest-TestRestCorrelation.xml</file>
      <name>rest.TestRestCorrelation</name>
      <stdout>
TestCase01.test01: Correlation info services are advertised in /services with correct method support.
.
TestCase01.test02: Basic sanity checks for /correlation/classes and /correlation/class
Waiting for stream element to be available
.
TestCase01.test03: Basic sanity check for /correlation/channels
.
TestCase01.test04: Clear counters test
Waiting for active pings
.
TestCase01.test05: Check offline channels don&apos;t crash
.
TestCase01.test06: Regression test for BQM-44692: deadlock when clearing statistics
Timeout set to: 400
......&lt;cnx&gt;
  &lt;pnqm-rt-classes&gt;
    &lt;rt-class id=&quot;809&quot; name=&quot;rt-class//local-cne///chan-06/class-default&quot;/&gt;
  &lt;/pnqm-rt-classes&gt;
&lt;/cnx&gt;

...
TestCase03.test04: Check that IP info is exported in messages even when source address is 0.0.0.0
.
TestCase03.test05: Messages response should contain empty elements for remote enpoints (FE requires so)
.</stdout>
      <stderr></stderr>
      <duration>231.35</duration>
      <timestamp>2019-10-31T08:42:38.591637</timestamp>
      <time>231.350</time>
      <enclosingBlocks/>
      <enclosingBlockNames/>
      <cases>
        <case>
          <duration>13.237</duration>
          <className>TestRestCorrelation</className>
          <testName>TestCase01.test01</testName>
          <skipped>false</skipped>
          <failedSince>0</failedSince>
        </case>
        <case>
          <duration>4.722</duration>
          <className>TestRestCorrelation</className>
          <testName>TestCase01.test02</testName>
          <skipped>false</skipped>
          <failedSince>0</failedSince>
        </case>
        <case>
          <duration>2.353</duration>
          <className>TestRestCorrelation</className>
          <testName>TestCase01.test03</testName>
          <skipped>false</skipped>
          <failedSince>0</failedSince>
        </case>
        <case>
          <duration>38.071</duration>
          <className>TestRestCorrelation</className>
          <testName>TestCase01.test04</testName>
          <skipped>false</skipped>
          <failedSince>0</failedSince>
        </case>
        <case>
          <duration>1.857</duration>
          <className>TestRestCorrelation</className>
          <testName>TestCase01.test05</testName>
          <skipped>false</skipped>
          <failedSince>0</failedSince>
        </case>
        <case>
          <duration>109.069</duration>
          <className>TestRestCorrelation</className>
          <testName>TestCase01.test06</testName>
          <skipped>false</skipped>
          <failedSince>0</failedSince>
        </case>
        <case>
          <duration>1.824</duration>
          <className>TestRestCorrelation</className>
          <testName>TestCase02.test01</testName>
          <skipped>false</skipped>
          <failedSince>0</failedSince>
        </case>
        <case>
          <duration>0.002</duration>
          <className>TestRestCorrelation</className>
          <testName>TestCase02.test02</testName>
          <skipped>false</skipped>
          <failedSince>0</failedSince>
        </case>
        <case>
          <duration>0.002</duration>
          <className>TestRestCorrelation</className>
          <testName>TestCase02.test03</testName>
          <skipped>false</skipped>
          <failedSince>0</failedSince>
        </case>
        <case>
          <duration>0.001</duration>
          <className>TestRestCorrelation</className>
          <testName>TestCase02.test04</testName>
          <skipped>false</skipped>
          <failedSince>0</failedSince>
        </case>
        <case>
          <duration>0.002</duration>
          <className>TestRestCorrelation</className>
          <testName>TestCase02.test05</testName>
          <skipped>false</skipped>
          <failedSince>0</failedSince>
        </case>
        <case>
          <duration>3.148</duration>
          <className>TestRestCorrelation</className>
          <testName>TestCase03.test01</testName>
          <skipped>false</skipped>
          <failedSince>0</failedSince>
        </case>
        <case>
          <duration>23.485</duration>
          <className>TestRestCorrelation</className>
          <testName>TestCase03.test02</testName>
          <skipped>false</skipped>
          <failedSince>0</failedSince>
        </case>
        <case>
          <duration>23.688</duration>
          <className>TestRestCorrelation</className>
          <testName>TestCase03.test03</testName>
          <skipped>false</skipped>
          <failedSince>0</failedSince>
        </case>
        <case>
          <duration>4.581</duration>
          <className>TestRestCorrelation</className>
          <testName>TestCase03.test04</testName>
          <skipped>false</skipped>
          <failedSince>0</failedSince>
        </case>
        <case>
          <duration>5.308</duration>
          <className>TestRestCorrelation</className>
          <testName>TestCase03.test05</testName>
          <skipped>false</skipped>
          <failedSince>0</failedSince>
        </case>
      </cases>
    </suite>
    <suite>
      <file>/home/jenkins/workspace/Backend/CNE/test-results/TEST-rest-TestRestBusinessEventFeed.xml</file>
      <name>rest.TestRestBusinessEventFeed</name>
      <stdout>...
TestCase01.test04: events
.
TestCase01.test05: mapping-rules
.
TestCase01.test06: generate-events
.
TestCase01.test07: statistic
.
TestCase01.test08: event fields
.
TestCase01.test09: generate-event fields: constants
.
TestCase01.test10: generate-event fields: message-type
.
TestCase01.test11: generate-event fields: fields
.
TestCase01.test12: generate-event fields: decoder-fields
.
TestCase01.test13: mapping-rule: valid decoders
.
TestCase01.test14: generate-event fields: fields
..
TestCase
...[truncated 373 chars]...
er of business-event-feeds
.
TestCase01.test21: Get the schema of a event-feed
.
TestCase01.test22: Check that changes in attached channels are reverted correctly
.
TestCase01.test23: BQM-31990 - probed crashes replacing BEF scalability config
.
TestCase01.test24: BQM-31990 - probed crashes replacing BEF scalability config
.
TestCase01.test25: BQM-31990 - probed crashes replacing BEF scalability config
.
TestCase02.test01: BQM-32572 analytics stream including the reverse direction of a session
.</stdout>
      <stderr></stderr>
      <duration>143.532</duration>
      <timestamp>2019-10-31T08:44:07.524682</timestamp>
      <time>143.532</time>
      <enclosingBlocks/>
      <enclosingBlockNames/>
      <cases>
        <case>
          <duration>24.304</duration>
          <className>TestRestBusinessEventFeed</className>
          <testName>TestCase01.test01</testName>
          <skipped>false</skipped>
          <failedSince>0</failedSince>
        </case>
        <case>
          <duration>20.903</duration>
          <className>TestRestBusinessEventFeed</className>
          <testName>TestCase01.test02</testName>
          <skipped>false</skipped>
          <failedSince>0</failedSince>
        </case>
        <case>
          <duration>9.306</duration>
          <className>TestRestBusinessEventFeed</className>
          <testName>TestCase01.test03</testName>
          <skipped>false</skipped>
          <failedSince>0</failedSince>
        </case>
        <case>
          <duration>1.915</duration>
          <className>TestRestBusinessEventFeed</className>
          <testName>TestCase01.test04</testName>
          <skipped>false</skipped>
          <failedSince>0</failedSince>
        </case>
        <case>
          <duration>1.503</duration>
          <className>TestRestBusinessEventFeed</className>
          <testName>TestCase01.test05</testName>
          <skipped>false</skipped>
          <failedSince>0</failedSince>
        </case>
        <case>
          <duration>1.465</duration>
          <className>TestRestBusinessEventFeed</className>
          <testName>TestCase01.test06</testName>
          <skipped>false</skipped>
          <failedSince>0</failedSince>
        </case>
        <case>
          <duration>1.105</duration>
          <className>TestRestBusinessEventFeed</className>
          <testName>TestCase01.test07</testName>
          <skipped>false</skipped>
          <failedSince>0</failedSince>
        </case>
        <case>
          <duration>3.773</duration>
          <className>TestRestBusinessEventFeed</className>
          <testName>TestCase01.test08</testName>
          <skipped>false</skipped>
          <failedSince>0</failedSince>
        </case>
        <case>
          <duration>1.596</duration>
          <className>TestRestBusinessEventFeed</className>
          <testName>TestCase01.test09</testName>
          <skipped>false</skipped>
          <failedSince>0</failedSince>
        </case>
        <case>
          <duration>1.288</duration>
          <className>TestRestBusinessEventFeed</className>
          <testName>TestCase01.test10</testName>
          <skipped>false</skipped>
          <failedSince>0</failedSince>
        </case>
        <case>
          <duration>1.26</duration>
          <className>TestRestBusinessEventFeed</className>
          <testName>TestCase01.test11</testName>
          <skipped>false</skipped>
          <failedSince>0</failedSince>
        </case>
        <case>
          <duration>1.038</duration>
          <className>TestRestBusinessEventFeed</className>
          <testName>TestCase01.test12</testName>
          <skipped>false</skipped>
          <failedSince>0</failedSince>
        </case>
        <case>
          <duration>1.161</duration>
          <className>TestRestBusinessEventFeed</className>
          <testName>TestCase01.test13</testName>
          <skipped>false</skipped>
          <failedSince>0</failedSince>
        </case>
        <case>
          <duration>8.76</duration>
          <className>TestRestBusinessEventFeed</className>
          <testName>TestCase01.test14</testName>
          <skipped>false</skipped>
          <failedSince>0</failedSince>
        </case>
        <case>
          <duration>10.834</duration>
          <className>TestRestBusinessEventFeed</className>
          <testName>TestCase01.test15</testName>
          <skipped>false</skipped>
          <failedSince>0</failedSince>
        </case>
        <case>
          <duration>30.635</duration>
          <className>TestRestBusinessEventFeed</className>
          <testName>TestCase01.test16</testName>
          <skipped>false</skipped>
          <failedSince>0</failedSince>
        </case>
        <case>
          <duration>5.764</duration>
          <className>TestRestBusinessEventFeed</className>
          <testName>TestCase01.test17</testName>
          <skipped>false</skipped>
          <failedSince>0</failedSince>
        </case>
        <case>
          <duration>1.156</duration>
          <className>TestRestBusinessEventFeed</className>
          <testName>TestCase01.test18</testName>
          <skipped>false</skipped>
          <failedSince>0</failedSince>
        </case>
        <case>
          <duration>1.24</duration>
          <className>TestRestBusinessEventFeed</className>
          <testName>TestCase01.test19</testName>
          <skipped>false</skipped>
          <failedSince>0</failedSince>
        </case>
        <case>
          <duration>1.597</duration>
          <className>TestRestBusinessEventFeed</className>
          <testName>TestCase01.test20</testName>
          <skipped>false</skipped>
          <failedSince>0</failedSince>
        </case>
        <case>
          <duration>1.208</duration>
          <className>TestRestBusinessEventFeed</className>
          <testName>TestCase01.test21</testName>
          <skipped>false</skipped>
          <failedSince>0</failedSince>
        </case>
        <case>
          <duration>1.182</duration>
          <className>TestRestBusinessEventFeed</className>
          <testName>TestCase01.test22</testName>
          <skipped>false</skipped>
          <failedSince>0</failedSince>
        </case>
        <case>
          <duration>1.195</duration>
          <className>TestRestBusinessEventFeed</className>
          <testName>TestCase01.test23</testName>
          <skipped>false</skipped>
          <failedSince>0</failedSince>
        </case>
        <case>
          <duration>1.316</duration>
          <className>TestRestBusinessEventFeed</className>
          <testName>TestCase01.test24</testName>
          <skipped>false</skipped>
          <failedSince>0</failedSince>
        </case>
        <case>
          <duration>2.822</duration>
          <className>TestRestBusinessEventFeed</className>
          <testName>TestCase01.test25</testName>
          <skipped>false</skipped>
          <failedSince>0</failedSince>
        </case>
        <case>
          <duration>5.2</duration>
          <className>TestRestBusinessEventFeed</className>
          <testName>TestCase02.test01</testName>
          <skipped>false</skipped>
          <failedSince>0</failedSince>
        </case>
      </cases>
    </suite>
    <suite>
      <file>/home/jenkins/workspace/Backend/CNE@7/test-results/TEST-cli-TestCustomPnqm.xml</file>
      <name>cli.TestCustomPnqm</name>
      <stdout>...................................
TestCase02.test25: BQM-49248 copy replace-config or config push does not reorder custom-pnqm-signature and custom-pnqm-translation rules
Testing custom-pnqm-signature rules
Testing custom-pnqm-translation rules
.
TestCase02.test26: When external-timestamp-field is set do not allow changing to decoder that does not have specific (chosen in external-timestamp-field) message-field
.
TestCase02.test27: (BQM-62333) Test whether external-timestamp-field gets updated
...[truncated 1416 chars]...
ocks custom-pnqm-signature removal
.TestCase04.test14: Check the mapping-type command
.TestCase04.test15: Check if it&apos;s possible to unset the message decoder when message hashing is used
.TestCase04.test16: Check if it&apos;s possible to unset the message decoder when message matching is used
.TestCase04.test17: Check the channel type change in context of signatures and translations
.TestCase04.test18: BQM-9706 regresion test
.TestCase04.test19: Test output of message field types in &quot;show&quot; command
..</stdout>
      <stderr></stderr>
      <duration>165.21</duration>
      <timestamp>2019-10-31T08:43:48.061322</timestamp>
      <time>165.210</time>
      <enclosingBlocks/>
      <enclosingBlockNames/>
      <cases>
        <case>
          <duration>21.515</duration>
          <className>TestCustomPnqm</className>
          <testName>TestCase01.test01</testName>
          <skipped>false</skipped>
          <failedSince>0</failedSince>
        </case>
        <case>
          <duration>0.129</duration>
          <className>TestCustomPnqm</className>
          <testName>TestCase01.test02</testName>
          <skipped>false</skipped>
          <failedSince>0</failedSince>
        </case>
        <case>
          <duration>0.078</duration>
          <className>TestCustomPnqm</className>
          <testName>TestCase01.test03</testName>
          <skipped>false</skipped>
          <failedSince>0</failedSince>
        </case>
        <case>
          <duration>0.076</duration>
          <className>TestCustomPnqm</className>
          <testName>TestCase01.test04</testName>
          <skipped>false</skipped>
          <failedSince>0</failedSince>
        </case>
        <case>
          <duration>1.345</duration>
          <className>TestCustomPnqm</className>
          <testName>TestCase01.test05</testName>
          <skipped>false</skipped>
          <failedSince>0</failedSince>
        </case>
        <case>
          <duration>1.665</duration>
          <className>TestCustomPnqm</className>
          <testName>TestCase01.test06</testName>
          <skipped>false</skipped>
          <failedSince>0</failedSince>
        </case>
        <case>
          <duration>4.174</duration>
          <className>TestCustomPnqm</className>
          <testName>TestCase01.test07</testName>
          <skipped>false</skipped>
          <failedSince>0</failedSince>
        </case>
        <case>
          <duration>34.781</duration>
          <className>TestCustomPnqm</className>
          <testName>TestCase01.test08</testName>
          <skipped>false</skipped>
          <failedSince>0</failedSince>
        </case>
        <case>
          <duration>1.378</duration>
          <className>TestCustomPnqm</className>
          <testName>TestCase01.test09</testName>
          <skipped>false</skipped>
          <failedSince>0</failedSince>
        </case>
        <case>
          <duration>0.139</duration>
          <className>TestCustomPnqm</className>
          <testName>TestCase01.test10</testName>
          <skipped>false</skipped>
          <failedSince>0</failedSince>
        </case>
        <case>
          <duration>0.042</duration>
          <className>TestCustomPnqm</className>
          <testName>TestCase01.test11</testName>
          <skipped>false</skipped>
          <failedSince>0</failedSince>
        </case>
        <case>
          <duration>2.746</duration>
          <className>TestCustomPnqm</className>
          <testName>TestCase02.test01</testName>
          <skipped>false</skipped>
          <failedSince>0</failedSince>
        </case>
        <case>
          <duration>0.242</duration>
          <className>TestCustomPnqm</className>
          <testName>TestCase02.test02</testName>
          <skipped>false</skipped>
          <failedSince>0</failedSince>
        </case>
        <case>
          <duration>1.339</duration>
          <className>TestCustomPnqm</className>
          <testName>TestCase02.test03</testName>
          <skipped>false</skipped>
          <failedSince>0</failedSince>
        </case>
        <case>
          <duration>0.709</duration>
          <className>TestCustomPnqm</className>
          <testName>TestCase02.test04</testName>
          <skipped>false</skipped>
          <failedSince>0</failedSince>
        </case>
        <case>
          <duration>0.052</duration>
          <className>TestCustomPnqm</className>
          <testName>TestCase02.test05</testName>
          <skipped>false</skipped>
          <failedSince>0</failedSince>
        </case>
        <case>
          <duration>0.068</duration>
          <className>TestCustomPnqm</className>
          <testName>TestCase02.test06</testName>
          <skipped>false</skipped>
          <failedSince>0</failedSince>
        </case>
        <case>
          <duration>0.275</duration>
          <className>TestCustomPnqm</className>
          <testName>TestCase02.test07</testName>
          <skipped>false</skipped>
          <failedSince>0</failedSince>
        </case>
        <case>
          <duration>0.078</duration>
          <className>TestCustomPnqm</className>
          <testName>TestCase02.test08</testName>
          <skipped>false</skipped>
          <failedSince>0</failedSince>
        </case>
        <case>
          <duration>0.042</duration>
          <className>TestCustomPnqm</className>
          <testName>TestCase02.test09</testName>
          <skipped>false</skipped>
          <failedSince>0</failedSince>
        </case>
        <case>
          <duration>0.073</duration>
          <className>TestCustomPnqm</className>
          <testName>TestCase02.test10</testName>
          <skipped>false</skipped>
          <failedSince>0</failedSince>
        </case>
        <case>
          <duration>0.233</duration>
          <className>TestCustomPnqm</className>
          <testName>TestCase02.test11</testName>
          <skipped>false</skipped>
          <failedSince>0</failedSince>
        </case>
        <case>
          <duration>0.442</duration>
          <className>TestCustomPnqm</className>
          <testName>TestCase02.test12</testName>
          <skipped>false</skipped>
          <failedSince>0</failedSince>
        </case>
        <case>
          <duration>0.069</duration>
          <className>TestCustomPnqm</className>
          <testName>TestCase02.test13</testName>
          <skipped>false</skipped>
          <failedSince>0</failedSince>
        </case>
        <case>
          <duration>0.115</duration>
          <className>TestCustomPnqm</className>
          <testName>TestCase02.test14</testName>
          <skipped>false</skipped>
          <failedSince>0</failedSince>
        </case>
        <case>
          <duration>0.088</duration>
          <className>TestCustomPnqm</className>
          <testName>TestCase02.test15</testName>
          <skipped>false</skipped>
          <failedSince>0</failedSince>
        </case>
        <case>
          <duration>5.229</duration>
          <className>TestCustomPnqm</className>
          <testName>TestCase02.test16</testName>
          <skipped>false</skipped>
          <failedSince>0</failedSince>
        </case>
        <case>
          <duration>0.481</duration>
          <className>TestCustomPnqm</className>
          <testName>TestCase02.test17</testName>
          <skipped>false</skipped>
          <failedSince>0</failedSince>
        </case>
        <case>
          <duration>0.073</duration>
          <className>TestCustomPnqm</className>
          <testName>TestCase02.test18</testName>
          <skipped>false</skipped>
          <failedSince>0</failedSince>
        </case>
        <case>
          <duration>0.073</duration>
          <className>TestCustomPnqm</className>
          <testName>TestCase02.test19</testName>
          <skipped>false</skipped>
          <failedSince>0</failedSince>
        </case>
        <case>
          <duration>0.196</duration>
          <className>TestCustomPnqm</className>
          <testName>TestCase02.test20</testName>
          <skipped>false</skipped>
          <failedSince>0</failedSince>
        </case>
        <case>
          <duration>0.309</duration>
          <className>TestCustomPnqm</className>
          <testName>TestCase02.test21</testName>
          <skipped>false</skipped>
          <failedSince>0</failedSince>
        </case>
        <case>
          <duration>0.06</duration>
          <className>TestCustomPnqm</className>
          <testName>TestCase02.test22</testName>
          <skipped>false</skipped>
          <failedSince>0</failedSince>
        </case>
        <case>
          <duration>0.051</duration>
          <className>TestCustomPnqm</className>
          <testName>TestCase02.test23</testName>
          <skipped>false</skipped>
          <failedSince>0</failedSince>
        </case>
        <case>
          <duration>3.999</duration>
          <className>TestCustomPnqm</className>
          <testName>TestCase02.test24</testName>
          <skipped>false</skipped>
          <failedSince>0</failedSince>
        </case>
        <case>
          <duration>9.119</duration>
          <className>TestCustomPnqm</className>
          <testName>TestCase02.test25</testName>
          <skipped>false</skipped>
          <failedSince>0</failedSince>
        </case>
        <case>
          <duration>0.044</duration>
          <className>TestCustomPnqm</className>
          <testName>TestCase02.test26</testName>
          <skipped>false</skipped>
          <failedSince>0</failedSince>
        </case>
        <case>
          <duration>26.33</duration>
          <className>TestCustomPnqm</className>
          <testName>TestCase02.test27</testName>
          <skipped>false</skipped>
          <failedSince>0</failedSince>
        </case>
        <case>
          <duration>7.291</duration>
          <className>TestCustomPnqm</className>
          <testName>TestCase03.test01</testName>
          <skipped>false</skipped>
          <failedSince>0</failedSince>
        </case>
        <case>
          <duration>2.839</duration>
          <className>TestCustomPnqm</className>
          <testName>TestCase03.test02</testName>
          <skipped>false</skipped>
          <failedSince>0</failedSince>
        </case>
        <case>
          <duration>1.858</duration>
          <className>TestCustomPnqm</className>
          <testName>TestCase03.test03</testName>
          <skipped>false</skipped>
          <failedSince>0</failedSince>
        </case>
        <case>
          <duration>0.106</duration>
          <className>TestCustomPnqm</className>
          <testName>TestCase03.test04</testName>
          <skipped>false</skipped>
          <failedSince>0</failedSince>
        </case>
        <case>
          <duration>3.634</duration>
          <className>TestCustomPnqm</className>
          <testName>TestCase03.test05</testName>
          <skipped>false</skipped>
          <failedSince>0</failedSince>
        </case>
        <case>
          <duration>0.092</duration>
          <className>TestCustomPnqm</className>
          <testName>TestCase03.test06</testName>
          <skipped>false</skipped>
          <failedSince>0</failedSince>
        </case>
        <case>
          <duration>2.726</duration>
          <className>TestCustomPnqm</className>
          <testName>TestCase04.test01</testName>
          <skipped>false</skipped>
          <failedSince>0</failedSince>
        </case>
        <case>
          <duration>2.021</duration>
          <className>TestCustomPnqm</className>
          <testName>TestCase04.test02</testName>
          <skipped>false</skipped>
          <failedSince>0</failedSince>
        </case>
        <case>
          <duration>0.098</duration>
          <className>TestCustomPnqm</className>
          <testName>TestCase04.test03</testName>
          <skipped>false</skipped>
          <failedSince>0</failedSince>
        </case>
        <case>
          <duration>0.953</duration>
          <className>TestCustomPnqm</className>
          <testName>TestCase04.test04</testName>
          <skipped>false</skipped>
          <failedSince>0</failedSince>
        </case>
        <case>
          <duration>1.463</duration>
          <className>TestCustomPnqm</className>
          <testName>TestCase04.test05</testName>
          <skipped>false</skipped>
          <failedSince>0</failedSince>
        </case>
        <case>
          <duration>0.286</duration>
          <className>TestCustomPnqm</className>
          <testName>TestCase04.test06</testName>
          <skipped>false</skipped>
          <failedSince>0</failedSince>
        </case>
        <case>
          <duration>0.248</duration>
          <className>TestCustomPnqm</className>
          <testName>TestCase04.test07</testName>
          <skipped>false</skipped>
          <failedSince>0</failedSince>
        </case>
        <case>
          <duration>0.136</duration>
          <className>TestCustomPnqm</className>
          <testName>TestCase04.test08</testName>
          <skipped>false</skipped>
          <failedSince>0</failedSince>
        </case>
        <case>
          <duration>0.026</duration>
          <className>TestCustomPnqm</className>
          <testName>TestCase04.test09</testName>
          <skipped>false</skipped>
          <failedSince>0</failedSince>
        </case>
        <case>
          <duration>3.611</duration>
          <className>TestCustomPnqm</className>
          <testName>TestCase04.test10</testName>
          <skipped>false</skipped>
          <failedSince>0</failedSince>
        </case>
        <case>
          <duration>1.326</duration>
          <className>TestCustomPnqm</className>
          <testName>TestCase04.test11</testName>
          <skipped>false</skipped>
          <failedSince>0</failedSince>
        </case>
        <case>
          <duration>2.541</duration>
          <className>TestCustomPnqm</className>
          <testName>TestCase04.test12</testName>
          <skipped>false</skipped>
          <failedSince>0</failedSince>
        </case>
        <case>
          <duration>0.38</duration>
          <className>TestCustomPnqm</className>
          <testName>TestCase04.test13</testName>
          <skipped>false</skipped>
          <failedSince>0</failedSince>
        </case>
        <case>
          <duration>1.812</duration>
          <className>TestCustomPnqm</className>
          <testName>TestCase04.test14</testName>
          <skipped>false</skipped>
          <failedSince>0</failedSince>
        </case>
        <case>
          <duration>0.569</duration>
          <className>TestCustomPnqm</className>
          <testName>TestCase04.test15</testName>
          <skipped>false</skipped>
          <failedSince>0</failedSince>
        </case>
        <case>
          <duration>0.396</duration>
          <className>TestCustomPnqm</className>
          <testName>TestCase04.test16</testName>
          <skipped>false</skipped>
          <failedSince>0</failedSince>
        </case>
        <case>
          <duration>0.348</duration>
          <className>TestCustomPnqm</className>
          <testName>TestCase04.test17</testName>
          <skipped>false</skipped>
          <failedSince>0</failedSince>
        </case>
        <case>
          <duration>10.714</duration>
          <className>TestCustomPnqm</className>
          <testName>TestCase04.test18</testName>
          <skipped>false</skipped>
          <failedSince>0</failedSince>
        </case>
        <case>
          <duration>1.808</duration>
          <className>TestCustomPnqm</className>
          <testName>TestCase04.test19</testName>
          <skipped>false</skipped>
          <failedSince>0</failedSince>
        </case>
        <case>
          <duration>0.064</duration>
          <className>TestCustomPnqm</className>
          <testName>TestCase04.test20</testName>
          <skipped>false</skipped>
          <failedSince>0</failedSince>
        </case>
      </cases>
    </suite>
    <suite>
      <file>/home/jenkins/workspace/Backend/CNE@4/test-results/TEST-cli-TestEvents.xml</file>
      <name>cli.TestEvents</name>
      <stdout>
TestCase01.test01
Found 0 source sigs, 0 destination sigs, 0 total packets
Found 0 source sigs, 0 destination sigs, 0 total packets
Found 2 source sigs, 2 destination sigs, 0 total packets
Found 2 source sigs, 2 destination sigs, 0 total packets
Found 2 source sigs, 2 destination sigs, 0 total packets
Found 2 source sigs, 2 destination sigs, 0 total packets
Found 2 source sigs, 2 destination sigs, 0 total packets
Found 2 source sigs, 2 destination sigs, 0 total packets
Found 2 source sigs, 2 de
...[truncated 17966 chars]...
11465000 1572511593000 50 ALERTS_ACTIVE
Bucket data:[[&apos;0&apos;], [&apos;0&apos;], [&apos;0&apos;], [&apos;0&apos;], [&apos;0&apos;], [&apos;0&apos;], [&apos;1&apos;], [&apos;1&apos;], [&apos;1&apos;], [&apos;1&apos;], [&apos;1&apos;], [&apos;1&apos;], [&apos;1&apos;], [&apos;1&apos;], [&apos;1&apos;], [&apos;1&apos;], [&apos;1&apos;], [&apos;1&apos;], [&apos;1&apos;], [&apos;1&apos;], [&apos;1&apos;], [&apos;1&apos;], [&apos;1&apos;], [&apos;1&apos;], [&apos;1&apos;], [&apos;1&apos;], [&apos;1&apos;], [&apos;1&apos;], [&apos;1&apos;], [&apos;1&apos;], [&apos;1&apos;], [&apos;1&apos;], [&apos;1&apos;], [&apos;1&apos;], [&apos;1&apos;], [&apos;1&apos;], [&apos;1&apos;], [&apos;1&apos;], [&apos;1&apos;], [&apos;1&apos;], [&apos;1&apos;], [&apos;1&apos;], [&apos;1&apos;], [&apos;1&apos;], [&apos;1&apos;], [&apos;1&apos;], [&apos;1&apos;], [&apos;1&apos;], [&apos;0&apos;], [&apos;0&apos;]]
.
TestCase02.test02: Test trying to reproduce sup-6797: -1 threshold found in DB, rollup reboot
.</stdout>
      <stderr></stderr>
      <duration>278.861</duration>
      <timestamp>2019-10-31T08:42:11.559898</timestamp>
      <time>278.861</time>
      <enclosingBlocks/>
      <enclosingBlockNames/>
      <cases>
        <case>
          <duration>107.089</duration>
          <className>TestEvents</className>
          <testName>TestCase01.test01</testName>
          <skipped>false</skipped>
          <failedSince>0</failedSince>
        </case>
        <case>
          <duration>25.811</duration>
          <className>TestEvents</className>
          <testName>TestCase01.test02</testName>
          <skipped>false</skipped>
          <failedSince>0</failedSince>
        </case>
        <case>
          <duration>30.331</duration>
          <className>TestEvents</className>
          <testName>TestCase01.test03</testName>
          <skipped>false</skipped>
          <failedSince>0</failedSince>
        </case>
        <case>
          <duration>27.697</duration>
          <className>TestEvents</className>
          <testName>TestCase01.test04</testName>
          <skipped>false</skipped>
          <failedSince>0</failedSince>
        </case>
        <case>
          <duration>62.64</duration>
          <className>TestEvents</className>
          <testName>TestCase02.test01</testName>
          <skipped>false</skipped>
          <failedSince>0</failedSince>
        </case>
        <case>
          <duration>25.292</duration>
          <className>TestEvents</className>
          <testName>TestCase02.test02</testName>
          <skipped>false</skipped>
          <failedSince>0</failedSince>
        </case>
      </cases>
    </suite>
    <suite>
      <file>/home/jenkins/workspace/Backend/CNE@2/test-results/TEST-rest-TestRestTraffic.xml</file>
      <name>rest.TestRestTraffic</name>
      <stdout>................Setting PortB enable to True
Starting live view
/build/test/utils/liveview.pl  -d max -n 1 -l timestamp,packet_count,tcp_max_concurrent_connections localhost &quot;rt-class//local-cne///PortABCD/class-default&quot;
Sending traffic
Waiting for TCP connections to time out
Setting PortB enable to False
Starting live view
/build/test/utils/liveview.pl  -d max -n 1 -l timestamp,packet_count,tcp_max_concurrent_connections localhost &quot;rt-class//local-cne///PortABCD/class-default&quot;
Sending traffic
W
...[truncated 71 chars]...
utils/liveview.pl  -d max -n 1 -l timestamp,packet_count,tcp_zero_window_packet_count localhost &quot;rt-class//local-cne///PortABCD/class-default&quot;
..TestCase01.test20: Verify the behaviour of the NT ports manager interval dropping
Skipping test on non-Napatech hardware
.TestCase01.test21: Verify the tmp file disabling of interval dropping
&lt;cnx result=&quot;error&quot;&gt;
  &lt;error reason=&quot;exception&quot; url=&quot;/inner/check-drop-interval-disabling&quot;&gt;Ports manager doesn&apos;t support drop-interval disabling&lt;/error&gt;
&lt;/cnx&gt;

.</stdout>
      <stderr></stderr>
      <duration>225.077</duration>
      <timestamp>2019-10-31T08:43:05.013251</timestamp>
      <time>225.077</time>
      <enclosingBlocks/>
      <enclosingBlockNames/>
      <cases>
        <case>
          <duration>17.639</duration>
          <className>TestRestTraffic</className>
          <testName>TestCase01.test01</testName>
          <skipped>false</skipped>
          <failedSince>0</failedSince>
        </case>
        <case>
          <duration>2.905</duration>
          <className>TestRestTraffic</className>
          <testName>TestCase01.test02</testName>
          <skipped>false</skipped>
          <failedSince>0</failedSince>
        </case>
        <case>
          <duration>10.669</duration>
          <className>TestRestTraffic</className>
          <testName>TestCase01.test03</testName>
          <skipped>false</skipped>
          <failedSince>0</failedSince>
        </case>
        <case>
          <duration>7.817</duration>
          <className>TestRestTraffic</className>
          <testName>TestCase01.test04</testName>
          <skipped>false</skipped>
          <failedSince>0</failedSince>
        </case>
        <case>
          <duration>39.12</duration>
          <className>TestRestTraffic</className>
          <testName>TestCase01.test05</testName>
          <skipped>false</skipped>
          <failedSince>0</failedSince>
        </case>
        <case>
          <duration>11.75</duration>
          <className>TestRestTraffic</className>
          <testName>TestCase01.test06</testName>
          <skipped>false</skipped>
          <failedSince>0</failedSince>
        </case>
        <case>
          <duration>4.078</duration>
          <className>TestRestTraffic</className>
          <testName>TestCase01.test07</testName>
          <skipped>false</skipped>
          <failedSince>0</failedSince>
        </case>
        <case>
          <duration>3.978</duration>
          <className>TestRestTraffic</className>
          <testName>TestCase01.test08</testName>
          <skipped>false</skipped>
          <failedSince>0</failedSince>
        </case>
        <case>
          <duration>5.662</duration>
          <className>TestRestTraffic</className>
          <testName>TestCase01.test09</testName>
          <skipped>false</skipped>
          <failedSince>0</failedSince>
        </case>
        <case>
          <duration>3.92</duration>
          <className>TestRestTraffic</className>
          <testName>TestCase01.test10</testName>
          <skipped>false</skipped>
          <failedSince>0</failedSince>
        </case>
        <case>
          <duration>3.927</duration>
          <className>TestRestTraffic</className>
          <testName>TestCase01.test11</testName>
          <skipped>false</skipped>
          <failedSince>0</failedSince>
        </case>
        <case>
          <duration>4.582</duration>
          <className>TestRestTraffic</className>
          <testName>TestCase01.test12</testName>
          <skipped>false</skipped>
          <failedSince>0</failedSince>
        </case>
        <case>
          <duration>3.532</duration>
          <className>TestRestTraffic</className>
          <testName>TestCase01.test13</testName>
          <skipped>false</skipped>
          <failedSince>0</failedSince>
        </case>
        <case>
          <duration>5.591</duration>
          <className>TestRestTraffic</className>
          <testName>TestCase01.test14</testName>
          <skipped>false</skipped>
          <failedSince>0</failedSince>
        </case>
        <case>
          <duration>5.979</duration>
          <className>TestRestTraffic</className>
          <testName>TestCase01.test15</testName>
          <skipped>false</skipped>
          <failedSince>0</failedSince>
        </case>
        <case>
          <duration>3.867</duration>
          <className>TestRestTraffic</className>
          <testName>TestCase01.test16</testName>
          <skipped>false</skipped>
          <failedSince>0</failedSince>
        </case>
        <case>
          <duration>75.782</duration>
          <className>TestRestTraffic</className>
          <testName>TestCase01.test17</testName>
          <skipped>false</skipped>
          <failedSince>0</failedSince>
        </case>
        <case>
          <duration>11.351</duration>
          <className>TestRestTraffic</className>
          <testName>TestCase01.test18</testName>
          <skipped>false</skipped>
          <failedSince>0</failedSince>
        </case>
        <case>
          <duration>2.879</duration>
          <className>TestRestTraffic</className>
          <testName>TestCase01.test19</testName>
          <skipped>false</skipped>
          <failedSince>0</failedSince>
        </case>
        <case>
          <duration>0.036</duration>
          <className>TestRestTraffic</className>
          <testName>TestCase01.test20</testName>
          <skipped>false</skipped>
          <failedSince>0</failedSince>
        </case>
        <case>
          <duration>0.014</duration>
          <className>TestRestTraffic</className>
          <testName>TestCase01.test21</testName>
          <skipped>false</skipped>
          <failedSince>0</failedSince>
        </case>
      </cases>
    </suite>
    <suite>
      <file>/home/jenkins/workspace/Backend/CNE@2/test-results/TEST-rest-TestRestReportingPeriod.xml</file>
      <name>rest.TestRestReportingPeriod</name>
      <stdout>.........</stdout>
      <stderr></stderr>
      <duration>76.905</duration>
      <timestamp>2019-10-31T08:45:35.948250</timestamp>
      <time>76.905</time>
      <enclosingBlocks/>
      <enclosingBlockNames/>
      <cases>
        <case>
          <duration>22.223</duration>
          <className>TestRestReportingPeriod</className>
          <testName>TestCase01.test01</testName>
          <skipped>false</skipped>
          <failedSince>0</failedSince>
        </case>
        <case>
          <duration>8.664</duration>
          <className>TestRestReportingPeriod</className>
          <testName>TestCase01.test02</testName>
          <skipped>false</skipped>
          <failedSince>0</failedSince>
        </case>
        <case>
          <duration>6.922</duration>
          <className>TestRestReportingPeriod</className>
          <testName>TestCase01.test03</testName>
          <skipped>false</skipped>
          <failedSince>0</failedSince>
        </case>
        <case>
          <duration>5.672</duration>
          <className>TestRestReportingPeriod</className>
          <testName>TestCase01.test04</testName>
          <skipped>false</skipped>
          <failedSince>0</failedSince>
        </case>
        <case>
          <duration>3.64</duration>
          <className>TestRestReportingPeriod</className>
          <testName>TestCase01.test05</testName>
          <skipped>false</skipped>
          <failedSince>0</failedSince>
        </case>
        <case>
          <duration>3.894</duration>
          <className>TestRestReportingPeriod</className>
          <testName>TestCase01.test06</testName>
          <skipped>false</skipped>
          <failedSince>0</failedSince>
        </case>
        <case>
          <duration>0.003</duration>
          <className>TestRestReportingPeriod</className>
          <testName>TestCase01.test07</testName>
          <skipped>false</skipped>
          <failedSince>0</failedSince>
        </case>
        <case>
          <duration>21.351</duration>
          <className>TestRestReportingPeriod</className>
          <testName>TestCase02.test01</testName>
          <skipped>false</skipped>
          <failedSince>0</failedSince>
        </case>
        <case>
          <duration>4.536</duration>
          <className>TestRestReportingPeriod</className>
          <testName>TestCase02.test02</testName>
          <skipped>false</skipped>
          <failedSince>0</failedSince>
        </case>
      </cases>
    </suite>
    <suite>
      <file>/home/jenkins/workspace/Backend/CNE@3/test-results/TEST-capture-TestQualityFilterSearch.xml</file>
      <name>capture.TestQualityFilterSearch</name>
      <stdout>TestCase01.test01: TestCase01.test01: Use event client to verify search is working correctly
Ensure legacy 8bit CPC file is accessible by ET
Event Retrieval Command: -S   rt-class//local-cne///OUCH-Channel/class-default 0000 1572516355000 1 PACKET_COUNT
Event Retrieval Command:    rt-class//local-cne///OUCH-Channel/class-default 0000 1572516355000 1 PACKET_COUNT
Event Retrieval Command: -S   rt-class//local-cne///OUCH-Channel/class-default 0000 1572516355000 1 MSG_COUNT
Event Retrieval Command: 
...[truncated 1893 chars]...
t02: TestCase01.test02: verify that when message gap quality filter is enabled, packets without gaps are seen but do not contribute to TopN
Event Retrieval Command:    -I -q TRACE_QUAL_FILTER_MSG_SEQ_GAP:0:1 channel//local-cne///BATS-Channel 0000 &apos;now&apos; 1 TOP_HOSTS
.TestCase01.test03: TestCase01.test03: Ensure the internal statistics include those from the last cpc file
/tmp/tmpjnshzhr_
Event Retrieval Command:   -a -I rt-class//local-cne///OPRA-Channel/class-default 0000 &apos;2019-10-31 08:45:57&apos; 
.</stdout>
      <stderr></stderr>
      <duration>279.868</duration>
      <timestamp>2019-10-31T08:42:19.324172</timestamp>
      <time>279.868</time>
      <enclosingBlocks/>
      <enclosingBlockNames/>
      <cases>
        <case>
          <duration>53.964</duration>
          <className>TestQualityFilterSearch</className>
          <testName>TestCase01.test01</testName>
          <skipped>false</skipped>
          <failedSince>0</failedSince>
        </case>
        <case>
          <duration>21.521</duration>
          <className>TestQualityFilterSearch</className>
          <testName>TestCase01.test02</testName>
          <skipped>false</skipped>
          <failedSince>0</failedSince>
        </case>
        <case>
          <duration>204.382</duration>
          <className>TestQualityFilterSearch</className>
          <testName>TestCase01.test03</testName>
          <skipped>false</skipped>
          <failedSince>0</failedSince>
        </case>
      </cases>
    </suite>
    <suite>
      <file>/home/jenkins/workspace/Backend/CNE/test-results/TEST-cli-TestRoundRobin.xml</file>
      <name>cli.TestRoundRobin</name>
      <stdout>
TestCase01.test01: Completion info for &apos;system-setting flow-round-robin&apos; command
.
TestCase01.test02: Syntax for the &apos;system-setting flow-round-robin&apos; command
.
TestCase01.test03: Check if the limit of 5 subnets configured is properly enforced
.
TestCase01.test04: Check if the Semantic Check is properly validating subnet overlap
.
TestCase02.test01_basic_processing: Simple, staged processing of a single flow
.
TestCase02.test02_skip_pd: Protocol discovery is supposed to be disabled on round-rob
...[truncated 511 chars]...
est skipped on the CorvilNet Engine
.
TestCase04.test01: Round-robin processing of multiple pcap files using CaptureFilePortsManager.
Running test with /components/probed/test/decoders/TorontoSX-QuantumFeed/contiguous.pcap
[waiting for probed to restart..6s]
Running test with /components/probed/test/decoders/ASX-Trade24-ITCH/contiguous.pcap
[waiting for probed to restart..6s]
[waiting for probed to restart.3s]
.
TestCase05.test01: Check if the number of packets marked as round-robin is correct
.</stdout>
      <stderr></stderr>
      <duration>298.577</duration>
      <timestamp>2019-10-31T08:41:53.536668</timestamp>
      <time>298.577</time>
      <enclosingBlocks/>
      <enclosingBlockNames/>
      <cases>
        <case>
          <duration>28.634</duration>
          <className>TestRoundRobin</className>
          <testName>TestCase01.test01</testName>
          <skipped>false</skipped>
          <failedSince>0</failedSince>
        </case>
        <case>
          <duration>15.065</duration>
          <className>TestRoundRobin</className>
          <testName>TestCase01.test02</testName>
          <skipped>false</skipped>
          <failedSince>0</failedSince>
        </case>
        <case>
          <duration>2.206</duration>
          <className>TestRoundRobin</className>
          <testName>TestCase01.test03</testName>
          <skipped>false</skipped>
          <failedSince>0</failedSince>
        </case>
        <case>
          <duration>1.893</duration>
          <className>TestRoundRobin</className>
          <testName>TestCase01.test04</testName>
          <skipped>false</skipped>
          <failedSince>0</failedSince>
        </case>
        <case>
          <duration>8.463</duration>
          <className>TestRoundRobin</className>
          <testName>TestCase02.test01_basic_processing</testName>
          <skipped>false</skipped>
          <failedSince>0</failedSince>
        </case>
        <case>
          <duration>4.198</duration>
          <className>TestRoundRobin</className>
          <testName>TestCase02.test02_skip_pd</testName>
          <skipped>false</skipped>
          <failedSince>0</failedSince>
        </case>
        <case>
          <duration>4.124</duration>
          <className>TestRoundRobin</className>
          <testName>TestCase02.test03_frag_warning</testName>
          <skipped>false</skipped>
          <failedSince>0</failedSince>
        </case>
        <case>
          <duration>13.631</duration>
          <className>TestRoundRobin</className>
          <testName>TestCase02.test04_skip_message_sequence_gaps</testName>
          <skipped>false</skipped>
          <failedSince>0</failedSince>
        </case>
        <case>
          <duration>53.616</duration>
          <className>TestRoundRobin</className>
          <testName>TestCase02.test05_decoder_storages_access_warning</testName>
          <skipped>false</skipped>
          <failedSince>0</failedSince>
        </case>
        <case>
          <duration>8.679</duration>
          <className>TestRoundRobin</className>
          <testName>TestCase02.test06_topn_number_of_flows</testName>
          <skipped>false</skipped>
          <failedSince>0</failedSince>
        </case>
        <case>
          <duration>0.0</duration>
          <className>TestRoundRobin</className>
          <testName>TestCase03.test01_check_cmc_autocomplete_on_cne_context</testName>
          <skipped>false</skipped>
          <failedSince>0</failedSince>
        </case>
        <case>
          <duration>65.72</duration>
          <className>TestRoundRobin</className>
          <testName>TestCase04.test01</testName>
          <skipped>false</skipped>
          <failedSince>0</failedSince>
        </case>
        <case>
          <duration>92.346</duration>
          <className>TestRoundRobin</className>
          <testName>TestCase05.test01</testName>
          <skipped>false</skipped>
          <failedSince>0</failedSince>
        </case>
      </cases>
    </suite>
    <suite>
      <file>/home/jenkins/workspace/Backend/CNE@7/test-results/TEST-capture-TestCaptureFields.xml</file>
      <name>capture.TestCaptureFields</name>
      <stdout>...TestCase01.test04: Check correct message records in correct packets
.TestCase01.test05: Large message: within cpc buffer range
Message size = 15360
Sent 48 packets
.TestCase01.test06: Large message: truncation of CPC message
Message truncation test (test06) - expecting truncated (&lt;= 69632) messages on /build/bin/cli
[waiting for probed to restart..6s]
Message size = 102400
Sent 309 packets
.TestCase01.test07: Large message: outside decoder buffer range
Test test07 skipped in sandbox
.TestCase
...[truncated 516 chars]...
 the threshold
Waiting for captures to complete
Sending traffic violating the threshold
Waiting for captures to complete
.TestCase01.test12: Test event-triggered captures for configurable-statistic-event-policy on count and total with less-than policy
Waiting 10 seconds for captures to be started
Sending traffic violating the threshold
.
TestCase01.test99: Removing installed Dummy decoder.
/components/cna/host/src/probed/test/capture/../decoders-dependencies/configure_dummy.pl localhost remove
.</stdout>
      <stderr></stderr>
      <duration>296.59</duration>
      <timestamp>2019-10-31T08:42:11.837353</timestamp>
      <time>296.590</time>
      <enclosingBlocks/>
      <enclosingBlockNames/>
      <cases>
        <case>
          <duration>24.021</duration>
          <className>TestCaptureFields</className>
          <testName>TestCase01.test01</testName>
          <skipped>false</skipped>
          <failedSince>0</failedSince>
        </case>
        <case>
          <duration>25.693</duration>
          <className>TestCaptureFields</className>
          <testName>TestCase01.test02</testName>
          <skipped>false</skipped>
          <failedSince>0</failedSince>
        </case>
        <case>
          <duration>10.715</duration>
          <className>TestCaptureFields</className>
          <testName>TestCase01.test03</testName>
          <skipped>false</skipped>
          <failedSince>0</failedSince>
        </case>
        <case>
          <duration>10.668</duration>
          <className>TestCaptureFields</className>
          <testName>TestCase01.test04</testName>
          <skipped>false</skipped>
          <failedSince>0</failedSince>
        </case>
        <case>
          <duration>10.926</duration>
          <className>TestCaptureFields</className>
          <testName>TestCase01.test05</testName>
          <skipped>false</skipped>
          <failedSince>0</failedSince>
        </case>
        <case>
          <duration>52.86</duration>
          <className>TestCaptureFields</className>
          <testName>TestCase01.test06</testName>
          <skipped>false</skipped>
          <failedSince>0</failedSince>
        </case>
        <case>
          <duration>0.0</duration>
          <className>TestCaptureFields</className>
          <testName>TestCase01.test07</testName>
          <skipped>false</skipped>
          <failedSince>0</failedSince>
        </case>
        <case>
          <duration>9.034</duration>
          <className>TestCaptureFields</className>
          <testName>TestCase01.test08</testName>
          <skipped>false</skipped>
          <failedSince>0</failedSince>
        </case>
        <case>
          <duration>11.86</duration>
          <className>TestCaptureFields</className>
          <testName>TestCase01.test09</testName>
          <skipped>false</skipped>
          <failedSince>0</failedSince>
        </case>
        <case>
          <duration>44.036</duration>
          <className>TestCaptureFields</className>
          <testName>TestCase01.test10</testName>
          <skipped>false</skipped>
          <failedSince>0</failedSince>
        </case>
        <case>
          <duration>69.921</duration>
          <className>TestCaptureFields</className>
          <testName>TestCase01.test11</testName>
          <skipped>false</skipped>
          <failedSince>0</failedSince>
        </case>
        <case>
          <duration>22.009</duration>
          <className>TestCaptureFields</className>
          <testName>TestCase01.test12</testName>
          <skipped>false</skipped>
          <failedSince>0</failedSince>
        </case>
        <case>
          <duration>4.845</duration>
          <className>TestCaptureFields</className>
          <testName>TestCase01.test99</testName>
          <skipped>false</skipped>
          <failedSince>0</failedSince>
        </case>
      </cases>
    </suite>
    <suite>
      <file>/home/jenkins/workspace/Backend/CNE/test-results/TEST-rest-TestRestMessageDecoder.xml</file>
      <name>rest.TestRestMessageDecoder</name>
      <stdout>TestCase01.test01
.TestCase01.test02
.TestCase01.test03
.TestCase01.test04
.TestCase01.test05
.TestCase01.test06
.TestCase01.test07
.Test test08 skipped in sandbox
.TestCase01.test09
.TestCase01.test10
..TestCase02.test01
.TestCase02.test02
.Test test03 skipped in sandbox
.TestCase02.test04
Test test04 skipped in sandbox
.TestCase02.test05
.Test test06 skipped in sandbox
.TestCase02.test07
.</stdout>
      <stderr></stderr>
      <duration>241.921</duration>
      <timestamp>2019-10-31T08:43:14.991103</timestamp>
      <time>241.921</time>
      <enclosingBlocks/>
      <enclosingBlockNames/>
      <cases>
        <case>
          <duration>33.764</duration>
          <className>TestRestMessageDecoder</className>
          <testName>TestCase01.test01</testName>
          <skipped>false</skipped>
          <failedSince>0</failedSince>
        </case>
        <case>
          <duration>8.539</duration>
          <className>TestRestMessageDecoder</className>
          <testName>TestCase01.test02</testName>
          <skipped>false</skipped>
          <failedSince>0</failedSince>
        </case>
        <case>
          <duration>39.459</duration>
          <className>TestRestMessageDecoder</className>
          <testName>TestCase01.test03</testName>
          <skipped>false</skipped>
          <failedSince>0</failedSince>
        </case>
        <case>
          <duration>41.058</duration>
          <className>TestRestMessageDecoder</className>
          <testName>TestCase01.test04</testName>
          <skipped>false</skipped>
          <failedSince>0</failedSince>
        </case>
        <case>
          <duration>18.566</duration>
          <className>TestRestMessageDecoder</className>
          <testName>TestCase01.test05</testName>
          <skipped>false</skipped>
          <failedSince>0</failedSince>
        </case>
        <case>
          <duration>4.709</duration>
          <className>TestRestMessageDecoder</className>
          <testName>TestCase01.test06</testName>
          <skipped>false</skipped>
          <failedSince>0</failedSince>
        </case>
        <case>
          <duration>15.277</duration>
          <className>TestRestMessageDecoder</className>
          <testName>TestCase01.test07</testName>
          <skipped>false</skipped>
          <failedSince>0</failedSince>
        </case>
        <case>
          <duration>0.0</duration>
          <className>TestRestMessageDecoder</className>
          <testName>TestCase01.test08</testName>
          <skipped>false</skipped>
          <failedSince>0</failedSince>
        </case>
        <case>
          <duration>3.955</duration>
          <className>TestRestMessageDecoder</className>
          <testName>TestCase01.test09</testName>
          <skipped>false</skipped>
          <failedSince>0</failedSince>
        </case>
        <case>
          <duration>11.496</duration>
          <className>TestRestMessageDecoder</className>
          <testName>TestCase01.test10</testName>
          <skipped>false</skipped>
          <failedSince>0</failedSince>
        </case>
        <case>
          <duration>0.002</duration>
          <className>TestRestMessageDecoder</className>
          <testName>TestCase01.test99</testName>
          <skipped>false</skipped>
          <failedSince>0</failedSince>
        </case>
        <case>
          <duration>11.61</duration>
          <className>TestRestMessageDecoder</className>
          <testName>TestCase02.test01</testName>
          <skipped>false</skipped>
          <failedSince>0</failedSince>
        </case>
        <case>
          <duration>17.978</duration>
          <className>TestRestMessageDecoder</className>
          <testName>TestCase02.test02</testName>
          <skipped>false</skipped>
          <failedSince>0</failedSince>
        </case>
        <case>
          <duration>5.425</duration>
          <className>TestRestMessageDecoder</className>
          <testName>TestCase02.test03</testName>
          <skipped>false</skipped>
          <failedSince>0</failedSince>
        </case>
        <case>
          <duration>3.77</duration>
          <className>TestRestMessageDecoder</className>
          <testName>TestCase02.test04</testName>
          <skipped>false</skipped>
          <failedSince>0</failedSince>
        </case>
        <case>
          <duration>10.337</duration>
          <className>TestRestMessageDecoder</className>
          <testName>TestCase02.test05</testName>
          <skipped>false</skipped>
          <failedSince>0</failedSince>
        </case>
        <case>
          <duration>4.151</duration>
          <className>TestRestMessageDecoder</className>
          <testName>TestCase02.test06</testName>
          <skipped>false</skipped>
          <failedSince>0</failedSince>
        </case>
        <case>
          <duration>11.823</duration>
          <className>TestRestMessageDecoder</className>
          <testName>TestCase02.test07</testName>
          <skipped>false</skipped>
          <failedSince>0</failedSince>
        </case>
      </cases>
    </suite>
    <suite>
      <file>/home/jenkins/workspace/Backend/CNE@2/test-results/TEST-cli-TestCaptureAnalysisJob.xml</file>
      <name>cli.TestCaptureAnalysisJob</name>
      <stdout>...........Test test01 skipped in sandbox
.Test test02 skipped in sandbox
.Test test03 skipped in sandbox
.Test test04 skipped in sandbox
.Test test05 skipped in sandbox
.Test test06 skipped in sandbox
.Test test07 skipped in sandbox
.Test test08 skipped in sandbox
.Test test09 skipped in sandbox
..Test test11 skipped in sandbox
.Test test12 skipped in sandbox
.Test test13 skipped in sandbox
.Test test14 skipped in sandbox
.Test test15 skipped in sandbox
.Test test16 skipped in sandbox
.Test tes
...[truncated 207 chars]...
HTTP-Old%3A%20Other/class-default 0000 1572511570000 
..
TestCase02.test22: BQM-48649 Offline Analytics REST support
nbitool -d all  localhost:5101 event-feed as1 1572511638000000000 1572511758000000000
nbitool -d all  localhost:5101 event-feed as1 1373296416096527000 1373296446885339000
nbitool -d all  -P localhost:5101 event-feed as1 1572511638000000000 1572511758000000000
nbitool -d all  -P localhost:5101 event-feed as1 1373296416096527000 1373296446885339000
.Test test99 skipped in sandbox
.</stdout>
      <stderr></stderr>
      <duration>268.288</duration>
      <timestamp>2019-10-31T08:42:53.346179</timestamp>
      <time>268.288</time>
      <enclosingBlocks/>
      <enclosingBlockNames/>
      <cases>
        <case>
          <duration>19.108</duration>
          <className>TestCaptureAnalysisJob</className>
          <testName>TestCase01.test01</testName>
          <skipped>false</skipped>
          <failedSince>0</failedSince>
        </case>
        <case>
          <duration>0.072</duration>
          <className>TestCaptureAnalysisJob</className>
          <testName>TestCase01.test02</testName>
          <skipped>false</skipped>
          <failedSince>0</failedSince>
        </case>
        <case>
          <duration>0.252</duration>
          <className>TestCaptureAnalysisJob</className>
          <testName>TestCase01.test03</testName>
          <skipped>false</skipped>
          <failedSince>0</failedSince>
        </case>
        <case>
          <duration>0.805</duration>
          <className>TestCaptureAnalysisJob</className>
          <testName>TestCase01.test04</testName>
          <skipped>false</skipped>
          <failedSince>0</failedSince>
        </case>
        <case>
          <duration>7.044</duration>
          <className>TestCaptureAnalysisJob</className>
          <testName>TestCase01.test05</testName>
          <skipped>false</skipped>
          <failedSince>0</failedSince>
        </case>
        <case>
          <duration>12.895</duration>
          <className>TestCaptureAnalysisJob</className>
          <testName>TestCase01.test06</testName>
          <skipped>false</skipped>
          <failedSince>0</failedSince>
        </case>
        <case>
          <duration>5.634</duration>
          <className>TestCaptureAnalysisJob</className>
          <testName>TestCase01.test07</testName>
          <skipped>false</skipped>
          <failedSince>0</failedSince>
        </case>
        <case>
          <duration>1.808</duration>
          <className>TestCaptureAnalysisJob</className>
          <testName>TestCase01.test08</testName>
          <skipped>false</skipped>
          <failedSince>0</failedSince>
        </case>
        <case>
          <duration>4.155</duration>
          <className>TestCaptureAnalysisJob</className>
          <testName>TestCase01.test09</testName>
          <skipped>false</skipped>
          <failedSince>0</failedSince>
        </case>
        <case>
          <duration>1.49</duration>
          <className>TestCaptureAnalysisJob</className>
          <testName>TestCase01.test10</testName>
          <skipped>false</skipped>
          <failedSince>0</failedSince>
        </case>
        <case>
          <duration>1.466</duration>
          <className>TestCaptureAnalysisJob</className>
          <testName>TestCase01.test11</testName>
          <skipped>false</skipped>
          <failedSince>0</failedSince>
        </case>
        <case>
          <duration>0.001</duration>
          <className>TestCaptureAnalysisJob</className>
          <testName>TestCase02.test01</testName>
          <skipped>false</skipped>
          <failedSince>0</failedSince>
        </case>
        <case>
          <duration>0.001</duration>
          <className>TestCaptureAnalysisJob</className>
          <testName>TestCase02.test02</testName>
          <skipped>false</skipped>
          <failedSince>0</failedSince>
        </case>
        <case>
          <duration>0.001</duration>
          <className>TestCaptureAnalysisJob</className>
          <testName>TestCase02.test03</testName>
          <skipped>false</skipped>
          <failedSince>0</failedSince>
        </case>
        <case>
          <duration>0.001</duration>
          <className>TestCaptureAnalysisJob</className>
          <testName>TestCase02.test04</testName>
          <skipped>false</skipped>
          <failedSince>0</failedSince>
        </case>
        <case>
          <duration>0.001</duration>
          <className>TestCaptureAnalysisJob</className>
          <testName>TestCase02.test05</testName>
          <skipped>false</skipped>
          <failedSince>0</failedSince>
        </case>
        <case>
          <duration>0.0</duration>
          <className>TestCaptureAnalysisJob</className>
          <testName>TestCase02.test06</testName>
          <skipped>false</skipped>
          <failedSince>0</failedSince>
        </case>
        <case>
          <duration>0.0</duration>
          <className>TestCaptureAnalysisJob</className>
          <testName>TestCase02.test07</testName>
          <skipped>false</skipped>
          <failedSince>0</failedSince>
        </case>
        <case>
          <duration>0.001</duration>
          <className>TestCaptureAnalysisJob</className>
          <testName>TestCase02.test08</testName>
          <skipped>false</skipped>
          <failedSince>0</failedSince>
        </case>
        <case>
          <duration>0.001</duration>
          <className>TestCaptureAnalysisJob</className>
          <testName>TestCase02.test09</testName>
          <skipped>false</skipped>
          <failedSince>0</failedSince>
        </case>
        <case>
          <duration>9.751</duration>
          <className>TestCaptureAnalysisJob</className>
          <testName>TestCase02.test10</testName>
          <skipped>false</skipped>
          <failedSince>0</failedSince>
        </case>
        <case>
          <duration>0.0</duration>
          <className>TestCaptureAnalysisJob</className>
          <testName>TestCase02.test11</testName>
          <skipped>false</skipped>
          <failedSince>0</failedSince>
        </case>
        <case>
          <duration>0.0</duration>
          <className>TestCaptureAnalysisJob</className>
          <testName>TestCase02.test12</testName>
          <skipped>false</skipped>
          <failedSince>0</failedSince>
        </case>
        <case>
          <duration>0.0</duration>
          <className>TestCaptureAnalysisJob</className>
          <testName>TestCase02.test13</testName>
          <skipped>false</skipped>
          <failedSince>0</failedSince>
        </case>
        <case>
          <duration>0.0</duration>
          <className>TestCaptureAnalysisJob</className>
          <testName>TestCase02.test14</testName>
          <skipped>false</skipped>
          <failedSince>0</failedSince>
        </case>
        <case>
          <duration>0.001</duration>
          <className>TestCaptureAnalysisJob</className>
          <testName>TestCase02.test15</testName>
          <skipped>false</skipped>
          <failedSince>0</failedSince>
        </case>
        <case>
          <duration>0.0</duration>
          <className>TestCaptureAnalysisJob</className>
          <testName>TestCase02.test16</testName>
          <skipped>false</skipped>
          <failedSince>0</failedSince>
        </case>
        <case>
          <duration>0.0</duration>
          <className>TestCaptureAnalysisJob</className>
          <testName>TestCase02.test17</testName>
          <skipped>false</skipped>
          <failedSince>0</failedSince>
        </case>
        <case>
          <duration>0.0</duration>
          <className>TestCaptureAnalysisJob</className>
          <testName>TestCase02.test18</testName>
          <skipped>false</skipped>
          <failedSince>0</failedSince>
        </case>
        <case>
          <duration>92.363</duration>
          <className>TestCaptureAnalysisJob</className>
          <testName>TestCase02.test19</testName>
          <skipped>false</skipped>
          <failedSince>0</failedSince>
        </case>
        <case>
          <duration>47.567</duration>
          <className>TestCaptureAnalysisJob</className>
          <testName>TestCase02.test20</testName>
          <skipped>false</skipped>
          <failedSince>0</failedSince>
        </case>
        <case>
          <duration>34.459</duration>
          <className>TestCaptureAnalysisJob</className>
          <testName>TestCase02.test21</testName>
          <skipped>false</skipped>
          <failedSince>0</failedSince>
        </case>
        <case>
          <duration>29.4</duration>
          <className>TestCaptureAnalysisJob</className>
          <testName>TestCase02.test22</testName>
          <skipped>false</skipped>
          <failedSince>0</failedSince>
        </case>
        <case>
          <duration>0.001</duration>
          <className>TestCaptureAnalysisJob</className>
          <testName>TestCase02.test99</testName>
          <skipped>false</skipped>
          <failedSince>0</failedSince>
        </case>
      </cases>
    </suite>
    <suite>
      <file>/home/jenkins/workspace/Backend/CNE@5/test-results/TEST-rest-TestRestAggregationTap.xml</file>
      <name>rest.TestRestAggregationTap</name>
      <stdout>......
TestCase01.test07: Test the &apos;with-clock-monitoring&apos; option and semantic checks.
.</stdout>
      <stderr></stderr>
      <duration>69.02</duration>
      <timestamp>2019-10-31T08:46:13.992743</timestamp>
      <time>69.020</time>
      <enclosingBlocks/>
      <enclosingBlockNames/>
      <cases>
        <case>
          <duration>18.262</duration>
          <className>TestRestAggregationTap</className>
          <testName>TestCase01.test01</testName>
          <skipped>false</skipped>
          <failedSince>0</failedSince>
        </case>
        <case>
          <duration>7.151</duration>
          <className>TestRestAggregationTap</className>
          <testName>TestCase01.test02</testName>
          <skipped>false</skipped>
          <failedSince>0</failedSince>
        </case>
        <case>
          <duration>1.399</duration>
          <className>TestRestAggregationTap</className>
          <testName>TestCase01.test03</testName>
          <skipped>false</skipped>
          <failedSince>0</failedSince>
        </case>
        <case>
          <duration>5.464</duration>
          <className>TestRestAggregationTap</className>
          <testName>TestCase01.test04</testName>
          <skipped>false</skipped>
          <failedSince>0</failedSince>
        </case>
        <case>
          <duration>31.821</duration>
          <className>TestRestAggregationTap</className>
          <testName>TestCase01.test05</testName>
          <skipped>false</skipped>
          <failedSince>0</failedSince>
        </case>
        <case>
          <duration>1.346</duration>
          <className>TestRestAggregationTap</className>
          <testName>TestCase01.test06</testName>
          <skipped>false</skipped>
          <failedSince>0</failedSince>
        </case>
        <case>
          <duration>3.573</duration>
          <className>TestRestAggregationTap</className>
          <testName>TestCase01.test07</testName>
          <skipped>false</skipped>
          <failedSince>0</failedSince>
        </case>
      </cases>
    </suite>
    <suite>
      <file>/home/jenkins/workspace/Backend/CNE@10/test-results/TEST-cli-TestRadius.xml</file>
      <name>cli.TestRadius</name>
      <stdout>..................Test skipped on the CorvilNet Engine
.Test skipped on the CorvilNet Engine
.Test skipped on the CorvilNet Engine
.Test skipped on the CorvilNet Engine
.Test skipped on the CorvilNet Engine
........</stdout>
      <stderr></stderr>
      <duration>72.425</duration>
      <timestamp>2019-10-31T08:46:11.640665</timestamp>
      <time>72.425</time>
      <enclosingBlocks/>
      <enclosingBlockNames/>
      <cases>
        <case>
          <duration>15.582</duration>
          <className>TestRadius</className>
          <testName>TestCase01.test00</testName>
          <skipped>false</skipped>
          <failedSince>0</failedSince>
        </case>
        <case>
          <duration>0.01</duration>
          <className>TestRadius</className>
          <testName>TestCase01.test01</testName>
          <skipped>false</skipped>
          <failedSince>0</failedSince>
        </case>
        <case>
          <duration>0.182</duration>
          <className>TestRadius</className>
          <testName>TestCase01.test02</testName>
          <skipped>false</skipped>
          <failedSince>0</failedSince>
        </case>
        <case>
          <duration>0.176</duration>
          <className>TestRadius</className>
          <testName>TestCase01.test03</testName>
          <skipped>false</skipped>
          <failedSince>0</failedSince>
        </case>
        <case>
          <duration>0.208</duration>
          <className>TestRadius</className>
          <testName>TestCase01.test99</testName>
          <skipped>false</skipped>
          <failedSince>0</failedSince>
        </case>
        <case>
          <duration>1.966</duration>
          <className>TestRadius</className>
          <testName>TestCase02.test00</testName>
          <skipped>false</skipped>
          <failedSince>0</failedSince>
        </case>
        <case>
          <duration>0.085</duration>
          <className>TestRadius</className>
          <testName>TestCase02.test01</testName>
          <skipped>false</skipped>
          <failedSince>0</failedSince>
        </case>
        <case>
          <duration>0.081</duration>
          <className>TestRadius</className>
          <testName>TestCase02.test02</testName>
          <skipped>false</skipped>
          <failedSince>0</failedSince>
        </case>
        <case>
          <duration>0.301</duration>
          <className>TestRadius</className>
          <testName>TestCase02.test99</testName>
          <skipped>false</skipped>
          <failedSince>0</failedSince>
        </case>
        <case>
          <duration>2.291</duration>
          <className>TestRadius</className>
          <testName>TestCase03.test00</testName>
          <skipped>false</skipped>
          <failedSince>0</failedSince>
        </case>
        <case>
          <duration>0.094</duration>
          <className>TestRadius</className>
          <testName>TestCase03.test01</testName>
          <skipped>false</skipped>
          <failedSince>0</failedSince>
        </case>
        <case>
          <duration>0.095</duration>
          <className>TestRadius</className>
          <testName>TestCase03.test02</testName>
          <skipped>false</skipped>
          <failedSince>0</failedSince>
        </case>
        <case>
          <duration>0.178</duration>
          <className>TestRadius</className>
          <testName>TestCase03.test03</testName>
          <skipped>false</skipped>
          <failedSince>0</failedSince>
        </case>
        <case>
          <duration>0.088</duration>
          <className>TestRadius</className>
          <testName>TestCase03.test04</testName>
          <skipped>false</skipped>
          <failedSince>0</failedSince>
        </case>
        <case>
          <duration>1.674</duration>
          <className>TestRadius</className>
          <testName>TestCase04.test00</testName>
          <skipped>false</skipped>
          <failedSince>0</failedSince>
        </case>
        <case>
          <duration>0.057</duration>
          <className>TestRadius</className>
          <testName>TestCase04.test01</testName>
          <skipped>false</skipped>
          <failedSince>0</failedSince>
        </case>
        <case>
          <duration>0.059</duration>
          <className>TestRadius</className>
          <testName>TestCase04.test02</testName>
          <skipped>false</skipped>
          <failedSince>0</failedSince>
        </case>
        <case>
          <duration>0.179</duration>
          <className>TestRadius</className>
          <testName>TestCase04.test04</testName>
          <skipped>false</skipped>
          <failedSince>0</failedSince>
        </case>
        <case>
          <duration>0.029</duration>
          <className>TestRadius</className>
          <testName>TestCase05.test00</testName>
          <skipped>false</skipped>
          <failedSince>0</failedSince>
        </case>
        <case>
          <duration>0.022</duration>
          <className>TestRadius</className>
          <testName>TestCase05.test01</testName>
          <skipped>false</skipped>
          <failedSince>0</failedSince>
        </case>
        <case>
          <duration>0.027</duration>
          <className>TestRadius</className>
          <testName>TestCase05.test02</testName>
          <skipped>false</skipped>
          <failedSince>0</failedSince>
        </case>
        <case>
          <duration>0.026</duration>
          <className>TestRadius</className>
          <testName>TestCase05.test03</testName>
          <skipped>false</skipped>
          <failedSince>0</failedSince>
        </case>
        <case>
          <duration>0.026</duration>
          <className>TestRadius</className>
          <testName>TestCase05.test04</testName>
          <skipped>false</skipped>
          <failedSince>0</failedSince>
        </case>
        <case>
          <duration>7.198</duration>
          <className>TestRadius</className>
          <testName>TestCase06.test01</testName>
          <skipped>false</skipped>
          <failedSince>0</failedSince>
        </case>
        <case>
          <duration>3.133</duration>
          <className>TestRadius</className>
          <testName>TestCase06.test02</testName>
          <skipped>false</skipped>
          <failedSince>0</failedSince>
        </case>
        <case>
          <duration>3.374</duration>
          <className>TestRadius</className>
          <testName>TestCase06.test03</testName>
          <skipped>false</skipped>
          <failedSince>0</failedSince>
        </case>
        <case>
          <duration>3.376</duration>
          <className>TestRadius</className>
          <testName>TestCase06.test04</testName>
          <skipped>false</skipped>
          <failedSince>0</failedSince>
        </case>
        <case>
          <duration>0.328</duration>
          <className>TestRadius</className>
          <testName>TestCase07.test01</testName>
          <skipped>false</skipped>
          <failedSince>0</failedSince>
        </case>
        <case>
          <duration>29.986</duration>
          <className>TestRadius</className>
          <testName>TestCase07.test02</testName>
          <skipped>false</skipped>
          <failedSince>0</failedSince>
        </case>
        <case>
          <duration>1.591</duration>
          <className>TestRadius</className>
          <testName>TestCase08.test01</testName>
          <skipped>false</skipped>
          <failedSince>0</failedSince>
        </case>
      </cases>
    </suite>
    <suite>
      <file>/home/jenkins/workspace/Backend/CNE/test-results/TEST-topn-TestTopN.xml</file>
      <name>topn.TestTopN</name>
      <stdout>.E.............................EE..</stdout>
      <stderr></stderr>
      <duration>261.353</duration>
      <timestamp>2019-10-31T08:43:05.022935</timestamp>
      <time>261.353</time>
      <enclosingBlocks/>
      <enclosingBlockNames/>
      <cases>
        <case>
          <duration>30.271</duration>
          <className>TestTopN</className>
          <testName>TestCase01.test01</testName>
          <skipped>false</skipped>
          <failedSince>0</failedSince>
        </case>
        <case>
          <duration>5.417</duration>
          <className>TestTopN</className>
          <testName>TestCase01.test02</testName>
          <skipped>false</skipped>
          <errorStackTrace>Traceback (most recent call last):
  File &quot;/components/cna/host/src/probed/test/topn/TestTopN.py&quot;, line 157, in test02
    xmlFilter = adjustListenersXml)
  File &quot;/components/cna/host/src/probed/test/topn/TestTopN.py&quot;, line 100, in checkResult
    &quot;comparison of REST vs expected in %s&quot; % self.id())
  File &quot;/components/probed/test/testcases/probe.py&quot;, line 460, in assertEqualWithDiff
    &quot;  str1: %s\n  str2: %s&quot; % (file1, file2))
Exception: Unexpected differences while attempting comparison of REST vs expected in __main__.TestCase01.test02
--- /tmp/data1.xml	2019-10-31 08:43:40.690463283 +0000
+++ /tmp/data2.xml	2019-10-31 08:43:40.698463269 +0000
@@ -3,24 +3,24 @@
     &lt;topn-entry bytes=&quot;60500&quot; flows=&quot;550&quot; id=&quot;Unknown&quot; packets=&quot;550&quot;/&gt;
   &lt;/topn-table&gt;
   &lt;topn-totals bytes=&quot;60500&quot; category=&quot;applications&quot; flows=&quot;550&quot; packets=&quot;550&quot;/&gt;
-  &lt;topn-table category=&quot;listeners&quot; interface=&quot;interface/SITE/ROUTER/Simple&quot; max-error=&quot;110&quot; sort-by=&quot;bytes&quot;&gt;
-    &lt;topn-entry bytes=&quot;110&quot; flows=&quot;1&quot; id=&quot;2.2.1.N&quot; packets=&quot;1&quot;/&gt;
-    &lt;topn-entry bytes=&quot;110&quot; flows=&quot;1&quot; id=&quot;2.2.1.N&quot; packets=&quot;1&quot;/&gt;
-    &lt;topn-entry bytes=&quot;110&quot; flows=&quot;1&quot; id=&quot;2.2.1.N&quot; packets=&quot;1&quot;/&gt;
-    &lt;topn-entry bytes=&quot;110&quot; flows=&quot;1&quot; id=&quot;2.2.1.N&quot; packets=&quot;1&quot;/&gt;
-    &lt;topn-entry bytes=&quot;110&quot; flows=&quot;1&quot; id=&quot;2.2.1.N&quot; packets=&quot;1&quot;/&gt;
-    &lt;topn-entry bytes=&quot;110&quot; flows=&quot;1&quot; id=&quot;2.2.1.N&quot; packets=&quot;1&quot;/&gt;
-    &lt;topn-entry bytes=&quot;110&quot; flows=&quot;1&quot; id=&quot;2.2.1.N&quot; packets=&quot;1&quot;/&gt;
-    &lt;topn-entry bytes=&quot;110&quot; flows=&quot;1&quot; id=&quot;2.2.1.N&quot; packets=&quot;1&quot;/&gt;
-    &lt;topn-entry bytes=&quot;110&quot; flows=&quot;1&quot; id=&quot;2.2.1.N&quot; packets=&quot;1&quot;/&gt;
-    &lt;topn-entry bytes=&quot;110&quot; flows=&quot;1&quot; id=&quot;2.2.1.N&quot; packets=&quot;1&quot;/&gt;
+  &lt;topn-table category=&quot;listeners&quot; interface=&quot;interface/SITE/ROUTER/Simple&quot; max-error=&quot;220&quot; sort-by=&quot;bytes&quot;&gt;
+    &lt;topn-entry bytes=&quot;220&quot; flows=&quot;1&quot; id=&quot;2.2.3.82&quot; packets=&quot;1&quot;/&gt;
+    &lt;topn-entry bytes=&quot;220&quot; flows=&quot;1&quot; id=&quot;2.2.3.83&quot; packets=&quot;1&quot;/&gt;
+    &lt;topn-entry bytes=&quot;220&quot; flows=&quot;1&quot; id=&quot;2.2.3.84&quot; packets=&quot;1&quot;/&gt;
+    &lt;topn-entry bytes=&quot;220&quot; flows=&quot;1&quot; id=&quot;2.2.3.85&quot; packets=&quot;1&quot;/&gt;
+    &lt;topn-entry bytes=&quot;220&quot; flows=&quot;1&quot; id=&quot;2.2.3.86&quot; packets=&quot;1&quot;/&gt;
+    &lt;topn-entry bytes=&quot;220&quot; flows=&quot;1&quot; id=&quot;2.2.3.87&quot; packets=&quot;1&quot;/&gt;
+    &lt;topn-entry bytes=&quot;220&quot; flows=&quot;1&quot; id=&quot;2.2.3.88&quot; packets=&quot;1&quot;/&gt;
+    &lt;topn-entry bytes=&quot;220&quot; flows=&quot;1&quot; id=&quot;2.2.3.89&quot; packets=&quot;1&quot;/&gt;
+    &lt;topn-entry bytes=&quot;220&quot; flows=&quot;1&quot; id=&quot;2.2.3.90&quot; packets=&quot;1&quot;/&gt;
+    &lt;topn-entry bytes=&quot;220&quot; flows=&quot;1&quot; id=&quot;2.2.3.91&quot; packets=&quot;1&quot;/&gt;
   &lt;/topn-table&gt;
   &lt;topn-totals bytes=&quot;60500&quot; category=&quot;listeners&quot; flows=&quot;550&quot; packets=&quot;550&quot;/&gt;
   &lt;topn-table category=&quot;talkers&quot; interface=&quot;interface/SITE/ROUTER/Simple&quot; max-error=&quot;0&quot; sort-by=&quot;bytes&quot;&gt;
     &lt;topn-entry bytes=&quot;60500&quot; flows=&quot;550&quot; id=&quot;3.33.3.4&quot; packets=&quot;550&quot;/&gt;
   &lt;/topn-table&gt;
   &lt;topn-totals bytes=&quot;60500&quot; category=&quot;talkers&quot; flows=&quot;550&quot; packets=&quot;550&quot;/&gt;
-  &lt;topn-table category=&quot;conversations&quot; interface=&quot;interface/SITE/ROUTER/Simple&quot; max-error=&quot;0&quot; sort-by=&quot;bytes&quot;&gt;
+  &lt;topn-table category=&quot;conversations&quot; interface=&quot;interface/SITE/ROUTER/Simple&quot; max-error=&quot;110&quot; sort-by=&quot;bytes&quot;&gt;
     &lt;topn-entry bytes=&quot;110&quot; flows=&quot;1&quot; id=&quot;3.33.3.4:0-&gt;2.2.1.1:0 (udp, &apos;Unknown&apos;)&quot; packets=&quot;1&quot;/&gt;
     &lt;topn-entry bytes=&quot;110&quot; flows=&quot;1&quot; id=&quot;3.33.3.4:0-&gt;2.2.1.2:0 (udp, &apos;Unknown&apos;)&quot; packets=&quot;1&quot;/&gt;
     &lt;topn-entry bytes=&quot;110&quot; flows=&quot;1&quot; id=&quot;3.33.3.4:0-&gt;2.2.1.3:0 (udp, &apos;Unknown&apos;)&quot; packets=&quot;1&quot;/&gt;

The original input data has been written to:
  str1: /tmp/data1.xml
  str2: /tmp/data2.xml
</errorStackTrace>
          <failedSince>4125</failedSince>
        </case>
        <case>
          <duration>7.342</duration>
          <className>TestTopN</className>
          <testName>TestCase01.test03</testName>
          <skipped>false</skipped>
          <failedSince>0</failedSince>
        </case>
        <case>
          <duration>7.402</duration>
          <className>TestTopN</className>
          <testName>TestCase01.test04</testName>
          <skipped>false</skipped>
          <failedSince>0</failedSince>
        </case>
        <case>
          <duration>11.573</duration>
          <className>TestTopN</className>
          <testName>TestCase01.test05</testName>
          <skipped>false</skipped>
          <failedSince>0</failedSince>
        </case>
        <case>
          <duration>0.0</duration>
          <className>TestTopN</className>
          <testName>TestCase01.test06</testName>
          <skipped>false</skipped>
          <failedSince>0</failedSince>
        </case>
        <case>
          <duration>6.488</duration>
          <className>TestTopN</className>
          <testName>TestCase01.test07</testName>
          <skipped>false</skipped>
          <failedSince>0</failedSince>
        </case>
        <case>
          <duration>4.009</duration>
          <className>TestTopN</className>
          <testName>TestCase01.test08</testName>
          <skipped>false</skipped>
          <failedSince>0</failedSince>
        </case>
        <case>
          <duration>4.047</duration>
          <className>TestTopN</className>
          <testName>TestCase01.test09</testName>
          <skipped>false</skipped>
          <failedSince>0</failedSince>
        </case>
        <case>
          <duration>5.488</duration>
          <className>TestTopN</className>
          <testName>TestCase01.test10</testName>
          <skipped>false</skipped>
          <failedSince>0</failedSince>
        </case>
        <case>
          <duration>0.0</duration>
          <className>TestTopN</className>
          <testName>TestCase01.test11</testName>
          <skipped>false</skipped>
          <failedSince>0</failedSince>
        </case>
        <case>
          <duration>4.985</duration>
          <className>TestTopN</className>
          <testName>TestCase01.test12</testName>
          <skipped>false</skipped>
          <failedSince>0</failedSince>
        </case>
        <case>
          <duration>4.101</duration>
          <className>TestTopN</className>
          <testName>TestCase01.test13</testName>
          <skipped>false</skipped>
          <failedSince>0</failedSince>
        </case>
        <case>
          <duration>4.581</duration>
          <className>TestTopN</className>
          <testName>TestCase01.test14</testName>
          <skipped>false</skipped>
          <failedSince>0</failedSince>
        </case>
        <case>
          <duration>4.333</duration>
          <className>TestTopN</className>
          <testName>TestCase01.test15</testName>
          <skipped>false</skipped>
          <failedSince>0</failedSince>
        </case>
        <case>
          <duration>6.522</duration>
          <className>TestTopN</className>
          <testName>TestCase01.test16</testName>
          <skipped>false</skipped>
          <failedSince>0</failedSince>
        </case>
        <case>
          <duration>4.507</duration>
          <className>TestTopN</className>
          <testName>TestCase01.test17</testName>
          <skipped>false</skipped>
          <failedSince>0</failedSince>
        </case>
        <case>
          <duration>4.074</duration>
          <className>TestTopN</className>
          <testName>TestCase01.test18</testName>
          <skipped>false</skipped>
          <failedSince>0</failedSince>
        </case>
        <case>
          <duration>5.081</duration>
          <className>TestTopN</className>
          <testName>TestCase01.test19</testName>
          <skipped>false</skipped>
          <failedSince>0</failedSince>
        </case>
        <case>
          <duration>4.139</duration>
          <className>TestTopN</className>
          <testName>TestCase01.test20</testName>
          <skipped>false</skipped>
          <failedSince>0</failedSince>
        </case>
        <case>
          <duration>4.267</duration>
          <className>TestTopN</className>
          <testName>TestCase01.test21</testName>
          <skipped>false</skipped>
          <failedSince>0</failedSince>
        </case>
        <case>
          <duration>4.444</duration>
          <className>TestTopN</className>
          <testName>TestCase01.test22</testName>
          <skipped>false</skipped>
          <failedSince>0</failedSince>
        </case>
        <case>
          <duration>4.514</duration>
          <className>TestTopN</className>
          <testName>TestCase01.test23</testName>
          <skipped>false</skipped>
          <failedSince>0</failedSince>
        </case>
        <case>
          <duration>6.012</duration>
          <className>TestTopN</className>
          <testName>TestCase01.test24</testName>
          <skipped>false</skipped>
          <failedSince>0</failedSince>
        </case>
        <case>
          <duration>4.515</duration>
          <className>TestTopN</className>
          <testName>TestCase01.test25</testName>
          <skipped>false</skipped>
          <failedSince>0</failedSince>
        </case>
        <case>
          <duration>4.004</duration>
          <className>TestTopN</className>
          <testName>TestCase01.test26</testName>
          <skipped>false</skipped>
          <failedSince>0</failedSince>
        </case>
        <case>
          <duration>5.455</duration>
          <className>TestTopN</className>
          <testName>TestCase01.test27</testName>
          <skipped>false</skipped>
          <failedSince>0</failedSince>
        </case>
        <case>
          <duration>4.051</duration>
          <className>TestTopN</className>
          <testName>TestCase01.test28</testName>
          <skipped>false</skipped>
          <failedSince>0</failedSince>
        </case>
        <case>
          <duration>4.019</duration>
          <className>TestTopN</className>
          <testName>TestCase01.test29</testName>
          <skipped>false</skipped>
          <failedSince>0</failedSince>
        </case>
        <case>
          <duration>5.761</duration>
          <className>TestTopN</className>
          <testName>TestCase01.test30</testName>
          <skipped>false</skipped>
          <failedSince>0</failedSince>
        </case>
        <case>
          <duration>7.818</duration>
          <className>TestTopN</className>
          <testName>TestCase01.test31</testName>
          <skipped>false</skipped>
          <failedSince>0</failedSince>
        </case>
        <case>
          <duration>37.471</duration>
          <className>TestTopN</className>
          <testName>TestCase01.test32</testName>
          <skipped>false</skipped>
          <errorStackTrace>Traceback (most recent call last):
  File &quot;/components/cna/host/src/probed/test/topn/TestTopN.py&quot;, line 353, in test32
    &quot;expected/drdl_cmap1.xml&quot;)
  File &quot;/components/cna/host/src/probed/test/topn/TestTopN.py&quot;, line 100, in checkResult
    &quot;comparison of REST vs expected in %s&quot; % self.id())
  File &quot;/components/probed/test/testcases/probe.py&quot;, line 460, in assertEqualWithDiff
    &quot;  str1: %s\n  str2: %s&quot; % (file1, file2))
Exception: Unexpected differences while attempting comparison of REST vs expected in __main__.TestCase01.test32
--- /tmp/data1.xml	2019-10-31 08:46:41.694140073 +0000
+++ /tmp/data2.xml	2019-10-31 08:46:41.706140051 +0000
@@ -16,17 +16,17 @@
     &lt;topn-entry bytes=&quot;4444904&quot; flows=&quot;0&quot; id=&quot;172.18.1.60&quot; packets=&quot;73102&quot;/&gt;
   &lt;/topn-table&gt;
   &lt;topn-totals bytes=&quot;16350221&quot; category=&quot;talkers&quot; flows=&quot;0&quot; packets=&quot;150502&quot;/&gt;
-  &lt;topn-table category=&quot;conversations&quot; interface=&quot;rt-class/SITE/ROUTER/Drdl/output/cmap1&quot; max-error=&quot;1492&quot; sort-by=&quot;bytes&quot;&gt;
-    &lt;topn-entry bytes=&quot;52758&quot; flows=&quot;0&quot; id=&quot;172.18.1.127:80-&gt;172.18.1.60:54035 (tcp, &apos;HTTP (undecoded)&apos;)&quot; packets=&quot;104&quot;/&gt;
-    &lt;topn-entry bytes=&quot;51021&quot; flows=&quot;0&quot; id=&quot;172.18.1.127:80-&gt;172.18.1.60:51018 (tcp, &apos;HTTP (undecoded)&apos;)&quot; packets=&quot;107&quot;/&gt;
-    &lt;topn-entry bytes=&quot;51021&quot; flows=&quot;0&quot; id=&quot;172.18.1.127:80-&gt;172.18.1.60:57029 (tcp, &apos;HTTP (undecoded)&apos;)&quot; packets=&quot;107&quot;/&gt;
-    &lt;topn-entry bytes=&quot;50364&quot; flows=&quot;0&quot; id=&quot;172.18.1.127:80-&gt;172.18.1.60:33022 (tcp, &apos;HTTP (undecoded)&apos;)&quot; packets=&quot;103&quot;/&gt;
-    &lt;topn-entry bytes=&quot;50364&quot; flows=&quot;0&quot; id=&quot;172.18.1.127:80-&gt;172.18.1.60:33031 (tcp, &apos;HTTP (undecoded)&apos;)&quot; packets=&quot;103&quot;/&gt;
-    &lt;topn-entry bytes=&quot;50364&quot; flows=&quot;0&quot; id=&quot;172.18.1.127:80-&gt;172.18.1.60:54044 (tcp, &apos;HTTP (undecoded)&apos;)&quot; packets=&quot;103&quot;/&gt;
-    &lt;topn-entry bytes=&quot;49707&quot; flows=&quot;0&quot; id=&quot;172.18.1.127:80-&gt;172.18.1.60:51027 (tcp, &apos;HTTP (undecoded)&apos;)&quot; packets=&quot;99&quot;/&gt;
-    &lt;topn-entry bytes=&quot;49566&quot; flows=&quot;0&quot; id=&quot;172.18.3.99:21-&gt;172.18.1.60:36038 (tcp, &apos;FTP (undecoded)&apos;)&quot; packets=&quot;656&quot;/&gt;
-    &lt;topn-entry bytes=&quot;49284&quot; flows=&quot;0&quot; id=&quot;172.18.1.127:80-&gt;172.18.1.60:33040 (tcp, &apos;HTTP (undecoded)&apos;)&quot; packets=&quot;110&quot;/&gt;
-    &lt;topn-entry bytes=&quot;48417&quot; flows=&quot;0&quot; id=&quot;172.18.3.99:21-&gt;172.18.1.60:36040 (tcp, &apos;FTP (undecoded)&apos;)&quot; packets=&quot;641&quot;/&gt;
+  &lt;topn-table category=&quot;conversations&quot; interface=&quot;rt-class/SITE/ROUTER/Drdl/output/cmap1&quot; max-error=&quot;23264&quot; sort-by=&quot;bytes&quot;&gt;
+    &lt;topn-entry bytes=&quot;62882&quot; flows=&quot;0&quot; id=&quot;172.18.1.127:80-&gt;172.18.1.60:33022 (tcp, &apos;HTTP (undecoded)&apos;)&quot; packets=&quot;103&quot;/&gt;
+    &lt;topn-entry bytes=&quot;62882&quot; flows=&quot;0&quot; id=&quot;172.18.1.127:80-&gt;172.18.1.60:33031 (tcp, &apos;HTTP (undecoded)&apos;)&quot; packets=&quot;103&quot;/&gt;
+    &lt;topn-entry bytes=&quot;61802&quot; flows=&quot;0&quot; id=&quot;172.18.1.127:80-&gt;172.18.1.60:33040 (tcp, &apos;HTTP (undecoded)&apos;)&quot; packets=&quot;110&quot;/&gt;
+    &lt;topn-entry bytes=&quot;57437&quot; flows=&quot;0&quot; id=&quot;172.18.1.127:80-&gt;172.18.1.60:33024 (tcp, &apos;HTTP (undecoded)&apos;)&quot; packets=&quot;97&quot;/&gt;
+    &lt;topn-entry bytes=&quot;56780&quot; flows=&quot;0&quot; id=&quot;172.18.1.127:80-&gt;172.18.1.60:33015 (tcp, &apos;HTTP (undecoded)&apos;)&quot; packets=&quot;93&quot;/&gt;
+    &lt;topn-entry bytes=&quot;56357&quot; flows=&quot;0&quot; id=&quot;172.18.1.127:80-&gt;172.18.1.60:33017 (tcp, &apos;HTTP (undecoded)&apos;)&quot; packets=&quot;104&quot;/&gt;
+    &lt;topn-entry bytes=&quot;55700&quot; flows=&quot;0&quot; id=&quot;172.18.1.127:80-&gt;172.18.1.60:33019 (tcp, &apos;HTTP (undecoded)&apos;)&quot; packets=&quot;100&quot;/&gt;
+    &lt;topn-entry bytes=&quot;55413&quot; flows=&quot;0&quot; id=&quot;172.18.1.127:80-&gt;172.18.1.60:57029 (tcp, &apos;HTTP (undecoded)&apos;)&quot; packets=&quot;107&quot;/&gt;
+    &lt;topn-entry bytes=&quot;55043&quot; flows=&quot;0&quot; id=&quot;172.18.1.127:80-&gt;172.18.1.60:33027 (tcp, &apos;HTTP (undecoded)&apos;)&quot; packets=&quot;96&quot;/&gt;
+    &lt;topn-entry bytes=&quot;55043&quot; flows=&quot;0&quot; id=&quot;172.18.1.127:80-&gt;172.18.1.60:33029 (tcp, &apos;HTTP (undecoded)&apos;)&quot; packets=&quot;96&quot;/&gt;
   &lt;/topn-table&gt;
   &lt;topn-totals bytes=&quot;16350221&quot; category=&quot;conversations&quot; flows=&quot;0&quot; packets=&quot;150502&quot;/&gt;
 &lt;/cnx&gt;

The original input data has been written to:
  str1: /tmp/data1.xml
  str2: /tmp/data2.xml
</errorStackTrace>
          <failedSince>4125</failedSince>
        </case>
        <case>
          <duration>39.611</duration>
          <className>TestTopN</className>
          <testName>TestCase01.test33</testName>
          <skipped>false</skipped>
          <errorStackTrace>Traceback (most recent call last):
  File &quot;/components/cna/host/src/probed/test/topn/TestTopN.py&quot;, line 373, in test33
    &quot;expected/multithread_7app_fwd.xml&quot;, maxErrorTolFrac = 0.02)
  File &quot;/components/cna/host/src/probed/test/topn/TestTopN.py&quot;, line 100, in checkResult
    &quot;comparison of REST vs expected in %s&quot; % self.id())
  File &quot;/components/probed/test/testcases/probe.py&quot;, line 460, in assertEqualWithDiff
    &quot;  str1: %s\n  str2: %s&quot; % (file1, file2))
Exception: Unexpected differences while attempting comparison of REST vs expected in __main__.TestCase01.test33
--- /tmp/data1.xml	2019-10-31 08:47:21.310068909 +0000
+++ /tmp/data2.xml	2019-10-31 08:47:21.318068894 +0000
@@ -32,7 +32,11 @@
     &lt;topn-entry bytes=&quot;33621&quot; flows=&quot;21&quot; id=&quot;172.18.1.60:42023-&gt;172.18.3.99:445 (tcp, &apos;my-stuff1&apos;)&quot; packets=&quot;273&quot;/&gt;
     &lt;topn-entry bytes=&quot;33621&quot; flows=&quot;21&quot; id=&quot;172.18.1.60:42036-&gt;172.18.3.99:445 (tcp, &apos;my-stuff1&apos;)&quot; packets=&quot;273&quot;/&gt;
     &lt;topn-entry bytes=&quot;33621&quot; flows=&quot;21&quot; id=&quot;172.18.1.60:42038-&gt;172.18.3.99:445 (tcp, &apos;my-stuff1&apos;)&quot; packets=&quot;273&quot;/&gt;
+    &lt;topn-entry bytes=&quot;33443&quot; flows=&quot;0&quot; id=&quot;172.18.1.60:39036-&gt;172.18.3.99:21 (tcp, &apos;my-stuff1&apos;)&quot; packets=&quot;389&quot;/&gt;
+    &lt;topn-entry bytes=&quot;33196&quot; flows=&quot;12&quot; id=&quot;172.18.1.60:54026-&gt;172.18.3.99:445 (tcp, &apos;my-stuff1&apos;)&quot; packets=&quot;156&quot;/&gt;
+    &lt;topn-entry bytes=&quot;33166&quot; flows=&quot;14&quot; id=&quot;172.18.1.60:54043-&gt;172.18.3.99:445 (tcp, &apos;my-stuff1&apos;)&quot; packets=&quot;182&quot;/&gt;
     &lt;topn-entry bytes=&quot;33101&quot; flows=&quot;2&quot; id=&quot;172.18.1.60:36033-&gt;172.18.3.99:21 (tcp, &apos;my-stuff1&apos;)&quot; packets=&quot;600&quot;/&gt;
+    &lt;topn-entry bytes=&quot;32615&quot; flows=&quot;0&quot; id=&quot;172.18.1.60:39032-&gt;172.18.3.99:21 (tcp, &apos;my-stuff1&apos;)&quot; packets=&quot;374&quot;/&gt;
     &lt;topn-entry bytes=&quot;32273&quot; flows=&quot;2&quot; id=&quot;172.18.1.60:36026-&gt;172.18.3.99:21 (tcp, &apos;my-stuff1&apos;)&quot; packets=&quot;585&quot;/&gt;
     &lt;topn-entry bytes=&quot;32273&quot; flows=&quot;2&quot; id=&quot;172.18.1.60:36027-&gt;172.18.3.99:21 (tcp, &apos;my-stuff1&apos;)&quot; packets=&quot;585&quot;/&gt;
     &lt;topn-entry bytes=&quot;32272&quot; flows=&quot;2&quot; id=&quot;172.18.1.60:36029-&gt;172.18.3.99:21 (tcp, &apos;my-stuff1&apos;)&quot; packets=&quot;585&quot;/&gt;
@@ -41,29 +45,25 @@
     &lt;topn-entry bytes=&quot;32020&quot; flows=&quot;20&quot; id=&quot;172.18.1.60:42014-&gt;172.18.3.99:445 (tcp, &apos;my-stuff1&apos;)&quot; packets=&quot;260&quot;/&gt;
     &lt;topn-entry bytes=&quot;32020&quot; flows=&quot;20&quot; id=&quot;172.18.1.60:42029-&gt;172.18.3.99:445 (tcp, &apos;my-stuff1&apos;)&quot; packets=&quot;260&quot;/&gt;
     &lt;topn-entry bytes=&quot;32020&quot; flows=&quot;20&quot; id=&quot;172.18.1.60:42040-&gt;172.18.3.99:445 (tcp, &apos;my-stuff1&apos;)&quot; packets=&quot;260&quot;/&gt;
+    &lt;topn-entry bytes=&quot;31788&quot; flows=&quot;0&quot; id=&quot;172.18.1.60:39034-&gt;172.18.3.99:21 (tcp, &apos;my-stuff1&apos;)&quot; packets=&quot;359&quot;/&gt;
+    &lt;topn-entry bytes=&quot;31788&quot; flows=&quot;0&quot; id=&quot;172.18.1.60:39041-&gt;172.18.3.99:21 (tcp, &apos;my-stuff1&apos;)&quot; packets=&quot;359&quot;/&gt;
+    &lt;topn-entry bytes=&quot;31595&quot; flows=&quot;11&quot; id=&quot;172.18.1.60:54021-&gt;172.18.3.99:445 (tcp, &apos;my-stuff1&apos;)&quot; packets=&quot;143&quot;/&gt;
+    &lt;topn-entry bytes=&quot;31595&quot; flows=&quot;11&quot; id=&quot;172.18.1.60:54030-&gt;172.18.3.99:445 (tcp, &apos;my-stuff1&apos;)&quot; packets=&quot;143&quot;/&gt;
+    &lt;topn-entry bytes=&quot;31595&quot; flows=&quot;11&quot; id=&quot;172.18.1.60:54048-&gt;172.18.3.99:445 (tcp, &apos;my-stuff1&apos;)&quot; packets=&quot;143&quot;/&gt;
+    &lt;topn-entry bytes=&quot;31565&quot; flows=&quot;13&quot; id=&quot;172.18.1.60:54034-&gt;172.18.3.99:445 (tcp, &apos;my-stuff1&apos;)&quot; packets=&quot;169&quot;/&gt;
     &lt;topn-entry bytes=&quot;31446&quot; flows=&quot;2&quot; id=&quot;172.18.1.60:36013-&gt;172.18.3.99:21 (tcp, &apos;my-stuff1&apos;)&quot; packets=&quot;570&quot;/&gt;
     &lt;topn-entry bytes=&quot;31446&quot; flows=&quot;2&quot; id=&quot;172.18.1.60:36024-&gt;172.18.3.99:21 (tcp, &apos;my-stuff1&apos;)&quot; packets=&quot;570&quot;/&gt;
     &lt;topn-entry bytes=&quot;31443&quot; flows=&quot;2&quot; id=&quot;172.18.1.60:36025-&gt;172.18.3.99:21 (tcp, &apos;my-stuff1&apos;)&quot; packets=&quot;570&quot;/&gt;
     &lt;topn-entry bytes=&quot;31442&quot; flows=&quot;2&quot; id=&quot;172.18.1.60:36012-&gt;172.18.3.99:21 (tcp, &apos;my-stuff1&apos;)&quot; packets=&quot;570&quot;/&gt;
+    &lt;topn-entry bytes=&quot;31200&quot; flows=&quot;12&quot; id=&quot;172.18.1.60:54032-&gt;172.18.3.99:445 (tcp, &apos;my-stuff1&apos;)&quot; packets=&quot;156&quot;/&gt;
+    &lt;topn-entry bytes=&quot;30961&quot; flows=&quot;0&quot; id=&quot;172.18.1.60:39043-&gt;172.18.3.99:21 (tcp, &apos;my-stuff1&apos;)&quot; packets=&quot;344&quot;/&gt;
+    &lt;topn-entry bytes=&quot;30960&quot; flows=&quot;0&quot; id=&quot;172.18.1.60:39018-&gt;172.18.3.99:21 (tcp, &apos;my-stuff1&apos;)&quot; packets=&quot;344&quot;/&gt;
     &lt;topn-entry bytes=&quot;30618&quot; flows=&quot;2&quot; id=&quot;172.18.1.60:36023-&gt;172.18.3.99:21 (tcp, &apos;my-stuff1&apos;)&quot; packets=&quot;555&quot;/&gt;
     &lt;topn-entry bytes=&quot;30618&quot; flows=&quot;2&quot; id=&quot;172.18.1.60:36035-&gt;172.18.3.99:21 (tcp, &apos;my-stuff1&apos;)&quot; packets=&quot;555&quot;/&gt;
     &lt;topn-entry bytes=&quot;30616&quot; flows=&quot;2&quot; id=&quot;172.18.1.60:36034-&gt;172.18.3.99:21 (tcp, &apos;my-stuff1&apos;)&quot; packets=&quot;555&quot;/&gt;
+    &lt;topn-entry bytes=&quot;30534&quot; flows=&quot;0&quot; id=&quot;172.18.1.60:39028-&gt;172.18.3.99:21 (tcp, &apos;my-stuff1&apos;)&quot; packets=&quot;300&quot;/&gt;
     &lt;topn-entry bytes=&quot;30419&quot; flows=&quot;19&quot; id=&quot;172.18.1.60:42015-&gt;172.18.3.99:445 (tcp, &apos;my-stuff1&apos;)&quot; packets=&quot;247&quot;/&gt;
     &lt;topn-entry bytes=&quot;30419&quot; flows=&quot;19&quot; id=&quot;172.18.1.60:42018-&gt;172.18.3.99:445 (tcp, &apos;my-stuff1&apos;)&quot; packets=&quot;247&quot;/&gt;
-    &lt;topn-entry bytes=&quot;30419&quot; flows=&quot;19&quot; id=&quot;172.18.1.60:42019-&gt;172.18.3.99:445 (tcp, &apos;my-stuff1&apos;)&quot; packets=&quot;247&quot;/&gt;
-    &lt;topn-entry bytes=&quot;30419&quot; flows=&quot;19&quot; id=&quot;172.18.1.60:42020-&gt;172.18.3.99:445 (tcp, &apos;my-stuff1&apos;)&quot; packets=&quot;247&quot;/&gt;
-    &lt;topn-entry bytes=&quot;30419&quot; flows=&quot;19&quot; id=&quot;172.18.1.60:42027-&gt;172.18.3.99:445 (tcp, &apos;my-stuff1&apos;)&quot; packets=&quot;247&quot;/&gt;
-    &lt;topn-entry bytes=&quot;30419&quot; flows=&quot;19&quot; id=&quot;172.18.1.60:42041-&gt;172.18.3.99:445 (tcp, &apos;my-stuff1&apos;)&quot; packets=&quot;247&quot;/&gt;
-    &lt;topn-entry bytes=&quot;29791&quot; flows=&quot;2&quot; id=&quot;172.18.1.60:36028-&gt;172.18.3.99:21 (tcp, &apos;my-stuff1&apos;)&quot; packets=&quot;540&quot;/&gt;
-    &lt;topn-entry bytes=&quot;29790&quot; flows=&quot;2&quot; id=&quot;172.18.1.60:36032-&gt;172.18.3.99:21 (tcp, &apos;my-stuff1&apos;)&quot; packets=&quot;540&quot;/&gt;
-    &lt;topn-entry bytes=&quot;28964&quot; flows=&quot;2&quot; id=&quot;172.18.1.60:36015-&gt;172.18.3.99:21 (tcp, &apos;my-stuff1&apos;)&quot; packets=&quot;525&quot;/&gt;
-    &lt;topn-entry bytes=&quot;28964&quot; flows=&quot;2&quot; id=&quot;172.18.1.60:36019-&gt;172.18.3.99:21 (tcp, &apos;my-stuff1&apos;)&quot; packets=&quot;525&quot;/&gt;
-    &lt;topn-entry bytes=&quot;28961&quot; flows=&quot;2&quot; id=&quot;172.18.1.60:36021-&gt;172.18.3.99:21 (tcp, &apos;my-stuff1&apos;)&quot; packets=&quot;525&quot;/&gt;
-    &lt;topn-entry bytes=&quot;28961&quot; flows=&quot;2&quot; id=&quot;172.18.1.60:36030-&gt;172.18.3.99:21 (tcp, &apos;my-stuff1&apos;)&quot; packets=&quot;525&quot;/&gt;
-    &lt;topn-entry bytes=&quot;28818&quot; flows=&quot;18&quot; id=&quot;172.18.1.60:42024-&gt;172.18.3.99:445 (tcp, &apos;my-stuff1&apos;)&quot; packets=&quot;234&quot;/&gt;
-    &lt;topn-entry bytes=&quot;28818&quot; flows=&quot;18&quot; id=&quot;172.18.1.60:42026-&gt;172.18.3.99:445 (tcp, &apos;my-stuff1&apos;)&quot; packets=&quot;234&quot;/&gt;
-    &lt;topn-entry bytes=&quot;28818&quot; flows=&quot;18&quot; id=&quot;172.18.1.60:42039-&gt;172.18.3.99:445 (tcp, &apos;my-stuff1&apos;)&quot; packets=&quot;234&quot;/&gt;
-    &lt;topn-entry bytes=&quot;28818&quot; flows=&quot;18&quot; id=&quot;172.18.1.60:42042-&gt;172.18.3.99:445 (tcp, &apos;my-stuff1&apos;)&quot; packets=&quot;234&quot;/&gt;
   &lt;/topn-table&gt;
   &lt;topn-totals bytes=&quot;13388104&quot; category=&quot;conversations&quot; flows=&quot;16300&quot; packets=&quot;172002&quot;/&gt;
 &lt;/cnx&gt;

The original input data has been written to:
  str1: /tmp/data1.xml
  str2: /tmp/data2.xml
</errorStackTrace>
          <failedSince>4125</failedSince>
        </case>
        <case>
          <duration>5.043</duration>
          <className>TestTopN</className>
          <testName>TestCase01.test34</testName>
          <skipped>false</skipped>
          <failedSince>0</failedSince>
        </case>
        <case>
          <duration>0.003</duration>
          <className>TestTopN</className>
          <testName>TestCase01.test99</testName>
          <skipped>false</skipped>
          <failedSince>0</failedSince>
        </case>
      </cases>
    </suite>
    <suite>
      <file>/home/jenkins/workspace/Backend/CNE@2/test-results/TEST-rest-TestRestSession.xml</file>
      <name>rest.TestRestSession</name>
      <stdout>
TestCase01.test03: Test system limit on number of sessions
.
TestCase02.test01: Create / check/ rename / delete a tag-type
.
TestCase02.test02: Attempt to delete a tag type that is in use in a session
.
TestCase02.test03: Attempt to create a session with a tag of a type that does not exist
.
TestCase02.test04: Misc negative tag-type tests
.
TestCase03.test01: Create / check/ modify/ delete a session
.
TestCase03.test02: Config push works with sessions
.
TestCase03.test03: Adding tags to sessions by using session names
.
TestCase04.test01: Failed addition of tags to existing session
.
TestCase04.test02: Failed replacement of tags
.
TestCase04.test03: Failed removal of tags on existing sessions
.
TestCase04.test04: Failed tag creation on session creation
.
TestCase04.test05: Failed session creation because of two tags with same type
.
TestCase04.test06: Failed session deletion does not result in tag deletion
.</stdout>
      <stderr></stderr>
      <duration>45.676</duration>
      <timestamp>2019-10-31T08:47:09.634675</timestamp>
      <time>45.676</time>
      <enclosingBlocks/>
      <enclosingBlockNames/>
      <cases>
        <case>
          <duration>14.255</duration>
          <className>TestRestSession</className>
          <testName>TestCase01.test03</testName>
          <skipped>false</skipped>
          <failedSince>0</failedSince>
        </case>
        <case>
          <duration>1.848</duration>
          <className>TestRestSession</className>
          <testName>TestCase02.test01</testName>
          <skipped>false</skipped>
          <failedSince>0</failedSince>
        </case>
        <case>
          <duration>1.177</duration>
          <className>TestRestSession</className>
          <testName>TestCase02.test02</testName>
          <skipped>false</skipped>
          <failedSince>0</failedSince>
        </case>
        <case>
          <duration>0.778</duration>
          <className>TestRestSession</className>
          <testName>TestCase02.test03</testName>
          <skipped>false</skipped>
          <failedSince>0</failedSince>
        </case>
        <case>
          <duration>1.501</duration>
          <className>TestRestSession</className>
          <testName>TestCase02.test04</testName>
          <skipped>false</skipped>
          <failedSince>0</failedSince>
        </case>
        <case>
          <duration>7.472</duration>
          <className>TestRestSession</className>
          <testName>TestCase03.test01</testName>
          <skipped>false</skipped>
          <failedSince>0</failedSince>
        </case>
        <case>
          <duration>6.026</duration>
          <className>TestRestSession</className>
          <testName>TestCase03.test02</testName>
          <skipped>false</skipped>
          <failedSince>0</failedSince>
        </case>
        <case>
          <duration>2.161</duration>
          <className>TestRestSession</className>
          <testName>TestCase03.test03</testName>
          <skipped>false</skipped>
          <failedSince>0</failedSince>
        </case>
        <case>
          <duration>3.197</duration>
          <className>TestRestSession</className>
          <testName>TestCase04.test01</testName>
          <skipped>false</skipped>
          <failedSince>0</failedSince>
        </case>
        <case>
          <duration>1.322</duration>
          <className>TestRestSession</className>
          <testName>TestCase04.test02</testName>
          <skipped>false</skipped>
          <failedSince>0</failedSince>
        </case>
        <case>
          <duration>1.061</duration>
          <className>TestRestSession</className>
          <testName>TestCase04.test03</testName>
          <skipped>false</skipped>
          <failedSince>0</failedSince>
        </case>
        <case>
          <duration>1.916</duration>
          <className>TestRestSession</className>
          <testName>TestCase04.test04</testName>
          <skipped>false</skipped>
          <failedSince>0</failedSince>
        </case>
        <case>
          <duration>1.402</duration>
          <className>TestRestSession</className>
          <testName>TestCase04.test05</testName>
          <skipped>false</skipped>
          <failedSince>0</failedSince>
        </case>
        <case>
          <duration>1.559</duration>
          <className>TestRestSession</className>
          <testName>TestCase04.test06</testName>
          <skipped>false</skipped>
          <failedSince>0</failedSince>
        </case>
      </cases>
    </suite>
    <suite>
      <file>/home/jenkins/workspace/Backend/CNE@3/test-results/TEST-rest-TestRestLiveView.xml</file>
      <name>rest.TestRestLiveView</name>
      <stdout>.................................Test test02 skipped in sandbox
...........
TestCase08.test01: Test latency SCI calculation
{899: (&apos;channel///local-probe/external/lthan-pos-200&apos;, 200, True), 879: (&apos;channel///local-probe/external/lthan-pos-30&apos;, 30, True), 883: (&apos;channel///local-probe/external/lthan-0&apos;, 0, True), 895: (&apos;channel///local-probe/external/gthan-pos-80&apos;, 80, False), 903: (&apos;channel///local-probe/external/gthan-pos-30&apos;, 30, False), 891: (&apos;channel///local-probe/external/gthan-neg-25&apos;, -25,
...[truncated 1886 chars]...
local-probe/external/gthan-pos-80 (id=895)
target is not met delay=100021000.000000 threshold =80000000.000000
Checking MP channel///local-probe/external/gthan-pos-30 (id=903)
target is not met delay=100021000.000000 threshold =30000000.000000
Checking MP channel///local-probe/external/gthan-neg-25 (id=891)
target is not met delay=100021000.000000 threshold =-25000000.000000
Checking MP channel///local-probe/external/gthan-0 (id=887)
target is not met delay=100021000.000000 threshold =0.000000
.</stdout>
      <stderr></stderr>
      <duration>335.429</duration>
      <timestamp>2019-10-31T08:42:19.356826</timestamp>
      <time>335.429</time>
      <enclosingBlocks/>
      <enclosingBlockNames/>
      <cases>
        <case>
          <duration>19.912</duration>
          <className>TestRestLiveView</className>
          <testName>TestCase01.test00</testName>
          <skipped>false</skipped>
          <failedSince>0</failedSince>
        </case>
        <case>
          <duration>8.065</duration>
          <className>TestRestLiveView</className>
          <testName>TestCase01.test01</testName>
          <skipped>false</skipped>
          <failedSince>0</failedSince>
        </case>
        <case>
          <duration>4.134</duration>
          <className>TestRestLiveView</className>
          <testName>TestCase01.test02</testName>
          <skipped>false</skipped>
          <failedSince>0</failedSince>
        </case>
        <case>
          <duration>62.246</duration>
          <className>TestRestLiveView</className>
          <testName>TestCase01.test03</testName>
          <skipped>false</skipped>
          <failedSince>0</failedSince>
        </case>
        <case>
          <duration>3.032</duration>
          <className>TestRestLiveView</className>
          <testName>TestCase01.test04</testName>
          <skipped>false</skipped>
          <failedSince>0</failedSince>
        </case>
        <case>
          <duration>3.126</duration>
          <className>TestRestLiveView</className>
          <testName>TestCase01.test05</testName>
          <skipped>false</skipped>
          <failedSince>0</failedSince>
        </case>
        <case>
          <duration>3.133</duration>
          <className>TestRestLiveView</className>
          <testName>TestCase01.test06</testName>
          <skipped>false</skipped>
          <failedSince>0</failedSince>
        </case>
        <case>
          <duration>3.06</duration>
          <className>TestRestLiveView</className>
          <testName>TestCase01.test07</testName>
          <skipped>false</skipped>
          <failedSince>0</failedSince>
        </case>
        <case>
          <duration>0.014</duration>
          <className>TestRestLiveView</className>
          <testName>TestCase01.test08</testName>
          <skipped>false</skipped>
          <failedSince>0</failedSince>
        </case>
        <case>
          <duration>9.021</duration>
          <className>TestRestLiveView</className>
          <testName>TestCase01.test09</testName>
          <skipped>false</skipped>
          <failedSince>0</failedSince>
        </case>
        <case>
          <duration>0.617</duration>
          <className>TestRestLiveView</className>
          <testName>TestCase01.test10</testName>
          <skipped>false</skipped>
          <failedSince>0</failedSince>
        </case>
        <case>
          <duration>5.138</duration>
          <className>TestRestLiveView</className>
          <testName>TestCase01.test11</testName>
          <skipped>false</skipped>
          <failedSince>0</failedSince>
        </case>
        <case>
          <duration>0.677</duration>
          <className>TestRestLiveView</className>
          <testName>TestCase01.test12</testName>
          <skipped>false</skipped>
          <failedSince>0</failedSince>
        </case>
        <case>
          <duration>5.255</duration>
          <className>TestRestLiveView</className>
          <testName>TestCase01.test13</testName>
          <skipped>false</skipped>
          <failedSince>0</failedSince>
        </case>
        <case>
          <duration>0.005</duration>
          <className>TestRestLiveView</className>
          <testName>TestCase01.test14</testName>
          <skipped>false</skipped>
          <failedSince>0</failedSince>
        </case>
        <case>
          <duration>1.255</duration>
          <className>TestRestLiveView</className>
          <testName>TestCase01.test15</testName>
          <skipped>false</skipped>
          <failedSince>0</failedSince>
        </case>
        <case>
          <duration>19.098</duration>
          <className>TestRestLiveView</className>
          <testName>TestCase02.test01</testName>
          <skipped>false</skipped>
          <failedSince>0</failedSince>
        </case>
        <case>
          <duration>0.108</duration>
          <className>TestRestLiveView</className>
          <testName>TestCase02.test02</testName>
          <skipped>false</skipped>
          <failedSince>0</failedSince>
        </case>
        <case>
          <duration>0.01</duration>
          <className>TestRestLiveView</className>
          <testName>TestCase02.test03</testName>
          <skipped>false</skipped>
          <failedSince>0</failedSince>
        </case>
        <case>
          <duration>0.073</duration>
          <className>TestRestLiveView</className>
          <testName>TestCase02.test04</testName>
          <skipped>false</skipped>
          <failedSince>0</failedSince>
        </case>
        <case>
          <duration>0.036</duration>
          <className>TestRestLiveView</className>
          <testName>TestCase02.test05</testName>
          <skipped>false</skipped>
          <failedSince>0</failedSince>
        </case>
        <case>
          <duration>10.05</duration>
          <className>TestRestLiveView</className>
          <testName>TestCase02.test06</testName>
          <skipped>false</skipped>
          <failedSince>0</failedSince>
        </case>
        <case>
          <duration>0.02</duration>
          <className>TestRestLiveView</className>
          <testName>TestCase02.test07</testName>
          <skipped>false</skipped>
          <failedSince>0</failedSince>
        </case>
        <case>
          <duration>15.047</duration>
          <className>TestRestLiveView</className>
          <testName>TestCase02.test08</testName>
          <skipped>false</skipped>
          <failedSince>0</failedSince>
        </case>
        <case>
          <duration>1.858</duration>
          <className>TestRestLiveView</className>
          <testName>TestCase02.test09</testName>
          <skipped>false</skipped>
          <failedSince>0</failedSince>
        </case>
        <case>
          <duration>3.042</duration>
          <className>TestRestLiveView</className>
          <testName>TestCase02.test10</testName>
          <skipped>false</skipped>
          <failedSince>0</failedSince>
        </case>
        <case>
          <duration>10.941</duration>
          <className>TestRestLiveView</className>
          <testName>TestCase02.test11</testName>
          <skipped>false</skipped>
          <failedSince>0</failedSince>
        </case>
        <case>
          <duration>21.497</duration>
          <className>TestRestLiveView</className>
          <testName>TestCase03.test01</testName>
          <skipped>false</skipped>
          <failedSince>0</failedSince>
        </case>
        <case>
          <duration>5.293</duration>
          <className>TestRestLiveView</className>
          <testName>TestCase03.test02</testName>
          <skipped>false</skipped>
          <failedSince>0</failedSince>
        </case>
        <case>
          <duration>5.75</duration>
          <className>TestRestLiveView</className>
          <testName>TestCase03.test03</testName>
          <skipped>false</skipped>
          <failedSince>0</failedSince>
        </case>
        <case>
          <duration>12.495</duration>
          <className>TestRestLiveView</className>
          <testName>TestCase03.test04</testName>
          <skipped>false</skipped>
          <failedSince>0</failedSince>
        </case>
        <case>
          <duration>1.741</duration>
          <className>TestRestLiveView</className>
          <testName>TestCase03.test05</testName>
          <skipped>false</skipped>
          <failedSince>0</failedSince>
        </case>
        <case>
          <duration>2.836</duration>
          <className>TestRestLiveView</className>
          <testName>TestCase04.test01</testName>
          <skipped>false</skipped>
          <failedSince>0</failedSince>
        </case>
        <case>
          <duration>0.0</duration>
          <className>TestRestLiveView</className>
          <testName>TestCase04.test02</testName>
          <skipped>false</skipped>
          <failedSince>0</failedSince>
        </case>
        <case>
          <duration>9.42</duration>
          <className>TestRestLiveView</className>
          <testName>TestCase05.test01</testName>
          <skipped>false</skipped>
          <failedSince>0</failedSince>
        </case>
        <case>
          <duration>0.024</duration>
          <className>TestRestLiveView</className>
          <testName>TestCase05.test02</testName>
          <skipped>false</skipped>
          <failedSince>0</failedSince>
        </case>
        <case>
          <duration>0.015</duration>
          <className>TestRestLiveView</className>
          <testName>TestCase05.test03</testName>
          <skipped>false</skipped>
          <failedSince>0</failedSince>
        </case>
        <case>
          <duration>0.828</duration>
          <className>TestRestLiveView</className>
          <testName>TestCase05.test04</testName>
          <skipped>false</skipped>
          <failedSince>0</failedSince>
        </case>
        <case>
          <duration>9.978</duration>
          <className>TestRestLiveView</className>
          <testName>TestCase05.test05</testName>
          <skipped>false</skipped>
          <failedSince>0</failedSince>
        </case>
        <case>
          <duration>5.033</duration>
          <className>TestRestLiveView</className>
          <testName>TestCase05.test06</testName>
          <skipped>false</skipped>
          <failedSince>0</failedSince>
        </case>
        <case>
          <duration>5.689</duration>
          <className>TestRestLiveView</className>
          <testName>TestCase05.test07</testName>
          <skipped>false</skipped>
          <failedSince>0</failedSince>
        </case>
        <case>
          <duration>9.019</duration>
          <className>TestRestLiveView</className>
          <testName>TestCase06.test01</testName>
          <skipped>false</skipped>
          <failedSince>0</failedSince>
        </case>
        <case>
          <duration>13.815</duration>
          <className>TestRestLiveView</className>
          <testName>TestCase07.test01</testName>
          <skipped>false</skipped>
          <failedSince>0</failedSince>
        </case>
        <case>
          <duration>22.962</duration>
          <className>TestRestLiveView</className>
          <testName>TestCase07.test02</testName>
          <skipped>false</skipped>
          <failedSince>0</failedSince>
        </case>
        <case>
          <duration>20.056</duration>
          <className>TestRestLiveView</className>
          <testName>TestCase08.test01</testName>
          <skipped>false</skipped>
          <failedSince>0</failedSince>
        </case>
      </cases>
    </suite>
    <suite>
      <file>/home/jenkins/workspace/Backend/CNE@2/test-results/TEST-cli-TestLdap.xml</file>
      <name>cli.TestLdap</name>
      <stdout>.......................................Test test48 skipped in sandbox
.Test test48a skipped in sandbox
.Test test48b skipped in sandbox
.Test test49 skipped in sandbox
.Test test49a skipped in sandbox
.Test test49b skipped in sandbox
...Test test52 skipped in sandbox
.Test test53 skipped in sandbox
.Test test54 skipped in sandbox
.
TestCase01.test55: BQM-60016 ldap password shown in show command
...Test skipped on the CorvilNet Engine
..Test skipped on the CorvilNet Engine
......Test skipped on the CorvilNet Engine
...</stdout>
      <stderr></stderr>
      <duration>292.998</duration>
      <timestamp>2019-10-31T08:43:32.554538</timestamp>
      <time>292.998</time>
      <enclosingBlocks/>
      <enclosingBlockNames/>
      <cases>
        <case>
          <duration>13.1</duration>
          <className>TestLdap</className>
          <testName>TestCase01.test02</testName>
          <skipped>false</skipped>
          <failedSince>0</failedSince>
        </case>
        <case>
          <duration>23.135</duration>
          <className>TestLdap</className>
          <testName>TestCase01.test03</testName>
          <skipped>false</skipped>
          <failedSince>0</failedSince>
        </case>
        <case>
          <duration>8.729</duration>
          <className>TestLdap</className>
          <testName>TestCase01.test04</testName>
          <skipped>false</skipped>
          <failedSince>0</failedSince>
        </case>
        <case>
          <duration>9.705</duration>
          <className>TestLdap</className>
          <testName>TestCase01.test05</testName>
          <skipped>false</skipped>
          <failedSince>0</failedSince>
        </case>
        <case>
          <duration>11.129</duration>
          <className>TestLdap</className>
          <testName>TestCase01.test06</testName>
          <skipped>false</skipped>
          <failedSince>0</failedSince>
        </case>
        <case>
          <duration>7.487</duration>
          <className>TestLdap</className>
          <testName>TestCase01.test07</testName>
          <skipped>false</skipped>
          <failedSince>0</failedSince>
        </case>
        <case>
          <duration>6.021</duration>
          <className>TestLdap</className>
          <testName>TestCase01.test07_nested</testName>
          <skipped>false</skipped>
          <failedSince>0</failedSince>
        </case>
        <case>
          <duration>6.036</duration>
          <className>TestLdap</className>
          <testName>TestCase01.test07_short_login</testName>
          <skipped>false</skipped>
          <failedSince>0</failedSince>
        </case>
        <case>
          <duration>11.513</duration>
          <className>TestLdap</className>
          <testName>TestCase01.test08</testName>
          <skipped>false</skipped>
          <failedSince>0</failedSince>
        </case>
        <case>
          <duration>9.565</duration>
          <className>TestLdap</className>
          <testName>TestCase01.test08a</testName>
          <skipped>false</skipped>
          <failedSince>0</failedSince>
        </case>
        <case>
          <duration>9.667</duration>
          <className>TestLdap</className>
          <testName>TestCase01.test08b</testName>
          <skipped>false</skipped>
          <failedSince>0</failedSince>
        </case>
        <case>
          <duration>10.355</duration>
          <className>TestLdap</className>
          <testName>TestCase01.test09</testName>
          <skipped>false</skipped>
          <failedSince>0</failedSince>
        </case>
        <case>
          <duration>10.573</duration>
          <className>TestLdap</className>
          <testName>TestCase01.test10</testName>
          <skipped>false</skipped>
          <failedSince>0</failedSince>
        </case>
        <case>
          <duration>8.009</duration>
          <className>TestLdap</className>
          <testName>TestCase01.test11</testName>
          <skipped>false</skipped>
          <failedSince>0</failedSince>
        </case>
        <case>
          <duration>7.937</duration>
          <className>TestLdap</className>
          <testName>TestCase01.test12</testName>
          <skipped>false</skipped>
          <failedSince>0</failedSince>
        </case>
        <case>
          <duration>7.48</duration>
          <className>TestLdap</className>
          <testName>TestCase01.test13</testName>
          <skipped>false</skipped>
          <failedSince>0</failedSince>
        </case>
        <case>
          <duration>18.097</duration>
          <className>TestLdap</className>
          <testName>TestCase01.test14</testName>
          <skipped>false</skipped>
          <failedSince>0</failedSince>
        </case>
        <case>
          <duration>5.843</duration>
          <className>TestLdap</className>
          <testName>TestCase01.test15</testName>
          <skipped>false</skipped>
          <failedSince>0</failedSince>
        </case>
        <case>
          <duration>2.133</duration>
          <className>TestLdap</className>
          <testName>TestCase01.test16</testName>
          <skipped>false</skipped>
          <failedSince>0</failedSince>
        </case>
        <case>
          <duration>3.007</duration>
          <className>TestLdap</className>
          <testName>TestCase01.test17</testName>
          <skipped>false</skipped>
          <failedSince>0</failedSince>
        </case>
        <case>
          <duration>3.796</duration>
          <className>TestLdap</className>
          <testName>TestCase01.test18</testName>
          <skipped>false</skipped>
          <failedSince>0</failedSince>
        </case>
        <case>
          <duration>2.221</duration>
          <className>TestLdap</className>
          <testName>TestCase01.test30</testName>
          <skipped>false</skipped>
          <failedSince>0</failedSince>
        </case>
        <case>
          <duration>4.511</duration>
          <className>TestLdap</className>
          <testName>TestCase01.test31</testName>
          <skipped>false</skipped>
          <failedSince>0</failedSince>
        </case>
        <case>
          <duration>5.461</duration>
          <className>TestLdap</className>
          <testName>TestCase01.test32</testName>
          <skipped>false</skipped>
          <failedSince>0</failedSince>
        </case>
        <case>
          <duration>3.402</duration>
          <className>TestLdap</className>
          <testName>TestCase01.test33</testName>
          <skipped>false</skipped>
          <failedSince>0</failedSince>
        </case>
        <case>
          <duration>3.543</duration>
          <className>TestLdap</className>
          <testName>TestCase01.test35</testName>
          <skipped>false</skipped>
          <failedSince>0</failedSince>
        </case>
        <case>
          <duration>6.71</duration>
          <className>TestLdap</className>
          <testName>TestCase01.test36</testName>
          <skipped>false</skipped>
          <failedSince>0</failedSince>
        </case>
        <case>
          <duration>6.218</duration>
          <className>TestLdap</className>
          <testName>TestCase01.test37</testName>
          <skipped>false</skipped>
          <failedSince>0</failedSince>
        </case>
        <case>
          <duration>4.651</duration>
          <className>TestLdap</className>
          <testName>TestCase01.test38</testName>
          <skipped>false</skipped>
          <failedSince>0</failedSince>
        </case>
        <case>
          <duration>5.272</duration>
          <className>TestLdap</className>
          <testName>TestCase01.test38a</testName>
          <skipped>false</skipped>
          <failedSince>0</failedSince>
        </case>
        <case>
          <duration>6.078</duration>
          <className>TestLdap</className>
          <testName>TestCase01.test39</testName>
          <skipped>false</skipped>
          <failedSince>0</failedSince>
        </case>
        <case>
          <duration>5.702</duration>
          <className>TestLdap</className>
          <testName>TestCase01.test40</testName>
          <skipped>false</skipped>
          <failedSince>0</failedSince>
        </case>
        <case>
          <duration>4.23</duration>
          <className>TestLdap</className>
          <testName>TestCase01.test41</testName>
          <skipped>false</skipped>
          <failedSince>0</failedSince>
        </case>
        <case>
          <duration>6.804</duration>
          <className>TestLdap</className>
          <testName>TestCase01.test42</testName>
          <skipped>false</skipped>
          <failedSince>0</failedSince>
        </case>
        <case>
          <duration>4.698</duration>
          <className>TestLdap</className>
          <testName>TestCase01.test43</testName>
          <skipped>false</skipped>
          <failedSince>0</failedSince>
        </case>
        <case>
          <duration>5.222</duration>
          <className>TestLdap</className>
          <testName>TestCase01.test44</testName>
          <skipped>false</skipped>
          <failedSince>0</failedSince>
        </case>
        <case>
          <duration>5.572</duration>
          <className>TestLdap</className>
          <testName>TestCase01.test45</testName>
          <skipped>false</skipped>
          <failedSince>0</failedSince>
        </case>
        <case>
          <duration>5.432</duration>
          <className>TestLdap</className>
          <testName>TestCase01.test46</testName>
          <skipped>false</skipped>
          <failedSince>0</failedSince>
        </case>
        <case>
          <duration>4.997</duration>
          <className>TestLdap</className>
          <testName>TestCase01.test46a</testName>
          <skipped>false</skipped>
          <failedSince>0</failedSince>
        </case>
        <case>
          <duration>0.001</duration>
          <className>TestLdap</className>
          <testName>TestCase01.test48</testName>
          <skipped>false</skipped>
          <failedSince>0</failedSince>
        </case>
        <case>
          <duration>0.0</duration>
          <className>TestLdap</className>
          <testName>TestCase01.test48a</testName>
          <skipped>false</skipped>
          <failedSince>0</failedSince>
        </case>
        <case>
          <duration>0.0</duration>
          <className>TestLdap</className>
          <testName>TestCase01.test48b</testName>
          <skipped>false</skipped>
          <failedSince>0</failedSince>
        </case>
        <case>
          <duration>0.0</duration>
          <className>TestLdap</className>
          <testName>TestCase01.test49</testName>
          <skipped>false</skipped>
          <failedSince>0</failedSince>
        </case>
        <case>
          <duration>0.0</duration>
          <className>TestLdap</className>
          <testName>TestCase01.test49a</testName>
          <skipped>false</skipped>
          <failedSince>0</failedSince>
        </case>
        <case>
          <duration>0.0</duration>
          <className>TestLdap</className>
          <testName>TestCase01.test49b</testName>
          <skipped>false</skipped>
          <failedSince>0</failedSince>
        </case>
        <case>
          <duration>0.152</duration>
          <className>TestLdap</className>
          <testName>TestCase01.test50</testName>
          <skipped>false</skipped>
          <failedSince>0</failedSince>
        </case>
        <case>
          <duration>4.016</duration>
          <className>TestLdap</className>
          <testName>TestCase01.test51</testName>
          <skipped>false</skipped>
          <failedSince>0</failedSince>
        </case>
        <case>
          <duration>0.0</duration>
          <className>TestLdap</className>
          <testName>TestCase01.test52</testName>
          <skipped>false</skipped>
          <failedSince>0</failedSince>
        </case>
        <case>
          <duration>0.0</duration>
          <className>TestLdap</className>
          <testName>TestCase01.test53</testName>
          <skipped>false</skipped>
          <failedSince>0</failedSince>
        </case>
        <case>
          <duration>0.0</duration>
          <className>TestLdap</className>
          <testName>TestCase01.test54</testName>
          <skipped>false</skipped>
          <failedSince>0</failedSince>
        </case>
        <case>
          <duration>1.223</duration>
          <className>TestLdap</className>
          <testName>TestCase01.test55</testName>
          <skipped>false</skipped>
          <failedSince>0</failedSince>
        </case>
        <case>
          <duration>0.899</duration>
          <className>TestLdap</className>
          <testName>TestCase01.test99</testName>
          <skipped>false</skipped>
          <failedSince>0</failedSince>
        </case>
        <case>
          <duration>0.053</duration>
          <className>TestLdap</className>
          <testName>TestCase03.test01</testName>
          <skipped>false</skipped>
          <failedSince>0</failedSince>
        </case>
        <case>
          <duration>0.07</duration>
          <className>TestLdap</className>
          <testName>TestCase03.test02</testName>
          <skipped>false</skipped>
          <failedSince>0</failedSince>
        </case>
        <case>
          <duration>0.084</duration>
          <className>TestLdap</className>
          <testName>TestCase03.test03</testName>
          <skipped>false</skipped>
          <failedSince>0</failedSince>
        </case>
        <case>
          <duration>0.042</duration>
          <className>TestLdap</className>
          <testName>TestCase03.test04</testName>
          <skipped>false</skipped>
          <failedSince>0</failedSince>
        </case>
        <case>
          <duration>0.418</duration>
          <className>TestLdap</className>
          <testName>TestCase04.test01</testName>
          <skipped>false</skipped>
          <failedSince>0</failedSince>
        </case>
        <case>
          <duration>0.425</duration>
          <className>TestLdap</className>
          <testName>TestCase04.test02</testName>
          <skipped>false</skipped>
          <failedSince>0</failedSince>
        </case>
        <case>
          <duration>0.266</duration>
          <className>TestLdap</className>
          <testName>TestCase04.test99</testName>
          <skipped>false</skipped>
          <failedSince>0</failedSince>
        </case>
        <case>
          <duration>0.023</duration>
          <className>TestLdap</className>
          <testName>TestCase05.test01</testName>
          <skipped>false</skipped>
          <failedSince>0</failedSince>
        </case>
        <case>
          <duration>0.806</duration>
          <className>TestLdap</className>
          <testName>TestCase05.test02</testName>
          <skipped>false</skipped>
          <failedSince>0</failedSince>
        </case>
        <case>
          <duration>0.246</duration>
          <className>TestLdap</className>
          <testName>TestCase05.test03</testName>
          <skipped>false</skipped>
          <failedSince>0</failedSince>
        </case>
        <case>
          <duration>0.072</duration>
          <className>TestLdap</className>
          <testName>TestCase05.test99</testName>
          <skipped>false</skipped>
          <failedSince>0</failedSince>
        </case>
        <case>
          <duration>0.14</duration>
          <className>TestLdap</className>
          <testName>TestCase06.test01</testName>
          <skipped>false</skipped>
          <failedSince>0</failedSince>
        </case>
      </cases>
    </suite>
    <suite>
      <file>/home/jenkins/workspace/Backend/CNE/test-results/TEST-cli-TestSslProxy.xml</file>
      <name>cli.TestSslProxy</name>
      <stdout>
TestCase01.test01: Test content of generated self-signed certificate
.
TestCase01.test02: For each HTTPS confguration: check it uses SSL as expected
Checking socket open cne:80
Checking socket open cne:80
Checking socket open cne:80
Checking socket open cne:80
Checking socket open cne:80
Checking socket open cne:80
Checking socket open cne:80
Checking socket open cne:80
Checking socket open cne:80
Checking socket open cne:80
Checking socket open cne:80
Checking socket open cne:80
Checking socke
...[truncated 317 chars]...
ports are open
Checking socket open cne:80
Checking socket open cne:443
Checking socket open cne:80
Checking socket open cne:443
Checking socket open cne:80
Checking socket open cne:443
.
TestCase01.test05: Test conversion of Java keystore to CRT/KEY pair
.
TestCase01.test06: Test SQL view cne_security_mode on CNE
.
TestCase01.test07: Test SQL view cne_security_mode on CMC
Test skipped on the CorvilNet Engine
.
TestCase01.test08: BQM-38981 nginx main error log should be at warn level, not info
.</stdout>
      <stderr></stderr>
      <duration>57.386</duration>
      <timestamp>2019-10-31T08:47:28.295716</timestamp>
      <time>57.386</time>
      <enclosingBlocks/>
      <enclosingBlockNames/>
      <cases>
        <case>
          <duration>3.353</duration>
          <className>TestSslProxy</className>
          <testName>TestCase01.test01</testName>
          <skipped>false</skipped>
          <failedSince>0</failedSince>
        </case>
        <case>
          <duration>37.999</duration>
          <className>TestSslProxy</className>
          <testName>TestCase01.test02</testName>
          <skipped>false</skipped>
          <failedSince>0</failedSince>
        </case>
        <case>
          <duration>0.991</duration>
          <className>TestSslProxy</className>
          <testName>TestCase01.test03</testName>
          <skipped>false</skipped>
          <failedSince>0</failedSince>
        </case>
        <case>
          <duration>6.018</duration>
          <className>TestSslProxy</className>
          <testName>TestCase01.test04</testName>
          <skipped>false</skipped>
          <failedSince>0</failedSince>
        </case>
        <case>
          <duration>3.104</duration>
          <className>TestSslProxy</className>
          <testName>TestCase01.test05</testName>
          <skipped>false</skipped>
          <failedSince>0</failedSince>
        </case>
        <case>
          <duration>3.871</duration>
          <className>TestSslProxy</className>
          <testName>TestCase01.test06</testName>
          <skipped>false</skipped>
          <failedSince>0</failedSince>
        </case>
        <case>
          <duration>0.023</duration>
          <className>TestSslProxy</className>
          <testName>TestCase01.test07</testName>
          <skipped>false</skipped>
          <failedSince>0</failedSince>
        </case>
        <case>
          <duration>2.027</duration>
          <className>TestSslProxy</className>
          <testName>TestCase01.test08</testName>
          <skipped>false</skipped>
          <failedSince>0</failedSince>
        </case>
      </cases>
    </suite>
    <suite>
      <file>/home/jenkins/workspace/Backend/CNE@9/test-results/TEST-cli-TestMeasurementWarnings.xml</file>
      <name>cli.TestMeasurementWarnings</name>
      <stdout>TestCase01.test01: Test port-drops, packet-drops and decode-failures
Test test01 skipped in sandbox
.TestCase01.test02: Test pnqm-hash-collisions and pnqm-not-available
Test test02 skipped in sandbox
.TestCase01.test03: Test pnqm-drop and pnqm-missed-measurement
Test test03 skipped in sandbox
.TestCase01.test04: Test clock-sync-availability
Test test04 skipped in sandbox
.Checking behaviour when no warnings are present
Rollup-client: 127.0.0.1 channel//local-cne///PortA 1572511200000 15725115000
...[truncated 16749 chars]...
0&apos;]]}}
{&apos;MEASUREMENT_WARNING_FLAGS&apos;: {&apos;data&apos;: [[&apos;1572512100000&apos;, &apos;1572512400000&apos;, &apos;0x1000&apos;]]}}
Rollup-client: 127.0.0.1 channel///local-cne//nard10 1572512400000 1572512700000 300000 MEASUREMENT_WARNING_FLAGS
Rollup-client: 127.0.0.1 channel//local-cne///nard10 1572512400000 1572512700000 300000 MEASUREMENT_WARNING_FLAGS
{&apos;MEASUREMENT_WARNING_FLAGS&apos;: {&apos;data&apos;: [[&apos;1572512400000&apos;, &apos;1572512700000&apos;, &apos;0x1000&apos;]]}}
{&apos;MEASUREMENT_WARNING_FLAGS&apos;: {&apos;data&apos;: [[&apos;1572512400000&apos;, &apos;1572512700000&apos;, &apos;0x1000&apos;]]}}
.</stdout>
      <stderr></stderr>
      <duration>249.365</duration>
      <timestamp>2019-10-31T08:44:11.135319</timestamp>
      <time>249.365</time>
      <enclosingBlocks/>
      <enclosingBlockNames/>
      <cases>
        <case>
          <duration>0.053</duration>
          <className>TestMeasurementWarnings</className>
          <testName>TestCase01.test01</testName>
          <skipped>false</skipped>
          <failedSince>0</failedSince>
        </case>
        <case>
          <duration>0.048</duration>
          <className>TestMeasurementWarnings</className>
          <testName>TestCase01.test02</testName>
          <skipped>false</skipped>
          <failedSince>0</failedSince>
        </case>
        <case>
          <duration>0.045</duration>
          <className>TestMeasurementWarnings</className>
          <testName>TestCase01.test03</testName>
          <skipped>false</skipped>
          <failedSince>0</failedSince>
        </case>
        <case>
          <duration>0.051</duration>
          <className>TestMeasurementWarnings</className>
          <testName>TestCase01.test04</testName>
          <skipped>false</skipped>
          <failedSince>0</failedSince>
        </case>
        <case>
          <duration>70.268</duration>
          <className>TestMeasurementWarnings</className>
          <testName>TestCase01.test05</testName>
          <skipped>false</skipped>
          <failedSince>0</failedSince>
        </case>
        <case>
          <duration>70.474</duration>
          <className>TestMeasurementWarnings</className>
          <testName>TestCase01.test06</testName>
          <skipped>false</skipped>
          <failedSince>0</failedSince>
        </case>
        <case>
          <duration>2.935</duration>
          <className>TestMeasurementWarnings</className>
          <testName>TestCase01.test07</testName>
          <skipped>false</skipped>
          <failedSince>0</failedSince>
        </case>
        <case>
          <duration>25.16</duration>
          <className>TestMeasurementWarnings</className>
          <testName>TestCase01.test08</testName>
          <skipped>false</skipped>
          <failedSince>0</failedSince>
        </case>
        <case>
          <duration>27.124</duration>
          <className>TestMeasurementWarnings</className>
          <testName>TestCase02.test01</testName>
          <skipped>false</skipped>
          <failedSince>0</failedSince>
        </case>
        <case>
          <duration>22.673</duration>
          <className>TestMeasurementWarnings</className>
          <testName>TestCase02.test02</testName>
          <skipped>false</skipped>
          <failedSince>0</failedSince>
        </case>
        <case>
          <duration>30.532</duration>
          <className>TestMeasurementWarnings</className>
          <testName>TestCase02.test03</testName>
          <skipped>false</skipped>
          <failedSince>0</failedSince>
        </case>
      </cases>
    </suite>
    <suite>
      <file>/home/jenkins/workspace/Backend/CNE@9/test-results/TEST-rest-TestRestInterface.xml</file>
      <name>rest.TestRestInterface</name>
      <stdout>.......Got interface/site-8/router-8/interface-8
.Skipping test09 as it is not supposed to run on sandbox
............................</stdout>
      <stderr></stderr>
      <duration>52.264</duration>
      <timestamp>2019-10-31T08:47:38.404196</timestamp>
      <time>52.264</time>
      <enclosingBlocks/>
      <enclosingBlockNames/>
      <cases>
        <case>
          <duration>13.394</duration>
          <className>TestRestInterface</className>
          <testName>TestCase01.test01</testName>
          <skipped>false</skipped>
          <failedSince>0</failedSince>
        </case>
        <case>
          <duration>0.035</duration>
          <className>TestRestInterface</className>
          <testName>TestCase01.test02</testName>
          <skipped>false</skipped>
          <failedSince>0</failedSince>
        </case>
        <case>
          <duration>0.035</duration>
          <className>TestRestInterface</className>
          <testName>TestCase01.test03</testName>
          <skipped>false</skipped>
          <failedSince>0</failedSince>
        </case>
        <case>
          <duration>0.016</duration>
          <className>TestRestInterface</className>
          <testName>TestCase01.test04</testName>
          <skipped>false</skipped>
          <failedSince>0</failedSince>
        </case>
        <case>
          <duration>0.515</duration>
          <className>TestRestInterface</className>
          <testName>TestCase01.test05</testName>
          <skipped>false</skipped>
          <failedSince>0</failedSince>
        </case>
        <case>
          <duration>0.155</duration>
          <className>TestRestInterface</className>
          <testName>TestCase01.test06</testName>
          <skipped>false</skipped>
          <failedSince>0</failedSince>
        </case>
        <case>
          <duration>0.13</duration>
          <className>TestRestInterface</className>
          <testName>TestCase01.test07</testName>
          <skipped>false</skipped>
          <failedSince>0</failedSince>
        </case>
        <case>
          <duration>2.065</duration>
          <className>TestRestInterface</className>
          <testName>TestCase01.test08</testName>
          <skipped>false</skipped>
          <failedSince>0</failedSince>
        </case>
        <case>
          <duration>0.01</duration>
          <className>TestRestInterface</className>
          <testName>TestCase01.test09</testName>
          <skipped>false</skipped>
          <failedSince>0</failedSince>
        </case>
        <case>
          <duration>3.308</duration>
          <className>TestRestInterface</className>
          <testName>TestCase01.test10</testName>
          <skipped>false</skipped>
          <failedSince>0</failedSince>
        </case>
        <case>
          <duration>2.757</duration>
          <className>TestRestInterface</className>
          <testName>TestCase01.test11</testName>
          <skipped>false</skipped>
          <failedSince>0</failedSince>
        </case>
        <case>
          <duration>0.045</duration>
          <className>TestRestInterface</className>
          <testName>TestCase01.test12</testName>
          <skipped>false</skipped>
          <failedSince>0</failedSince>
        </case>
        <case>
          <duration>1.795</duration>
          <className>TestRestInterface</className>
          <testName>TestCase01.test13</testName>
          <skipped>false</skipped>
          <failedSince>0</failedSince>
        </case>
        <case>
          <duration>0.22</duration>
          <className>TestRestInterface</className>
          <testName>TestCase01.test14</testName>
          <skipped>false</skipped>
          <failedSince>0</failedSince>
        </case>
        <case>
          <duration>2.496</duration>
          <className>TestRestInterface</className>
          <testName>TestCase01.test15</testName>
          <skipped>false</skipped>
          <failedSince>0</failedSince>
        </case>
        <case>
          <duration>1.445</duration>
          <className>TestRestInterface</className>
          <testName>TestCase01.test16</testName>
          <skipped>false</skipped>
          <failedSince>0</failedSince>
        </case>
        <case>
          <duration>2.135</duration>
          <className>TestRestInterface</className>
          <testName>TestCase01.test17</testName>
          <skipped>false</skipped>
          <failedSince>0</failedSince>
        </case>
        <case>
          <duration>0.065</duration>
          <className>TestRestInterface</className>
          <testName>TestCase01.test18</testName>
          <skipped>false</skipped>
          <failedSince>0</failedSince>
        </case>
        <case>
          <duration>2.491</duration>
          <className>TestRestInterface</className>
          <testName>TestCase01.test19</testName>
          <skipped>false</skipped>
          <failedSince>0</failedSince>
        </case>
        <case>
          <duration>1.29</duration>
          <className>TestRestInterface</className>
          <testName>TestCase01.test20</testName>
          <skipped>false</skipped>
          <failedSince>0</failedSince>
        </case>
        <case>
          <duration>7.233</duration>
          <className>TestRestInterface</className>
          <testName>TestCase01.test21</testName>
          <skipped>false</skipped>
          <failedSince>0</failedSince>
        </case>
        <case>
          <duration>0.028</duration>
          <className>TestRestInterface</className>
          <testName>TestCase01.test22</testName>
          <skipped>false</skipped>
          <failedSince>0</failedSince>
        </case>
        <case>
          <duration>0.033</duration>
          <className>TestRestInterface</className>
          <testName>TestCase01.test23</testName>
          <skipped>false</skipped>
          <failedSince>0</failedSince>
        </case>
        <case>
          <duration>0.1</duration>
          <className>TestRestInterface</className>
          <testName>TestCase01.test24</testName>
          <skipped>false</skipped>
          <failedSince>0</failedSince>
        </case>
        <case>
          <duration>1.558</duration>
          <className>TestRestInterface</className>
          <testName>TestCase01.test25</testName>
          <skipped>false</skipped>
          <failedSince>0</failedSince>
        </case>
        <case>
          <duration>0.051</duration>
          <className>TestRestInterface</className>
          <testName>TestCase01.test26</testName>
          <skipped>false</skipped>
          <failedSince>0</failedSince>
        </case>
        <case>
          <duration>3.669</duration>
          <className>TestRestInterface</className>
          <testName>TestCase01.test27</testName>
          <skipped>false</skipped>
          <failedSince>0</failedSince>
        </case>
        <case>
          <duration>0.048</duration>
          <className>TestRestInterface</className>
          <testName>TestCase01.test28</testName>
          <skipped>false</skipped>
          <failedSince>0</failedSince>
        </case>
        <case>
          <duration>0.028</duration>
          <className>TestRestInterface</className>
          <testName>TestCase01.test29</testName>
          <skipped>false</skipped>
          <failedSince>0</failedSince>
        </case>
        <case>
          <duration>0.056</duration>
          <className>TestRestInterface</className>
          <testName>TestCase01.test30</testName>
          <skipped>false</skipped>
          <failedSince>0</failedSince>
        </case>
        <case>
          <duration>0.051</duration>
          <className>TestRestInterface</className>
          <testName>TestCase01.test31</testName>
          <skipped>false</skipped>
          <failedSince>0</failedSince>
        </case>
        <case>
          <duration>0.395</duration>
          <className>TestRestInterface</className>
          <testName>TestCase01.test32</testName>
          <skipped>false</skipped>
          <failedSince>0</failedSince>
        </case>
        <case>
          <duration>1.294</duration>
          <className>TestRestInterface</className>
          <testName>TestCase01.test33</testName>
          <skipped>false</skipped>
          <failedSince>0</failedSince>
        </case>
        <case>
          <duration>1.023</duration>
          <className>TestRestInterface</className>
          <testName>TestCase01.test34</testName>
          <skipped>false</skipped>
          <failedSince>0</failedSince>
        </case>
        <case>
          <duration>1.573</duration>
          <className>TestRestInterface</className>
          <testName>TestCase02.test01</testName>
          <skipped>false</skipped>
          <failedSince>0</failedSince>
        </case>
        <case>
          <duration>0.72</duration>
          <className>TestRestInterface</className>
          <testName>TestCase02.test02</testName>
          <skipped>false</skipped>
          <failedSince>0</failedSince>
        </case>
      </cases>
    </suite>
    <suite>
      <file>/home/jenkins/workspace/Backend/CNE/test-results/TEST-cli-TestCopyLocal.xml</file>
      <name>cli.TestCopyLocal</name>
      <stdout>......
TestCase01.test05: Check that config users can not use replace-config to bypass config-only restrictions
.......
TestCase02.test08: BQM-30245 test that replace-config shows each warning only once.
.
TestCase02.test09
........Test test08 skipped in sandbox
.Test test09 skipped in sandbox
.Test test10 skipped in sandbox
.Test test11 skipped in sandbox
..........
TestCase06.test09: Copy config file name rotation does not count Dashboard config files
....
TestCase06.test13: BQM-56269 Testing exclude-child-sessions replace-config
.
TestCase06.test14: BQM-59068 Testing replace-config fails when there are permit-session-id and session name have spaces
.</stdout>
      <stderr></stderr>
      <duration>406.678</duration>
      <timestamp>2019-10-31T08:41:53.540452</timestamp>
      <time>406.678</time>
      <enclosingBlocks/>
      <enclosingBlockNames/>
      <cases>
        <case>
          <duration>20.73</duration>
          <className>TestCopyLocal</className>
          <testName>TestCase01.test00</testName>
          <skipped>false</skipped>
          <failedSince>0</failedSince>
        </case>
        <case>
          <duration>0.08</duration>
          <className>TestCopyLocal</className>
          <testName>TestCase01.test01</testName>
          <skipped>false</skipped>
          <failedSince>0</failedSince>
        </case>
        <case>
          <duration>0.061</duration>
          <className>TestCopyLocal</className>
          <testName>TestCase01.test02</testName>
          <skipped>false</skipped>
          <failedSince>0</failedSince>
        </case>
        <case>
          <duration>0.019</duration>
          <className>TestCopyLocal</className>
          <testName>TestCase01.test02a</testName>
          <skipped>false</skipped>
          <failedSince>0</failedSince>
        </case>
        <case>
          <duration>12.416</duration>
          <className>TestCopyLocal</className>
          <testName>TestCase01.test03</testName>
          <skipped>false</skipped>
          <failedSince>0</failedSince>
        </case>
        <case>
          <duration>12.329</duration>
          <className>TestCopyLocal</className>
          <testName>TestCase01.test04</testName>
          <skipped>false</skipped>
          <failedSince>0</failedSince>
        </case>
        <case>
          <duration>6.124</duration>
          <className>TestCopyLocal</className>
          <testName>TestCase01.test05</testName>
          <skipped>false</skipped>
          <failedSince>0</failedSince>
        </case>
        <case>
          <duration>2.204</duration>
          <className>TestCopyLocal</className>
          <testName>TestCase02.test01</testName>
          <skipped>false</skipped>
          <failedSince>0</failedSince>
        </case>
        <case>
          <duration>0.041</duration>
          <className>TestCopyLocal</className>
          <testName>TestCase02.test02</testName>
          <skipped>false</skipped>
          <failedSince>0</failedSince>
        </case>
        <case>
          <duration>0.063</duration>
          <className>TestCopyLocal</className>
          <testName>TestCase02.test04</testName>
          <skipped>false</skipped>
          <failedSince>0</failedSince>
        </case>
        <case>
          <duration>0.936</duration>
          <className>TestCopyLocal</className>
          <testName>TestCase02.test05</testName>
          <skipped>false</skipped>
          <failedSince>0</failedSince>
        </case>
        <case>
          <duration>17.406</duration>
          <className>TestCopyLocal</className>
          <testName>TestCase02.test06</testName>
          <skipped>false</skipped>
          <failedSince>0</failedSince>
        </case>
        <case>
          <duration>7.772</duration>
          <className>TestCopyLocal</className>
          <testName>TestCase02.test07</testName>
          <skipped>false</skipped>
          <failedSince>0</failedSince>
        </case>
        <case>
          <duration>4.792</duration>
          <className>TestCopyLocal</className>
          <testName>TestCase02.test08</testName>
          <skipped>false</skipped>
          <failedSince>0</failedSince>
        </case>
        <case>
          <duration>1.582</duration>
          <className>TestCopyLocal</className>
          <testName>TestCase02.test09</testName>
          <skipped>false</skipped>
          <failedSince>0</failedSince>
        </case>
        <case>
          <duration>2.673</duration>
          <className>TestCopyLocal</className>
          <testName>TestCase05.test01</testName>
          <skipped>false</skipped>
          <failedSince>0</failedSince>
        </case>
        <case>
          <duration>8.806</duration>
          <className>TestCopyLocal</className>
          <testName>TestCase05.test02</testName>
          <skipped>false</skipped>
          <failedSince>0</failedSince>
        </case>
        <case>
          <duration>5.1</duration>
          <className>TestCopyLocal</className>
          <testName>TestCase05.test03</testName>
          <skipped>false</skipped>
          <failedSince>0</failedSince>
        </case>
        <case>
          <duration>0.064</duration>
          <className>TestCopyLocal</className>
          <testName>TestCase05.test04</testName>
          <skipped>false</skipped>
          <failedSince>0</failedSince>
        </case>
        <case>
          <duration>2.298</duration>
          <className>TestCopyLocal</className>
          <testName>TestCase05.test05</testName>
          <skipped>false</skipped>
          <failedSince>0</failedSince>
        </case>
        <case>
          <duration>4.072</duration>
          <className>TestCopyLocal</className>
          <testName>TestCase05.test06</testName>
          <skipped>false</skipped>
          <failedSince>0</failedSince>
        </case>
        <case>
          <duration>2.621</duration>
          <className>TestCopyLocal</className>
          <testName>TestCase05.test07</testName>
          <skipped>false</skipped>
          <failedSince>0</failedSince>
        </case>
        <case>
          <duration>0.001</duration>
          <className>TestCopyLocal</className>
          <testName>TestCase05.test08</testName>
          <skipped>false</skipped>
          <failedSince>0</failedSince>
        </case>
        <case>
          <duration>0.0</duration>
          <className>TestCopyLocal</className>
          <testName>TestCase05.test09</testName>
          <skipped>false</skipped>
          <failedSince>0</failedSince>
        </case>
        <case>
          <duration>0.0</duration>
          <className>TestCopyLocal</className>
          <testName>TestCase05.test10</testName>
          <skipped>false</skipped>
          <failedSince>0</failedSince>
        </case>
        <case>
          <duration>0.0</duration>
          <className>TestCopyLocal</className>
          <testName>TestCase05.test11</testName>
          <skipped>false</skipped>
          <failedSince>0</failedSince>
        </case>
        <case>
          <duration>0.011</duration>
          <className>TestCopyLocal</className>
          <testName>TestCase05.test13</testName>
          <skipped>false</skipped>
          <failedSince>0</failedSince>
        </case>
        <case>
          <duration>53.032</duration>
          <className>TestCopyLocal</className>
          <testName>TestCase06.test01</testName>
          <skipped>false</skipped>
          <failedSince>0</failedSince>
        </case>
        <case>
          <duration>23.227</duration>
          <className>TestCopyLocal</className>
          <testName>TestCase06.test02</testName>
          <skipped>false</skipped>
          <failedSince>0</failedSince>
        </case>
        <case>
          <duration>2.093</duration>
          <className>TestCopyLocal</className>
          <testName>TestCase06.test03</testName>
          <skipped>false</skipped>
          <failedSince>0</failedSince>
        </case>
        <case>
          <duration>10.495</duration>
          <className>TestCopyLocal</className>
          <testName>TestCase06.test04</testName>
          <skipped>false</skipped>
          <failedSince>0</failedSince>
        </case>
        <case>
          <duration>15.181</duration>
          <className>TestCopyLocal</className>
          <testName>TestCase06.test05</testName>
          <skipped>false</skipped>
          <failedSince>0</failedSince>
        </case>
        <case>
          <duration>13.77</duration>
          <className>TestCopyLocal</className>
          <testName>TestCase06.test06</testName>
          <skipped>false</skipped>
          <failedSince>0</failedSince>
        </case>
        <case>
          <duration>23.035</duration>
          <className>TestCopyLocal</className>
          <testName>TestCase06.test07</testName>
          <skipped>false</skipped>
          <failedSince>0</failedSince>
        </case>
        <case>
          <duration>10.685</duration>
          <className>TestCopyLocal</className>
          <testName>TestCase06.test08</testName>
          <skipped>false</skipped>
          <failedSince>0</failedSince>
        </case>
        <case>
          <duration>6.971</duration>
          <className>TestCopyLocal</className>
          <testName>TestCase06.test09</testName>
          <skipped>false</skipped>
          <failedSince>0</failedSince>
        </case>
        <case>
          <duration>19.812</duration>
          <className>TestCopyLocal</className>
          <testName>TestCase06.test10</testName>
          <skipped>false</skipped>
          <failedSince>0</failedSince>
        </case>
        <case>
          <duration>82.818</duration>
          <className>TestCopyLocal</className>
          <testName>TestCase06.test11</testName>
          <skipped>false</skipped>
          <failedSince>0</failedSince>
        </case>
        <case>
          <duration>16.342</duration>
          <className>TestCopyLocal</className>
          <testName>TestCase06.test12</testName>
          <skipped>false</skipped>
          <failedSince>0</failedSince>
        </case>
        <case>
          <duration>9.779</duration>
          <className>TestCopyLocal</className>
          <testName>TestCase06.test13</testName>
          <skipped>false</skipped>
          <failedSince>0</failedSince>
        </case>
        <case>
          <duration>7.233</duration>
          <className>TestCopyLocal</className>
          <testName>TestCase06.test14</testName>
          <skipped>false</skipped>
          <failedSince>0</failedSince>
        </case>
      </cases>
    </suite>
    <suite>
      <file>/home/jenkins/workspace/Backend/CNE@12/test-results/TEST-cli-TestUserAccessGroup.xml</file>
      <name>cli.TestUserAccessGroup</name>
      <stdout>laslsa
......&lt;session-create-response session-id=&quot;2&quot;/&gt;

&lt;session-create-response session-id=&quot;3&quot;/&gt;

&lt;session-create-response session-id=&quot;4&quot;/&gt;

&lt;session-create-response session-id=&quot;5&quot;/&gt;

&lt;session-create-response session-id=&quot;6&quot;/&gt;

&lt;session-create-response session-id=&quot;7&quot;/&gt;

&lt;session-create-response session-id=&quot;8&quot;/&gt;

&lt;session-create-response session-id=&quot;9&quot;/&gt;

..&lt;session-create-response session-id=&quot;10&quot;/&gt;

..&lt;session-create-response session-id=&quot;11&quot;/&gt;

&lt;session-create-response session-id=&quot;12&quot;/&gt;

.&lt;sessi
...[truncated 604 chars]...
gs: referenced tag-values creation/preservation
.
TestCase01.test22: BQM-56533 Block tag-type deletion referenced by UAGs
.
TestCase01.test23: CMC: UAG referenceg tag-types are included in the per CNE configs
Test skipped on the CorvilNet Engine
.
TestCase01.test24: [BQM-57576] Check if no include-sessions-with-tags completion is correct
.
TestCase01.test25: [BQM-57721] Validate if included sessions are being properly added/deleted
.
TestCase01.test26: [BQM-56467] Test User Access Group Limit
..</stdout>
      <stderr></stderr>
      <duration>86.439</duration>
      <timestamp>2019-10-31T08:47:16.981218</timestamp>
      <time>86.439</time>
      <enclosingBlocks/>
      <enclosingBlockNames/>
      <cases>
        <case>
          <duration>27.857</duration>
          <className>TestUserAccessGroup</className>
          <testName>TestCase01.test01</testName>
          <skipped>false</skipped>
          <failedSince>0</failedSince>
        </case>
        <case>
          <duration>2.472</duration>
          <className>TestUserAccessGroup</className>
          <testName>TestCase01.test02</testName>
          <skipped>false</skipped>
          <failedSince>0</failedSince>
        </case>
        <case>
          <duration>0.042</duration>
          <className>TestUserAccessGroup</className>
          <testName>TestCase01.test03</testName>
          <skipped>false</skipped>
          <failedSince>0</failedSince>
        </case>
        <case>
          <duration>0.517</duration>
          <className>TestUserAccessGroup</className>
          <testName>TestCase01.test04</testName>
          <skipped>false</skipped>
          <failedSince>0</failedSince>
        </case>
        <case>
          <duration>0.447</duration>
          <className>TestUserAccessGroup</className>
          <testName>TestCase01.test05</testName>
          <skipped>false</skipped>
          <failedSince>0</failedSince>
        </case>
        <case>
          <duration>0.072</duration>
          <className>TestUserAccessGroup</className>
          <testName>TestCase01.test06</testName>
          <skipped>false</skipped>
          <failedSince>0</failedSince>
        </case>
        <case>
          <duration>0.906</duration>
          <className>TestUserAccessGroup</className>
          <testName>TestCase01.test07</testName>
          <skipped>false</skipped>
          <failedSince>0</failedSince>
        </case>
        <case>
          <duration>0.173</duration>
          <className>TestUserAccessGroup</className>
          <testName>TestCase01.test08</testName>
          <skipped>false</skipped>
          <failedSince>0</failedSince>
        </case>
        <case>
          <duration>1.507</duration>
          <className>TestUserAccessGroup</className>
          <testName>TestCase01.test09</testName>
          <skipped>false</skipped>
          <failedSince>0</failedSince>
        </case>
        <case>
          <duration>0.577</duration>
          <className>TestUserAccessGroup</className>
          <testName>TestCase01.test10</testName>
          <skipped>false</skipped>
          <failedSince>0</failedSince>
        </case>
        <case>
          <duration>4.186</duration>
          <className>TestUserAccessGroup</className>
          <testName>TestCase01.test11</testName>
          <skipped>false</skipped>
          <failedSince>0</failedSince>
        </case>
        <case>
          <duration>0.66</duration>
          <className>TestUserAccessGroup</className>
          <testName>TestCase01.test12</testName>
          <skipped>false</skipped>
          <failedSince>0</failedSince>
        </case>
        <case>
          <duration>19.65</duration>
          <className>TestUserAccessGroup</className>
          <testName>TestCase01.test13</testName>
          <skipped>false</skipped>
          <failedSince>0</failedSince>
        </case>
        <case>
          <duration>0.032</duration>
          <className>TestUserAccessGroup</className>
          <testName>TestCase01.test14</testName>
          <skipped>false</skipped>
          <failedSince>0</failedSince>
        </case>
        <case>
          <duration>2.481</duration>
          <className>TestUserAccessGroup</className>
          <testName>TestCase01.test15</testName>
          <skipped>false</skipped>
          <failedSince>0</failedSince>
        </case>
        <case>
          <duration>4.154</duration>
          <className>TestUserAccessGroup</className>
          <testName>TestCase01.test16</testName>
          <skipped>false</skipped>
          <failedSince>0</failedSince>
        </case>
        <case>
          <duration>0.089</duration>
          <className>TestUserAccessGroup</className>
          <testName>TestCase01.test17</testName>
          <skipped>false</skipped>
          <failedSince>0</failedSince>
        </case>
        <case>
          <duration>2.111</duration>
          <className>TestUserAccessGroup</className>
          <testName>TestCase01.test18</testName>
          <skipped>false</skipped>
          <failedSince>0</failedSince>
        </case>
        <case>
          <duration>1.396</duration>
          <className>TestUserAccessGroup</className>
          <testName>TestCase01.test19</testName>
          <skipped>false</skipped>
          <failedSince>0</failedSince>
        </case>
        <case>
          <duration>1.421</duration>
          <className>TestUserAccessGroup</className>
          <testName>TestCase01.test20</testName>
          <skipped>false</skipped>
          <failedSince>0</failedSince>
        </case>
        <case>
          <duration>1.395</duration>
          <className>TestUserAccessGroup</className>
          <testName>TestCase01.test21</testName>
          <skipped>false</skipped>
          <failedSince>0</failedSince>
        </case>
        <case>
          <duration>1.877</duration>
          <className>TestUserAccessGroup</className>
          <testName>TestCase01.test22</testName>
          <skipped>false</skipped>
          <failedSince>0</failedSince>
        </case>
        <case>
          <duration>0.054</duration>
          <className>TestUserAccessGroup</className>
          <testName>TestCase01.test23</testName>
          <skipped>false</skipped>
          <failedSince>0</failedSince>
        </case>
        <case>
          <duration>0.098</duration>
          <className>TestUserAccessGroup</className>
          <testName>TestCase01.test24</testName>
          <skipped>false</skipped>
          <failedSince>0</failedSince>
        </case>
        <case>
          <duration>10.184</duration>
          <className>TestUserAccessGroup</className>
          <testName>TestCase01.test25</testName>
          <skipped>false</skipped>
          <failedSince>0</failedSince>
        </case>
        <case>
          <duration>1.918</duration>
          <className>TestUserAccessGroup</className>
          <testName>TestCase01.test26</testName>
          <skipped>false</skipped>
          <failedSince>0</failedSince>
        </case>
        <case>
          <duration>0.16</duration>
          <className>TestUserAccessGroup</className>
          <testName>TestCase01.test99</testName>
          <skipped>false</skipped>
          <failedSince>0</failedSince>
        </case>
      </cases>
    </suite>
    <suite>
      <file>/home/jenkins/workspace/Backend/CNE@3/test-results/TEST-cli-TestClockTracking.xml</file>
      <name>cli.TestClockTracking</name>
      <stdout>
TestCase01.test01_fdos: Test that the ClockTracking session is present in the FDOS config
.
TestCase01.test02_rename: Test that the ClockTracking session cannot be renamed
.
TestCase01.test03_deletion_and_recreation: Test that the ClockTracking session can be deleted and recreated from FDOS template
.
TestCase01.test03_settings_modification: Test that individual settings in the session cannot be modified
Running &apos;no legacy-gui-only&apos;
Running &apos;session-operation offline&apos;
Running &apos;attached-port PortA&apos;
Running &apos;session-type bidirectional-symmetric&apos;
Running &apos;bandwidth 1000&apos;
Running &apos;measure-messages&apos;
Running &apos;pnqm-relative-latency&apos;
Running &apos;nso low-speed&apos;
Running &apos;link-adjust 39&apos;
Running &apos;use-tcp-rtt both&apos;
Running &apos;use-tcp-art left&apos;
Running &apos;use-tcp-sci&apos;
Running &apos;use-eq-sci&apos;
Running &apos;display-name left none right none&apos;
Running &apos;pnqm-display-name label CT&apos;
Running &apos;classification-policy qos-stats-disabled&apos;
Running &apos;configurable-stats dummy&apos;
Running &apos;pnqm-require-clock-sync&apos;
Running &apos;filter-session-key CT&apos;
Running &apos;session-discovery&apos;
Running &apos;include-decode-failures only&apos;
Running &apos;no trace-events&apos;
Running &apos;trace-events snaplength ALL&apos;
Running &apos;trace-events always-on snaplength ALL&apos;
Running &apos;trace-events use-global&apos;
Running &apos;event-storage percent 10&apos;
Running &apos;trace-events always-on snaplength 0&apos;
.
TestCase01.test04_references: Test that the ClockTracking session cannot be referenced in the configuration and that it does not complete in the relevant contexts (or irrelevant)
.
TestCase01.test05_deleted_warning: Test that when the ClockTracking session is deleted, while clock-sync is configured, a warning is produced in the CLI.
.
TestCase01.test06_startup_warning: Test that when the ClockTracking session is deleted while there are producers of clock events, probed restart will produce a warning in the syslog.
[waiting for probed to restart.4s]
.
TestCase01.test07_CMCPush: Check CMC config push wont delete the ClockTracking session
.
TestCase01.test08_delete_confirmation: BQM-53708 Test that when necessary, deleting the ClockTracking session manually from the CLI asks for confirmation.
.
TestCase01.test09_no_warning_nca_mode: Test that there is no warnings about ClockTracking session not being configured when clock-sync is configured in network-capture-analytics software-mode
Switching to network-capture-analytics 
[waiting for probed to restart....20s]
[waiting for probed to restart.1s]
Switching to full-analytics 
[waiting for probed to restart.....23s]
.Test skipped on the CorvilNet Engine
.Test skipped on the CorvilNet Engine
.
TestCase03.test01_basic_retrieval: Test the clock events retrieval using event-client
..
TestCase03.test03_offsets_history: Test the aggregation taps offsets history (UTC-&gt;UTC modelling)
.
TestCase03.test04_CSV_retrieval: Test the clock events retrieval using getMessageCsv request
.
TestCase03.test05_getAnalytics_without_any_outage: Regression test for BQM-53394 - bad minRequired constraint in the WSDL schema
.
TestCase03.test06_longest_outage_calculation_for_offset_type_clocks: BQM-53527 - check if longest-outage is calculated for offset-type clock sources
.
TestCase03.test07_outage_from_last_down: BQM-53535 Longest outage not calculated between the last down event and the boundary
.
TestCase03.test08_99_availability_error: BQM-53440 Rounding issue produces 99% availability indication in response for buckets fully in sync
.
TestCase03.test09_inconsistent_CSV_quoting: BQM-53581 Test quoting of CSV fields in the response to getMessageCsvData.
.
TestCase03.test10_sample_time_for_negative_offsets: BQM-53710 sample-time thresholds not using absolute offset value
.
TestCase03.test11_sample_time_covers_gaps: BQM-53670 sample-time covers the gaps in the clock history
.
TestCase03.test12_magic_file_override: Test that the window size can be overriden by a magic file
.
TestCase03.test13_availability_wrong_first_bucket: BQM-53852 State window timestamps not updated for multiple positives BQM-53911 Superfluous summary for clock without events
.
TestCase03.test14_sample_time_invalid_after_state_window: BQM-53670 State window changed the calculation of sample-time
.
TestCase03.test15_window_expiry_outage_missing: BQM-53957 Outage not calculated due to window expiry at the left boundary.
.
TestCase03.test16_above_100_availability: BQM-53963 Availability &gt; 100%
.
TestCase03.test17_sample_time_at_boundaries: BQM-53959 When in sync, sample window should calculate the sample-time from left boundary and to right boundary.
.
TestCase03.test18_multiple_down: BQM-53442 Multiple down events logged if the clock-sync is reconfigured multiple times
.
TestCase03.test19_multip_primary: BQM-53860 multiple primary clocks reported
event-client -v -U -l 10 -b 20 1572505625000 1572511925000
.
TestCase03.test20_multi_down: BQM-54922 Multiple down on source swap
.
TestCase03.test21_multi_down_again: BQM-53927 multiple downs rported
.
TestCase03.test22: BQM-54233 catching up with the current capture  should not trigger an outage. BQM-56032 getAnalytics ClockTracking - Availability can be wrong when searching for a future time if the last event is a down.
.
TestCase03.test23_two_clock_sources_incorrect_outage: BQM-55061 Incorrect longest outage when two primary clock sources are used in the request period are configured and their timetamps are interleaved and break monotonicity
.
TestCase03.test24_check_if_events_before_reload_are_stored_in_cpc_file: Checks if CPC file contains event sent just before probed reload
[waiting for probed to restart......27s]
F
TestCase04.test00: BQM-55989 Test that ClockTracking session does not show &quot;legacy-gui-only&quot; in CLI even though it&apos;s the default
.
TestCase04.test01: BQM-55989 Check for regressions
.</stdout>
      <stderr></stderr>
      <duration>474.14</duration>
      <timestamp>2019-10-31T08:40:57.254064</timestamp>
      <time>474.140</time>
      <enclosingBlocks/>
      <enclosingBlockNames/>
      <cases>
        <case>
          <duration>18.701</duration>
          <className>TestClockTracking</className>
          <testName>TestCase01.test01_fdos</testName>
          <skipped>false</skipped>
          <failedSince>0</failedSince>
        </case>
        <case>
          <duration>4.053</duration>
          <className>TestClockTracking</className>
          <testName>TestCase01.test02_rename</testName>
          <skipped>false</skipped>
          <failedSince>0</failedSince>
        </case>
        <case>
          <duration>2.486</duration>
          <className>TestClockTracking</className>
          <testName>TestCase01.test03_deletion_and_recreation</testName>
          <skipped>false</skipped>
          <failedSince>0</failedSince>
        </case>
        <case>
          <duration>2.547</duration>
          <className>TestClockTracking</className>
          <testName>TestCase01.test03_settings_modification</testName>
          <skipped>false</skipped>
          <failedSince>0</failedSince>
        </case>
        <case>
          <duration>2.572</duration>
          <className>TestClockTracking</className>
          <testName>TestCase01.test04_references</testName>
          <skipped>false</skipped>
          <failedSince>0</failedSince>
        </case>
        <case>
          <duration>1.961</duration>
          <className>TestClockTracking</className>
          <testName>TestCase01.test05_deleted_warning</testName>
          <skipped>false</skipped>
          <failedSince>0</failedSince>
        </case>
        <case>
          <duration>25.863</duration>
          <className>TestClockTracking</className>
          <testName>TestCase01.test06_startup_warning</testName>
          <skipped>false</skipped>
          <failedSince>0</failedSince>
        </case>
        <case>
          <duration>9.604</duration>
          <className>TestClockTracking</className>
          <testName>TestCase01.test07_CMCPush</testName>
          <skipped>false</skipped>
          <failedSince>0</failedSince>
        </case>
        <case>
          <duration>3.406</duration>
          <className>TestClockTracking</className>
          <testName>TestCase01.test08_delete_confirmation</testName>
          <skipped>false</skipped>
          <failedSince>0</failedSince>
        </case>
        <case>
          <duration>71.246</duration>
          <className>TestClockTracking</className>
          <testName>TestCase01.test09_no_warning_nca_mode</testName>
          <skipped>false</skipped>
          <failedSince>0</failedSince>
        </case>
        <case>
          <duration>0.0</duration>
          <className>TestClockTracking</className>
          <testName>TestCase02.test01_create_and_rename</testName>
          <skipped>false</skipped>
          <failedSince>0</failedSince>
        </case>
        <case>
          <duration>0.0</duration>
          <className>TestClockTracking</className>
          <testName>TestCase02.test02_settings_modification</testName>
          <skipped>false</skipped>
          <failedSince>0</failedSince>
        </case>
        <case>
          <duration>11.226</duration>
          <className>TestClockTracking</className>
          <testName>TestCase03.test01_basic_retrieval</testName>
          <skipped>false</skipped>
          <failedSince>0</failedSince>
        </case>
        <case>
          <duration>111.021</duration>
          <className>TestClockTracking</className>
          <testName>TestCase03.test02_inject</testName>
          <skipped>false</skipped>
          <failedSince>0</failedSince>
        </case>
        <case>
          <duration>8.863</duration>
          <className>TestClockTracking</className>
          <testName>TestCase03.test03_offsets_history</testName>
          <skipped>false</skipped>
          <failedSince>0</failedSince>
        </case>
        <case>
          <duration>5.269</duration>
          <className>TestClockTracking</className>
          <testName>TestCase03.test04_CSV_retrieval</testName>
          <skipped>false</skipped>
          <failedSince>0</failedSince>
        </case>
        <case>
          <duration>2.116</duration>
          <className>TestClockTracking</className>
          <testName>TestCase03.test05_getAnalytics_without_any_outage</testName>
          <skipped>false</skipped>
          <failedSince>0</failedSince>
        </case>
        <case>
          <duration>3.847</duration>
          <className>TestClockTracking</className>
          <testName>TestCase03.test06_longest_outage_calculation_for_offset_type_clocks</testName>
          <skipped>false</skipped>
          <failedSince>0</failedSince>
        </case>
        <case>
          <duration>7.48</duration>
          <className>TestClockTracking</className>
          <testName>TestCase03.test07_outage_from_last_down</testName>
          <skipped>false</skipped>
          <failedSince>0</failedSince>
        </case>
        <case>
          <duration>6.008</duration>
          <className>TestClockTracking</className>
          <testName>TestCase03.test08_99_availability_error</testName>
          <skipped>false</skipped>
          <failedSince>0</failedSince>
        </case>
        <case>
          <duration>2.797</duration>
          <className>TestClockTracking</className>
          <testName>TestCase03.test09_inconsistent_CSV_quoting</testName>
          <skipped>false</skipped>
          <failedSince>0</failedSince>
        </case>
        <case>
          <duration>4.225</duration>
          <className>TestClockTracking</className>
          <testName>TestCase03.test10_sample_time_for_negative_offsets</testName>
          <skipped>false</skipped>
          <failedSince>0</failedSince>
        </case>
        <case>
          <duration>7.052</duration>
          <className>TestClockTracking</className>
          <testName>TestCase03.test11_sample_time_covers_gaps</testName>
          <skipped>false</skipped>
          <failedSince>0</failedSince>
        </case>
        <case>
          <duration>7.244</duration>
          <className>TestClockTracking</className>
          <testName>TestCase03.test12_magic_file_override</testName>
          <skipped>false</skipped>
          <failedSince>0</failedSince>
        </case>
        <case>
          <duration>7.592</duration>
          <className>TestClockTracking</className>
          <testName>TestCase03.test13_availability_wrong_first_bucket</testName>
          <skipped>false</skipped>
          <failedSince>0</failedSince>
        </case>
        <case>
          <duration>6.171</duration>
          <className>TestClockTracking</className>
          <testName>TestCase03.test14_sample_time_invalid_after_state_window</testName>
          <skipped>false</skipped>
          <failedSince>0</failedSince>
        </case>
        <case>
          <duration>7.037</duration>
          <className>TestClockTracking</className>
          <testName>TestCase03.test15_window_expiry_outage_missing</testName>
          <skipped>false</skipped>
          <failedSince>0</failedSince>
        </case>
        <case>
          <duration>8.125</duration>
          <className>TestClockTracking</className>
          <testName>TestCase03.test16_above_100_availability</testName>
          <skipped>false</skipped>
          <failedSince>0</failedSince>
        </case>
        <case>
          <duration>6.083</duration>
          <className>TestClockTracking</className>
          <testName>TestCase03.test17_sample_time_at_boundaries</testName>
          <skipped>false</skipped>
          <failedSince>0</failedSince>
        </case>
        <case>
          <duration>12.567</duration>
          <className>TestClockTracking</className>
          <testName>TestCase03.test18_multiple_down</testName>
          <skipped>false</skipped>
          <failedSince>0</failedSince>
        </case>
        <case>
          <duration>31.963</duration>
          <className>TestClockTracking</className>
          <testName>TestCase03.test19_multip_primary</testName>
          <skipped>false</skipped>
          <failedSince>0</failedSince>
        </case>
        <case>
          <duration>2.635</duration>
          <className>TestClockTracking</className>
          <testName>TestCase03.test20_multi_down</testName>
          <skipped>false</skipped>
          <failedSince>0</failedSince>
        </case>
        <case>
          <duration>8.221</duration>
          <className>TestClockTracking</className>
          <testName>TestCase03.test21_multi_down_again</testName>
          <skipped>false</skipped>
          <failedSince>0</failedSince>
        </case>
        <case>
          <duration>19.651</duration>
          <className>TestClockTracking</className>
          <testName>TestCase03.test22</testName>
          <skipped>false</skipped>
          <failedSince>0</failedSince>
        </case>
        <case>
          <duration>6.624</duration>
          <className>TestClockTracking</className>
          <testName>TestCase03.test23_two_clock_sources_incorrect_outage</testName>
          <skipped>false</skipped>
          <failedSince>0</failedSince>
        </case>
        <case>
          <duration>34.236</duration>
          <className>TestClockTracking</className>
          <testName>TestCase03.test24_check_if_events_before_reload_are_stored_in_cpc_file</testName>
          <skipped>false</skipped>
          <errorStackTrace>Traceback (most recent call last):
  File &quot;/components/probed/test/testcases/probe.py&quot;, line 836, in g
    r = f(*args,**kwargs)
  File &quot;/components/probed/test/testcases/probe.py&quot;, line 554, in x
    tf(self)
  File &quot;/components/cna/host/src/probed/test/cli/TestClockTracking.py&quot;, line 1736, in test24_check_if_events_before_reload_are_stored_in_cpc_file
    self.assertEquals(len(entries), 1)
  File &quot;/usr/python3.6/lib/python3.6/unittest.py&quot;, line 364, in failUnlessEqual
    raise self.failureException((msg or &apos;%s != %s&apos; % (first, second)))
AssertionError: 0 != 1
</errorStackTrace>
          <failedSince>4489</failedSince>
        </case>
        <case>
          <duration>3.473</duration>
          <className>TestClockTracking</className>
          <testName>TestCase04.test00</testName>
          <skipped>false</skipped>
          <failedSince>0</failedSince>
        </case>
        <case>
          <duration>0.17</duration>
          <className>TestClockTracking</className>
          <testName>TestCase04.test01</testName>
          <skipped>false</skipped>
          <failedSince>0</failedSince>
        </case>
      </cases>
    </suite>
    <suite>
      <file>/home/jenkins/workspace/Backend/CNE@5/test-results/TEST-rest-TestRestCustomApp.xml</file>
      <name>rest.TestRestCustomApp</name>
      <stdout>....................
TestCase01.test21: Test the default precedence value for the default custom applications
.
TestCase01.test22: BQM-26926 Do not rename a DRDL application if its new name will clash with an existing custom application
....................</stdout>
      <stderr></stderr>
      <duration>88.821</duration>
      <timestamp>2019-10-31T08:47:16.777051</timestamp>
      <time>88.821</time>
      <enclosingBlocks/>
      <enclosingBlockNames/>
      <cases>
        <case>
          <duration>25.138</duration>
          <className>TestRestCustomApp</className>
          <testName>TestCase01.test01</testName>
          <skipped>false</skipped>
          <failedSince>0</failedSince>
        </case>
        <case>
          <duration>0.028</duration>
          <className>TestRestCustomApp</className>
          <testName>TestCase01.test02</testName>
          <skipped>false</skipped>
          <failedSince>0</failedSince>
        </case>
        <case>
          <duration>0.031</duration>
          <className>TestRestCustomApp</className>
          <testName>TestCase01.test03</testName>
          <skipped>false</skipped>
          <failedSince>0</failedSince>
        </case>
        <case>
          <duration>0.569</duration>
          <className>TestRestCustomApp</className>
          <testName>TestCase01.test04</testName>
          <skipped>false</skipped>
          <failedSince>0</failedSince>
        </case>
        <case>
          <duration>0.05</duration>
          <className>TestRestCustomApp</className>
          <testName>TestCase01.test05</testName>
          <skipped>false</skipped>
          <failedSince>0</failedSince>
        </case>
        <case>
          <duration>0.026</duration>
          <className>TestRestCustomApp</className>
          <testName>TestCase01.test06</testName>
          <skipped>false</skipped>
          <failedSince>0</failedSince>
        </case>
        <case>
          <duration>0.098</duration>
          <className>TestRestCustomApp</className>
          <testName>TestCase01.test07</testName>
          <skipped>false</skipped>
          <failedSince>0</failedSince>
        </case>
        <case>
          <duration>0.094</duration>
          <className>TestRestCustomApp</className>
          <testName>TestCase01.test08</testName>
          <skipped>false</skipped>
          <failedSince>0</failedSince>
        </case>
        <case>
          <duration>0.012</duration>
          <className>TestRestCustomApp</className>
          <testName>TestCase01.test09</testName>
          <skipped>false</skipped>
          <failedSince>0</failedSince>
        </case>
        <case>
          <duration>0.02</duration>
          <className>TestRestCustomApp</className>
          <testName>TestCase01.test10</testName>
          <skipped>false</skipped>
          <failedSince>0</failedSince>
        </case>
        <case>
          <duration>0.023</duration>
          <className>TestRestCustomApp</className>
          <testName>TestCase01.test11</testName>
          <skipped>false</skipped>
          <failedSince>0</failedSince>
        </case>
        <case>
          <duration>0.015</duration>
          <className>TestRestCustomApp</className>
          <testName>TestCase01.test12</testName>
          <skipped>false</skipped>
          <failedSince>0</failedSince>
        </case>
        <case>
          <duration>1.317</duration>
          <className>TestRestCustomApp</className>
          <testName>TestCase01.test13</testName>
          <skipped>false</skipped>
          <failedSince>0</failedSince>
        </case>
        <case>
          <duration>0.002</duration>
          <className>TestRestCustomApp</className>
          <testName>TestCase01.test14</testName>
          <skipped>false</skipped>
          <failedSince>0</failedSince>
        </case>
        <case>
          <duration>0.002</duration>
          <className>TestRestCustomApp</className>
          <testName>TestCase01.test15</testName>
          <skipped>false</skipped>
          <failedSince>0</failedSince>
        </case>
        <case>
          <duration>0.227</duration>
          <className>TestRestCustomApp</className>
          <testName>TestCase01.test16</testName>
          <skipped>false</skipped>
          <failedSince>0</failedSince>
        </case>
        <case>
          <duration>0.028</duration>
          <className>TestRestCustomApp</className>
          <testName>TestCase01.test17</testName>
          <skipped>false</skipped>
          <failedSince>0</failedSince>
        </case>
        <case>
          <duration>0.073</duration>
          <className>TestRestCustomApp</className>
          <testName>TestCase01.test18</testName>
          <skipped>false</skipped>
          <failedSince>0</failedSince>
        </case>
        <case>
          <duration>3.297</duration>
          <className>TestRestCustomApp</className>
          <testName>TestCase01.test19</testName>
          <skipped>false</skipped>
          <failedSince>0</failedSince>
        </case>
        <case>
          <duration>4.817</duration>
          <className>TestRestCustomApp</className>
          <testName>TestCase01.test20</testName>
          <skipped>false</skipped>
          <failedSince>0</failedSince>
        </case>
        <case>
          <duration>1.089</duration>
          <className>TestRestCustomApp</className>
          <testName>TestCase01.test21</testName>
          <skipped>false</skipped>
          <failedSince>0</failedSince>
        </case>
        <case>
          <duration>4.289</duration>
          <className>TestRestCustomApp</className>
          <testName>TestCase01.test22</testName>
          <skipped>false</skipped>
          <failedSince>0</failedSince>
        </case>
        <case>
          <duration>0.789</duration>
          <className>TestRestCustomApp</className>
          <testName>TestCase02.test01</testName>
          <skipped>false</skipped>
          <failedSince>0</failedSince>
        </case>
        <case>
          <duration>0.08</duration>
          <className>TestRestCustomApp</className>
          <testName>TestCase03.test01</testName>
          <skipped>false</skipped>
          <failedSince>0</failedSince>
        </case>
        <case>
          <duration>1.076</duration>
          <className>TestRestCustomApp</className>
          <testName>TestCase03.test02</testName>
          <skipped>false</skipped>
          <failedSince>0</failedSince>
        </case>
        <case>
          <duration>0.001</duration>
          <className>TestRestCustomApp</className>
          <testName>TestCase03.test03</testName>
          <skipped>false</skipped>
          <failedSince>0</failedSince>
        </case>
        <case>
          <duration>0.04</duration>
          <className>TestRestCustomApp</className>
          <testName>TestCase03.test04</testName>
          <skipped>false</skipped>
          <failedSince>0</failedSince>
        </case>
        <case>
          <duration>0.997</duration>
          <className>TestRestCustomApp</className>
          <testName>TestCase03.test05</testName>
          <skipped>false</skipped>
          <failedSince>0</failedSince>
        </case>
        <case>
          <duration>3.122</duration>
          <className>TestRestCustomApp</className>
          <testName>TestCase03.test06</testName>
          <skipped>false</skipped>
          <failedSince>0</failedSince>
        </case>
        <case>
          <duration>1.069</duration>
          <className>TestRestCustomApp</className>
          <testName>TestCase03.test07</testName>
          <skipped>false</skipped>
          <failedSince>0</failedSince>
        </case>
        <case>
          <duration>1.526</duration>
          <className>TestRestCustomApp</className>
          <testName>TestCase03.test08</testName>
          <skipped>false</skipped>
          <failedSince>0</failedSince>
        </case>
        <case>
          <duration>0.976</duration>
          <className>TestRestCustomApp</className>
          <testName>TestCase03.test09</testName>
          <skipped>false</skipped>
          <failedSince>0</failedSince>
        </case>
        <case>
          <duration>0.939</duration>
          <className>TestRestCustomApp</className>
          <testName>TestCase03.test10</testName>
          <skipped>false</skipped>
          <failedSince>0</failedSince>
        </case>
        <case>
          <duration>4.777</duration>
          <className>TestRestCustomApp</className>
          <testName>TestCase03.test11</testName>
          <skipped>false</skipped>
          <failedSince>0</failedSince>
        </case>
        <case>
          <duration>20.123</duration>
          <className>TestRestCustomApp</className>
          <testName>TestCase03.test12</testName>
          <skipped>false</skipped>
          <failedSince>0</failedSince>
        </case>
        <case>
          <duration>5.075</duration>
          <className>TestRestCustomApp</className>
          <testName>TestCase04.test01</testName>
          <skipped>false</skipped>
          <failedSince>0</failedSince>
        </case>
        <case>
          <duration>4.406</duration>
          <className>TestRestCustomApp</className>
          <testName>TestCase04.test02</testName>
          <skipped>false</skipped>
          <failedSince>0</failedSince>
        </case>
        <case>
          <duration>0.05</duration>
          <className>TestRestCustomApp</className>
          <testName>TestCase04.test03</testName>
          <skipped>false</skipped>
          <failedSince>0</failedSince>
        </case>
        <case>
          <duration>0.08</duration>
          <className>TestRestCustomApp</className>
          <testName>TestCase05.test01</testName>
          <skipped>false</skipped>
          <failedSince>0</failedSince>
        </case>
        <case>
          <duration>1.276</duration>
          <className>TestRestCustomApp</className>
          <testName>TestCase05.test02</testName>
          <skipped>false</skipped>
          <failedSince>0</failedSince>
        </case>
        <case>
          <duration>1.169</duration>
          <className>TestRestCustomApp</className>
          <testName>TestCase06.test01</testName>
          <skipped>false</skipped>
          <failedSince>0</failedSince>
        </case>
      </cases>
    </suite>
    <suite>
      <file>/home/jenkins/workspace/Backend/CNE@2/test-results/TEST-cli-TestTraceEvents.xml</file>
      <name>cli.TestTraceEvents</name>
      <stdout>.........Enabling/disabling detection, while trace-events is enabled
channel src any from local-probe to none dst remote
nso no-events
channel src remote from none to local-probe dst any
nso no-events

=====
Running   {767: {&apos;detect&apos;: True, &apos;capture&apos;: True, &apos;snaplength&apos;: 0, &apos;always-on&apos;: True}}
Expected  {806: {&apos;Capture&apos;: False, &apos;Detect&apos;: False}, 807: {&apos;Capture&apos;: False, &apos;Detect&apos;: False}}
channel src any from local-probe to none dst remote
nso events
channel src remote from none to local-probe dst
...[truncated 5981 chars]...
ote from none to local-probe dst any
nso no-events
no trace-events

=====
channel src any from local-probe to none dst remote
nso events
trace-events bidirectional always-on snaplength 70
channel src remote from none to local-probe dst any
nso no-events
trace-events use-global

=====
channel src any from local-probe to none dst remote
nso events
trace-events bidirectional always-on snaplength 70
channel src remote from none to local-probe dst any
nso no-events
trace-events use-global

=====
....</stdout>
      <stderr></stderr>
      <duration>90.127</duration>
      <timestamp>2019-10-31T08:47:16.940033</timestamp>
      <time>90.127</time>
      <enclosingBlocks/>
      <enclosingBlockNames/>
      <cases>
        <case>
          <duration>27.641</duration>
          <className>TestTraceEvents</className>
          <testName>TestCase00.test01</testName>
          <skipped>false</skipped>
          <failedSince>0</failedSince>
        </case>
        <case>
          <duration>4.297</duration>
          <className>TestTraceEvents</className>
          <testName>TestCase01.test01</testName>
          <skipped>false</skipped>
          <failedSince>0</failedSince>
        </case>
        <case>
          <duration>2.358</duration>
          <className>TestTraceEvents</className>
          <testName>TestCase01.test02</testName>
          <skipped>false</skipped>
          <failedSince>0</failedSince>
        </case>
        <case>
          <duration>8.148</duration>
          <className>TestTraceEvents</className>
          <testName>TestCase02.test01</testName>
          <skipped>false</skipped>
          <failedSince>0</failedSince>
        </case>
        <case>
          <duration>2.232</duration>
          <className>TestTraceEvents</className>
          <testName>TestCase02.test02</testName>
          <skipped>false</skipped>
          <failedSince>0</failedSince>
        </case>
        <case>
          <duration>3.704</duration>
          <className>TestTraceEvents</className>
          <testName>TestCase02.test03</testName>
          <skipped>false</skipped>
          <failedSince>0</failedSince>
        </case>
        <case>
          <duration>6.327</duration>
          <className>TestTraceEvents</className>
          <testName>TestCase02.test04</testName>
          <skipped>false</skipped>
          <failedSince>0</failedSince>
        </case>
        <case>
          <duration>1.79</duration>
          <className>TestTraceEvents</className>
          <testName>TestCase02.test05</testName>
          <skipped>false</skipped>
          <failedSince>0</failedSince>
        </case>
        <case>
          <duration>3.416</duration>
          <className>TestTraceEvents</className>
          <testName>TestCase02.test06</testName>
          <skipped>false</skipped>
          <failedSince>0</failedSince>
        </case>
        <case>
          <duration>17.729</duration>
          <className>TestTraceEvents</className>
          <testName>TestCase03.test01</testName>
          <skipped>false</skipped>
          <failedSince>0</failedSince>
        </case>
        <case>
          <duration>3.947</duration>
          <className>TestTraceEvents</className>
          <testName>TestCase04.test01</testName>
          <skipped>false</skipped>
          <failedSince>0</failedSince>
        </case>
        <case>
          <duration>2.517</duration>
          <className>TestTraceEvents</className>
          <testName>TestCase04.test02</testName>
          <skipped>false</skipped>
          <failedSince>0</failedSince>
        </case>
        <case>
          <duration>6.02</duration>
          <className>TestTraceEvents</className>
          <testName>TestCase04.test03</testName>
          <skipped>false</skipped>
          <failedSince>0</failedSince>
        </case>
      </cases>
    </suite>
    <suite>
      <file>/home/jenkins/workspace/Backend/CNE@2/test-results/TEST-cli-TestPnqmSecRules.xml</file>
      <name>cli.TestPnqmSecRules</name>
      <stdout>.......</stdout>
      <stderr></stderr>
      <duration>42.373</duration>
      <timestamp>2019-10-31T08:48:12.501155</timestamp>
      <time>42.373</time>
      <enclosingBlocks/>
      <enclosingBlockNames/>
      <cases>
        <case>
          <duration>21.025</duration>
          <className>TestPnqmSecRules</className>
          <testName>TestCase01.test01</testName>
          <skipped>false</skipped>
          <failedSince>0</failedSince>
        </case>
        <case>
          <duration>0.254</duration>
          <className>TestPnqmSecRules</className>
          <testName>TestCase01.test02</testName>
          <skipped>false</skipped>
          <failedSince>0</failedSince>
        </case>
        <case>
          <duration>2.343</duration>
          <className>TestPnqmSecRules</className>
          <testName>TestCase01.test03</testName>
          <skipped>false</skipped>
          <failedSince>0</failedSince>
        </case>
        <case>
          <duration>0.365</duration>
          <className>TestPnqmSecRules</className>
          <testName>TestCase01.test04</testName>
          <skipped>false</skipped>
          <failedSince>0</failedSince>
        </case>
        <case>
          <duration>8.731</duration>
          <className>TestPnqmSecRules</className>
          <testName>TestCase01.test05</testName>
          <skipped>false</skipped>
          <failedSince>0</failedSince>
        </case>
        <case>
          <duration>6.027</duration>
          <className>TestPnqmSecRules</className>
          <testName>TestCase01.test06</testName>
          <skipped>false</skipped>
          <failedSince>0</failedSince>
        </case>
        <case>
          <duration>3.628</duration>
          <className>TestPnqmSecRules</className>
          <testName>TestCase01.test07</testName>
          <skipped>false</skipped>
          <failedSince>0</failedSince>
        </case>
      </cases>
    </suite>
    <suite>
      <file>/home/jenkins/workspace/Backend/CNE/test-results/TEST-cli-TestPerformanceHistory.xml</file>
      <name>cli.TestPerformanceHistory</name>
      <stdout>preparing /data/perfhist/ ...
finished preparing /data/perfhist/ ...

TestCase01.test01_verify_if_file_has_proper_content: checking if file contains markers and commands outputs
.
TestCase01.test02_verify_markers_has_the_same_timestamps: verifying if timestamps on begin and end marker are the same
.
TestCase01.test03_verify_file_are_daily_rotated: verifying if files are rotated and compressed
.
TestCase01.test05_verify_performance_metrics_contains_only_10_sec_sections: checking if file contains 
...[truncated 705 chars]...
e without Nvme drives
.Test test01_verify_if_files_are_cleaned_up_after_180_days skipped in sandbox
.Test test02_verify_if_files_are_cleaned_up_when_clock_is_set_back_in_time skipped in sandbox
.Test test03_verify_if_snapshots_are_cleaned_up_when_clock_is_set_back_in_time skipped in sandbox
.
TestCase03.test01_verify_if_performance_history_is_disabled: verifying if performance history is disabled when magic file exists
.Test skipped on the CorvilNet Engine
.Test skipped on the CorvilNet Engine
.</stdout>
      <stderr></stderr>
      <duration>55.076</duration>
      <timestamp>2019-10-31T08:48:06.320518</timestamp>
      <time>55.076</time>
      <enclosingBlocks/>
      <enclosingBlockNames/>
      <cases>
        <case>
          <duration>2.108</duration>
          <className>TestPerformanceHistory</className>
          <testName>TestCase01.test01_verify_if_file_has_proper_content</testName>
          <skipped>false</skipped>
          <failedSince>0</failedSince>
        </case>
        <case>
          <duration>0.029</duration>
          <className>TestPerformanceHistory</className>
          <testName>TestCase01.test02_verify_markers_has_the_same_timestamps</testName>
          <skipped>false</skipped>
          <failedSince>0</failedSince>
        </case>
        <case>
          <duration>0.049</duration>
          <className>TestPerformanceHistory</className>
          <testName>TestCase01.test03_verify_file_are_daily_rotated</testName>
          <skipped>false</skipped>
          <failedSince>0</failedSince>
        </case>
        <case>
          <duration>0.026</duration>
          <className>TestPerformanceHistory</className>
          <testName>TestCase01.test05_verify_performance_metrics_contains_only_10_sec_sections</testName>
          <skipped>false</skipped>
          <failedSince>0</failedSince>
        </case>
        <case>
          <duration>0.028</duration>
          <className>TestPerformanceHistory</className>
          <testName>TestCase01.test06_verify_performance_metrics_does_not_contain_excluded_sections</testName>
          <skipped>false</skipped>
          <failedSince>0</failedSince>
        </case>
        <case>
          <duration>36.104</duration>
          <className>TestPerformanceHistory</className>
          <testName>TestCase01.test07_verify_performance_metrics_100s_frequency_contains_excluded_sections</testName>
          <skipped>false</skipped>
          <failedSince>0</failedSince>
        </case>
        <case>
          <duration>0.098</duration>
          <className>TestPerformanceHistory</className>
          <testName>TestCase01.test08_verify_performance_metrics_10s_frequency_not_contains_excluded_sections</testName>
          <skipped>false</skipped>
          <failedSince>0</failedSince>
        </case>
        <case>
          <duration>0.099</duration>
          <className>TestPerformanceHistory</className>
          <testName>TestCase01.test09_verify_performance_metrics_are_stored_every_10_seconds</testName>
          <skipped>false</skipped>
          <failedSince>0</failedSince>
        </case>
        <case>
          <duration>1.138</duration>
          <className>TestPerformanceHistory</className>
          <testName>TestCase01.test10_verify_ssd_entries</testName>
          <skipped>false</skipped>
          <failedSince>0</failedSince>
        </case>
        <case>
          <duration>0.0</duration>
          <className>TestPerformanceHistory</className>
          <testName>TestCase02.test01_verify_if_files_are_cleaned_up_after_180_days</testName>
          <skipped>false</skipped>
          <failedSince>0</failedSince>
        </case>
        <case>
          <duration>0.0</duration>
          <className>TestPerformanceHistory</className>
          <testName>TestCase02.test02_verify_if_files_are_cleaned_up_when_clock_is_set_back_in_time</testName>
          <skipped>false</skipped>
          <failedSince>0</failedSince>
        </case>
        <case>
          <duration>0.0</duration>
          <className>TestPerformanceHistory</className>
          <testName>TestCase02.test03_verify_if_snapshots_are_cleaned_up_when_clock_is_set_back_in_time</testName>
          <skipped>false</skipped>
          <failedSince>0</failedSince>
        </case>
        <case>
          <duration>15.394</duration>
          <className>TestPerformanceHistory</className>
          <testName>TestCase03.test01_verify_if_performance_history_is_disabled</testName>
          <skipped>false</skipped>
          <failedSince>0</failedSince>
        </case>
        <case>
          <duration>0.0</duration>
          <className>TestPerformanceHistory</className>
          <testName>TestCase04.test01</testName>
          <skipped>false</skipped>
          <failedSince>0</failedSince>
        </case>
        <case>
          <duration>0.0</duration>
          <className>TestPerformanceHistory</className>
          <testName>TestCase04.test02</testName>
          <skipped>false</skipped>
          <failedSince>0</failedSince>
        </case>
      </cases>
    </suite>
    <suite>
      <file>/home/jenkins/workspace/Backend/CNE@6/test-results/TEST-cli-TestChannel.xml</file>
      <name>cli.TestChannel</name>
      <stdout>............Test skipped on the CorvilNet Engine
.Test skipped on the CorvilNet Engine
.
TestCase01.test15: BQM-32715 Illegal characters in label when using copy cfg: (replace-)config
...................................TestCase02.test32: enabling request-response disables secondary pnqm
..Test skipped on the CorvilNet Engine
............
TestCase02.test46: Test configurable-stats-map in channel: symmetric channel with two different configurable-stats-map
.unidirectional 0 0 0
unidirectional 1 0 
...[truncated 3908 chars]...
ode-failures&apos; not working with TCP reassembly errors
.
TestCase13.test01_invert_and_legacy_gui_only: BQM-49561 Config push should be able to apply direction inversion and legacy-gui-only flag BQM-60242 Session inversion is broken on config push and copy replace-config
.
TestCase13.test02_fdos_pnqm_target: BQM-60729 FDOS sessions with deleted pnqm-target ID render invalid text config
.
TestCase14.test01: attached-shard confirmation test
.
TestCase14.test02: use-shared-captures confirmation test
.</stdout>
      <stderr></stderr>
      <duration>443.925</duration>
      <timestamp>2019-10-31T08:41:37.242688</timestamp>
      <time>443.925</time>
      <enclosingBlocks/>
      <enclosingBlockNames/>
      <cases>
        <case>
          <duration>19.316</duration>
          <className>TestChannel</className>
          <testName>TestCase01.test01</testName>
          <skipped>false</skipped>
          <failedSince>0</failedSince>
        </case>
        <case>
          <duration>0.517</duration>
          <className>TestChannel</className>
          <testName>TestCase01.test02</testName>
          <skipped>false</skipped>
          <failedSince>0</failedSince>
        </case>
        <case>
          <duration>0.965</duration>
          <className>TestChannel</className>
          <testName>TestCase01.test03</testName>
          <skipped>false</skipped>
          <failedSince>0</failedSince>
        </case>
        <case>
          <duration>0.182</duration>
          <className>TestChannel</className>
          <testName>TestCase01.test04</testName>
          <skipped>false</skipped>
          <failedSince>0</failedSince>
        </case>
        <case>
          <duration>0.068</duration>
          <className>TestChannel</className>
          <testName>TestCase01.test05</testName>
          <skipped>false</skipped>
          <failedSince>0</failedSince>
        </case>
        <case>
          <duration>0.056</duration>
          <className>TestChannel</className>
          <testName>TestCase01.test06</testName>
          <skipped>false</skipped>
          <failedSince>0</failedSince>
        </case>
        <case>
          <duration>0.052</duration>
          <className>TestChannel</className>
          <testName>TestCase01.test07</testName>
          <skipped>false</skipped>
          <failedSince>0</failedSince>
        </case>
        <case>
          <duration>0.138</duration>
          <className>TestChannel</className>
          <testName>TestCase01.test08</testName>
          <skipped>false</skipped>
          <failedSince>0</failedSince>
        </case>
        <case>
          <duration>0.088</duration>
          <className>TestChannel</className>
          <testName>TestCase01.test09</testName>
          <skipped>false</skipped>
          <failedSince>0</failedSince>
        </case>
        <case>
          <duration>0.02</duration>
          <className>TestChannel</className>
          <testName>TestCase01.test10</testName>
          <skipped>false</skipped>
          <failedSince>0</failedSince>
        </case>
        <case>
          <duration>0.105</duration>
          <className>TestChannel</className>
          <testName>TestCase01.test11</testName>
          <skipped>false</skipped>
          <failedSince>0</failedSince>
        </case>
        <case>
          <duration>0.02</duration>
          <className>TestChannel</className>
          <testName>TestCase01.test12</testName>
          <skipped>false</skipped>
          <failedSince>0</failedSince>
        </case>
        <case>
          <duration>0.033</duration>
          <className>TestChannel</className>
          <testName>TestCase01.test13</testName>
          <skipped>false</skipped>
          <failedSince>0</failedSince>
        </case>
        <case>
          <duration>0.018</duration>
          <className>TestChannel</className>
          <testName>TestCase01.test14</testName>
          <skipped>false</skipped>
          <failedSince>0</failedSince>
        </case>
        <case>
          <duration>1.97</duration>
          <className>TestChannel</className>
          <testName>TestCase01.test15</testName>
          <skipped>false</skipped>
          <failedSince>0</failedSince>
        </case>
        <case>
          <duration>7.498</duration>
          <className>TestChannel</className>
          <testName>TestCase01.test16</testName>
          <skipped>false</skipped>
          <failedSince>0</failedSince>
        </case>
        <case>
          <duration>2.602</duration>
          <className>TestChannel</className>
          <testName>TestCase01.test17</testName>
          <skipped>false</skipped>
          <failedSince>0</failedSince>
        </case>
        <case>
          <duration>2.299</duration>
          <className>TestChannel</className>
          <testName>TestCase01.test18</testName>
          <skipped>false</skipped>
          <failedSince>0</failedSince>
        </case>
        <case>
          <duration>4.493</duration>
          <className>TestChannel</className>
          <testName>TestCase02.test01</testName>
          <skipped>false</skipped>
          <failedSince>0</failedSince>
        </case>
        <case>
          <duration>1.556</duration>
          <className>TestChannel</className>
          <testName>TestCase02.test02</testName>
          <skipped>false</skipped>
          <failedSince>0</failedSince>
        </case>
        <case>
          <duration>0.004</duration>
          <className>TestChannel</className>
          <testName>TestCase02.test03</testName>
          <skipped>false</skipped>
          <failedSince>0</failedSince>
        </case>
        <case>
          <duration>0.105</duration>
          <className>TestChannel</className>
          <testName>TestCase02.test04</testName>
          <skipped>false</skipped>
          <failedSince>0</failedSince>
        </case>
        <case>
          <duration>0.224</duration>
          <className>TestChannel</className>
          <testName>TestCase02.test05</testName>
          <skipped>false</skipped>
          <failedSince>0</failedSince>
        </case>
        <case>
          <duration>0.051</duration>
          <className>TestChannel</className>
          <testName>TestCase02.test06</testName>
          <skipped>false</skipped>
          <failedSince>0</failedSince>
        </case>
        <case>
          <duration>1.66</duration>
          <className>TestChannel</className>
          <testName>TestCase02.test07</testName>
          <skipped>false</skipped>
          <failedSince>0</failedSince>
        </case>
        <case>
          <duration>0.095</duration>
          <className>TestChannel</className>
          <testName>TestCase02.test08</testName>
          <skipped>false</skipped>
          <failedSince>0</failedSince>
        </case>
        <case>
          <duration>0.271</duration>
          <className>TestChannel</className>
          <testName>TestCase02.test09</testName>
          <skipped>false</skipped>
          <failedSince>0</failedSince>
        </case>
        <case>
          <duration>0.112</duration>
          <className>TestChannel</className>
          <testName>TestCase02.test10</testName>
          <skipped>false</skipped>
          <failedSince>0</failedSince>
        </case>
        <case>
          <duration>0.076</duration>
          <className>TestChannel</className>
          <testName>TestCase02.test11</testName>
          <skipped>false</skipped>
          <failedSince>0</failedSince>
        </case>
        <case>
          <duration>0.353</duration>
          <className>TestChannel</className>
          <testName>TestCase02.test12</testName>
          <skipped>false</skipped>
          <failedSince>0</failedSince>
        </case>
        <case>
          <duration>0.818</duration>
          <className>TestChannel</className>
          <testName>TestCase02.test13</testName>
          <skipped>false</skipped>
          <failedSince>0</failedSince>
        </case>
        <case>
          <duration>0.228</duration>
          <className>TestChannel</className>
          <testName>TestCase02.test14</testName>
          <skipped>false</skipped>
          <failedSince>0</failedSince>
        </case>
        <case>
          <duration>0.111</duration>
          <className>TestChannel</className>
          <testName>TestCase02.test15</testName>
          <skipped>false</skipped>
          <failedSince>0</failedSince>
        </case>
        <case>
          <duration>0.147</duration>
          <className>TestChannel</className>
          <testName>TestCase02.test16</testName>
          <skipped>false</skipped>
          <failedSince>0</failedSince>
        </case>
        <case>
          <duration>0.073</duration>
          <className>TestChannel</className>
          <testName>TestCase02.test17</testName>
          <skipped>false</skipped>
          <failedSince>0</failedSince>
        </case>
        <case>
          <duration>0.145</duration>
          <className>TestChannel</className>
          <testName>TestCase02.test18</testName>
          <skipped>false</skipped>
          <failedSince>0</failedSince>
        </case>
        <case>
          <duration>0.055</duration>
          <className>TestChannel</className>
          <testName>TestCase02.test19</testName>
          <skipped>false</skipped>
          <failedSince>0</failedSince>
        </case>
        <case>
          <duration>2.737</duration>
          <className>TestChannel</className>
          <testName>TestCase02.test20</testName>
          <skipped>false</skipped>
          <failedSince>0</failedSince>
        </case>
        <case>
          <duration>0.107</duration>
          <className>TestChannel</className>
          <testName>TestCase02.test21</testName>
          <skipped>false</skipped>
          <failedSince>0</failedSince>
        </case>
        <case>
          <duration>0.065</duration>
          <className>TestChannel</className>
          <testName>TestCase02.test22</testName>
          <skipped>false</skipped>
          <failedSince>0</failedSince>
        </case>
        <case>
          <duration>0.034</duration>
          <className>TestChannel</className>
          <testName>TestCase02.test23</testName>
          <skipped>false</skipped>
          <failedSince>0</failedSince>
        </case>
        <case>
          <duration>0.051</duration>
          <className>TestChannel</className>
          <testName>TestCase02.test24</testName>
          <skipped>false</skipped>
          <failedSince>0</failedSince>
        </case>
        <case>
          <duration>1.501</duration>
          <className>TestChannel</className>
          <testName>TestCase02.test25</testName>
          <skipped>false</skipped>
          <failedSince>0</failedSince>
        </case>
        <case>
          <duration>0.081</duration>
          <className>TestChannel</className>
          <testName>TestCase02.test26</testName>
          <skipped>false</skipped>
          <failedSince>0</failedSince>
        </case>
        <case>
          <duration>0.089</duration>
          <className>TestChannel</className>
          <testName>TestCase02.test27</testName>
          <skipped>false</skipped>
          <failedSince>0</failedSince>
        </case>
        <case>
          <duration>0.067</duration>
          <className>TestChannel</className>
          <testName>TestCase02.test28</testName>
          <skipped>false</skipped>
          <failedSince>0</failedSince>
        </case>
        <case>
          <duration>1.809</duration>
          <className>TestChannel</className>
          <testName>TestCase02.test29</testName>
          <skipped>false</skipped>
          <failedSince>0</failedSince>
        </case>
        <case>
          <duration>0.143</duration>
          <className>TestChannel</className>
          <testName>TestCase02.test30</testName>
          <skipped>false</skipped>
          <failedSince>0</failedSince>
        </case>
        <case>
          <duration>0.109</duration>
          <className>TestChannel</className>
          <testName>TestCase02.test31</testName>
          <skipped>false</skipped>
          <failedSince>0</failedSince>
        </case>
        <case>
          <duration>0.261</duration>
          <className>TestChannel</className>
          <testName>TestCase02.test32</testName>
          <skipped>false</skipped>
          <failedSince>0</failedSince>
        </case>
        <case>
          <duration>3.318</duration>
          <className>TestChannel</className>
          <testName>TestCase02.test33</testName>
          <skipped>false</skipped>
          <failedSince>0</failedSince>
        </case>
        <case>
          <duration>0.047</duration>
          <className>TestChannel</className>
          <testName>TestCase02.test34</testName>
          <skipped>false</skipped>
          <failedSince>0</failedSince>
        </case>
        <case>
          <duration>0.028</duration>
          <className>TestChannel</className>
          <testName>TestCase02.test35</testName>
          <skipped>false</skipped>
          <failedSince>0</failedSince>
        </case>
        <case>
          <duration>0.128</duration>
          <className>TestChannel</className>
          <testName>TestCase02.test36</testName>
          <skipped>false</skipped>
          <failedSince>0</failedSince>
        </case>
        <case>
          <duration>0.087</duration>
          <className>TestChannel</className>
          <testName>TestCase02.test37</testName>
          <skipped>false</skipped>
          <failedSince>0</failedSince>
        </case>
        <case>
          <duration>0.069</duration>
          <className>TestChannel</className>
          <testName>TestCase02.test38</testName>
          <skipped>false</skipped>
          <failedSince>0</failedSince>
        </case>
        <case>
          <duration>0.091</duration>
          <className>TestChannel</className>
          <testName>TestCase02.test39</testName>
          <skipped>false</skipped>
          <failedSince>0</failedSince>
        </case>
        <case>
          <duration>0.073</duration>
          <className>TestChannel</className>
          <testName>TestCase02.test40</testName>
          <skipped>false</skipped>
          <failedSince>0</failedSince>
        </case>
        <case>
          <duration>1.584</duration>
          <className>TestChannel</className>
          <testName>TestCase02.test41</testName>
          <skipped>false</skipped>
          <failedSince>0</failedSince>
        </case>
        <case>
          <duration>0.187</duration>
          <className>TestChannel</className>
          <testName>TestCase02.test42</testName>
          <skipped>false</skipped>
          <failedSince>0</failedSince>
        </case>
        <case>
          <duration>0.204</duration>
          <className>TestChannel</className>
          <testName>TestCase02.test43</testName>
          <skipped>false</skipped>
          <failedSince>0</failedSince>
        </case>
        <case>
          <duration>2.769</duration>
          <className>TestChannel</className>
          <testName>TestCase02.test44</testName>
          <skipped>false</skipped>
          <failedSince>0</failedSince>
        </case>
        <case>
          <duration>0.504</duration>
          <className>TestChannel</className>
          <testName>TestCase02.test45</testName>
          <skipped>false</skipped>
          <failedSince>0</failedSince>
        </case>
        <case>
          <duration>3.67</duration>
          <className>TestChannel</className>
          <testName>TestCase02.test46</testName>
          <skipped>false</skipped>
          <failedSince>0</failedSince>
        </case>
        <case>
          <duration>2.997</duration>
          <className>TestChannel</className>
          <testName>TestCase02.test47</testName>
          <skipped>false</skipped>
          <failedSince>0</failedSince>
        </case>
        <case>
          <duration>0.259</duration>
          <className>TestChannel</className>
          <testName>TestCase02.test48</testName>
          <skipped>false</skipped>
          <failedSince>0</failedSince>
        </case>
        <case>
          <duration>0.029</duration>
          <className>TestChannel</className>
          <testName>TestCase02.test49</testName>
          <skipped>false</skipped>
          <failedSince>0</failedSince>
        </case>
        <case>
          <duration>1.722</duration>
          <className>TestChannel</className>
          <testName>TestCase02.test50</testName>
          <skipped>false</skipped>
          <failedSince>0</failedSince>
        </case>
        <case>
          <duration>3.045</duration>
          <className>TestChannel</className>
          <testName>TestCase02.test51</testName>
          <skipped>false</skipped>
          <failedSince>0</failedSince>
        </case>
        <case>
          <duration>0.611</duration>
          <className>TestChannel</className>
          <testName>TestCase02.test53</testName>
          <skipped>false</skipped>
          <failedSince>0</failedSince>
        </case>
        <case>
          <duration>4.402</duration>
          <className>TestChannel</className>
          <testName>TestCase02.test54</testName>
          <skipped>false</skipped>
          <failedSince>0</failedSince>
        </case>
        <case>
          <duration>0.17</duration>
          <className>TestChannel</className>
          <testName>TestCase02.test55</testName>
          <skipped>false</skipped>
          <failedSince>0</failedSince>
        </case>
        <case>
          <duration>0.569</duration>
          <className>TestChannel</className>
          <testName>TestCase02.test56</testName>
          <skipped>false</skipped>
          <failedSince>0</failedSince>
        </case>
        <case>
          <duration>1.955</duration>
          <className>TestChannel</className>
          <testName>TestCase02.test57</testName>
          <skipped>false</skipped>
          <failedSince>0</failedSince>
        </case>
        <case>
          <duration>0.111</duration>
          <className>TestChannel</className>
          <testName>TestCase02.test58</testName>
          <skipped>false</skipped>
          <failedSince>0</failedSince>
        </case>
        <case>
          <duration>3.391</duration>
          <className>TestChannel</className>
          <testName>TestCase02.test59</testName>
          <skipped>false</skipped>
          <failedSince>0</failedSince>
        </case>
        <case>
          <duration>0.932</duration>
          <className>TestChannel</className>
          <testName>TestCase02.test60</testName>
          <skipped>false</skipped>
          <failedSince>0</failedSince>
        </case>
        <case>
          <duration>4.385</duration>
          <className>TestChannel</className>
          <testName>TestCase02.test61</testName>
          <skipped>false</skipped>
          <failedSince>0</failedSince>
        </case>
        <case>
          <duration>3.943</duration>
          <className>TestChannel</className>
          <testName>TestCase02.test62</testName>
          <skipped>false</skipped>
          <failedSince>0</failedSince>
        </case>
        <case>
          <duration>3.831</duration>
          <className>TestChannel</className>
          <testName>TestCase03.test01</testName>
          <skipped>false</skipped>
          <failedSince>0</failedSince>
        </case>
        <case>
          <duration>4.214</duration>
          <className>TestChannel</className>
          <testName>TestCase03.test02</testName>
          <skipped>false</skipped>
          <failedSince>0</failedSince>
        </case>
        <case>
          <duration>0.035</duration>
          <className>TestChannel</className>
          <testName>TestCase03.test03</testName>
          <skipped>false</skipped>
          <failedSince>0</failedSince>
        </case>
        <case>
          <duration>0.027</duration>
          <className>TestChannel</className>
          <testName>TestCase03.test04</testName>
          <skipped>false</skipped>
          <failedSince>0</failedSince>
        </case>
        <case>
          <duration>0.018</duration>
          <className>TestChannel</className>
          <testName>TestCase03.test05</testName>
          <skipped>false</skipped>
          <failedSince>0</failedSince>
        </case>
        <case>
          <duration>0.019</duration>
          <className>TestChannel</className>
          <testName>TestCase03.test06</testName>
          <skipped>false</skipped>
          <failedSince>0</failedSince>
        </case>
        <case>
          <duration>0.02</duration>
          <className>TestChannel</className>
          <testName>TestCase03.test07</testName>
          <skipped>false</skipped>
          <failedSince>0</failedSince>
        </case>
        <case>
          <duration>0.019</duration>
          <className>TestChannel</className>
          <testName>TestCase03.test08</testName>
          <skipped>false</skipped>
          <failedSince>0</failedSince>
        </case>
        <case>
          <duration>0.021</duration>
          <className>TestChannel</className>
          <testName>TestCase03.test09</testName>
          <skipped>false</skipped>
          <failedSince>0</failedSince>
        </case>
        <case>
          <duration>0.017</duration>
          <className>TestChannel</className>
          <testName>TestCase03.test11</testName>
          <skipped>false</skipped>
          <failedSince>0</failedSince>
        </case>
        <case>
          <duration>0.02</duration>
          <className>TestChannel</className>
          <testName>TestCase03.test12</testName>
          <skipped>false</skipped>
          <failedSince>0</failedSince>
        </case>
        <case>
          <duration>0.017</duration>
          <className>TestChannel</className>
          <testName>TestCase03.test13</testName>
          <skipped>false</skipped>
          <failedSince>0</failedSince>
        </case>
        <case>
          <duration>0.099</duration>
          <className>TestChannel</className>
          <testName>TestCase03.test15</testName>
          <skipped>false</skipped>
          <failedSince>0</failedSince>
        </case>
        <case>
          <duration>0.788</duration>
          <className>TestChannel</className>
          <testName>TestCase03.test16</testName>
          <skipped>false</skipped>
          <failedSince>0</failedSince>
        </case>
        <case>
          <duration>0.936</duration>
          <className>TestChannel</className>
          <testName>TestCase03.test17</testName>
          <skipped>false</skipped>
          <failedSince>0</failedSince>
        </case>
        <case>
          <duration>0.022</duration>
          <className>TestChannel</className>
          <testName>TestCase03.test18</testName>
          <skipped>false</skipped>
          <failedSince>0</failedSince>
        </case>
        <case>
          <duration>0.057</duration>
          <className>TestChannel</className>
          <testName>TestCase03.test19</testName>
          <skipped>false</skipped>
          <failedSince>0</failedSince>
        </case>
        <case>
          <duration>0.043</duration>
          <className>TestChannel</className>
          <testName>TestCase03.test20</testName>
          <skipped>false</skipped>
          <failedSince>0</failedSince>
        </case>
        <case>
          <duration>0.086</duration>
          <className>TestChannel</className>
          <testName>TestCase03.test21</testName>
          <skipped>false</skipped>
          <failedSince>0</failedSince>
        </case>
        <case>
          <duration>0.166</duration>
          <className>TestChannel</className>
          <testName>TestCase03.test22</testName>
          <skipped>false</skipped>
          <failedSince>0</failedSince>
        </case>
        <case>
          <duration>0.074</duration>
          <className>TestChannel</className>
          <testName>TestCase03.test23</testName>
          <skipped>false</skipped>
          <failedSince>0</failedSince>
        </case>
        <case>
          <duration>0.057</duration>
          <className>TestChannel</className>
          <testName>TestCase03.test24</testName>
          <skipped>false</skipped>
          <failedSince>0</failedSince>
        </case>
        <case>
          <duration>0.646</duration>
          <className>TestChannel</className>
          <testName>TestCase03.test25</testName>
          <skipped>false</skipped>
          <failedSince>0</failedSince>
        </case>
        <case>
          <duration>0.304</duration>
          <className>TestChannel</className>
          <testName>TestCase03.test26</testName>
          <skipped>false</skipped>
          <failedSince>0</failedSince>
        </case>
        <case>
          <duration>4.413</duration>
          <className>TestChannel</className>
          <testName>TestCase03.test27</testName>
          <skipped>false</skipped>
          <failedSince>0</failedSince>
        </case>
        <case>
          <duration>7.262</duration>
          <className>TestChannel</className>
          <testName>TestCase03.test28</testName>
          <skipped>false</skipped>
          <failedSince>0</failedSince>
        </case>
        <case>
          <duration>5.703</duration>
          <className>TestChannel</className>
          <testName>TestCase04.test01</testName>
          <skipped>false</skipped>
          <failedSince>0</failedSince>
        </case>
        <case>
          <duration>0.005</duration>
          <className>TestChannel</className>
          <testName>TestCase04.test02</testName>
          <skipped>false</skipped>
          <failedSince>0</failedSince>
        </case>
        <case>
          <duration>0.004</duration>
          <className>TestChannel</className>
          <testName>TestCase04.test03</testName>
          <skipped>false</skipped>
          <failedSince>0</failedSince>
        </case>
        <case>
          <duration>0.059</duration>
          <className>TestChannel</className>
          <testName>TestCase04.test04</testName>
          <skipped>false</skipped>
          <failedSince>0</failedSince>
        </case>
        <case>
          <duration>68.814</duration>
          <className>TestChannel</className>
          <testName>TestCase05.test01</testName>
          <skipped>false</skipped>
          <failedSince>0</failedSince>
        </case>
        <case>
          <duration>4.59</duration>
          <className>TestChannel</className>
          <testName>TestCase06.test01</testName>
          <skipped>false</skipped>
          <failedSince>0</failedSince>
        </case>
        <case>
          <duration>0.291</duration>
          <className>TestChannel</className>
          <testName>TestCase06.test02</testName>
          <skipped>false</skipped>
          <failedSince>0</failedSince>
        </case>
        <case>
          <duration>1.688</duration>
          <className>TestChannel</className>
          <testName>TestCase06.test03</testName>
          <skipped>false</skipped>
          <failedSince>0</failedSince>
        </case>
        <case>
          <duration>3.91</duration>
          <className>TestChannel</className>
          <testName>TestCase07.test01</testName>
          <skipped>false</skipped>
          <failedSince>0</failedSince>
        </case>
        <case>
          <duration>11.863</duration>
          <className>TestChannel</className>
          <testName>TestCase08.test01</testName>
          <skipped>false</skipped>
          <failedSince>0</failedSince>
        </case>
        <case>
          <duration>3.001</duration>
          <className>TestChannel</className>
          <testName>TestCase08.test02</testName>
          <skipped>false</skipped>
          <failedSince>0</failedSince>
        </case>
        <case>
          <duration>2.25</duration>
          <className>TestChannel</className>
          <testName>TestCase08.test03</testName>
          <skipped>false</skipped>
          <failedSince>0</failedSince>
        </case>
        <case>
          <duration>1.524</duration>
          <className>TestChannel</className>
          <testName>TestCase08.test04</testName>
          <skipped>false</skipped>
          <failedSince>0</failedSince>
        </case>
        <case>
          <duration>1.497</duration>
          <className>TestChannel</className>
          <testName>TestCase08.test05</testName>
          <skipped>false</skipped>
          <failedSince>0</failedSince>
        </case>
        <case>
          <duration>1.468</duration>
          <className>TestChannel</className>
          <testName>TestCase08.test06</testName>
          <skipped>false</skipped>
          <failedSince>0</failedSince>
        </case>
        <case>
          <duration>1.585</duration>
          <className>TestChannel</className>
          <testName>TestCase08.test07</testName>
          <skipped>false</skipped>
          <failedSince>0</failedSince>
        </case>
        <case>
          <duration>1.54</duration>
          <className>TestChannel</className>
          <testName>TestCase08.test08</testName>
          <skipped>false</skipped>
          <failedSince>0</failedSince>
        </case>
        <case>
          <duration>1.198</duration>
          <className>TestChannel</className>
          <testName>TestCase08.test09</testName>
          <skipped>false</skipped>
          <failedSince>0</failedSince>
        </case>
        <case>
          <duration>0.029</duration>
          <className>TestChannel</className>
          <testName>TestCase09.test01</testName>
          <skipped>false</skipped>
          <failedSince>0</failedSince>
        </case>
        <case>
          <duration>4.883</duration>
          <className>TestChannel</className>
          <testName>TestCase10.test01</testName>
          <skipped>false</skipped>
          <failedSince>0</failedSince>
        </case>
        <case>
          <duration>0.12</duration>
          <className>TestChannel</className>
          <testName>TestCase10.test02</testName>
          <skipped>false</skipped>
          <failedSince>0</failedSince>
        </case>
        <case>
          <duration>1.163</duration>
          <className>TestChannel</className>
          <testName>TestCase10.test03</testName>
          <skipped>false</skipped>
          <failedSince>0</failedSince>
        </case>
        <case>
          <duration>0.021</duration>
          <className>TestChannel</className>
          <testName>TestCase10.test04</testName>
          <skipped>false</skipped>
          <failedSince>0</failedSince>
        </case>
        <case>
          <duration>0.021</duration>
          <className>TestChannel</className>
          <testName>TestCase10.test05</testName>
          <skipped>false</skipped>
          <failedSince>0</failedSince>
        </case>
        <case>
          <duration>0.023</duration>
          <className>TestChannel</className>
          <testName>TestCase10.test06</testName>
          <skipped>false</skipped>
          <failedSince>0</failedSince>
        </case>
        <case>
          <duration>0.167</duration>
          <className>TestChannel</className>
          <testName>TestCase10.test07</testName>
          <skipped>false</skipped>
          <failedSince>0</failedSince>
        </case>
        <case>
          <duration>0.029</duration>
          <className>TestChannel</className>
          <testName>TestCase10.test08</testName>
          <skipped>false</skipped>
          <failedSince>0</failedSince>
        </case>
        <case>
          <duration>0.026</duration>
          <className>TestChannel</className>
          <testName>TestCase10.test09</testName>
          <skipped>false</skipped>
          <failedSince>0</failedSince>
        </case>
        <case>
          <duration>1.149</duration>
          <className>TestChannel</className>
          <testName>TestCase10.test10</testName>
          <skipped>false</skipped>
          <failedSince>0</failedSince>
        </case>
        <case>
          <duration>4.348</duration>
          <className>TestChannel</className>
          <testName>TestCase10.test11</testName>
          <skipped>false</skipped>
          <failedSince>0</failedSince>
        </case>
        <case>
          <duration>0.103</duration>
          <className>TestChannel</className>
          <testName>TestCase10.test12</testName>
          <skipped>false</skipped>
          <failedSince>0</failedSince>
        </case>
        <case>
          <duration>4.146</duration>
          <className>TestChannel</className>
          <testName>TestCase10.test13</testName>
          <skipped>false</skipped>
          <failedSince>0</failedSince>
        </case>
        <case>
          <duration>2.088</duration>
          <className>TestChannel</className>
          <testName>TestCase10.test14</testName>
          <skipped>false</skipped>
          <failedSince>0</failedSince>
        </case>
        <case>
          <duration>1.063</duration>
          <className>TestChannel</className>
          <testName>TestCase10.test15</testName>
          <skipped>false</skipped>
          <failedSince>0</failedSince>
        </case>
        <case>
          <duration>0.211</duration>
          <className>TestChannel</className>
          <testName>TestCase10.test16</testName>
          <skipped>false</skipped>
          <failedSince>0</failedSince>
        </case>
        <case>
          <duration>3.68</duration>
          <className>TestChannel</className>
          <testName>TestCase10.test17</testName>
          <skipped>false</skipped>
          <failedSince>0</failedSince>
        </case>
        <case>
          <duration>118.19</duration>
          <className>TestChannel</className>
          <testName>TestCase10.test18</testName>
          <skipped>false</skipped>
          <failedSince>0</failedSince>
        </case>
        <case>
          <duration>2.22</duration>
          <className>TestChannel</className>
          <testName>TestCase11.test01</testName>
          <skipped>false</skipped>
          <failedSince>0</failedSince>
        </case>
        <case>
          <duration>0.18</duration>
          <className>TestChannel</className>
          <testName>TestCase11.test02</testName>
          <skipped>false</skipped>
          <failedSince>0</failedSince>
        </case>
        <case>
          <duration>0.108</duration>
          <className>TestChannel</className>
          <testName>TestCase11.test03</testName>
          <skipped>false</skipped>
          <failedSince>0</failedSince>
        </case>
        <case>
          <duration>0.105</duration>
          <className>TestChannel</className>
          <testName>TestCase11.test04</testName>
          <skipped>false</skipped>
          <failedSince>0</failedSince>
        </case>
        <case>
          <duration>0.022</duration>
          <className>TestChannel</className>
          <testName>TestCase11.test05</testName>
          <skipped>false</skipped>
          <failedSince>0</failedSince>
        </case>
        <case>
          <duration>0.132</duration>
          <className>TestChannel</className>
          <testName>TestCase11.test06</testName>
          <skipped>false</skipped>
          <failedSince>0</failedSince>
        </case>
        <case>
          <duration>0.029</duration>
          <className>TestChannel</className>
          <testName>TestCase11.test07</testName>
          <skipped>false</skipped>
          <failedSince>0</failedSince>
        </case>
        <case>
          <duration>34.657</duration>
          <className>TestChannel</className>
          <testName>TestCase12.test01</testName>
          <skipped>false</skipped>
          <failedSince>0</failedSince>
        </case>
        <case>
          <duration>0.023</duration>
          <className>TestChannel</className>
          <testName>TestCase12.test02</testName>
          <skipped>false</skipped>
          <failedSince>0</failedSince>
        </case>
        <case>
          <duration>7.109</duration>
          <className>TestChannel</className>
          <testName>TestCase12.test03</testName>
          <skipped>false</skipped>
          <failedSince>0</failedSince>
        </case>
        <case>
          <duration>10.612</duration>
          <className>TestChannel</className>
          <testName>TestCase12.test04</testName>
          <skipped>false</skipped>
          <failedSince>0</failedSince>
        </case>
        <case>
          <duration>7.025</duration>
          <className>TestChannel</className>
          <testName>TestCase13.test01_invert_and_legacy_gui_only</testName>
          <skipped>false</skipped>
          <failedSince>0</failedSince>
        </case>
        <case>
          <duration>3.055</duration>
          <className>TestChannel</className>
          <testName>TestCase13.test02_fdos_pnqm_target</testName>
          <skipped>false</skipped>
          <failedSince>0</failedSince>
        </case>
        <case>
          <duration>3.901</duration>
          <className>TestChannel</className>
          <testName>TestCase14.test01</testName>
          <skipped>false</skipped>
          <failedSince>0</failedSince>
        </case>
        <case>
          <duration>4.22</duration>
          <className>TestChannel</className>
          <testName>TestCase14.test02</testName>
          <skipped>false</skipped>
          <failedSince>0</failedSince>
        </case>
      </cases>
    </suite>
    <suite>
      <file>/home/jenkins/workspace/Backend/CNE@4/test-results/TEST-capture-TestBusinessHours.xml</file>
      <name>capture.TestBusinessHours</name>
      <stdout>Clearing config + waiting for captures to complete
Config set, sending traffic...
Waiting for captures to complete
Validating captures
Running cpccheck on /disk0/detect/705/channel--local-cne---bh3-1572511669
Running cpccheck on /disk0/detect/705/channel--local-cne---bh1-1572511669
Running cpccheck on /disk0/detect/704/channel--local-cne---bh2-1572511669
......</stdout>
      <stderr></stderr>
      <duration>92.429</duration>
      <timestamp>2019-10-31T08:47:23.863806</timestamp>
      <time>92.429</time>
      <enclosingBlocks/>
      <enclosingBlockNames/>
      <cases>
        <case>
          <duration>72.697</duration>
          <className>TestBusinessHours</className>
          <testName>TestCase01.test01</testName>
          <skipped>false</skipped>
          <failedSince>0</failedSince>
        </case>
        <case>
          <duration>4.355</duration>
          <className>TestBusinessHours</className>
          <testName>TestCase01.test02</testName>
          <skipped>false</skipped>
          <failedSince>0</failedSince>
        </case>
        <case>
          <duration>3.804</duration>
          <className>TestBusinessHours</className>
          <testName>TestCase01.test03</testName>
          <skipped>false</skipped>
          <failedSince>0</failedSince>
        </case>
        <case>
          <duration>1.267</duration>
          <className>TestBusinessHours</className>
          <testName>TestCase01.test04</testName>
          <skipped>false</skipped>
          <failedSince>0</failedSince>
        </case>
        <case>
          <duration>6.896</duration>
          <className>TestBusinessHours</className>
          <testName>TestCase01.test05</testName>
          <skipped>false</skipped>
          <failedSince>0</failedSince>
        </case>
        <case>
          <duration>3.408</duration>
          <className>TestBusinessHours</className>
          <testName>TestCase01.test06</testName>
          <skipped>false</skipped>
          <failedSince>0</failedSince>
        </case>
      </cases>
    </suite>
    <suite>
      <file>/home/jenkins/workspace/Backend/CNE@3/test-results/TEST-cli-TestClassMap.xml</file>
      <name>cli.TestClassMap</name>
      <stdout>....................
TestCase01.test21: BQM-24381 show/show config logic for class-map match-any vs match-all
.
TestCase01.test22: BQM-35053 - crash when a class-map is renamed
.............
TestCase02.test10: BQM-45251 Config Merger should workaround broken class-map chains.
Test skipped on the CorvilNet Engine
.
TestCase02.test11: BQM-45562 match flow-tag does not use quotes for values with spaces and for regexes
.</stdout>
      <stderr></stderr>
      <duration>52.166</duration>
      <timestamp>2019-10-31T08:48:17.333108</timestamp>
      <time>52.166</time>
      <enclosingBlocks/>
      <enclosingBlockNames/>
      <cases>
        <case>
          <duration>16.628</duration>
          <className>TestClassMap</className>
          <testName>TestCase01.test01</testName>
          <skipped>false</skipped>
          <failedSince>0</failedSince>
        </case>
        <case>
          <duration>0.016</duration>
          <className>TestClassMap</className>
          <testName>TestCase01.test02</testName>
          <skipped>false</skipped>
          <failedSince>0</failedSince>
        </case>
        <case>
          <duration>0.404</duration>
          <className>TestClassMap</className>
          <testName>TestCase01.test03</testName>
          <skipped>false</skipped>
          <failedSince>0</failedSince>
        </case>
        <case>
          <duration>0.069</duration>
          <className>TestClassMap</className>
          <testName>TestCase01.test04</testName>
          <skipped>false</skipped>
          <failedSince>0</failedSince>
        </case>
        <case>
          <duration>0.075</duration>
          <className>TestClassMap</className>
          <testName>TestCase01.test05</testName>
          <skipped>false</skipped>
          <failedSince>0</failedSince>
        </case>
        <case>
          <duration>0.021</duration>
          <className>TestClassMap</className>
          <testName>TestCase01.test06</testName>
          <skipped>false</skipped>
          <failedSince>0</failedSince>
        </case>
        <case>
          <duration>0.045</duration>
          <className>TestClassMap</className>
          <testName>TestCase01.test07</testName>
          <skipped>false</skipped>
          <failedSince>0</failedSince>
        </case>
        <case>
          <duration>0.01</duration>
          <className>TestClassMap</className>
          <testName>TestCase01.test08</testName>
          <skipped>false</skipped>
          <failedSince>0</failedSince>
        </case>
        <case>
          <duration>1.109</duration>
          <className>TestClassMap</className>
          <testName>TestCase01.test09</testName>
          <skipped>false</skipped>
          <failedSince>0</failedSince>
        </case>
        <case>
          <duration>0.098</duration>
          <className>TestClassMap</className>
          <testName>TestCase01.test10</testName>
          <skipped>false</skipped>
          <failedSince>0</failedSince>
        </case>
        <case>
          <duration>0.121</duration>
          <className>TestClassMap</className>
          <testName>TestCase01.test11</testName>
          <skipped>false</skipped>
          <failedSince>0</failedSince>
        </case>
        <case>
          <duration>0.162</duration>
          <className>TestClassMap</className>
          <testName>TestCase01.test12</testName>
          <skipped>false</skipped>
          <failedSince>0</failedSince>
        </case>
        <case>
          <duration>0.008</duration>
          <className>TestClassMap</className>
          <testName>TestCase01.test13</testName>
          <skipped>false</skipped>
          <failedSince>0</failedSince>
        </case>
        <case>
          <duration>0.067</duration>
          <className>TestClassMap</className>
          <testName>TestCase01.test14</testName>
          <skipped>false</skipped>
          <failedSince>0</failedSince>
        </case>
        <case>
          <duration>0.046</duration>
          <className>TestClassMap</className>
          <testName>TestCase01.test15</testName>
          <skipped>false</skipped>
          <failedSince>0</failedSince>
        </case>
        <case>
          <duration>0.046</duration>
          <className>TestClassMap</className>
          <testName>TestCase01.test16</testName>
          <skipped>false</skipped>
          <failedSince>0</failedSince>
        </case>
        <case>
          <duration>0.015</duration>
          <className>TestClassMap</className>
          <testName>TestCase01.test17</testName>
          <skipped>false</skipped>
          <failedSince>0</failedSince>
        </case>
        <case>
          <duration>0.083</duration>
          <className>TestClassMap</className>
          <testName>TestCase01.test18</testName>
          <skipped>false</skipped>
          <failedSince>0</failedSince>
        </case>
        <case>
          <duration>0.008</duration>
          <className>TestClassMap</className>
          <testName>TestCase01.test19</testName>
          <skipped>false</skipped>
          <failedSince>0</failedSince>
        </case>
        <case>
          <duration>0.869</duration>
          <className>TestClassMap</className>
          <testName>TestCase01.test20</testName>
          <skipped>false</skipped>
          <failedSince>0</failedSince>
        </case>
        <case>
          <duration>0.197</duration>
          <className>TestClassMap</className>
          <testName>TestCase01.test21</testName>
          <skipped>false</skipped>
          <failedSince>0</failedSince>
        </case>
        <case>
          <duration>2.541</duration>
          <className>TestClassMap</className>
          <testName>TestCase01.test22</testName>
          <skipped>false</skipped>
          <failedSince>0</failedSince>
        </case>
        <case>
          <duration>0.293</duration>
          <className>TestClassMap</className>
          <testName>TestCase01.test23</testName>
          <skipped>false</skipped>
          <failedSince>0</failedSince>
        </case>
        <case>
          <duration>0.176</duration>
          <className>TestClassMap</className>
          <testName>TestCase01.test24</testName>
          <skipped>false</skipped>
          <failedSince>0</failedSince>
        </case>
        <case>
          <duration>0.068</duration>
          <className>TestClassMap</className>
          <testName>TestCase01.test25</testName>
          <skipped>false</skipped>
          <failedSince>0</failedSince>
        </case>
        <case>
          <duration>2.3</duration>
          <className>TestClassMap</className>
          <testName>TestCase02.test01</testName>
          <skipped>false</skipped>
          <failedSince>0</failedSince>
        </case>
        <case>
          <duration>0.11</duration>
          <className>TestClassMap</className>
          <testName>TestCase02.test02</testName>
          <skipped>false</skipped>
          <failedSince>0</failedSince>
        </case>
        <case>
          <duration>0.07</duration>
          <className>TestClassMap</className>
          <testName>TestCase02.test03</testName>
          <skipped>false</skipped>
          <failedSince>0</failedSince>
        </case>
        <case>
          <duration>0.146</duration>
          <className>TestClassMap</className>
          <testName>TestCase02.test04</testName>
          <skipped>false</skipped>
          <failedSince>0</failedSince>
        </case>
        <case>
          <duration>0.059</duration>
          <className>TestClassMap</className>
          <testName>TestCase02.test05</testName>
          <skipped>false</skipped>
          <failedSince>0</failedSince>
        </case>
        <case>
          <duration>1.795</duration>
          <className>TestClassMap</className>
          <testName>TestCase02.test06</testName>
          <skipped>false</skipped>
          <failedSince>0</failedSince>
        </case>
        <case>
          <duration>18.085</duration>
          <className>TestClassMap</className>
          <testName>TestCase02.test07</testName>
          <skipped>false</skipped>
          <failedSince>0</failedSince>
        </case>
        <case>
          <duration>0.107</duration>
          <className>TestClassMap</className>
          <testName>TestCase02.test08</testName>
          <skipped>false</skipped>
          <failedSince>0</failedSince>
        </case>
        <case>
          <duration>3.622</duration>
          <className>TestClassMap</className>
          <testName>TestCase02.test09</testName>
          <skipped>false</skipped>
          <failedSince>0</failedSince>
        </case>
        <case>
          <duration>0.833</duration>
          <className>TestClassMap</className>
          <testName>TestCase02.test10</testName>
          <skipped>false</skipped>
          <failedSince>0</failedSince>
        </case>
        <case>
          <duration>1.86</duration>
          <className>TestClassMap</className>
          <testName>TestCase02.test11</testName>
          <skipped>false</skipped>
          <failedSince>0</failedSince>
        </case>
      </cases>
    </suite>
    <suite>
      <file>/home/jenkins/workspace/Backend/CNE@2/test-results/TEST-rest-TestRestPeerInterface.xml</file>
      <name>rest.TestRestPeerInterface</name>
      <stdout>.........</stdout>
      <stderr></stderr>
      <duration>52.497</duration>
      <timestamp>2019-10-31T08:48:17.671667</timestamp>
      <time>52.497</time>
      <enclosingBlocks/>
      <enclosingBlockNames/>
      <cases>
        <case>
          <duration>21.997</duration>
          <className>TestRestPeerInterface</className>
          <testName>TestCase01.test01</testName>
          <skipped>false</skipped>
          <failedSince>0</failedSince>
        </case>
        <case>
          <duration>0.052</duration>
          <className>TestRestPeerInterface</className>
          <testName>TestCase01.test02</testName>
          <skipped>false</skipped>
          <failedSince>0</failedSince>
        </case>
        <case>
          <duration>0.061</duration>
          <className>TestRestPeerInterface</className>
          <testName>TestCase01.test03</testName>
          <skipped>false</skipped>
          <failedSince>0</failedSince>
        </case>
        <case>
          <duration>2.75</duration>
          <className>TestRestPeerInterface</className>
          <testName>TestCase01.test04</testName>
          <skipped>false</skipped>
          <failedSince>0</failedSince>
        </case>
        <case>
          <duration>4.625</duration>
          <className>TestRestPeerInterface</className>
          <testName>TestCase01.test06</testName>
          <skipped>false</skipped>
          <failedSince>0</failedSince>
        </case>
        <case>
          <duration>9.698</duration>
          <className>TestRestPeerInterface</className>
          <testName>TestCase01.test07</testName>
          <skipped>false</skipped>
          <failedSince>0</failedSince>
        </case>
        <case>
          <duration>1.167</duration>
          <className>TestRestPeerInterface</className>
          <testName>TestCase01.test08</testName>
          <skipped>false</skipped>
          <failedSince>0</failedSince>
        </case>
        <case>
          <duration>8.077</duration>
          <className>TestRestPeerInterface</className>
          <testName>TestCase01.test09</testName>
          <skipped>false</skipped>
          <failedSince>0</failedSince>
        </case>
        <case>
          <duration>4.069</duration>
          <className>TestRestPeerInterface</className>
          <testName>TestCase01.test10</testName>
          <skipped>false</skipped>
          <failedSince>0</failedSince>
        </case>
      </cases>
    </suite>
    <suite>
      <file>/home/jenkins/workspace/Backend/CNE@5/test-results/TEST-cli-TestRename.xml</file>
      <name>cli.TestRename</name>
      <stdout>.................[{&apos;id&apos;: 900, &apos;model_entity_type_id&apos;: 17, &apos;fq_name&apos;: &apos;rt-class///local-probe//Application%20and%20Network%20Analysis/class-default&apos;, &apos;remote_device_probe_id&apos;: None, &apos;remote_measurement_point_id&apos;: None, &apos;created_at&apos;: &apos;2019-10-31 08:48:52.410892&apos;, &apos;updated_at&apos;: &apos;2019-10-31 08:48:56.168139&apos;, &apos;deleted&apos;: &apos;f&apos;}, {&apos;id&apos;: 904, &apos;model_entity_type_id&apos;: 25, &apos;fq_name&apos;: &apos;channel//local-probe///Capture%20Point%20B&apos;, &apos;remote_device_probe_id&apos;: None, &apos;remote_measurement_point_id&apos;: None, &apos;created_at
...[truncated 23741 chars]...
ent_point_id&apos;: None, &apos;created_at&apos;: &apos;2019-10-31 08:48:52.410892&apos;, &apos;updated_at&apos;: &apos;2019-10-31 08:48:56.168139&apos;, &apos;deleted&apos;: &apos;f&apos;}, {&apos;id&apos;: 899, &apos;model_entity_type_id&apos;: 25, &apos;fq_name&apos;: &apos;channel///local-probe//Application%20and%20Network%20Analysis&apos;, &apos;remote_device_probe_id&apos;: None, &apos;remote_measurement_point_id&apos;: None, &apos;created_at&apos;: &apos;2019-10-31 08:48:52.410892&apos;, &apos;updated_at&apos;: &apos;2019-10-31 08:48:56.168139&apos;, &apos;deleted&apos;: &apos;f&apos;}]
.Test skipped on the CorvilNet Engine
...
TestCase09.test01: Rename flow-tag-rules
.</stdout>
      <stderr></stderr>
      <duration>77.652</duration>
      <timestamp>2019-10-31T08:47:55.837148</timestamp>
      <time>77.652</time>
      <enclosingBlocks/>
      <enclosingBlockNames/>
      <cases>
        <case>
          <duration>21.538</duration>
          <className>TestRename</className>
          <testName>TestCase00.test01</testName>
          <skipped>false</skipped>
          <failedSince>0</failedSince>
        </case>
        <case>
          <duration>0.018</duration>
          <className>TestRename</className>
          <testName>TestCase01.test00</testName>
          <skipped>false</skipped>
          <failedSince>0</failedSince>
        </case>
        <case>
          <duration>1.239</duration>
          <className>TestRename</className>
          <testName>TestCase01.test01</testName>
          <skipped>false</skipped>
          <failedSince>0</failedSince>
        </case>
        <case>
          <duration>0.575</duration>
          <className>TestRename</className>
          <testName>TestCase01.test02</testName>
          <skipped>false</skipped>
          <failedSince>0</failedSince>
        </case>
        <case>
          <duration>0.106</duration>
          <className>TestRename</className>
          <testName>TestCase01.test03</testName>
          <skipped>false</skipped>
          <failedSince>0</failedSince>
        </case>
        <case>
          <duration>0.023</duration>
          <className>TestRename</className>
          <testName>TestCase01.test04</testName>
          <skipped>false</skipped>
          <failedSince>0</failedSince>
        </case>
        <case>
          <duration>0.086</duration>
          <className>TestRename</className>
          <testName>TestCase01.test05</testName>
          <skipped>false</skipped>
          <failedSince>0</failedSince>
        </case>
        <case>
          <duration>0.025</duration>
          <className>TestRename</className>
          <testName>TestCase01.test06</testName>
          <skipped>false</skipped>
          <failedSince>0</failedSince>
        </case>
        <case>
          <duration>0.077</duration>
          <className>TestRename</className>
          <testName>TestCase01.test07</testName>
          <skipped>false</skipped>
          <failedSince>0</failedSince>
        </case>
        <case>
          <duration>2.145</duration>
          <className>TestRename</className>
          <testName>TestCase01.test08</testName>
          <skipped>false</skipped>
          <failedSince>0</failedSince>
        </case>
        <case>
          <duration>3.442</duration>
          <className>TestRename</className>
          <testName>TestCase02.test01</testName>
          <skipped>false</skipped>
          <failedSince>0</failedSince>
        </case>
        <case>
          <duration>3.102</duration>
          <className>TestRename</className>
          <testName>TestCase02.test02</testName>
          <skipped>false</skipped>
          <failedSince>0</failedSince>
        </case>
        <case>
          <duration>3.485</duration>
          <className>TestRename</className>
          <testName>TestCase03.test01</testName>
          <skipped>false</skipped>
          <failedSince>0</failedSince>
        </case>
        <case>
          <duration>3.106</duration>
          <className>TestRename</className>
          <testName>TestCase04.test01</testName>
          <skipped>false</skipped>
          <failedSince>0</failedSince>
        </case>
        <case>
          <duration>2.806</duration>
          <className>TestRename</className>
          <testName>TestCase05.test01</testName>
          <skipped>false</skipped>
          <failedSince>0</failedSince>
        </case>
        <case>
          <duration>9.103</duration>
          <className>TestRename</className>
          <testName>TestCase06.test01</testName>
          <skipped>false</skipped>
          <failedSince>0</failedSince>
        </case>
        <case>
          <duration>2.753</duration>
          <className>TestRename</className>
          <testName>TestCase06.test02</testName>
          <skipped>false</skipped>
          <failedSince>0</failedSince>
        </case>
        <case>
          <duration>7.131</duration>
          <className>TestRename</className>
          <testName>TestCase06.test03</testName>
          <skipped>false</skipped>
          <failedSince>0</failedSince>
        </case>
        <case>
          <duration>0.036</duration>
          <className>TestRename</className>
          <testName>TestCase06.test04</testName>
          <skipped>false</skipped>
          <failedSince>0</failedSince>
        </case>
        <case>
          <duration>4.531</duration>
          <className>TestRename</className>
          <testName>TestCase07.test01</testName>
          <skipped>false</skipped>
          <failedSince>0</failedSince>
        </case>
        <case>
          <duration>4.939</duration>
          <className>TestRename</className>
          <testName>TestCase08.test01</testName>
          <skipped>false</skipped>
          <failedSince>0</failedSince>
        </case>
        <case>
          <duration>7.383</duration>
          <className>TestRename</className>
          <testName>TestCase09.test01</testName>
          <skipped>false</skipped>
          <failedSince>0</failedSince>
        </case>
      </cases>
    </suite>
    <suite>
      <file>/home/jenkins/workspace/Backend/CNE/test-results/TEST-cli-TestProbe.xml</file>
      <name>cli.TestProbe</name>
      <stdout>Clearing host config ...
...........false
Are you sure you want to replace your current configuration (y/n)? y
configuration file contained 1 issue
Line 51:
no order-tracking
Warning: Order tracking disabled, memory will be freed after server daemon reload



false
..Test skipped on the CorvilNet Engine
.Test test99 skipped in sandbox
.</stdout>
      <stderr></stderr>
      <duration>74.818</duration>
      <timestamp>2019-10-31T08:47:58.992328</timestamp>
      <time>74.818</time>
      <enclosingBlocks/>
      <enclosingBlockNames/>
      <cases>
        <case>
          <duration>36.732</duration>
          <className>TestProbe</className>
          <testName>TestCase01.test00</testName>
          <skipped>false</skipped>
          <failedSince>0</failedSince>
        </case>
        <case>
          <duration>0.493</duration>
          <className>TestProbe</className>
          <testName>TestCase01.test01</testName>
          <skipped>false</skipped>
          <failedSince>0</failedSince>
        </case>
        <case>
          <duration>0.479</duration>
          <className>TestProbe</className>
          <testName>TestCase01.test02</testName>
          <skipped>false</skipped>
          <failedSince>0</failedSince>
        </case>
        <case>
          <duration>0.085</duration>
          <className>TestProbe</className>
          <testName>TestCase01.test03</testName>
          <skipped>false</skipped>
          <failedSince>0</failedSince>
        </case>
        <case>
          <duration>0.678</duration>
          <className>TestProbe</className>
          <testName>TestCase01.test04</testName>
          <skipped>false</skipped>
          <failedSince>0</failedSince>
        </case>
        <case>
          <duration>0.181</duration>
          <className>TestProbe</className>
          <testName>TestCase01.test05</testName>
          <skipped>false</skipped>
          <failedSince>0</failedSince>
        </case>
        <case>
          <duration>1.75</duration>
          <className>TestProbe</className>
          <testName>TestCase01.test06</testName>
          <skipped>false</skipped>
          <failedSince>0</failedSince>
        </case>
        <case>
          <duration>0.05</duration>
          <className>TestProbe</className>
          <testName>TestCase01.test07</testName>
          <skipped>false</skipped>
          <failedSince>0</failedSince>
        </case>
        <case>
          <duration>2.804</duration>
          <className>TestProbe</className>
          <testName>TestCase01.test08</testName>
          <skipped>false</skipped>
          <failedSince>0</failedSince>
        </case>
        <case>
          <duration>14.879</duration>
          <className>TestProbe</className>
          <testName>TestCase01.test09</testName>
          <skipped>false</skipped>
          <failedSince>0</failedSince>
        </case>
        <case>
          <duration>5.971</duration>
          <className>TestProbe</className>
          <testName>TestCase01.test10</testName>
          <skipped>false</skipped>
          <failedSince>0</failedSince>
        </case>
        <case>
          <duration>8.327</duration>
          <className>TestProbe</className>
          <testName>TestCase01.test11</testName>
          <skipped>false</skipped>
          <failedSince>0</failedSince>
        </case>
        <case>
          <duration>1.954</duration>
          <className>TestProbe</className>
          <testName>TestCase01.test12</testName>
          <skipped>false</skipped>
          <failedSince>0</failedSince>
        </case>
        <case>
          <duration>0.406</duration>
          <className>TestProbe</className>
          <testName>TestCase01.test13</testName>
          <skipped>false</skipped>
          <failedSince>0</failedSince>
        </case>
        <case>
          <duration>0.027</duration>
          <className>TestProbe</className>
          <testName>TestCase01.test99</testName>
          <skipped>false</skipped>
          <failedSince>0</failedSince>
        </case>
      </cases>
    </suite>
    <suite>
      <file>/home/jenkins/workspace/Backend/CNE/test-results/TEST-rest-TestRestChannel.xml</file>
      <name>rest.TestRestChannel</name>
      <stdout>............................Doing final test
............
TestCase01.test41: Test rest interface for symmetric channels with diferent stats-map on both directions
....
TestCase01.test45: BQM-46924 check for NULL nso_map_id in rt_classes
.
TestCase01.test46: Modify channel&apos;s trace-events-use-shared-captures-flag
.
TestCase01.test47: Try to set attached-shard while trace-events-use-shared-captures is set
.
TestCase01.test48: Test semantic checks in create-channel
...........TestCase02.test11: one-
...[truncated 333 chars]...
or while removing a probe from a two probe channel
Test skipped on the CorvilNet Engine
...Test skipped on the CorvilNet Engine
..........................TestCase07.test20: Check pnqm-translate
...Test skipped on the CorvilNet Engine
.Test skipped on the CorvilNet Engine
.Test skipped on the CorvilNet Engine
..Test skipped on the CorvilNet Engine
.....Test skipped on the CorvilNet Engine
.
TestCase12.test02
.
TestCase12.test03
.
TestCase13.test01: Basic functionality of include-decode-failures
.</stdout>
      <stderr></stderr>
      <duration>352.098</duration>
      <timestamp>2019-10-31T08:43:21.405957</timestamp>
      <time>352.098</time>
      <enclosingBlocks/>
      <enclosingBlockNames/>
      <cases>
        <case>
          <duration>22.148</duration>
          <className>TestRestChannel</className>
          <testName>TestCase01.test01</testName>
          <skipped>false</skipped>
          <failedSince>0</failedSince>
        </case>
        <case>
          <duration>1.645</duration>
          <className>TestRestChannel</className>
          <testName>TestCase01.test02</testName>
          <skipped>false</skipped>
          <failedSince>0</failedSince>
        </case>
        <case>
          <duration>0.121</duration>
          <className>TestRestChannel</className>
          <testName>TestCase01.test03</testName>
          <skipped>false</skipped>
          <failedSince>0</failedSince>
        </case>
        <case>
          <duration>0.126</duration>
          <className>TestRestChannel</className>
          <testName>TestCase01.test04</testName>
          <skipped>false</skipped>
          <failedSince>0</failedSince>
        </case>
        <case>
          <duration>0.206</duration>
          <className>TestRestChannel</className>
          <testName>TestCase01.test05</testName>
          <skipped>false</skipped>
          <failedSince>0</failedSince>
        </case>
        <case>
          <duration>0.254</duration>
          <className>TestRestChannel</className>
          <testName>TestCase01.test06</testName>
          <skipped>false</skipped>
          <failedSince>0</failedSince>
        </case>
        <case>
          <duration>0.09</duration>
          <className>TestRestChannel</className>
          <testName>TestCase01.test07</testName>
          <skipped>false</skipped>
          <failedSince>0</failedSince>
        </case>
        <case>
          <duration>0.261</duration>
          <className>TestRestChannel</className>
          <testName>TestCase01.test08</testName>
          <skipped>false</skipped>
          <failedSince>0</failedSince>
        </case>
        <case>
          <duration>0.17</duration>
          <className>TestRestChannel</className>
          <testName>TestCase01.test09</testName>
          <skipped>false</skipped>
          <failedSince>0</failedSince>
        </case>
        <case>
          <duration>0.108</duration>
          <className>TestRestChannel</className>
          <testName>TestCase01.test10</testName>
          <skipped>false</skipped>
          <failedSince>0</failedSince>
        </case>
        <case>
          <duration>1.531</duration>
          <className>TestRestChannel</className>
          <testName>TestCase01.test11</testName>
          <skipped>false</skipped>
          <failedSince>0</failedSince>
        </case>
        <case>
          <duration>0.272</duration>
          <className>TestRestChannel</className>
          <testName>TestCase01.test12</testName>
          <skipped>false</skipped>
          <failedSince>0</failedSince>
        </case>
        <case>
          <duration>2.261</duration>
          <className>TestRestChannel</className>
          <testName>TestCase01.test13</testName>
          <skipped>false</skipped>
          <failedSince>0</failedSince>
        </case>
        <case>
          <duration>0.241</duration>
          <className>TestRestChannel</className>
          <testName>TestCase01.test14</testName>
          <skipped>false</skipped>
          <failedSince>0</failedSince>
        </case>
        <case>
          <duration>0.092</duration>
          <className>TestRestChannel</className>
          <testName>TestCase01.test15</testName>
          <skipped>false</skipped>
          <failedSince>0</failedSince>
        </case>
        <case>
          <duration>14.707</duration>
          <className>TestRestChannel</className>
          <testName>TestCase01.test16</testName>
          <skipped>false</skipped>
          <failedSince>0</failedSince>
        </case>
        <case>
          <duration>0.226</duration>
          <className>TestRestChannel</className>
          <testName>TestCase01.test17</testName>
          <skipped>false</skipped>
          <failedSince>0</failedSince>
        </case>
        <case>
          <duration>0.091</duration>
          <className>TestRestChannel</className>
          <testName>TestCase01.test18</testName>
          <skipped>false</skipped>
          <failedSince>0</failedSince>
        </case>
        <case>
          <duration>0.609</duration>
          <className>TestRestChannel</className>
          <testName>TestCase01.test19</testName>
          <skipped>false</skipped>
          <failedSince>0</failedSince>
        </case>
        <case>
          <duration>0.286</duration>
          <className>TestRestChannel</className>
          <testName>TestCase01.test20</testName>
          <skipped>false</skipped>
          <failedSince>0</failedSince>
        </case>
        <case>
          <duration>0.159</duration>
          <className>TestRestChannel</className>
          <testName>TestCase01.test21</testName>
          <skipped>false</skipped>
          <failedSince>0</failedSince>
        </case>
        <case>
          <duration>2.007</duration>
          <className>TestRestChannel</className>
          <testName>TestCase01.test22</testName>
          <skipped>false</skipped>
          <failedSince>0</failedSince>
        </case>
        <case>
          <duration>2.917</duration>
          <className>TestRestChannel</className>
          <testName>TestCase01.test23</testName>
          <skipped>false</skipped>
          <failedSince>0</failedSince>
        </case>
        <case>
          <duration>1.065</duration>
          <className>TestRestChannel</className>
          <testName>TestCase01.test24</testName>
          <skipped>false</skipped>
          <failedSince>0</failedSince>
        </case>
        <case>
          <duration>2.364</duration>
          <className>TestRestChannel</className>
          <testName>TestCase01.test25</testName>
          <skipped>false</skipped>
          <failedSince>0</failedSince>
        </case>
        <case>
          <duration>1.714</duration>
          <className>TestRestChannel</className>
          <testName>TestCase01.test26</testName>
          <skipped>false</skipped>
          <failedSince>0</failedSince>
        </case>
        <case>
          <duration>2.757</duration>
          <className>TestRestChannel</className>
          <testName>TestCase01.test27</testName>
          <skipped>false</skipped>
          <failedSince>0</failedSince>
        </case>
        <case>
          <duration>0.403</duration>
          <className>TestRestChannel</className>
          <testName>TestCase01.test28</testName>
          <skipped>false</skipped>
          <failedSince>0</failedSince>
        </case>
        <case>
          <duration>0.224</duration>
          <className>TestRestChannel</className>
          <testName>TestCase01.test29</testName>
          <skipped>false</skipped>
          <failedSince>0</failedSince>
        </case>
        <case>
          <duration>2.057</duration>
          <className>TestRestChannel</className>
          <testName>TestCase01.test30</testName>
          <skipped>false</skipped>
          <failedSince>0</failedSince>
        </case>
        <case>
          <duration>0.109</duration>
          <className>TestRestChannel</className>
          <testName>TestCase01.test31</testName>
          <skipped>false</skipped>
          <failedSince>0</failedSince>
        </case>
        <case>
          <duration>0.061</duration>
          <className>TestRestChannel</className>
          <testName>TestCase01.test32</testName>
          <skipped>false</skipped>
          <failedSince>0</failedSince>
        </case>
        <case>
          <duration>6.623</duration>
          <className>TestRestChannel</className>
          <testName>TestCase01.test33</testName>
          <skipped>false</skipped>
          <failedSince>0</failedSince>
        </case>
        <case>
          <duration>5.725</duration>
          <className>TestRestChannel</className>
          <testName>TestCase01.test34</testName>
          <skipped>false</skipped>
          <failedSince>0</failedSince>
        </case>
        <case>
          <duration>8.987</duration>
          <className>TestRestChannel</className>
          <testName>TestCase01.test35</testName>
          <skipped>false</skipped>
          <failedSince>0</failedSince>
        </case>
        <case>
          <duration>5.581</duration>
          <className>TestRestChannel</className>
          <testName>TestCase01.test36</testName>
          <skipped>false</skipped>
          <failedSince>0</failedSince>
        </case>
        <case>
          <duration>5.327</duration>
          <className>TestRestChannel</className>
          <testName>TestCase01.test37</testName>
          <skipped>false</skipped>
          <failedSince>0</failedSince>
        </case>
        <case>
          <duration>0.176</duration>
          <className>TestRestChannel</className>
          <testName>TestCase01.test38</testName>
          <skipped>false</skipped>
          <failedSince>0</failedSince>
        </case>
        <case>
          <duration>0.048</duration>
          <className>TestRestChannel</className>
          <testName>TestCase01.test39</testName>
          <skipped>false</skipped>
          <failedSince>0</failedSince>
        </case>
        <case>
          <duration>1.983</duration>
          <className>TestRestChannel</className>
          <testName>TestCase01.test40</testName>
          <skipped>false</skipped>
          <failedSince>0</failedSince>
        </case>
        <case>
          <duration>0.37</duration>
          <className>TestRestChannel</className>
          <testName>TestCase01.test41</testName>
          <skipped>false</skipped>
          <failedSince>0</failedSince>
        </case>
        <case>
          <duration>1.785</duration>
          <className>TestRestChannel</className>
          <testName>TestCase01.test42</testName>
          <skipped>false</skipped>
          <failedSince>0</failedSince>
        </case>
        <case>
          <duration>3.922</duration>
          <className>TestRestChannel</className>
          <testName>TestCase01.test43</testName>
          <skipped>false</skipped>
          <failedSince>0</failedSince>
        </case>
        <case>
          <duration>1.978</duration>
          <className>TestRestChannel</className>
          <testName>TestCase01.test44</testName>
          <skipped>false</skipped>
          <failedSince>0</failedSince>
        </case>
        <case>
          <duration>10.915</duration>
          <className>TestRestChannel</className>
          <testName>TestCase01.test45</testName>
          <skipped>false</skipped>
          <failedSince>0</failedSince>
        </case>
        <case>
          <duration>0.085</duration>
          <className>TestRestChannel</className>
          <testName>TestCase01.test46</testName>
          <skipped>false</skipped>
          <failedSince>0</failedSince>
        </case>
        <case>
          <duration>0.036</duration>
          <className>TestRestChannel</className>
          <testName>TestCase01.test47</testName>
          <skipped>false</skipped>
          <failedSince>0</failedSince>
        </case>
        <case>
          <duration>0.009</duration>
          <className>TestRestChannel</className>
          <testName>TestCase01.test48</testName>
          <skipped>false</skipped>
          <failedSince>0</failedSince>
        </case>
        <case>
          <duration>4.895</duration>
          <className>TestRestChannel</className>
          <testName>TestCase02.test01</testName>
          <skipped>false</skipped>
          <failedSince>0</failedSince>
        </case>
        <case>
          <duration>0.699</duration>
          <className>TestRestChannel</className>
          <testName>TestCase02.test02</testName>
          <skipped>false</skipped>
          <failedSince>0</failedSince>
        </case>
        <case>
          <duration>0.126</duration>
          <className>TestRestChannel</className>
          <testName>TestCase02.test03</testName>
          <skipped>false</skipped>
          <failedSince>0</failedSince>
        </case>
        <case>
          <duration>0.078</duration>
          <className>TestRestChannel</className>
          <testName>TestCase02.test04</testName>
          <skipped>false</skipped>
          <failedSince>0</failedSince>
        </case>
        <case>
          <duration>0.192</duration>
          <className>TestRestChannel</className>
          <testName>TestCase02.test05</testName>
          <skipped>false</skipped>
          <failedSince>0</failedSince>
        </case>
        <case>
          <duration>1.387</duration>
          <className>TestRestChannel</className>
          <testName>TestCase02.test06</testName>
          <skipped>false</skipped>
          <failedSince>0</failedSince>
        </case>
        <case>
          <duration>4.485</duration>
          <className>TestRestChannel</className>
          <testName>TestCase02.test07</testName>
          <skipped>false</skipped>
          <failedSince>0</failedSince>
        </case>
        <case>
          <duration>1.16</duration>
          <className>TestRestChannel</className>
          <testName>TestCase02.test08</testName>
          <skipped>false</skipped>
          <failedSince>0</failedSince>
        </case>
        <case>
          <duration>0.216</duration>
          <className>TestRestChannel</className>
          <testName>TestCase02.test09</testName>
          <skipped>false</skipped>
          <failedSince>0</failedSince>
        </case>
        <case>
          <duration>0.61</duration>
          <className>TestRestChannel</className>
          <testName>TestCase02.test10</testName>
          <skipped>false</skipped>
          <failedSince>0</failedSince>
        </case>
        <case>
          <duration>0.305</duration>
          <className>TestRestChannel</className>
          <testName>TestCase02.test11</testName>
          <skipped>false</skipped>
          <failedSince>0</failedSince>
        </case>
        <case>
          <duration>0.03</duration>
          <className>TestRestChannel</className>
          <testName>TestCase02.test12</testName>
          <skipped>false</skipped>
          <failedSince>0</failedSince>
        </case>
        <case>
          <duration>4.647</duration>
          <className>TestRestChannel</className>
          <testName>TestCase02.test13</testName>
          <skipped>false</skipped>
          <failedSince>0</failedSince>
        </case>
        <case>
          <duration>0.518</duration>
          <className>TestRestChannel</className>
          <testName>TestCase02.test14</testName>
          <skipped>false</skipped>
          <failedSince>0</failedSince>
        </case>
        <case>
          <duration>3.126</duration>
          <className>TestRestChannel</className>
          <testName>TestCase03.test01</testName>
          <skipped>false</skipped>
          <failedSince>0</failedSince>
        </case>
        <case>
          <duration>0.207</duration>
          <className>TestRestChannel</className>
          <testName>TestCase03.test02</testName>
          <skipped>false</skipped>
          <failedSince>0</failedSince>
        </case>
        <case>
          <duration>0.021</duration>
          <className>TestRestChannel</className>
          <testName>TestCase03.test03</testName>
          <skipped>false</skipped>
          <failedSince>0</failedSince>
        </case>
        <case>
          <duration>0.012</duration>
          <className>TestRestChannel</className>
          <testName>TestCase03.test04</testName>
          <skipped>false</skipped>
          <failedSince>0</failedSince>
        </case>
        <case>
          <duration>0.014</duration>
          <className>TestRestChannel</className>
          <testName>TestCase03.test05</testName>
          <skipped>false</skipped>
          <failedSince>0</failedSince>
        </case>
        <case>
          <duration>0.013</duration>
          <className>TestRestChannel</className>
          <testName>TestCase03.test06</testName>
          <skipped>false</skipped>
          <failedSince>0</failedSince>
        </case>
        <case>
          <duration>0.392</duration>
          <className>TestRestChannel</className>
          <testName>TestCase03.test07</testName>
          <skipped>false</skipped>
          <failedSince>0</failedSince>
        </case>
        <case>
          <duration>0.112</duration>
          <className>TestRestChannel</className>
          <testName>TestCase03.test08</testName>
          <skipped>false</skipped>
          <failedSince>0</failedSince>
        </case>
        <case>
          <duration>0.687</duration>
          <className>TestRestChannel</className>
          <testName>TestCase03.test09</testName>
          <skipped>false</skipped>
          <failedSince>0</failedSince>
        </case>
        <case>
          <duration>0.095</duration>
          <className>TestRestChannel</className>
          <testName>TestCase03.test10</testName>
          <skipped>false</skipped>
          <failedSince>0</failedSince>
        </case>
        <case>
          <duration>5.692</duration>
          <className>TestRestChannel</className>
          <testName>TestCase04.test01</testName>
          <skipped>false</skipped>
          <failedSince>0</failedSince>
        </case>
        <case>
          <duration>0.091</duration>
          <className>TestRestChannel</className>
          <testName>TestCase04.test02</testName>
          <skipped>false</skipped>
          <failedSince>0</failedSince>
        </case>
        <case>
          <duration>2.624</duration>
          <className>TestRestChannel</className>
          <testName>TestCase05.test01</testName>
          <skipped>false</skipped>
          <failedSince>0</failedSince>
        </case>
        <case>
          <duration>0.218</duration>
          <className>TestRestChannel</className>
          <testName>TestCase05.test02</testName>
          <skipped>false</skipped>
          <failedSince>0</failedSince>
        </case>
        <case>
          <duration>3.264</duration>
          <className>TestRestChannel</className>
          <testName>TestCase06.test01</testName>
          <skipped>false</skipped>
          <failedSince>0</failedSince>
        </case>
        <case>
          <duration>2.108</duration>
          <className>TestRestChannel</className>
          <testName>TestCase07.test01</testName>
          <skipped>false</skipped>
          <failedSince>0</failedSince>
        </case>
        <case>
          <duration>0.045</duration>
          <className>TestRestChannel</className>
          <testName>TestCase07.test02</testName>
          <skipped>false</skipped>
          <failedSince>0</failedSince>
        </case>
        <case>
          <duration>0.04</duration>
          <className>TestRestChannel</className>
          <testName>TestCase07.test03</testName>
          <skipped>false</skipped>
          <failedSince>0</failedSince>
        </case>
        <case>
          <duration>0.226</duration>
          <className>TestRestChannel</className>
          <testName>TestCase07.test04</testName>
          <skipped>false</skipped>
          <failedSince>0</failedSince>
        </case>
        <case>
          <duration>4.616</duration>
          <className>TestRestChannel</className>
          <testName>TestCase07.test05</testName>
          <skipped>false</skipped>
          <failedSince>0</failedSince>
        </case>
        <case>
          <duration>0.624</duration>
          <className>TestRestChannel</className>
          <testName>TestCase07.test06</testName>
          <skipped>false</skipped>
          <failedSince>0</failedSince>
        </case>
        <case>
          <duration>4.49</duration>
          <className>TestRestChannel</className>
          <testName>TestCase07.test07</testName>
          <skipped>false</skipped>
          <failedSince>0</failedSince>
        </case>
        <case>
          <duration>2.165</duration>
          <className>TestRestChannel</className>
          <testName>TestCase07.test08</testName>
          <skipped>false</skipped>
          <failedSince>0</failedSince>
        </case>
        <case>
          <duration>11.558</duration>
          <className>TestRestChannel</className>
          <testName>TestCase07.test09</testName>
          <skipped>false</skipped>
          <failedSince>0</failedSince>
        </case>
        <case>
          <duration>55.368</duration>
          <className>TestRestChannel</className>
          <testName>TestCase07.test10</testName>
          <skipped>false</skipped>
          <failedSince>0</failedSince>
        </case>
        <case>
          <duration>4.74</duration>
          <className>TestRestChannel</className>
          <testName>TestCase07.test11</testName>
          <skipped>false</skipped>
          <failedSince>0</failedSince>
        </case>
        <case>
          <duration>2.652</duration>
          <className>TestRestChannel</className>
          <testName>TestCase07.test12</testName>
          <skipped>false</skipped>
          <failedSince>0</failedSince>
        </case>
        <case>
          <duration>4.904</duration>
          <className>TestRestChannel</className>
          <testName>TestCase07.test13</testName>
          <skipped>false</skipped>
          <failedSince>0</failedSince>
        </case>
        <case>
          <duration>6.62</duration>
          <className>TestRestChannel</className>
          <testName>TestCase07.test14</testName>
          <skipped>false</skipped>
          <failedSince>0</failedSince>
        </case>
        <case>
          <duration>7.821</duration>
          <className>TestRestChannel</className>
          <testName>TestCase07.test15</testName>
          <skipped>false</skipped>
          <failedSince>0</failedSince>
        </case>
        <case>
          <duration>0.811</duration>
          <className>TestRestChannel</className>
          <testName>TestCase07.test16</testName>
          <skipped>false</skipped>
          <failedSince>0</failedSince>
        </case>
        <case>
          <duration>3.311</duration>
          <className>TestRestChannel</className>
          <testName>TestCase07.test17</testName>
          <skipped>false</skipped>
          <failedSince>0</failedSince>
        </case>
        <case>
          <duration>3.745</duration>
          <className>TestRestChannel</className>
          <testName>TestCase07.test18</testName>
          <skipped>false</skipped>
          <failedSince>0</failedSince>
        </case>
        <case>
          <duration>3.886</duration>
          <className>TestRestChannel</className>
          <testName>TestCase07.test19</testName>
          <skipped>false</skipped>
          <failedSince>0</failedSince>
        </case>
        <case>
          <duration>14.519</duration>
          <className>TestRestChannel</className>
          <testName>TestCase07.test20</testName>
          <skipped>false</skipped>
          <failedSince>0</failedSince>
        </case>
        <case>
          <duration>32.642</duration>
          <className>TestRestChannel</className>
          <testName>TestCase07.test21</testName>
          <skipped>false</skipped>
          <failedSince>0</failedSince>
        </case>
        <case>
          <duration>6.692</duration>
          <className>TestRestChannel</className>
          <testName>TestCase08.test01</testName>
          <skipped>false</skipped>
          <failedSince>0</failedSince>
        </case>
        <case>
          <duration>1.938</duration>
          <className>TestRestChannel</className>
          <testName>TestCase09.test01</testName>
          <skipped>false</skipped>
          <failedSince>0</failedSince>
        </case>
        <case>
          <duration>0.013</duration>
          <className>TestRestChannel</className>
          <testName>TestCase09.test02</testName>
          <skipped>false</skipped>
          <failedSince>0</failedSince>
        </case>
        <case>
          <duration>0.013</duration>
          <className>TestRestChannel</className>
          <testName>TestCase09.test03</testName>
          <skipped>false</skipped>
          <failedSince>0</failedSince>
        </case>
        <case>
          <duration>2.019</duration>
          <className>TestRestChannel</className>
          <testName>TestCase10.test01</testName>
          <skipped>false</skipped>
          <failedSince>0</failedSince>
        </case>
        <case>
          <duration>0.013</duration>
          <className>TestRestChannel</className>
          <testName>TestCase10.test02</testName>
          <skipped>false</skipped>
          <failedSince>0</failedSince>
        </case>
        <case>
          <duration>2.116</duration>
          <className>TestRestChannel</className>
          <testName>TestCase10.test03</testName>
          <skipped>false</skipped>
          <failedSince>0</failedSince>
        </case>
        <case>
          <duration>6.026</duration>
          <className>TestRestChannel</className>
          <testName>TestCase11.test01</testName>
          <skipped>false</skipped>
          <failedSince>0</failedSince>
        </case>
        <case>
          <duration>0.793</duration>
          <className>TestRestChannel</className>
          <testName>TestCase11.test02</testName>
          <skipped>false</skipped>
          <failedSince>0</failedSince>
        </case>
        <case>
          <duration>2.015</duration>
          <className>TestRestChannel</className>
          <testName>TestCase11.test03</testName>
          <skipped>false</skipped>
          <failedSince>0</failedSince>
        </case>
        <case>
          <duration>1.18</duration>
          <className>TestRestChannel</className>
          <testName>TestCase12.test01</testName>
          <skipped>false</skipped>
          <failedSince>0</failedSince>
        </case>
        <case>
          <duration>1.601</duration>
          <className>TestRestChannel</className>
          <testName>TestCase12.test02</testName>
          <skipped>false</skipped>
          <failedSince>0</failedSince>
        </case>
        <case>
          <duration>3.734</duration>
          <className>TestRestChannel</className>
          <testName>TestCase12.test03</testName>
          <skipped>false</skipped>
          <failedSince>0</failedSince>
        </case>
        <case>
          <duration>6.292</duration>
          <className>TestRestChannel</className>
          <testName>TestCase13.test01</testName>
          <skipped>false</skipped>
          <failedSince>0</failedSince>
        </case>
      </cases>
    </suite>
    <suite>
      <file>/home/jenkins/workspace/Backend/CNE@2/test-results/TEST-cli-TestCustomDashboard.xml</file>
      <name>cli.TestCustomDashboard</name>
      <stdout>...............</stdout>
      <stderr></stderr>
      <duration>25.549</duration>
      <timestamp>2019-10-31T08:48:52.554061</timestamp>
      <time>25.549</time>
      <enclosingBlocks/>
      <enclosingBlockNames/>
      <cases>
        <case>
          <duration>19.953</duration>
          <className>TestCustomDashboard</className>
          <testName>TestCase01.test01</testName>
          <skipped>false</skipped>
          <failedSince>0</failedSince>
        </case>
        <case>
          <duration>0.065</duration>
          <className>TestCustomDashboard</className>
          <testName>TestCase01.test02</testName>
          <skipped>false</skipped>
          <failedSince>0</failedSince>
        </case>
        <case>
          <duration>0.017</duration>
          <className>TestCustomDashboard</className>
          <testName>TestCase01.test03</testName>
          <skipped>false</skipped>
          <failedSince>0</failedSince>
        </case>
        <case>
          <duration>0.04</duration>
          <className>TestCustomDashboard</className>
          <testName>TestCase01.test04</testName>
          <skipped>false</skipped>
          <failedSince>0</failedSince>
        </case>
        <case>
          <duration>0.039</duration>
          <className>TestCustomDashboard</className>
          <testName>TestCase01.test05</testName>
          <skipped>false</skipped>
          <failedSince>0</failedSince>
        </case>
        <case>
          <duration>0.125</duration>
          <className>TestCustomDashboard</className>
          <testName>TestCase01.test06</testName>
          <skipped>false</skipped>
          <failedSince>0</failedSince>
        </case>
        <case>
          <duration>0.033</duration>
          <className>TestCustomDashboard</className>
          <testName>TestCase01.test07</testName>
          <skipped>false</skipped>
          <failedSince>0</failedSince>
        </case>
        <case>
          <duration>0.034</duration>
          <className>TestCustomDashboard</className>
          <testName>TestCase01.test08</testName>
          <skipped>false</skipped>
          <failedSince>0</failedSince>
        </case>
        <case>
          <duration>0.074</duration>
          <className>TestCustomDashboard</className>
          <testName>TestCase01.test09</testName>
          <skipped>false</skipped>
          <failedSince>0</failedSince>
        </case>
        <case>
          <duration>0.079</duration>
          <className>TestCustomDashboard</className>
          <testName>TestCase01.test10</testName>
          <skipped>false</skipped>
          <failedSince>0</failedSince>
        </case>
        <case>
          <duration>0.126</duration>
          <className>TestCustomDashboard</className>
          <testName>TestCase01.test11</testName>
          <skipped>false</skipped>
          <failedSince>0</failedSince>
        </case>
        <case>
          <duration>0.057</duration>
          <className>TestCustomDashboard</className>
          <testName>TestCase01.test12</testName>
          <skipped>false</skipped>
          <failedSince>0</failedSince>
        </case>
        <case>
          <duration>0.042</duration>
          <className>TestCustomDashboard</className>
          <testName>TestCase01.test13</testName>
          <skipped>false</skipped>
          <failedSince>0</failedSince>
        </case>
        <case>
          <duration>3.15</duration>
          <className>TestCustomDashboard</className>
          <testName>TestCase02.test01</testName>
          <skipped>false</skipped>
          <failedSince>0</failedSince>
        </case>
        <case>
          <duration>1.713</duration>
          <className>TestCustomDashboard</className>
          <testName>TestCase02.test02</testName>
          <skipped>false</skipped>
          <failedSince>0</failedSince>
        </case>
      </cases>
    </suite>
    <suite>
      <file>/home/jenkins/workspace/Backend/CNE@6/test-results/TEST-rest-TestRestSite.xml</file>
      <name>rest.TestRestSite</name>
      <stdout>........................</stdout>
      <stderr></stderr>
      <duration>43.037</duration>
      <timestamp>2019-10-31T08:48:36.908802</timestamp>
      <time>43.037</time>
      <enclosingBlocks/>
      <enclosingBlockNames/>
      <cases>
        <case>
          <duration>17.283</duration>
          <className>TestRestSite</className>
          <testName>TestCase01.test01</testName>
          <skipped>false</skipped>
          <failedSince>0</failedSince>
        </case>
        <case>
          <duration>0.053</duration>
          <className>TestRestSite</className>
          <testName>TestCase01.test02</testName>
          <skipped>false</skipped>
          <failedSince>0</failedSince>
        </case>
        <case>
          <duration>0.079</duration>
          <className>TestRestSite</className>
          <testName>TestCase01.test03</testName>
          <skipped>false</skipped>
          <failedSince>0</failedSince>
        </case>
        <case>
          <duration>0.074</duration>
          <className>TestRestSite</className>
          <testName>TestCase01.test04</testName>
          <skipped>false</skipped>
          <failedSince>0</failedSince>
        </case>
        <case>
          <duration>0.066</duration>
          <className>TestRestSite</className>
          <testName>TestCase01.test05</testName>
          <skipped>false</skipped>
          <failedSince>0</failedSince>
        </case>
        <case>
          <duration>0.103</duration>
          <className>TestRestSite</className>
          <testName>TestCase01.test06</testName>
          <skipped>false</skipped>
          <failedSince>0</failedSince>
        </case>
        <case>
          <duration>2.552</duration>
          <className>TestRestSite</className>
          <testName>TestCase01.test07</testName>
          <skipped>false</skipped>
          <failedSince>0</failedSince>
        </case>
        <case>
          <duration>3.534</duration>
          <className>TestRestSite</className>
          <testName>TestCase01.test10</testName>
          <skipped>false</skipped>
          <failedSince>0</failedSince>
        </case>
        <case>
          <duration>0.569</duration>
          <className>TestRestSite</className>
          <testName>TestCase01.test13</testName>
          <skipped>false</skipped>
          <failedSince>0</failedSince>
        </case>
        <case>
          <duration>0.069</duration>
          <className>TestRestSite</className>
          <testName>TestCase01.test15</testName>
          <skipped>false</skipped>
          <failedSince>0</failedSince>
        </case>
        <case>
          <duration>0.109</duration>
          <className>TestRestSite</className>
          <testName>TestCase01.test16</testName>
          <skipped>false</skipped>
          <failedSince>0</failedSince>
        </case>
        <case>
          <duration>0.033</duration>
          <className>TestRestSite</className>
          <testName>TestCase01.test17</testName>
          <skipped>false</skipped>
          <failedSince>0</failedSince>
        </case>
        <case>
          <duration>0.57</duration>
          <className>TestRestSite</className>
          <testName>TestCase01.test18</testName>
          <skipped>false</skipped>
          <failedSince>0</failedSince>
        </case>
        <case>
          <duration>1.347</duration>
          <className>TestRestSite</className>
          <testName>TestCase01.test19</testName>
          <skipped>false</skipped>
          <failedSince>0</failedSince>
        </case>
        <case>
          <duration>4.184</duration>
          <className>TestRestSite</className>
          <testName>TestCase01.test20</testName>
          <skipped>false</skipped>
          <failedSince>0</failedSince>
        </case>
        <case>
          <duration>1.544</duration>
          <className>TestRestSite</className>
          <testName>TestCase01.test21</testName>
          <skipped>false</skipped>
          <failedSince>0</failedSince>
        </case>
        <case>
          <duration>1.341</duration>
          <className>TestRestSite</className>
          <testName>TestCase01.test22</testName>
          <skipped>false</skipped>
          <failedSince>0</failedSince>
        </case>
        <case>
          <duration>1.035</duration>
          <className>TestRestSite</className>
          <testName>TestCase01.test23</testName>
          <skipped>false</skipped>
          <failedSince>0</failedSince>
        </case>
        <case>
          <duration>3.712</duration>
          <className>TestRestSite</className>
          <testName>TestCase01.test24</testName>
          <skipped>false</skipped>
          <failedSince>0</failedSince>
        </case>
        <case>
          <duration>3.496</duration>
          <className>TestRestSite</className>
          <testName>TestCase01.test25</testName>
          <skipped>false</skipped>
          <failedSince>0</failedSince>
        </case>
        <case>
          <duration>1.17</duration>
          <className>TestRestSite</className>
          <testName>TestCase01.test26</testName>
          <skipped>false</skipped>
          <failedSince>0</failedSince>
        </case>
        <case>
          <duration>0.072</duration>
          <className>TestRestSite</className>
          <testName>TestCase01.test27</testName>
          <skipped>false</skipped>
          <failedSince>0</failedSince>
        </case>
        <case>
          <duration>0.039</duration>
          <className>TestRestSite</className>
          <testName>TestCase01.test28</testName>
          <skipped>false</skipped>
          <failedSince>0</failedSince>
        </case>
        <case>
          <duration>0.0</duration>
          <className>TestRestSite</className>
          <testName>TestCase01.test29</testName>
          <skipped>false</skipped>
          <failedSince>0</failedSince>
        </case>
      </cases>
    </suite>
    <suite>
      <file>/home/jenkins/workspace/Backend/CNE/test-results/TEST-rest-TestRestLogging.xml</file>
      <name>rest.TestRestLogging</name>
      <stdout>......Test test07 skipped in sandbox
...</stdout>
      <stderr></stderr>
      <duration>24.254</duration>
      <timestamp>2019-10-31T08:48:56.254527</timestamp>
      <time>24.254</time>
      <enclosingBlocks/>
      <enclosingBlockNames/>
      <cases>
        <case>
          <duration>18.261</duration>
          <className>TestRestLogging</className>
          <testName>TestCase01.test01</testName>
          <skipped>false</skipped>
          <failedSince>0</failedSince>
        </case>
        <case>
          <duration>0.0</duration>
          <className>TestRestLogging</className>
          <testName>TestCase01.test02</testName>
          <skipped>false</skipped>
          <failedSince>0</failedSince>
        </case>
        <case>
          <duration>0.0</duration>
          <className>TestRestLogging</className>
          <testName>TestCase01.test03</testName>
          <skipped>false</skipped>
          <failedSince>0</failedSince>
        </case>
        <case>
          <duration>0.0</duration>
          <className>TestRestLogging</className>
          <testName>TestCase01.test04</testName>
          <skipped>false</skipped>
          <failedSince>0</failedSince>
        </case>
        <case>
          <duration>0.0</duration>
          <className>TestRestLogging</className>
          <testName>TestCase01.test05</testName>
          <skipped>false</skipped>
          <failedSince>0</failedSince>
        </case>
        <case>
          <duration>0.0</duration>
          <className>TestRestLogging</className>
          <testName>TestCase01.test06</testName>
          <skipped>false</skipped>
          <failedSince>0</failedSince>
        </case>
        <case>
          <duration>0.0</duration>
          <className>TestRestLogging</className>
          <testName>TestCase01.test07</testName>
          <skipped>false</skipped>
          <failedSince>0</failedSince>
        </case>
        <case>
          <duration>5.992</duration>
          <className>TestRestLogging</className>
          <testName>TestCase01.test08</testName>
          <skipped>false</skipped>
          <failedSince>0</failedSince>
        </case>
        <case>
          <duration>0.0</duration>
          <className>TestRestLogging</className>
          <testName>TestCase01.test09</testName>
          <skipped>false</skipped>
          <failedSince>0</failedSince>
        </case>
      </cases>
    </suite>
    <suite>
      <file>/home/jenkins/workspace/Backend/CNE@2/test-results/TEST-rest-TestRestIpWatchlist.xml</file>
      <name>rest.TestRestIpWatchlist</name>
      <stdout>
TestCase01.test01: Create &apos;watchlist&apos; objects
.
TestCase01.test02: Modify &apos;watchlist&apos; objects
.
TestCase01.test03: Delete &apos;watchlist&apos; objects
.
TestCase01.test04: Limit number of &apos;watchlist&apos; objects
.
TestCase01.test05: Limit length of the watchlist name and check illegal characters
.
TestCase01.test06: Test ip-field attributes
.
TestCase01.test07: Test file-format attribute
.
TestCase01.test08: Test metadata-field attributes
.
TestCase02.test01: Test IP watchlist details retrieved using the RE
...[truncated 5 chars]...
terface call GET
.
TestCase02.test02: Test PUT to trigger reload of IP watchlists
.
TestCase02.test03: Roundtrip test for PUT to write and reload IP watchlist to/from a dump file and basic test for the binary streaming REST interface.
.
TestCase02.test04: BQM-44212 avoid deadlocks in the REST layer when multiple clients need to lock QosRuntimeGuard. BQM-54088 deadlock when watchlist is being updated too frequently.
.
TestCase02.test05: BQM-45390 populate watchlist limits in /inner/systemparams
.</stdout>
      <stderr></stderr>
      <duration>128.74</duration>
      <timestamp>2019-10-31T08:47:11.340760</timestamp>
      <time>128.740</time>
      <enclosingBlocks/>
      <enclosingBlockNames/>
      <cases>
        <case>
          <duration>52.565</duration>
          <className>TestRestIpWatchlist</className>
          <testName>TestCase01.test01</testName>
          <skipped>false</skipped>
          <failedSince>0</failedSince>
        </case>
        <case>
          <duration>11.446</duration>
          <className>TestRestIpWatchlist</className>
          <testName>TestCase01.test02</testName>
          <skipped>false</skipped>
          <failedSince>0</failedSince>
        </case>
        <case>
          <duration>8.669</duration>
          <className>TestRestIpWatchlist</className>
          <testName>TestCase01.test03</testName>
          <skipped>false</skipped>
          <failedSince>0</failedSince>
        </case>
        <case>
          <duration>7.138</duration>
          <className>TestRestIpWatchlist</className>
          <testName>TestCase01.test04</testName>
          <skipped>false</skipped>
          <failedSince>0</failedSince>
        </case>
        <case>
          <duration>1.089</duration>
          <className>TestRestIpWatchlist</className>
          <testName>TestCase01.test05</testName>
          <skipped>false</skipped>
          <failedSince>0</failedSince>
        </case>
        <case>
          <duration>1.994</duration>
          <className>TestRestIpWatchlist</className>
          <testName>TestCase01.test06</testName>
          <skipped>false</skipped>
          <failedSince>0</failedSince>
        </case>
        <case>
          <duration>1.704</duration>
          <className>TestRestIpWatchlist</className>
          <testName>TestCase01.test07</testName>
          <skipped>false</skipped>
          <failedSince>0</failedSince>
        </case>
        <case>
          <duration>1.359</duration>
          <className>TestRestIpWatchlist</className>
          <testName>TestCase01.test08</testName>
          <skipped>false</skipped>
          <failedSince>0</failedSince>
        </case>
        <case>
          <duration>10.638</duration>
          <className>TestRestIpWatchlist</className>
          <testName>TestCase02.test01</testName>
          <skipped>false</skipped>
          <failedSince>0</failedSince>
        </case>
        <case>
          <duration>6.484</duration>
          <className>TestRestIpWatchlist</className>
          <testName>TestCase02.test02</testName>
          <skipped>false</skipped>
          <failedSince>0</failedSince>
        </case>
        <case>
          <duration>5.529</duration>
          <className>TestRestIpWatchlist</className>
          <testName>TestCase02.test03</testName>
          <skipped>false</skipped>
          <failedSince>0</failedSince>
        </case>
        <case>
          <duration>20.118</duration>
          <className>TestRestIpWatchlist</className>
          <testName>TestCase02.test04</testName>
          <skipped>false</skipped>
          <failedSince>0</failedSince>
        </case>
        <case>
          <duration>0.005</duration>
          <className>TestRestIpWatchlist</className>
          <testName>TestCase02.test05</testName>
          <skipped>false</skipped>
          <failedSince>0</failedSince>
        </case>
      </cases>
    </suite>
    <suite>
      <file>/home/jenkins/workspace/Backend/CNE@12/test-results/TEST-cli-TestDelete.xml</file>
      <name>cli.TestDelete</name>
      <stdout>.....Test test01 skipped in sandbox
.............
TestCase05.test01_removing_config_files: Test if deletion of Action Framework packages removes also configuration files
.</stdout>
      <stderr></stderr>
      <duration>24.9</duration>
      <timestamp>2019-10-31T08:48:55.143458</timestamp>
      <time>24.900</time>
      <enclosingBlocks/>
      <enclosingBlockNames/>
      <cases>
        <case>
          <duration>16.373</duration>
          <className>TestDelete</className>
          <testName>TestCase01.test01</testName>
          <skipped>false</skipped>
          <failedSince>0</failedSince>
        </case>
        <case>
          <duration>0.016</duration>
          <className>TestDelete</className>
          <testName>TestCase01.test02</testName>
          <skipped>false</skipped>
          <failedSince>0</failedSince>
        </case>
        <case>
          <duration>0.027</duration>
          <className>TestDelete</className>
          <testName>TestCase01.test03</testName>
          <skipped>false</skipped>
          <failedSince>0</failedSince>
        </case>
        <case>
          <duration>0.008</duration>
          <className>TestDelete</className>
          <testName>TestCase01.test04</testName>
          <skipped>false</skipped>
          <failedSince>0</failedSince>
        </case>
        <case>
          <duration>0.008</duration>
          <className>TestDelete</className>
          <testName>TestCase01.test05</testName>
          <skipped>false</skipped>
          <failedSince>0</failedSince>
        </case>
        <case>
          <duration>0.0</duration>
          <className>TestDelete</className>
          <testName>TestCase02.test01</testName>
          <skipped>false</skipped>
          <failedSince>0</failedSince>
        </case>
        <case>
          <duration>1.469</duration>
          <className>TestDelete</className>
          <testName>TestCase02.test02</testName>
          <skipped>false</skipped>
          <failedSince>0</failedSince>
        </case>
        <case>
          <duration>1.125</duration>
          <className>TestDelete</className>
          <testName>TestCase02.test03</testName>
          <skipped>false</skipped>
          <failedSince>0</failedSince>
        </case>
        <case>
          <duration>1.02</duration>
          <className>TestDelete</className>
          <testName>TestCase02.test04</testName>
          <skipped>false</skipped>
          <failedSince>0</failedSince>
        </case>
        <case>
          <duration>0.007</duration>
          <className>TestDelete</className>
          <testName>TestCase03.test01</testName>
          <skipped>false</skipped>
          <failedSince>0</failedSince>
        </case>
        <case>
          <duration>0.007</duration>
          <className>TestDelete</className>
          <testName>TestCase03.test02</testName>
          <skipped>false</skipped>
          <failedSince>0</failedSince>
        </case>
        <case>
          <duration>0.033</duration>
          <className>TestDelete</className>
          <testName>TestCase03.test03</testName>
          <skipped>false</skipped>
          <failedSince>0</failedSince>
        </case>
        <case>
          <duration>0.944</duration>
          <className>TestDelete</className>
          <testName>TestCase04.test01</testName>
          <skipped>false</skipped>
          <failedSince>0</failedSince>
        </case>
        <case>
          <duration>0.987</duration>
          <className>TestDelete</className>
          <testName>TestCase04.test02</testName>
          <skipped>false</skipped>
          <failedSince>0</failedSince>
        </case>
        <case>
          <duration>1.041</duration>
          <className>TestDelete</className>
          <testName>TestCase04.test03</testName>
          <skipped>false</skipped>
          <failedSince>0</failedSince>
        </case>
        <case>
          <duration>0.005</duration>
          <className>TestDelete</className>
          <testName>TestCase04.test04</testName>
          <skipped>false</skipped>
          <failedSince>0</failedSince>
        </case>
        <case>
          <duration>0.661</duration>
          <className>TestDelete</className>
          <testName>TestCase04.test05</testName>
          <skipped>false</skipped>
          <failedSince>0</failedSince>
        </case>
        <case>
          <duration>0.008</duration>
          <className>TestDelete</className>
          <testName>TestCase04.test06</testName>
          <skipped>false</skipped>
          <failedSince>0</failedSince>
        </case>
        <case>
          <duration>1.16</duration>
          <className>TestDelete</className>
          <testName>TestCase05.test01_removing_config_files</testName>
          <skipped>false</skipped>
          <failedSince>0</failedSince>
        </case>
      </cases>
    </suite>
    <suite>
      <file>/home/jenkins/workspace/Backend/CNE@4/test-results/TEST-cli-TestPassivePing.xml</file>
      <name>cli.TestPassivePing</name>
      <stdout>Getting new db
.....................</stdout>
      <stderr></stderr>
      <duration>450.177</duration>
      <timestamp>2019-10-31T08:41:50.711503</timestamp>
      <time>450.177</time>
      <enclosingBlocks/>
      <enclosingBlockNames/>
      <cases>
        <case>
          <duration>18.955</duration>
          <className>TestPassivePing</className>
          <testName>TestCase01.test00</testName>
          <skipped>false</skipped>
          <failedSince>0</failedSince>
        </case>
        <case>
          <duration>0.21</duration>
          <className>TestPassivePing</className>
          <testName>TestCase01.test01</testName>
          <skipped>false</skipped>
          <failedSince>0</failedSince>
        </case>
        <case>
          <duration>0.152</duration>
          <className>TestPassivePing</className>
          <testName>TestCase01.test02</testName>
          <skipped>false</skipped>
          <failedSince>0</failedSince>
        </case>
        <case>
          <duration>0.823</duration>
          <className>TestPassivePing</className>
          <testName>TestCase01.test03</testName>
          <skipped>false</skipped>
          <failedSince>0</failedSince>
        </case>
        <case>
          <duration>1.903</duration>
          <className>TestPassivePing</className>
          <testName>TestCase01.test04</testName>
          <skipped>false</skipped>
          <failedSince>0</failedSince>
        </case>
        <case>
          <duration>25.541</duration>
          <className>TestPassivePing</className>
          <testName>TestCase01.test05</testName>
          <skipped>false</skipped>
          <failedSince>0</failedSince>
        </case>
        <case>
          <duration>0.24</duration>
          <className>TestPassivePing</className>
          <testName>TestCase01.test06</testName>
          <skipped>false</skipped>
          <failedSince>0</failedSince>
        </case>
        <case>
          <duration>5.793</duration>
          <className>TestPassivePing</className>
          <testName>TestCase02.test01</testName>
          <skipped>false</skipped>
          <failedSince>0</failedSince>
        </case>
        <case>
          <duration>4.615</duration>
          <className>TestPassivePing</className>
          <testName>TestCase02.test02</testName>
          <skipped>false</skipped>
          <failedSince>0</failedSince>
        </case>
        <case>
          <duration>4.082</duration>
          <className>TestPassivePing</className>
          <testName>TestCase02.test03</testName>
          <skipped>false</skipped>
          <failedSince>0</failedSince>
        </case>
        <case>
          <duration>88.687</duration>
          <className>TestPassivePing</className>
          <testName>TestCase02.test04</testName>
          <skipped>false</skipped>
          <failedSince>0</failedSince>
        </case>
        <case>
          <duration>0.128</duration>
          <className>TestPassivePing</className>
          <testName>TestCase02.test05</testName>
          <skipped>false</skipped>
          <failedSince>0</failedSince>
        </case>
        <case>
          <duration>6.471</duration>
          <className>TestPassivePing</className>
          <testName>TestCase03.test01</testName>
          <skipped>false</skipped>
          <failedSince>0</failedSince>
        </case>
        <case>
          <duration>46.529</duration>
          <className>TestPassivePing</className>
          <testName>TestCase03.test02</testName>
          <skipped>false</skipped>
          <failedSince>0</failedSince>
        </case>
        <case>
          <duration>46.532</duration>
          <className>TestPassivePing</className>
          <testName>TestCase03.test03</testName>
          <skipped>false</skipped>
          <failedSince>0</failedSince>
        </case>
        <case>
          <duration>46.536</duration>
          <className>TestPassivePing</className>
          <testName>TestCase03.test04</testName>
          <skipped>false</skipped>
          <failedSince>0</failedSince>
        </case>
        <case>
          <duration>46.528</duration>
          <className>TestPassivePing</className>
          <testName>TestCase03.test05</testName>
          <skipped>false</skipped>
          <failedSince>0</failedSince>
        </case>
        <case>
          <duration>46.531</duration>
          <className>TestPassivePing</className>
          <testName>TestCase03.test06</testName>
          <skipped>false</skipped>
          <failedSince>0</failedSince>
        </case>
        <case>
          <duration>46.531</duration>
          <className>TestPassivePing</className>
          <testName>TestCase03.test07</testName>
          <skipped>false</skipped>
          <failedSince>0</failedSince>
        </case>
        <case>
          <duration>8.593</duration>
          <className>TestPassivePing</className>
          <testName>TestCase04.test01</testName>
          <skipped>false</skipped>
          <failedSince>0</failedSince>
        </case>
        <case>
          <duration>4.795</duration>
          <className>TestPassivePing</className>
          <testName>TestCase04.test02</testName>
          <skipped>false</skipped>
          <failedSince>0</failedSince>
        </case>
      </cases>
    </suite>
    <suite>
      <file>/home/jenkins/workspace/Backend/CNE@7/test-results/TEST-cli-TestReportingPeriod.xml</file>
      <name>cli.TestReportingPeriod</name>
      <stdout>............
TestCase01.test12: rename command
.
TestCase01.test13: Check that all reporting-periods in 1-hour summarization group can be disabled
.</stdout>
      <stderr></stderr>
      <duration>31.099</duration>
      <timestamp>2019-10-31T08:48:58.994752</timestamp>
      <time>31.099</time>
      <enclosingBlocks/>
      <enclosingBlockNames/>
      <cases>
        <case>
          <duration>17.82</duration>
          <className>TestReportingPeriod</className>
          <testName>TestCase01.test00</testName>
          <skipped>false</skipped>
          <failedSince>0</failedSince>
        </case>
        <case>
          <duration>0.061</duration>
          <className>TestReportingPeriod</className>
          <testName>TestCase01.test01</testName>
          <skipped>false</skipped>
          <failedSince>0</failedSince>
        </case>
        <case>
          <duration>0.047</duration>
          <className>TestReportingPeriod</className>
          <testName>TestCase01.test02</testName>
          <skipped>false</skipped>
          <failedSince>0</failedSince>
        </case>
        <case>
          <duration>0.036</duration>
          <className>TestReportingPeriod</className>
          <testName>TestCase01.test03</testName>
          <skipped>false</skipped>
          <failedSince>0</failedSince>
        </case>
        <case>
          <duration>0.134</duration>
          <className>TestReportingPeriod</className>
          <testName>TestCase01.test04</testName>
          <skipped>false</skipped>
          <failedSince>0</failedSince>
        </case>
        <case>
          <duration>0.716</duration>
          <className>TestReportingPeriod</className>
          <testName>TestCase01.test05</testName>
          <skipped>false</skipped>
          <failedSince>0</failedSince>
        </case>
        <case>
          <duration>0.065</duration>
          <className>TestReportingPeriod</className>
          <testName>TestCase01.test06</testName>
          <skipped>false</skipped>
          <failedSince>0</failedSince>
        </case>
        <case>
          <duration>0.111</duration>
          <className>TestReportingPeriod</className>
          <testName>TestCase01.test07</testName>
          <skipped>false</skipped>
          <failedSince>0</failedSince>
        </case>
        <case>
          <duration>0.044</duration>
          <className>TestReportingPeriod</className>
          <testName>TestCase01.test08</testName>
          <skipped>false</skipped>
          <failedSince>0</failedSince>
        </case>
        <case>
          <duration>0.09</duration>
          <className>TestReportingPeriod</className>
          <testName>TestCase01.test09</testName>
          <skipped>false</skipped>
          <failedSince>0</failedSince>
        </case>
        <case>
          <duration>0.009</duration>
          <className>TestReportingPeriod</className>
          <testName>TestCase01.test10</testName>
          <skipped>false</skipped>
          <failedSince>0</failedSince>
        </case>
        <case>
          <duration>6.711</duration>
          <className>TestReportingPeriod</className>
          <testName>TestCase01.test11</testName>
          <skipped>false</skipped>
          <failedSince>0</failedSince>
        </case>
        <case>
          <duration>3.725</duration>
          <className>TestReportingPeriod</className>
          <testName>TestCase01.test12</testName>
          <skipped>false</skipped>
          <failedSince>0</failedSince>
        </case>
        <case>
          <duration>1.528</duration>
          <className>TestReportingPeriod</className>
          <testName>TestCase01.test13</testName>
          <skipped>false</skipped>
          <failedSince>0</failedSince>
        </case>
      </cases>
    </suite>
    <suite>
      <file>/home/jenkins/workspace/Backend/CNE/test-results/TEST-cli-TestWombats.xml</file>
      <name>cli.TestWombats</name>
      <stdout>
TestCase01.test01: Check per stats wombats time series: values and sorting
Rollup-client: 127.0.0.1 rt-class/sng/local-cne///chan/class-default 1572511500000 1572511800000 300000 WOMBAT_EVENT_DATA EVENT_METADATA
Rollup-client: 127.0.0.1 rt-class/sng/local-cne///chan/class-default 1572511500000 1572511800000 300000 WOMBAT_EVENT_DATA EVENT_METADATA
Rollup-client: 127.0.0.1 rt-class/sng/local-cne///chan/class-default 1572511500000 1572511800000 300000 WOMBAT_EVENT_DATA EVENT_METADATA
Rollup-client: 127.0.0.1 rt-class/sng/local-cne///chan/class-default 1572511500000 1572511800000 300000 WOMBAT_EVENT_DATA EVENT_METADATA
.</stdout>
      <stderr></stderr>
      <duration>39.092</duration>
      <timestamp>2019-10-31T08:48:54.910741</timestamp>
      <time>39.092</time>
      <enclosingBlocks/>
      <enclosingBlockNames/>
      <cases>
        <case>
          <duration>39.092</duration>
          <className>TestWombats</className>
          <testName>TestCase01.test01</testName>
          <skipped>false</skipped>
          <failedSince>0</failedSince>
        </case>
      </cases>
    </suite>
    <suite>
      <file>/home/jenkins/workspace/Backend/CNE@2/test-results/TEST-rest-TestRestUserAccessGroup.xml</file>
      <name>rest.TestRestUserAccessGroup</name>
      <stdout>.....
TestCase01.test06: include tags test
.</stdout>
      <stderr></stderr>
      <duration>23.421</duration>
      <timestamp>2019-10-31T08:49:14.800268</timestamp>
      <time>23.421</time>
      <enclosingBlocks/>
      <enclosingBlockNames/>
      <cases>
        <case>
          <duration>19.026</duration>
          <className>TestRestUserAccessGroup</className>
          <testName>TestCase01.test01</testName>
          <skipped>false</skipped>
          <failedSince>0</failedSince>
        </case>
        <case>
          <duration>4.232</duration>
          <className>TestRestUserAccessGroup</className>
          <testName>TestCase01.test02</testName>
          <skipped>false</skipped>
          <failedSince>0</failedSince>
        </case>
        <case>
          <duration>0.035</duration>
          <className>TestRestUserAccessGroup</className>
          <testName>TestCase01.test03</testName>
          <skipped>false</skipped>
          <failedSince>0</failedSince>
        </case>
        <case>
          <duration>0.025</duration>
          <className>TestRestUserAccessGroup</className>
          <testName>TestCase01.test04</testName>
          <skipped>false</skipped>
          <failedSince>0</failedSince>
        </case>
        <case>
          <duration>0.041</duration>
          <className>TestRestUserAccessGroup</className>
          <testName>TestCase01.test05</testName>
          <skipped>false</skipped>
          <failedSince>0</failedSince>
        </case>
        <case>
          <duration>0.061</duration>
          <className>TestRestUserAccessGroup</className>
          <testName>TestCase01.test06</testName>
          <skipped>false</skipped>
          <failedSince>0</failedSince>
        </case>
      </cases>
    </suite>
    <suite>
      <file>/home/jenkins/workspace/Backend/CNE@3/test-results/TEST-cli-TestCustomCertificates.xml</file>
      <name>cli.TestCustomCertificates</name>
      <stdout>
TestCase01.test01: test install tls-server-cert help message
.
TestCase01.test02: test install tls-server-cert - invalid usage
.
TestCase01.test03: test install tls-server-cert - valid usage
.
TestCase01.test04: test install tls-server-cert - password protected certificate
.
TestCase01.test05: test CLI welcome screen whether it contains warn about missing passphrase
.
TestCase01.test06: test install tls-server-cert - certificate chain
.
TestCase01.test07: test install tls-server-cert - certificate chain + passphrase protection
.
TestCase01.test08: test generate-certificate
.
TestCase01.test09: larva BQM-61978: future certificates
.
TestCase01.test10: Verify that &apos;retrieve cert&apos; takes custom certificates into account (BQM-62455).
.</stdout>
      <stderr></stderr>
      <duration>52.431</duration>
      <timestamp>2019-10-31T08:48:45.793282</timestamp>
      <time>52.431</time>
      <enclosingBlocks/>
      <enclosingBlockNames/>
      <cases>
        <case>
          <duration>3.169</duration>
          <className>TestCustomCertificates</className>
          <testName>TestCase01.test01</testName>
          <skipped>false</skipped>
          <failedSince>0</failedSince>
        </case>
        <case>
          <duration>9.105</duration>
          <className>TestCustomCertificates</className>
          <testName>TestCase01.test02</testName>
          <skipped>false</skipped>
          <failedSince>0</failedSince>
        </case>
        <case>
          <duration>4.267</duration>
          <className>TestCustomCertificates</className>
          <testName>TestCase01.test03</testName>
          <skipped>false</skipped>
          <failedSince>0</failedSince>
        </case>
        <case>
          <duration>3.936</duration>
          <className>TestCustomCertificates</className>
          <testName>TestCase01.test04</testName>
          <skipped>false</skipped>
          <failedSince>0</failedSince>
        </case>
        <case>
          <duration>8.393</duration>
          <className>TestCustomCertificates</className>
          <testName>TestCase01.test05</testName>
          <skipped>false</skipped>
          <failedSince>0</failedSince>
        </case>
        <case>
          <duration>4.122</duration>
          <className>TestCustomCertificates</className>
          <testName>TestCase01.test06</testName>
          <skipped>false</skipped>
          <failedSince>0</failedSince>
        </case>
        <case>
          <duration>4.079</duration>
          <className>TestCustomCertificates</className>
          <testName>TestCase01.test07</testName>
          <skipped>false</skipped>
          <failedSince>0</failedSince>
        </case>
        <case>
          <duration>5.584</duration>
          <className>TestCustomCertificates</className>
          <testName>TestCase01.test08</testName>
          <skipped>false</skipped>
          <failedSince>0</failedSince>
        </case>
        <case>
          <duration>3.104</duration>
          <className>TestCustomCertificates</className>
          <testName>TestCase01.test09</testName>
          <skipped>false</skipped>
          <failedSince>0</failedSince>
        </case>
        <case>
          <duration>6.671</duration>
          <className>TestCustomCertificates</className>
          <testName>TestCase01.test10</testName>
          <skipped>false</skipped>
          <failedSince>0</failedSince>
        </case>
      </cases>
    </suite>
    <suite>
      <file>/home/jenkins/workspace/Backend/CNE@4/test-results/TEST-cli-TestSystemContact.xml</file>
      <name>cli.TestSystemContact</name>
      <stdout>.................</stdout>
      <stderr></stderr>
      <duration>23.547</duration>
      <timestamp>2019-10-31T08:49:15.780308</timestamp>
      <time>23.547</time>
      <enclosingBlocks/>
      <enclosingBlockNames/>
      <cases>
        <case>
          <duration>17.183</duration>
          <className>TestSystemContact</className>
          <testName>TestCase01.test01</testName>
          <skipped>false</skipped>
          <failedSince>0</failedSince>
        </case>
        <case>
          <duration>1.769</duration>
          <className>TestSystemContact</className>
          <testName>TestCase01.test02</testName>
          <skipped>false</skipped>
          <failedSince>0</failedSince>
        </case>
        <case>
          <duration>0.914</duration>
          <className>TestSystemContact</className>
          <testName>TestCase01.test03</testName>
          <skipped>false</skipped>
          <failedSince>0</failedSince>
        </case>
        <case>
          <duration>0.143</duration>
          <className>TestSystemContact</className>
          <testName>TestCase01.test04</testName>
          <skipped>false</skipped>
          <failedSince>0</failedSince>
        </case>
        <case>
          <duration>0.123</duration>
          <className>TestSystemContact</className>
          <testName>TestCase01.test05</testName>
          <skipped>false</skipped>
          <failedSince>0</failedSince>
        </case>
        <case>
          <duration>0.62</duration>
          <className>TestSystemContact</className>
          <testName>TestCase01.test06</testName>
          <skipped>false</skipped>
          <failedSince>0</failedSince>
        </case>
        <case>
          <duration>0.227</duration>
          <className>TestSystemContact</className>
          <testName>TestCase01.test07</testName>
          <skipped>false</skipped>
          <failedSince>0</failedSince>
        </case>
        <case>
          <duration>0.257</duration>
          <className>TestSystemContact</className>
          <testName>TestCase01.test08</testName>
          <skipped>false</skipped>
          <failedSince>0</failedSince>
        </case>
        <case>
          <duration>0.311</duration>
          <className>TestSystemContact</className>
          <testName>TestCase01.test09</testName>
          <skipped>false</skipped>
          <failedSince>0</failedSince>
        </case>
        <case>
          <duration>0.136</duration>
          <className>TestSystemContact</className>
          <testName>TestCase01.test10</testName>
          <skipped>false</skipped>
          <failedSince>0</failedSince>
        </case>
        <case>
          <duration>0.259</duration>
          <className>TestSystemContact</className>
          <testName>TestCase01.test11</testName>
          <skipped>false</skipped>
          <failedSince>0</failedSince>
        </case>
        <case>
          <duration>0.296</duration>
          <className>TestSystemContact</className>
          <testName>TestCase01.test12</testName>
          <skipped>false</skipped>
          <failedSince>0</failedSince>
        </case>
        <case>
          <duration>0.305</duration>
          <className>TestSystemContact</className>
          <testName>TestCase01.test13</testName>
          <skipped>false</skipped>
          <failedSince>0</failedSince>
        </case>
        <case>
          <duration>0.303</duration>
          <className>TestSystemContact</className>
          <testName>TestCase01.test14</testName>
          <skipped>false</skipped>
          <failedSince>0</failedSince>
        </case>
        <case>
          <duration>0.41</duration>
          <className>TestSystemContact</className>
          <testName>TestCase01.test15</testName>
          <skipped>false</skipped>
          <failedSince>0</failedSince>
        </case>
        <case>
          <duration>0.17</duration>
          <className>TestSystemContact</className>
          <testName>TestCase01.test16</testName>
          <skipped>false</skipped>
          <failedSince>0</failedSince>
        </case>
        <case>
          <duration>0.118</duration>
          <className>TestSystemContact</className>
          <testName>TestCase01.test17</testName>
          <skipped>false</skipped>
          <failedSince>0</failedSince>
        </case>
      </cases>
    </suite>
    <suite>
      <file>/home/jenkins/workspace/Backend/CNE@2/test-results/TEST-rest-TestRestPort.xml</file>
      <name>rest.TestRestPort</name>
      <stdout>.......Skipping agg tap stacking tests on this platform
....</stdout>
      <stderr></stderr>
      <duration>44.252</duration>
      <timestamp>2019-10-31T08:48:56.457438</timestamp>
      <time>44.252</time>
      <enclosingBlocks/>
      <enclosingBlockNames/>
      <cases>
        <case>
          <duration>5.032</duration>
          <className>TestRestPort</className>
          <testName>TestCase00.test01</testName>
          <skipped>false</skipped>
          <failedSince>0</failedSince>
        </case>
        <case>
          <duration>23.726</duration>
          <className>TestRestPort</className>
          <testName>TestCase01.test01</testName>
          <skipped>false</skipped>
          <failedSince>0</failedSince>
        </case>
        <case>
          <duration>2.851</duration>
          <className>TestRestPort</className>
          <testName>TestCase01.test02</testName>
          <skipped>false</skipped>
          <failedSince>0</failedSince>
        </case>
        <case>
          <duration>0.007</duration>
          <className>TestRestPort</className>
          <testName>TestCase01.test03</testName>
          <skipped>false</skipped>
          <failedSince>0</failedSince>
        </case>
        <case>
          <duration>0.05</duration>
          <className>TestRestPort</className>
          <testName>TestCase01.test04</testName>
          <skipped>false</skipped>
          <failedSince>0</failedSince>
        </case>
        <case>
          <duration>2.971</duration>
          <className>TestRestPort</className>
          <testName>TestCase01.test05</testName>
          <skipped>false</skipped>
          <failedSince>0</failedSince>
        </case>
        <case>
          <duration>4.798</duration>
          <className>TestRestPort</className>
          <testName>TestCase01.test06</testName>
          <skipped>false</skipped>
          <failedSince>0</failedSince>
        </case>
        <case>
          <duration>0.933</duration>
          <className>TestRestPort</className>
          <testName>TestCase01.test07</testName>
          <skipped>false</skipped>
          <failedSince>0</failedSince>
        </case>
        <case>
          <duration>2.023</duration>
          <className>TestRestPort</className>
          <testName>TestCase02.test01</testName>
          <skipped>false</skipped>
          <failedSince>0</failedSince>
        </case>
        <case>
          <duration>1.388</duration>
          <className>TestRestPort</className>
          <testName>TestCase02.test02</testName>
          <skipped>false</skipped>
          <failedSince>0</failedSince>
        </case>
        <case>
          <duration>0.472</duration>
          <className>TestRestPort</className>
          <testName>TestCase03.test01</testName>
          <skipped>false</skipped>
          <failedSince>0</failedSince>
        </case>
      </cases>
    </suite>
    <suite>
      <file>/home/jenkins/workspace/Backend/CNE@11/test-results/TEST-cli-TestAggregationTap.xml</file>
      <name>cli.TestAggregationTap</name>
      <stdout>......
TestCase01.test07: Test FDOS config for Netscout PFS1524 agg tap is gone
.
TestCase01.test08: Test agg tap vs port interactions
..
TestCase01.test10: Group ID assignments and display
Skipping test on non-agg tap hardware
.
TestCase01.test11: Agg tap slot assignment
Skipping test on non-agg tap hardware
.
TestCase01.test12: Test warning on last Nt2 tap removal
Skipping test on non-Nt2 hardware
.
TestCase01.test13
Skipping test on non-Nt2 hardware
..
TestCase01.test15: Test semantic checks 
...[truncated 274 chars]...
skipped in sandbox
.Test test20 skipped in sandbox
.Skipping test on non-Nt2 hardware
..Skipping test on non-agg tap hardware
.Test test24 skipped in sandbox
.
TestCase01.test25: BQM-59099 Verify that arista-7280-7500 agg tap stacking can be configured
.
TestCase01.test26: Verify that exalink-fusion-hpt agg tap stacking can be configured
.Config set, sending traffic...
.
TestCase01.test28: BQM-59099 Verify arista-7280-7500 with extra param is displayed properly
.Test test29 skipped in sandbox
..</stdout>
      <stderr></stderr>
      <duration>96.758</duration>
      <timestamp>2019-10-31T08:48:05.795535</timestamp>
      <time>96.758</time>
      <enclosingBlocks/>
      <enclosingBlockNames/>
      <cases>
        <case>
          <duration>16.508</duration>
          <className>TestAggregationTap</className>
          <testName>TestCase01.test01</testName>
          <skipped>false</skipped>
          <failedSince>0</failedSince>
        </case>
        <case>
          <duration>0.044</duration>
          <className>TestAggregationTap</className>
          <testName>TestCase01.test02</testName>
          <skipped>false</skipped>
          <failedSince>0</failedSince>
        </case>
        <case>
          <duration>0.232</duration>
          <className>TestAggregationTap</className>
          <testName>TestCase01.test03</testName>
          <skipped>false</skipped>
          <failedSince>0</failedSince>
        </case>
        <case>
          <duration>0.432</duration>
          <className>TestAggregationTap</className>
          <testName>TestCase01.test04</testName>
          <skipped>false</skipped>
          <failedSince>0</failedSince>
        </case>
        <case>
          <duration>2.659</duration>
          <className>TestAggregationTap</className>
          <testName>TestCase01.test05</testName>
          <skipped>false</skipped>
          <failedSince>0</failedSince>
        </case>
        <case>
          <duration>2.19</duration>
          <className>TestAggregationTap</className>
          <testName>TestCase01.test06</testName>
          <skipped>false</skipped>
          <failedSince>0</failedSince>
        </case>
        <case>
          <duration>2.082</duration>
          <className>TestAggregationTap</className>
          <testName>TestCase01.test07</testName>
          <skipped>false</skipped>
          <failedSince>0</failedSince>
        </case>
        <case>
          <duration>1.441</duration>
          <className>TestAggregationTap</className>
          <testName>TestCase01.test08</testName>
          <skipped>false</skipped>
          <failedSince>0</failedSince>
        </case>
        <case>
          <duration>6.659</duration>
          <className>TestAggregationTap</className>
          <testName>TestCase01.test09</testName>
          <skipped>false</skipped>
          <failedSince>0</failedSince>
        </case>
        <case>
          <duration>0.275</duration>
          <className>TestAggregationTap</className>
          <testName>TestCase01.test10</testName>
          <skipped>false</skipped>
          <failedSince>0</failedSince>
        </case>
        <case>
          <duration>0.046</duration>
          <className>TestAggregationTap</className>
          <testName>TestCase01.test11</testName>
          <skipped>false</skipped>
          <failedSince>0</failedSince>
        </case>
        <case>
          <duration>0.032</duration>
          <className>TestAggregationTap</className>
          <testName>TestCase01.test12</testName>
          <skipped>false</skipped>
          <failedSince>0</failedSince>
        </case>
        <case>
          <duration>0.035</duration>
          <className>TestAggregationTap</className>
          <testName>TestCase01.test13</testName>
          <skipped>false</skipped>
          <failedSince>0</failedSince>
        </case>
        <case>
          <duration>40.553</duration>
          <className>TestAggregationTap</className>
          <testName>TestCase01.test14</testName>
          <skipped>false</skipped>
          <failedSince>0</failedSince>
        </case>
        <case>
          <duration>0.083</duration>
          <className>TestAggregationTap</className>
          <testName>TestCase01.test15</testName>
          <skipped>false</skipped>
          <failedSince>0</failedSince>
        </case>
        <case>
          <duration>0.064</duration>
          <className>TestAggregationTap</className>
          <testName>TestCase01.test16</testName>
          <skipped>false</skipped>
          <failedSince>0</failedSince>
        </case>
        <case>
          <duration>0.0</duration>
          <className>TestAggregationTap</className>
          <testName>TestCase01.test17</testName>
          <skipped>false</skipped>
          <failedSince>0</failedSince>
        </case>
        <case>
          <duration>0.037</duration>
          <className>TestAggregationTap</className>
          <testName>TestCase01.test18</testName>
          <skipped>false</skipped>
          <failedSince>0</failedSince>
        </case>
        <case>
          <duration>0.0</duration>
          <className>TestAggregationTap</className>
          <testName>TestCase01.test19</testName>
          <skipped>false</skipped>
          <failedSince>0</failedSince>
        </case>
        <case>
          <duration>0.0</duration>
          <className>TestAggregationTap</className>
          <testName>TestCase01.test20</testName>
          <skipped>false</skipped>
          <failedSince>0</failedSince>
        </case>
        <case>
          <duration>0.009</duration>
          <className>TestAggregationTap</className>
          <testName>TestCase01.test21</testName>
          <skipped>false</skipped>
          <failedSince>0</failedSince>
        </case>
        <case>
          <duration>1.925</duration>
          <className>TestAggregationTap</className>
          <testName>TestCase01.test22</testName>
          <skipped>false</skipped>
          <failedSince>0</failedSince>
        </case>
        <case>
          <duration>0.036</duration>
          <className>TestAggregationTap</className>
          <testName>TestCase01.test23</testName>
          <skipped>false</skipped>
          <failedSince>0</failedSince>
        </case>
        <case>
          <duration>0.0</duration>
          <className>TestAggregationTap</className>
          <testName>TestCase01.test24</testName>
          <skipped>false</skipped>
          <failedSince>0</failedSince>
        </case>
        <case>
          <duration>3.253</duration>
          <className>TestAggregationTap</className>
          <testName>TestCase01.test25</testName>
          <skipped>false</skipped>
          <failedSince>0</failedSince>
        </case>
        <case>
          <duration>1.573</duration>
          <className>TestAggregationTap</className>
          <testName>TestCase01.test26</testName>
          <skipped>false</skipped>
          <failedSince>0</failedSince>
        </case>
        <case>
          <duration>12.635</duration>
          <className>TestAggregationTap</className>
          <testName>TestCase01.test27</testName>
          <skipped>false</skipped>
          <failedSince>0</failedSince>
        </case>
        <case>
          <duration>3.901</duration>
          <className>TestAggregationTap</className>
          <testName>TestCase01.test28</testName>
          <skipped>false</skipped>
          <failedSince>0</failedSince>
        </case>
        <case>
          <duration>0.0</duration>
          <className>TestAggregationTap</className>
          <testName>TestCase01.test29</testName>
          <skipped>false</skipped>
          <failedSince>0</failedSince>
        </case>
        <case>
          <duration>0.051</duration>
          <className>TestAggregationTap</className>
          <testName>TestCase01.test99</testName>
          <skipped>false</skipped>
          <failedSince>0</failedSince>
        </case>
      </cases>
    </suite>
    <suite>
      <file>/home/jenkins/workspace/Backend/CNE@8/test-results/TEST-rest-TestRestQosTarget.xml</file>
      <name>rest.TestRestQosTarget</name>
      <stdout>...................................&lt;cnx&gt;
  &lt;qos-target business-hours-enabled=&quot;false&quot; busy-period=&quot;2&quot; cb-bandwidth-flag=&quot;false&quot;
              cb-enabled=&quot;true&quot; cb-event-threshold=&quot;100&quot; cb-gen-events=&quot;true&quot;
              description=&quot;&quot; esl-delay=&quot;true&quot; esl-enabled=&quot;true&quot; esl-loss=&quot;true&quot;
              event-time-scale=&quot;1&quot; gaps-enabled=&quot;false&quot; icmp-enabled=&quot;true&quot;
              icmp-event-threshold-delay=&quot;true&quot; icmp-event-threshold-loss=&quot;true&quot;
              icmp-interval-ms=&quot;10000&quot; icmp-roundtrip-de
...[truncated 3280 chars]...
  tcp-rtt-threshold-us=&quot;-1&quot; tcp-rtt-use-twice-one-way-latency=&quot;true&quot;
              tcp-zero-window-size-events=&quot;true&quot; traffic-gaps-enabled=&quot;false&quot;
              user-may-delete=&quot;true&quot; user-may-rename=&quot;true&quot;&gt;
    &lt;stat-event-policy comparator=&quot;greater-than&quot; count=&quot;5&quot; measure-name=&quot;&quot; operator=&quot;and&quot;
                       percentile=&quot;10&quot; stat-type=&quot;latency&quot;
                       threshold=&quot;123&quot; threshold-type=&quot;latency&quot;
                       use-protect-packets=&quot;false&quot;/&gt;
  &lt;/qos-target&gt;
&lt;/cnx&gt;

..</stdout>
      <stderr></stderr>
      <duration>38.554</duration>
      <timestamp>2019-10-31T08:49:07.335051</timestamp>
      <time>38.554</time>
      <enclosingBlocks/>
      <enclosingBlockNames/>
      <cases>
        <case>
          <duration>17.64</duration>
          <className>TestRestQosTarget</className>
          <testName>TestCase01.test01</testName>
          <skipped>false</skipped>
          <failedSince>0</failedSince>
        </case>
        <case>
          <duration>0.035</duration>
          <className>TestRestQosTarget</className>
          <testName>TestCase01.test02</testName>
          <skipped>false</skipped>
          <failedSince>0</failedSince>
        </case>
        <case>
          <duration>0.515</duration>
          <className>TestRestQosTarget</className>
          <testName>TestCase01.test03</testName>
          <skipped>false</skipped>
          <failedSince>0</failedSince>
        </case>
        <case>
          <duration>0.901</duration>
          <className>TestRestQosTarget</className>
          <testName>TestCase01.test04</testName>
          <skipped>false</skipped>
          <failedSince>0</failedSince>
        </case>
        <case>
          <duration>0.594</duration>
          <className>TestRestQosTarget</className>
          <testName>TestCase01.test05</testName>
          <skipped>false</skipped>
          <failedSince>0</failedSince>
        </case>
        <case>
          <duration>0.061</duration>
          <className>TestRestQosTarget</className>
          <testName>TestCase01.test06</testName>
          <skipped>false</skipped>
          <failedSince>0</failedSince>
        </case>
        <case>
          <duration>0.021</duration>
          <className>TestRestQosTarget</className>
          <testName>TestCase01.test07</testName>
          <skipped>false</skipped>
          <failedSince>0</failedSince>
        </case>
        <case>
          <duration>0.019</duration>
          <className>TestRestQosTarget</className>
          <testName>TestCase01.test08</testName>
          <skipped>false</skipped>
          <failedSince>0</failedSince>
        </case>
        <case>
          <duration>0.046</duration>
          <className>TestRestQosTarget</className>
          <testName>TestCase01.test09</testName>
          <skipped>false</skipped>
          <failedSince>0</failedSince>
        </case>
        <case>
          <duration>0.458</duration>
          <className>TestRestQosTarget</className>
          <testName>TestCase01.test10</testName>
          <skipped>false</skipped>
          <failedSince>0</failedSince>
        </case>
        <case>
          <duration>0.018</duration>
          <className>TestRestQosTarget</className>
          <testName>TestCase01.test11</testName>
          <skipped>false</skipped>
          <failedSince>0</failedSince>
        </case>
        <case>
          <duration>0.008</duration>
          <className>TestRestQosTarget</className>
          <testName>TestCase01.test12</testName>
          <skipped>false</skipped>
          <failedSince>0</failedSince>
        </case>
        <case>
          <duration>0.961</duration>
          <className>TestRestQosTarget</className>
          <testName>TestCase01.test13</testName>
          <skipped>false</skipped>
          <failedSince>0</failedSince>
        </case>
        <case>
          <duration>0.005</duration>
          <className>TestRestQosTarget</className>
          <testName>TestCase01.test14</testName>
          <skipped>false</skipped>
          <failedSince>0</failedSince>
        </case>
        <case>
          <duration>1.566</duration>
          <className>TestRestQosTarget</className>
          <testName>TestCase01.test15</testName>
          <skipped>false</skipped>
          <failedSince>0</failedSince>
        </case>
        <case>
          <duration>0.004</duration>
          <className>TestRestQosTarget</className>
          <testName>TestCase01.test16</testName>
          <skipped>false</skipped>
          <failedSince>0</failedSince>
        </case>
        <case>
          <duration>0.002</duration>
          <className>TestRestQosTarget</className>
          <testName>TestCase01.test17</testName>
          <skipped>false</skipped>
          <failedSince>0</failedSince>
        </case>
        <case>
          <duration>0.002</duration>
          <className>TestRestQosTarget</className>
          <testName>TestCase01.test18</testName>
          <skipped>false</skipped>
          <failedSince>0</failedSince>
        </case>
        <case>
          <duration>0.807</duration>
          <className>TestRestQosTarget</className>
          <testName>TestCase02.test01</testName>
          <skipped>false</skipped>
          <failedSince>0</failedSince>
        </case>
        <case>
          <duration>0.003</duration>
          <className>TestRestQosTarget</className>
          <testName>TestCase02.test02</testName>
          <skipped>false</skipped>
          <failedSince>0</failedSince>
        </case>
        <case>
          <duration>0.004</duration>
          <className>TestRestQosTarget</className>
          <testName>TestCase02.test03</testName>
          <skipped>false</skipped>
          <failedSince>0</failedSince>
        </case>
        <case>
          <duration>0.003</duration>
          <className>TestRestQosTarget</className>
          <testName>TestCase02.test04</testName>
          <skipped>false</skipped>
          <failedSince>0</failedSince>
        </case>
        <case>
          <duration>0.002</duration>
          <className>TestRestQosTarget</className>
          <testName>TestCase02.test05</testName>
          <skipped>false</skipped>
          <failedSince>0</failedSince>
        </case>
        <case>
          <duration>0.002</duration>
          <className>TestRestQosTarget</className>
          <testName>TestCase02.test06</testName>
          <skipped>false</skipped>
          <failedSince>0</failedSince>
        </case>
        <case>
          <duration>0.003</duration>
          <className>TestRestQosTarget</className>
          <testName>TestCase02.test07</testName>
          <skipped>false</skipped>
          <failedSince>0</failedSince>
        </case>
        <case>
          <duration>0.004</duration>
          <className>TestRestQosTarget</className>
          <testName>TestCase02.test08</testName>
          <skipped>false</skipped>
          <failedSince>0</failedSince>
        </case>
        <case>
          <duration>0.002</duration>
          <className>TestRestQosTarget</className>
          <testName>TestCase02.test09</testName>
          <skipped>false</skipped>
          <failedSince>0</failedSince>
        </case>
        <case>
          <duration>0.002</duration>
          <className>TestRestQosTarget</className>
          <testName>TestCase02.test10</testName>
          <skipped>false</skipped>
          <failedSince>0</failedSince>
        </case>
        <case>
          <duration>0.007</duration>
          <className>TestRestQosTarget</className>
          <testName>TestCase02.test11</testName>
          <skipped>false</skipped>
          <failedSince>0</failedSince>
        </case>
        <case>
          <duration>0.027</duration>
          <className>TestRestQosTarget</className>
          <testName>TestCase02.test12</testName>
          <skipped>false</skipped>
          <failedSince>0</failedSince>
        </case>
        <case>
          <duration>5.203</duration>
          <className>TestRestQosTarget</className>
          <testName>TestCase03.test01</testName>
          <skipped>false</skipped>
          <failedSince>0</failedSince>
        </case>
        <case>
          <duration>0.16</duration>
          <className>TestRestQosTarget</className>
          <testName>TestCase03.test02</testName>
          <skipped>false</skipped>
          <failedSince>0</failedSince>
        </case>
        <case>
          <duration>1.036</duration>
          <className>TestRestQosTarget</className>
          <testName>TestCase04.test01</testName>
          <skipped>false</skipped>
          <failedSince>0</failedSince>
        </case>
        <case>
          <duration>5.2</duration>
          <className>TestRestQosTarget</className>
          <testName>TestCase04.test02</testName>
          <skipped>false</skipped>
          <failedSince>0</failedSince>
        </case>
        <case>
          <duration>1.045</duration>
          <className>TestRestQosTarget</className>
          <testName>TestCase04.test03</testName>
          <skipped>false</skipped>
          <failedSince>0</failedSince>
        </case>
        <case>
          <duration>0.871</duration>
          <className>TestRestQosTarget</className>
          <testName>TestCase04.test04</testName>
          <skipped>false</skipped>
          <failedSince>0</failedSince>
        </case>
        <case>
          <duration>1.315</duration>
          <className>TestRestQosTarget</className>
          <testName>TestCase04.test05</testName>
          <skipped>false</skipped>
          <failedSince>0</failedSince>
        </case>
      </cases>
    </suite>
    <suite>
      <file>/home/jenkins/workspace/Backend/CNE@2/test-results/TEST-cli-TestMulticastDataFeed.xml</file>
      <name>cli.TestMulticastDataFeed</name>
      <stdout>...Trying with channel chn-01-04-complete
Trying with channel chn-01-04-complete-policymap class pm-cm-0
.........Test skipped on the CorvilNet Engine
.Test skipped on the CorvilNet Engine
.Test skipped on the CorvilNet Engine
...</stdout>
      <stderr></stderr>
      <duration>64.601</duration>
      <timestamp>2019-10-31T08:48:46.105622</timestamp>
      <time>64.601</time>
      <enclosingBlocks/>
      <enclosingBlockNames/>
      <cases>
        <case>
          <duration>29.612</duration>
          <className>TestMulticastDataFeed</className>
          <testName>TestCase01.test01</testName>
          <skipped>false</skipped>
          <failedSince>0</failedSince>
        </case>
        <case>
          <duration>1.257</duration>
          <className>TestMulticastDataFeed</className>
          <testName>TestCase01.test02</testName>
          <skipped>false</skipped>
          <failedSince>0</failedSince>
        </case>
        <case>
          <duration>2.772</duration>
          <className>TestMulticastDataFeed</className>
          <testName>TestCase01.test03</testName>
          <skipped>false</skipped>
          <failedSince>0</failedSince>
        </case>
        <case>
          <duration>5.786</duration>
          <className>TestMulticastDataFeed</className>
          <testName>TestCase01.test04</testName>
          <skipped>false</skipped>
          <failedSince>0</failedSince>
        </case>
        <case>
          <duration>2.916</duration>
          <className>TestMulticastDataFeed</className>
          <testName>TestCase01.test05</testName>
          <skipped>false</skipped>
          <failedSince>0</failedSince>
        </case>
        <case>
          <duration>0.017</duration>
          <className>TestMulticastDataFeed</className>
          <testName>TestCase01.test06</testName>
          <skipped>false</skipped>
          <failedSince>0</failedSince>
        </case>
        <case>
          <duration>0.189</duration>
          <className>TestMulticastDataFeed</className>
          <testName>TestCase01.test07</testName>
          <skipped>false</skipped>
          <failedSince>0</failedSince>
        </case>
        <case>
          <duration>2.153</duration>
          <className>TestMulticastDataFeed</className>
          <testName>TestCase01.test08</testName>
          <skipped>false</skipped>
          <failedSince>0</failedSince>
        </case>
        <case>
          <duration>1.408</duration>
          <className>TestMulticastDataFeed</className>
          <testName>TestCase01.test09</testName>
          <skipped>false</skipped>
          <failedSince>0</failedSince>
        </case>
        <case>
          <duration>1.484</duration>
          <className>TestMulticastDataFeed</className>
          <testName>TestCase01.test10</testName>
          <skipped>false</skipped>
          <failedSince>0</failedSince>
        </case>
        <case>
          <duration>0.169</duration>
          <className>TestMulticastDataFeed</className>
          <testName>TestCase01.test11</testName>
          <skipped>false</skipped>
          <failedSince>0</failedSince>
        </case>
        <case>
          <duration>8.921</duration>
          <className>TestMulticastDataFeed</className>
          <testName>TestCase01.test12</testName>
          <skipped>false</skipped>
          <failedSince>0</failedSince>
        </case>
        <case>
          <duration>0.088</duration>
          <className>TestMulticastDataFeed</className>
          <testName>TestCase02.test01</testName>
          <skipped>false</skipped>
          <failedSince>0</failedSince>
        </case>
        <case>
          <duration>0.117</duration>
          <className>TestMulticastDataFeed</className>
          <testName>TestCase02.test02</testName>
          <skipped>false</skipped>
          <failedSince>0</failedSince>
        </case>
        <case>
          <duration>0.122</duration>
          <className>TestMulticastDataFeed</className>
          <testName>TestCase02.test03</testName>
          <skipped>false</skipped>
          <failedSince>0</failedSince>
        </case>
        <case>
          <duration>7.459</duration>
          <className>TestMulticastDataFeed</className>
          <testName>TestCase02.test04</testName>
          <skipped>false</skipped>
          <failedSince>0</failedSince>
        </case>
        <case>
          <duration>0.131</duration>
          <className>TestMulticastDataFeed</className>
          <testName>TestCase02.test05</testName>
          <skipped>false</skipped>
          <failedSince>0</failedSince>
        </case>
      </cases>
    </suite>
    <suite>
      <file>/home/jenkins/workspace/Backend/CNE@3/test-results/TEST-rest-TestRestPnqmSecRules.xml</file>
      <name>rest.TestRestPnqmSecRules</name>
      <stdout>.....</stdout>
      <stderr></stderr>
      <duration>49.313</duration>
      <timestamp>2019-10-31T08:49:02.404182</timestamp>
      <time>49.313</time>
      <enclosingBlocks/>
      <enclosingBlockNames/>
      <cases>
        <case>
          <duration>18.665</duration>
          <className>TestRestPnqmSecRules</className>
          <testName>TestCase01.test01</testName>
          <skipped>false</skipped>
          <failedSince>0</failedSince>
        </case>
        <case>
          <duration>1.57</duration>
          <className>TestRestPnqmSecRules</className>
          <testName>TestCase01.test02</testName>
          <skipped>false</skipped>
          <failedSince>0</failedSince>
        </case>
        <case>
          <duration>6.018</duration>
          <className>TestRestPnqmSecRules</className>
          <testName>TestCase01.test03</testName>
          <skipped>false</skipped>
          <failedSince>0</failedSince>
        </case>
        <case>
          <duration>0.046</duration>
          <className>TestRestPnqmSecRules</className>
          <testName>TestCase01.test04</testName>
          <skipped>false</skipped>
          <failedSince>0</failedSince>
        </case>
        <case>
          <duration>23.014</duration>
          <className>TestRestPnqmSecRules</className>
          <testName>TestCase01.test05</testName>
          <skipped>false</skipped>
          <failedSince>0</failedSince>
        </case>
      </cases>
    </suite>
    <suite>
      <file>/home/jenkins/workspace/Backend/CNE/test-results/TEST-rest-TestRestCustomDashboard.xml</file>
      <name>rest.TestRestCustomDashboard</name>
      <stdout>..............</stdout>
      <stderr></stderr>
      <duration>31.699</duration>
      <timestamp>2019-10-31T08:49:26.431076</timestamp>
      <time>31.699</time>
      <enclosingBlocks/>
      <enclosingBlockNames/>
      <cases>
        <case>
          <duration>17.371</duration>
          <className>TestRestCustomDashboard</className>
          <testName>TestCase01.test01</testName>
          <skipped>false</skipped>
          <failedSince>0</failedSince>
        </case>
        <case>
          <duration>0.142</duration>
          <className>TestRestCustomDashboard</className>
          <testName>TestCase01.test02</testName>
          <skipped>false</skipped>
          <failedSince>0</failedSince>
        </case>
        <case>
          <duration>0.041</duration>
          <className>TestRestCustomDashboard</className>
          <testName>TestCase01.test03</testName>
          <skipped>false</skipped>
          <failedSince>0</failedSince>
        </case>
        <case>
          <duration>0.008</duration>
          <className>TestRestCustomDashboard</className>
          <testName>TestCase01.test04</testName>
          <skipped>false</skipped>
          <failedSince>0</failedSince>
        </case>
        <case>
          <duration>0.013</duration>
          <className>TestRestCustomDashboard</className>
          <testName>TestCase01.test05</testName>
          <skipped>false</skipped>
          <failedSince>0</failedSince>
        </case>
        <case>
          <duration>1.768</duration>
          <className>TestRestCustomDashboard</className>
          <testName>TestCase02.test01</testName>
          <skipped>false</skipped>
          <failedSince>0</failedSince>
        </case>
        <case>
          <duration>0.02</duration>
          <className>TestRestCustomDashboard</className>
          <testName>TestCase02.test02</testName>
          <skipped>false</skipped>
          <failedSince>0</failedSince>
        </case>
        <case>
          <duration>0.002</duration>
          <className>TestRestCustomDashboard</className>
          <testName>TestCase02.test03</testName>
          <skipped>false</skipped>
          <failedSince>0</failedSince>
        </case>
        <case>
          <duration>0.005</duration>
          <className>TestRestCustomDashboard</className>
          <testName>TestCase02.test04</testName>
          <skipped>false</skipped>
          <failedSince>0</failedSince>
        </case>
        <case>
          <duration>3.923</duration>
          <className>TestRestCustomDashboard</className>
          <testName>TestCase02.test05</testName>
          <skipped>false</skipped>
          <failedSince>0</failedSince>
        </case>
        <case>
          <duration>1.076</duration>
          <className>TestRestCustomDashboard</className>
          <testName>TestCase03.test01</testName>
          <skipped>false</skipped>
          <failedSince>0</failedSince>
        </case>
        <case>
          <duration>1.039</duration>
          <className>TestRestCustomDashboard</className>
          <testName>TestCase03.test02</testName>
          <skipped>false</skipped>
          <failedSince>0</failedSince>
        </case>
        <case>
          <duration>4.287</duration>
          <className>TestRestCustomDashboard</className>
          <testName>TestCase04.test01</testName>
          <skipped>false</skipped>
          <failedSince>0</failedSince>
        </case>
        <case>
          <duration>2.002</duration>
          <className>TestRestCustomDashboard</className>
          <testName>TestCase05.test01</testName>
          <skipped>false</skipped>
          <failedSince>0</failedSince>
        </case>
      </cases>
    </suite>
    <suite>
      <file>/home/jenkins/workspace/Backend/CNE@14/test-results/TEST-cli-TestRadiusAuthentication.xml</file>
      <name>cli.TestRadiusAuthentication</name>
      <stdout>..Test test01 skipped in sandbox
.Test test02 skipped in sandbox
........................</stdout>
      <stderr></stderr>
      <duration>78.252</duration>
      <timestamp>2019-10-31T08:48:09.488909</timestamp>
      <time>78.252</time>
      <enclosingBlocks/>
      <enclosingBlockNames/>
      <cases>
        <case>
          <duration>24.881</duration>
          <className>TestRadiusAuthentication</className>
          <testName>TestCase00.test01</testName>
          <skipped>false</skipped>
          <failedSince>0</failedSince>
        </case>
        <case>
          <duration>3.419</duration>
          <className>TestRadiusAuthentication</className>
          <testName>TestCase01.test00</testName>
          <skipped>false</skipped>
          <failedSince>0</failedSince>
        </case>
        <case>
          <duration>0.0</duration>
          <className>TestRadiusAuthentication</className>
          <testName>TestCase01.test01</testName>
          <skipped>false</skipped>
          <failedSince>0</failedSince>
        </case>
        <case>
          <duration>0.0</duration>
          <className>TestRadiusAuthentication</className>
          <testName>TestCase01.test02</testName>
          <skipped>false</skipped>
          <failedSince>0</failedSince>
        </case>
        <case>
          <duration>0.094</duration>
          <className>TestRadiusAuthentication</className>
          <testName>TestCase01.test03</testName>
          <skipped>false</skipped>
          <failedSince>0</failedSince>
        </case>
        <case>
          <duration>0.022</duration>
          <className>TestRadiusAuthentication</className>
          <testName>TestCase01.test04</testName>
          <skipped>false</skipped>
          <failedSince>0</failedSince>
        </case>
        <case>
          <duration>0.017</duration>
          <className>TestRadiusAuthentication</className>
          <testName>TestCase01.test05</testName>
          <skipped>false</skipped>
          <failedSince>0</failedSince>
        </case>
        <case>
          <duration>1.873</duration>
          <className>TestRadiusAuthentication</className>
          <testName>TestCase01.test06</testName>
          <skipped>false</skipped>
          <failedSince>0</failedSince>
        </case>
        <case>
          <duration>1.485</duration>
          <className>TestRadiusAuthentication</className>
          <testName>TestCase01.test07</testName>
          <skipped>false</skipped>
          <failedSince>0</failedSince>
        </case>
        <case>
          <duration>1.013</duration>
          <className>TestRadiusAuthentication</className>
          <testName>TestCase01.test08</testName>
          <skipped>false</skipped>
          <failedSince>0</failedSince>
        </case>
        <case>
          <duration>1.419</duration>
          <className>TestRadiusAuthentication</className>
          <testName>TestCase01.test09</testName>
          <skipped>false</skipped>
          <failedSince>0</failedSince>
        </case>
        <case>
          <duration>1.467</duration>
          <className>TestRadiusAuthentication</className>
          <testName>TestCase01.test10</testName>
          <skipped>false</skipped>
          <failedSince>0</failedSince>
        </case>
        <case>
          <duration>3.507</duration>
          <className>TestRadiusAuthentication</className>
          <testName>TestCase02.test00</testName>
          <skipped>false</skipped>
          <failedSince>0</failedSince>
        </case>
        <case>
          <duration>1.53</duration>
          <className>TestRadiusAuthentication</className>
          <testName>TestCase02.test01</testName>
          <skipped>false</skipped>
          <failedSince>0</failedSince>
        </case>
        <case>
          <duration>1.612</duration>
          <className>TestRadiusAuthentication</className>
          <testName>TestCase02.test02</testName>
          <skipped>false</skipped>
          <failedSince>0</failedSince>
        </case>
        <case>
          <duration>1.508</duration>
          <className>TestRadiusAuthentication</className>
          <testName>TestCase02.test03</testName>
          <skipped>false</skipped>
          <failedSince>0</failedSince>
        </case>
        <case>
          <duration>1.323</duration>
          <className>TestRadiusAuthentication</className>
          <testName>TestCase02.test04</testName>
          <skipped>false</skipped>
          <failedSince>0</failedSince>
        </case>
        <case>
          <duration>1.822</duration>
          <className>TestRadiusAuthentication</className>
          <testName>TestCase02.test05</testName>
          <skipped>false</skipped>
          <failedSince>0</failedSince>
        </case>
        <case>
          <duration>1.632</duration>
          <className>TestRadiusAuthentication</className>
          <testName>TestCase02.test06</testName>
          <skipped>false</skipped>
          <failedSince>0</failedSince>
        </case>
        <case>
          <duration>3.858</duration>
          <className>TestRadiusAuthentication</className>
          <testName>TestCase03.test00</testName>
          <skipped>false</skipped>
          <failedSince>0</failedSince>
        </case>
        <case>
          <duration>3.282</duration>
          <className>TestRadiusAuthentication</className>
          <testName>TestCase03.test01</testName>
          <skipped>false</skipped>
          <failedSince>0</failedSince>
        </case>
        <case>
          <duration>3.783</duration>
          <className>TestRadiusAuthentication</className>
          <testName>TestCase03.test02</testName>
          <skipped>false</skipped>
          <failedSince>0</failedSince>
        </case>
        <case>
          <duration>4.74</duration>
          <className>TestRadiusAuthentication</className>
          <testName>TestCase03.test03</testName>
          <skipped>false</skipped>
          <failedSince>0</failedSince>
        </case>
        <case>
          <duration>2.991</duration>
          <className>TestRadiusAuthentication</className>
          <testName>TestCase03.test04</testName>
          <skipped>false</skipped>
          <failedSince>0</failedSince>
        </case>
        <case>
          <duration>3.634</duration>
          <className>TestRadiusAuthentication</className>
          <testName>TestCase03.test05</testName>
          <skipped>false</skipped>
          <failedSince>0</failedSince>
        </case>
        <case>
          <duration>3.406</duration>
          <className>TestRadiusAuthentication</className>
          <testName>TestCase03.test06</testName>
          <skipped>false</skipped>
          <failedSince>0</failedSince>
        </case>
        <case>
          <duration>3.932</duration>
          <className>TestRadiusAuthentication</className>
          <testName>TestCase99.test01</testName>
          <skipped>false</skipped>
          <failedSince>0</failedSince>
        </case>
      </cases>
    </suite>
    <suite>
      <file>/home/jenkins/workspace/Backend/CNE@3/test-results/TEST-cli-TestRadiusAccounting.xml</file>
      <name>cli.TestRadiusAccounting</name>
      <stdout>..Test test01 skipped in sandbox
..</stdout>
      <stderr></stderr>
      <duration>28.031</duration>
      <timestamp>2019-10-31T08:49:32.607539</timestamp>
      <time>28.031</time>
      <enclosingBlocks/>
      <enclosingBlockNames/>
      <cases>
        <case>
          <duration>21.883</duration>
          <className>TestRadiusAccounting</className>
          <testName>TestCase00.test01</testName>
          <skipped>false</skipped>
          <failedSince>0</failedSince>
        </case>
        <case>
          <duration>2.431</duration>
          <className>TestRadiusAccounting</className>
          <testName>TestCase01.test00</testName>
          <skipped>false</skipped>
          <failedSince>0</failedSince>
        </case>
        <case>
          <duration>0.0</duration>
          <className>TestRadiusAccounting</className>
          <testName>TestCase01.test01</testName>
          <skipped>false</skipped>
          <failedSince>0</failedSince>
        </case>
        <case>
          <duration>3.716</duration>
          <className>TestRadiusAccounting</className>
          <testName>TestCase99.test01</testName>
          <skipped>false</skipped>
          <failedSince>0</failedSince>
        </case>
      </cases>
    </suite>
    <suite>
      <file>/home/jenkins/workspace/Backend/CNE@2/test-results/TEST-cli-TestEndpoint.xml</file>
      <name>cli.TestEndpoint</name>
      <stdout>Clearing host config ...
.....................
TestCase01.test22: BQM-18140: Improperly scaped subnets names
.
TestCase01.test23: System limit on the number of subnets inside a subnet-group
.
TestCase01.test24: BQM-55332 Config merger fails for subnets matching other subnets if we are close to the subnet limit
.
TestCase01.test25: BQM-51339 subnet-group limit should be at least equal to max number of sessions
.</stdout>
      <stderr></stderr>
      <duration>37.899</duration>
      <timestamp>2019-10-31T08:49:24.687582</timestamp>
      <time>37.899</time>
      <enclosingBlocks/>
      <enclosingBlockNames/>
      <cases>
        <case>
          <duration>18.302</duration>
          <className>TestEndpoint</className>
          <testName>TestCase01.test01</testName>
          <skipped>false</skipped>
          <failedSince>0</failedSince>
        </case>
        <case>
          <duration>0.574</duration>
          <className>TestEndpoint</className>
          <testName>TestCase01.test02</testName>
          <skipped>false</skipped>
          <failedSince>0</failedSince>
        </case>
        <case>
          <duration>0.038</duration>
          <className>TestEndpoint</className>
          <testName>TestCase01.test03</testName>
          <skipped>false</skipped>
          <failedSince>0</failedSince>
        </case>
        <case>
          <duration>0.062</duration>
          <className>TestEndpoint</className>
          <testName>TestCase01.test04</testName>
          <skipped>false</skipped>
          <failedSince>0</failedSince>
        </case>
        <case>
          <duration>0.063</duration>
          <className>TestEndpoint</className>
          <testName>TestCase01.test05</testName>
          <skipped>false</skipped>
          <failedSince>0</failedSince>
        </case>
        <case>
          <duration>0.064</duration>
          <className>TestEndpoint</className>
          <testName>TestCase01.test06</testName>
          <skipped>false</skipped>
          <failedSince>0</failedSince>
        </case>
        <case>
          <duration>0.082</duration>
          <className>TestEndpoint</className>
          <testName>TestCase01.test07</testName>
          <skipped>false</skipped>
          <failedSince>0</failedSince>
        </case>
        <case>
          <duration>0.037</duration>
          <className>TestEndpoint</className>
          <testName>TestCase01.test08</testName>
          <skipped>false</skipped>
          <failedSince>0</failedSince>
        </case>
        <case>
          <duration>0.064</duration>
          <className>TestEndpoint</className>
          <testName>TestCase01.test09</testName>
          <skipped>false</skipped>
          <failedSince>0</failedSince>
        </case>
        <case>
          <duration>0.05</duration>
          <className>TestEndpoint</className>
          <testName>TestCase01.test10</testName>
          <skipped>false</skipped>
          <failedSince>0</failedSince>
        </case>
        <case>
          <duration>0.035</duration>
          <className>TestEndpoint</className>
          <testName>TestCase01.test11</testName>
          <skipped>false</skipped>
          <failedSince>0</failedSince>
        </case>
        <case>
          <duration>0.179</duration>
          <className>TestEndpoint</className>
          <testName>TestCase01.test12</testName>
          <skipped>false</skipped>
          <failedSince>0</failedSince>
        </case>
        <case>
          <duration>0.03</duration>
          <className>TestEndpoint</className>
          <testName>TestCase01.test13</testName>
          <skipped>false</skipped>
          <failedSince>0</failedSince>
        </case>
        <case>
          <duration>0.018</duration>
          <className>TestEndpoint</className>
          <testName>TestCase01.test14</testName>
          <skipped>false</skipped>
          <failedSince>0</failedSince>
        </case>
        <case>
          <duration>0.021</duration>
          <className>TestEndpoint</className>
          <testName>TestCase01.test15</testName>
          <skipped>false</skipped>
          <failedSince>0</failedSince>
        </case>
        <case>
          <duration>0.037</duration>
          <className>TestEndpoint</className>
          <testName>TestCase01.test16</testName>
          <skipped>false</skipped>
          <failedSince>0</failedSince>
        </case>
        <case>
          <duration>0.316</duration>
          <className>TestEndpoint</className>
          <testName>TestCase01.test17</testName>
          <skipped>false</skipped>
          <failedSince>0</failedSince>
        </case>
        <case>
          <duration>0.127</duration>
          <className>TestEndpoint</className>
          <testName>TestCase01.test18</testName>
          <skipped>false</skipped>
          <failedSince>0</failedSince>
        </case>
        <case>
          <duration>0.134</duration>
          <className>TestEndpoint</className>
          <testName>TestCase01.test19</testName>
          <skipped>false</skipped>
          <failedSince>0</failedSince>
        </case>
        <case>
          <duration>0.063</duration>
          <className>TestEndpoint</className>
          <testName>TestCase01.test20</testName>
          <skipped>false</skipped>
          <failedSince>0</failedSince>
        </case>
        <case>
          <duration>0.768</duration>
          <className>TestEndpoint</className>
          <testName>TestCase01.test21</testName>
          <skipped>false</skipped>
          <failedSince>0</failedSince>
        </case>
        <case>
          <duration>12.705</duration>
          <className>TestEndpoint</className>
          <testName>TestCase01.test22</testName>
          <skipped>false</skipped>
          <failedSince>0</failedSince>
        </case>
        <case>
          <duration>0.102</duration>
          <className>TestEndpoint</className>
          <testName>TestCase01.test23</testName>
          <skipped>false</skipped>
          <failedSince>0</failedSince>
        </case>
        <case>
          <duration>4.022</duration>
          <className>TestEndpoint</className>
          <testName>TestCase01.test24</testName>
          <skipped>false</skipped>
          <failedSince>0</failedSince>
        </case>
        <case>
          <duration>0.003</duration>
          <className>TestEndpoint</className>
          <testName>TestCase01.test25</testName>
          <skipped>false</skipped>
          <failedSince>0</failedSince>
        </case>
      </cases>
    </suite>
    <suite>
      <file>/home/jenkins/workspace/Backend/CNE/test-results/TEST-rest-TestRestPolicyMap.xml</file>
      <name>rest.TestRestPolicyMap</name>
      <stdout>........................</stdout>
      <stderr></stderr>
      <duration>44.519</duration>
      <timestamp>2019-10-31T08:49:18.472511</timestamp>
      <time>44.519</time>
      <enclosingBlocks/>
      <enclosingBlockNames/>
      <cases>
        <case>
          <duration>14.436</duration>
          <className>TestRestPolicyMap</className>
          <testName>TestCase01.test01</testName>
          <skipped>false</skipped>
          <failedSince>0</failedSince>
        </case>
        <case>
          <duration>0.019</duration>
          <className>TestRestPolicyMap</className>
          <testName>TestCase01.test02</testName>
          <skipped>false</skipped>
          <failedSince>0</failedSince>
        </case>
        <case>
          <duration>0.031</duration>
          <className>TestRestPolicyMap</className>
          <testName>TestCase01.test03</testName>
          <skipped>false</skipped>
          <failedSince>0</failedSince>
        </case>
        <case>
          <duration>0.044</duration>
          <className>TestRestPolicyMap</className>
          <testName>TestCase01.test04</testName>
          <skipped>false</skipped>
          <failedSince>0</failedSince>
        </case>
        <case>
          <duration>0.514</duration>
          <className>TestRestPolicyMap</className>
          <testName>TestCase01.test06</testName>
          <skipped>false</skipped>
          <failedSince>0</failedSince>
        </case>
        <case>
          <duration>0.024</duration>
          <className>TestRestPolicyMap</className>
          <testName>TestCase01.test07</testName>
          <skipped>false</skipped>
          <failedSince>0</failedSince>
        </case>
        <case>
          <duration>0.081</duration>
          <className>TestRestPolicyMap</className>
          <testName>TestCase01.test09</testName>
          <skipped>false</skipped>
          <failedSince>0</failedSince>
        </case>
        <case>
          <duration>0.036</duration>
          <className>TestRestPolicyMap</className>
          <testName>TestCase01.test10</testName>
          <skipped>false</skipped>
          <failedSince>0</failedSince>
        </case>
        <case>
          <duration>0.052</duration>
          <className>TestRestPolicyMap</className>
          <testName>TestCase01.test13</testName>
          <skipped>false</skipped>
          <failedSince>0</failedSince>
        </case>
        <case>
          <duration>0.031</duration>
          <className>TestRestPolicyMap</className>
          <testName>TestCase01.test14</testName>
          <skipped>false</skipped>
          <failedSince>0</failedSince>
        </case>
        <case>
          <duration>0.42</duration>
          <className>TestRestPolicyMap</className>
          <testName>TestCase01.test15</testName>
          <skipped>false</skipped>
          <failedSince>0</failedSince>
        </case>
        <case>
          <duration>2.099</duration>
          <className>TestRestPolicyMap</className>
          <testName>TestCase01.test16</testName>
          <skipped>false</skipped>
          <failedSince>0</failedSince>
        </case>
        <case>
          <duration>2.638</duration>
          <className>TestRestPolicyMap</className>
          <testName>TestCase01.test17</testName>
          <skipped>false</skipped>
          <failedSince>0</failedSince>
        </case>
        <case>
          <duration>1.064</duration>
          <className>TestRestPolicyMap</className>
          <testName>TestCase01.test18</testName>
          <skipped>false</skipped>
          <failedSince>0</failedSince>
        </case>
        <case>
          <duration>2.015</duration>
          <className>TestRestPolicyMap</className>
          <testName>TestCase01.test19</testName>
          <skipped>false</skipped>
          <failedSince>0</failedSince>
        </case>
        <case>
          <duration>2.886</duration>
          <className>TestRestPolicyMap</className>
          <testName>TestCase01.test20</testName>
          <skipped>false</skipped>
          <failedSince>0</failedSince>
        </case>
        <case>
          <duration>0.053</duration>
          <className>TestRestPolicyMap</className>
          <testName>TestCase01.test21</testName>
          <skipped>false</skipped>
          <failedSince>0</failedSince>
        </case>
        <case>
          <duration>0.024</duration>
          <className>TestRestPolicyMap</className>
          <testName>TestCase01.test22</testName>
          <skipped>false</skipped>
          <failedSince>0</failedSince>
        </case>
        <case>
          <duration>3.052</duration>
          <className>TestRestPolicyMap</className>
          <testName>TestCase01.test23</testName>
          <skipped>false</skipped>
          <failedSince>0</failedSince>
        </case>
        <case>
          <duration>0.045</duration>
          <className>TestRestPolicyMap</className>
          <testName>TestCase01.test24</testName>
          <skipped>false</skipped>
          <failedSince>0</failedSince>
        </case>
        <case>
          <duration>6.264</duration>
          <className>TestRestPolicyMap</className>
          <testName>TestCase02.test01</testName>
          <skipped>false</skipped>
          <failedSince>0</failedSince>
        </case>
        <case>
          <duration>7.068</duration>
          <className>TestRestPolicyMap</className>
          <testName>TestCase02.test02</testName>
          <skipped>false</skipped>
          <failedSince>0</failedSince>
        </case>
        <case>
          <duration>0.782</duration>
          <className>TestRestPolicyMap</className>
          <testName>TestCase02.test03</testName>
          <skipped>false</skipped>
          <failedSince>0</failedSince>
        </case>
        <case>
          <duration>0.84</duration>
          <className>TestRestPolicyMap</className>
          <testName>TestCase02.test04</testName>
          <skipped>false</skipped>
          <failedSince>0</failedSince>
        </case>
      </cases>
    </suite>
    <suite>
      <file>/home/jenkins/workspace/Backend/CNE/test-results/TEST-cli-TestPorts.xml</file>
      <name>cli.TestPorts</name>
      <stdout>....Test test05 skipped in sandbox
...Test skipped on the CorvilNet Engine
.Test skipped on the CorvilNet Engine
...Test test12 skipped in sandbox
.Mgmt2 not present - skipping the test.
..Test test15 skipped in sandbox
.Test test16 skipped in sandbox
.
TestCase01.test17: extract-metadata should no longer reset group ID on port
E...
XXXXXXXXXXXXXXXXXXXXXXXXXXXXXXXXXXXXXXXXXXXXXXXXX
This system does not support IPMI
XXXXXXXXXXXXXXXXXXXXXXXXXXXXXXXXXXXXXXXXXXXXXXXXX
.
TestCase01.test21: Test that non present ports C and D are properly removed from defaultConfig.xml on 2-port platforms
.</stdout>
      <stderr></stderr>
      <duration>48.261</duration>
      <timestamp>2019-10-31T08:49:16.486249</timestamp>
      <time>48.261</time>
      <enclosingBlocks/>
      <enclosingBlockNames/>
      <cases>
        <case>
          <duration>27.841</duration>
          <className>TestPorts</className>
          <testName>TestCase01.test01</testName>
          <skipped>false</skipped>
          <failedSince>0</failedSince>
        </case>
        <case>
          <duration>0.092</duration>
          <className>TestPorts</className>
          <testName>TestCase01.test02</testName>
          <skipped>false</skipped>
          <failedSince>0</failedSince>
        </case>
        <case>
          <duration>0.176</duration>
          <className>TestPorts</className>
          <testName>TestCase01.test03</testName>
          <skipped>false</skipped>
          <failedSince>0</failedSince>
        </case>
        <case>
          <duration>0.154</duration>
          <className>TestPorts</className>
          <testName>TestCase01.test04</testName>
          <skipped>false</skipped>
          <failedSince>0</failedSince>
        </case>
        <case>
          <duration>0.018</duration>
          <className>TestPorts</className>
          <testName>TestCase01.test05</testName>
          <skipped>false</skipped>
          <failedSince>0</failedSince>
        </case>
        <case>
          <duration>3.0</duration>
          <className>TestPorts</className>
          <testName>TestCase01.test06</testName>
          <skipped>false</skipped>
          <failedSince>0</failedSince>
        </case>
        <case>
          <duration>3.74</duration>
          <className>TestPorts</className>
          <testName>TestCase01.test07</testName>
          <skipped>false</skipped>
          <failedSince>0</failedSince>
        </case>
        <case>
          <duration>0.106</duration>
          <className>TestPorts</className>
          <testName>TestCase01.test08</testName>
          <skipped>false</skipped>
          <failedSince>0</failedSince>
        </case>
        <case>
          <duration>0.061</duration>
          <className>TestPorts</className>
          <testName>TestCase01.test09</testName>
          <skipped>false</skipped>
          <failedSince>0</failedSince>
        </case>
        <case>
          <duration>5.134</duration>
          <className>TestPorts</className>
          <testName>TestCase01.test10</testName>
          <skipped>false</skipped>
          <failedSince>0</failedSince>
        </case>
        <case>
          <duration>0.187</duration>
          <className>TestPorts</className>
          <testName>TestCase01.test11</testName>
          <skipped>false</skipped>
          <failedSince>0</failedSince>
        </case>
        <case>
          <duration>0.001</duration>
          <className>TestPorts</className>
          <testName>TestCase01.test12</testName>
          <skipped>false</skipped>
          <failedSince>0</failedSince>
        </case>
        <case>
          <duration>0.021</duration>
          <className>TestPorts</className>
          <testName>TestCase01.test13</testName>
          <skipped>false</skipped>
          <failedSince>0</failedSince>
        </case>
        <case>
          <duration>0.045</duration>
          <className>TestPorts</className>
          <testName>TestCase01.test14</testName>
          <skipped>false</skipped>
          <failedSince>0</failedSince>
        </case>
        <case>
          <duration>0.028</duration>
          <className>TestPorts</className>
          <testName>TestCase01.test15</testName>
          <skipped>false</skipped>
          <failedSince>0</failedSince>
        </case>
        <case>
          <duration>0.0</duration>
          <className>TestPorts</className>
          <testName>TestCase01.test16</testName>
          <skipped>false</skipped>
          <failedSince>0</failedSince>
        </case>
        <case>
          <duration>1.628</duration>
          <className>TestPorts</className>
          <testName>TestCase01.test17</testName>
          <skipped>false</skipped>
          <errorStackTrace>Traceback (most recent call last):
  File &quot;/components/probed/test/testcases/probe.py&quot;, line 554, in x
    tf(self)
  File &quot;/components/probed/test/testcases/probe.py&quot;, line 836, in g
    r = f(*args,**kwargs)
  File &quot;/components/cna/host/src/probed/test/cli/TestPorts.py&quot;, line 693, in test17
    ).notContains(&quot;Warning&quot;)
  File &quot;/components/probed/test/testcases/probe.py&quot;, line 1331, in notContains
    raise CmdOutputFoundException(self, message)
probe.CmdOutputFoundException: Command: extract-metadata aggregation-tap agg
Had this output: Warning: Timestamp extraction is not supported on this platform

It did contain this: Warning
</errorStackTrace>
          <failedSince>4253</failedSince>
        </case>
        <case>
          <duration>4.035</duration>
          <className>TestPorts</className>
          <testName>TestCase01.test18</testName>
          <skipped>false</skipped>
          <failedSince>0</failedSince>
        </case>
        <case>
          <duration>1.769</duration>
          <className>TestPorts</className>
          <testName>TestCase01.test19</testName>
          <skipped>false</skipped>
          <failedSince>0</failedSince>
        </case>
        <case>
          <duration>0.026</duration>
          <className>TestPorts</className>
          <testName>TestCase01.test20</testName>
          <skipped>false</skipped>
          <failedSince>0</failedSince>
        </case>
        <case>
          <duration>0.192</duration>
          <className>TestPorts</className>
          <testName>TestCase01.test21</testName>
          <skipped>false</skipped>
          <failedSince>0</failedSince>
        </case>
      </cases>
    </suite>
    <suite>
      <file>/home/jenkins/workspace/Backend/CNE@3/test-results/TEST-multicast-TestMulticastFeed.xml</file>
      <name>multicast.TestMulticastFeed</name>
      <stdout>TestCase01.test01: Basic PNQM test for multicast feed
Starting corvil feed listener on port 55510, sanity: True, assert sanity: True
Port: 55510 Current 1, last: 0
Port: 55510 Current 2, last: 1
Found 200 source sigs, 198 destination sigs, 66 total packets
Port: 55510 Current 3, last: 2
Found 200 source sigs, 198 destination sigs, 106 total packets
Port: 55510 Current 4, last: 3
Found 202 source sigs, 200 destination sigs, 166 total packets
Port: 55510 Current 5, last: 4
Found 202 source sigs, 200 destination sigs, 186 total packets
Found 202 source sigs, 200 destination sigs, 190 total packets
Port: 55510 Current 6, last: 5
Found 202 source sigs, 200 destination sigs, 192 total packets
Found 202 source sigs, 200 destination sigs, 194 total packets
Port: 55510 Current 7, last: 6
Found 202 source sigs, 200 destination sigs, 196 total packets
Found 202 source sigs, 200 destination sigs, 200 total packets
Port: 55510 Current 8, last: 7
Found 202 source sigs, 200 destination sigs, 202 total packets
Port: 55510 Current 9, last: 8
Checking id 1
25403000 is not within 10% of 20000000: i=0
version: 1
sequence_number: 0
utc_start_ns: 1572511313000000000
sequence_reset: true
measurement {
  source_id: 1
  packet_count: 0
  message_count: 0
  latency {
    count: 0
  }
  loss: 0
  loss_percent: 0
}
measurement {
  source_id: 2
  packet_count: 0
  message_count: 0
  latency {
    count: 0
  }
  loss: 0
  loss_percent: 0
}

version: 1
sequence_number: 1
utc_start_ns: 1572511314000000000
measurement {
  source_id: 1
  packet_count: 0
  message_count: 0
  latency {
    count: 0
  }
  loss: 0
  loss_percent: 0
}
measurement {
  source_id: 2
  packet_count: 0
  message_count: 0
  latency {
    count: 0
  }
  loss: 0
  loss_percent: 0
}

version: 1
sequence_number: 2
utc_start_ns: 1572511315000000000
measurement {
  source_id: 1
  packet_count: 0
  message_count: 0
  latency {
    count: 0
  }
  loss: 0
  loss_percent: 0
}
measurement {
  source_id: 2
  packet_count: 0
  message_count: 0
  latency {
    count: 0
  }
  loss: 0
  loss_percent: 0
}

version: 1
sequence_number: 3
utc_start_ns: 1572511316000000000
measurement {
  source_id: 1
  packet_count: 0
  message_count: 0
  latency {
    count: 0
  }
  loss: 0
  loss_percent: 0
}
measurement {
  source_id: 2
  packet_count: 0
  message_count: 0
  latency {
    count: 0
  }
  loss: 0
  loss_percent: 0
}

version: 1
sequence_number: 4
utc_start_ns: 1572511317000000000
measurement {
  source_id: 1
  packet_count: 38
  message_count: 38
  latency {
    max: 25403000
    min: 20008000
    mean: 20166316
    count: 38
    percentile1: 20008000
    percentile2: 25403000
  }
  loss: 0
  loss_percent: 0
}
measurement {
  source_id: 2
  packet_count: 38
  message_count: 38
  latency {
    max: 25403000
    min: 20008000
    mean: 20166316
    count: 38
    percentile1: 20008000
    percentile2: 25403000
  }
  loss: 0
  loss_percent: 0
}

version: 1
sequence_number: 5
utc_start_ns: 1572511318000000000
measurement {
  source_id: 1
  packet_count: 49
  message_count: 49
  latency {
    max: 20022000
    min: 20008000
    mean: 20013123
    count: 49
    percentile1: 20008000
    percentile2: 20022000
  }
  loss: 0
  loss_percent: 0
}
measurement {
  source_id: 2
  packet_count: 49
  message_count: 49
  latency {
    max: 20022000
    min: 20008000
    mean: 20013123
    count: 49
    percentile1: 20008000
    percentile2: 20022000
  }
  loss: 0
  loss_percent: 0
}

version: 1
sequence_number: 6
utc_start_ns: 1572511319000000000
measurement {
  source_id: 1
  packet_count: 8
  message_count: 8
  latency {
    max: 400099000
    min: 20011000
    mean: 162523875
    count: 8
    percentile1: 20011000
    percentile2: 400099000
  }
  loss: 0
  loss_percent: 0
}
measurement {
  source_id: 2
  packet_count: 8
  message_count: 8
  latency {
    max: 400099000
    min: 20011000
    mean: 162523875
    count: 8
    percentile1: 20011000
    percentile2: 400099000
  }
  loss: 0
  loss_percent: 0
}

version: 1
sequence_number: 7
utc_start_ns: 1572511320000000000
measurement {
  source_id: 1
  packet_count: 2
  message_count: 2
  latency {
    max: 400015000
    min: 400013000
    mean: 400014000
    count: 2
    percentile1: 400013000
    percentile2: 400015000
  }
  loss: 0
  loss_percent: 0
}
measurement {
  source_id: 2
  packet_count: 2
  message_count: 2
  latency {
    max: 400015000
    min: 400013000
    mean: 400014000
    count: 2
    percentile1: 400013000
    percentile2: 400015000
  }
  loss: 0
  loss_percent: 0
}

version: 1
sequence_number: 8
utc_start_ns: 1572511321000000000
measurement {
  source_id: 1
  packet_count: 3
  message_count: 3
  latency {
    max: 400017000
    min: 400011000
    mean: 400013667
    count: 3
    percentile1: 400011000
    percentile2: 400017000
  }
  loss: 0
  loss_percent: 0
}
measurement {
  source_id: 2
  packet_count: 3
  message_count: 3
  latency {
    max: 400017000
    min: 400011000
    mean: 400013667
    count: 3
    percentile1: 400011000
    percentile2: 400017000
  }
  loss: 0
  loss_percent: 0
}

version: 1
sequence_number: 9
utc_start_ns: 1572511322000000000
measurement {
  source_id: 1
  packet_count: 1
  message_count: 1
  latency {
    count: 0
  }
  loss: 1
  loss_percent: 100000
}
measurement {
  source_id: 2
  packet_count: 1
  message_count: 1
  latency {
    count: 0
  }
  loss: 1
  loss_percent: 100000
}

EHalting corvil feed listener on port 55510... done
TestCase01.test02: publishing
Starting corvil feed listener on port 55520, sanity: True, assert sanity: True
Port: 55520 Current 1, last: 0
Port: 55520 Current 1, last: 0
Halting corvil feed listener on port 55520... done
.TestCase01.test03: independent feeds
Starting corvil feed listener on port 55530, sanity: True, assert sanity: True
Starting corvil feed listener on port 55531, sanity: True, assert sanity: True
Port: 55530 Current 1, last: 0
Port: 55531 Current 1, last: 0
Starting corvil feed listener on port 55532, sanity: True, assert sanity: True
Port: 55531 Current 2, last: 1
Port: 55531 Current 3, last: 2
Port: 55531 Current 4, last: 3
Port: 55532 Current 1, last: 0
Port: 55532 Current 2, last: 1
Port: 55531 Current 5, last: 4
Port: 55531 Current 6, last: 5
Port: 55532 Current 3, last: 2
Port: 55532 Current 4, last: 3
Port: 55531 Current 7, last: 6
Port: 55532 Current 5, last: 4
Port: 55531 Current 8, last: 7
Port: 55532 Current 6, last: 5
Port: 55531 Current 9, last: 8
Port: 55532 Current 7, last: 6
Port: 55531 Current 10, last: 9
Port: 55532 Current 8, last: 7
Port: 55531 Current 11, last: 10
Halting corvil feed listener on port 55530Port: 55532 Current 9, last: 8
Port: 55531 Current 12, last: 11
... done
Halting corvil feed listener on port 55531... done
Halting corvil feed listener on port 55532... done
.TestCase01.test04: Check behaviour with multiclass channels (+ regression for BQM-12184)
Starting corvil feed listener on port 55540, sanity: True, assert sanity: True
Port: 55540 Current 1, last: 0
Port: 55540 Current 2, last: 1
Halting corvil feed listener on port 55540... done
.TestCase01.test05: Verify that large measurement sets are split across several messages
Starting corvil feed listener on port 55550, sanity: True, assert sanity: True
Starting corvil feed listener on port 55560, sanity: True, assert sanity: True
Port: 55550 Current 1, last: 0
Port: 55550 Current 2, last: 1
Port: 55550 Current 3, last: 2
Port: 55550 Current 4, last: 3
Port: 55550 Current 5, last: 4
Port: 55550 Current 6, last: 5
Port: 55550 Current 7, last: 6
Port: 55560 Current 1, last: 0
Port: 55550 Current 8, last: 7
Port: 55560 Current 2, last: 1
Port: 55560 Current 3, last: 2
Port: 55560 Current 4, last: 3
Port: 55550 Current 9, last: 8
Port: 55560 Current 5, last: 4
Port: 55550 Current 10, last: 9
Port: 55560 Current 6, last: 5
Port: 55560 Current 7, last: 6
Port: 55550 Current 11, last: 10
Port: 55560 Current 8, last: 7
Port: 55560 Current 9, last: 8
Port: 55550 Current 12, last: 11
Port: 55560 Current 10, last: 9
Port: 55560 Current 11, last: 10
Port: 55550 Current 13, last: 12
Port: 55560 Current 12, last: 11
Port: 55560 Current 13, last: 12
Port: 55550 Current 14, last: 13
Port: 55560 Current 14, last: 13
Found 5947 source sigs, 5887 destination sigs, 1535 total packets
Port: 55560 Current 15, last: 14
Port: 55550 Current 15, last: 14
Port: 55560 Current 16, last: 15
Port: 55560 Current 17, last: 16
Port: 55560 Current 18, last: 17
Port: 55550 Current 16, last: 15
Found 6000 source sigs, 5940 destination sigs, 3327 total packets
Port: 55550 Current 17, last: 16
Port: 55560 Current 19, last: 18
Port: 55550 Current 18, last: 17
Port: 55560 Current 20, last: 19
Port: 55560 Current 21, last: 20
Found 6060 source sigs, 6000 destination sigs, 5127 total packets
Found 6060 source sigs, 6000 destination sigs, 5640 total packets
Port: 55550 Current 19, last: 18
Port: 55560 Current 22, last: 21
Port: 55550 Current 20, last: 19
Port: 55560 Current 23, last: 22
Port: 55560 Current 24, last: 23
Port: 55560 Current 25, last: 24
Found 6060 source sigs, 6000 destination sigs, 5700 total packets
Port: 55550 Current 21, last: 20
Port: 55560 Current 26, last: 25
Port: 55550 Current 22, last: 21
Port: 55560 Current 27, last: 26
Port: 55560 Current 28, last: 27
Port: 55560 Current 29, last: 28
Found 6060 source sigs, 6000 destination sigs, 5820 total packets
Found 6060 source sigs, 6000 destination sigs, 5896 total packets
Port: 55550 Current 23, last: 22
Port: 55550 Current 24, last: 23
Port: 55560 Current 30, last: 29
Port: 55560 Current 31, last: 30
Port: 55560 Current 32, last: 31
Port: 55560 Current 33, last: 32
Found 6060 source sigs, 6000 destination sigs, 6000 total packets
Found 6060 source sigs, 6000 destination sigs, 6060 total packets
Bar: 45, foo: 60
Halting corvil feed listener on port 55550Port: 55550 Current 25, last: 24
... done
Halting corvil feed listener on port 55560Port: 55560 Current 34, last: 33
... done
.TestCase01.test06: Check behaviour when PNQM is enabled/disabled in an included channel
Starting corvil feed listener on port 55560, sanity: True, assert sanity: True
Port: 55560 Current 1, last: 0
Port: 55560 Current 2, last: 1
Port: 55560 Current 3, last: 2
Port: 55560 Current 4, last: 3
Port: 55560 Current 5, last: 4
Port: 55560 Current 6, last: 5
Port: 55560 Current 7, last: 6
Port: 55560 Current 8, last: 7
Port: 55560 Current 9, last: 8
Port: 55560 Current 10, last: 9
Port: 55560 Current 11, last: 10
Port: 55560 Current 12, last: 11
Halting corvil feed listener on port 55560... done
.TestCase01.test07: Test the report-statistic commands
foo-0: loss
Starting corvil feed listener on port 52000, sanity: True, assert sanity: True
foo-1: loss-percent
Starting corvil feed listener on port 52001, sanity: True, assert sanity: True
foo-2: latency min
Starting corvil feed listener on port 52002, sanity: True, assert sanity: True
foo-3: latency mean
Starting corvil feed listener on port 52003, sanity: True, assert sanity: True
foo-4: latency max
Starting corvil feed listener on port 52004, sanity: True, assert sanity: True
foo-5: latency count
Starting corvil feed listener on port 52005, sanity: True, assert sanity: True
foo-6: latency percentile-id 1
Starting corvil feed listener on port 52006, sanity: True, assert sanity: True
foo-7: latency percentile-id 2
Starting corvil feed listener on port 52007, sanity: True, assert sanity: True
foo-8: packet-count
Starting corvil feed listener on port 52008, sanity: True, assert sanity: True
foo-9: message-count
Starting corvil feed listener on port 52009, sanity: True, assert sanity: True
foo-10: message-bitrate-microburst
Starting corvil feed listener on port 52010, sanity: True, assert sanity: True
Port: 52000 Current 1, last: 0
Port: 52000 Current 2, last: 1
Port: 52002 Current 1, last: 0
Port: 52002 Current 2, last: 1
Port: 52001 Current 1, last: 0
Port: 52001 Current 2, last: 1
foo-11: message-rate-microburst
Starting corvil feed listener on port 52011, sanity: True, assert sanity: True
foo-12: message-sequence-count
Starting corvil feed listener on port 52012, sanity: True, assert sanity: True
Port: 52000 Current 3, last: 2
Port: 52004 Current 1, last: 0
Port: 52001 Current 3, last: 2
Port: 52003 Current 1, last: 0
Port: 52002 Current 3, last: 2
Port: 52005 Current 1, last: 0
Port: 52000 Current 4, last: 3
Port: 52003 Current 2, last: 1
Port: 52005 Current 2, last: 1
Port: 52004 Current 2, last: 1
Port: 52007 Current 1, last: 0
Port: 52002 Current 4, last: 3
Port: 52006 Current 1, last: 0
Port: 52001 Current 4, last: 3
Port: 52000 Current 5, last: 4
Port: 52001 Current 5, last: 4
Port: 52004 Current 3, last: 2
Port: 52005 Current 3, last: 2
Port: 52008 Current 1, last: 0
Port: 52007 Current 2, last: 1
Port: 52003 Current 3, last: 2
Port: 52002 Current 5, last: 4
Port: 52009 Current 1, last: 0
Port: 52006 Current 2, last: 1
foo-13: message-sequence-gap
Starting corvil feed listener on port 52013, sanity: True, assert sanity: True
foo-14: left-roundtrip-time min
Starting corvil feed listener on port 52014, sanity: True, assert sanity: True
foo-15: left-roundtrip-time mean
Starting corvil feed listener on port 52015, sanity: True, assert sanity: True
Port: 52008 Current 2, last: 1
Port: 52009 Current 2, last: 1
foo-16: left-roundtrip-time max
Starting corvil feed listener on port 52016, sanity: True, assert sanity: True
foo-17: left-roundtrip-time count
Starting corvil feed listener on port 52017, sanity: True, assert sanity: True
Port: 52000 Current 6, last: 5
Port: 52002 Current 6, last: 5
Port: 52006 Current 3, last: 2
Port: 52001 Current 6, last: 5
Port: 52008 Current 3, last: 2
Port: 52007 Current 3, last: 2
Port: 52003 Current 4, last: 3
Port: 52009 Current 3, last: 2
Port: 52005 Current 4, last: 3
Port: 52004 Current 4, last: 3
foo-18: right-roundtrip-time min
Starting corvil feed listener on port 52018, sanity: True, assert sanity: True
foo-19: right-roundtrip-time mean
Starting corvil feed listener on port 52019, sanity: True, assert sanity: True
Port: 52000 Current 7, last: 6
Port: 52002 Current 7, last: 6
Port: 52005 Current 5, last: 4
Port: 52004 Current 5, last: 4
Port: 52007 Current 4, last: 3
Port: 52006 Current 4, last: 3
Port: 52003 Current 5, last: 4
Port: 52001 Current 7, last: 6
Num = 8
Num = 8
Num = 8
Num = 6
Num = 6
Num = 6
Num = 5
Num = 5
Num = 4
Num = 4
Num = 1
Num = 1
Num = 0
Num = 0
Num = 0
Num = 0
Num = 0
Num = 0
Num = 0
Num = 0
Port: 52008 Current 4, last: 3
Port: 52009 Current 4, last: 3
Port: 52010 Current 1, last: 0
Port: 52011 Current 1, last: 0
Port: 52000 Current 8, last: 7
Port: 52003 Current 6, last: 5
Port: 52006 Current 5, last: 4
Port: 52001 Current 8, last: 7
Port: 52007 Current 5, last: 4
Port: 52002 Current 8, last: 7
Port: 52004 Current 6, last: 5
Port: 52005 Current 6, last: 5
Port: 52000 Current 9, last: 8
Port: 52002 Current 9, last: 8
Port: 52005 Current 7, last: 6
Port: 52007 Current 6, last: 5
Port: 52011 Current 2, last: 1
Port: 52008 Current 5, last: 4
Port: 52003 Current 7, last: 6
Port: 52006 Current 6, last: 5
Port: 52009 Current 5, last: 4
Port: 52010 Current 2, last: 1
Port: 52001 Current 9, last: 8
Port: 52004 Current 7, last: 6
Port: 52008 Current 6, last: 5
Port: 52009 Current 6, last: 5
Port: 52014 Current 1, last: 0
Port: 52012 Current 1, last: 0
Port: 52011 Current 3, last: 2
Port: 52013 Current 1, last: 0
Port: 52010 Current 3, last: 2
Port: 52015 Current 1, last: 0
Port: 52016 Current 1, last: 0
Port: 52000 Current 10, last: 9
Port: 52008 Current 7, last: 6
Port: 52006 Current 7, last: 6
Port: 52009 Current 7, last: 6
Port: 52013 Current 2, last: 1
Port: 52001 Current 10, last: 9
Port: 52002 Current 10, last: 9
Port: 52007 Current 7, last: 6
Port: 52014 Current 2, last: 1
Port: 52015 Current 2, last: 1
Port: 52019 Current 1, last: 0
Port: 52016 Current 2, last: 1
Port: 52017 Current 1, last: 0
Port: 52003 Current 8, last: 7
Port: 52012 Current 2, last: 1
Port: 52005 Current 8, last: 7
Port: 52004 Current 8, last: 7
Port: 52018 Current 1, last: 0
Port: 52010 Current 4, last: 3
Port: 52011 Current 4, last: 3
Port: 52000 Current 11, last: 10
Port: 52014 Current 3, last: 2
Port: 52003 Current 9, last: 8
Port: 52004 Current 9, last: 8
Port: 52016 Current 3, last: 2
Port: 52018 Current 2, last: 1
Port: 52002 Current 11, last: 10
Port: 52009 Current 8, last: 7
Port: 52008 Current 8, last: 7
Port: 52006 Current 8, last: 7
Port: 52019 Current 2, last: 1
Port: 52017 Current 2, last: 1
Port: 52015 Current 3, last: 2
Port: 52007 Current 8, last: 7
Port: 52005 Current 9, last: 8
Port: 52013 Current 3, last: 2
Port: 52001 Current 11, last: 10
Port: 52012 Current 3, last: 2
Port: 52010 Current 5, last: 4
Port: 52011 Current 5, last: 4
Port: 52000 Current 12, last: 11
Port: 52004 Current 10, last: 9
Port: 52018 Current 3, last: 2
Port: 52015 Current 4, last: 3
Port: 52009 Current 9, last: 8
Port: 52014 Current 4, last: 3
Port: 52008 Current 9, last: 8
Port: 52003 Current 10, last: 9
Port: 52019 Current 3, last: 2
Port: 52001 Current 12, last: 11
Port: 52016 Current 4, last: 3
Port: 52017 Current 3, last: 2
Port: 52005 Current 10, last: 9
Port: 52006 Current 9, last: 8
Port: 52012 Current 4, last: 3
Port: 52013 Current 4, last: 3
Port: 52007 Current 9, last: 8
Port: 52002 Current 12, last: 11
Port: 52010 Current 6, last: 5
Port: 52011 Current 6, last: 5
Port: 52000 Current 13, last: 12
Port: 52001 Current 13, last: 12
Port: 52007 Current 10, last: 9
Port: 52004 Current 11, last: 10
Port: 52005 Current 11, last: 10
Port: 52018 Current 4, last: 3
Port: 52009 Current 10, last: 9
Port: 52016 Current 5, last: 4
Port: 52008 Current 10, last: 9
Port: 52013 Current 5, last: 4
Port: 52015 Current 5, last: 4
Port: 52017 Current 4, last: 3
Port: 52002 Current 13, last: 12
Port: 52006 Current 10, last: 9
Port: 52019 Current 4, last: 3
Port: 52003 Current 11, last: 10
Port: 52014 Current 5, last: 4
Port: 52012 Current 5, last: 4
Port: 52010 Current 7, last: 6
Port: 52011 Current 7, last: 6
Port: 52000 Current 14, last: 13
Port: 52002 Current 14, last: 13
Port: 52005 Current 12, last: 11
Port: 52013 Current 6, last: 5
Port: 52003 Current 12, last: 11
Port: 52016 Current 6, last: 5
Port: 52009 Current 11, last: 10
Port: 52007 Current 11, last: 10
Port: 52004 Current 12, last: 11
Port: 52012 Current 6, last: 5
Port: 52017 Current 5, last: 4
Port: 52018 Current 5, last: 4
Port: 52001 Current 14, last: 13
Port: 52019 Current 5, last: 4
Port: 52008 Current 11, last: 10
Port: 52014 Current 6, last: 5
Port: 52006 Current 11, last: 10
Port: 52015 Current 6, last: 5
Port: 52000 Current 15, last: 14
Port: 52003 Current 13, last: 12
Port: 52007 Current 12, last: 11
Port: 52001 Current 15, last: 14
Port: 52005 Current 13, last: 12
Port: 52010 Current 8, last: 7
Port: 52004 Current 13, last: 12
Port: 52002 Current 15, last: 14
Port: 52011 Current 8, last: 7
Port: 52006 Current 12, last: 11
Found 99 source sigs, 98 destination sigs, 23 total packets
Port: 52000 Current 16, last: 15
Port: 52017 Current 6, last: 5
Port: 52010 Current 9, last: 8
Port: 52013 Current 7, last: 6
Port: 52004 Current 14, last: 13
Port: 52003 Current 14, last: 13
Port: 52008 Current 12, last: 11
Port: 52011 Current 9, last: 8
Port: 52009 Current 12, last: 11
Port: 52016 Current 7, last: 6
Port: 52015 Current 7, last: 6
Port: 52007 Current 13, last: 12
Port: 52018 Current 6, last: 5
Port: 52001 Current 16, last: 15
Port: 52014 Current 7, last: 6
Port: 52002 Current 16, last: 15
Port: 52006 Current 13, last: 12
Port: 52005 Current 14, last: 13
Port: 52012 Current 7, last: 6
Port: 52019 Current 6, last: 5
Found 101 source sigs, 100 destination sigs, 53 total packets
Port: 52000 Current 17, last: 16
Port: 52005 Current 15, last: 14
Port: 52002 Current 17, last: 16
Port: 52007 Current 14, last: 13
Port: 52004 Current 15, last: 14
Port: 52006 Current 14, last: 13
Port: 52001 Current 17, last: 16
Port: 52003 Current 15, last: 14
Found 101 source sigs, 100 destination sigs, 73 total packets
Port: 52000 Current 18, last: 17
Port: 52014 Current 8, last: 7
Port: 52009 Current 13, last: 12
Port: 52013 Current 8, last: 7
Port: 52002 Current 18, last: 17
Port: 52015 Current 8, last: 7
Port: 52018 Current 7, last: 6
Port: 52011 Current 10, last: 9
Port: 52001 Current 18, last: 17
Port: 52005 Current 16, last: 15
Port: 52017 Current 7, last: 6
Port: 52010 Current 10, last: 9
Port: 52008 Current 13, last: 12
Port: 52012 Current 8, last: 7
Port: 52019 Current 7, last: 6
Port: 52003 Current 16, last: 15
Port: 52007 Current 15, last: 14
Port: 52006 Current 15, last: 14
Port: 52016 Current 8, last: 7
Port: 52004 Current 16, last: 15
Found 101 source sigs, 100 destination sigs, 93 total packets
Found 101 source sigs, 100 destination sigs, 94 total packets
Port: 52000 Current 19, last: 18
Port: 52002 Current 19, last: 18
Port: 52015 Current 9, last: 8
Port: 52003 Current 17, last: 16
Port: 52005 Current 17, last: 16
Port: 52009 Current 14, last: 13
Port: 52017 Current 8, last: 7
Port: 52004 Current 17, last: 16
Port: 52013 Current 9, last: 8
Port: 52016 Current 9, last: 8
Port: 52008 Current 14, last: 13
Port: 52018 Current 8, last: 7
Port: 52007 Current 16, last: 15
Port: 52014 Current 9, last: 8
Port: 52006 Current 16, last: 15
Port: 52019 Current 8, last: 7
Port: 52012 Current 9, last: 8
Port: 52001 Current 19, last: 18
Found 101 source sigs, 100 destination sigs, 96 total packets
Port: 52000 Current 20, last: 19
Port: 52007 Current 17, last: 16
Port: 52006 Current 17, last: 16
Port: 52011 Current 11, last: 10
Port: 52002 Current 20, last: 19
Port: 52005 Current 18, last: 17
Port: 52003 Current 18, last: 17
Port: 52010 Current 11, last: 10
Port: 52001 Current 20, last: 19
Port: 52004 Current 18, last: 17
Found 101 source sigs, 100 destination sigs, 97 total packets
Port: 52008 Current 15, last: 14
Port: 52009 Current 15, last: 14
Port: 52012 Current 10, last: 9
Port: 52015 Current 10, last: 9
Port: 52010 Current 12, last: 11
Port: 52011 Current 12, last: 11
Port: 52013 Current 10, last: 9
Port: 52016 Current 10, last: 9
Port: 52019 Current 9, last: 8
Port: 52017 Current 9, last: 8
Port: 52014 Current 10, last: 9
Port: 52018 Current 9, last: 8
Found 101 source sigs, 100 destination sigs, 98 total packets
Found 101 source sigs, 100 destination sigs, 100 total packets
Port: 52000 Current 21, last: 20
Port: 52015 Current 11, last: 10
Port: 52008 Current 16, last: 15
Port: 52012 Current 11, last: 10
Port: 52004 Current 19, last: 18
Port: 52016 Current 11, last: 10
Port: 52019 Current 10, last: 9
Port: 52017 Current 10, last: 9
Port: 52013 Current 11, last: 10
Port: 52002 Current 21, last: 20
Port: 52001 Current 21, last: 20
Port: 52005 Current 19, last: 18
Port: 52009 Current 16, last: 15
Port: 52014 Current 11, last: 10
Port: 52018 Current 10, last: 9
Port: 52003 Current 19, last: 18
Port: 52007 Current 18, last: 17
Port: 52006 Current 18, last: 17
Found 101 source sigs, 100 destination sigs, 101 total packets
Port: 52010 Current 13, last: 12
Port: 52011 Current 13, last: 12
Port: 52008 Current 17, last: 16
Port: 52012 Current 12, last: 11
Port: 52014 Current 12, last: 11
Port: 52017 Current 11, last: 10
Port: 52013 Current 12, last: 11
Port: 52019 Current 11, last: 10
Port: 52009 Current 17, last: 16
Port: 52015 Current 12, last: 11
Port: 52016 Current 12, last: 11
Port: 52018 Current 11, last: 10
Port: 52010 Current 14, last: 13
Port: 52011 Current 14, last: 13
Port: 52008 Current 18, last: 17
Port: 52009 Current 18, last: 17
Port: 52014 Current 13, last: 12
Port: 52018 Current 12, last: 11
Port: 52017 Current 12, last: 11
Port: 52015 Current 13, last: 12
Port: 52010 Current 15, last: 14
Port: 52011 Current 15, last: 14
Port: 52019 Current 12, last: 11
Port: 52013 Current 13, last: 12
Port: 52012 Current 13, last: 12
Port: 52016 Current 13, last: 12
Port: 52000 Current 22, last: 21
Port: 52005 Current 20, last: 19
Port: 52007 Current 19, last: 18
Port: 52003 Current 20, last: 19
Port: 52006 Current 19, last: 18
Port: 52001 Current 22, last: 21
Port: 52004 Current 20, last: 19
Port: 52002 Current 22, last: 21
Port: 52008 Current 19, last: 18
Port: 52014 Current 14, last: 13
Port: 52009 Current 19, last: 18
Port: 52012 Current 14, last: 13
Port: 52018 Current 13, last: 12
Port: 52015 Current 14, last: 13
Port: 52016 Current 14, last: 13
Port: 52013 Current 14, last: 13
Port: 52017 Current 13, last: 12
Port: 52019 Current 13, last: 12
Port: 52001 Current 23, last: 22
Port: 52003 Current 21, last: 20
Port: 52005 Current 21, last: 20
Port: 52007 Current 20, last: 19
Port: 52002 Current 23, last: 22
Port: 52000 Current 23, last: 22
Port: 52006 Current 20, last: 19
Port: 52011 Current 16, last: 15
Port: 52010 Current 16, last: 15
Port: 52004 Current 21, last: 20
Port: 52008 Current 20, last: 19
Port: 52009 Current 20, last: 19
Port: 52014 Current 15, last: 14
Port: 52016 Current 15, last: 14
Port: 52012 Current 15, last: 14
Port: 52013 Current 15, last: 14
Port: 52019 Current 14, last: 13
Port: 52017 Current 14, last: 13
Port: 52018 Current 14, last: 13
Port: 52015 Current 15, last: 14
Port: 52000 Current 24, last: 23
Port: 52004 Current 22, last: 21
Port: 52007 Current 21, last: 20
Port: 52001 Current 24, last: 23
Port: 52002 Current 24, last: 23
Port: 52005 Current 22, last: 21
Port: 52006 Current 21, last: 20
Port: 52003 Current 22, last: 21
Port: 52010 Current 17, last: 16
Port: 52011 Current 17, last: 16
Port: 52008 Current 21, last: 20
Port: 52009 Current 21, last: 20
Port: 52011 Current 18, last: 17
Port: 52012 Current 16, last: 15
Port: 52016 Current 16, last: 15
Port: 52017 Current 15, last: 14
Port: 52010 Current 18, last: 17
Port: 52018 Current 15, last: 14
Port: 52013 Current 16, last: 15
Port: 52014 Current 16, last: 15
Port: 52019 Current 15, last: 14
Port: 52015 Current 16, last: 15
Port: 52000 Current 25, last: 24
Port: 52001 Current 25, last: 24
Port: 52006 Current 22, last: 21
Port: 52004 Current 23, last: 22
Port: 52003 Current 23, last: 22
Port: 52005 Current 23, last: 22
Port: 52007 Current 22, last: 21
Port: 52002 Current 25, last: 24
Port: 52008 Current 22, last: 21
Port: 52016 Current 17, last: 16
Port: 52009 Current 22, last: 21
Port: 52012 Current 17, last: 16
Port: 52018 Current 16, last: 15
Port: 52019 Current 16, last: 15
Port: 52015 Current 17, last: 16
Port: 52017 Current 16, last: 15
Port: 52013 Current 17, last: 16
Port: 52014 Current 17, last: 16
Port: 52000 Current 26, last: 25
Port: 52001 Current 26, last: 25
Port: 52007 Current 23, last: 22
Port: 52004 Current 24, last: 23
Port: 52010 Current 19, last: 18
Port: 52006 Current 23, last: 22
Port: 52002 Current 26, last: 25
Port: 52005 Current 24, last: 23
Port: 52011 Current 19, last: 18
Port: 52003 Current 24, last: 23
Port: 52008 Current 23, last: 22
Port: 52016 Current 18, last: 17
Port: 52019 Current 17, last: 16
Port: 52009 Current 23, last: 22
Port: 52014 Current 18, last: 17
Port: 52013 Current 18, last: 17
Port: 52012 Current 18, last: 17
Port: 52017 Current 17, last: 16
Port: 52015 Current 18, last: 17
Port: 52018 Current 17, last: 16
# feeds = 20
Num = 19
Num = 19
Num = 19
Num = 19
Num = 19
Num = 19
Num = 19
Num = 19
Num = 20
Num = 20
Num = 19
Num = 19
Num = 19
Num = 19
Num = 19
Num = 19
Num = 19
Num = 18
Num = 18
Num = 18
Testing &apos;loss&apos;
Testing &apos;loss-percent&apos;
Testing &apos;latency min&apos;
Testing &apos;latency mean&apos;
Testing &apos;latency max&apos;
Testing &apos;latency count&apos;
Testing &apos;latency percentile-id 1&apos;
Testing &apos;latency percentile-id 2&apos;
Testing &apos;packet-count&apos;
Testing &apos;message-count&apos;
Testing &apos;message-bitrate-microburst&apos;
Testing &apos;message-rate-microburst&apos;
Testing &apos;message-sequence-count&apos;
Testing &apos;message-sequence-gap&apos;
Testing &apos;left-roundtrip-time min&apos;
Testing &apos;left-roundtrip-time mean&apos;
Testing &apos;left-roundtrip-time max&apos;
Testing &apos;left-roundtrip-time count&apos;
Testing &apos;right-roundtrip-time min&apos;
Testing &apos;right-roundtrip-time mean&apos;
Port: 52000 Current 27, last: 26
Port: 52003 Current 25, last: 24
Port: 52005 Current 25, last: 24
Port: 52009 Current 24, last: 23
Port: 52013 Current 19, last: 18
Port: 52004 Current 25, last: 24
Port: 52017 Current 18, last: 17
Port: 52002 Current 27, last: 26
Port: 52006 Current 24, last: 23
Port: 52007 Current 24, last: 23
Port: 52012 Current 19, last: 18
Port: 52018 Current 18, last: 17
Port: 52011 Current 20, last: 19
Port: 52008 Current 24, last: 23
Port: 52010 Current 20, last: 19
Port: 52016 Current 19, last: 18
Port: 52019 Current 18, last: 17
Port: 52015 Current 19, last: 18
Port: 52001 Current 27, last: 26
Port: 52014 Current 19, last: 18
Port: 52000 Current 28, last: 27
Port: 52004 Current 26, last: 25
Port: 52001 Current 28, last: 27
Port: 52007 Current 25, last: 24
Port: 52006 Current 25, last: 24
Port: 52005 Current 26, last: 25
Port: 52010 Current 21, last: 20
Port: 52002 Current 28, last: 27
Port: 52011 Current 21, last: 20
Port: 52003 Current 26, last: 25
Halting corvil feed listener on port 52000... done
Halting corvil feed listener on port 52001Port: 52001 Current 29, last: 28
Port: 52003 Current 27, last: 26
Port: 52006 Current 26, last: 25
Port: 52002 Current 29, last: 28
Port: 52005 Current 27, last: 26
Port: 52004 Current 27, last: 26
Port: 52007 Current 26, last: 25
... done
Halting corvil feed listener on port 52002... done
Halting corvil feed listener on port 52003... done
Halting corvil feed listener on port 52004... done
Halting corvil feed listener on port 52005Port: 52005 Current 28, last: 27
Port: 52018 Current 19, last: 18
Port: 52017 Current 19, last: 18
Port: 52010 Current 22, last: 21
Port: 52011 Current 22, last: 21
Port: 52014 Current 20, last: 19
Port: 52019 Current 19, last: 18
Port: 52006 Current 27, last: 26
Port: 52008 Current 25, last: 24
Port: 52012 Current 20, last: 19
Port: 52016 Current 20, last: 19
Port: 52013 Current 20, last: 19
Port: 52007 Current 27, last: 26
Port: 52009 Current 25, last: 24
Port: 52015 Current 20, last: 19
... done
Halting corvil feed listener on port 52006... done
Halting corvil feed listener on port 52007... done
Halting corvil feed listener on port 52008... done
Halting corvil feed listener on port 52009... done
Halting corvil feed listener on port 52010... done
Halting corvil feed listener on port 52011... done
Halting corvil feed listener on port 52012... done
Halting corvil feed listener on port 52013Port: 52013 Current 21, last: 20
Port: 52018 Current 20, last: 19
Port: 52017 Current 20, last: 19
Port: 52019 Current 20, last: 19
Port: 52015 Current 21, last: 20
Port: 52014 Current 21, last: 20
... done
Halting corvil feed listener on port 52014Port: 52016 Current 21, last: 20
... done
Halting corvil feed listener on port 52015... done
Halting corvil feed listener on port 52016... done
Halting corvil feed listener on port 52017... done
Halting corvil feed listener on port 52018... done
Halting corvil feed listener on port 52019... done
foo-0: right-roundtrip-time max
Starting corvil feed listener on port 52000, sanity: True, assert sanity: True
foo-1: right-roundtrip-time count
Starting corvil feed listener on port 52001, sanity: True, assert sanity: True
foo-2: packet-bitrate-microburst
Starting corvil feed listener on port 52002, sanity: True, assert sanity: True
foo-3: packet-rate-microburst
Starting corvil feed listener on port 52003, sanity: True, assert sanity: True
Num = 0
Num = 0
Num = 0
Num = 0
Port: 52000 Current 1, last: 0
Port: 52001 Current 1, last: 0
Port: 52002 Current 1, last: 0
Port: 52003 Current 1, last: 0
Port: 52000 Current 2, last: 1
Port: 52001 Current 2, last: 1
Port: 52003 Current 2, last: 1Port: 52002 Current 2, last: 1

Port: 52000 Current 3, last: 2
Port: 52001 Current 3, last: 2
Port: 52003 Current 3, last: 2
Port: 52002 Current 3, last: 2
Port: 52000 Current 4, last: 3
Port: 52001 Current 4, last: 3
Port: 52003 Current 4, last: 3
Port: 52002 Current 4, last: 3
Port: 52000 Current 5, last: 4
Port: 52001 Current 5, last: 4
Port: 52003 Current 5, last: 4
Port: 52002 Current 5, last: 4
Port: 52000 Current 6, last: 5
Port: 52001 Current 6, last: 5
Port: 52002 Current 6, last: 5
Port: 52003 Current 6, last: 5
Port: 52000 Current 7, last: 6
Port: 52003 Current 7, last: 6
Port: 52001 Current 7, last: 6
Port: 52002 Current 7, last: 6
Port: 52000 Current 8, last: 7
Port: 52003 Current 8, last: 7
Port: 52001 Current 8, last: 7
Port: 52002 Current 8, last: 7
# feeds = 4
Num = 9
Num = 9
Num = 9
Num = 9
Port: 52001 Current 9, last: 8
Port: 52000 Current 9, last: 8
Port: 52002 Current 9, last: 8
Port: 52003 Current 9, last: 8
Testing &apos;right-roundtrip-time max&apos;
Testing &apos;right-roundtrip-time count&apos;
Testing &apos;packet-bitrate-microburst&apos;
Testing &apos;packet-rate-microburst&apos;
Port: 52000 Current 10, last: 9
Port: 52001 Current 10, last: 9
Port: 52002 Current 10, last: 9
Port: 52003 Current 10, last: 9
Halting corvil feed listener on port 52000... done
Halting corvil feed listener on port 52001... done
Halting corvil feed listener on port 52002... done
Halting corvil feed listener on port 52003... done
.TestCase01.test08: Test the connection error in the syslog
.TestCase01.test09: Test the configurable stats
Starting corvil feed listener on port 52752, sanity: True, assert sanity: True
No names found for children of container type custom-percentiles
b&apos;&lt;custom-percentiles&gt;\n          &lt;custom-percentile slot=&quot;0&quot; threshold=&quot;80&quot; /&gt;\n          &lt;custom-percentile slot=&quot;1&quot; threshold=&quot;0.01&quot; /&gt;\n          &lt;custom-percentile slot=&quot;2&quot; threshold=&quot;99.99&quot; /&gt;\n          &lt;custom-percentile slot=&quot;3&quot; threshold=&quot;20&quot; /&gt;\n        &lt;/custom-percentiles&gt;\n      &apos;
No names found for children of container type custom-percentiles
b&apos;&lt;custom-percentiles&gt;\n          &lt;custom-percentile slot=&quot;0&quot; threshold=&quot;80&quot; /&gt;\n          &lt;custom-percentile slot=&quot;1&quot; threshold=&quot;0.01&quot; /&gt;\n          &lt;custom-percentile slot=&quot;2&quot; threshold=&quot;99.99&quot; /&gt;\n          &lt;custom-percentile slot=&quot;3&quot; threshold=&quot;20&quot; /&gt;\n        &lt;/custom-percentiles&gt;\n      &apos;
No names found for children of container type custom-percentiles
b&apos;&lt;custom-percentiles&gt;\n          &lt;custom-percentile slot=&quot;0&quot; threshold=&quot;80&quot; /&gt;\n          &lt;custom-percentile slot=&quot;1&quot; threshold=&quot;0.01&quot; /&gt;\n          &lt;custom-percentile slot=&quot;2&quot; threshold=&quot;99.99&quot; /&gt;\n          &lt;custom-percentile slot=&quot;3&quot; threshold=&quot;20&quot; /&gt;\n        &lt;/custom-percentiles&gt;\n      &apos;
No names found for children of container type custom-percentiles
b&apos;&lt;custom-percentiles&gt;\n          &lt;custom-percentile slot=&quot;0&quot; threshold=&quot;80&quot; /&gt;\n          &lt;custom-percentile slot=&quot;1&quot; threshold=&quot;0.01&quot; /&gt;\n          &lt;custom-percentile slot=&quot;2&quot; threshold=&quot;99.99&quot; /&gt;\n          &lt;custom-percentile slot=&quot;3&quot; threshold=&quot;20&quot; /&gt;\n        &lt;/custom-percentiles&gt;\n      &apos;
No names found for children of container type custom-percentiles
b&apos;&lt;custom-percentiles&gt;\n          &lt;custom-percentile slot=&quot;0&quot; threshold=&quot;80&quot; /&gt;\n          &lt;custom-percentile slot=&quot;1&quot; threshold=&quot;0.01&quot; /&gt;\n          &lt;custom-percentile slot=&quot;2&quot; threshold=&quot;99.99&quot; /&gt;\n          &lt;custom-percentile slot=&quot;3&quot; threshold=&quot;20&quot; /&gt;\n        &lt;/custom-percentiles&gt;\n      &apos;
No names found for children of container type custom-percentiles
b&apos;&lt;custom-percentiles&gt;\n          &lt;custom-percentile slot=&quot;0&quot; threshold=&quot;80&quot; /&gt;\n          &lt;custom-percentile slot=&quot;1&quot; threshold=&quot;0.01&quot; /&gt;\n          &lt;custom-percentile slot=&quot;2&quot; threshold=&quot;99.99&quot; /&gt;\n          &lt;custom-percentile slot=&quot;3&quot; threshold=&quot;20&quot; /&gt;\n        &lt;/custom-percentiles&gt;\n      &apos;
No names found for children of container type custom-percentiles
b&apos;&lt;custom-percentiles&gt;\n          &lt;custom-percentile slot=&quot;0&quot; threshold=&quot;80&quot; /&gt;\n          &lt;custom-percentile slot=&quot;1&quot; threshold=&quot;0.01&quot; /&gt;\n          &lt;custom-percentile slot=&quot;2&quot; threshold=&quot;99.99&quot; /&gt;\n          &lt;custom-percentile slot=&quot;3&quot; threshold=&quot;20&quot; /&gt;\n        &lt;/custom-percentiles&gt;\n      &apos;
No names found for children of container type custom-percentiles
b&apos;&lt;custom-percentiles&gt;\n          &lt;custom-percentile slot=&quot;0&quot; threshold=&quot;80&quot; /&gt;\n          &lt;custom-percentile slot=&quot;1&quot; threshold=&quot;0.01&quot; /&gt;\n          &lt;custom-percentile slot=&quot;2&quot; threshold=&quot;99.99&quot; /&gt;\n          &lt;custom-percentile slot=&quot;3&quot; threshold=&quot;20&quot; /&gt;\n        &lt;/custom-percentiles&gt;\n      &apos;
Port: 52752 Current 1, last: 0
Port: 52752 Current 2, last: 1
Port: 52752 Current 3, last: 2
Port: 52752 Current 4, last: 3
Found 198 source sigs, 196 destination sigs, 43 total packets
Port: 52752 Current 5, last: 4
Found 202 source sigs, 200 destination sigs, 103 total packets
Port: 52752 Current 6, last: 5
Found 202 source sigs, 200 destination sigs, 142 total packets
Port: 52752 Current 7, last: 6
Found 202 source sigs, 200 destination sigs, 186 total packets
Found 202 source sigs, 200 destination sigs, 188 total packets
Port: 52752 Current 8, last: 7
Found 202 source sigs, 200 destination sigs, 190 total packets
Found 202 source sigs, 200 destination sigs, 194 total packets
Port: 52752 Current 9, last: 8
Found 202 source sigs, 200 destination sigs, 196 total packets
Found 202 source sigs, 200 destination sigs, 198 total packets
Port: 52752 Current 10, last: 9
Found 202 source sigs, 200 destination sigs, 200 total packets
Found 202 source sigs, 200 destination sigs, 202 total packets
Port: 52752 Current 11, last: 10
calcPercent: 0, feedPercent: 0 count is 0, total is 0, ratio is 0.000000, negative ratio is 0.000000
calcPercent: 0, feedPercent: 0 count is 0, total is 0, ratio is 0.000000, negative ratio is 0.000000
calcPercent: 0, feedPercent: 0 count is 0, total is 0, ratio is 0.000000, negative ratio is 0.000000
calcPercent: 0, feedPercent: 0 count is 0, total is 0, ratio is 0.000000, negative ratio is 0.000000
calcPercent: 0, feedPercent: 0 count is 0, total is 0, ratio is 0.000000, negative ratio is 0.000000
calcPercent: 0, feedPercent: 0 count is 0, total is 0, ratio is 0.000000, negative ratio is 0.000000
calcPercent: 2439024, feedPercent: 2439024 count is 1, total is 41, ratio is 2.439024, negative ratio is -1.000000
calcPercent: 2380952, feedPercent: 2380952 count is 5, total is 210, ratio is 2.380952, negative ratio is -1.000000
calcPercent: 2380952, feedPercent: 2380952 count is 4, total is 168, ratio is 2.380952, negative ratio is -1.000000
calcPercent: 0, feedPercent: 0 count is 0, total is 0, ratio is 0.000000, negative ratio is 0.000000
calcPercent: 0, feedPercent: 0 count is 0, total is 0, ratio is 0.000000, negative ratio is 0.000000
calcPercent: 2325581, feedPercent: 2325581 count is 1, total is 43, ratio is 2.325581, negative ratio is -1.000000
Halting corvil feed listener on port 52752... done
.Starting corvil feed listener on port 52756, sanity: True, assert sanity: True
Port: 52756 Current 1, last: 0
Port: 52756 Current 2, last: 1
seq: 0, r: version: 1
sequence_number: 0
utc_start_ns: 1572511544000000000
sequence_reset: true
measurement {
  source_id: 1
  packet_count: 0
  latency {
    count: 0
  }
  loss: 0
  configurable_statistic_0: 0
  configurable_statistic_1: 0
  configurable_minmeanmax_0 {
    count: 0
  }
}

seq: 1, r: version: 1
sequence_number: 1
utc_start_ns: 1572511545000000000
measurement {
  source_id: 1
  packet_count: 0
  latency {
    count: 0
  }
  loss: 0
  configurable_statistic_0: 0
  configurable_statistic_1: 0
  configurable_minmeanmax_0 {
    count: 0
  }
}

seq: 2, r: version: 1
sequence_number: 2
utc_start_ns: 1572511546000000000
measurement {
  source_id: 1
  packet_count: 0
  latency {
    count: 0
  }
  loss: 0
  configurable_statistic_0: 0
  configurable_statistic_1: 0
  configurable_minmeanmax_0 {
    count: 0
  }
}

Port: 52756 Current 3, last: 2
Port: 52756 Current 4, last: 3
Port: 52756 Current 5, last: 4
Port: 52756 Current 6, last: 5
Port: 52756 Current 7, last: 6
Port: 52756 Current 8, last: 7
Port: 52756 Current 9, last: 8
Port: 52756 Current 10, last: 9
Port: 52756 Current 11, last: 10
Port: 52756 Current 12, last: 11
Port: 52756 Current 13, last: 12
Port: 52756 Current 14, last: 13
Port: 52756 Current 15, last: 14
Port: 52756 Current 16, last: 15
Port: 52756 Current 17, last: 16
seq: 0, r: version: 1
sequence_number: 3
utc_start_ns: 1572511547000000000
measurement {
  source_id: 1
  packet_count: 0
  latency {
    count: 0
  }
  loss: 0
  configurable_statistic_0: 0
  configurable_statistic_1: 0
  configurable_minmeanmax_0 {
    count: 0
  }
}

seq: 1, r: version: 1
sequence_number: 4
utc_start_ns: 1572511548000000000
measurement {
  source_id: 1
  packet_count: 0
  latency {
    count: 0
  }
  loss: 0
  configurable_statistic_0: 0
  configurable_statistic_1: 0
  configurable_minmeanmax_0 {
    count: 0
  }
}

seq: 2, r: version: 1
sequence_number: 5
utc_start_ns: 1572511549000000000
measurement {
  source_id: 1
  packet_count: 0
  latency {
    count: 0
  }
  loss: 0
  configurable_statistic_0: 0
  configurable_statistic_1: 0
  configurable_minmeanmax_0 {
    count: 0
  }
}

seq: 3, r: version: 1
sequence_number: 6
utc_start_ns: 1572511550000000000
measurement {
  source_id: 1
  packet_count: 0
  latency {
    count: 0
  }
  loss: 0
  configurable_statistic_0: 0
  configurable_statistic_1: 0
  configurable_minmeanmax_0 {
    count: 0
  }
}

seq: 4, r: version: 1
sequence_number: 7
utc_start_ns: 1572511551000000000
measurement {
  source_id: 1
  packet_count: 0
  latency {
    count: 0
  }
  loss: 0
  configurable_statistic_0: 0
  configurable_statistic_1: 0
  configurable_minmeanmax_0 {
    count: 0
  }
}

seq: 5, r: version: 1
sequence_number: 8
utc_start_ns: 1572511552000000000
measurement {
  source_id: 1
  packet_count: 0
  latency {
    count: 0
  }
  loss: 0
  configurable_statistic_0: 0
  configurable_statistic_1: 0
  configurable_minmeanmax_0 {
    count: 0
  }
}

seq: 6, r: version: 1
sequence_number: 9
utc_start_ns: 1572511553000000000
measurement {
  source_id: 1
  packet_count: 0
  latency {
    count: 0
  }
  loss: 0
  configurable_statistic_0: 0
  configurable_statistic_1: 0
  configurable_minmeanmax_0 {
    count: 0
  }
}

seq: 7, r: version: 1
sequence_number: 10
utc_start_ns: 1572511554000000000
measurement {
  source_id: 1
  packet_count: 0
  latency {
    count: 0
  }
  loss: 0
  configurable_statistic_0: 0
  configurable_statistic_1: 0
  configurable_minmeanmax_0 {
    count: 0
  }
}

seq: 8, r: version: 1
sequence_number: 11
utc_start_ns: 1572511555000000000
measurement {
  source_id: 1
  packet_count: 0
  latency {
    count: 0
  }
  loss: 0
  configurable_statistic_0: 0
  configurable_statistic_1: 0
  configurable_minmeanmax_0 {
    count: 0
  }
}

seq: 9, r: version: 1
sequence_number: 12
utc_start_ns: 1572511556000000000
measurement {
  source_id: 1
  packet_count: 21
  latency {
    count: 0
  }
  loss: 0
  configurable_statistic_0: 3
  configurable_statistic_1: 4
  configurable_minmeanmax_0 {
    max: 42
    min: 41
    mean: 42
    count: 21
  }
}

seq: 10, r: version: 1
sequence_number: 13
utc_start_ns: 1572511557000000000
measurement {
  source_id: 1
  packet_count: 50
  latency {
    count: 0
  }
  loss: 0
  configurable_statistic_0: 5
  configurable_statistic_1: 10
  configurable_minmeanmax_0 {
    max: 42
    min: 42
    mean: 42
    count: 50
  }
}

seq: 11, r: version: 1
sequence_number: 14
utc_start_ns: 1572511558000000000
measurement {
  source_id: 1
  packet_count: 30
  latency {
    count: 0
  }
  loss: 0
  configurable_statistic_0: 3
  configurable_statistic_1: 6
  configurable_minmeanmax_0 {
    max: 43
    min: 42
    mean: 43
    count: 30
  }
}

seq: 12, r: version: 1
sequence_number: 15
utc_start_ns: 1572511559000000000
measurement {
  source_id: 1
  packet_count: 0
  latency {
    count: 0
  }
  loss: 0
  configurable_statistic_0: 0
  configurable_statistic_1: 0
  configurable_minmeanmax_0 {
    count: 0
  }
}

seq: 13, r: version: 1
sequence_number: 16
utc_start_ns: 1572511560000000000
measurement {
  source_id: 1
  packet_count: 0
  latency {
    count: 0
  }
  loss: 0
  configurable_statistic_0: 0
  configurable_statistic_1: 0
  configurable_minmeanmax_0 {
    count: 0
  }
}

seq: 14, r: version: 1
sequence_number: 17
utc_start_ns: 1572511561000000000
measurement {
  source_id: 1
  packet_count: 0
  latency {
    count: 0
  }
  loss: 0
  configurable_statistic_0: 0
  configurable_statistic_1: 0
  configurable_minmeanmax_0 {
    count: 0
  }
}

Before version: 1
sequence_number: 3
utc_start_ns: 1572511547000000000
measurement {
  source_id: 1
  packet_count: 0
  latency {
    count: 0
  }
  loss: 0
  configurable_statistic_0: 0
  configurable_statistic_1: 0
  configurable_minmeanmax_0 {
    count: 0
  }
}
, count0: 0, count12: 0, count12b: 0, min12b: 65536, max12b: 0
Before version: 1
sequence_number: 4
utc_start_ns: 1572511548000000000
measurement {
  source_id: 1
  packet_count: 0
  latency {
    count: 0
  }
  loss: 0
  configurable_statistic_0: 0
  configurable_statistic_1: 0
  configurable_minmeanmax_0 {
    count: 0
  }
}
, count0: 0, count12: 0, count12b: 0, min12b: 65536, max12b: 0
Before version: 1
sequence_number: 5
utc_start_ns: 1572511549000000000
measurement {
  source_id: 1
  packet_count: 0
  latency {
    count: 0
  }
  loss: 0
  configurable_statistic_0: 0
  configurable_statistic_1: 0
  configurable_minmeanmax_0 {
    count: 0
  }
}
, count0: 0, count12: 0, count12b: 0, min12b: 65536, max12b: 0
Before version: 1
sequence_number: 6
utc_start_ns: 1572511550000000000
measurement {
  source_id: 1
  packet_count: 0
  latency {
    count: 0
  }
  loss: 0
  configurable_statistic_0: 0
  configurable_statistic_1: 0
  configurable_minmeanmax_0 {
    count: 0
  }
}
, count0: 0, count12: 0, count12b: 0, min12b: 65536, max12b: 0
Before version: 1
sequence_number: 7
utc_start_ns: 1572511551000000000
measurement {
  source_id: 1
  packet_count: 0
  latency {
    count: 0
  }
  loss: 0
  configurable_statistic_0: 0
  configurable_statistic_1: 0
  configurable_minmeanmax_0 {
    count: 0
  }
}
, count0: 0, count12: 0, count12b: 0, min12b: 65536, max12b: 0
Before version: 1
sequence_number: 8
utc_start_ns: 1572511552000000000
measurement {
  source_id: 1
  packet_count: 0
  latency {
    count: 0
  }
  loss: 0
  configurable_statistic_0: 0
  configurable_statistic_1: 0
  configurable_minmeanmax_0 {
    count: 0
  }
}
, count0: 0, count12: 0, count12b: 0, min12b: 65536, max12b: 0
Before version: 1
sequence_number: 9
utc_start_ns: 1572511553000000000
measurement {
  source_id: 1
  packet_count: 0
  latency {
    count: 0
  }
  loss: 0
  configurable_statistic_0: 0
  configurable_statistic_1: 0
  configurable_minmeanmax_0 {
    count: 0
  }
}
, count0: 0, count12: 0, count12b: 0, min12b: 65536, max12b: 0
Before version: 1
sequence_number: 10
utc_start_ns: 1572511554000000000
measurement {
  source_id: 1
  packet_count: 0
  latency {
    count: 0
  }
  loss: 0
  configurable_statistic_0: 0
  configurable_statistic_1: 0
  configurable_minmeanmax_0 {
    count: 0
  }
}
, count0: 0, count12: 0, count12b: 0, min12b: 65536, max12b: 0
Before version: 1
sequence_number: 11
utc_start_ns: 1572511555000000000
measurement {
  source_id: 1
  packet_count: 0
  latency {
    count: 0
  }
  loss: 0
  configurable_statistic_0: 0
  configurable_statistic_1: 0
  configurable_minmeanmax_0 {
    count: 0
  }
}
, count0: 0, count12: 0, count12b: 0, min12b: 65536, max12b: 0
Before version: 1
sequence_number: 12
utc_start_ns: 1572511556000000000
measurement {
  source_id: 1
  packet_count: 21
  latency {
    count: 0
  }
  loss: 0
  configurable_statistic_0: 3
  configurable_statistic_1: 4
  configurable_minmeanmax_0 {
    max: 42
    min: 41
    mean: 42
    count: 21
  }
}
, count0: 0, count12: 0, count12b: 0, min12b: 65536, max12b: 0
After version: 1
sequence_number: 12
utc_start_ns: 1572511556000000000
measurement {
  source_id: 1
  packet_count: 21
  latency {
    count: 0
  }
  loss: 0
  configurable_statistic_0: 3
  configurable_statistic_1: 4
  configurable_minmeanmax_0 {
    max: 42
    min: 41
    mean: 42
    count: 21
  }
}
, count0: 3, count12: 4, count12b: 21, min12b: 41, max12b: 42
Before version: 1
sequence_number: 13
utc_start_ns: 1572511557000000000
measurement {
  source_id: 1
  packet_count: 50
  latency {
    count: 0
  }
  loss: 0
  configurable_statistic_0: 5
  configurable_statistic_1: 10
  configurable_minmeanmax_0 {
    max: 42
    min: 42
    mean: 42
    count: 50
  }
}
, count0: 3, count12: 4, count12b: 21, min12b: 41, max12b: 42
After version: 1
sequence_number: 13
utc_start_ns: 1572511557000000000
measurement {
  source_id: 1
  packet_count: 50
  latency {
    count: 0
  }
  loss: 0
  configurable_statistic_0: 5
  configurable_statistic_1: 10
  configurable_minmeanmax_0 {
    max: 42
    min: 42
    mean: 42
    count: 50
  }
}
, count0: 8, count12: 14, count12b: 71, min12b: 41, max12b: 42
Before version: 1
sequence_number: 14
utc_start_ns: 1572511558000000000
measurement {
  source_id: 1
  packet_count: 30
  latency {
    count: 0
  }
  loss: 0
  configurable_statistic_0: 3
  configurable_statistic_1: 6
  configurable_minmeanmax_0 {
    max: 43
    min: 42
    mean: 43
    count: 30
  }
}
, count0: 8, count12: 14, count12b: 71, min12b: 41, max12b: 42
After version: 1
sequence_number: 14
utc_start_ns: 1572511558000000000
measurement {
  source_id: 1
  packet_count: 30
  latency {
    count: 0
  }
  loss: 0
  configurable_statistic_0: 3
  configurable_statistic_1: 6
  configurable_minmeanmax_0 {
    max: 43
    min: 42
    mean: 43
    count: 30
  }
}
, count0: 11, count12: 20, count12b: 101, min12b: 41, max12b: 43
Before version: 1
sequence_number: 15
utc_start_ns: 1572511559000000000
measurement {
  source_id: 1
  packet_count: 0
  latency {
    count: 0
  }
  loss: 0
  configurable_statistic_0: 0
  configurable_statistic_1: 0
  configurable_minmeanmax_0 {
    count: 0
  }
}
, count0: 11, count12: 20, count12b: 101, min12b: 41, max12b: 43
Before version: 1
sequence_number: 16
utc_start_ns: 1572511560000000000
measurement {
  source_id: 1
  packet_count: 0
  latency {
    count: 0
  }
  loss: 0
  configurable_statistic_0: 0
  configurable_statistic_1: 0
  configurable_minmeanmax_0 {
    count: 0
  }
}
, count0: 11, count12: 20, count12b: 101, min12b: 41, max12b: 43
Before version: 1
sequence_number: 17
utc_start_ns: 1572511561000000000
measurement {
  source_id: 1
  packet_count: 0
  latency {
    count: 0
  }
  loss: 0
  configurable_statistic_0: 0
  configurable_statistic_1: 0
  configurable_minmeanmax_0 {
    count: 0
  }
}
, count0: 11, count12: 20, count12b: 101, min12b: 41, max12b: 43
Halting corvil feed listener on port 52756... done
.TestCase01.test11: Test BQM-14577
Starting corvil feed listener on port 56900, sanity: True, assert sanity: True
Port: 56900 Current 1, last: 0
Port: 56900 Current 2, last: 1
Port: 56900 Current 3, last: 2
Port: 56900 Current 4, last: 3
Port: 56900 Current 5, last: 4
Port: 56900 Current 6, last: 5
Port: 56900 Current 7, last: 6
Port: 56900 Current 8, last: 7
Port: 56900 Current 9, last: 8
Port: 56900 Current 10, last: 9
Port: 56900 Current 11, last: 10
Port: 56900 Current 12, last: 11
Port: 56900 Current 13, last: 12
Port: 56900 Current 14, last: 13
Got min: 10, max: 30
Halting corvil feed listener on port 56900... done
.TestCase02.test01: missing data
Starting corvil feed listener on port 56610, sanity: True, assert sanity: True
Port: 56610 Current 1, last: 0
Port: 56610 Current 2, last: 1
Pausing live-view for 60s
&lt;cnx/&gt;

Port: 56610 Current 3, last: 2
Port: 56610 Current 4, last: 3
Port: 56610 Current 5, last: 4
Halting corvil feed listener on port 56610... done
.
TestCase03.test01: check maximum number of multicast feeds
.
TestCase03.test02: check maximum number of channels included across all multicast data feeds
.
TestCase03.test03: check maximum number of channels included in one multicast data feed
.
TestCase03.test04: increasing the scalability limit shows a warning and has a maximum
.
TestCase03.test05: check that the sessions reservation limits the number of new tcp sessions
.
TestCase03.test06: check that increasing the reservation numbers, some tcp sessions are ejected
.
TestCase03.test07: check that multicast-data-feeds publishing but disabled have a warning in show command
.
TestCase03.test08: check measurement point limits

*** check that tcp sessions are rejected when the measurement points limit is reached
/build/test/utils/liveview.pl -N 99 -d max -n 1  localhost &quot;&quot;
/build/test/utils/liveview.pl  -d max -n 1  localhost &quot;rt-class//local-cne///PortA/class-default&quot;
liveview stderr: HTTP request failed: 

liveview stderr: 

liveview stderr: URL: http://localhost:8111/stats/livedata

liveview stderr: payload: &lt;cnx&gt;&lt;live-data update-period=&quot;1&quot;  &gt;&lt;stats-group &gt;&lt;definition&gt;&lt;stat name=&quot;packet_count&quot; /&gt;&lt;stat name=&quot;msg_seq_count&quot; /&gt;&lt;stat name=&quot;msg_seq_gap&quot; /&gt;&lt;stat name=&quot;user_microburst&quot; /&gt;&lt;stat name=&quot;eq_delay&quot; /&gt;&lt;stat name=&quot;eq_loss&quot; /&gt;&lt;stat name=&quot;pp_delay&quot; /&gt;&lt;stat name=&quot;pp_loss&quot; /&gt;&lt;stat name=&quot;local_congestion&quot; /&gt;&lt;stat name=&quot;pp_remote_congestion&quot; /&gt;&lt;stat name=&quot;tcp_retransmitted_oos&quot; /&gt;&lt;stat name=&quot;msg_count&quot; /&gt;&lt;stat name=&quot;msg_rate&quot; /&gt;&lt;stat name=&quot;packet_rate&quot; /&gt;&lt;/definition&gt;&lt;measurement-points&gt;&lt;measurement-point id=&quot;4301&quot; /&gt;&lt;/measurement-points&gt;&lt;/stats-group&gt;&lt;/live-data&gt;&lt;/cnx&gt;

EOF
liveview stderr: 

liveview stderr: Reply:&lt;cnx result=&quot;error&quot;&gt;

liveview stderr:   &lt;error reason=&quot;LimitExceeded&quot; url=&quot;/stats/livedata&quot;&gt;number of requested multicast measurement points (1) plus pre-existing measurement points (400) exceeded hard limit of 400 for small sessions&lt;/error&gt;

liveview stderr: &lt;/cnx&gt;

liveview stderr: 

liveview stderr:  at /build/test/utils/liveview.pl line 428

liveview stderr: 	main::RESTliveview(&apos;ARRAY(0x1c58380)&apos;) called at /build/test/utils/liveview.pl line 222

EOF

*** check that you cannot publish new feeds when the measurement points limit is reached

*** check that the channels reservation limits the number of new tcp sessions

*** check that unpublishing and publishing the feed does not produce spurious capacity-related errors
.</stdout>
      <stderr>UTC skip: [1572511598000000000, 1572511632000000000] 
</stderr>
      <duration>513.17</duration>
      <timestamp>2019-10-31T08:41:30.955759</timestamp>
      <time>513.170</time>
      <enclosingBlocks/>
      <enclosingBlockNames/>
      <cases>
        <case>
          <duration>40.173</duration>
          <className>TestMulticastFeed</className>
          <testName>TestCase01.test01</testName>
          <skipped>false</skipped>
          <errorStackTrace>Traceback (most recent call last):
  File &quot;/components/probed/test/testcases/probe.py&quot;, line 801, in wrapper
    r = f(*args, **kw)
  File &quot;/components/cna/host/src/probed/test/multicast/TestMulticastFeed.py&quot;, line 266, in test01
    assert_approx_equal(pnqm.max, 20e6 if i &lt; first400 else 400e6)
  File &quot;/components/cna/host/src/probed/test/multicast/TestMulticastFeed.py&quot;, line 236, in assert_approx_equal
    raise probe.AssertException(&quot;%d is not within 10%% of %d: i=%d&quot; % (x, y, i))
probe.AssertException: (&apos;25403000 is not within 10% of 20000000: i=0&apos;,)
</errorStackTrace>
          <failedSince>4487</failedSince>
        </case>
        <case>
          <duration>17.156</duration>
          <className>TestMulticastFeed</className>
          <testName>TestCase01.test02</testName>
          <skipped>false</skipped>
          <failedSince>0</failedSince>
        </case>
        <case>
          <duration>21.824</duration>
          <className>TestMulticastFeed</className>
          <testName>TestCase01.test03</testName>
          <skipped>false</skipped>
          <failedSince>0</failedSince>
        </case>
        <case>
          <duration>16.164</duration>
          <className>TestMulticastFeed</className>
          <testName>TestCase01.test04</testName>
          <skipped>false</skipped>
          <failedSince>0</failedSince>
        </case>
        <case>
          <duration>30.911</duration>
          <className>TestMulticastFeed</className>
          <testName>TestCase01.test05</testName>
          <skipped>false</skipped>
          <failedSince>0</failedSince>
        </case>
        <case>
          <duration>24.958</duration>
          <className>TestMulticastFeed</className>
          <testName>TestCase01.test06</testName>
          <skipped>false</skipped>
          <failedSince>0</failedSince>
        </case>
        <case>
          <duration>53.136</duration>
          <className>TestMulticastFeed</className>
          <testName>TestCase01.test07</testName>
          <skipped>false</skipped>
          <failedSince>0</failedSince>
        </case>
        <case>
          <duration>15.29</duration>
          <className>TestMulticastFeed</className>
          <testName>TestCase01.test08</testName>
          <skipped>false</skipped>
          <failedSince>0</failedSince>
        </case>
        <case>
          <duration>26.948</duration>
          <className>TestMulticastFeed</className>
          <testName>TestCase01.test09</testName>
          <skipped>false</skipped>
          <failedSince>0</failedSince>
        </case>
        <case>
          <duration>32.389</duration>
          <className>TestMulticastFeed</className>
          <testName>TestCase01.test10</testName>
          <skipped>false</skipped>
          <failedSince>0</failedSince>
        </case>
        <case>
          <duration>21.263</duration>
          <className>TestMulticastFeed</className>
          <testName>TestCase01.test11</testName>
          <skipped>false</skipped>
          <failedSince>0</failedSince>
        </case>
        <case>
          <duration>86.463</duration>
          <className>TestMulticastFeed</className>
          <testName>TestCase02.test01</testName>
          <skipped>false</skipped>
          <failedSince>0</failedSince>
        </case>
        <case>
          <duration>8.384</duration>
          <className>TestMulticastFeed</className>
          <testName>TestCase03.test01</testName>
          <skipped>false</skipped>
          <failedSince>0</failedSince>
        </case>
        <case>
          <duration>12.633</duration>
          <className>TestMulticastFeed</className>
          <testName>TestCase03.test02</testName>
          <skipped>false</skipped>
          <failedSince>0</failedSince>
        </case>
        <case>
          <duration>13.565</duration>
          <className>TestMulticastFeed</className>
          <testName>TestCase03.test03</testName>
          <skipped>false</skipped>
          <failedSince>0</failedSince>
        </case>
        <case>
          <duration>12.744</duration>
          <className>TestMulticastFeed</className>
          <testName>TestCase03.test04</testName>
          <skipped>false</skipped>
          <failedSince>0</failedSince>
        </case>
        <case>
          <duration>10.046</duration>
          <className>TestMulticastFeed</className>
          <testName>TestCase03.test05</testName>
          <skipped>false</skipped>
          <failedSince>0</failedSince>
        </case>
        <case>
          <duration>11.674</duration>
          <className>TestMulticastFeed</className>
          <testName>TestCase03.test06</testName>
          <skipped>false</skipped>
          <failedSince>0</failedSince>
        </case>
        <case>
          <duration>27.079</duration>
          <className>TestMulticastFeed</className>
          <testName>TestCase03.test07</testName>
          <skipped>false</skipped>
          <failedSince>0</failedSince>
        </case>
        <case>
          <duration>30.367</duration>
          <className>TestMulticastFeed</className>
          <testName>TestCase03.test08</testName>
          <skipped>false</skipped>
          <failedSince>0</failedSince>
        </case>
      </cases>
    </suite>
    <suite>
      <file>/home/jenkins/workspace/Backend/CNE@2/test-results/TEST-cli-TestSession.xml</file>
      <name>cli.TestSession</name>
      <stdout>
TestCase01.test01: Basic session operations test
.
TestCase01.test02: Session channel rename
.
TestCase01.test03: Invalid channels
.
TestCase01.test04: Channels used in only one session
Test not applicable to &apos;new sessions&apos; code
.
TestCase01.test05: Number of sessions properly appearing on status
.
TestCase01.test06: Making valid channels invalid
.
TestCase01.test07: Rejecting offline channels in sessions
.
TestCase01.test08: BQM-38692: Completion for &quot;pnqm-target to-id xxx on cne ?&quot;
.
TestCase
...[truncated 1906 chars]...
ptures
....Deleting old captures
.Deleting old captures
.Deleting old captures
Deleting old captures
Deleting old captures
Deleting old captures
..[waiting for probed to restart.4s]
.Test skipped on the CorvilNet Engine
.Test skipped on the CorvilNet Engine
.
TestCase05.test03: 1-CNE/2-CNE sessions on CNE
.Test skipped on the CorvilNet Engine
.Test skipped on the CorvilNet Engine
.Test skipped on the CorvilNet Engine
.Test skipped on the CorvilNet Engine
.Test skipped on the CorvilNet Engine
...</stdout>
      <stderr></stderr>
      <duration>500.163</duration>
      <timestamp>2019-10-31T08:41:45.595179</timestamp>
      <time>500.163</time>
      <enclosingBlocks/>
      <enclosingBlockNames/>
      <cases>
        <case>
          <duration>56.19</duration>
          <className>TestSession</className>
          <testName>TestCase01.test01</testName>
          <skipped>false</skipped>
          <failedSince>0</failedSince>
        </case>
        <case>
          <duration>0.593</duration>
          <className>TestSession</className>
          <testName>TestCase01.test02</testName>
          <skipped>false</skipped>
          <failedSince>0</failedSince>
        </case>
        <case>
          <duration>3.0</duration>
          <className>TestSession</className>
          <testName>TestCase01.test03</testName>
          <skipped>false</skipped>
          <failedSince>0</failedSince>
        </case>
        <case>
          <duration>0.004</duration>
          <className>TestSession</className>
          <testName>TestCase01.test04</testName>
          <skipped>false</skipped>
          <failedSince>0</failedSince>
        </case>
        <case>
          <duration>0.421</duration>
          <className>TestSession</className>
          <testName>TestCase01.test05</testName>
          <skipped>false</skipped>
          <failedSince>0</failedSince>
        </case>
        <case>
          <duration>0.707</duration>
          <className>TestSession</className>
          <testName>TestCase01.test06</testName>
          <skipped>false</skipped>
          <failedSince>0</failedSince>
        </case>
        <case>
          <duration>0.136</duration>
          <className>TestSession</className>
          <testName>TestCase01.test07</testName>
          <skipped>false</skipped>
          <failedSince>0</failedSince>
        </case>
        <case>
          <duration>0.032</duration>
          <className>TestSession</className>
          <testName>TestCase01.test08</testName>
          <skipped>false</skipped>
          <failedSince>0</failedSince>
        </case>
        <case>
          <duration>0.057</duration>
          <className>TestSession</className>
          <testName>TestCase01.test09</testName>
          <skipped>false</skipped>
          <failedSince>0</failedSince>
        </case>
        <case>
          <duration>0.067</duration>
          <className>TestSession</className>
          <testName>TestCase01.test10</testName>
          <skipped>false</skipped>
          <failedSince>0</failedSince>
        </case>
        <case>
          <duration>8.857</duration>
          <className>TestSession</className>
          <testName>TestCase01.test11</testName>
          <skipped>false</skipped>
          <failedSince>0</failedSince>
        </case>
        <case>
          <duration>6.204</duration>
          <className>TestSession</className>
          <testName>TestCase02.test01</testName>
          <skipped>false</skipped>
          <failedSince>0</failedSince>
        </case>
        <case>
          <duration>0.782</duration>
          <className>TestSession</className>
          <testName>TestCase02.test02</testName>
          <skipped>false</skipped>
          <failedSince>0</failedSince>
        </case>
        <case>
          <duration>0.061</duration>
          <className>TestSession</className>
          <testName>TestCase02.test03</testName>
          <skipped>false</skipped>
          <failedSince>0</failedSince>
        </case>
        <case>
          <duration>1.525</duration>
          <className>TestSession</className>
          <testName>TestCase02.test04</testName>
          <skipped>false</skipped>
          <failedSince>0</failedSince>
        </case>
        <case>
          <duration>6.918</duration>
          <className>TestSession</className>
          <testName>TestCase03.test01</testName>
          <skipped>false</skipped>
          <failedSince>0</failedSince>
        </case>
        <case>
          <duration>5.504</duration>
          <className>TestSession</className>
          <testName>TestCase03.test02</testName>
          <skipped>false</skipped>
          <failedSince>0</failedSince>
        </case>
        <case>
          <duration>3.515</duration>
          <className>TestSession</className>
          <testName>TestCase03.test03</testName>
          <skipped>false</skipped>
          <failedSince>0</failedSince>
        </case>
        <case>
          <duration>2.043</duration>
          <className>TestSession</className>
          <testName>TestCase03.test04</testName>
          <skipped>false</skipped>
          <failedSince>0</failedSince>
        </case>
        <case>
          <duration>5.322</duration>
          <className>TestSession</className>
          <testName>TestCase03.test05</testName>
          <skipped>false</skipped>
          <failedSince>0</failedSince>
        </case>
        <case>
          <duration>2.357</duration>
          <className>TestSession</className>
          <testName>TestCase03.test06</testName>
          <skipped>false</skipped>
          <failedSince>0</failedSince>
        </case>
        <case>
          <duration>6.279</duration>
          <className>TestSession</className>
          <testName>TestCase03.test07</testName>
          <skipped>false</skipped>
          <failedSince>0</failedSince>
        </case>
        <case>
          <duration>0.019</duration>
          <className>TestSession</className>
          <testName>TestCase03.test08</testName>
          <skipped>false</skipped>
          <failedSince>0</failedSince>
        </case>
        <case>
          <duration>0.005</duration>
          <className>TestSession</className>
          <testName>TestCase03.test09</testName>
          <skipped>false</skipped>
          <failedSince>0</failedSince>
        </case>
        <case>
          <duration>3.519</duration>
          <className>TestSession</className>
          <testName>TestCase03.test10</testName>
          <skipped>false</skipped>
          <failedSince>0</failedSince>
        </case>
        <case>
          <duration>8.764</duration>
          <className>TestSession</className>
          <testName>TestCase03.test11</testName>
          <skipped>false</skipped>
          <failedSince>0</failedSince>
        </case>
        <case>
          <duration>32.253</duration>
          <className>TestSession</className>
          <testName>TestCase04.test01</testName>
          <skipped>false</skipped>
          <failedSince>0</failedSince>
        </case>
        <case>
          <duration>4.478</duration>
          <className>TestSession</className>
          <testName>TestCase04.test02</testName>
          <skipped>false</skipped>
          <failedSince>0</failedSince>
        </case>
        <case>
          <duration>8.337</duration>
          <className>TestSession</className>
          <testName>TestCase04.test03</testName>
          <skipped>false</skipped>
          <failedSince>0</failedSince>
        </case>
        <case>
          <duration>25.901</duration>
          <className>TestSession</className>
          <testName>TestCase04.test04</testName>
          <skipped>false</skipped>
          <failedSince>0</failedSince>
        </case>
        <case>
          <duration>224.43</duration>
          <className>TestSession</className>
          <testName>TestCase04.test05</testName>
          <skipped>false</skipped>
          <failedSince>0</failedSince>
        </case>
        <case>
          <duration>26.389</duration>
          <className>TestSession</className>
          <testName>TestCase04.test06</testName>
          <skipped>false</skipped>
          <failedSince>0</failedSince>
        </case>
        <case>
          <duration>5.971</duration>
          <className>TestSession</className>
          <testName>TestCase04.test07</testName>
          <skipped>false</skipped>
          <failedSince>0</failedSince>
        </case>
        <case>
          <duration>1.709</duration>
          <className>TestSession</className>
          <testName>TestCase04.test08</testName>
          <skipped>false</skipped>
          <failedSince>0</failedSince>
        </case>
        <case>
          <duration>28.383</duration>
          <className>TestSession</className>
          <testName>TestCase04.test09</testName>
          <skipped>false</skipped>
          <failedSince>0</failedSince>
        </case>
        <case>
          <duration>0.038</duration>
          <className>TestSession</className>
          <testName>TestCase05.test01</testName>
          <skipped>false</skipped>
          <failedSince>0</failedSince>
        </case>
        <case>
          <duration>0.027</duration>
          <className>TestSession</className>
          <testName>TestCase05.test02</testName>
          <skipped>false</skipped>
          <failedSince>0</failedSince>
        </case>
        <case>
          <duration>8.05</duration>
          <className>TestSession</className>
          <testName>TestCase05.test03</testName>
          <skipped>false</skipped>
          <failedSince>0</failedSince>
        </case>
        <case>
          <duration>0.019</duration>
          <className>TestSession</className>
          <testName>TestCase05.test04</testName>
          <skipped>false</skipped>
          <failedSince>0</failedSince>
        </case>
        <case>
          <duration>0.021</duration>
          <className>TestSession</className>
          <testName>TestCase05.test05</testName>
          <skipped>false</skipped>
          <failedSince>0</failedSince>
        </case>
        <case>
          <duration>0.02</duration>
          <className>TestSession</className>
          <testName>TestCase05.test06</testName>
          <skipped>false</skipped>
          <failedSince>0</failedSince>
        </case>
        <case>
          <duration>0.018</duration>
          <className>TestSession</className>
          <testName>TestCase05.test07</testName>
          <skipped>false</skipped>
          <failedSince>0</failedSince>
        </case>
        <case>
          <duration>0.02</duration>
          <className>TestSession</className>
          <testName>TestCase05.test08</testName>
          <skipped>false</skipped>
          <failedSince>0</failedSince>
        </case>
        <case>
          <duration>4.796</duration>
          <className>TestSession</className>
          <testName>TestCase06.test01</testName>
          <skipped>false</skipped>
          <failedSince>0</failedSince>
        </case>
        <case>
          <duration>6.413</duration>
          <className>TestSession</className>
          <testName>TestCase06.test03</testName>
          <skipped>false</skipped>
          <failedSince>0</failedSince>
        </case>
      </cases>
    </suite>
    <suite>
      <file>/home/jenkins/workspace/Backend/CNE/test-results/TEST-cli-TestShowAdmin.xml</file>
      <name>cli.TestShowAdmin</name>
      <stdout>.......
TestCase01.test07: BQM-44268 All config changes on a single config object should be written into the audit log, regardless of interval between them.
.</stdout>
      <stderr></stderr>
      <duration>36.226</duration>
      <timestamp>2019-10-31T08:49:29.513797</timestamp>
      <time>36.226</time>
      <enclosingBlocks/>
      <enclosingBlockNames/>
      <cases>
        <case>
          <duration>18.011</duration>
          <className>TestShowAdmin</className>
          <testName>TestCase01.test01</testName>
          <skipped>false</skipped>
          <failedSince>0</failedSince>
        </case>
        <case>
          <duration>0.139</duration>
          <className>TestShowAdmin</className>
          <testName>TestCase01.test02</testName>
          <skipped>false</skipped>
          <failedSince>0</failedSince>
        </case>
        <case>
          <duration>3.252</duration>
          <className>TestShowAdmin</className>
          <testName>TestCase01.test03</testName>
          <skipped>false</skipped>
          <failedSince>0</failedSince>
        </case>
        <case>
          <duration>4.656</duration>
          <className>TestShowAdmin</className>
          <testName>TestCase01.test04</testName>
          <skipped>false</skipped>
          <failedSince>0</failedSince>
        </case>
        <case>
          <duration>4.962</duration>
          <className>TestShowAdmin</className>
          <testName>TestCase01.test05</testName>
          <skipped>false</skipped>
          <failedSince>0</failedSince>
        </case>
        <case>
          <duration>2.944</duration>
          <className>TestShowAdmin</className>
          <testName>TestCase01.test05a_show_config_should_not_contain_password</testName>
          <skipped>false</skipped>
          <failedSince>0</failedSince>
        </case>
        <case>
          <duration>0.197</duration>
          <className>TestShowAdmin</className>
          <testName>TestCase01.test06</testName>
          <skipped>false</skipped>
          <failedSince>0</failedSince>
        </case>
        <case>
          <duration>2.064</duration>
          <className>TestShowAdmin</className>
          <testName>TestCase01.test07</testName>
          <skipped>false</skipped>
          <failedSince>0</failedSince>
        </case>
      </cases>
    </suite>
    <suite>
      <file>/home/jenkins/workspace/Backend/CNE@7/test-results/TEST-cli-TestTacacsAuthentication.xml</file>
      <name>cli.TestTacacsAuthentication</name>
      <stdout>Test test01 skipped in sandbox
.Test test02 skipped in sandbox
.Test test03 skipped in sandbox
.Test test04 skipped in sandbox
.Test test05 skipped in sandbox
.Test test06 skipped in sandbox
.Test test07 skipped in sandbox
.Test test08 skipped in sandbox
..Test test10 skipped in sandbox
.Test test11 skipped in sandbox
.Test test12 skipped in sandbox
.Test test13 skipped in sandbox
.Test test01 skipped in sandbox
.Test test02 skipped in sandbox
.Test test03 skipped in sandbox
.</stdout>
      <stderr></stderr>
      <duration>22.291</duration>
      <timestamp>2019-10-31T08:49:44.020675</timestamp>
      <time>22.291</time>
      <enclosingBlocks/>
      <enclosingBlockNames/>
      <cases>
        <case>
          <duration>0.0</duration>
          <className>TestTacacsAuthentication</className>
          <testName>TestCase01.test01</testName>
          <skipped>false</skipped>
          <failedSince>0</failedSince>
        </case>
        <case>
          <duration>0.0</duration>
          <className>TestTacacsAuthentication</className>
          <testName>TestCase01.test02</testName>
          <skipped>false</skipped>
          <failedSince>0</failedSince>
        </case>
        <case>
          <duration>0.0</duration>
          <className>TestTacacsAuthentication</className>
          <testName>TestCase01.test03</testName>
          <skipped>false</skipped>
          <failedSince>0</failedSince>
        </case>
        <case>
          <duration>0.0</duration>
          <className>TestTacacsAuthentication</className>
          <testName>TestCase01.test04</testName>
          <skipped>false</skipped>
          <failedSince>0</failedSince>
        </case>
        <case>
          <duration>0.0</duration>
          <className>TestTacacsAuthentication</className>
          <testName>TestCase01.test05</testName>
          <skipped>false</skipped>
          <failedSince>0</failedSince>
        </case>
        <case>
          <duration>0.0</duration>
          <className>TestTacacsAuthentication</className>
          <testName>TestCase01.test06</testName>
          <skipped>false</skipped>
          <failedSince>0</failedSince>
        </case>
        <case>
          <duration>0.0</duration>
          <className>TestTacacsAuthentication</className>
          <testName>TestCase01.test07</testName>
          <skipped>false</skipped>
          <failedSince>0</failedSince>
        </case>
        <case>
          <duration>0.0</duration>
          <className>TestTacacsAuthentication</className>
          <testName>TestCase01.test08</testName>
          <skipped>false</skipped>
          <failedSince>0</failedSince>
        </case>
        <case>
          <duration>22.288</duration>
          <className>TestTacacsAuthentication</className>
          <testName>TestCase01.test09</testName>
          <skipped>false</skipped>
          <failedSince>0</failedSince>
        </case>
        <case>
          <duration>0.0</duration>
          <className>TestTacacsAuthentication</className>
          <testName>TestCase01.test10</testName>
          <skipped>false</skipped>
          <failedSince>0</failedSince>
        </case>
        <case>
          <duration>0.0</duration>
          <className>TestTacacsAuthentication</className>
          <testName>TestCase01.test11</testName>
          <skipped>false</skipped>
          <failedSince>0</failedSince>
        </case>
        <case>
          <duration>0.0</duration>
          <className>TestTacacsAuthentication</className>
          <testName>TestCase01.test12</testName>
          <skipped>false</skipped>
          <failedSince>0</failedSince>
        </case>
        <case>
          <duration>0.0</duration>
          <className>TestTacacsAuthentication</className>
          <testName>TestCase01.test13</testName>
          <skipped>false</skipped>
          <failedSince>0</failedSince>
        </case>
        <case>
          <duration>0.0</duration>
          <className>TestTacacsAuthentication</className>
          <testName>TestCase02.test01</testName>
          <skipped>false</skipped>
          <failedSince>0</failedSince>
        </case>
        <case>
          <duration>0.0</duration>
          <className>TestTacacsAuthentication</className>
          <testName>TestCase02.test02</testName>
          <skipped>false</skipped>
          <failedSince>0</failedSince>
        </case>
        <case>
          <duration>0.0</duration>
          <className>TestTacacsAuthentication</className>
          <testName>TestCase02.test03</testName>
          <skipped>false</skipped>
          <failedSince>0</failedSince>
        </case>
      </cases>
    </suite>
    <suite>
      <file>/home/jenkins/workspace/Backend/CNE@4/test-results/TEST-rest-TestRestDecoderConfig.xml</file>
      <name>rest.TestRestDecoderConfig</name>
      <stdout>. &lt;cnx&gt;
            &lt;config&gt;
                &lt;custom-applications&gt;
                     &lt;custom-application id=&quot;200&quot; match-all=&quot;false&quot; description=&quot;&quot; rank=&quot;500&quot; name=&quot;unchanged&quot; decoder=&quot;FIX&quot; variant=&quot;&quot;&gt;
                        &lt;capture-field indexed=&quot;false&quot; name=&quot;Account&quot;/&gt;
                        &lt;capture-field name=&quot;AccountType&quot; indexed=&quot;true&quot;/&gt;
                    &lt;/custom-application&gt;
                    &lt;custom-application id=&quot;400&quot; match-all=&quot;false&quot; description=&quot;&quot; rank=&quot;500&quot; name=&quot;updateMe
...[truncated 14598 chars]...
over REST poke interface
Test skipped on the CorvilNet Engine
.Test skipped on the CorvilNet Engine
.Test skipped on the CorvilNet Engine
.Test skipped on the CorvilNet Engine
.
TestCase17.test07: BQM-54216: Manual removal of sessions created by a decoder and then excluding the decoder&apos;s custom apps using a filter-custom-apps, leads to an endless loop of failing decoder promotions once an application hit is received for the same decoder but from another CNE
Test skipped on the CorvilNet Engine
.</stdout>
      <stderr></stderr>
      <duration>489.862</duration>
      <timestamp>2019-10-31T08:41:58.078395</timestamp>
      <time>489.862</time>
      <enclosingBlocks/>
      <enclosingBlockNames/>
      <cases>
        <case>
          <duration>4.834</duration>
          <className>TestRestDecoderConfig</className>
          <testName>TestCase01.test01</testName>
          <skipped>false</skipped>
          <failedSince>0</failedSince>
        </case>
        <case>
          <duration>1.822</duration>
          <className>TestRestDecoderConfig</className>
          <testName>TestCase01.test02</testName>
          <skipped>false</skipped>
          <failedSince>0</failedSince>
        </case>
        <case>
          <duration>1.863</duration>
          <className>TestRestDecoderConfig</className>
          <testName>TestCase01.test03</testName>
          <skipped>false</skipped>
          <failedSince>0</failedSince>
        </case>
        <case>
          <duration>1.698</duration>
          <className>TestRestDecoderConfig</className>
          <testName>TestCase01.test04</testName>
          <skipped>false</skipped>
          <failedSince>0</failedSince>
        </case>
        <case>
          <duration>2.078</duration>
          <className>TestRestDecoderConfig</className>
          <testName>TestCase01.test05</testName>
          <skipped>false</skipped>
          <failedSince>0</failedSince>
        </case>
        <case>
          <duration>3.61</duration>
          <className>TestRestDecoderConfig</className>
          <testName>TestCase01.test06</testName>
          <skipped>false</skipped>
          <failedSince>0</failedSince>
        </case>
        <case>
          <duration>1.65</duration>
          <className>TestRestDecoderConfig</className>
          <testName>TestCase01.test07</testName>
          <skipped>false</skipped>
          <failedSince>0</failedSince>
        </case>
        <case>
          <duration>1.112</duration>
          <className>TestRestDecoderConfig</className>
          <testName>TestCase01.test08</testName>
          <skipped>false</skipped>
          <failedSince>0</failedSince>
        </case>
        <case>
          <duration>3.315</duration>
          <className>TestRestDecoderConfig</className>
          <testName>TestCase01.test09</testName>
          <skipped>false</skipped>
          <failedSince>0</failedSince>
        </case>
        <case>
          <duration>3.139</duration>
          <className>TestRestDecoderConfig</className>
          <testName>TestCase01.test10</testName>
          <skipped>false</skipped>
          <failedSince>0</failedSince>
        </case>
        <case>
          <duration>7.169</duration>
          <className>TestRestDecoderConfig</className>
          <testName>TestCase01.test11</testName>
          <skipped>false</skipped>
          <failedSince>0</failedSince>
        </case>
        <case>
          <duration>0.247</duration>
          <className>TestRestDecoderConfig</className>
          <testName>TestCase01.test12</testName>
          <skipped>false</skipped>
          <failedSince>0</failedSince>
        </case>
        <case>
          <duration>5.236</duration>
          <className>TestRestDecoderConfig</className>
          <testName>TestCase01.test13</testName>
          <skipped>false</skipped>
          <failedSince>0</failedSince>
        </case>
        <case>
          <duration>2.337</duration>
          <className>TestRestDecoderConfig</className>
          <testName>TestCase02.test01</testName>
          <skipped>false</skipped>
          <failedSince>0</failedSince>
        </case>
        <case>
          <duration>0.093</duration>
          <className>TestRestDecoderConfig</className>
          <testName>TestCase02.test02</testName>
          <skipped>false</skipped>
          <failedSince>0</failedSince>
        </case>
        <case>
          <duration>12.749</duration>
          <className>TestRestDecoderConfig</className>
          <testName>TestCase02.test03</testName>
          <skipped>false</skipped>
          <failedSince>0</failedSince>
        </case>
        <case>
          <duration>0.033</duration>
          <className>TestRestDecoderConfig</className>
          <testName>TestCase02.test04</testName>
          <skipped>false</skipped>
          <failedSince>0</failedSince>
        </case>
        <case>
          <duration>0.053</duration>
          <className>TestRestDecoderConfig</className>
          <testName>TestCase02.test05</testName>
          <skipped>false</skipped>
          <failedSince>0</failedSince>
        </case>
        <case>
          <duration>0.619</duration>
          <className>TestRestDecoderConfig</className>
          <testName>TestCase02.test06</testName>
          <skipped>false</skipped>
          <failedSince>0</failedSince>
        </case>
        <case>
          <duration>0.056</duration>
          <className>TestRestDecoderConfig</className>
          <testName>TestCase02.test07</testName>
          <skipped>false</skipped>
          <failedSince>0</failedSince>
        </case>
        <case>
          <duration>0.055</duration>
          <className>TestRestDecoderConfig</className>
          <testName>TestCase03.test01</testName>
          <skipped>false</skipped>
          <failedSince>0</failedSince>
        </case>
        <case>
          <duration>3.92</duration>
          <className>TestRestDecoderConfig</className>
          <testName>TestCase03.test02</testName>
          <skipped>false</skipped>
          <failedSince>0</failedSince>
        </case>
        <case>
          <duration>0.034</duration>
          <className>TestRestDecoderConfig</className>
          <testName>TestCase03.test03</testName>
          <skipped>false</skipped>
          <failedSince>0</failedSince>
        </case>
        <case>
          <duration>29.848</duration>
          <className>TestRestDecoderConfig</className>
          <testName>TestCase03.test04</testName>
          <skipped>false</skipped>
          <failedSince>0</failedSince>
        </case>
        <case>
          <duration>3.557</duration>
          <className>TestRestDecoderConfig</className>
          <testName>TestCase03.test05</testName>
          <skipped>false</skipped>
          <failedSince>0</failedSince>
        </case>
        <case>
          <duration>3.592</duration>
          <className>TestRestDecoderConfig</className>
          <testName>TestCase03.test06</testName>
          <skipped>false</skipped>
          <failedSince>0</failedSince>
        </case>
        <case>
          <duration>1.852</duration>
          <className>TestRestDecoderConfig</className>
          <testName>TestCase03.test07</testName>
          <skipped>false</skipped>
          <failedSince>0</failedSince>
        </case>
        <case>
          <duration>4.001</duration>
          <className>TestRestDecoderConfig</className>
          <testName>TestCase03.test08</testName>
          <skipped>false</skipped>
          <failedSince>0</failedSince>
        </case>
        <case>
          <duration>61.151</duration>
          <className>TestRestDecoderConfig</className>
          <testName>TestCase03.test09</testName>
          <skipped>false</skipped>
          <failedSince>0</failedSince>
        </case>
        <case>
          <duration>3.758</duration>
          <className>TestRestDecoderConfig</className>
          <testName>TestCase03.test10</testName>
          <skipped>false</skipped>
          <failedSince>0</failedSince>
        </case>
        <case>
          <duration>7.914</duration>
          <className>TestRestDecoderConfig</className>
          <testName>TestCase03.test11</testName>
          <skipped>false</skipped>
          <failedSince>0</failedSince>
        </case>
        <case>
          <duration>10.784</duration>
          <className>TestRestDecoderConfig</className>
          <testName>TestCase03.test12</testName>
          <skipped>false</skipped>
          <failedSince>0</failedSince>
        </case>
        <case>
          <duration>23.232</duration>
          <className>TestRestDecoderConfig</className>
          <testName>TestCase03.test99</testName>
          <skipped>false</skipped>
          <failedSince>0</failedSince>
        </case>
        <case>
          <duration>2.994</duration>
          <className>TestRestDecoderConfig</className>
          <testName>TestCase04.test01</testName>
          <skipped>false</skipped>
          <failedSince>0</failedSince>
        </case>
        <case>
          <duration>3.426</duration>
          <className>TestRestDecoderConfig</className>
          <testName>TestCase04.test02</testName>
          <skipped>false</skipped>
          <failedSince>0</failedSince>
        </case>
        <case>
          <duration>1.981</duration>
          <className>TestRestDecoderConfig</className>
          <testName>TestCase04.test03</testName>
          <skipped>false</skipped>
          <failedSince>0</failedSince>
        </case>
        <case>
          <duration>2.989</duration>
          <className>TestRestDecoderConfig</className>
          <testName>TestCase04.test04</testName>
          <skipped>false</skipped>
          <failedSince>0</failedSince>
        </case>
        <case>
          <duration>1.801</duration>
          <className>TestRestDecoderConfig</className>
          <testName>TestCase04.test05</testName>
          <skipped>false</skipped>
          <failedSince>0</failedSince>
        </case>
        <case>
          <duration>1.612</duration>
          <className>TestRestDecoderConfig</className>
          <testName>TestCase04.test06</testName>
          <skipped>false</skipped>
          <failedSince>0</failedSince>
        </case>
        <case>
          <duration>1.394</duration>
          <className>TestRestDecoderConfig</className>
          <testName>TestCase04.test07</testName>
          <skipped>false</skipped>
          <failedSince>0</failedSince>
        </case>
        <case>
          <duration>2.207</duration>
          <className>TestRestDecoderConfig</className>
          <testName>TestCase04.test08</testName>
          <skipped>false</skipped>
          <failedSince>0</failedSince>
        </case>
        <case>
          <duration>1.688</duration>
          <className>TestRestDecoderConfig</className>
          <testName>TestCase04.test09</testName>
          <skipped>false</skipped>
          <failedSince>0</failedSince>
        </case>
        <case>
          <duration>3.523</duration>
          <className>TestRestDecoderConfig</className>
          <testName>TestCase04.test10</testName>
          <skipped>false</skipped>
          <failedSince>0</failedSince>
        </case>
        <case>
          <duration>1.478</duration>
          <className>TestRestDecoderConfig</className>
          <testName>TestCase04.test11</testName>
          <skipped>false</skipped>
          <failedSince>0</failedSince>
        </case>
        <case>
          <duration>1.344</duration>
          <className>TestRestDecoderConfig</className>
          <testName>TestCase04.test12</testName>
          <skipped>false</skipped>
          <failedSince>0</failedSince>
        </case>
        <case>
          <duration>1.548</duration>
          <className>TestRestDecoderConfig</className>
          <testName>TestCase04.test13</testName>
          <skipped>false</skipped>
          <failedSince>0</failedSince>
        </case>
        <case>
          <duration>1.952</duration>
          <className>TestRestDecoderConfig</className>
          <testName>TestCase04.test14</testName>
          <skipped>false</skipped>
          <failedSince>0</failedSince>
        </case>
        <case>
          <duration>1.279</duration>
          <className>TestRestDecoderConfig</className>
          <testName>TestCase04.test15</testName>
          <skipped>false</skipped>
          <failedSince>0</failedSince>
        </case>
        <case>
          <duration>1.793</duration>
          <className>TestRestDecoderConfig</className>
          <testName>TestCase04.test16</testName>
          <skipped>false</skipped>
          <failedSince>0</failedSince>
        </case>
        <case>
          <duration>5.367</duration>
          <className>TestRestDecoderConfig</className>
          <testName>TestCase04.test17</testName>
          <skipped>false</skipped>
          <failedSince>0</failedSince>
        </case>
        <case>
          <duration>1.638</duration>
          <className>TestRestDecoderConfig</className>
          <testName>TestCase04.test18</testName>
          <skipped>false</skipped>
          <failedSince>0</failedSince>
        </case>
        <case>
          <duration>1.524</duration>
          <className>TestRestDecoderConfig</className>
          <testName>TestCase04.test19</testName>
          <skipped>false</skipped>
          <failedSince>0</failedSince>
        </case>
        <case>
          <duration>1.825</duration>
          <className>TestRestDecoderConfig</className>
          <testName>TestCase04.test20</testName>
          <skipped>false</skipped>
          <failedSince>0</failedSince>
        </case>
        <case>
          <duration>1.586</duration>
          <className>TestRestDecoderConfig</className>
          <testName>TestCase04.test21</testName>
          <skipped>false</skipped>
          <failedSince>0</failedSince>
        </case>
        <case>
          <duration>1.301</duration>
          <className>TestRestDecoderConfig</className>
          <testName>TestCase04.test22</testName>
          <skipped>false</skipped>
          <failedSince>0</failedSince>
        </case>
        <case>
          <duration>3.036</duration>
          <className>TestRestDecoderConfig</className>
          <testName>TestCase04.test23</testName>
          <skipped>false</skipped>
          <failedSince>0</failedSince>
        </case>
        <case>
          <duration>1.895</duration>
          <className>TestRestDecoderConfig</className>
          <testName>TestCase04.test24</testName>
          <skipped>false</skipped>
          <failedSince>0</failedSince>
        </case>
        <case>
          <duration>3.677</duration>
          <className>TestRestDecoderConfig</className>
          <testName>TestCase05.test01</testName>
          <skipped>false</skipped>
          <failedSince>0</failedSince>
        </case>
        <case>
          <duration>1.631</duration>
          <className>TestRestDecoderConfig</className>
          <testName>TestCase05.test02</testName>
          <skipped>false</skipped>
          <failedSince>0</failedSince>
        </case>
        <case>
          <duration>4.472</duration>
          <className>TestRestDecoderConfig</className>
          <testName>TestCase05.test03</testName>
          <skipped>false</skipped>
          <failedSince>0</failedSince>
        </case>
        <case>
          <duration>2.353</duration>
          <className>TestRestDecoderConfig</className>
          <testName>TestCase05.test04</testName>
          <skipped>false</skipped>
          <failedSince>0</failedSince>
        </case>
        <case>
          <duration>1.204</duration>
          <className>TestRestDecoderConfig</className>
          <testName>TestCase05.test05</testName>
          <skipped>false</skipped>
          <failedSince>0</failedSince>
        </case>
        <case>
          <duration>1.56</duration>
          <className>TestRestDecoderConfig</className>
          <testName>TestCase05.test06</testName>
          <skipped>false</skipped>
          <failedSince>0</failedSince>
        </case>
        <case>
          <duration>1.899</duration>
          <className>TestRestDecoderConfig</className>
          <testName>TestCase05.test07</testName>
          <skipped>false</skipped>
          <failedSince>0</failedSince>
        </case>
        <case>
          <duration>1.508</duration>
          <className>TestRestDecoderConfig</className>
          <testName>TestCase05.test08</testName>
          <skipped>false</skipped>
          <failedSince>0</failedSince>
        </case>
        <case>
          <duration>7.239</duration>
          <className>TestRestDecoderConfig</className>
          <testName>TestCase05.test09</testName>
          <skipped>false</skipped>
          <failedSince>0</failedSince>
        </case>
        <case>
          <duration>2.543</duration>
          <className>TestRestDecoderConfig</className>
          <testName>TestCase06.test01</testName>
          <skipped>false</skipped>
          <failedSince>0</failedSince>
        </case>
        <case>
          <duration>3.854</duration>
          <className>TestRestDecoderConfig</className>
          <testName>TestCase06.test02</testName>
          <skipped>false</skipped>
          <failedSince>0</failedSince>
        </case>
        <case>
          <duration>3.073</duration>
          <className>TestRestDecoderConfig</className>
          <testName>TestCase06.test03</testName>
          <skipped>false</skipped>
          <failedSince>0</failedSince>
        </case>
        <case>
          <duration>1.637</duration>
          <className>TestRestDecoderConfig</className>
          <testName>TestCase06.test04</testName>
          <skipped>false</skipped>
          <failedSince>0</failedSince>
        </case>
        <case>
          <duration>1.683</duration>
          <className>TestRestDecoderConfig</className>
          <testName>TestCase06.test05</testName>
          <skipped>false</skipped>
          <failedSince>0</failedSince>
        </case>
        <case>
          <duration>1.733</duration>
          <className>TestRestDecoderConfig</className>
          <testName>TestCase06.test06</testName>
          <skipped>false</skipped>
          <failedSince>0</failedSince>
        </case>
        <case>
          <duration>2.056</duration>
          <className>TestRestDecoderConfig</className>
          <testName>TestCase06.test08</testName>
          <skipped>false</skipped>
          <failedSince>0</failedSince>
        </case>
        <case>
          <duration>1.77</duration>
          <className>TestRestDecoderConfig</className>
          <testName>TestCase06.test09</testName>
          <skipped>false</skipped>
          <failedSince>0</failedSince>
        </case>
        <case>
          <duration>3.537</duration>
          <className>TestRestDecoderConfig</className>
          <testName>TestCase07.test01</testName>
          <skipped>false</skipped>
          <failedSince>0</failedSince>
        </case>
        <case>
          <duration>2.856</duration>
          <className>TestRestDecoderConfig</className>
          <testName>TestCase07.test02</testName>
          <skipped>false</skipped>
          <failedSince>0</failedSince>
        </case>
        <case>
          <duration>1.486</duration>
          <className>TestRestDecoderConfig</className>
          <testName>TestCase07.test03</testName>
          <skipped>false</skipped>
          <failedSince>0</failedSince>
        </case>
        <case>
          <duration>1.448</duration>
          <className>TestRestDecoderConfig</className>
          <testName>TestCase07.test04</testName>
          <skipped>false</skipped>
          <failedSince>0</failedSince>
        </case>
        <case>
          <duration>1.543</duration>
          <className>TestRestDecoderConfig</className>
          <testName>TestCase07.test05</testName>
          <skipped>false</skipped>
          <failedSince>0</failedSince>
        </case>
        <case>
          <duration>1.476</duration>
          <className>TestRestDecoderConfig</className>
          <testName>TestCase07.test06</testName>
          <skipped>false</skipped>
          <failedSince>0</failedSince>
        </case>
        <case>
          <duration>2.98</duration>
          <className>TestRestDecoderConfig</className>
          <testName>TestCase07.test07</testName>
          <skipped>false</skipped>
          <failedSince>0</failedSince>
        </case>
        <case>
          <duration>1.504</duration>
          <className>TestRestDecoderConfig</className>
          <testName>TestCase07.test08</testName>
          <skipped>false</skipped>
          <failedSince>0</failedSince>
        </case>
        <case>
          <duration>1.22</duration>
          <className>TestRestDecoderConfig</className>
          <testName>TestCase07.test09</testName>
          <skipped>false</skipped>
          <failedSince>0</failedSince>
        </case>
        <case>
          <duration>0.003</duration>
          <className>TestRestDecoderConfig</className>
          <testName>TestCase07.test10</testName>
          <skipped>false</skipped>
          <failedSince>0</failedSince>
        </case>
        <case>
          <duration>1.91</duration>
          <className>TestRestDecoderConfig</className>
          <testName>TestCase07.test11</testName>
          <skipped>false</skipped>
          <failedSince>0</failedSince>
        </case>
        <case>
          <duration>2.353</duration>
          <className>TestRestDecoderConfig</className>
          <testName>TestCase07.test12</testName>
          <skipped>false</skipped>
          <failedSince>0</failedSince>
        </case>
        <case>
          <duration>1.858</duration>
          <className>TestRestDecoderConfig</className>
          <testName>TestCase07.test12_a</testName>
          <skipped>false</skipped>
          <failedSince>0</failedSince>
        </case>
        <case>
          <duration>2.768</duration>
          <className>TestRestDecoderConfig</className>
          <testName>TestCase07.test13</testName>
          <skipped>false</skipped>
          <failedSince>0</failedSince>
        </case>
        <case>
          <duration>1.368</duration>
          <className>TestRestDecoderConfig</className>
          <testName>TestCase07.test13_a</testName>
          <skipped>false</skipped>
          <failedSince>0</failedSince>
        </case>
        <case>
          <duration>0.15</duration>
          <className>TestRestDecoderConfig</className>
          <testName>TestCase07.test14</testName>
          <skipped>false</skipped>
          <failedSince>0</failedSince>
        </case>
        <case>
          <duration>1.497</duration>
          <className>TestRestDecoderConfig</className>
          <testName>TestCase07.test15</testName>
          <skipped>false</skipped>
          <failedSince>0</failedSince>
        </case>
        <case>
          <duration>2.252</duration>
          <className>TestRestDecoderConfig</className>
          <testName>TestCase08.test01</testName>
          <skipped>false</skipped>
          <failedSince>0</failedSince>
        </case>
        <case>
          <duration>3.503</duration>
          <className>TestRestDecoderConfig</className>
          <testName>TestCase08.test02</testName>
          <skipped>false</skipped>
          <failedSince>0</failedSince>
        </case>
        <case>
          <duration>2.969</duration>
          <className>TestRestDecoderConfig</className>
          <testName>TestCase08.test03</testName>
          <skipped>false</skipped>
          <failedSince>0</failedSince>
        </case>
        <case>
          <duration>1.365</duration>
          <className>TestRestDecoderConfig</className>
          <testName>TestCase08.test04</testName>
          <skipped>false</skipped>
          <failedSince>0</failedSince>
        </case>
        <case>
          <duration>2.025</duration>
          <className>TestRestDecoderConfig</className>
          <testName>TestCase08.test05</testName>
          <skipped>false</skipped>
          <failedSince>0</failedSince>
        </case>
        <case>
          <duration>2.319</duration>
          <className>TestRestDecoderConfig</className>
          <testName>TestCase08.test06</testName>
          <skipped>false</skipped>
          <failedSince>0</failedSince>
        </case>
        <case>
          <duration>1.67</duration>
          <className>TestRestDecoderConfig</className>
          <testName>TestCase08.test07</testName>
          <skipped>false</skipped>
          <failedSince>0</failedSince>
        </case>
        <case>
          <duration>1.643</duration>
          <className>TestRestDecoderConfig</className>
          <testName>TestCase08.test08</testName>
          <skipped>false</skipped>
          <failedSince>0</failedSince>
        </case>
        <case>
          <duration>3.511</duration>
          <className>TestRestDecoderConfig</className>
          <testName>TestCase08.test09</testName>
          <skipped>false</skipped>
          <failedSince>0</failedSince>
        </case>
        <case>
          <duration>0.003</duration>
          <className>TestRestDecoderConfig</className>
          <testName>TestCase08.test10</testName>
          <skipped>false</skipped>
          <failedSince>0</failedSince>
        </case>
        <case>
          <duration>1.926</duration>
          <className>TestRestDecoderConfig</className>
          <testName>TestCase08.test11</testName>
          <skipped>false</skipped>
          <failedSince>0</failedSince>
        </case>
        <case>
          <duration>2.03</duration>
          <className>TestRestDecoderConfig</className>
          <testName>TestCase08.test12</testName>
          <skipped>false</skipped>
          <failedSince>0</failedSince>
        </case>
        <case>
          <duration>1.606</duration>
          <className>TestRestDecoderConfig</className>
          <testName>TestCase08.test12_a</testName>
          <skipped>false</skipped>
          <failedSince>0</failedSince>
        </case>
        <case>
          <duration>1.893</duration>
          <className>TestRestDecoderConfig</className>
          <testName>TestCase08.test13</testName>
          <skipped>false</skipped>
          <failedSince>0</failedSince>
        </case>
        <case>
          <duration>2.061</duration>
          <className>TestRestDecoderConfig</className>
          <testName>TestCase08.test13_a</testName>
          <skipped>false</skipped>
          <failedSince>0</failedSince>
        </case>
        <case>
          <duration>0.172</duration>
          <className>TestRestDecoderConfig</className>
          <testName>TestCase08.test14</testName>
          <skipped>false</skipped>
          <failedSince>0</failedSince>
        </case>
        <case>
          <duration>3.551</duration>
          <className>TestRestDecoderConfig</className>
          <testName>TestCase08.test15</testName>
          <skipped>false</skipped>
          <failedSince>0</failedSince>
        </case>
        <case>
          <duration>3.439</duration>
          <className>TestRestDecoderConfig</className>
          <testName>TestCase09.test01</testName>
          <skipped>false</skipped>
          <failedSince>0</failedSince>
        </case>
        <case>
          <duration>1.8</duration>
          <className>TestRestDecoderConfig</className>
          <testName>TestCase09.test02</testName>
          <skipped>false</skipped>
          <failedSince>0</failedSince>
        </case>
        <case>
          <duration>2.061</duration>
          <className>TestRestDecoderConfig</className>
          <testName>TestCase09.test03</testName>
          <skipped>false</skipped>
          <failedSince>0</failedSince>
        </case>
        <case>
          <duration>2.043</duration>
          <className>TestRestDecoderConfig</className>
          <testName>TestCase09.test04</testName>
          <skipped>false</skipped>
          <failedSince>0</failedSince>
        </case>
        <case>
          <duration>3.647</duration>
          <className>TestRestDecoderConfig</className>
          <testName>TestCase09.test05</testName>
          <skipped>false</skipped>
          <failedSince>0</failedSince>
        </case>
        <case>
          <duration>1.528</duration>
          <className>TestRestDecoderConfig</className>
          <testName>TestCase09.test06</testName>
          <skipped>false</skipped>
          <failedSince>0</failedSince>
        </case>
        <case>
          <duration>1.714</duration>
          <className>TestRestDecoderConfig</className>
          <testName>TestCase09.test07</testName>
          <skipped>false</skipped>
          <failedSince>0</failedSince>
        </case>
        <case>
          <duration>1.944</duration>
          <className>TestRestDecoderConfig</className>
          <testName>TestCase09.test08</testName>
          <skipped>false</skipped>
          <failedSince>0</failedSince>
        </case>
        <case>
          <duration>1.666</duration>
          <className>TestRestDecoderConfig</className>
          <testName>TestCase09.test09</testName>
          <skipped>false</skipped>
          <failedSince>0</failedSince>
        </case>
        <case>
          <duration>2.08</duration>
          <className>TestRestDecoderConfig</className>
          <testName>TestCase09.test10</testName>
          <skipped>false</skipped>
          <failedSince>0</failedSince>
        </case>
        <case>
          <duration>3.985</duration>
          <className>TestRestDecoderConfig</className>
          <testName>TestCase09.test11</testName>
          <skipped>false</skipped>
          <failedSince>0</failedSince>
        </case>
        <case>
          <duration>4.395</duration>
          <className>TestRestDecoderConfig</className>
          <testName>TestCase10.test01</testName>
          <skipped>false</skipped>
          <failedSince>0</failedSince>
        </case>
        <case>
          <duration>2.008</duration>
          <className>TestRestDecoderConfig</className>
          <testName>TestCase10.test02</testName>
          <skipped>false</skipped>
          <failedSince>0</failedSince>
        </case>
        <case>
          <duration>2.146</duration>
          <className>TestRestDecoderConfig</className>
          <testName>TestCase10.test03</testName>
          <skipped>false</skipped>
          <failedSince>0</failedSince>
        </case>
        <case>
          <duration>3.52</duration>
          <className>TestRestDecoderConfig</className>
          <testName>TestCase10.test04</testName>
          <skipped>false</skipped>
          <failedSince>0</failedSince>
        </case>
        <case>
          <duration>1.75</duration>
          <className>TestRestDecoderConfig</className>
          <testName>TestCase10.test05</testName>
          <skipped>false</skipped>
          <failedSince>0</failedSince>
        </case>
        <case>
          <duration>1.421</duration>
          <className>TestRestDecoderConfig</className>
          <testName>TestCase10.test06</testName>
          <skipped>false</skipped>
          <failedSince>0</failedSince>
        </case>
        <case>
          <duration>1.64</duration>
          <className>TestRestDecoderConfig</className>
          <testName>TestCase10.test07</testName>
          <skipped>false</skipped>
          <failedSince>0</failedSince>
        </case>
        <case>
          <duration>1.662</duration>
          <className>TestRestDecoderConfig</className>
          <testName>TestCase10.test08</testName>
          <skipped>false</skipped>
          <failedSince>0</failedSince>
        </case>
        <case>
          <duration>2.058</duration>
          <className>TestRestDecoderConfig</className>
          <testName>TestCase10.test09</testName>
          <skipped>false</skipped>
          <failedSince>0</failedSince>
        </case>
        <case>
          <duration>3.897</duration>
          <className>TestRestDecoderConfig</className>
          <testName>TestCase10.test10</testName>
          <skipped>false</skipped>
          <failedSince>0</failedSince>
        </case>
        <case>
          <duration>2.156</duration>
          <className>TestRestDecoderConfig</className>
          <testName>TestCase10.test11</testName>
          <skipped>false</skipped>
          <failedSince>0</failedSince>
        </case>
        <case>
          <duration>4.803</duration>
          <className>TestRestDecoderConfig</className>
          <testName>TestCase11.test01</testName>
          <skipped>false</skipped>
          <failedSince>0</failedSince>
        </case>
        <case>
          <duration>1.651</duration>
          <className>TestRestDecoderConfig</className>
          <testName>TestCase11.test02</testName>
          <skipped>false</skipped>
          <failedSince>0</failedSince>
        </case>
        <case>
          <duration>3.062</duration>
          <className>TestRestDecoderConfig</className>
          <testName>TestCase11.test03</testName>
          <skipped>false</skipped>
          <failedSince>0</failedSince>
        </case>
        <case>
          <duration>2.218</duration>
          <className>TestRestDecoderConfig</className>
          <testName>TestCase11.test04</testName>
          <skipped>false</skipped>
          <failedSince>0</failedSince>
        </case>
        <case>
          <duration>2.022</duration>
          <className>TestRestDecoderConfig</className>
          <testName>TestCase11.test05</testName>
          <skipped>false</skipped>
          <failedSince>0</failedSince>
        </case>
        <case>
          <duration>1.428</duration>
          <className>TestRestDecoderConfig</className>
          <testName>TestCase11.test06</testName>
          <skipped>false</skipped>
          <failedSince>0</failedSince>
        </case>
        <case>
          <duration>1.685</duration>
          <className>TestRestDecoderConfig</className>
          <testName>TestCase11.test07</testName>
          <skipped>false</skipped>
          <failedSince>0</failedSince>
        </case>
        <case>
          <duration>1.509</duration>
          <className>TestRestDecoderConfig</className>
          <testName>TestCase11.test08</testName>
          <skipped>false</skipped>
          <failedSince>0</failedSince>
        </case>
        <case>
          <duration>3.226</duration>
          <className>TestRestDecoderConfig</className>
          <testName>TestCase11.test09</testName>
          <skipped>false</skipped>
          <failedSince>0</failedSince>
        </case>
        <case>
          <duration>2.709</duration>
          <className>TestRestDecoderConfig</className>
          <testName>TestCase11.test10</testName>
          <skipped>false</skipped>
          <failedSince>0</failedSince>
        </case>
        <case>
          <duration>1.543</duration>
          <className>TestRestDecoderConfig</className>
          <testName>TestCase11.test11</testName>
          <skipped>false</skipped>
          <failedSince>0</failedSince>
        </case>
        <case>
          <duration>3.098</duration>
          <className>TestRestDecoderConfig</className>
          <testName>TestCase12.test01</testName>
          <skipped>false</skipped>
          <failedSince>0</failedSince>
        </case>
        <case>
          <duration>1.706</duration>
          <className>TestRestDecoderConfig</className>
          <testName>TestCase12.test02</testName>
          <skipped>false</skipped>
          <failedSince>0</failedSince>
        </case>
        <case>
          <duration>2.536</duration>
          <className>TestRestDecoderConfig</className>
          <testName>TestCase12.test03</testName>
          <skipped>false</skipped>
          <failedSince>0</failedSince>
        </case>
        <case>
          <duration>1.565</duration>
          <className>TestRestDecoderConfig</className>
          <testName>TestCase12.test04</testName>
          <skipped>false</skipped>
          <failedSince>0</failedSince>
        </case>
        <case>
          <duration>1.866</duration>
          <className>TestRestDecoderConfig</className>
          <testName>TestCase12.test05</testName>
          <skipped>false</skipped>
          <failedSince>0</failedSince>
        </case>
        <case>
          <duration>1.234</duration>
          <className>TestRestDecoderConfig</className>
          <testName>TestCase12.test06</testName>
          <skipped>false</skipped>
          <failedSince>0</failedSince>
        </case>
        <case>
          <duration>1.063</duration>
          <className>TestRestDecoderConfig</className>
          <testName>TestCase12.test07</testName>
          <skipped>false</skipped>
          <failedSince>0</failedSince>
        </case>
        <case>
          <duration>1.052</duration>
          <className>TestRestDecoderConfig</className>
          <testName>TestCase12.test08</testName>
          <skipped>false</skipped>
          <failedSince>0</failedSince>
        </case>
        <case>
          <duration>1.011</duration>
          <className>TestRestDecoderConfig</className>
          <testName>TestCase12.test09</testName>
          <skipped>false</skipped>
          <failedSince>0</failedSince>
        </case>
        <case>
          <duration>1.663</duration>
          <className>TestRestDecoderConfig</className>
          <testName>TestCase12.test10</testName>
          <skipped>false</skipped>
          <failedSince>0</failedSince>
        </case>
        <case>
          <duration>2.253</duration>
          <className>TestRestDecoderConfig</className>
          <testName>TestCase12.test11</testName>
          <skipped>false</skipped>
          <failedSince>0</failedSince>
        </case>
        <case>
          <duration>1.765</duration>
          <className>TestRestDecoderConfig</className>
          <testName>TestCase13.test01</testName>
          <skipped>false</skipped>
          <failedSince>0</failedSince>
        </case>
        <case>
          <duration>0.113</duration>
          <className>TestRestDecoderConfig</className>
          <testName>TestCase13.test02</testName>
          <skipped>false</skipped>
          <failedSince>0</failedSince>
        </case>
        <case>
          <duration>0.114</duration>
          <className>TestRestDecoderConfig</className>
          <testName>TestCase13.test03</testName>
          <skipped>false</skipped>
          <failedSince>0</failedSince>
        </case>
        <case>
          <duration>2.878</duration>
          <className>TestRestDecoderConfig</className>
          <testName>TestCase14.test01</testName>
          <skipped>false</skipped>
          <failedSince>0</failedSince>
        </case>
        <case>
          <duration>8.441</duration>
          <className>TestRestDecoderConfig</className>
          <testName>TestCase15.test01</testName>
          <skipped>false</skipped>
          <failedSince>0</failedSince>
        </case>
        <case>
          <duration>5.465</duration>
          <className>TestRestDecoderConfig</className>
          <testName>TestCase15.test02</testName>
          <skipped>false</skipped>
          <failedSince>0</failedSince>
        </case>
        <case>
          <duration>4.377</duration>
          <className>TestRestDecoderConfig</className>
          <testName>TestCase16.test01</testName>
          <skipped>false</skipped>
          <failedSince>0</failedSince>
        </case>
        <case>
          <duration>2.104</duration>
          <className>TestRestDecoderConfig</className>
          <testName>TestCase17.test01</testName>
          <skipped>false</skipped>
          <failedSince>0</failedSince>
        </case>
        <case>
          <duration>0.036</duration>
          <className>TestRestDecoderConfig</className>
          <testName>TestCase17.test02</testName>
          <skipped>false</skipped>
          <failedSince>0</failedSince>
        </case>
        <case>
          <duration>0.049</duration>
          <className>TestRestDecoderConfig</className>
          <testName>TestCase17.test03</testName>
          <skipped>false</skipped>
          <failedSince>0</failedSince>
        </case>
        <case>
          <duration>0.023</duration>
          <className>TestRestDecoderConfig</className>
          <testName>TestCase17.test04</testName>
          <skipped>false</skipped>
          <failedSince>0</failedSince>
        </case>
        <case>
          <duration>0.022</duration>
          <className>TestRestDecoderConfig</className>
          <testName>TestCase17.test05</testName>
          <skipped>false</skipped>
          <failedSince>0</failedSince>
        </case>
        <case>
          <duration>0.024</duration>
          <className>TestRestDecoderConfig</className>
          <testName>TestCase17.test06</testName>
          <skipped>false</skipped>
          <failedSince>0</failedSince>
        </case>
        <case>
          <duration>0.032</duration>
          <className>TestRestDecoderConfig</className>
          <testName>TestCase17.test07</testName>
          <skipped>false</skipped>
          <failedSince>0</failedSince>
        </case>
      </cases>
    </suite>
    <suite>
      <file>/home/jenkins/workspace/Backend/CNE@10/test-results/TEST-rest-TestRestClockTracking.xml</file>
      <name>rest.TestRestClockTracking</name>
      <stdout>
TestCase01.test01: Test that the ClockTracking session cannot be renamed
.
TestCase01.test02_modifications: Test the forbidden modifications to the ClockTracking session
Running pair: display-in-lens=&apos;true&apos;
Running pair: offline=&apos;true&apos;
Running pair: channel-type=&apos;bidirectional-symmetric&apos;
Running pair: bandwidth=&apos;1000&apos;
Running pair: pnqm-relative-latency=&apos;true&apos;
Running pair: qos-target=&apos;low-speed&apos;
Running pair: link-adjust=&apos;39&apos;
Running pair: tcp-rtt=&apos;both&apos;
Running pair: display-name-auto=&apos;false&apos;
Running pair: pnqm-display-name-auto=&apos;false&apos;
Running pair: policy-map=&apos;qos-stats-disabled&apos;
Running pair: filter-session-key=&apos;CT&apos;
Running pair: session-discovery=&apos;true&apos;
Running pair: include-decode-failures=&apos;Only Failures&apos;
.</stdout>
      <stderr></stderr>
      <duration>16.723</duration>
      <timestamp>2019-10-31T08:49:56.038118</timestamp>
      <time>16.723</time>
      <enclosingBlocks/>
      <enclosingBlockNames/>
      <cases>
        <case>
          <duration>15.638</duration>
          <className>TestRestClockTracking</className>
          <testName>TestCase01.test01</testName>
          <skipped>false</skipped>
          <failedSince>0</failedSince>
        </case>
        <case>
          <duration>1.084</duration>
          <className>TestRestClockTracking</className>
          <testName>TestCase01.test02_modifications</testName>
          <skipped>false</skipped>
          <failedSince>0</failedSince>
        </case>
      </cases>
    </suite>
    <suite>
      <file>/home/jenkins/workspace/Backend/CNE@5/test-results/TEST-cli-TestPing.xml</file>
      <name>cli.TestPing</name>
      <stdout>....</stdout>
      <stderr></stderr>
      <duration>30.316</duration>
      <timestamp>2019-10-31T08:49:47.030648</timestamp>
      <time>30.316</time>
      <enclosingBlocks/>
      <enclosingBlockNames/>
      <cases>
        <case>
          <duration>21.078</duration>
          <className>TestPing</className>
          <testName>TestCase01.test01</testName>
          <skipped>false</skipped>
          <failedSince>0</failedSince>
        </case>
        <case>
          <duration>2.019</duration>
          <className>TestPing</className>
          <testName>TestCase01.test02</testName>
          <skipped>false</skipped>
          <failedSince>0</failedSince>
        </case>
        <case>
          <duration>1.199</duration>
          <className>TestPing</className>
          <testName>TestCase01.test03</testName>
          <skipped>false</skipped>
          <failedSince>0</failedSince>
        </case>
        <case>
          <duration>6.02</duration>
          <className>TestPing</className>
          <testName>TestCase01.test04</testName>
          <skipped>false</skipped>
          <failedSince>0</failedSince>
        </case>
      </cases>
    </suite>
    <suite>
      <file>/home/jenkins/workspace/Backend/CNE@5/test-results/TEST-rest-TestRestProbes.xml</file>
      <name>rest.TestRestProbes</name>
      <stdout>.....................</stdout>
      <stderr></stderr>
      <duration>25.468</duration>
      <timestamp>2019-10-31T08:49:56.749360</timestamp>
      <time>25.468</time>
      <enclosingBlocks/>
      <enclosingBlockNames/>
      <cases>
        <case>
          <duration>15.526</duration>
          <className>TestRestProbes</className>
          <testName>TestCase00.test01</testName>
          <skipped>false</skipped>
          <failedSince>0</failedSince>
        </case>
        <case>
          <duration>0.035</duration>
          <className>TestRestProbes</className>
          <testName>TestCase00.test02</testName>
          <skipped>false</skipped>
          <failedSince>0</failedSince>
        </case>
        <case>
          <duration>0.027</duration>
          <className>TestRestProbes</className>
          <testName>TestCase00.test03</testName>
          <skipped>false</skipped>
          <failedSince>0</failedSince>
        </case>
        <case>
          <duration>2.212</duration>
          <className>TestRestProbes</className>
          <testName>TestCase00.test04</testName>
          <skipped>false</skipped>
          <failedSince>0</failedSince>
        </case>
        <case>
          <duration>0.026</duration>
          <className>TestRestProbes</className>
          <testName>TestCase00.test05</testName>
          <skipped>false</skipped>
          <failedSince>0</failedSince>
        </case>
        <case>
          <duration>0.018</duration>
          <className>TestRestProbes</className>
          <testName>TestCase00.test06</testName>
          <skipped>false</skipped>
          <failedSince>0</failedSince>
        </case>
        <case>
          <duration>0.059</duration>
          <className>TestRestProbes</className>
          <testName>TestCase00.test07</testName>
          <skipped>false</skipped>
          <failedSince>0</failedSince>
        </case>
        <case>
          <duration>0.422</duration>
          <className>TestRestProbes</className>
          <testName>TestCase00.test08</testName>
          <skipped>false</skipped>
          <failedSince>0</failedSince>
        </case>
        <case>
          <duration>0.059</duration>
          <className>TestRestProbes</className>
          <testName>TestCase00.test09</testName>
          <skipped>false</skipped>
          <failedSince>0</failedSince>
        </case>
        <case>
          <duration>0.064</duration>
          <className>TestRestProbes</className>
          <testName>TestCase00.test10</testName>
          <skipped>false</skipped>
          <failedSince>0</failedSince>
        </case>
        <case>
          <duration>0.355</duration>
          <className>TestRestProbes</className>
          <testName>TestCase00.test11</testName>
          <skipped>false</skipped>
          <failedSince>0</failedSince>
        </case>
        <case>
          <duration>0.043</duration>
          <className>TestRestProbes</className>
          <testName>TestCase00.test12</testName>
          <skipped>false</skipped>
          <failedSince>0</failedSince>
        </case>
        <case>
          <duration>0.031</duration>
          <className>TestRestProbes</className>
          <testName>TestCase00.test13</testName>
          <skipped>false</skipped>
          <failedSince>0</failedSince>
        </case>
        <case>
          <duration>0.043</duration>
          <className>TestRestProbes</className>
          <testName>TestCase00.test14</testName>
          <skipped>false</skipped>
          <failedSince>0</failedSince>
        </case>
        <case>
          <duration>0.0</duration>
          <className>TestRestProbes</className>
          <testName>TestCase00.test15</testName>
          <skipped>false</skipped>
          <failedSince>0</failedSince>
        </case>
        <case>
          <duration>2.995</duration>
          <className>TestRestProbes</className>
          <testName>TestCase01.test01</testName>
          <skipped>false</skipped>
          <failedSince>0</failedSince>
        </case>
        <case>
          <duration>0.028</duration>
          <className>TestRestProbes</className>
          <testName>TestCase01.test02</testName>
          <skipped>false</skipped>
          <failedSince>0</failedSince>
        </case>
        <case>
          <duration>0.144</duration>
          <className>TestRestProbes</className>
          <testName>TestCase01.test03</testName>
          <skipped>false</skipped>
          <failedSince>0</failedSince>
        </case>
        <case>
          <duration>0.0</duration>
          <className>TestRestProbes</className>
          <testName>TestCase01.test04</testName>
          <skipped>false</skipped>
          <failedSince>0</failedSince>
        </case>
        <case>
          <duration>1.75</duration>
          <className>TestRestProbes</className>
          <testName>TestCase01.test05</testName>
          <skipped>false</skipped>
          <failedSince>0</failedSince>
        </case>
        <case>
          <duration>1.631</duration>
          <className>TestRestProbes</className>
          <testName>TestCase01.test06</testName>
          <skipped>false</skipped>
          <failedSince>0</failedSince>
        </case>
      </cases>
    </suite>
    <suite>
      <file>/home/jenkins/workspace/Backend/CNE@2/test-results/TEST-cli-TestPolicyMap.xml</file>
      <name>cli.TestPolicyMap</name>
      <stdout>Clearing host config ...
.....................................
TestCase01.test37: BQM-19209 Message based class-maps should not be offered for classes in policy-maps
..
TestCase01.test39: BQM-45273 Coredump if default class has no available priority level
.
TestCase01.test40: BQM-40297 policy-default is a reserved word
.</stdout>
      <stderr></stderr>
      <duration>35.174</duration>
      <timestamp>2019-10-31T08:49:59.854836</timestamp>
      <time>35.174</time>
      <enclosingBlocks/>
      <enclosingBlockNames/>
      <cases>
        <case>
          <duration>21.723</duration>
          <className>TestPolicyMap</className>
          <testName>TestCase01.test00</testName>
          <skipped>false</skipped>
          <failedSince>0</failedSince>
        </case>
        <case>
          <duration>0.071</duration>
          <className>TestPolicyMap</className>
          <testName>TestCase01.test01</testName>
          <skipped>false</skipped>
          <failedSince>0</failedSince>
        </case>
        <case>
          <duration>0.119</duration>
          <className>TestPolicyMap</className>
          <testName>TestCase01.test02</testName>
          <skipped>false</skipped>
          <failedSince>0</failedSince>
        </case>
        <case>
          <duration>0.182</duration>
          <className>TestPolicyMap</className>
          <testName>TestCase01.test03</testName>
          <skipped>false</skipped>
          <failedSince>0</failedSince>
        </case>
        <case>
          <duration>1.243</duration>
          <className>TestPolicyMap</className>
          <testName>TestCase01.test04</testName>
          <skipped>false</skipped>
          <failedSince>0</failedSince>
        </case>
        <case>
          <duration>0.196</duration>
          <className>TestPolicyMap</className>
          <testName>TestCase01.test05</testName>
          <skipped>false</skipped>
          <failedSince>0</failedSince>
        </case>
        <case>
          <duration>0.196</duration>
          <className>TestPolicyMap</className>
          <testName>TestCase01.test06</testName>
          <skipped>false</skipped>
          <failedSince>0</failedSince>
        </case>
        <case>
          <duration>0.192</duration>
          <className>TestPolicyMap</className>
          <testName>TestCase01.test07</testName>
          <skipped>false</skipped>
          <failedSince>0</failedSince>
        </case>
        <case>
          <duration>0.162</duration>
          <className>TestPolicyMap</className>
          <testName>TestCase01.test08</testName>
          <skipped>false</skipped>
          <failedSince>0</failedSince>
        </case>
        <case>
          <duration>0.514</duration>
          <className>TestPolicyMap</className>
          <testName>TestCase01.test09</testName>
          <skipped>false</skipped>
          <failedSince>0</failedSince>
        </case>
        <case>
          <duration>0.343</duration>
          <className>TestPolicyMap</className>
          <testName>TestCase01.test10</testName>
          <skipped>false</skipped>
          <failedSince>0</failedSince>
        </case>
        <case>
          <duration>0.749</duration>
          <className>TestPolicyMap</className>
          <testName>TestCase01.test11</testName>
          <skipped>false</skipped>
          <failedSince>0</failedSince>
        </case>
        <case>
          <duration>0.385</duration>
          <className>TestPolicyMap</className>
          <testName>TestCase01.test12</testName>
          <skipped>false</skipped>
          <failedSince>0</failedSince>
        </case>
        <case>
          <duration>1.073</duration>
          <className>TestPolicyMap</className>
          <testName>TestCase01.test13</testName>
          <skipped>false</skipped>
          <failedSince>0</failedSince>
        </case>
        <case>
          <duration>0.251</duration>
          <className>TestPolicyMap</className>
          <testName>TestCase01.test14</testName>
          <skipped>false</skipped>
          <failedSince>0</failedSince>
        </case>
        <case>
          <duration>0.302</duration>
          <className>TestPolicyMap</className>
          <testName>TestCase01.test15</testName>
          <skipped>false</skipped>
          <failedSince>0</failedSince>
        </case>
        <case>
          <duration>0.119</duration>
          <className>TestPolicyMap</className>
          <testName>TestCase01.test16</testName>
          <skipped>false</skipped>
          <failedSince>0</failedSince>
        </case>
        <case>
          <duration>0.166</duration>
          <className>TestPolicyMap</className>
          <testName>TestCase01.test17</testName>
          <skipped>false</skipped>
          <failedSince>0</failedSince>
        </case>
        <case>
          <duration>0.067</duration>
          <className>TestPolicyMap</className>
          <testName>TestCase01.test18</testName>
          <skipped>false</skipped>
          <failedSince>0</failedSince>
        </case>
        <case>
          <duration>0.104</duration>
          <className>TestPolicyMap</className>
          <testName>TestCase01.test19</testName>
          <skipped>false</skipped>
          <failedSince>0</failedSince>
        </case>
        <case>
          <duration>1.69</duration>
          <className>TestPolicyMap</className>
          <testName>TestCase01.test20</testName>
          <skipped>false</skipped>
          <failedSince>0</failedSince>
        </case>
        <case>
          <duration>0.232</duration>
          <className>TestPolicyMap</className>
          <testName>TestCase01.test21</testName>
          <skipped>false</skipped>
          <failedSince>0</failedSince>
        </case>
        <case>
          <duration>0.081</duration>
          <className>TestPolicyMap</className>
          <testName>TestCase01.test22</testName>
          <skipped>false</skipped>
          <failedSince>0</failedSince>
        </case>
        <case>
          <duration>0.683</duration>
          <className>TestPolicyMap</className>
          <testName>TestCase01.test23</testName>
          <skipped>false</skipped>
          <failedSince>0</failedSince>
        </case>
        <case>
          <duration>0.069</duration>
          <className>TestPolicyMap</className>
          <testName>TestCase01.test24</testName>
          <skipped>false</skipped>
          <failedSince>0</failedSince>
        </case>
        <case>
          <duration>0.029</duration>
          <className>TestPolicyMap</className>
          <testName>TestCase01.test25</testName>
          <skipped>false</skipped>
          <failedSince>0</failedSince>
        </case>
        <case>
          <duration>0.07</duration>
          <className>TestPolicyMap</className>
          <testName>TestCase01.test26</testName>
          <skipped>false</skipped>
          <failedSince>0</failedSince>
        </case>
        <case>
          <duration>0.107</duration>
          <className>TestPolicyMap</className>
          <testName>TestCase01.test27</testName>
          <skipped>false</skipped>
          <failedSince>0</failedSince>
        </case>
        <case>
          <duration>0.317</duration>
          <className>TestPolicyMap</className>
          <testName>TestCase01.test28</testName>
          <skipped>false</skipped>
          <failedSince>0</failedSince>
        </case>
        <case>
          <duration>1.526</duration>
          <className>TestPolicyMap</className>
          <testName>TestCase01.test29</testName>
          <skipped>false</skipped>
          <failedSince>0</failedSince>
        </case>
        <case>
          <duration>0.293</duration>
          <className>TestPolicyMap</className>
          <testName>TestCase01.test30</testName>
          <skipped>false</skipped>
          <failedSince>0</failedSince>
        </case>
        <case>
          <duration>0.235</duration>
          <className>TestPolicyMap</className>
          <testName>TestCase01.test31</testName>
          <skipped>false</skipped>
          <failedSince>0</failedSince>
        </case>
        <case>
          <duration>0.038</duration>
          <className>TestPolicyMap</className>
          <testName>TestCase01.test32</testName>
          <skipped>false</skipped>
          <failedSince>0</failedSince>
        </case>
        <case>
          <duration>0.143</duration>
          <className>TestPolicyMap</className>
          <testName>TestCase01.test33</testName>
          <skipped>false</skipped>
          <failedSince>0</failedSince>
        </case>
        <case>
          <duration>0.552</duration>
          <className>TestPolicyMap</className>
          <testName>TestCase01.test34</testName>
          <skipped>false</skipped>
          <failedSince>0</failedSince>
        </case>
        <case>
          <duration>0.275</duration>
          <className>TestPolicyMap</className>
          <testName>TestCase01.test35</testName>
          <skipped>false</skipped>
          <failedSince>0</failedSince>
        </case>
        <case>
          <duration>0.095</duration>
          <className>TestPolicyMap</className>
          <testName>TestCase01.test36</testName>
          <skipped>false</skipped>
          <failedSince>0</failedSince>
        </case>
        <case>
          <duration>0.105</duration>
          <className>TestPolicyMap</className>
          <testName>TestCase01.test37</testName>
          <skipped>false</skipped>
          <failedSince>0</failedSince>
        </case>
        <case>
          <duration>0.02</duration>
          <className>TestPolicyMap</className>
          <testName>TestCase01.test38</testName>
          <skipped>false</skipped>
          <failedSince>0</failedSince>
        </case>
        <case>
          <duration>0.449</duration>
          <className>TestPolicyMap</className>
          <testName>TestCase01.test39</testName>
          <skipped>false</skipped>
          <failedSince>0</failedSince>
        </case>
        <case>
          <duration>0.003</duration>
          <className>TestPolicyMap</className>
          <testName>TestCase01.test40</testName>
          <skipped>false</skipped>
          <failedSince>0</failedSince>
        </case>
      </cases>
    </suite>
    <suite>
      <file>/home/jenkins/workspace/Backend/CNE@2/test-results/TEST-cli-TestTacacsAccounting.xml</file>
      <name>cli.TestTacacsAccounting</name>
      <stdout>Closing retry #0
.Test test02 skipped in sandbox
.Test test03 skipped in sandbox
.Test test04 skipped in sandbox
..Test test02 skipped in sandbox
.Test test03 skipped in sandbox
..Test test05 skipped in sandbox
.Test test06 skipped in sandbox
..</stdout>
      <stderr></stderr>
      <duration>77.723</duration>
      <timestamp>2019-10-31T08:49:18.192846</timestamp>
      <time>77.723</time>
      <enclosingBlocks/>
      <enclosingBlockNames/>
      <cases>
        <case>
          <duration>20.605</duration>
          <className>TestTacacsAccounting</className>
          <testName>TestCase01.test01</testName>
          <skipped>false</skipped>
          <failedSince>0</failedSince>
        </case>
        <case>
          <duration>0.0</duration>
          <className>TestTacacsAccounting</className>
          <testName>TestCase01.test02</testName>
          <skipped>false</skipped>
          <failedSince>0</failedSince>
        </case>
        <case>
          <duration>0.0</duration>
          <className>TestTacacsAccounting</className>
          <testName>TestCase01.test03</testName>
          <skipped>false</skipped>
          <failedSince>0</failedSince>
        </case>
        <case>
          <duration>0.0</duration>
          <className>TestTacacsAccounting</className>
          <testName>TestCase01.test04</testName>
          <skipped>false</skipped>
          <failedSince>0</failedSince>
        </case>
        <case>
          <duration>18.895</duration>
          <className>TestTacacsAccounting</className>
          <testName>TestCase02.test01</testName>
          <skipped>false</skipped>
          <failedSince>0</failedSince>
        </case>
        <case>
          <duration>0.0</duration>
          <className>TestTacacsAccounting</className>
          <testName>TestCase02.test02</testName>
          <skipped>false</skipped>
          <failedSince>0</failedSince>
        </case>
        <case>
          <duration>0.0</duration>
          <className>TestTacacsAccounting</className>
          <testName>TestCase02.test03</testName>
          <skipped>false</skipped>
          <failedSince>0</failedSince>
        </case>
        <case>
          <duration>18.265</duration>
          <className>TestTacacsAccounting</className>
          <testName>TestCase02.test04</testName>
          <skipped>false</skipped>
          <failedSince>0</failedSince>
        </case>
        <case>
          <duration>0.0</duration>
          <className>TestTacacsAccounting</className>
          <testName>TestCase02.test05</testName>
          <skipped>false</skipped>
          <failedSince>0</failedSince>
        </case>
        <case>
          <duration>0.0</duration>
          <className>TestTacacsAccounting</className>
          <testName>TestCase02.test06</testName>
          <skipped>false</skipped>
          <failedSince>0</failedSince>
        </case>
        <case>
          <duration>19.957</duration>
          <className>TestTacacsAccounting</className>
          <testName>TestCase02.test07</testName>
          <skipped>false</skipped>
          <failedSince>0</failedSince>
        </case>
      </cases>
    </suite>
    <suite>
      <file>/home/jenkins/workspace/Backend/CNE/test-results/TEST-cli-TestWebCli.xml</file>
      <name>cli.TestWebCli</name>
      <stdout>..</stdout>
      <stderr></stderr>
      <duration>31.058</duration>
      <timestamp>2019-10-31T08:50:13.428410</timestamp>
      <time>31.058</time>
      <enclosingBlocks/>
      <enclosingBlockNames/>
      <cases>
        <case>
          <duration>27.997</duration>
          <className>TestWebCli</className>
          <testName>TestCase01.test01</testName>
          <skipped>false</skipped>
          <failedSince>0</failedSince>
        </case>
        <case>
          <duration>3.062</duration>
          <className>TestWebCli</className>
          <testName>TestCase01.test02</testName>
          <skipped>false</skipped>
          <failedSince>0</failedSince>
        </case>
      </cases>
    </suite>
    <suite>
      <file>/home/jenkins/workspace/Backend/CNE/test-results/TEST-cli-TestDeleteAdmin.xml</file>
      <name>cli.TestDeleteAdmin</name>
      <stdout>Clearing host config ...
.........</stdout>
      <stderr></stderr>
      <duration>17.051</duration>
      <timestamp>2019-10-31T08:50:28.589445</timestamp>
      <time>17.051</time>
      <enclosingBlocks/>
      <enclosingBlockNames/>
      <cases>
        <case>
          <duration>16.907</duration>
          <className>TestDeleteAdmin</className>
          <testName>TestCase01.test01</testName>
          <skipped>false</skipped>
          <failedSince>0</failedSince>
        </case>
        <case>
          <duration>0.013</duration>
          <className>TestDeleteAdmin</className>
          <testName>TestCase01.test02</testName>
          <skipped>false</skipped>
          <failedSince>0</failedSince>
        </case>
        <case>
          <duration>0.014</duration>
          <className>TestDeleteAdmin</className>
          <testName>TestCase01.test03</testName>
          <skipped>false</skipped>
          <failedSince>0</failedSince>
        </case>
        <case>
          <duration>0.011</duration>
          <className>TestDeleteAdmin</className>
          <testName>TestCase01.test04</testName>
          <skipped>false</skipped>
          <failedSince>0</failedSince>
        </case>
        <case>
          <duration>0.032</duration>
          <className>TestDeleteAdmin</className>
          <testName>TestCase01.test05</testName>
          <skipped>false</skipped>
          <failedSince>0</failedSince>
        </case>
        <case>
          <duration>0.012</duration>
          <className>TestDeleteAdmin</className>
          <testName>TestCase01.test06</testName>
          <skipped>false</skipped>
          <failedSince>0</failedSince>
        </case>
        <case>
          <duration>0.015</duration>
          <className>TestDeleteAdmin</className>
          <testName>TestCase01.test07</testName>
          <skipped>false</skipped>
          <failedSince>0</failedSince>
        </case>
        <case>
          <duration>0.0</duration>
          <className>TestDeleteAdmin</className>
          <testName>TestCase01.test08</testName>
          <skipped>false</skipped>
          <failedSince>0</failedSince>
        </case>
        <case>
          <duration>0.046</duration>
          <className>TestDeleteAdmin</className>
          <testName>TestCase01.test09</testName>
          <skipped>false</skipped>
          <failedSince>0</failedSince>
        </case>
      </cases>
    </suite>
    <suite>
      <file>/home/jenkins/workspace/Backend/CNE@2/test-results/TEST-cli-TestBranding.xml</file>
      <name>cli.TestBranding</name>
      <stdout>...</stdout>
      <stderr></stderr>
      <duration>20.073</duration>
      <timestamp>2019-10-31T08:50:27.656971</timestamp>
      <time>20.073</time>
      <enclosingBlocks/>
      <enclosingBlockNames/>
      <cases>
        <case>
          <duration>16.626</duration>
          <className>TestBranding</className>
          <testName>TestCase01.test01</testName>
          <skipped>false</skipped>
          <failedSince>0</failedSince>
        </case>
        <case>
          <duration>2.084</duration>
          <className>TestBranding</className>
          <testName>TestCase02.test01</testName>
          <skipped>false</skipped>
          <failedSince>0</failedSince>
        </case>
        <case>
          <duration>1.363</duration>
          <className>TestBranding</className>
          <testName>TestCase03.test01</testName>
          <skipped>false</skipped>
          <failedSince>0</failedSince>
        </case>
      </cases>
    </suite>
    <suite>
      <file>/home/jenkins/workspace/Backend/CNE/test-results/TEST-cli-TestCustomApp.xml</file>
      <name>cli.TestCustomApp</name>
      <stdout>.....................
TestCase02.test06: BQM-33828 Variant support in custom-applications
..
TestCase02.test08: BQM-34713 Inconsistencies in how deleted decoders are handled in the CLI.
[waiting for probed to restart.4s]
.........
TestCase03.test09: BQM-20296: test capture-field-pattern toPoaRelative
.
TestCase03.test10: BQM-25949: capture-field-pattern * accepted in custom-apps using gap-only decoders
.
TestCase03.test11: BQM-35489 &apos;match tcp destination-port&apos; suggests invalid values
......0
.opty has 1 options
opty1 has 1 options
opty2 has 1 options
opty4 has 1 options
opty5 has 1 options
opty6 has 1 options
..
TestCase04.test07: BQM-33141 deleted options/decoders comment lines
[waiting for probed to restart.4s]
.
TestCase04.test08: BQM-42123 show flow-diag crashes probed when flow is assigned a custom-application with a deleted/fake decoder
..</stdout>
      <stderr></stderr>
      <duration>625.548</duration>
      <timestamp>2019-10-31T08:40:17.936367</timestamp>
      <time>625.548</time>
      <enclosingBlocks/>
      <enclosingBlockNames/>
      <cases>
        <case>
          <duration>18.664</duration>
          <className>TestCustomApp</className>
          <testName>TestCase01.test01</testName>
          <skipped>false</skipped>
          <failedSince>0</failedSince>
        </case>
        <case>
          <duration>0.025</duration>
          <className>TestCustomApp</className>
          <testName>TestCase01.test02</testName>
          <skipped>false</skipped>
          <failedSince>0</failedSince>
        </case>
        <case>
          <duration>0.088</duration>
          <className>TestCustomApp</className>
          <testName>TestCase01.test03</testName>
          <skipped>false</skipped>
          <failedSince>0</failedSince>
        </case>
        <case>
          <duration>0.109</duration>
          <className>TestCustomApp</className>
          <testName>TestCase01.test04</testName>
          <skipped>false</skipped>
          <failedSince>0</failedSince>
        </case>
        <case>
          <duration>0.168</duration>
          <className>TestCustomApp</className>
          <testName>TestCase01.test05</testName>
          <skipped>false</skipped>
          <failedSince>0</failedSince>
        </case>
        <case>
          <duration>0.731</duration>
          <className>TestCustomApp</className>
          <testName>TestCase01.test07</testName>
          <skipped>false</skipped>
          <failedSince>0</failedSince>
        </case>
        <case>
          <duration>0.044</duration>
          <className>TestCustomApp</className>
          <testName>TestCase01.test08</testName>
          <skipped>false</skipped>
          <failedSince>0</failedSince>
        </case>
        <case>
          <duration>0.07</duration>
          <className>TestCustomApp</className>
          <testName>TestCase01.test09</testName>
          <skipped>false</skipped>
          <failedSince>0</failedSince>
        </case>
        <case>
          <duration>0.028</duration>
          <className>TestCustomApp</className>
          <testName>TestCase01.test10</testName>
          <skipped>false</skipped>
          <failedSince>0</failedSince>
        </case>
        <case>
          <duration>0.46</duration>
          <className>TestCustomApp</className>
          <testName>TestCase01.test11</testName>
          <skipped>false</skipped>
          <failedSince>0</failedSince>
        </case>
        <case>
          <duration>0.063</duration>
          <className>TestCustomApp</className>
          <testName>TestCase01.test12</testName>
          <skipped>false</skipped>
          <failedSince>0</failedSince>
        </case>
        <case>
          <duration>0.028</duration>
          <className>TestCustomApp</className>
          <testName>TestCase01.test13</testName>
          <skipped>false</skipped>
          <failedSince>0</failedSince>
        </case>
        <case>
          <duration>0.072</duration>
          <className>TestCustomApp</className>
          <testName>TestCase01.test14</testName>
          <skipped>false</skipped>
          <failedSince>0</failedSince>
        </case>
        <case>
          <duration>0.067</duration>
          <className>TestCustomApp</className>
          <testName>TestCase01.test15</testName>
          <skipped>false</skipped>
          <failedSince>0</failedSince>
        </case>
        <case>
          <duration>0.142</duration>
          <className>TestCustomApp</className>
          <testName>TestCase01.test16</testName>
          <skipped>false</skipped>
          <failedSince>0</failedSince>
        </case>
        <case>
          <duration>2.684</duration>
          <className>TestCustomApp</className>
          <testName>TestCase02.test00</testName>
          <skipped>false</skipped>
          <failedSince>0</failedSince>
        </case>
        <case>
          <duration>0.152</duration>
          <className>TestCustomApp</className>
          <testName>TestCase02.test01</testName>
          <skipped>false</skipped>
          <failedSince>0</failedSince>
        </case>
        <case>
          <duration>0.106</duration>
          <className>TestCustomApp</className>
          <testName>TestCase02.test02</testName>
          <skipped>false</skipped>
          <failedSince>0</failedSince>
        </case>
        <case>
          <duration>0.111</duration>
          <className>TestCustomApp</className>
          <testName>TestCase02.test03</testName>
          <skipped>false</skipped>
          <failedSince>0</failedSince>
        </case>
        <case>
          <duration>0.155</duration>
          <className>TestCustomApp</className>
          <testName>TestCase02.test04</testName>
          <skipped>false</skipped>
          <failedSince>0</failedSince>
        </case>
        <case>
          <duration>2.378</duration>
          <className>TestCustomApp</className>
          <testName>TestCase02.test05</testName>
          <skipped>false</skipped>
          <failedSince>0</failedSince>
        </case>
        <case>
          <duration>10.453</duration>
          <className>TestCustomApp</className>
          <testName>TestCase02.test06</testName>
          <skipped>false</skipped>
          <failedSince>0</failedSince>
        </case>
        <case>
          <duration>3.407</duration>
          <className>TestCustomApp</className>
          <testName>TestCase02.test07</testName>
          <skipped>false</skipped>
          <failedSince>0</failedSince>
        </case>
        <case>
          <duration>50.912</duration>
          <className>TestCustomApp</className>
          <testName>TestCase02.test08</testName>
          <skipped>false</skipped>
          <failedSince>0</failedSince>
        </case>
        <case>
          <duration>4.947</duration>
          <className>TestCustomApp</className>
          <testName>TestCase03.test01</testName>
          <skipped>false</skipped>
          <failedSince>0</failedSince>
        </case>
        <case>
          <duration>1.312</duration>
          <className>TestCustomApp</className>
          <testName>TestCase03.test02</testName>
          <skipped>false</skipped>
          <failedSince>0</failedSince>
        </case>
        <case>
          <duration>1.057</duration>
          <className>TestCustomApp</className>
          <testName>TestCase03.test03</testName>
          <skipped>false</skipped>
          <failedSince>0</failedSince>
        </case>
        <case>
          <duration>1.851</duration>
          <className>TestCustomApp</className>
          <testName>TestCase03.test04</testName>
          <skipped>false</skipped>
          <failedSince>0</failedSince>
        </case>
        <case>
          <duration>2.713</duration>
          <className>TestCustomApp</className>
          <testName>TestCase03.test05</testName>
          <skipped>false</skipped>
          <failedSince>0</failedSince>
        </case>
        <case>
          <duration>1.35</duration>
          <className>TestCustomApp</className>
          <testName>TestCase03.test06</testName>
          <skipped>false</skipped>
          <failedSince>0</failedSince>
        </case>
        <case>
          <duration>3.399</duration>
          <className>TestCustomApp</className>
          <testName>TestCase03.test07</testName>
          <skipped>false</skipped>
          <failedSince>0</failedSince>
        </case>
        <case>
          <duration>3.612</duration>
          <className>TestCustomApp</className>
          <testName>TestCase03.test08</testName>
          <skipped>false</skipped>
          <failedSince>0</failedSince>
        </case>
        <case>
          <duration>55.593</duration>
          <className>TestCustomApp</className>
          <testName>TestCase03.test09</testName>
          <skipped>false</skipped>
          <failedSince>0</failedSince>
        </case>
        <case>
          <duration>1.419</duration>
          <className>TestCustomApp</className>
          <testName>TestCase03.test10</testName>
          <skipped>false</skipped>
          <failedSince>0</failedSince>
        </case>
        <case>
          <duration>2.072</duration>
          <className>TestCustomApp</className>
          <testName>TestCase03.test11</testName>
          <skipped>false</skipped>
          <failedSince>0</failedSince>
        </case>
        <case>
          <duration>15.956</duration>
          <className>TestCustomApp</className>
          <testName>TestCase03.test12</testName>
          <skipped>false</skipped>
          <failedSince>0</failedSince>
        </case>
        <case>
          <duration>11.348</duration>
          <className>TestCustomApp</className>
          <testName>TestCase03.test13</testName>
          <skipped>false</skipped>
          <failedSince>0</failedSince>
        </case>
        <case>
          <duration>3.18</duration>
          <className>TestCustomApp</className>
          <testName>TestCase04.test01</testName>
          <skipped>false</skipped>
          <failedSince>0</failedSince>
        </case>
        <case>
          <duration>0.832</duration>
          <className>TestCustomApp</className>
          <testName>TestCase04.test02</testName>
          <skipped>false</skipped>
          <failedSince>0</failedSince>
        </case>
        <case>
          <duration>1.133</duration>
          <className>TestCustomApp</className>
          <testName>TestCase04.test03</testName>
          <skipped>false</skipped>
          <failedSince>0</failedSince>
        </case>
        <case>
          <duration>28.445</duration>
          <className>TestCustomApp</className>
          <testName>TestCase04.test04</testName>
          <skipped>false</skipped>
          <failedSince>0</failedSince>
        </case>
        <case>
          <duration>93.602</duration>
          <className>TestCustomApp</className>
          <testName>TestCase04.test05</testName>
          <skipped>false</skipped>
          <failedSince>0</failedSince>
        </case>
        <case>
          <duration>39.42</duration>
          <className>TestCustomApp</className>
          <testName>TestCase04.test06</testName>
          <skipped>false</skipped>
          <failedSince>0</failedSince>
        </case>
        <case>
          <duration>74.043</duration>
          <className>TestCustomApp</className>
          <testName>TestCase04.test07</testName>
          <skipped>false</skipped>
          <failedSince>0</failedSince>
        </case>
        <case>
          <duration>10.527</duration>
          <className>TestCustomApp</className>
          <testName>TestCase04.test08</testName>
          <skipped>false</skipped>
          <failedSince>0</failedSince>
        </case>
        <case>
          <duration>176.614</duration>
          <className>TestCustomApp</className>
          <testName>TestCase05.test01</testName>
          <skipped>false</skipped>
          <failedSince>0</failedSince>
        </case>
      </cases>
    </suite>
    <suite>
      <file>/home/jenkins/workspace/Backend/CNE@10/test-results/TEST-rest-TestRestSensor.xml</file>
      <name>rest.TestRestSensor</name>
      <stdout>.....
TestCase01.test06_Session_with_attached_sensors: Attaching sensors through REST
[&apos;all&apos;] --&gt; [&apos;all&apos;]
[&apos;none&apos;] --&gt; [&apos;none&apos;]
[&apos;test06a&apos;] --&gt; [&apos;test06a&apos;]
[&apos;test06b&apos;, &apos;test06a&apos;] --&gt; [&apos;test06a&apos;, &apos;test06b&apos;]
[&apos;test06c&apos;, &apos;test06b&apos;, &apos;test06a&apos;] --&gt; [&apos;test06a&apos;, &apos;test06b&apos;, &apos;test06c&apos;]
..
TestCase01.test08_sensors_runtime_status: Tests Sensors runtime metrics
.
TestCase01.test09_BQM48977_capture_interfaces_recreated: Test that when remote-interfaces are modified, existing ones are preserved and not recreated.
.
TestCase01.test10_disallow_none_and_all_in_attached_sensor: Check error when REST user tries define both &apos;none&apos; and &apos;all&apos; option in attached-sensor filed (inside session config object)
.
TestCase01.test11_disallow_none_or_all_with_individual_sensor_in_attached_sensor: Check error when REST user tries define &apos;none&apos; or &apos;all&apos; option with individual sensor name in attached-sensor filed (inside session config object)
.Test skipped on the CorvilNet Engine
.</stdout>
      <stderr></stderr>
      <duration>68.058</duration>
      <timestamp>2019-10-31T08:49:19.549230</timestamp>
      <time>68.058</time>
      <enclosingBlocks/>
      <enclosingBlockNames/>
      <cases>
        <case>
          <duration>23.141</duration>
          <className>TestRestSensor</className>
          <testName>TestCase01.test01</testName>
          <skipped>false</skipped>
          <failedSince>0</failedSince>
        </case>
        <case>
          <duration>25.971</duration>
          <className>TestRestSensor</className>
          <testName>TestCase01.test02</testName>
          <skipped>false</skipped>
          <failedSince>0</failedSince>
        </case>
        <case>
          <duration>1.429</duration>
          <className>TestRestSensor</className>
          <testName>TestCase01.test03</testName>
          <skipped>false</skipped>
          <failedSince>0</failedSince>
        </case>
        <case>
          <duration>1.19</duration>
          <className>TestRestSensor</className>
          <testName>TestCase01.test04</testName>
          <skipped>false</skipped>
          <failedSince>0</failedSince>
        </case>
        <case>
          <duration>0.945</duration>
          <className>TestRestSensor</className>
          <testName>TestCase01.test05</testName>
          <skipped>false</skipped>
          <failedSince>0</failedSince>
        </case>
        <case>
          <duration>3.581</duration>
          <className>TestRestSensor</className>
          <testName>TestCase01.test06_Session_with_attached_sensors</testName>
          <skipped>false</skipped>
          <failedSince>0</failedSince>
        </case>
        <case>
          <duration>2.326</duration>
          <className>TestRestSensor</className>
          <testName>TestCase01.test07_Modify_session</testName>
          <skipped>false</skipped>
          <failedSince>0</failedSince>
        </case>
        <case>
          <duration>1.356</duration>
          <className>TestRestSensor</className>
          <testName>TestCase01.test08_sensors_runtime_status</testName>
          <skipped>false</skipped>
          <failedSince>0</failedSince>
        </case>
        <case>
          <duration>3.056</duration>
          <className>TestRestSensor</className>
          <testName>TestCase01.test09_BQM48977_capture_interfaces_recreated</testName>
          <skipped>false</skipped>
          <failedSince>0</failedSince>
        </case>
        <case>
          <duration>1.924</duration>
          <className>TestRestSensor</className>
          <testName>TestCase01.test10_disallow_none_and_all_in_attached_sensor</testName>
          <skipped>false</skipped>
          <failedSince>0</failedSince>
        </case>
        <case>
          <duration>3.137</duration>
          <className>TestRestSensor</className>
          <testName>TestCase01.test11_disallow_none_or_all_with_individual_sensor_in_attached_sensor</testName>
          <skipped>false</skipped>
          <failedSince>0</failedSince>
        </case>
        <case>
          <duration>0.0</duration>
          <className>TestRestSensor</className>
          <testName>TestCase02.test01</testName>
          <skipped>false</skipped>
          <failedSince>0</failedSince>
        </case>
      </cases>
    </suite>
    <suite>
      <file>/home/jenkins/workspace/Backend/CNE/test-results/TEST-cli-TestFault.xml</file>
      <name>cli.TestFault</name>
      <stdout>...........Test skipped on the CorvilNet Engine
.Test skipped on the CorvilNet Engine
....
TestCase02.test01: BQM-19813:CSM faults: snmp
.
TestCase02.test02: BQM-19813:CSM faults: smtp
SMTP on (&apos;172.17.0.3&apos;, 25)
.
TestCase02.test03: BQM-19813:CSM faults: syslog
Log entries:
[{&apos;facility&apos;: &apos;user&apos;,
  &apos;msg&apos;: &apos; Alert - Configurable Stats Threshold Violated - severity[Alert] &apos;
         &apos;source[rt-class//local-cne///channel-count/class-default] &apos;
         &apos;ip[127.0.0.1] description[Message field violat
...[truncated 10032 chars]...
default] ip[127.0.0.1] description[Out of sequence packets alarm has been cleared.] details[] reason[EventReset] time[2019/10/31 08:50:14.0 UTC] count[1] value[1 event] &apos;}]
  measure-messages include-non-message-packets
                   - 112 packets, 25,948 bytes
      Packet Stats   - 112 packets, 25,948 bytes
                     - 0 messages
  measure-messages
                   - 64 packets, 16,248 bytes
      Packet Stats   - 64 packets, 16,248 bytes
                     - 0 messages

..</stdout>
      <stderr></stderr>
      <duration>569.441</duration>
      <timestamp>2019-10-31T08:41:19.726342</timestamp>
      <time>569.441</time>
      <enclosingBlocks/>
      <enclosingBlockNames/>
      <cases>
        <case>
          <duration>31.568</duration>
          <className>TestFault</className>
          <testName>TestCase01.test01</testName>
          <skipped>false</skipped>
          <failedSince>0</failedSince>
        </case>
        <case>
          <duration>0.019</duration>
          <className>TestFault</className>
          <testName>TestCase01.test02</testName>
          <skipped>false</skipped>
          <failedSince>0</failedSince>
        </case>
        <case>
          <duration>2.136</duration>
          <className>TestFault</className>
          <testName>TestCase01.test03</testName>
          <skipped>false</skipped>
          <failedSince>0</failedSince>
        </case>
        <case>
          <duration>1.118</duration>
          <className>TestFault</className>
          <testName>TestCase01.test04</testName>
          <skipped>false</skipped>
          <failedSince>0</failedSince>
        </case>
        <case>
          <duration>1.072</duration>
          <className>TestFault</className>
          <testName>TestCase01.test05</testName>
          <skipped>false</skipped>
          <failedSince>0</failedSince>
        </case>
        <case>
          <duration>2.152</duration>
          <className>TestFault</className>
          <testName>TestCase01.test06</testName>
          <skipped>false</skipped>
          <failedSince>0</failedSince>
        </case>
        <case>
          <duration>6.783</duration>
          <className>TestFault</className>
          <testName>TestCase01.test07</testName>
          <skipped>false</skipped>
          <failedSince>0</failedSince>
        </case>
        <case>
          <duration>0.594</duration>
          <className>TestFault</className>
          <testName>TestCase01.test08</testName>
          <skipped>false</skipped>
          <failedSince>0</failedSince>
        </case>
        <case>
          <duration>0.93</duration>
          <className>TestFault</className>
          <testName>TestCase01.test09</testName>
          <skipped>false</skipped>
          <failedSince>0</failedSince>
        </case>
        <case>
          <duration>1.981</duration>
          <className>TestFault</className>
          <testName>TestCase01.test10</testName>
          <skipped>false</skipped>
          <failedSince>0</failedSince>
        </case>
        <case>
          <duration>0.025</duration>
          <className>TestFault</className>
          <testName>TestCase01.test11</testName>
          <skipped>false</skipped>
          <failedSince>0</failedSince>
        </case>
        <case>
          <duration>0.083</duration>
          <className>TestFault</className>
          <testName>TestCase01.test12</testName>
          <skipped>false</skipped>
          <failedSince>0</failedSince>
        </case>
        <case>
          <duration>0.033</duration>
          <className>TestFault</className>
          <testName>TestCase01.test13</testName>
          <skipped>false</skipped>
          <failedSince>0</failedSince>
        </case>
        <case>
          <duration>52.445</duration>
          <className>TestFault</className>
          <testName>TestCase01.test14</testName>
          <skipped>false</skipped>
          <failedSince>0</failedSince>
        </case>
        <case>
          <duration>0.037</duration>
          <className>TestFault</className>
          <testName>TestCase01.test15</testName>
          <skipped>false</skipped>
          <failedSince>0</failedSince>
        </case>
        <case>
          <duration>0.06</duration>
          <className>TestFault</className>
          <testName>TestCase01.test16</testName>
          <skipped>false</skipped>
          <failedSince>0</failedSince>
        </case>
        <case>
          <duration>57.999</duration>
          <className>TestFault</className>
          <testName>TestCase02.test01</testName>
          <skipped>false</skipped>
          <failedSince>0</failedSince>
        </case>
        <case>
          <duration>60.058</duration>
          <className>TestFault</className>
          <testName>TestCase02.test02</testName>
          <skipped>false</skipped>
          <failedSince>0</failedSince>
        </case>
        <case>
          <duration>59.681</duration>
          <className>TestFault</className>
          <testName>TestCase02.test03</testName>
          <skipped>false</skipped>
          <failedSince>0</failedSince>
        </case>
        <case>
          <duration>46.038</duration>
          <className>TestFault</className>
          <testName>TestCase02.test04</testName>
          <skipped>false</skipped>
          <failedSince>0</failedSince>
        </case>
        <case>
          <duration>22.425</duration>
          <className>TestFault</className>
          <testName>TestCase02.test05</testName>
          <skipped>false</skipped>
          <failedSince>0</failedSince>
        </case>
        <case>
          <duration>20.06</duration>
          <className>TestFault</className>
          <testName>TestCase02.test06</testName>
          <skipped>false</skipped>
          <failedSince>0</failedSince>
        </case>
        <case>
          <duration>37.556</duration>
          <className>TestFault</className>
          <testName>TestCase02.test07</testName>
          <skipped>false</skipped>
          <failedSince>0</failedSince>
        </case>
        <case>
          <duration>0.001</duration>
          <className>TestFault</className>
          <testName>TestCase02.test08</testName>
          <skipped>false</skipped>
          <failedSince>0</failedSince>
        </case>
        <case>
          <duration>115.941</duration>
          <className>TestFault</className>
          <testName>TestCase02.test09</testName>
          <skipped>false</skipped>
          <failedSince>0</failedSince>
        </case>
        <case>
          <duration>33.186</duration>
          <className>TestFault</className>
          <testName>TestCase03.test01</testName>
          <skipped>false</skipped>
          <failedSince>0</failedSince>
        </case>
        <case>
          <duration>15.452</duration>
          <className>TestFault</className>
          <testName>TestCase03.test02</testName>
          <skipped>false</skipped>
          <failedSince>0</failedSince>
        </case>
      </cases>
    </suite>
    <suite>
      <file>/home/jenkins/workspace/Backend/CNE@2/test-results/TEST-rest-TestRestClassMap.xml</file>
      <name>rest.TestRestClassMap</name>
      <stdout>.....................</stdout>
      <stderr></stderr>
      <duration>30.661</duration>
      <timestamp>2019-10-31T08:50:18.344992</timestamp>
      <time>30.661</time>
      <enclosingBlocks/>
      <enclosingBlockNames/>
      <cases>
        <case>
          <duration>20.335</duration>
          <className>TestRestClassMap</className>
          <testName>TestCase01.test01</testName>
          <skipped>false</skipped>
          <failedSince>0</failedSince>
        </case>
        <case>
          <duration>0.03</duration>
          <className>TestRestClassMap</className>
          <testName>TestCase01.test02</testName>
          <skipped>false</skipped>
          <failedSince>0</failedSince>
        </case>
        <case>
          <duration>0.038</duration>
          <className>TestRestClassMap</className>
          <testName>TestCase01.test03</testName>
          <skipped>false</skipped>
          <failedSince>0</failedSince>
        </case>
        <case>
          <duration>0.027</duration>
          <className>TestRestClassMap</className>
          <testName>TestCase01.test04</testName>
          <skipped>false</skipped>
          <failedSince>0</failedSince>
        </case>
        <case>
          <duration>0.01</duration>
          <className>TestRestClassMap</className>
          <testName>TestCase01.test05</testName>
          <skipped>false</skipped>
          <failedSince>0</failedSince>
        </case>
        <case>
          <duration>0.019</duration>
          <className>TestRestClassMap</className>
          <testName>TestCase01.test06</testName>
          <skipped>false</skipped>
          <failedSince>0</failedSince>
        </case>
        <case>
          <duration>0.081</duration>
          <className>TestRestClassMap</className>
          <testName>TestCase01.test07</testName>
          <skipped>false</skipped>
          <failedSince>0</failedSince>
        </case>
        <case>
          <duration>1.315</duration>
          <className>TestRestClassMap</className>
          <testName>TestCase01.test08</testName>
          <skipped>false</skipped>
          <failedSince>0</failedSince>
        </case>
        <case>
          <duration>1.9</duration>
          <className>TestRestClassMap</className>
          <testName>TestCase01.test09</testName>
          <skipped>false</skipped>
          <failedSince>0</failedSince>
        </case>
        <case>
          <duration>0.577</duration>
          <className>TestRestClassMap</className>
          <testName>TestCase01.test10</testName>
          <skipped>false</skipped>
          <failedSince>0</failedSince>
        </case>
        <case>
          <duration>0.2</duration>
          <className>TestRestClassMap</className>
          <testName>TestCase01.test11</testName>
          <skipped>false</skipped>
          <failedSince>0</failedSince>
        </case>
        <case>
          <duration>1.819</duration>
          <className>TestRestClassMap</className>
          <testName>TestCase01.test12</testName>
          <skipped>false</skipped>
          <failedSince>0</failedSince>
        </case>
        <case>
          <duration>0.02</duration>
          <className>TestRestClassMap</className>
          <testName>TestCase01.test13</testName>
          <skipped>false</skipped>
          <failedSince>0</failedSince>
        </case>
        <case>
          <duration>0.101</duration>
          <className>TestRestClassMap</className>
          <testName>TestCase01.test14</testName>
          <skipped>false</skipped>
          <failedSince>0</failedSince>
        </case>
        <case>
          <duration>0.108</duration>
          <className>TestRestClassMap</className>
          <testName>TestCase01.test15</testName>
          <skipped>false</skipped>
          <failedSince>0</failedSince>
        </case>
        <case>
          <duration>1.376</duration>
          <className>TestRestClassMap</className>
          <testName>TestCase01.test16</testName>
          <skipped>false</skipped>
          <failedSince>0</failedSince>
        </case>
        <case>
          <duration>0.029</duration>
          <className>TestRestClassMap</className>
          <testName>TestCase01.test17</testName>
          <skipped>false</skipped>
          <failedSince>0</failedSince>
        </case>
        <case>
          <duration>0.378</duration>
          <className>TestRestClassMap</className>
          <testName>TestCase01.test18</testName>
          <skipped>false</skipped>
          <failedSince>0</failedSince>
        </case>
        <case>
          <duration>0.008</duration>
          <className>TestRestClassMap</className>
          <testName>TestCase01.test19</testName>
          <skipped>false</skipped>
          <failedSince>0</failedSince>
        </case>
        <case>
          <duration>0.33</duration>
          <className>TestRestClassMap</className>
          <testName>TestCase01.test20</testName>
          <skipped>false</skipped>
          <failedSince>0</failedSince>
        </case>
        <case>
          <duration>1.957</duration>
          <className>TestRestClassMap</className>
          <testName>TestCase01.test21</testName>
          <skipped>false</skipped>
          <failedSince>0</failedSince>
        </case>
      </cases>
    </suite>
    <suite>
      <file>/home/jenkins/workspace/Backend/CNE@15/test-results/TEST-rest-TestRestConfigChanges.xml</file>
      <name>rest.TestRestConfigChanges</name>
      <stdout>....
TestCase01.test05: Verify that modification of a channel does not result in configuration changes logged for other channels.
.
TestCase01.test06
.</stdout>
      <stderr></stderr>
      <duration>80.266</duration>
      <timestamp>2019-10-31T08:49:21.806149</timestamp>
      <time>80.266</time>
      <enclosingBlocks/>
      <enclosingBlockNames/>
      <cases>
        <case>
          <duration>22.647</duration>
          <className>TestRestConfigChanges</className>
          <testName>TestCase01.test01</testName>
          <skipped>false</skipped>
          <failedSince>0</failedSince>
        </case>
        <case>
          <duration>2.495</duration>
          <className>TestRestConfigChanges</className>
          <testName>TestCase01.test02</testName>
          <skipped>false</skipped>
          <failedSince>0</failedSince>
        </case>
        <case>
          <duration>2.64</duration>
          <className>TestRestConfigChanges</className>
          <testName>TestCase01.test03</testName>
          <skipped>false</skipped>
          <failedSince>0</failedSince>
        </case>
        <case>
          <duration>33.695</duration>
          <className>TestRestConfigChanges</className>
          <testName>TestCase01.test04</testName>
          <skipped>false</skipped>
          <failedSince>0</failedSince>
        </case>
        <case>
          <duration>15.752</duration>
          <className>TestRestConfigChanges</className>
          <testName>TestCase01.test05</testName>
          <skipped>false</skipped>
          <failedSince>0</failedSince>
        </case>
        <case>
          <duration>3.038</duration>
          <className>TestRestConfigChanges</className>
          <testName>TestCase01.test06</testName>
          <skipped>false</skipped>
          <failedSince>0</failedSince>
        </case>
      </cases>
    </suite>
    <suite>
      <file>/home/jenkins/workspace/Backend/CNE@3/test-results/TEST-cli-TestMore.xml</file>
      <name>cli.TestMore</name>
      <stdout>Clearing host config ...
......</stdout>
      <stderr></stderr>
      <duration>22.951</duration>
      <timestamp>2019-10-31T08:50:34.859751</timestamp>
      <time>22.951</time>
      <enclosingBlocks/>
      <enclosingBlockNames/>
      <cases>
        <case>
          <duration>21.295</duration>
          <className>TestMore</className>
          <testName>TestCase01.test01</testName>
          <skipped>false</skipped>
          <failedSince>0</failedSince>
        </case>
        <case>
          <duration>0.074</duration>
          <className>TestMore</className>
          <testName>TestCase01.test02</testName>
          <skipped>false</skipped>
          <failedSince>0</failedSince>
        </case>
        <case>
          <duration>0.295</duration>
          <className>TestMore</className>
          <testName>TestCase01.test03</testName>
          <skipped>false</skipped>
          <failedSince>0</failedSince>
        </case>
        <case>
          <duration>1.0</duration>
          <className>TestMore</className>
          <testName>TestCase01.test04</testName>
          <skipped>false</skipped>
          <failedSince>0</failedSince>
        </case>
        <case>
          <duration>0.143</duration>
          <className>TestMore</className>
          <testName>TestCase01.test05</testName>
          <skipped>false</skipped>
          <failedSince>0</failedSince>
        </case>
        <case>
          <duration>0.143</duration>
          <className>TestMore</className>
          <testName>TestCase01.test06</testName>
          <skipped>false</skipped>
          <failedSince>0</failedSince>
        </case>
      </cases>
    </suite>
    <suite>
      <file>/home/jenkins/workspace/Backend/CNE/test-results/TEST-cli-TestLoginLimits.xml</file>
      <name>cli.TestLoginLimits</name>
      <stdout>......</stdout>
      <stderr></stderr>
      <duration>62.169</duration>
      <timestamp>2019-10-31T08:50:07.935675</timestamp>
      <time>62.169</time>
      <enclosingBlocks/>
      <enclosingBlockNames/>
      <cases>
        <case>
          <duration>13.23</duration>
          <className>TestLoginLimits</className>
          <testName>TestCase01.test01</testName>
          <skipped>false</skipped>
          <failedSince>0</failedSince>
        </case>
        <case>
          <duration>23.049</duration>
          <className>TestLoginLimits</className>
          <testName>TestCase01.test02</testName>
          <skipped>false</skipped>
          <failedSince>0</failedSince>
        </case>
        <case>
          <duration>3.098</duration>
          <className>TestLoginLimits</className>
          <testName>TestCase01.test03</testName>
          <skipped>false</skipped>
          <failedSince>0</failedSince>
        </case>
        <case>
          <duration>5.162</duration>
          <className>TestLoginLimits</className>
          <testName>TestCase01.test04</testName>
          <skipped>false</skipped>
          <failedSince>0</failedSince>
        </case>
        <case>
          <duration>15.765</duration>
          <className>TestLoginLimits</className>
          <testName>TestCase01.test05</testName>
          <skipped>false</skipped>
          <failedSince>0</failedSince>
        </case>
        <case>
          <duration>1.865</duration>
          <className>TestLoginLimits</className>
          <testName>TestCase01.test06</testName>
          <skipped>false</skipped>
          <failedSince>0</failedSince>
        </case>
      </cases>
    </suite>
    <suite>
      <file>/home/jenkins/workspace/Backend/CNE/test-results/TEST-rest-TestRestCaptureAnalysisJob.xml</file>
      <name>rest.TestRestCaptureAnalysisJob</name>
      <stdout>...ctrl-c sent
RSS before/during/after = 2469.60546875/2469.859375/2669.66015625
E</stdout>
      <stderr></stderr>
      <duration>29.467</duration>
      <timestamp>2019-10-31T08:50:37.942331</timestamp>
      <time>29.467</time>
      <enclosingBlocks/>
      <enclosingBlockNames/>
      <cases>
        <case>
          <duration>19.734</duration>
          <className>TestRestCaptureAnalysisJob</className>
          <testName>TestCase01.test01</testName>
          <skipped>false</skipped>
          <failedSince>0</failedSince>
        </case>
        <case>
          <duration>1.192</duration>
          <className>TestRestCaptureAnalysisJob</className>
          <testName>TestCase01.test02</testName>
          <skipped>false</skipped>
          <failedSince>0</failedSince>
        </case>
        <case>
          <duration>0.046</duration>
          <className>TestRestCaptureAnalysisJob</className>
          <testName>TestCase01.test03</testName>
          <skipped>false</skipped>
          <failedSince>0</failedSince>
        </case>
        <case>
          <duration>8.494</duration>
          <className>TestRestCaptureAnalysisJob</className>
          <testName>TestCase02.test01</testName>
          <skipped>false</skipped>
          <errorStackTrace>Traceback (most recent call last):
  File &quot;/components/probed/test/testcases/probe.py&quot;, line 554, in x
    tf(self)
  File &quot;/components/cna/host/src/probed/test/rest/TestRestCaptureAnalysisJob.py&quot;, line 263, in test01
    raise Exception(&quot;Unexpected RSS difference %s&quot; % diff1)
Exception: Unexpected RSS difference -0.25390625
</errorStackTrace>
          <failedSince>4485</failedSince>
        </case>
      </cases>
    </suite>
    <suite>
      <file>/home/jenkins/workspace/Backend/CNE@16/test-results/TEST-rest-TestRestEndpoint.xml</file>
      <name>rest.TestRestEndpoint</name>
      <stdout>......................................1000
.</stdout>
      <stderr></stderr>
      <duration>44.997</duration>
      <timestamp>2019-10-31T08:50:26.094023</timestamp>
      <time>44.997</time>
      <enclosingBlocks/>
      <enclosingBlockNames/>
      <cases>
        <case>
          <duration>0.845</duration>
          <className>TestRestEndpoint</className>
          <testName>TestCase00.test01</testName>
          <skipped>false</skipped>
          <failedSince>0</failedSince>
        </case>
        <case>
          <duration>20.944</duration>
          <className>TestRestEndpoint</className>
          <testName>TestCase01.test01</testName>
          <skipped>false</skipped>
          <failedSince>0</failedSince>
        </case>
        <case>
          <duration>0.015</duration>
          <className>TestRestEndpoint</className>
          <testName>TestCase01.test02</testName>
          <skipped>false</skipped>
          <failedSince>0</failedSince>
        </case>
        <case>
          <duration>0.018</duration>
          <className>TestRestEndpoint</className>
          <testName>TestCase01.test03</testName>
          <skipped>false</skipped>
          <failedSince>0</failedSince>
        </case>
        <case>
          <duration>0.036</duration>
          <className>TestRestEndpoint</className>
          <testName>TestCase01.test04</testName>
          <skipped>false</skipped>
          <failedSince>0</failedSince>
        </case>
        <case>
          <duration>0.03</duration>
          <className>TestRestEndpoint</className>
          <testName>TestCase01.test05</testName>
          <skipped>false</skipped>
          <failedSince>0</failedSince>
        </case>
        <case>
          <duration>0.024</duration>
          <className>TestRestEndpoint</className>
          <testName>TestCase01.test13</testName>
          <skipped>false</skipped>
          <failedSince>0</failedSince>
        </case>
        <case>
          <duration>0.018</duration>
          <className>TestRestEndpoint</className>
          <testName>TestCase01.test15</testName>
          <skipped>false</skipped>
          <failedSince>0</failedSince>
        </case>
        <case>
          <duration>0.601</duration>
          <className>TestRestEndpoint</className>
          <testName>TestCase01.test16</testName>
          <skipped>false</skipped>
          <failedSince>0</failedSince>
        </case>
        <case>
          <duration>0.013</duration>
          <className>TestRestEndpoint</className>
          <testName>TestCase01.test17</testName>
          <skipped>false</skipped>
          <failedSince>0</failedSince>
        </case>
        <case>
          <duration>0.025</duration>
          <className>TestRestEndpoint</className>
          <testName>TestCase01.test22</testName>
          <skipped>false</skipped>
          <failedSince>0</failedSince>
        </case>
        <case>
          <duration>0.007</duration>
          <className>TestRestEndpoint</className>
          <testName>TestCase01.test23</testName>
          <skipped>false</skipped>
          <failedSince>0</failedSince>
        </case>
        <case>
          <duration>2.279</duration>
          <className>TestRestEndpoint</className>
          <testName>TestCase02.test01</testName>
          <skipped>false</skipped>
          <failedSince>0</failedSince>
        </case>
        <case>
          <duration>1.374</duration>
          <className>TestRestEndpoint</className>
          <testName>TestCase03.test01</testName>
          <skipped>false</skipped>
          <failedSince>0</failedSince>
        </case>
        <case>
          <duration>0.03</duration>
          <className>TestRestEndpoint</className>
          <testName>TestCase03.test02</testName>
          <skipped>false</skipped>
          <failedSince>0</failedSince>
        </case>
        <case>
          <duration>0.041</duration>
          <className>TestRestEndpoint</className>
          <testName>TestCase03.test03</testName>
          <skipped>false</skipped>
          <failedSince>0</failedSince>
        </case>
        <case>
          <duration>0.086</duration>
          <className>TestRestEndpoint</className>
          <testName>TestCase03.test04</testName>
          <skipped>false</skipped>
          <failedSince>0</failedSince>
        </case>
        <case>
          <duration>0.064</duration>
          <className>TestRestEndpoint</className>
          <testName>TestCase03.test05</testName>
          <skipped>false</skipped>
          <failedSince>0</failedSince>
        </case>
        <case>
          <duration>0.042</duration>
          <className>TestRestEndpoint</className>
          <testName>TestCase03.test13</testName>
          <skipped>false</skipped>
          <failedSince>0</failedSince>
        </case>
        <case>
          <duration>0.063</duration>
          <className>TestRestEndpoint</className>
          <testName>TestCase03.test15</testName>
          <skipped>false</skipped>
          <failedSince>0</failedSince>
        </case>
        <case>
          <duration>0.047</duration>
          <className>TestRestEndpoint</className>
          <testName>TestCase03.test16</testName>
          <skipped>false</skipped>
          <failedSince>0</failedSince>
        </case>
        <case>
          <duration>0.081</duration>
          <className>TestRestEndpoint</className>
          <testName>TestCase03.test17</testName>
          <skipped>false</skipped>
          <failedSince>0</failedSince>
        </case>
        <case>
          <duration>1.091</duration>
          <className>TestRestEndpoint</className>
          <testName>TestCase04.test01</testName>
          <skipped>false</skipped>
          <failedSince>0</failedSince>
        </case>
        <case>
          <duration>0.04</duration>
          <className>TestRestEndpoint</className>
          <testName>TestCase04.test02</testName>
          <skipped>false</skipped>
          <failedSince>0</failedSince>
        </case>
        <case>
          <duration>1.528</duration>
          <className>TestRestEndpoint</className>
          <testName>TestCase05.test01</testName>
          <skipped>false</skipped>
          <failedSince>0</failedSince>
        </case>
        <case>
          <duration>1.437</duration>
          <className>TestRestEndpoint</className>
          <testName>TestCase06.test01</testName>
          <skipped>false</skipped>
          <failedSince>0</failedSince>
        </case>
        <case>
          <duration>0.038</duration>
          <className>TestRestEndpoint</className>
          <testName>TestCase06.test02</testName>
          <skipped>false</skipped>
          <failedSince>0</failedSince>
        </case>
        <case>
          <duration>0.293</duration>
          <className>TestRestEndpoint</className>
          <testName>TestCase06.test03</testName>
          <skipped>false</skipped>
          <failedSince>0</failedSince>
        </case>
        <case>
          <duration>0.097</duration>
          <className>TestRestEndpoint</className>
          <testName>TestCase06.test04</testName>
          <skipped>false</skipped>
          <failedSince>0</failedSince>
        </case>
        <case>
          <duration>1.824</duration>
          <className>TestRestEndpoint</className>
          <testName>TestCase06.test05</testName>
          <skipped>false</skipped>
          <failedSince>0</failedSince>
        </case>
        <case>
          <duration>1.04</duration>
          <className>TestRestEndpoint</className>
          <testName>TestCase06.test06</testName>
          <skipped>false</skipped>
          <failedSince>0</failedSince>
        </case>
        <case>
          <duration>0.449</duration>
          <className>TestRestEndpoint</className>
          <testName>TestCase06.test07</testName>
          <skipped>false</skipped>
          <failedSince>0</failedSince>
        </case>
        <case>
          <duration>1.171</duration>
          <className>TestRestEndpoint</className>
          <testName>TestCase06.test08</testName>
          <skipped>false</skipped>
          <failedSince>0</failedSince>
        </case>
        <case>
          <duration>1.303</duration>
          <className>TestRestEndpoint</className>
          <testName>TestCase06.test09</testName>
          <skipped>false</skipped>
          <failedSince>0</failedSince>
        </case>
        <case>
          <duration>1.542</duration>
          <className>TestRestEndpoint</className>
          <testName>TestCase07.test01</testName>
          <skipped>false</skipped>
          <failedSince>0</failedSince>
        </case>
        <case>
          <duration>0.022</duration>
          <className>TestRestEndpoint</className>
          <testName>TestCase07.test02</testName>
          <skipped>false</skipped>
          <failedSince>0</failedSince>
        </case>
        <case>
          <duration>0.028</duration>
          <className>TestRestEndpoint</className>
          <testName>TestCase07.test03</testName>
          <skipped>false</skipped>
          <failedSince>0</failedSince>
        </case>
        <case>
          <duration>0.041</duration>
          <className>TestRestEndpoint</className>
          <testName>TestCase07.test04</testName>
          <skipped>false</skipped>
          <failedSince>0</failedSince>
        </case>
        <case>
          <duration>6.366</duration>
          <className>TestRestEndpoint</className>
          <testName>TestCase08.test01</testName>
          <skipped>false</skipped>
          <failedSince>0</failedSince>
        </case>
      </cases>
    </suite>
    <suite>
      <file>/home/jenkins/workspace/Backend/CNE@4/test-results/TEST-rest-TestRestStats.xml</file>
      <name>rest.TestRestStats</name>
      <stdout>.....</stdout>
      <stderr></stderr>
      <duration>26.647</duration>
      <timestamp>2019-10-31T08:50:55.770814</timestamp>
      <time>26.647</time>
      <enclosingBlocks/>
      <enclosingBlockNames/>
      <cases>
        <case>
          <duration>22.354</duration>
          <className>TestRestStats</className>
          <testName>TestCase01.test01</testName>
          <skipped>false</skipped>
          <failedSince>0</failedSince>
        </case>
        <case>
          <duration>0.005</duration>
          <className>TestRestStats</className>
          <testName>TestCase01.test02</testName>
          <skipped>false</skipped>
          <failedSince>0</failedSince>
        </case>
        <case>
          <duration>2.721</duration>
          <className>TestRestStats</className>
          <testName>TestCase01.test03</testName>
          <skipped>false</skipped>
          <failedSince>0</failedSince>
        </case>
        <case>
          <duration>0.061</duration>
          <className>TestRestStats</className>
          <testName>TestCase01.test04</testName>
          <skipped>false</skipped>
          <failedSince>0</failedSince>
        </case>
        <case>
          <duration>1.506</duration>
          <className>TestRestStats</className>
          <testName>TestCase01.test05</testName>
          <skipped>false</skipped>
          <failedSince>0</failedSince>
        </case>
      </cases>
    </suite>
    <suite>
      <file>/home/jenkins/workspace/Backend/CNE@9/test-results/TEST-rest-TestRestMatch.xml</file>
      <name>rest.TestRestMatch</name>
      <stdout>..........</stdout>
      <stderr></stderr>
      <duration>14.69</duration>
      <timestamp>2019-10-31T08:51:09.199924</timestamp>
      <time>14.690</time>
      <enclosingBlocks/>
      <enclosingBlockNames/>
      <cases>
        <case>
          <duration>13.986</duration>
          <className>TestRestMatch</className>
          <testName>TestCase01.test01</testName>
          <skipped>false</skipped>
          <failedSince>0</failedSince>
        </case>
        <case>
          <duration>0.145</duration>
          <className>TestRestMatch</className>
          <testName>TestCase01.test02</testName>
          <skipped>false</skipped>
          <failedSince>0</failedSince>
        </case>
        <case>
          <duration>0.0</duration>
          <className>TestRestMatch</className>
          <testName>TestCase01.test03</testName>
          <skipped>false</skipped>
          <failedSince>0</failedSince>
        </case>
        <case>
          <duration>0.0</duration>
          <className>TestRestMatch</className>
          <testName>TestCase01.test04</testName>
          <skipped>false</skipped>
          <failedSince>0</failedSince>
        </case>
        <case>
          <duration>0.0</duration>
          <className>TestRestMatch</className>
          <testName>TestCase01.test05</testName>
          <skipped>false</skipped>
          <failedSince>0</failedSince>
        </case>
        <case>
          <duration>0.02</duration>
          <className>TestRestMatch</className>
          <testName>TestCase01.test06</testName>
          <skipped>false</skipped>
          <failedSince>0</failedSince>
        </case>
        <case>
          <duration>0.463</duration>
          <className>TestRestMatch</className>
          <testName>TestCase01.test07</testName>
          <skipped>false</skipped>
          <failedSince>0</failedSince>
        </case>
        <case>
          <duration>0.003</duration>
          <className>TestRestMatch</className>
          <testName>TestCase01.test08</testName>
          <skipped>false</skipped>
          <failedSince>0</failedSince>
        </case>
        <case>
          <duration>0.01</duration>
          <className>TestRestMatch</className>
          <testName>TestCase01.test09</testName>
          <skipped>false</skipped>
          <failedSince>0</failedSince>
        </case>
        <case>
          <duration>0.062</duration>
          <className>TestRestMatch</className>
          <testName>TestCase01.test10</testName>
          <skipped>false</skipped>
          <failedSince>0</failedSince>
        </case>
      </cases>
    </suite>
    <suite>
      <file>/home/jenkins/workspace/Backend/CNE/test-results/TEST-cli-TestMultihopViews.xml</file>
      <name>cli.TestMultihopViews</name>
      <stdout>TestCase01.test01_multihop_connections
.TestCase01.test02_class_matching_classname
.TestCase01.test03_two_cne_target_pnqm_connection
.TestCase01.test04_test_lmc_connections
Test skipped on the CorvilNet Engine
.</stdout>
      <stderr></stderr>
      <duration>26.208</duration>
      <timestamp>2019-10-31T08:51:05.400457</timestamp>
      <time>26.208</time>
      <enclosingBlocks/>
      <enclosingBlockNames/>
      <cases>
        <case>
          <duration>19.828</duration>
          <className>TestMultihopViews</className>
          <testName>TestCase01.test01_multihop_connections</testName>
          <skipped>false</skipped>
          <failedSince>0</failedSince>
        </case>
        <case>
          <duration>3.771</duration>
          <className>TestMultihopViews</className>
          <testName>TestCase01.test02_class_matching_classname</testName>
          <skipped>false</skipped>
          <failedSince>0</failedSince>
        </case>
        <case>
          <duration>2.587</duration>
          <className>TestMultihopViews</className>
          <testName>TestCase01.test03_two_cne_target_pnqm_connection</testName>
          <skipped>false</skipped>
          <failedSince>0</failedSince>
        </case>
        <case>
          <duration>0.021</duration>
          <className>TestMultihopViews</className>
          <testName>TestCase01.test04_test_lmc_connections</testName>
          <skipped>false</skipped>
          <failedSince>0</failedSince>
        </case>
      </cases>
    </suite>
    <suite>
      <file>/home/jenkins/workspace/Backend/CNE@5/test-results/TEST-cli-TestDecoderCatalog.xml</file>
      <name>cli.TestDecoderCatalog</name>
      <stdout>.....Test test06 skipped in sandbox
.Test test07 skipped in sandbox
.</stdout>
      <stderr></stderr>
      <duration>1.684</duration>
      <timestamp>2019-10-31T08:51:33.753248</timestamp>
      <time>1.684</time>
      <enclosingBlocks/>
      <enclosingBlockNames/>
      <cases>
        <case>
          <duration>1.343</duration>
          <className>TestDecoderCatalog</className>
          <testName>TestCase01.test01</testName>
          <skipped>false</skipped>
          <failedSince>0</failedSince>
        </case>
        <case>
          <duration>0.014</duration>
          <className>TestDecoderCatalog</className>
          <testName>TestCase01.test02</testName>
          <skipped>false</skipped>
          <failedSince>0</failedSince>
        </case>
        <case>
          <duration>0.292</duration>
          <className>TestDecoderCatalog</className>
          <testName>TestCase01.test03</testName>
          <skipped>false</skipped>
          <failedSince>0</failedSince>
        </case>
        <case>
          <duration>0.021</duration>
          <className>TestDecoderCatalog</className>
          <testName>TestCase01.test04</testName>
          <skipped>false</skipped>
          <failedSince>0</failedSince>
        </case>
        <case>
          <duration>0.012</duration>
          <className>TestDecoderCatalog</className>
          <testName>TestCase01.test05</testName>
          <skipped>false</skipped>
          <failedSince>0</failedSince>
        </case>
        <case>
          <duration>0.0</duration>
          <className>TestDecoderCatalog</className>
          <testName>TestCase01.test06</testName>
          <skipped>false</skipped>
          <failedSince>0</failedSince>
        </case>
        <case>
          <duration>0.0</duration>
          <className>TestDecoderCatalog</className>
          <testName>TestCase01.test07</testName>
          <skipped>false</skipped>
          <failedSince>0</failedSince>
        </case>
      </cases>
    </suite>
    <suite>
      <file>/home/jenkins/workspace/Backend/CNE@3/test-results/TEST-cli-TestLog.xml</file>
      <name>cli.TestLog</name>
      <stdout>....</stdout>
      <stderr></stderr>
      <duration>24.661</duration>
      <timestamp>2019-10-31T08:51:14.926898</timestamp>
      <time>24.661</time>
      <enclosingBlocks/>
      <enclosingBlockNames/>
      <cases>
        <case>
          <duration>23.112</duration>
          <className>TestLog</className>
          <testName>TestCase01.test01</testName>
          <skipped>false</skipped>
          <failedSince>0</failedSince>
        </case>
        <case>
          <duration>1.134</duration>
          <className>TestLog</className>
          <testName>TestCase01.test02</testName>
          <skipped>false</skipped>
          <failedSince>0</failedSince>
        </case>
        <case>
          <duration>0.401</duration>
          <className>TestLog</className>
          <testName>TestCase01.test03</testName>
          <skipped>false</skipped>
          <failedSince>0</failedSince>
        </case>
        <case>
          <duration>0.013</duration>
          <className>TestLog</className>
          <testName>TestCase01.test04</testName>
          <skipped>false</skipped>
          <failedSince>0</failedSince>
        </case>
      </cases>
    </suite>
    <suite>
      <file>/home/jenkins/workspace/Backend/CNE/test-results/TEST-rest-TestRestSystemStatus.xml</file>
      <name>rest.TestRestSystemStatus</name>
      <stdout>..
TestCase01.test03_test_available_memory: Check if response contains information about available memory (resource-usage node)
.</stdout>
      <stderr></stderr>
      <duration>18.904</duration>
      <timestamp>2019-10-31T08:51:20.987230</timestamp>
      <time>18.904</time>
      <enclosingBlocks/>
      <enclosingBlockNames/>
      <cases>
        <case>
          <duration>16.841</duration>
          <className>TestRestSystemStatus</className>
          <testName>TestCase01.test01</testName>
          <skipped>false</skipped>
          <failedSince>0</failedSince>
        </case>
        <case>
          <duration>2.04</duration>
          <className>TestRestSystemStatus</className>
          <testName>TestCase01.test02</testName>
          <skipped>false</skipped>
          <failedSince>0</failedSince>
        </case>
        <case>
          <duration>0.023</duration>
          <className>TestRestSystemStatus</className>
          <testName>TestCase01.test03_test_available_memory</testName>
          <skipped>false</skipped>
          <failedSince>0</failedSince>
        </case>
      </cases>
    </suite>
    <suite>
      <file>/home/jenkins/workspace/Backend/CNE/test-results/TEST-rest-TestRestFaults.xml</file>
      <name>rest.TestRestFaults</name>
      <stdout>......</stdout>
      <stderr></stderr>
      <duration>15.546</duration>
      <timestamp>2019-10-31T08:51:30.115777</timestamp>
      <time>15.546</time>
      <enclosingBlocks/>
      <enclosingBlockNames/>
      <cases>
        <case>
          <duration>13.021</duration>
          <className>TestRestFaults</className>
          <testName>TestCase01.test01</testName>
          <skipped>false</skipped>
          <failedSince>0</failedSince>
        </case>
        <case>
          <duration>0.007</duration>
          <className>TestRestFaults</className>
          <testName>TestCase01.test02</testName>
          <skipped>false</skipped>
          <failedSince>0</failedSince>
        </case>
        <case>
          <duration>0.105</duration>
          <className>TestRestFaults</className>
          <testName>TestCase01.test03</testName>
          <skipped>false</skipped>
          <failedSince>0</failedSince>
        </case>
        <case>
          <duration>0.003</duration>
          <className>TestRestFaults</className>
          <testName>TestCase01.test04</testName>
          <skipped>false</skipped>
          <failedSince>0</failedSince>
        </case>
        <case>
          <duration>0.083</duration>
          <className>TestRestFaults</className>
          <testName>TestCase01.test05</testName>
          <skipped>false</skipped>
          <failedSince>0</failedSince>
        </case>
        <case>
          <duration>2.327</duration>
          <className>TestRestFaults</className>
          <testName>TestCase01.test06</testName>
          <skipped>false</skipped>
          <failedSince>0</failedSince>
        </case>
      </cases>
    </suite>
    <suite>
      <file>/home/jenkins/workspace/Backend/CNE/test-results/TEST-cli-TestConfigurableStats.xml</file>
      <name>cli.TestConfigurableStats</name>
      <stdout>....
TestCase01.test05: Reject not printable characters in short name for measures
..
TestCase01.test07: Warning for repeated classmaps within same CSM
..
TestCase01.test09: Sample delivery to stats holders, Fields and Ids in CPC files
Deleting old captures
Setting configuration
Waiting for capture to start
Replaying the traffic
Waiting for the traffic to be measured and captured
Examining the results
session csm-mmm-01
  legacy-gui-only
  session-operation online
  attached-port PortA PortB Por
...[truncated 26265 chars]...
ss//local-cne///ch-04-13/class-default 1572511800000 1572512400000 300000 CONFIGURABLE_STATS EVENT_DATA NETWORK_SERVICE_INDICATOR_TS CONFIGURABLE_STAT_THRESHOLDS EVENT_METADATA
.
TestCase05.test05: Test BQM-20552
Triggering statswriter updates
.
TestCase05.test06: Check measure total alerts don&apos;t overflow
Rollup-client: 127.0.0.1 channel///local-cne/measure-total/measure-total-soft 1572511800000 1572512100000 300000 EVENT_DATA
Amber: 0, Red: 3
.
TestCase05.test07: Regression Test for BQM-27616
.</stdout>
      <stderr></stderr>
      <duration>639.792</duration>
      <timestamp>2019-10-31T08:41:07.457936</timestamp>
      <time>639.792</time>
      <enclosingBlocks/>
      <enclosingBlockNames/>
      <cases>
        <case>
          <duration>43.78</duration>
          <className>TestConfigurableStats</className>
          <testName>TestCase01.test01</testName>
          <skipped>false</skipped>
          <failedSince>0</failedSince>
        </case>
        <case>
          <duration>0.232</duration>
          <className>TestConfigurableStats</className>
          <testName>TestCase01.test02</testName>
          <skipped>false</skipped>
          <failedSince>0</failedSince>
        </case>
        <case>
          <duration>12.31</duration>
          <className>TestConfigurableStats</className>
          <testName>TestCase01.test03</testName>
          <skipped>false</skipped>
          <failedSince>0</failedSince>
        </case>
        <case>
          <duration>4.486</duration>
          <className>TestConfigurableStats</className>
          <testName>TestCase01.test04</testName>
          <skipped>false</skipped>
          <failedSince>0</failedSince>
        </case>
        <case>
          <duration>1.647</duration>
          <className>TestConfigurableStats</className>
          <testName>TestCase01.test05</testName>
          <skipped>false</skipped>
          <failedSince>0</failedSince>
        </case>
        <case>
          <duration>4.602</duration>
          <className>TestConfigurableStats</className>
          <testName>TestCase01.test06</testName>
          <skipped>false</skipped>
          <failedSince>0</failedSince>
        </case>
        <case>
          <duration>1.71</duration>
          <className>TestConfigurableStats</className>
          <testName>TestCase01.test07</testName>
          <skipped>false</skipped>
          <failedSince>0</failedSince>
        </case>
        <case>
          <duration>3.585</duration>
          <className>TestConfigurableStats</className>
          <testName>TestCase01.test08</testName>
          <skipped>false</skipped>
          <failedSince>0</failedSince>
        </case>
        <case>
          <duration>48.747</duration>
          <className>TestConfigurableStats</className>
          <testName>TestCase01.test09</testName>
          <skipped>false</skipped>
          <failedSince>0</failedSince>
        </case>
        <case>
          <duration>1.105</duration>
          <className>TestConfigurableStats</className>
          <testName>TestCase01.test10</testName>
          <skipped>false</skipped>
          <failedSince>0</failedSince>
        </case>
        <case>
          <duration>1.889</duration>
          <className>TestConfigurableStats</className>
          <testName>TestCase01.test11</testName>
          <skipped>false</skipped>
          <failedSince>0</failedSince>
        </case>
        <case>
          <duration>8.0</duration>
          <className>TestConfigurableStats</className>
          <testName>TestCase01.test12</testName>
          <skipped>false</skipped>
          <failedSince>0</failedSince>
        </case>
        <case>
          <duration>3.748</duration>
          <className>TestConfigurableStats</className>
          <testName>TestCase01.test13</testName>
          <skipped>false</skipped>
          <failedSince>0</failedSince>
        </case>
        <case>
          <duration>0.062</duration>
          <className>TestConfigurableStats</className>
          <testName>TestCase01.test14</testName>
          <skipped>false</skipped>
          <failedSince>0</failedSince>
        </case>
        <case>
          <duration>1.645</duration>
          <className>TestConfigurableStats</className>
          <testName>TestCase01.test15</testName>
          <skipped>false</skipped>
          <failedSince>0</failedSince>
        </case>
        <case>
          <duration>6.514</duration>
          <className>TestConfigurableStats</className>
          <testName>TestCase01.test16</testName>
          <skipped>false</skipped>
          <failedSince>0</failedSince>
        </case>
        <case>
          <duration>40.945</duration>
          <className>TestConfigurableStats</className>
          <testName>TestCase01.test17</testName>
          <skipped>false</skipped>
          <failedSince>0</failedSince>
        </case>
        <case>
          <duration>14.876</duration>
          <className>TestConfigurableStats</className>
          <testName>TestCase01.test18</testName>
          <skipped>false</skipped>
          <failedSince>0</failedSince>
        </case>
        <case>
          <duration>0.059</duration>
          <className>TestConfigurableStats</className>
          <testName>TestCase01.test19</testName>
          <skipped>false</skipped>
          <failedSince>0</failedSince>
        </case>
        <case>
          <duration>2.117</duration>
          <className>TestConfigurableStats</className>
          <testName>TestCase01.test20</testName>
          <skipped>false</skipped>
          <failedSince>0</failedSince>
        </case>
        <case>
          <duration>37.968</duration>
          <className>TestConfigurableStats</className>
          <testName>TestCase01.test21</testName>
          <skipped>false</skipped>
          <failedSince>0</failedSince>
        </case>
        <case>
          <duration>1.814</duration>
          <className>TestConfigurableStats</className>
          <testName>TestCase01.test22</testName>
          <skipped>false</skipped>
          <failedSince>0</failedSince>
        </case>
        <case>
          <duration>4.602</duration>
          <className>TestConfigurableStats</className>
          <testName>TestCase01.test23</testName>
          <skipped>false</skipped>
          <failedSince>0</failedSince>
        </case>
        <case>
          <duration>10.726</duration>
          <className>TestConfigurableStats</className>
          <testName>TestCase01.test24</testName>
          <skipped>false</skipped>
          <failedSince>0</failedSince>
        </case>
        <case>
          <duration>1.731</duration>
          <className>TestConfigurableStats</className>
          <testName>TestCase01.test25</testName>
          <skipped>false</skipped>
          <failedSince>0</failedSince>
        </case>
        <case>
          <duration>6.097</duration>
          <className>TestConfigurableStats</className>
          <testName>TestCase01.test26</testName>
          <skipped>false</skipped>
          <failedSince>0</failedSince>
        </case>
        <case>
          <duration>3.505</duration>
          <className>TestConfigurableStats</className>
          <testName>TestCase01.test27</testName>
          <skipped>false</skipped>
          <failedSince>0</failedSince>
        </case>
        <case>
          <duration>13.012</duration>
          <className>TestConfigurableStats</className>
          <testName>TestCase01.test28</testName>
          <skipped>false</skipped>
          <failedSince>0</failedSince>
        </case>
        <case>
          <duration>59.274</duration>
          <className>TestConfigurableStats</className>
          <testName>TestCase01.test29</testName>
          <skipped>false</skipped>
          <failedSince>0</failedSince>
        </case>
        <case>
          <duration>110.953</duration>
          <className>TestConfigurableStats</className>
          <testName>TestCase01.test30</testName>
          <skipped>false</skipped>
          <failedSince>0</failedSince>
        </case>
        <case>
          <duration>3.984</duration>
          <className>TestConfigurableStats</className>
          <testName>TestCase01.test31</testName>
          <skipped>false</skipped>
          <failedSince>0</failedSince>
        </case>
        <case>
          <duration>4.173</duration>
          <className>TestConfigurableStats</className>
          <testName>TestCase01.test32</testName>
          <skipped>false</skipped>
          <failedSince>0</failedSince>
        </case>
        <case>
          <duration>4.668</duration>
          <className>TestConfigurableStats</className>
          <testName>TestCase01.test33</testName>
          <skipped>false</skipped>
          <failedSince>0</failedSince>
        </case>
        <case>
          <duration>4.599</duration>
          <className>TestConfigurableStats</className>
          <testName>TestCase01.test34</testName>
          <skipped>false</skipped>
          <failedSince>0</failedSince>
        </case>
        <case>
          <duration>2.041</duration>
          <className>TestConfigurableStats</className>
          <testName>TestCase01.test35</testName>
          <skipped>false</skipped>
          <failedSince>0</failedSince>
        </case>
        <case>
          <duration>21.5</duration>
          <className>TestConfigurableStats</className>
          <testName>TestCase02.test01</testName>
          <skipped>false</skipped>
          <failedSince>0</failedSince>
        </case>
        <case>
          <duration>5.14</duration>
          <className>TestConfigurableStats</className>
          <testName>TestCase02.test02</testName>
          <skipped>false</skipped>
          <failedSince>0</failedSince>
        </case>
        <case>
          <duration>1.802</duration>
          <className>TestConfigurableStats</className>
          <testName>TestCase02.test03</testName>
          <skipped>false</skipped>
          <failedSince>0</failedSince>
        </case>
        <case>
          <duration>0.036</duration>
          <className>TestConfigurableStats</className>
          <testName>TestCase02.test04</testName>
          <skipped>false</skipped>
          <failedSince>0</failedSince>
        </case>
        <case>
          <duration>0.652</duration>
          <className>TestConfigurableStats</className>
          <testName>TestCase02.test05</testName>
          <skipped>false</skipped>
          <failedSince>0</failedSince>
        </case>
        <case>
          <duration>4.774</duration>
          <className>TestConfigurableStats</className>
          <testName>TestCase03.test01</testName>
          <skipped>false</skipped>
          <failedSince>0</failedSince>
        </case>
        <case>
          <duration>1.954</duration>
          <className>TestConfigurableStats</className>
          <testName>TestCase03.test02</testName>
          <skipped>false</skipped>
          <failedSince>0</failedSince>
        </case>
        <case>
          <duration>1.537</duration>
          <className>TestConfigurableStats</className>
          <testName>TestCase03.test03</testName>
          <skipped>false</skipped>
          <failedSince>0</failedSince>
        </case>
        <case>
          <duration>3.111</duration>
          <className>TestConfigurableStats</className>
          <testName>TestCase03.test04</testName>
          <skipped>false</skipped>
          <failedSince>0</failedSince>
        </case>
        <case>
          <duration>5.561</duration>
          <className>TestConfigurableStats</className>
          <testName>TestCase04.test01</testName>
          <skipped>false</skipped>
          <failedSince>0</failedSince>
        </case>
        <case>
          <duration>23.209</duration>
          <className>TestConfigurableStats</className>
          <testName>TestCase04.test02</testName>
          <skipped>false</skipped>
          <failedSince>0</failedSince>
        </case>
        <case>
          <duration>20.901</duration>
          <className>TestConfigurableStats</className>
          <testName>TestCase04.test03</testName>
          <skipped>false</skipped>
          <failedSince>0</failedSince>
        </case>
        <case>
          <duration>7.051</duration>
          <className>TestConfigurableStats</className>
          <testName>TestCase04.test04</testName>
          <skipped>false</skipped>
          <failedSince>0</failedSince>
        </case>
        <case>
          <duration>7.672</duration>
          <className>TestConfigurableStats</className>
          <testName>TestCase04.test05</testName>
          <skipped>false</skipped>
          <failedSince>0</failedSince>
        </case>
        <case>
          <duration>7.432</duration>
          <className>TestConfigurableStats</className>
          <testName>TestCase05.test01</testName>
          <skipped>false</skipped>
          <failedSince>0</failedSince>
        </case>
        <case>
          <duration>0.0</duration>
          <className>TestConfigurableStats</className>
          <testName>TestCase05.test03</testName>
          <skipped>false</skipped>
          <failedSince>0</failedSince>
        </case>
        <case>
          <duration>35.989</duration>
          <className>TestConfigurableStats</className>
          <testName>TestCase05.test04</testName>
          <skipped>false</skipped>
          <failedSince>0</failedSince>
        </case>
        <case>
          <duration>8.552</duration>
          <className>TestConfigurableStats</className>
          <testName>TestCase05.test05</testName>
          <skipped>false</skipped>
          <failedSince>0</failedSince>
        </case>
        <case>
          <duration>9.893</duration>
          <className>TestConfigurableStats</className>
          <testName>TestCase05.test06</testName>
          <skipped>false</skipped>
          <failedSince>0</failedSince>
        </case>
        <case>
          <duration>1.812</duration>
          <className>TestConfigurableStats</className>
          <testName>TestCase05.test07</testName>
          <skipped>false</skipped>
          <failedSince>0</failedSince>
        </case>
      </cases>
    </suite>
    <suite>
      <file>/home/jenkins/workspace/Backend/CNE@6/test-results/TEST-cli-TestShowCatalog.xml</file>
      <name>cli.TestShowCatalog</name>
      <stdout>...</stdout>
      <stderr></stderr>
      <duration>2.087</duration>
      <timestamp>2019-10-31T08:51:45.465488</timestamp>
      <time>2.087</time>
      <enclosingBlocks/>
      <enclosingBlockNames/>
      <cases>
        <case>
          <duration>1.806</duration>
          <className>TestShowCatalog</className>
          <testName>TestCase01.test01</testName>
          <skipped>false</skipped>
          <failedSince>0</failedSince>
        </case>
        <case>
          <duration>0.12</duration>
          <className>TestShowCatalog</className>
          <testName>TestCase01.test02</testName>
          <skipped>false</skipped>
          <failedSince>0</failedSince>
        </case>
        <case>
          <duration>0.16</duration>
          <className>TestShowCatalog</className>
          <testName>TestCase01.test03</testName>
          <skipped>false</skipped>
          <failedSince>0</failedSince>
        </case>
      </cases>
    </suite>
    <suite>
      <file>/home/jenkins/workspace/Backend/CNE@2/test-results/TEST-cli-TestAAACommon.xml</file>
      <name>cli.TestAAACommon</name>
      <stdout>.......</stdout>
      <stderr></stderr>
      <duration>30.399</duration>
      <timestamp>2019-10-31T08:51:19.550555</timestamp>
      <time>30.399</time>
      <enclosingBlocks/>
      <enclosingBlockNames/>
      <cases>
        <case>
          <duration>27.017</duration>
          <className>TestAAACommon</className>
          <testName>TestCase01.test00</testName>
          <skipped>false</skipped>
          <failedSince>0</failedSince>
        </case>
        <case>
          <duration>0.013</duration>
          <className>TestAAACommon</className>
          <testName>TestCase01.test01</testName>
          <skipped>false</skipped>
          <failedSince>0</failedSince>
        </case>
        <case>
          <duration>0.049</duration>
          <className>TestAAACommon</className>
          <testName>TestCase01.test02</testName>
          <skipped>false</skipped>
          <failedSince>0</failedSince>
        </case>
        <case>
          <duration>0.065</duration>
          <className>TestAAACommon</className>
          <testName>TestCase01.test03</testName>
          <skipped>false</skipped>
          <failedSince>0</failedSince>
        </case>
        <case>
          <duration>0.05</duration>
          <className>TestAAACommon</className>
          <testName>TestCase01.test04</testName>
          <skipped>false</skipped>
          <failedSince>0</failedSince>
        </case>
        <case>
          <duration>2.048</duration>
          <className>TestAAACommon</className>
          <testName>TestCase01.test05</testName>
          <skipped>false</skipped>
          <failedSince>0</failedSince>
        </case>
        <case>
          <duration>1.155</duration>
          <className>TestAAACommon</className>
          <testName>TestCase01.test99</testName>
          <skipped>false</skipped>
          <failedSince>0</failedSince>
        </case>
      </cases>
    </suite>
    <suite>
      <file>/home/jenkins/workspace/Backend/CNE@7/test-results/TEST-rest-TestRestServices.xml</file>
      <name>rest.TestRestServices</name>
      <stdout>get the services
.</stdout>
      <stderr></stderr>
      <duration>0.718</duration>
      <timestamp>2019-10-31T08:51:51.983748</timestamp>
      <time>0.718</time>
      <enclosingBlocks/>
      <enclosingBlockNames/>
      <cases>
        <case>
          <duration>0.718</duration>
          <className>TestRestServices</className>
          <testName>TestCase01.test01</testName>
          <skipped>false</skipped>
          <failedSince>0</failedSince>
        </case>
      </cases>
    </suite>
    <suite>
      <file>/home/jenkins/workspace/Backend/CNE/test-results/TEST-cli-TestJavaStackTraces.xml</file>
      <name>cli.TestJavaStackTraces</name>
      <stdout>..</stdout>
      <stderr></stderr>
      <duration>1.698</duration>
      <timestamp>2019-10-31T08:51:52.639775</timestamp>
      <time>1.698</time>
      <enclosingBlocks/>
      <enclosingBlockNames/>
      <cases>
        <case>
          <duration>1.625</duration>
          <className>TestJavaStackTraces</className>
          <testName>TestCase01.test01</testName>
          <skipped>false</skipped>
          <failedSince>0</failedSince>
        </case>
        <case>
          <duration>0.072</duration>
          <className>TestJavaStackTraces</className>
          <testName>TestCase01.test02</testName>
          <skipped>false</skipped>
          <failedSince>0</failedSince>
        </case>
      </cases>
    </suite>
    <suite>
      <file>/home/jenkins/workspace/Backend/CNE@2/test-results/TEST-cli-TestGroupRole.xml</file>
      <name>cli.TestGroupRole</name>
      <stdout>........</stdout>
      <stderr></stderr>
      <duration>12.708</duration>
      <timestamp>2019-10-31T08:51:44.007996</timestamp>
      <time>12.708</time>
      <enclosingBlocks/>
      <enclosingBlockNames/>
      <cases>
        <case>
          <duration>2.964</duration>
          <className>TestGroupRole</className>
          <testName>TestCase01.test01</testName>
          <skipped>false</skipped>
          <failedSince>0</failedSince>
        </case>
        <case>
          <duration>0.192</duration>
          <className>TestGroupRole</className>
          <testName>TestCase01.test02</testName>
          <skipped>false</skipped>
          <failedSince>0</failedSince>
        </case>
        <case>
          <duration>0.213</duration>
          <className>TestGroupRole</className>
          <testName>TestCase01.test03</testName>
          <skipped>false</skipped>
          <failedSince>0</failedSince>
        </case>
        <case>
          <duration>0.075</duration>
          <className>TestGroupRole</className>
          <testName>TestCase01.test04</testName>
          <skipped>false</skipped>
          <failedSince>0</failedSince>
        </case>
        <case>
          <duration>1.174</duration>
          <className>TestGroupRole</className>
          <testName>TestCase01.test05</testName>
          <skipped>false</skipped>
          <failedSince>0</failedSince>
        </case>
        <case>
          <duration>0.344</duration>
          <className>TestGroupRole</className>
          <testName>TestCase01.test06</testName>
          <skipped>false</skipped>
          <failedSince>0</failedSince>
        </case>
        <case>
          <duration>6.289</duration>
          <className>TestGroupRole</className>
          <testName>TestCase01.test07</testName>
          <skipped>false</skipped>
          <failedSince>0</failedSince>
        </case>
        <case>
          <duration>1.458</duration>
          <className>TestGroupRole</className>
          <testName>TestCase01.test99</testName>
          <skipped>false</skipped>
          <failedSince>0</failedSince>
        </case>
      </cases>
    </suite>
    <suite>
      <file>/home/jenkins/workspace/Backend/CNE@2/test-results/TEST-rest-TestRestBranding.xml</file>
      <name>rest.TestRestBranding</name>
      <stdout>...</stdout>
      <stderr></stderr>
      <duration>0.121</duration>
      <timestamp>2019-10-31T08:51:57.101487</timestamp>
      <time>0.121</time>
      <enclosingBlocks/>
      <enclosingBlockNames/>
      <cases>
        <case>
          <duration>0.105</duration>
          <className>TestRestBranding</className>
          <testName>TestCase00.test01</testName>
          <skipped>false</skipped>
          <failedSince>0</failedSince>
        </case>
        <case>
          <duration>0.009</duration>
          <className>TestRestBranding</className>
          <testName>TestCase01.test01</testName>
          <skipped>false</skipped>
          <failedSince>0</failedSince>
        </case>
        <case>
          <duration>0.007</duration>
          <className>TestRestBranding</className>
          <testName>TestCase02.test01</testName>
          <skipped>false</skipped>
          <failedSince>0</failedSince>
        </case>
      </cases>
    </suite>
    <suite>
      <file>/home/jenkins/workspace/Backend/CNE@3/test-results/TEST-cli-TestHelp.xml</file>
      <name>cli.TestHelp</name>
      <stdout>
TestCase01.test00: BQM-41650 &apos;help match&apos; in signature-rule context list unavailable options
Got 35 valid values from &quot;help match&quot;
Got 41 deep completions from &quot;match ? [?...]&quot;
Checking 35 help keywords amongst 41 recursive completion suggestions...
.
TestCase01.test01: BQM-41650 &apos;help match&apos; in translation-rule context list unavailable options
Got 4 valid values from &quot;help match&quot;
Got 5 deep completions from &quot;match ? [?...]&quot;
Checking 4 help keywords amongst 5 recursive completion suggestions...
...[truncated 466 chars]...
on suggestions...
.
TestCase01.test04: &apos;help match&apos; in decoder-group context list unavailable options
Got 34 valid values from &quot;help match&quot;
Got 38 deep completions from &quot;match ? [?...]&quot;
Checking 34 help keywords amongst 38 recursive completion suggestions...
.
TestCase01.test05: &apos;help match&apos; in mapping-rule context list unavailable options
Got 36 valid values from &quot;help match&quot;
Got 42 deep completions from &quot;match ? [?...]&quot;
Checking 36 help keywords amongst 42 recursive completion suggestions...
.</stdout>
      <stderr></stderr>
      <duration>25.406</duration>
      <timestamp>2019-10-31T08:51:30.095400</timestamp>
      <time>25.406</time>
      <enclosingBlocks/>
      <enclosingBlockNames/>
      <cases>
        <case>
          <duration>23.712</duration>
          <className>TestHelp</className>
          <testName>TestCase01.test00</testName>
          <skipped>false</skipped>
          <failedSince>0</failedSince>
        </case>
        <case>
          <duration>0.101</duration>
          <className>TestHelp</className>
          <testName>TestCase01.test01</testName>
          <skipped>false</skipped>
          <failedSince>0</failedSince>
        </case>
        <case>
          <duration>0.492</duration>
          <className>TestHelp</className>
          <testName>TestCase01.test02</testName>
          <skipped>false</skipped>
          <failedSince>0</failedSince>
        </case>
        <case>
          <duration>0.437</duration>
          <className>TestHelp</className>
          <testName>TestCase01.test03</testName>
          <skipped>false</skipped>
          <failedSince>0</failedSince>
        </case>
        <case>
          <duration>0.234</duration>
          <className>TestHelp</className>
          <testName>TestCase01.test04</testName>
          <skipped>false</skipped>
          <failedSince>0</failedSince>
        </case>
        <case>
          <duration>0.43</duration>
          <className>TestHelp</className>
          <testName>TestCase01.test05</testName>
          <skipped>false</skipped>
          <failedSince>0</failedSince>
        </case>
      </cases>
    </suite>
    <suite>
      <file>/home/jenkins/workspace/Backend/CNE@4/test-results/TEST-cli-TestPAMCrash.xml</file>
      <name>cli.TestPAMCrash</name>
      <stdout>.</stdout>
      <stderr></stderr>
      <duration>0.02</duration>
      <timestamp>2019-10-31T08:51:59.268757</timestamp>
      <time>0.020</time>
      <enclosingBlocks/>
      <enclosingBlockNames/>
      <cases>
        <case>
          <duration>0.02</duration>
          <className>TestPAMCrash</className>
          <testName>TestCase_BQM_54290.test01</testName>
          <skipped>false</skipped>
          <failedSince>0</failedSince>
        </case>
      </cases>
    </suite>
    <suite>
      <file>/home/jenkins/workspace/Backend/CNE@2/test-results/TEST-cli-TestNatDomain.xml</file>
      <name>cli.TestNatDomain</name>
      <stdout>Test skipped on the CorvilNet Engine
.Test skipped on the CorvilNet Engine
.Test skipped on the CorvilNet Engine
.Test skipped on the CorvilNet Engine
.Test skipped on the CorvilNet Engine
.Test skipped on the CorvilNet Engine
.Test skipped on the CorvilNet Engine
.Test skipped on the CorvilNet Engine
.Test skipped on the CorvilNet Engine
.Test skipped on the CorvilNet Engine
.Test skipped on the CorvilNet Engine
.Test skipped on the CorvilNet Engine
..Test skipped on the CorvilNet Engine
.Test skipped on the CorvilNet Engine
.Test skipped on the CorvilNet Engine
.Test skipped on the CorvilNet Engine
.</stdout>
      <stderr></stderr>
      <duration>28.341</duration>
      <timestamp>2019-10-31T08:51:30.121027</timestamp>
      <time>28.341</time>
      <enclosingBlocks/>
      <enclosingBlockNames/>
      <cases>
        <case>
          <duration>0.124</duration>
          <className>TestNatDomain</className>
          <testName>TestCase01.test01</testName>
          <skipped>false</skipped>
          <failedSince>0</failedSince>
        </case>
        <case>
          <duration>0.155</duration>
          <className>TestNatDomain</className>
          <testName>TestCase01.test02</testName>
          <skipped>false</skipped>
          <failedSince>0</failedSince>
        </case>
        <case>
          <duration>0.1</duration>
          <className>TestNatDomain</className>
          <testName>TestCase01.test03</testName>
          <skipped>false</skipped>
          <failedSince>0</failedSince>
        </case>
        <case>
          <duration>0.079</duration>
          <className>TestNatDomain</className>
          <testName>TestCase01.test04</testName>
          <skipped>false</skipped>
          <failedSince>0</failedSince>
        </case>
        <case>
          <duration>0.09</duration>
          <className>TestNatDomain</className>
          <testName>TestCase01.test05</testName>
          <skipped>false</skipped>
          <failedSince>0</failedSince>
        </case>
        <case>
          <duration>0.089</duration>
          <className>TestNatDomain</className>
          <testName>TestCase01.test06</testName>
          <skipped>false</skipped>
          <failedSince>0</failedSince>
        </case>
        <case>
          <duration>0.055</duration>
          <className>TestNatDomain</className>
          <testName>TestCase01.test07</testName>
          <skipped>false</skipped>
          <failedSince>0</failedSince>
        </case>
        <case>
          <duration>0.062</duration>
          <className>TestNatDomain</className>
          <testName>TestCase01.test08</testName>
          <skipped>false</skipped>
          <failedSince>0</failedSince>
        </case>
        <case>
          <duration>0.048</duration>
          <className>TestNatDomain</className>
          <testName>TestCase01.test09</testName>
          <skipped>false</skipped>
          <failedSince>0</failedSince>
        </case>
        <case>
          <duration>0.07</duration>
          <className>TestNatDomain</className>
          <testName>TestCase01.test10</testName>
          <skipped>false</skipped>
          <failedSince>0</failedSince>
        </case>
        <case>
          <duration>0.07</duration>
          <className>TestNatDomain</className>
          <testName>TestCase01.test11</testName>
          <skipped>false</skipped>
          <failedSince>0</failedSince>
        </case>
        <case>
          <duration>0.075</duration>
          <className>TestNatDomain</className>
          <testName>TestCase01.test12</testName>
          <skipped>false</skipped>
          <failedSince>0</failedSince>
        </case>
        <case>
          <duration>27.044</duration>
          <className>TestNatDomain</className>
          <testName>TestCase01.test13</testName>
          <skipped>false</skipped>
          <failedSince>0</failedSince>
        </case>
        <case>
          <duration>0.065</duration>
          <className>TestNatDomain</className>
          <testName>TestCase01.test14</testName>
          <skipped>false</skipped>
          <failedSince>0</failedSince>
        </case>
        <case>
          <duration>0.064</duration>
          <className>TestNatDomain</className>
          <testName>TestCase01.test15</testName>
          <skipped>false</skipped>
          <failedSince>0</failedSince>
        </case>
        <case>
          <duration>0.065</duration>
          <className>TestNatDomain</className>
          <testName>TestCase02.test01</testName>
          <skipped>false</skipped>
          <failedSince>0</failedSince>
        </case>
        <case>
          <duration>0.067</duration>
          <className>TestNatDomain</className>
          <testName>TestCase03.test01</testName>
          <skipped>false</skipped>
          <failedSince>0</failedSince>
        </case>
      </cases>
    </suite>
    <suite>
      <file>/home/jenkins/workspace/Backend/CNE@3/test-results/TEST-rest-TestRestInitial.xml</file>
      <name>rest.TestRestInitial</name>
      <stdout>.</stdout>
      <stderr></stderr>
      <duration>10.312</duration>
      <timestamp>2019-10-31T08:51:50.727614</timestamp>
      <time>10.312</time>
      <enclosingBlocks/>
      <enclosingBlockNames/>
      <cases>
        <case>
          <duration>10.312</duration>
          <className>TestRestInitial</className>
          <testName>TestCase01.test01</testName>
          <skipped>false</skipped>
          <failedSince>0</failedSince>
        </case>
      </cases>
    </suite>
    <suite>
      <file>/home/jenkins/workspace/Backend/CNE@4/test-results/TEST-cli-TestRecoveryShell.xml</file>
      <name>cli.TestRecoveryShell</name>
      <stdout>
TestCase01.test01: command list and completion
.
TestCase01.test02: dir command and completion
.
TestCase01.test03: delete command
.
TestCase01.test04: check completion on show command
.
TestCase01.test05: check restore error options
.
TestCase01.test06: check that there aren&apos;t commands outside of the known set
.
TestCase01.test99: cleanup the entries from the run
.
TestCase02.test01: recovery shell is not for the config user
.
TestCase02.test02: when probe is stopped, recovery prompt from the config user says to log in as admin
Test test02 skipped in sandbox
.
TestCase03.test01: check for recsh start message, end message and an issuance of the help command
.</stdout>
      <stderr></stderr>
      <duration>3.64</duration>
      <timestamp>2019-10-31T08:51:54.150690</timestamp>
      <time>3.640</time>
      <enclosingBlocks/>
      <enclosingBlockNames/>
      <cases>
        <case>
          <duration>1.619</duration>
          <className>TestRecoveryShell</className>
          <testName>TestCase01.test01</testName>
          <skipped>false</skipped>
          <failedSince>0</failedSince>
        </case>
        <case>
          <duration>0.321</duration>
          <className>TestRecoveryShell</className>
          <testName>TestCase01.test02</testName>
          <skipped>false</skipped>
          <failedSince>0</failedSince>
        </case>
        <case>
          <duration>0.49</duration>
          <className>TestRecoveryShell</className>
          <testName>TestCase01.test03</testName>
          <skipped>false</skipped>
          <failedSince>0</failedSince>
        </case>
        <case>
          <duration>0.107</duration>
          <className>TestRecoveryShell</className>
          <testName>TestCase01.test04</testName>
          <skipped>false</skipped>
          <failedSince>0</failedSince>
        </case>
        <case>
          <duration>0.365</duration>
          <className>TestRecoveryShell</className>
          <testName>TestCase01.test05</testName>
          <skipped>false</skipped>
          <failedSince>0</failedSince>
        </case>
        <case>
          <duration>0.108</duration>
          <className>TestRecoveryShell</className>
          <testName>TestCase01.test06</testName>
          <skipped>false</skipped>
          <failedSince>0</failedSince>
        </case>
        <case>
          <duration>0.006</duration>
          <className>TestRecoveryShell</className>
          <testName>TestCase01.test99</testName>
          <skipped>false</skipped>
          <failedSince>0</failedSince>
        </case>
        <case>
          <duration>0.228</duration>
          <className>TestRecoveryShell</className>
          <testName>TestCase02.test01</testName>
          <skipped>false</skipped>
          <failedSince>0</failedSince>
        </case>
        <case>
          <duration>0.0</duration>
          <className>TestRecoveryShell</className>
          <testName>TestCase02.test02</testName>
          <skipped>false</skipped>
          <failedSince>0</failedSince>
        </case>
        <case>
          <duration>0.394</duration>
          <className>TestRecoveryShell</className>
          <testName>TestCase03.test01</testName>
          <skipped>false</skipped>
          <failedSince>0</failedSince>
        </case>
      </cases>
    </suite>
    <suite>
      <file>/home/jenkins/workspace/Backend/CNE@4/test-results/TEST-cli-TestGenerateCertificate.xml</file>
      <name>cli.TestGenerateCertificate</name>
      <stdout>.....</stdout>
      <stderr></stderr>
      <duration>4.251</duration>
      <timestamp>2019-10-31T08:51:58.706625</timestamp>
      <time>4.251</time>
      <enclosingBlocks/>
      <enclosingBlockNames/>
      <cases>
        <case>
          <duration>1.787</duration>
          <className>TestGenerateCertificate</className>
          <testName>TestCase01.test01</testName>
          <skipped>false</skipped>
          <failedSince>0</failedSince>
        </case>
        <case>
          <duration>0.015</duration>
          <className>TestGenerateCertificate</className>
          <testName>TestCase01.test02</testName>
          <skipped>false</skipped>
          <failedSince>0</failedSince>
        </case>
        <case>
          <duration>2.436</duration>
          <className>TestGenerateCertificate</className>
          <testName>TestCase01.test03</testName>
          <skipped>false</skipped>
          <failedSince>0</failedSince>
        </case>
        <case>
          <duration>0.007</duration>
          <className>TestGenerateCertificate</className>
          <testName>TestCase01.test04</testName>
          <skipped>false</skipped>
          <failedSince>0</failedSince>
        </case>
        <case>
          <duration>0.006</duration>
          <className>TestGenerateCertificate</className>
          <testName>TestCase01.test05</testName>
          <skipped>false</skipped>
          <failedSince>0</failedSince>
        </case>
      </cases>
    </suite>
    <suite>
      <file>/home/jenkins/workspace/Backend/CNE@12/test-results/TEST-cli-TestIPMIServices.xml</file>
      <name>cli.TestIPMIServices</name>
      <stdout>.Test test02 skipped in sandbox
.Test test03 skipped in sandbox
.</stdout>
      <stderr></stderr>
      <duration>1.768</duration>
      <timestamp>2019-10-31T08:52:05.194021</timestamp>
      <time>1.768</time>
      <enclosingBlocks/>
      <enclosingBlockNames/>
      <cases>
        <case>
          <duration>1.768</duration>
          <className>TestIPMIServices</className>
          <testName>TestCase01.test01</testName>
          <skipped>false</skipped>
          <failedSince>0</failedSince>
        </case>
        <case>
          <duration>0.0</duration>
          <className>TestIPMIServices</className>
          <testName>TestCase01.test02</testName>
          <skipped>false</skipped>
          <failedSince>0</failedSince>
        </case>
        <case>
          <duration>0.0</duration>
          <className>TestIPMIServices</className>
          <testName>TestCase01.test03</testName>
          <skipped>false</skipped>
          <failedSince>0</failedSince>
        </case>
      </cases>
    </suite>
    <suite>
      <file>/home/jenkins/workspace/Backend/CNE@6/test-results/TEST-cli-TestDir.xml</file>
      <name>cli.TestDir</name>
      <stdout>Clearing host config ...
......</stdout>
      <stderr></stderr>
      <duration>16.957</duration>
      <timestamp>2019-10-31T08:51:52.197521</timestamp>
      <time>16.957</time>
      <enclosingBlocks/>
      <enclosingBlockNames/>
      <cases>
        <case>
          <duration>16.866</duration>
          <className>TestDir</className>
          <testName>TestCase01.test01</testName>
          <skipped>false</skipped>
          <failedSince>0</failedSince>
        </case>
        <case>
          <duration>0.043</duration>
          <className>TestDir</className>
          <testName>TestCase01.test02</testName>
          <skipped>false</skipped>
          <failedSince>0</failedSince>
        </case>
        <case>
          <duration>0.024</duration>
          <className>TestDir</className>
          <testName>TestCase01.test03</testName>
          <skipped>false</skipped>
          <failedSince>0</failedSince>
        </case>
        <case>
          <duration>0.013</duration>
          <className>TestDir</className>
          <testName>TestCase01.test04</testName>
          <skipped>false</skipped>
          <failedSince>0</failedSince>
        </case>
        <case>
          <duration>0.0</duration>
          <className>TestDir</className>
          <testName>TestCase01.test05</testName>
          <skipped>false</skipped>
          <failedSince>0</failedSince>
        </case>
        <case>
          <duration>0.01</duration>
          <className>TestDir</className>
          <testName>TestCase01.test06</testName>
          <skipped>false</skipped>
          <failedSince>0</failedSince>
        </case>
      </cases>
    </suite>
    <suite>
      <file>/home/jenkins/workspace/Backend/CNE/test-results/TEST-cli-TestShowIPMI.xml</file>
      <name>cli.TestShowIPMI</name>
      <stdout>.............</stdout>
      <stderr></stderr>
      <duration>4.604</duration>
      <timestamp>2019-10-31T08:52:05.453912</timestamp>
      <time>4.604</time>
      <enclosingBlocks/>
      <enclosingBlockNames/>
      <cases>
        <case>
          <duration>4.381</duration>
          <className>TestShowIPMI</className>
          <testName>TestCase01.test01</testName>
          <skipped>false</skipped>
          <failedSince>0</failedSince>
        </case>
        <case>
          <duration>0.032</duration>
          <className>TestShowIPMI</className>
          <testName>TestCase01.test02</testName>
          <skipped>false</skipped>
          <failedSince>0</failedSince>
        </case>
        <case>
          <duration>0.027</duration>
          <className>TestShowIPMI</className>
          <testName>TestCase01.test03</testName>
          <skipped>false</skipped>
          <failedSince>0</failedSince>
        </case>
        <case>
          <duration>0.025</duration>
          <className>TestShowIPMI</className>
          <testName>TestCase01.test04</testName>
          <skipped>false</skipped>
          <failedSince>0</failedSince>
        </case>
        <case>
          <duration>0.02</duration>
          <className>TestShowIPMI</className>
          <testName>TestCase01.test05</testName>
          <skipped>false</skipped>
          <failedSince>0</failedSince>
        </case>
        <case>
          <duration>0.041</duration>
          <className>TestShowIPMI</className>
          <testName>TestCase01.test06</testName>
          <skipped>false</skipped>
          <failedSince>0</failedSince>
        </case>
        <case>
          <duration>0.029</duration>
          <className>TestShowIPMI</className>
          <testName>TestCase01.test07</testName>
          <skipped>false</skipped>
          <failedSince>0</failedSince>
        </case>
        <case>
          <duration>0.039</duration>
          <className>TestShowIPMI</className>
          <testName>TestCase01.test08</testName>
          <skipped>false</skipped>
          <failedSince>0</failedSince>
        </case>
        <case>
          <duration>0.002</duration>
          <className>TestShowIPMI</className>
          <testName>TestCase02.test01</testName>
          <skipped>false</skipped>
          <failedSince>0</failedSince>
        </case>
        <case>
          <duration>0.001</duration>
          <className>TestShowIPMI</className>
          <testName>TestCase02.test02</testName>
          <skipped>false</skipped>
          <failedSince>0</failedSince>
        </case>
        <case>
          <duration>0.001</duration>
          <className>TestShowIPMI</className>
          <testName>TestCase02.test03</testName>
          <skipped>false</skipped>
          <failedSince>0</failedSince>
        </case>
        <case>
          <duration>0.002</duration>
          <className>TestShowIPMI</className>
          <testName>TestCase02.test04</testName>
          <skipped>false</skipped>
          <failedSince>0</failedSince>
        </case>
        <case>
          <duration>0.001</duration>
          <className>TestShowIPMI</className>
          <testName>TestCase02.test05</testName>
          <skipped>false</skipped>
          <failedSince>0</failedSince>
        </case>
      </cases>
    </suite>
    <suite>
      <file>/home/jenkins/workspace/Backend/CNE@2/test-results/TEST-rest-TestRestTests.xml</file>
      <name>rest.TestRestTests</name>
      <stdout>.......Reason: 127, message: i1: i2
..</stdout>
      <stderr></stderr>
      <duration>0.635</duration>
      <timestamp>2019-10-31T08:52:12.659636</timestamp>
      <time>0.635</time>
      <enclosingBlocks/>
      <enclosingBlockNames/>
      <cases>
        <case>
          <duration>0.614</duration>
          <className>TestRestTests</className>
          <testName>TestCase01.test01</testName>
          <skipped>false</skipped>
          <failedSince>0</failedSince>
        </case>
        <case>
          <duration>0.002</duration>
          <className>TestRestTests</className>
          <testName>TestCase01.test02</testName>
          <skipped>false</skipped>
          <failedSince>0</failedSince>
        </case>
        <case>
          <duration>0.003</duration>
          <className>TestRestTests</className>
          <testName>TestCase01.test03</testName>
          <skipped>false</skipped>
          <failedSince>0</failedSince>
        </case>
        <case>
          <duration>0.003</duration>
          <className>TestRestTests</className>
          <testName>TestCase01.test04</testName>
          <skipped>false</skipped>
          <failedSince>0</failedSince>
        </case>
        <case>
          <duration>0.003</duration>
          <className>TestRestTests</className>
          <testName>TestCase01.test05</testName>
          <skipped>false</skipped>
          <failedSince>0</failedSince>
        </case>
        <case>
          <duration>0.003</duration>
          <className>TestRestTests</className>
          <testName>TestCase01.test06</testName>
          <skipped>false</skipped>
          <failedSince>0</failedSince>
        </case>
        <case>
          <duration>0.003</duration>
          <className>TestRestTests</className>
          <testName>TestCase01.test07</testName>
          <skipped>false</skipped>
          <failedSince>0</failedSince>
        </case>
        <case>
          <duration>0.003</duration>
          <className>TestRestTests</className>
          <testName>TestCase01.test08</testName>
          <skipped>false</skipped>
          <failedSince>0</failedSince>
        </case>
        <case>
          <duration>0.002</duration>
          <className>TestRestTests</className>
          <testName>TestCase01.test09</testName>
          <skipped>false</skipped>
          <failedSince>0</failedSince>
        </case>
      </cases>
    </suite>
    <suite>
      <file>/home/jenkins/workspace/Backend/CNE@2/test-results/TEST-capture-TestCpcXfsOpt.xml</file>
      <name>capture.TestCpcXfsOpt</name>
      <stdout>pct: 60 nfileDirs: 8 minG 54.04 maxG 54.44
pct: 75 nfileDirs: 8 minG 51.55 maxG 52.20
pct: 90 nfileDirs: 8 minG 48.45 maxG 49.51
pct: 100 nfileDirs: 8 minG 47.25 maxG 48.50
pct: 100 nfileDirs: 2 minG 36.80 maxG 58.52
pct: 75 nfileDirs: 2 minG 44.16 maxG 58.86
. AG count: 3 pct: 50 minG 1.63 maxG 1.63
 AG count: 3 pct: 75 minG 1.19 maxG 1.82
 AG count: 3 pct: 100 minG 1.19 maxG 1.82
 AG count: 15 pct: 50 minG 1.78 maxG 1.89
 AG count: 15 pct: 75 minG 1.56 maxG 1.83
 AG count: 15 pct: 100 minG 1.41 maxG 1.79
 AG count: 73 pct: 50 minG 1.73 maxG 1.94
 AG count: 73 pct: 75 minG 1.53 maxG 1.91
 AG count: 73 pct: 100 minG 1.17 maxG 1.95
.</stdout>
      <stderr></stderr>
      <duration>2.935</duration>
      <timestamp>2019-10-31T08:52:12.449968</timestamp>
      <time>2.935</time>
      <enclosingBlocks/>
      <enclosingBlockNames/>
      <cases>
        <case>
          <duration>2.244</duration>
          <className>TestCpcXfsOpt</className>
          <testName>TestCase01.test01</testName>
          <skipped>false</skipped>
          <failedSince>0</failedSince>
        </case>
        <case>
          <duration>0.69</duration>
          <className>TestCpcXfsOpt</className>
          <testName>TestCase01.test02</testName>
          <skipped>false</skipped>
          <failedSince>0</failedSince>
        </case>
      </cases>
    </suite>
    <suite>
      <file>/home/jenkins/workspace/Backend/CNE@2/test-results/TEST-capture-TestDetectCapture.xml</file>
      <name>capture.TestDetectCapture</name>
      <stdout>Test test01 skipped in sandbox
.Test test02 skipped in sandbox
.Test test03 skipped in sandbox
.Test test04 skipped in sandbox
.</stdout>
      <stderr></stderr>
      <duration>0.001</duration>
      <timestamp>2019-10-31T08:52:17.064194</timestamp>
      <time>0.001</time>
      <enclosingBlocks/>
      <enclosingBlockNames/>
      <cases>
        <case>
          <duration>0.0</duration>
          <className>TestDetectCapture</className>
          <testName>TestCase01.test01</testName>
          <skipped>false</skipped>
          <failedSince>0</failedSince>
        </case>
        <case>
          <duration>0.0</duration>
          <className>TestDetectCapture</className>
          <testName>TestCase01.test02</testName>
          <skipped>false</skipped>
          <failedSince>0</failedSince>
        </case>
        <case>
          <duration>0.0</duration>
          <className>TestDetectCapture</className>
          <testName>TestCase01.test03</testName>
          <skipped>false</skipped>
          <failedSince>0</failedSince>
        </case>
        <case>
          <duration>0.0</duration>
          <className>TestDetectCapture</className>
          <testName>TestCase01.test04</testName>
          <skipped>false</skipped>
          <failedSince>0</failedSince>
        </case>
      </cases>
    </suite>
    <suite>
      <file>/home/jenkins/workspace/Backend/CNE@11/test-results/TEST-capture-TestManualDetect.xml</file>
      <name>capture.TestManualDetect</name>
      <stdout>Test test01 skipped in sandbox
.</stdout>
      <stderr></stderr>
      <duration>0.0</duration>
      <timestamp>2019-10-31T08:52:20.412988</timestamp>
      <time>0.000</time>
      <enclosingBlocks/>
      <enclosingBlockNames/>
      <cases>
        <case>
          <duration>0.0</duration>
          <className>TestManualDetect</className>
          <testName>TestCase01.test01</testName>
          <skipped>false</skipped>
          <failedSince>0</failedSince>
        </case>
      </cases>
    </suite>
    <suite>
      <file>/home/jenkins/workspace/Backend/CNE/test-results/TEST-cli-TestDiskHealth.xml</file>
      <name>cli.TestDiskHealth</name>
      <stdout>........</stdout>
      <stderr></stderr>
      <duration>3.881</duration>
      <timestamp>2019-10-31T08:52:16.104198</timestamp>
      <time>3.881</time>
      <enclosingBlocks/>
      <enclosingBlockNames/>
      <cases>
        <case>
          <duration>2.509</duration>
          <className>TestDiskHealth</className>
          <testName>TestCase01.test01</testName>
          <skipped>false</skipped>
          <failedSince>0</failedSince>
        </case>
        <case>
          <duration>0.026</duration>
          <className>TestDiskHealth</className>
          <testName>TestCase01.test02</testName>
          <skipped>false</skipped>
          <failedSince>0</failedSince>
        </case>
        <case>
          <duration>0.019</duration>
          <className>TestDiskHealth</className>
          <testName>TestCase01.test03</testName>
          <skipped>false</skipped>
          <failedSince>0</failedSince>
        </case>
        <case>
          <duration>0.451</duration>
          <className>TestDiskHealth</className>
          <testName>TestCase01.test04</testName>
          <skipped>false</skipped>
          <failedSince>0</failedSince>
        </case>
        <case>
          <duration>0.017</duration>
          <className>TestDiskHealth</className>
          <testName>TestCase01.test05</testName>
          <skipped>false</skipped>
          <failedSince>0</failedSince>
        </case>
        <case>
          <duration>0.016</duration>
          <className>TestDiskHealth</className>
          <testName>TestCase02.test01</testName>
          <skipped>false</skipped>
          <failedSince>0</failedSince>
        </case>
        <case>
          <duration>0.511</duration>
          <className>TestDiskHealth</className>
          <testName>TestCase02.test02</testName>
          <skipped>false</skipped>
          <failedSince>0</failedSince>
        </case>
        <case>
          <duration>0.332</duration>
          <className>TestDiskHealth</className>
          <testName>TestCase02.test03</testName>
          <skipped>false</skipped>
          <failedSince>0</failedSince>
        </case>
      </cases>
    </suite>
    <suite>
      <file>/home/jenkins/workspace/Backend/CNE@3/test-results/TEST-cli-TestTests.xml</file>
      <name>cli.TestTests</name>
      <stdout>...........</stdout>
      <stderr></stderr>
      <duration>0.007</duration>
      <timestamp>2019-10-31T08:52:21.328236</timestamp>
      <time>0.007</time>
      <enclosingBlocks/>
      <enclosingBlockNames/>
      <cases>
        <case>
          <duration>0.001</duration>
          <className>TestTests</className>
          <testName>TestCase01.test01</testName>
          <skipped>false</skipped>
          <failedSince>0</failedSince>
        </case>
        <case>
          <duration>0.001</duration>
          <className>TestTests</className>
          <testName>TestCase01.test02</testName>
          <skipped>false</skipped>
          <failedSince>0</failedSince>
        </case>
        <case>
          <duration>0.0</duration>
          <className>TestTests</className>
          <testName>TestCase01.test03</testName>
          <skipped>false</skipped>
          <failedSince>0</failedSince>
        </case>
        <case>
          <duration>0.002</duration>
          <className>TestTests</className>
          <testName>TestCase01.test04</testName>
          <skipped>false</skipped>
          <failedSince>0</failedSince>
        </case>
        <case>
          <duration>0.001</duration>
          <className>TestTests</className>
          <testName>TestCase01.test05</testName>
          <skipped>false</skipped>
          <failedSince>0</failedSince>
        </case>
        <case>
          <duration>0.0</duration>
          <className>TestTests</className>
          <testName>TestCase01.test06</testName>
          <skipped>false</skipped>
          <failedSince>0</failedSince>
        </case>
        <case>
          <duration>0.0</duration>
          <className>TestTests</className>
          <testName>TestCase01.test07</testName>
          <skipped>false</skipped>
          <failedSince>0</failedSince>
        </case>
        <case>
          <duration>0.0</duration>
          <className>TestTests</className>
          <testName>TestCase01.test08</testName>
          <skipped>false</skipped>
          <failedSince>0</failedSince>
        </case>
        <case>
          <duration>0.0</duration>
          <className>TestTests</className>
          <testName>TestCase01.test09</testName>
          <skipped>false</skipped>
          <failedSince>0</failedSince>
        </case>
        <case>
          <duration>0.0</duration>
          <className>TestTests</className>
          <testName>TestCase01.test10</testName>
          <skipped>false</skipped>
          <failedSince>0</failedSince>
        </case>
        <case>
          <duration>0.0</duration>
          <className>TestTests</className>
          <testName>TestCase01.test11</testName>
          <skipped>false</skipped>
          <failedSince>0</failedSince>
        </case>
      </cases>
    </suite>
    <suite>
      <file>/home/jenkins/workspace/Backend/CNE/test-results/TEST-cli-TestNSLCDStop.xml</file>
      <name>cli.TestNSLCDStop</name>
      <stdout>.</stdout>
      <stderr></stderr>
      <duration>0.729</duration>
      <timestamp>2019-10-31T08:52:21.706573</timestamp>
      <time>0.729</time>
      <enclosingBlocks/>
      <enclosingBlockNames/>
      <cases>
        <case>
          <duration>0.729</duration>
          <className>TestNSLCDStop</className>
          <testName>TestCase_BQM_57481.test01</testName>
          <skipped>false</skipped>
          <failedSince>0</failedSince>
        </case>
      </cases>
    </suite>
    <suite>
      <file>/home/jenkins/workspace/Backend/CNE@8/test-results/TEST-rest-TestRestCMStandby.xml</file>
      <name>rest.TestRestCMStandby</name>
      <stdout>Test skipped on the CorvilNet Engine
.Test skipped on the CorvilNet Engine
.Test skipped on the CorvilNet Engine
.Test skipped on the CorvilNet Engine
.Test skipped on the CorvilNet Engine
.Test skipped on the CorvilNet Engine
.</stdout>
      <stderr></stderr>
      <duration>0.001</duration>
      <timestamp>2019-10-31T08:52:25.339517</timestamp>
      <time>0.001</time>
      <enclosingBlocks/>
      <enclosingBlockNames/>
      <cases>
        <case>
          <duration>0.0</duration>
          <className>TestRestCMStandby</className>
          <testName>TestCase01.test01</testName>
          <skipped>false</skipped>
          <failedSince>0</failedSince>
        </case>
        <case>
          <duration>0.0</duration>
          <className>TestRestCMStandby</className>
          <testName>TestCase01.test02</testName>
          <skipped>false</skipped>
          <failedSince>0</failedSince>
        </case>
        <case>
          <duration>0.0</duration>
          <className>TestRestCMStandby</className>
          <testName>TestCase01.test03</testName>
          <skipped>false</skipped>
          <failedSince>0</failedSince>
        </case>
        <case>
          <duration>0.0</duration>
          <className>TestRestCMStandby</className>
          <testName>TestCase01.test03_check_no_config_synchronization_on_standby</testName>
          <skipped>false</skipped>
          <failedSince>0</failedSince>
        </case>
        <case>
          <duration>0.0</duration>
          <className>TestRestCMStandby</className>
          <testName>TestCase02.test01</testName>
          <skipped>false</skipped>
          <failedSince>0</failedSince>
        </case>
        <case>
          <duration>0.0</duration>
          <className>TestRestCMStandby</className>
          <testName>TestCase02.test02</testName>
          <skipped>false</skipped>
          <failedSince>0</failedSince>
        </case>
      </cases>
    </suite>
    <suite>
      <file>/home/jenkins/workspace/Backend/CNE/test-results/TEST-capture-TestMessageData.xml</file>
      <name>capture.TestMessageData</name>
      <stdout>Test test01 skipped in sandbox
.Test test02 skipped in sandbox
.Test test03 skipped in sandbox
.Clearing config + waiting for captures to complete
Config set, sending traffic...
Waiting for captures to complete
Validating captures
Running cpccheck on /disk0/detect/702/channel--trader-cne---FabricPath-1572511305
Running cpccheck on /disk0/detect/703/channel-exchange--trader-cne-trader-all-packets-1572511305
Running cpccheck on /disk0/detect/702/channel-exchange--trader-cne-trader-just-messages-1572511305
Running cpccheck on /disk0/detect/703/channel-exchange--trader-cne-trader-just-messages-rr-1572511305
Running cpccheck on /disk0/detect/702/channel-exchange--trader-cne-trader-order-details-ack-only-1572511305
Running cpccheck on /disk0/detect/703/channel-trader-trader-cne--exchange-all-packets-1572511305
Running cpccheck on /disk0/detect/702/channel-trader-trader-cne--exchange-just-messages-1572511305
Running cpccheck on /disk0/detect/703/channel-trader-trader-cne--exchange-just-messages-rr-1572511305
Running cpccheck on /disk0/detect/702/channel-trader-trader-cne--exchange-order-details-ack-only-1572511305
Running cpccheck on /disk0/detect/702/channel--trader-cne---utpmd-1572511307
Running cpccheck on /disk0/detect/703/channel--trader-cne---export64bit-1572511303
Running cpccheck on /disk0/detect/703/channel--trader-cne---exportNewFields-1572511307
CMD1: event-client  -m 0:1100 -f 1000 399 1540888900000 1572597747999
CMD2:  /components/dist/common/bin/csv-message-export.sh -a 1000 399 1540888900000000000 1572597747999999999
CMD3:  /components/dist/common/bin/csv-message-export.sh -b -a 1000 399 1540888900000000000 1572597747999999999
filename:  acl-10.194.29.19
.CMD1: event-client  -m 0:1100 -f 1001 399 1540888977000 1572597777999
CMD2:  /components/dist/common/bin/csv-message-export.sh -a 1001 399 1540888977000000000 1572597777999999999
CMD3:  /components/dist/common/bin/csv-message-export.sh -b -a 1001 399 1540888977000000000 1572597777999999999
filename:  acl-10.1.11.100-rev
.CMD1: event-client  -m 0:1100 -f 1002 399 1540888980000 1572597780999
CMD2:  /components/dist/common/bin/csv-message-export.sh -a 1002 399 1540888980000000000 1572597780999999999
CMD3:  /components/dist/common/bin/csv-message-export.sh -b -a 1002 399 1540888980000000000 1572597780999999999
filename:  acl-srcdest
.CMD1: event-client  -m 0:1100 -f 1002 399 1540888982000 1572597782999
CMD2:  /components/dist/common/bin/csv-message-export.sh -a 1002 399 1540888982000000000 1572597782999999999
CMD3:  /components/dist/common/bin/csv-message-export.sh -b -a 1002 399 1540888982000000000 1572597782999999999
filename:  acl-srcdest
CMD1: event-client  -m 0:1100 -f 1003 399 1540888982000 1572597782999
CMD2:  /components/dist/common/bin/csv-message-export.sh -a 1003 399 1540888982000000000 1572597782999999999
CMD3:  /components/dist/common/bin/csv-message-export.sh -b -a 1003 399 1540888982000000000 1572597782999999999
filename:  acl-srcdest
.CMD1: event-client  -m 0:1100 -f 2000 399 1540888986000 1572597786999
CMD2:  /components/dist/common/bin/csv-message-export.sh -a 2000 399 1540888986000000000 1572597786999999999
CMD3:  /components/dist/common/bin/csv-message-export.sh -b -a 2000 399 1540888986000000000 1572597786999999999
filename:  acl-modify-order
[&apos;        Modify Order (5MO-AC)|            9EF5B9F7|                  B|                  IE|           EUR|         198| 10.194.29.39:10506 -&gt; 194.169.15.11:61100|&apos;, &apos;        Modify Order (5MO-AC)|            883B75BF|                  B|                  IE|           EUR|         198| 10.194.29.39:10507 -&gt; 194.169.15.11:61100|&apos;, &apos;        Modify Order (5MO-AC)|            03E4DDCE|                  S|                  IE|           EUR|         198| 10.194.29.39:10507 -&gt; 194.169.15.11:61100|&apos;, &apos;        Modify Order (5MO-AC)|            484272D2|                  S|                  IE|           EUR|         198| 10.194.29.39:10504 -&gt; 194.169.15.11:61100|&apos;, &apos;        Modify Order (5MO-AC)|            BA4D939C|                  B|                  FR|           EUR|         198| 10.194.29.39:10505 -&gt; 194.169.15.11:61100|&apos;, &apos;        Modify Order (5MO-AC)|            BD878444|                  S|                  FR|           EUR|         198| 10.194.29.39:10505 -&gt; 194.169.15.11:61100|&apos;, &apos;        Modify Order (5MO-AC)|            7D337A56|                  B|                  FR|           EUR|         198| 10.194.29.39:10505 -&gt; 194.169.15.11:61100|&apos;, &apos;        Modify Order (5MO-AC)|            1EC970FE|                  S|                  FR|           EUR|         198| 10.194.29.39:10504 -&gt; 194.169.15.11:61100|&apos;, &apos;        Modify Order (5MO-AC)|            C930E7EA|                  S|                  IE|           EUR|         198| 10.194.29.39:10505 -&gt; 194.169.15.11:61100|&apos;, &apos;        Modify Order (5MO-AC)|            DC8E53B4|                  B|                  FR|           EUR|         198| 10.194.29.39:10506 -&gt; 194.169.15.11:61100|&apos;, &apos;        Modify Order (5MO-AC)|            FF13F8F0|                  S|                  FR|           EUR|         198| 10.194.29.39:10505 -&gt; 194.169.15.11:61100|&apos;, &apos;        Modify Order (5MO-AC)|            0A983DE6|                  B|                  IE|           EUR|         198| 10.194.29.39:10505 -&gt; 194.169.15.11:61100|&apos;, &apos;        Modify Order (5MO-AC)|            746C00B7|                  S|                  IE|           EUR|         198| 10.194.29.39:10504 -&gt; 194.169.15.11:61100|&apos;, &apos;        Modify Order (5MO-AC)|            224824C4|                  S|                  IE|           EUR|         198| 10.194.29.39:10507 -&gt; 194.169.15.11:61100|&apos;, &apos;        Modify Order (5MO-AC)|            987AEE22|                  B|                  IE|           EUR|         198| 10.194.29.39:10506 -&gt; 194.169.15.11:61100|&apos;, &apos;        Modify Order (5MO-AC)|            3ACEABF7|                  B|                  IE|           EUR|         198| 10.194.29.39:10505 -&gt; 194.169.15.11:61100|&apos;, &apos;        Modify Order (5MO-AC)|            58DA8E4C|                  S|                  IE|           EUR|         198| 10.194.29.39:10506 -&gt; 194.169.15.11:61100|&apos;, &apos;        Modify Order (5MO-AC)|            511F686B|                  B|                  LU|           EUR|         198| 10.194.29.39:10505 -&gt; 194.169.15.11:61100|&apos;, &apos;        Modify Order (5MO-AC)|            AFA8D509|                  S|                  LU|           EUR|         198| 10.194.29.39:10506 -&gt; 194.169.15.11:61100|&apos;, &apos;        Modify Order (5MO-AC)|            36E0FC8A|                  S|                  FR|           EUR|         198| 10.194.29.39:10506 -&gt; 194.169.15.11:61100|&apos;, &apos;        Modify Order (5MO-AC)|            1B160134|                  B|                  FR|           EUR|         198| 10.194.29.39:10507 -&gt; 194.169.15.11:61100|&apos;, &apos;        Modify Order (5MO-AC)|            5B2D24CC|                  S|                  FR|           EUR|         198| 10.194.29.39:10504 -&gt; 194.169.15.11:61100|&apos;, &apos;        Modify Order (5MO-AC)|            266DABAB|                  B|                  FR|           EUR|         198| 10.194.29.39:10507 -&gt; 194.169.15.11:61100|&apos;, &apos;        Modify Order (5MO-AC)|            8751E084|                  B|                  IE|           EUR|         198| 10.194.29.39:10506 -&gt; 194.169.15.11:61100|&apos;, &apos;        Modify Order (5MO-AC)|            CAE3D712|                  S|                  IE|           EUR|         198| 10.194.29.39:10507 -&gt; 194.169.15.11:61100|&apos;, &apos;        Modify Order (5MO-AC)|            F245E67A|                  S|                  IE|           EUR|         198| 10.194.29.39:10506 -&gt; 194.169.15.11:61100|&apos;, &apos;        Modify Order (5MO-AC)|            F2FDACA6|                  B|                  IE|           EUR|         198| 10.194.29.39:10507 -&gt; 194.169.15.11:61100|&apos;, &apos;        Modify Order (5MO-AC)|            66612B16|                  S|                  IE|           EUR|         198| 10.194.29.39:10504 -&gt; 194.169.15.11:61100|&apos;, &apos;        Modify Order (5MO-AC)|            770B65DA|                  B|                  FR|           EUR|         198| 10.194.29.39:10507 -&gt; 194.169.15.11:61100|&apos;, &apos;        Modify Order (5MO-AC)|            81C4AF5A|                  S|                  FR|           EUR|         198| 10.194.29.39:10504 -&gt; 194.169.15.11:61100|&apos;, &apos;        Modify Order (5MO-AC)|            EB6B56CB|                  B|                  FR|           EUR|         198| 10.194.29.39:10505 -&gt; 194.169.15.11:61100|&apos;, &apos;        Modify Order (5MO-AC)|            6B159968|                  S|                  FR|           EUR|         198| 10.194.29.39:10505 -&gt; 194.169.15.11:61100|&apos;, &apos;        Modify Order (5MO-AC)|            FCECD0F3|                  B|                  IE|           EUR|         198| 10.194.29.39:10507 -&gt; 194.169.15.11:61100|&apos;, &apos;        Modify Order (5MO-AC)|            430681A9|                  B|                  IE|           EUR|         198| 10.194.29.39:10507 -&gt; 194.169.15.11:61100|&apos;, &apos;        Modify Order (5MO-AC)|            E4A9E04F|                  B|                  IE|           EUR|         198| 10.194.29.39:10504 -&gt; 194.169.15.11:61100|&apos;, &apos;        Modify Order (5MO-AC)|            3CD181A2|                  S|                  IE|           EUR|         198| 10.194.29.39:10505 -&gt; 194.169.15.11:61100|&apos;, &apos;        Modify Order (5MO-AC)|            7E49CE13|                  B|                  IE|           EUR|         198| 10.194.29.39:10507 -&gt; 194.169.15.11:61100|&apos;, &apos;        Modify Order (5MO-AC)|            1C0597C5|                  S|                  IE|           EUR|         198| 10.194.29.39:10506 -&gt; 194.169.15.11:61100|&apos;, &apos;        Modify Order (5MO-AC)|            881C4710|                  B|                  IE|           EUR|         198| 10.194.29.39:10504 -&gt; 194.169.15.11:61100|&apos;, &apos;        Modify Order (5MO-AC)|            EB098516|                  S|                  IE|           EUR|         198| 10.194.29.39:10505 -&gt; 194.169.15.11:61100|&apos;, &apos;&apos;]
.CMD1: event-client  -m 0:1100 -f 2001 399 1540888989000 1572597789999
CMD2:  /components/dist/common/bin/csv-message-export.sh -a 2001 399 1540888989000000000 1572597789999999999
CMD3:  /components/dist/common/bin/csv-message-export.sh -b -a 2001 399 1540888989000000000 1572597789999999999
filename:  acl-buy-value
[&apos;        Modify Order (5MO-AC)|            9EF5B9F7|                  B|                  IE|           EUR|         198| 10.194.29.39:10506 -&gt; 194.169.15.11:61100|&apos;, &apos;        Modify Order (5MO-AC)|            883B75BF|                  B|                  IE|           EUR|         198| 10.194.29.39:10507 -&gt; 194.169.15.11:61100|&apos;, &apos;         Enter Order (5EO-AE)|            971A0DA2|                  B|                  IE|           EUR|         218| 10.194.29.39:10505 -&gt; 194.169.15.11:61100|&apos;, &apos;        Modify Order (5MO-AC)|            0A983DE6|                  B|                  IE|           EUR|         198| 10.194.29.39:10505 -&gt; 194.169.15.11:61100|&apos;, &apos;        Modify Order (5MO-AC)|            987AEE22|                  B|                  IE|           EUR|         198| 10.194.29.39:10506 -&gt; 194.169.15.11:61100|&apos;, &apos;        Modify Order (5MO-AC)|            3ACEABF7|                  B|                  IE|           EUR|         198| 10.194.29.39:10505 -&gt; 194.169.15.11:61100|&apos;, &apos;         Enter Order (5EO-AE)|            A378198F|                  B|                  LU|           EUR|         218| 10.194.29.39:10505 -&gt; 194.169.15.11:61100|&apos;, &apos;        Modify Order (5MO-AC)|            511F686B|                  B|                  LU|           EUR|         198| 10.194.29.39:10505 -&gt; 194.169.15.11:61100|&apos;, &apos;        Modify Order (5MO-AC)|            8751E084|                  B|                  IE|           EUR|         198| 10.194.29.39:10506 -&gt; 194.169.15.11:61100|&apos;, &apos;         Enter Order (5EO-AE)|            59E9A43A|                  B|                  IE|           EUR|         218| 10.194.29.39:10506 -&gt; 194.169.15.11:61100|&apos;, &apos;        Modify Order (5MO-AC)|            F2FDACA6|                  B|                  IE|           EUR|         198| 10.194.29.39:10507 -&gt; 194.169.15.11:61100|&apos;, &apos;        Modify Order (5MO-AC)|            FCECD0F3|                  B|                  IE|           EUR|         198| 10.194.29.39:10507 -&gt; 194.169.15.11:61100|&apos;, &apos;         Enter Order (5EO-AE)|            0188F708|                  B|                  IE|           EUR|         218| 10.194.29.39:10504 -&gt; 194.169.15.11:61100|&apos;, &apos;        Modify Order (5MO-AC)|            430681A9|                  B|                  IE|           EUR|         198| 10.194.29.39:10507 -&gt; 194.169.15.11:61100|&apos;, &apos;        Modify Order (5MO-AC)|            E4A9E04F|                  B|                  IE|           EUR|         198| 10.194.29.39:10504 -&gt; 194.169.15.11:61100|&apos;, &apos;        Modify Order (5MO-AC)|            7E49CE13|                  B|                  IE|           EUR|         198| 10.194.29.39:10507 -&gt; 194.169.15.11:61100|&apos;, &apos;        Modify Order (5MO-AC)|            881C4710|                  B|                  IE|           EUR|         198| 10.194.29.39:10504 -&gt; 194.169.15.11:61100|&apos;, &apos;&apos;]
.Test test10 skipped in sandbox
.Test test11 skipped in sandbox
.Test test12 skipped in sandbox
.Test test13 skipped in sandbox
.CMD1: event-client  -m 0:1100 -f 2001 399 1540888992000 1572597792999
CMD2:  /components/dist/common/bin/csv-message-export.sh -a 2001 399 1540888992000000000 1572597792999999999
CMD3:  /components/dist/common/bin/csv-message-export.sh -b -a 2001 399 1540888992000000000 1572597792999999999
filename:  acl-buy-value
[&apos;        Modify Order (5MO-AC)|            9EF5B9F7|                  B|                  IE|           EUR|         198| 10.194.29.39:10506 -&gt; 194.169.15.11:61100|&apos;, &apos;        Modify Order (5MO-AC)|            883B75BF|                  B|                  IE|           EUR|         198| 10.194.29.39:10507 -&gt; 194.169.15.11:61100|&apos;, &apos;         Enter Order (5EO-AE)|            971A0DA2|                  B|                  IE|           EUR|         218| 10.194.29.39:10505 -&gt; 194.169.15.11:61100|&apos;, &apos;        Modify Order (5MO-AC)|            0A983DE6|                  B|                  IE|           EUR|         198| 10.194.29.39:10505 -&gt; 194.169.15.11:61100|&apos;, &apos;        Modify Order (5MO-AC)|            987AEE22|                  B|                  IE|           EUR|         198| 10.194.29.39:10506 -&gt; 194.169.15.11:61100|&apos;, &apos;        Modify Order (5MO-AC)|            3ACEABF7|                  B|                  IE|           EUR|         198| 10.194.29.39:10505 -&gt; 194.169.15.11:61100|&apos;, &apos;         Enter Order (5EO-AE)|            A378198F|                  B|                  LU|           EUR|         218| 10.194.29.39:10505 -&gt; 194.169.15.11:61100|&apos;, &apos;        Modify Order (5MO-AC)|            511F686B|                  B|                  LU|           EUR|         198| 10.194.29.39:10505 -&gt; 194.169.15.11:61100|&apos;, &apos;        Modify Order (5MO-AC)|            8751E084|                  B|                  IE|           EUR|         198| 10.194.29.39:10506 -&gt; 194.169.15.11:61100|&apos;, &apos;         Enter Order (5EO-AE)|            59E9A43A|                  B|                  IE|           EUR|         218| 10.194.29.39:10506 -&gt; 194.169.15.11:61100|&apos;, &apos;        Modify Order (5MO-AC)|            F2FDACA6|                  B|                  IE|           EUR|         198| 10.194.29.39:10507 -&gt; 194.169.15.11:61100|&apos;, &apos;        Modify Order (5MO-AC)|            FCECD0F3|                  B|                  IE|           EUR|         198| 10.194.29.39:10507 -&gt; 194.169.15.11:61100|&apos;, &apos;         Enter Order (5EO-AE)|            0188F708|                  B|                  IE|           EUR|         218| 10.194.29.39:10504 -&gt; 194.169.15.11:61100|&apos;, &apos;        Modify Order (5MO-AC)|            430681A9|                  B|                  IE|           EUR|         198| 10.194.29.39:10507 -&gt; 194.169.15.11:61100|&apos;, &apos;        Modify Order (5MO-AC)|            E4A9E04F|                  B|                  IE|           EUR|         198| 10.194.29.39:10504 -&gt; 194.169.15.11:61100|&apos;, &apos;        Modify Order (5MO-AC)|            7E49CE13|                  B|                  IE|           EUR|         198| 10.194.29.39:10507 -&gt; 194.169.15.11:61100|&apos;, &apos;        Modify Order (5MO-AC)|            881C4710|                  B|                  IE|           EUR|         198| 10.194.29.39:10504 -&gt; 194.169.15.11:61100|&apos;, &apos;&apos;]
..Test test01 skipped in sandbox
.Sending traffic
E.
TestCase02.test04: BQM-19218: check message format for asscii payload
.
TestCase02.test05: BQM-23607: check context for pagination
Waiting for captures...
.
TestCase02.test06: BQM-23688 Check we use a different flow tracker in each TCP direction
Waiting for captures...
Event Retrieval Command:   -P 0:1 rt-class/basic//local-cne//OOS/class-default 10000000 1572511541000 1 TCP_PKT_COUNT,TCP_OUT_OF_SEQ_PKT_COUNT,TCP_OUT_OF_ORDER_PKT_COUNT,TCP_RETRANSMIT_PKT_COUNT
Checking mp rt-class/basic//local-cne//OOS/class-default got et output of {&apos;TCP_PKT_COUNT&apos;: {&apos;factor&apos;: &apos;1&apos;, &apos;data&apos;: [[&apos;3&apos;]], &apos;summary&apos;: {&apos;min&apos;: &apos;3&apos;, &apos;mean&apos;: &apos;3&apos;, &apos;max&apos;: &apos;3&apos;}}, &apos;TCP_OUT_OF_SEQ_PKT_COUNT&apos;: {&apos;factor&apos;: &apos;1&apos;, &apos;data&apos;: [[&apos;1&apos;]], &apos;summary&apos;: {&apos;min&apos;: &apos;1&apos;, &apos;mean&apos;: &apos;1&apos;, &apos;max&apos;: &apos;1&apos;}}, &apos;TCP_OUT_OF_ORDER_PKT_COUNT&apos;: {&apos;factor&apos;: &apos;1&apos;, &apos;data&apos;: [[&apos;0&apos;]], &apos;summary&apos;: {&apos;min&apos;: &apos;0&apos;, &apos;mean&apos;: &apos;0&apos;, &apos;max&apos;: &apos;0&apos;}}, &apos;TCP_RETRANSMIT_PKT_COUNT&apos;: {&apos;factor&apos;: &apos;1&apos;, &apos;data&apos;: [[&apos;1&apos;]], &apos;summary&apos;: {&apos;min&apos;: &apos;1&apos;, &apos;mean&apos;: &apos;1&apos;, &apos;max&apos;: &apos;1&apos;}}, &apos;tables&apos;: [[{&apos;Timestamp&apos;: &apos;1.572511483161549E12&apos;, &apos;Dir&apos;: &apos;&lt;&apos;, &apos;Application&apos;: &apos;myFix&apos;, &apos;Source Address&apos;: &apos;192.168.1.1&apos;, &apos;Source Port&apos;: &apos;0&apos;, &apos;Destination Address&apos;: &apos;192.168.0.5&apos;, &apos;Destination Port&apos;: &apos;0&apos;, &apos;IP Protocol&apos;: &apos;TCP&apos;, &apos;TCP Sequence Number&apos;: &apos;4000&apos;, &apos;TCP Ack Number&apos;: &apos;0&apos;, &apos;TCP Advertised Window Size&apos;: &apos;(5840)&apos;, &apos;TCP Goodput&apos;: &apos;0&apos;, &apos;IP DSCP&apos;: &apos;default&apos;, &apos;IP ECN&apos;: &apos;Not-ECT&apos;, &apos;IP Length&apos;: &apos;98&apos;, &apos;IP ID&apos;: &apos;0&apos;, &apos;IP TTL&apos;: &apos;255&apos;, &apos;IP Checksum&apos;: &apos;0xF93E&apos;, &apos;TCP Flags&apos;: &apos;ACK&apos;, &apos;TCP Checksum&apos;: &apos;0x0000&apos;, &apos;MAC Source&apos;: &apos;02:02:03:04:05:06&apos;, &apos;MAC Destination&apos;: &apos;06:05:04:03:02:01&apos;, &apos;Ethertype&apos;: &apos;0x0800&apos;, &apos;Packet Size&apos;: &apos;112&apos;, &apos;Packet Size - EQ/CB&apos;: &apos;98&apos;, &apos;Payload Size&apos;: &apos;58&apos;, &apos;CNE Port&apos;: &apos;PortA&apos;}]]}
Event Retrieval Command:    rt-class/basic//local-cne//OOS/class-default 10000000 1572511549000 1 TCP_PKT_COUNT,TCP_OUT_OF_SEQ_PKT_COUNT,TCP_OUT_OF_ORDER_PKT_COUNT,TCP_RETRANSMIT_PKT_COUNT
Event Retrieval Command:   -P 0:1 rt-class//local-cne//basic/OOS/class-default 10000000 1572511551000 1 TCP_PKT_COUNT,TCP_OUT_OF_SEQ_PKT_COUNT,TCP_OUT_OF_ORDER_PKT_COUNT,TCP_RETRANSMIT_PKT_COUNT
Checking mp rt-class//local-cne//basic/OOS/class-default got et output of {&apos;TCP_PKT_COUNT&apos;: {&apos;factor&apos;: &apos;1&apos;, &apos;data&apos;: [[&apos;5&apos;]], &apos;summary&apos;: {&apos;min&apos;: &apos;5&apos;, &apos;mean&apos;: &apos;5&apos;, &apos;max&apos;: &apos;5&apos;}}, &apos;TCP_OUT_OF_SEQ_PKT_COUNT&apos;: {&apos;factor&apos;: &apos;1&apos;, &apos;data&apos;: [[&apos;1&apos;]], &apos;summary&apos;: {&apos;min&apos;: &apos;1&apos;, &apos;mean&apos;: &apos;1&apos;, &apos;max&apos;: &apos;1&apos;}}, &apos;TCP_OUT_OF_ORDER_PKT_COUNT&apos;: {&apos;factor&apos;: &apos;1&apos;, &apos;data&apos;: [[&apos;1&apos;]], &apos;summary&apos;: {&apos;min&apos;: &apos;1&apos;, &apos;mean&apos;: &apos;1&apos;, &apos;max&apos;: &apos;1&apos;}}, &apos;TCP_RETRANSMIT_PKT_COUNT&apos;: {&apos;factor&apos;: &apos;1&apos;, &apos;data&apos;: [[&apos;0&apos;]], &apos;summary&apos;: {&apos;min&apos;: &apos;0&apos;, &apos;mean&apos;: &apos;0&apos;, &apos;max&apos;: &apos;0&apos;}}, &apos;tables&apos;: [[{&apos;Timestamp&apos;: &apos;1.572511483161549E12&apos;, &apos;Application&apos;: &apos;myFix&apos;, &apos;Source Address&apos;: &apos;192.168.1.1&apos;, &apos;Source Port&apos;: &apos;0&apos;, &apos;Destination Address&apos;: &apos;192.168.0.5&apos;, &apos;Destination Port&apos;: &apos;0&apos;, &apos;IP Protocol&apos;: &apos;TCP&apos;, &apos;TCP Sequence Number&apos;: &apos;4000&apos;, &apos;TCP Ack Number&apos;: &apos;0&apos;, &apos;TCP Advertised Window Size&apos;: &apos;(5840)&apos;, &apos;TCP Goodput&apos;: &apos;0&apos;, &apos;IP DSCP&apos;: &apos;default&apos;, &apos;IP ECN&apos;: &apos;Not-ECT&apos;, &apos;IP Length&apos;: &apos;98&apos;, &apos;IP ID&apos;: &apos;0&apos;, &apos;IP TTL&apos;: &apos;255&apos;, &apos;IP Checksum&apos;: &apos;0xF93E&apos;, &apos;TCP Flags&apos;: &apos;ACK&apos;, &apos;TCP Checksum&apos;: &apos;0x0000&apos;, &apos;MAC Source&apos;: &apos;02:02:03:04:05:06&apos;, &apos;MAC Destination&apos;: &apos;06:05:04:03:02:01&apos;, &apos;Ethertype&apos;: &apos;0x0800&apos;, &apos;Packet Size&apos;: &apos;112&apos;, &apos;Packet Size - EQ/CB&apos;: &apos;98&apos;, &apos;Payload Size&apos;: &apos;58&apos;, &apos;CNE Port&apos;: &apos;PortA&apos;}]]}
Event Retrieval Command:    rt-class//local-cne//basic/OOS/class-default 10000000 1572511552000 1 TCP_PKT_COUNT,TCP_OUT_OF_SEQ_PKT_COUNT,TCP_OUT_OF_ORDER_PKT_COUNT,TCP_RETRANSMIT_PKT_COUNT
.
TestCase02.test07
Waiting for captures...
Event Retrieval Command:   -P 0:50 rt-class//local-cne///PortA/class-default 0000 1572511567000 
Event Retrieval Command:   -P 0:50 rt-class//local-cne///PortA/class-default 0000 1572511570000 
.
TestCase02.test08
Waiting for captures...
Event Retrieval Command:   -P 0:50 rt-class//local-cne///PortA/class-default 0000 1572511584000 
Event Retrieval Command:   -P 0:50 rt-class//local-cne///PortA/class-default 0000 1572511586000 
.Event Retrieval Command:   -m 0:50 rt-class//local-cne///Mines/class-default 0000 1572511643000 
.
TestCase02.test10
Waiting for captures...
Event Retrieval Command:   -P 0:50 rt-class//local-cne///PortA/class-default 0000 1572511688000 
.
TestCase02.test11: Test Summary message on connection close
Testing session &apos;FINFIN&apos;
Event Retrieval Command:   -m 0:50 rt-class/FINFIN/local-cne///FINFIN/class-default 0000 1572511748000 
Testing session &apos;FINRST&apos;
Event Retrieval Command:   -m 0:50 rt-class/FINRST/local-cne///FINRST/class-default 0000 1572511752000 
Testing session &apos;RSTFIN&apos;
Event Retrieval Command:   -m 0:50 rt-class/RSTFIN/local-cne///RSTFIN/class-default 0000 1572511753000 
Testing session &apos;RSTRST&apos;
Event Retrieval Command:   -m 0:50 rt-class/RSTRST/local-cne///RSTRST/class-default 0000 1572511754000 
Testing session &apos;FINDFIND&apos;
Event Retrieval Command:   -m 0:50 rt-class/FINDFIND/local-cne///FINDFIND/class-default 0000 1572511754000 
Testing session &apos;FINFINFAIL&apos;
Event Retrieval Command:   -m 0:50 rt-class/FINFINFAIL/local-cne///FINFINFAIL/class-default 0000 1572511755000 
Testing session &apos;FINDFINDFAIL&apos;
Event Retrieval Command:   -m 0:50 rt-class/FINDFINDFAIL/local-cne///FINDFINDFAIL/class-default 0000 1572511756000 
Testing session &apos;noSummary&apos;
Event Retrieval Command:   -m 0:50 rt-class/noSummary/local-cne///noSummary/class-default 0000 1572511757000 
Testing session &apos;FINFINMD&apos;
Event Retrieval Command:   -m 0:50 rt-class/FINFINMD/local-cne///FINFINMD/class-default 0000 1572511757000 
Testing session &apos;FINDFINDMD&apos;
Event Retrieval Command:   -m 0:50 rt-class/FINDFINDMD/local-cne///FINDFINDMD/class-default 0000 1572511758000 
.
TestCase02.test12: Test First Payload
Event Retrieval Command:   -m 0:50 rt-class/HTTP-Normal/local-cne///HTTP-Normal/class-default 0000 1572511865000 
Event Retrieval Command:   -m 0:50 rt-class/ServerTalksFirst/local-cne///ServerTalksFirst/class-default 0000 1572511870000 
.
TestCase02.test13_ip_flows_topn: BQM-61828 Properly identify IP flows when reading from CPC
Event Retrieval Command:    rt-class//local-cne///PortA/class-default 0000 1572512263000 1 PACKET_COUNT,TOP_CONVERSATIONS
F</stdout>
      <stderr></stderr>
      <duration>688.15</duration>
      <timestamp>2019-10-31T08:41:18.216488</timestamp>
      <time>688.150</time>
      <enclosingBlocks/>
      <enclosingBlockNames/>
      <cases>
        <case>
          <duration>0.0</duration>
          <className>TestMessageData</className>
          <testName>TestCase01.test01</testName>
          <skipped>false</skipped>
          <failedSince>0</failedSince>
        </case>
        <case>
          <duration>0.0</duration>
          <className>TestMessageData</className>
          <testName>TestCase01.test02</testName>
          <skipped>false</skipped>
          <failedSince>0</failedSince>
        </case>
        <case>
          <duration>0.0</duration>
          <className>TestMessageData</className>
          <testName>TestCase01.test03</testName>
          <skipped>false</skipped>
          <failedSince>0</failedSince>
        </case>
        <case>
          <duration>99.401</duration>
          <className>TestMessageData</className>
          <testName>TestCase01.test04</testName>
          <skipped>false</skipped>
          <failedSince>0</failedSince>
        </case>
        <case>
          <duration>3.306</duration>
          <className>TestMessageData</className>
          <testName>TestCase01.test05</testName>
          <skipped>false</skipped>
          <failedSince>0</failedSince>
        </case>
        <case>
          <duration>1.894</duration>
          <className>TestMessageData</className>
          <testName>TestCase01.test06</testName>
          <skipped>false</skipped>
          <failedSince>0</failedSince>
        </case>
        <case>
          <duration>3.938</duration>
          <className>TestMessageData</className>
          <testName>TestCase01.test07</testName>
          <skipped>false</skipped>
          <failedSince>0</failedSince>
        </case>
        <case>
          <duration>2.884</duration>
          <className>TestMessageData</className>
          <testName>TestCase01.test08</testName>
          <skipped>false</skipped>
          <failedSince>0</failedSince>
        </case>
        <case>
          <duration>2.759</duration>
          <className>TestMessageData</className>
          <testName>TestCase01.test09</testName>
          <skipped>false</skipped>
          <failedSince>0</failedSince>
        </case>
        <case>
          <duration>0.0</duration>
          <className>TestMessageData</className>
          <testName>TestCase01.test10</testName>
          <skipped>false</skipped>
          <failedSince>0</failedSince>
        </case>
        <case>
          <duration>0.0</duration>
          <className>TestMessageData</className>
          <testName>TestCase01.test11</testName>
          <skipped>false</skipped>
          <failedSince>0</failedSince>
        </case>
        <case>
          <duration>0.0</duration>
          <className>TestMessageData</className>
          <testName>TestCase01.test12</testName>
          <skipped>false</skipped>
          <failedSince>0</failedSince>
        </case>
        <case>
          <duration>0.0</duration>
          <className>TestMessageData</className>
          <testName>TestCase01.test13</testName>
          <skipped>false</skipped>
          <failedSince>0</failedSince>
        </case>
        <case>
          <duration>2.229</duration>
          <className>TestMessageData</className>
          <testName>TestCase01.test14</testName>
          <skipped>false</skipped>
          <failedSince>0</failedSince>
        </case>
        <case>
          <duration>2.053</duration>
          <className>TestMessageData</className>
          <testName>TestCase01.test15</testName>
          <skipped>false</skipped>
          <failedSince>0</failedSince>
        </case>
        <case>
          <duration>0.0</duration>
          <className>TestMessageData</className>
          <testName>TestCase02.test01</testName>
          <skipped>false</skipped>
          <failedSince>0</failedSince>
        </case>
        <case>
          <duration>3.995</duration>
          <className>TestMessageData</className>
          <testName>TestCase02.test02</testName>
          <skipped>false</skipped>
          <errorStackTrace>Traceback (most recent call last):
  File &quot;/components/cna/host/src/probed/test/capture/TestMessageData.py&quot;, line 624, in test02
    ).contains(r&quot;- +683 packets, 658,024 bytes&quot;
  File &quot;/components/probed/test/testcases/probe.py&quot;, line 1322, in contains
    raise CmdOutputNotFoundException(self, message)
probe.CmdOutputNotFoundException: Command: show channel label FabricPath messages last 1
Had this output: session FabricPath
  legacy-gui-only
  session-operation online
  attached-port PortA PortB PortC PortD
  session-type unidirectional
  no bandwidth
  event-storage default
  filter-class FabricPath
  no pnqm-relative-latency
  link-adjust 0
  use-tcp-rtt auto
  use-tcp-art both
  use-tcp-sci auto
  use-eq-sci auto
  display-name auto
  pnqm-display-name auto
  measure-messages
  classification-policy default
  no configurable-stats
  pnqm-require-clock-sync use-global
  no filter-session-key
  no session-discovery
  trace-events always-on snaplength ALL
  include-decode-failures

    Traffic Stats  - 3.3 Mbps mean message bit-rate
                   - 5.2 Mbps, 677 mps 1s peak
                   - 21.3 Mbps, 3.4 kmps 5ms peak
                   - 10.2 Mbps, 1.4 kmps 50ms peak (configured)
                   - 678 packets, 650,524 bytes

    class class-default
      Packet Stats   - 678 packets, 650,524 bytes
      Message Stats  - 0 message decode failures
                     - 678 messages
                     - 3.3 Mbps mean message bit-rate
                     - 5.2 Mbps, 677 mps 1s peak
                     - 21.3 Mbps, 3.4 kmps 5ms peak
                     - 10.2 Mbps, 1.4 kmps 50ms peak (configured)
                     - 9.3 Mbps, 1.2 kmps 500ms peak (delay target)
      Time                Source                Destination           Prot Msg in Pkt#
      08:43:19.606800954  6C:9C:ED:45:E8:B6     01:80:C2:00:00:41     22F4 0
        rt-class//local-cne///FabricPath/class-default
        Message Protocol: EthernetPayload   Message Type: Ethernet
        Message Fields:
          payload: 8321010018010001010364A0E7416643000000000000000000FFFFFFFFFFFFFFFF09E0033C547FEE5F2FC1000000000F2231160469547FEE6155C1000000000F10A4260461547FEE6156C1000000000F23941E04A2547FEE6158C1000000000F249EA102DE547FEE66767C000000000F282A2A02AF547FEE673181000000000F1B8C4502DE547FEE68D4FC000000000F21E45B03CC547FEE68D601000000000F29E25804A8547FEE68D67C000000000F2BDCDF03FC547FEE68DBBC000000000F16550C032764A0E74162C3000000000FAE21EB02C864A0E741664300000000069896CE044564A0E7435CC3000000000FB54753033C64A0E74578C30000000006A004B3

But it did not contain this: - +683 packets, 658,024 bytes
</errorStackTrace>
          <failedSince>4488</failedSince>
        </case>
        <case>
          <duration>3.954</duration>
          <className>TestMessageData</className>
          <testName>TestCase02.test03</testName>
          <skipped>false</skipped>
          <failedSince>0</failedSince>
        </case>
        <case>
          <duration>4.659</duration>
          <className>TestMessageData</className>
          <testName>TestCase02.test04</testName>
          <skipped>false</skipped>
          <failedSince>0</failedSince>
        </case>
        <case>
          <duration>70.373</duration>
          <className>TestMessageData</className>
          <testName>TestCase02.test05</testName>
          <skipped>false</skipped>
          <failedSince>0</failedSince>
        </case>
        <case>
          <duration>72.91</duration>
          <className>TestMessageData</className>
          <testName>TestCase02.test06</testName>
          <skipped>false</skipped>
          <failedSince>0</failedSince>
        </case>
        <case>
          <duration>18.154</duration>
          <className>TestMessageData</className>
          <testName>TestCase02.test07</testName>
          <skipped>false</skipped>
          <failedSince>0</failedSince>
        </case>
        <case>
          <duration>16.025</duration>
          <className>TestMessageData</className>
          <testName>TestCase02.test08</testName>
          <skipped>false</skipped>
          <failedSince>0</failedSince>
        </case>
        <case>
          <duration>85.198</duration>
          <className>TestMessageData</className>
          <testName>TestCase02.test09</testName>
          <skipped>false</skipped>
          <failedSince>0</failedSince>
        </case>
        <case>
          <duration>19.389</duration>
          <className>TestMessageData</className>
          <testName>TestCase02.test10</testName>
          <skipped>false</skipped>
          <failedSince>0</failedSince>
        </case>
        <case>
          <duration>90.898</duration>
          <className>TestMessageData</className>
          <testName>TestCase02.test11</testName>
          <skipped>false</skipped>
          <failedSince>0</failedSince>
        </case>
        <case>
          <duration>116.742</duration>
          <className>TestMessageData</className>
          <testName>TestCase02.test12</testName>
          <skipped>false</skipped>
          <failedSince>0</failedSince>
        </case>
        <case>
          <duration>67.385</duration>
          <className>TestMessageData</className>
          <testName>TestCase02.test13_ip_flows_topn</testName>
          <skipped>false</skipped>
          <errorStackTrace>Traceback (most recent call last):
  File &quot;/components/probed/test/testcases/probe.py&quot;, line 836, in g
    r = f(*args,**kwargs)
  File &quot;/components/cna/host/src/probed/test/capture/TestMessageData.py&quot;, line 1260, in test13_ip_flows_topn
    self.assertEquals(expected, ecOutput)
  File &quot;/usr/python3.6/lib/python3.6/unittest.py&quot;, line 364, in failUnlessEqual
    raise self.failureException((msg or &apos;%s != %s&apos; % (first, second)))
AssertionError: {&apos;PACKET_COUNT&apos;: {&apos;data&apos;: [[&apos;2495&apos;]], &apos;summary&apos;: {&apos;min&apos;: &apos;2495&apos;, &apos;max&apos;: &apos;2495&apos;, &apos;mean&apos;: &apos;2495&apos;}, &apos;factor&apos;: &apos;1&apos;}, &apos;TOP_CONVERSATIONS&apos;: {&apos;topn&apos;: [{&apos;key&apos;: &apos;TCP  195.218.118.82:80 -&gt; 172.18.3.15:58674&apos;, &apos;bytes&apos;: &apos;221414&apos;, &apos;pkts&apos;: &apos;150&apos;, &apos;app&apos;: &apos;Unknown&apos;}, {&apos;key&apos;: &apos;UDP  172.18.4.132:5247 -&gt; 239.255.1.60:12224&apos;, &apos;bytes&apos;: &apos;99547&apos;, &apos;pkts&apos;: &apos;475&apos;, &apos;app&apos;: &apos;CAPWAP&apos;}, {&apos;key&apos;: &apos;TCP  172.18.1.221:34845 -&gt; 172.20.3.162:80&apos;, &apos;bytes&apos;: &apos;37327&apos;, &apos;pkts&apos;: &apos;78&apos;, &apos;app&apos;: &apos;Unknown&apos;}, {&apos;key&apos;: &apos;TCP  172.20.3.162:80 -&gt; 172.18.1.221:34845&apos;, &apos;bytes&apos;: &apos;22707&apos;, &apos;pkts&apos;: &apos;45&apos;, &apos;app&apos;: &apos;Unknown&apos;}, {&apos;key&apos;: &apos;TCP  172.20.3.161:80 -&gt; 172.18.1.221:46916&apos;, &apos;bytes&apos;: &apos;21800&apos;, &apos;pkts&apos;: &apos;42&apos;, &apos;app&apos;: &apos;HTTP (undecoded)&apos;}, {&apos;key&apos;: &apos;TCP  172.18.1.221:46916 -&gt; 172.20.3.161:80&apos;, &apos;bytes&apos;: &apos;21633&apos;, &apos;pkts&apos;: &apos;55&apos;, &apos;app&apos;: &apos;HTTP (undecoded)&apos;}, {&apos;key&apos;: &apos;TCP  172.18.1.221:34672 -&gt; 172.20.2.55:80&apos;, &apos;bytes&apos;: &apos;13566&apos;, &apos;pkts&apos;: &apos;28&apos;, &apos;app&apos;: &apos;Unknown&apos;}, {&apos;key&apos;: &apos;TCP  172.20.2.55:80 -&gt; 172.18.1.221:34672&apos;, &apos;bytes&apos;: &apos;9945&apos;, &apos;pkts&apos;: &apos;28&apos;, &apos;app&apos;: &apos;Unknown&apos;}]}} != {&apos;PACKET_COUNT&apos;: {&apos;factor&apos;: &apos;1&apos;, &apos;data&apos;: [[&apos;2508&apos;]], &apos;summary&apos;: {&apos;min&apos;: &apos;2508&apos;, &apos;mean&apos;: &apos;2508&apos;, &apos;max&apos;: &apos;2508&apos;}}, &apos;TOP_CONVERSATIONS&apos;: {&apos;topn&apos;: [{&apos;key&apos;: &apos;TCP  195.218.118.82:80 -&gt; 172.18.3.15:58674&apos;, &apos;bytes&apos;: &apos;221414&apos;, &apos;pkts&apos;: &apos;150&apos;, &apos;app&apos;: &apos;Unknown&apos;}, {&apos;key&apos;: &apos;UDP  172.18.4.132:5247 -&gt; 239.255.1.60:12224&apos;, &apos;bytes&apos;: &apos;99547&apos;, &apos;pkts&apos;: &apos;475&apos;, &apos;app&apos;: &apos;CAPWAP&apos;}, {&apos;key&apos;: &apos;TCP  172.18.1.221:34845 -&gt; 172.20.3.162:80&apos;, &apos;bytes&apos;: &apos;37327&apos;, &apos;pkts&apos;: &apos;78&apos;, &apos;app&apos;: &apos;Unknown&apos;}, {&apos;key&apos;: &apos;TCP  172.20.3.162:80 -&gt; 172.18.1.221:34845&apos;, &apos;bytes&apos;: &apos;22707&apos;, &apos;pkts&apos;: &apos;45&apos;, &apos;app&apos;: &apos;Unknown&apos;}, {&apos;key&apos;: &apos;TCP  172.20.3.161:80 -&gt; 172.18.1.221:46916&apos;, &apos;bytes&apos;: &apos;21800&apos;, &apos;pkts&apos;: &apos;42&apos;, &apos;app&apos;: &apos;HTTP (undecoded)&apos;}, {&apos;key&apos;: &apos;TCP  172.18.1.221:46916 -&gt; 172.20.3.161:80&apos;, &apos;bytes&apos;: &apos;21633&apos;, &apos;pkts&apos;: &apos;55&apos;, &apos;app&apos;: &apos;HTTP (undecoded)&apos;}, {&apos;key&apos;: &apos;TCP  172.18.1.221:34672 -&gt; 172.20.2.55:80&apos;, &apos;bytes&apos;: &apos;13566&apos;, &apos;pkts&apos;: &apos;28&apos;, &apos;app&apos;: &apos;Unknown&apos;}, {&apos;key&apos;: &apos;TCP  172.20.2.55:80 -&gt; 172.18.1.221:34672&apos;, &apos;bytes&apos;: &apos;9945&apos;, &apos;pkts&apos;: &apos;28&apos;, &apos;app&apos;: &apos;Unknown&apos;}]}}
</errorStackTrace>
          <failedSince>4125</failedSince>
        </case>
      </cases>
    </suite>
    <suite>
      <file>/home/jenkins/workspace/Backend/CNE@2/test-results/TEST-cli-TestShow.xml</file>
      <name>cli.TestShow</name>
      <stdout>......................................
TestCase01.test39: BQM-20543 show options with no support for additional arguments should complain if superfluous arguments are present.
.
TestCase01.test40: BQM-21214 &apos;show&apos; autocomplete and usage list different options.
.
TestCase01.test41: BQM-33638 sort channels in event-storage table
..
TestCase01.test43: BQM-54882 validate if show performance-metrics and the help contains the same values
.
TestCase01.test44_event_storage_Capture_retention_time
.Test s
...[truncated 838 chars]...
s]
[waiting for probed to restart.4s]
[waiting for probed to restart.4s]
...[waiting for probed to restart.4s]
...Test test08 skipped in sandbox
.[waiting for probed to restart.4s]
[waiting for probed to restart.4s]
.[waiting for probed to restart.4s]
[waiting for probed to restart.4s]
[waiting for probed to restart.4s]
.[waiting for probed to restart.4s]
[waiting for probed to restart.4s]
...
TestCase05.test03: BQM-45735 distinguish between disabled and timed out flows in &apos;show flow-db-stats&apos;
.</stdout>
      <stderr></stderr>
      <duration>684.011</duration>
      <timestamp>2019-10-31T08:41:20.690117</timestamp>
      <time>684.011</time>
      <enclosingBlocks/>
      <enclosingBlockNames/>
      <cases>
        <case>
          <duration>21.801</duration>
          <className>TestShow</className>
          <testName>TestCase01.test01</testName>
          <skipped>false</skipped>
          <failedSince>0</failedSince>
        </case>
        <case>
          <duration>0.042</duration>
          <className>TestShow</className>
          <testName>TestCase01.test02</testName>
          <skipped>false</skipped>
          <failedSince>0</failedSince>
        </case>
        <case>
          <duration>0.021</duration>
          <className>TestShow</className>
          <testName>TestCase01.test03</testName>
          <skipped>false</skipped>
          <failedSince>0</failedSince>
        </case>
        <case>
          <duration>0.033</duration>
          <className>TestShow</className>
          <testName>TestCase01.test04</testName>
          <skipped>false</skipped>
          <failedSince>0</failedSince>
        </case>
        <case>
          <duration>0.087</duration>
          <className>TestShow</className>
          <testName>TestCase01.test05</testName>
          <skipped>false</skipped>
          <failedSince>0</failedSince>
        </case>
        <case>
          <duration>0.093</duration>
          <className>TestShow</className>
          <testName>TestCase01.test06</testName>
          <skipped>false</skipped>
          <failedSince>0</failedSince>
        </case>
        <case>
          <duration>0.127</duration>
          <className>TestShow</className>
          <testName>TestCase01.test07</testName>
          <skipped>false</skipped>
          <failedSince>0</failedSince>
        </case>
        <case>
          <duration>0.057</duration>
          <className>TestShow</className>
          <testName>TestCase01.test08</testName>
          <skipped>false</skipped>
          <failedSince>0</failedSince>
        </case>
        <case>
          <duration>0.025</duration>
          <className>TestShow</className>
          <testName>TestCase01.test09</testName>
          <skipped>false</skipped>
          <failedSince>0</failedSince>
        </case>
        <case>
          <duration>0.028</duration>
          <className>TestShow</className>
          <testName>TestCase01.test10</testName>
          <skipped>false</skipped>
          <failedSince>0</failedSince>
        </case>
        <case>
          <duration>0.059</duration>
          <className>TestShow</className>
          <testName>TestCase01.test11</testName>
          <skipped>false</skipped>
          <failedSince>0</failedSince>
        </case>
        <case>
          <duration>0.02</duration>
          <className>TestShow</className>
          <testName>TestCase01.test12</testName>
          <skipped>false</skipped>
          <failedSince>0</failedSince>
        </case>
        <case>
          <duration>0.015</duration>
          <className>TestShow</className>
          <testName>TestCase01.test13</testName>
          <skipped>false</skipped>
          <failedSince>0</failedSince>
        </case>
        <case>
          <duration>0.026</duration>
          <className>TestShow</className>
          <testName>TestCase01.test14</testName>
          <skipped>false</skipped>
          <failedSince>0</failedSince>
        </case>
        <case>
          <duration>0.011</duration>
          <className>TestShow</className>
          <testName>TestCase01.test15</testName>
          <skipped>false</skipped>
          <failedSince>0</failedSince>
        </case>
        <case>
          <duration>0.209</duration>
          <className>TestShow</className>
          <testName>TestCase01.test16</testName>
          <skipped>false</skipped>
          <failedSince>0</failedSince>
        </case>
        <case>
          <duration>0.14</duration>
          <className>TestShow</className>
          <testName>TestCase01.test17</testName>
          <skipped>false</skipped>
          <failedSince>0</failedSince>
        </case>
        <case>
          <duration>0.141</duration>
          <className>TestShow</className>
          <testName>TestCase01.test18</testName>
          <skipped>false</skipped>
          <failedSince>0</failedSince>
        </case>
        <case>
          <duration>0.208</duration>
          <className>TestShow</className>
          <testName>TestCase01.test19</testName>
          <skipped>false</skipped>
          <failedSince>0</failedSince>
        </case>
        <case>
          <duration>0.612</duration>
          <className>TestShow</className>
          <testName>TestCase01.test20</testName>
          <skipped>false</skipped>
          <failedSince>0</failedSince>
        </case>
        <case>
          <duration>0.662</duration>
          <className>TestShow</className>
          <testName>TestCase01.test21</testName>
          <skipped>false</skipped>
          <failedSince>0</failedSince>
        </case>
        <case>
          <duration>0.264</duration>
          <className>TestShow</className>
          <testName>TestCase01.test22</testName>
          <skipped>false</skipped>
          <failedSince>0</failedSince>
        </case>
        <case>
          <duration>0.058</duration>
          <className>TestShow</className>
          <testName>TestCase01.test23</testName>
          <skipped>false</skipped>
          <failedSince>0</failedSince>
        </case>
        <case>
          <duration>2.199</duration>
          <className>TestShow</className>
          <testName>TestCase01.test24</testName>
          <skipped>false</skipped>
          <failedSince>0</failedSince>
        </case>
        <case>
          <duration>1.554</duration>
          <className>TestShow</className>
          <testName>TestCase01.test25</testName>
          <skipped>false</skipped>
          <failedSince>0</failedSince>
        </case>
        <case>
          <duration>1.677</duration>
          <className>TestShow</className>
          <testName>TestCase01.test26</testName>
          <skipped>false</skipped>
          <failedSince>0</failedSince>
        </case>
        <case>
          <duration>1.433</duration>
          <className>TestShow</className>
          <testName>TestCase01.test27</testName>
          <skipped>false</skipped>
          <failedSince>0</failedSince>
        </case>
        <case>
          <duration>0.613</duration>
          <className>TestShow</className>
          <testName>TestCase01.test28</testName>
          <skipped>false</skipped>
          <failedSince>0</failedSince>
        </case>
        <case>
          <duration>0.067</duration>
          <className>TestShow</className>
          <testName>TestCase01.test29</testName>
          <skipped>false</skipped>
          <failedSince>0</failedSince>
        </case>
        <case>
          <duration>0.107</duration>
          <className>TestShow</className>
          <testName>TestCase01.test30</testName>
          <skipped>false</skipped>
          <failedSince>0</failedSince>
        </case>
        <case>
          <duration>0.08</duration>
          <className>TestShow</className>
          <testName>TestCase01.test31</testName>
          <skipped>false</skipped>
          <failedSince>0</failedSince>
        </case>
        <case>
          <duration>0.071</duration>
          <className>TestShow</className>
          <testName>TestCase01.test32</testName>
          <skipped>false</skipped>
          <failedSince>0</failedSince>
        </case>
        <case>
          <duration>1.094</duration>
          <className>TestShow</className>
          <testName>TestCase01.test33</testName>
          <skipped>false</skipped>
          <failedSince>0</failedSince>
        </case>
        <case>
          <duration>1.11</duration>
          <className>TestShow</className>
          <testName>TestCase01.test34</testName>
          <skipped>false</skipped>
          <failedSince>0</failedSince>
        </case>
        <case>
          <duration>0.503</duration>
          <className>TestShow</className>
          <testName>TestCase01.test35</testName>
          <skipped>false</skipped>
          <failedSince>0</failedSince>
        </case>
        <case>
          <duration>2.783</duration>
          <className>TestShow</className>
          <testName>TestCase01.test36</testName>
          <skipped>false</skipped>
          <failedSince>0</failedSince>
        </case>
        <case>
          <duration>0.041</duration>
          <className>TestShow</className>
          <testName>TestCase01.test37</testName>
          <skipped>false</skipped>
          <failedSince>0</failedSince>
        </case>
        <case>
          <duration>2.881</duration>
          <className>TestShow</className>
          <testName>TestCase01.test38</testName>
          <skipped>false</skipped>
          <failedSince>0</failedSince>
        </case>
        <case>
          <duration>3.614</duration>
          <className>TestShow</className>
          <testName>TestCase01.test39</testName>
          <skipped>false</skipped>
          <failedSince>0</failedSince>
        </case>
        <case>
          <duration>0.043</duration>
          <className>TestShow</className>
          <testName>TestCase01.test40</testName>
          <skipped>false</skipped>
          <failedSince>0</failedSince>
        </case>
        <case>
          <duration>1.814</duration>
          <className>TestShow</className>
          <testName>TestCase01.test41</testName>
          <skipped>false</skipped>
          <failedSince>0</failedSince>
        </case>
        <case>
          <duration>1.313</duration>
          <className>TestShow</className>
          <testName>TestCase01.test42</testName>
          <skipped>false</skipped>
          <failedSince>0</failedSince>
        </case>
        <case>
          <duration>0.199</duration>
          <className>TestShow</className>
          <testName>TestCase01.test43</testName>
          <skipped>false</skipped>
          <failedSince>0</failedSince>
        </case>
        <case>
          <duration>0.328</duration>
          <className>TestShow</className>
          <testName>TestCase01.test44_event_storage_Capture_retention_time</testName>
          <skipped>false</skipped>
          <failedSince>0</failedSince>
        </case>
        <case>
          <duration>1.597</duration>
          <className>TestShow</className>
          <testName>TestCase01.test45</testName>
          <skipped>false</skipped>
          <failedSince>0</failedSince>
        </case>
        <case>
          <duration>0.015</duration>
          <className>TestShow</className>
          <testName>TestCase01.test99</testName>
          <skipped>false</skipped>
          <failedSince>0</failedSince>
        </case>
        <case>
          <duration>4.684</duration>
          <className>TestShow</className>
          <testName>TestCase02.test01</testName>
          <skipped>false</skipped>
          <failedSince>0</failedSince>
        </case>
        <case>
          <duration>0.253</duration>
          <className>TestShow</className>
          <testName>TestCase02.test02</testName>
          <skipped>false</skipped>
          <failedSince>0</failedSince>
        </case>
        <case>
          <duration>0.029</duration>
          <className>TestShow</className>
          <testName>TestCase02.test03</testName>
          <skipped>false</skipped>
          <failedSince>0</failedSince>
        </case>
        <case>
          <duration>2.822</duration>
          <className>TestShow</className>
          <testName>TestCase02.test04</testName>
          <skipped>false</skipped>
          <failedSince>0</failedSince>
        </case>
        <case>
          <duration>1.051</duration>
          <className>TestShow</className>
          <testName>TestCase02.test05</testName>
          <skipped>false</skipped>
          <failedSince>0</failedSince>
        </case>
        <case>
          <duration>0.905</duration>
          <className>TestShow</className>
          <testName>TestCase02.test06</testName>
          <skipped>false</skipped>
          <failedSince>0</failedSince>
        </case>
        <case>
          <duration>4.472</duration>
          <className>TestShow</className>
          <testName>TestCase02.test07</testName>
          <skipped>false</skipped>
          <failedSince>0</failedSince>
        </case>
        <case>
          <duration>1.649</duration>
          <className>TestShow</className>
          <testName>TestCase02.test08</testName>
          <skipped>false</skipped>
          <failedSince>0</failedSince>
        </case>
        <case>
          <duration>2.484</duration>
          <className>TestShow</className>
          <testName>TestCase02.test09</testName>
          <skipped>false</skipped>
          <failedSince>0</failedSince>
        </case>
        <case>
          <duration>4.429</duration>
          <className>TestShow</className>
          <testName>TestCase02.test10</testName>
          <skipped>false</skipped>
          <failedSince>0</failedSince>
        </case>
        <case>
          <duration>0.327</duration>
          <className>TestShow</className>
          <testName>TestCase02.test11</testName>
          <skipped>false</skipped>
          <failedSince>0</failedSince>
        </case>
        <case>
          <duration>0.137</duration>
          <className>TestShow</className>
          <testName>TestCase02.test12</testName>
          <skipped>false</skipped>
          <failedSince>0</failedSince>
        </case>
        <case>
          <duration>0.069</duration>
          <className>TestShow</className>
          <testName>TestCase02.test13</testName>
          <skipped>false</skipped>
          <failedSince>0</failedSince>
        </case>
        <case>
          <duration>0.338</duration>
          <className>TestShow</className>
          <testName>TestCase02.test14</testName>
          <skipped>false</skipped>
          <failedSince>0</failedSince>
        </case>
        <case>
          <duration>0.049</duration>
          <className>TestShow</className>
          <testName>TestCase02.test15</testName>
          <skipped>false</skipped>
          <failedSince>0</failedSince>
        </case>
        <case>
          <duration>2.037</duration>
          <className>TestShow</className>
          <testName>TestCase02.test16</testName>
          <skipped>false</skipped>
          <failedSince>0</failedSince>
        </case>
        <case>
          <duration>0.079</duration>
          <className>TestShow</className>
          <testName>TestCase02.test17</testName>
          <skipped>false</skipped>
          <failedSince>0</failedSince>
        </case>
        <case>
          <duration>0.028</duration>
          <className>TestShow</className>
          <testName>TestCase02.test18</testName>
          <skipped>false</skipped>
          <failedSince>0</failedSince>
        </case>
        <case>
          <duration>0.028</duration>
          <className>TestShow</className>
          <testName>TestCase02.test19</testName>
          <skipped>false</skipped>
          <failedSince>0</failedSince>
        </case>
        <case>
          <duration>0.371</duration>
          <className>TestShow</className>
          <testName>TestCase02.test20</testName>
          <skipped>false</skipped>
          <failedSince>0</failedSince>
        </case>
        <case>
          <duration>0.089</duration>
          <className>TestShow</className>
          <testName>TestCase02.test21_test_10s_in_100s_history</testName>
          <skipped>false</skipped>
          <failedSince>0</failedSince>
        </case>
        <case>
          <duration>3.836</duration>
          <className>TestShow</className>
          <testName>TestCase03.test01</testName>
          <skipped>false</skipped>
          <failedSince>0</failedSince>
        </case>
        <case>
          <duration>0.005</duration>
          <className>TestShow</className>
          <testName>TestCase03.test03</testName>
          <skipped>false</skipped>
          <failedSince>0</failedSince>
        </case>
        <case>
          <duration>0.005</duration>
          <className>TestShow</className>
          <testName>TestCase03.test04</testName>
          <skipped>false</skipped>
          <failedSince>0</failedSince>
        </case>
        <case>
          <duration>0.04</duration>
          <className>TestShow</className>
          <testName>TestCase03.test05</testName>
          <skipped>false</skipped>
          <failedSince>0</failedSince>
        </case>
        <case>
          <duration>0.029</duration>
          <className>TestShow</className>
          <testName>TestCase03.test06</testName>
          <skipped>false</skipped>
          <failedSince>0</failedSince>
        </case>
        <case>
          <duration>0.012</duration>
          <className>TestShow</className>
          <testName>TestCase03.test07</testName>
          <skipped>false</skipped>
          <failedSince>0</failedSince>
        </case>
        <case>
          <duration>0.01</duration>
          <className>TestShow</className>
          <testName>TestCase03.test08</testName>
          <skipped>false</skipped>
          <failedSince>0</failedSince>
        </case>
        <case>
          <duration>0.025</duration>
          <className>TestShow</className>
          <testName>TestCase03.test09</testName>
          <skipped>false</skipped>
          <failedSince>0</failedSince>
        </case>
        <case>
          <duration>0.058</duration>
          <className>TestShow</className>
          <testName>TestCase03.test10</testName>
          <skipped>false</skipped>
          <failedSince>0</failedSince>
        </case>
        <case>
          <duration>0.019</duration>
          <className>TestShow</className>
          <testName>TestCase03.test11</testName>
          <skipped>false</skipped>
          <failedSince>0</failedSince>
        </case>
        <case>
          <duration>0.025</duration>
          <className>TestShow</className>
          <testName>TestCase03.test12</testName>
          <skipped>false</skipped>
          <failedSince>0</failedSince>
        </case>
        <case>
          <duration>7.362</duration>
          <className>TestShow</className>
          <testName>TestCase03.test13</testName>
          <skipped>false</skipped>
          <failedSince>0</failedSince>
        </case>
        <case>
          <duration>8.704</duration>
          <className>TestShow</className>
          <testName>TestCase03.test14</testName>
          <skipped>false</skipped>
          <failedSince>0</failedSince>
        </case>
        <case>
          <duration>0.031</duration>
          <className>TestShow</className>
          <testName>TestCase03.test15</testName>
          <skipped>false</skipped>
          <failedSince>0</failedSince>
        </case>
        <case>
          <duration>4.202</duration>
          <className>TestShow</className>
          <testName>TestCase03.test16_validate_smtp_server_output</testName>
          <skipped>false</skipped>
          <failedSince>0</failedSince>
        </case>
        <case>
          <duration>3.168</duration>
          <className>TestShow</className>
          <testName>TestCase04.test01</testName>
          <skipped>false</skipped>
          <failedSince>0</failedSince>
        </case>
        <case>
          <duration>121.072</duration>
          <className>TestShow</className>
          <testName>TestCase04.test02</testName>
          <skipped>false</skipped>
          <failedSince>0</failedSince>
        </case>
        <case>
          <duration>3.928</duration>
          <className>TestShow</className>
          <testName>TestCase04.test03</testName>
          <skipped>false</skipped>
          <failedSince>0</failedSince>
        </case>
        <case>
          <duration>4.996</duration>
          <className>TestShow</className>
          <testName>TestCase04.test04</testName>
          <skipped>false</skipped>
          <failedSince>0</failedSince>
        </case>
        <case>
          <duration>39.775</duration>
          <className>TestShow</className>
          <testName>TestCase04.test05</testName>
          <skipped>false</skipped>
          <failedSince>0</failedSince>
        </case>
        <case>
          <duration>5.082</duration>
          <className>TestShow</className>
          <testName>TestCase04.test06</testName>
          <skipped>false</skipped>
          <failedSince>0</failedSince>
        </case>
        <case>
          <duration>6.932</duration>
          <className>TestShow</className>
          <testName>TestCase04.test07</testName>
          <skipped>false</skipped>
          <failedSince>0</failedSince>
        </case>
        <case>
          <duration>0.0</duration>
          <className>TestShow</className>
          <testName>TestCase04.test08</testName>
          <skipped>false</skipped>
          <failedSince>0</failedSince>
        </case>
        <case>
          <duration>86.26</duration>
          <className>TestShow</className>
          <testName>TestCase04.test09</testName>
          <skipped>false</skipped>
          <failedSince>0</failedSince>
        </case>
        <case>
          <duration>109.481</duration>
          <className>TestShow</className>
          <testName>TestCase04.test10</testName>
          <skipped>false</skipped>
          <failedSince>0</failedSince>
        </case>
        <case>
          <duration>110.98</duration>
          <className>TestShow</className>
          <testName>TestCase04.test11</testName>
          <skipped>false</skipped>
          <failedSince>0</failedSince>
        </case>
        <case>
          <duration>7.168</duration>
          <className>TestShow</className>
          <testName>TestCase05.test01</testName>
          <skipped>false</skipped>
          <failedSince>0</failedSince>
        </case>
        <case>
          <duration>1.655</duration>
          <className>TestShow</className>
          <testName>TestCase05.test02</testName>
          <skipped>false</skipped>
          <failedSince>0</failedSince>
        </case>
        <case>
          <duration>82.94</duration>
          <className>TestShow</className>
          <testName>TestCase05.test03</testName>
          <skipped>false</skipped>
          <failedSince>0</failedSince>
        </case>
      </cases>
    </suite>
    <suite>
      <file>/home/jenkins/workspace/Backend/CNE/test-results/TEST-rest-TestRestMultihop.xml</file>
      <name>rest.TestRestMultihop</name>
      <stdout>.......</stdout>
      <stderr></stderr>
      <duration>46.057</duration>
      <timestamp>2019-10-31T08:52:20.843439</timestamp>
      <time>46.057</time>
      <enclosingBlocks/>
      <enclosingBlockNames/>
      <cases>
        <case>
          <duration>20.996</duration>
          <className>TestRestMultihop</className>
          <testName>TestCase01.test01</testName>
          <skipped>false</skipped>
          <failedSince>0</failedSince>
        </case>
        <case>
          <duration>7.165</duration>
          <className>TestRestMultihop</className>
          <testName>TestCase01.test02</testName>
          <skipped>false</skipped>
          <failedSince>0</failedSince>
        </case>
        <case>
          <duration>2.392</duration>
          <className>TestRestMultihop</className>
          <testName>TestCase01.test03</testName>
          <skipped>false</skipped>
          <failedSince>0</failedSince>
        </case>
        <case>
          <duration>2.755</duration>
          <className>TestRestMultihop</className>
          <testName>TestCase01.test04</testName>
          <skipped>false</skipped>
          <failedSince>0</failedSince>
        </case>
        <case>
          <duration>3.059</duration>
          <className>TestRestMultihop</className>
          <testName>TestCase01.test05</testName>
          <skipped>false</skipped>
          <failedSince>0</failedSince>
        </case>
        <case>
          <duration>6.875</duration>
          <className>TestRestMultihop</className>
          <testName>TestCase01.test06</testName>
          <skipped>false</skipped>
          <failedSince>0</failedSince>
        </case>
        <case>
          <duration>2.812</duration>
          <className>TestRestMultihop</className>
          <testName>TestCase01.test07</testName>
          <skipped>false</skipped>
          <failedSince>0</failedSince>
        </case>
      </cases>
    </suite>
    <suite>
      <file>/home/jenkins/workspace/Backend/CNE@9/test-results/TEST-rest-TestRestRouters.xml</file>
      <name>rest.TestRestRouters</name>
      <stdout>............</stdout>
      <stderr></stderr>
      <duration>22.624</duration>
      <timestamp>2019-10-31T08:52:39.463867</timestamp>
      <time>22.624</time>
      <enclosingBlocks/>
      <enclosingBlockNames/>
      <cases>
        <case>
          <duration>17.269</duration>
          <className>TestRestRouters</className>
          <testName>TestCase01.test01</testName>
          <skipped>false</skipped>
          <failedSince>0</failedSince>
        </case>
        <case>
          <duration>0.014</duration>
          <className>TestRestRouters</className>
          <testName>TestCase01.test02</testName>
          <skipped>false</skipped>
          <failedSince>0</failedSince>
        </case>
        <case>
          <duration>0.019</duration>
          <className>TestRestRouters</className>
          <testName>TestCase01.test03</testName>
          <skipped>false</skipped>
          <failedSince>0</failedSince>
        </case>
        <case>
          <duration>0.031</duration>
          <className>TestRestRouters</className>
          <testName>TestCase01.test04</testName>
          <skipped>false</skipped>
          <failedSince>0</failedSince>
        </case>
        <case>
          <duration>0.048</duration>
          <className>TestRestRouters</className>
          <testName>TestCase01.test05</testName>
          <skipped>false</skipped>
          <failedSince>0</failedSince>
        </case>
        <case>
          <duration>0.011</duration>
          <className>TestRestRouters</className>
          <testName>TestCase01.test06</testName>
          <skipped>false</skipped>
          <failedSince>0</failedSince>
        </case>
        <case>
          <duration>1.234</duration>
          <className>TestRestRouters</className>
          <testName>TestCase01.test07</testName>
          <skipped>false</skipped>
          <failedSince>0</failedSince>
        </case>
        <case>
          <duration>0.478</duration>
          <className>TestRestRouters</className>
          <testName>TestCase01.test08</testName>
          <skipped>false</skipped>
          <failedSince>0</failedSince>
        </case>
        <case>
          <duration>0.604</duration>
          <className>TestRestRouters</className>
          <testName>TestCase01.test09</testName>
          <skipped>false</skipped>
          <failedSince>0</failedSince>
        </case>
        <case>
          <duration>0.016</duration>
          <className>TestRestRouters</className>
          <testName>TestCase01.test10</testName>
          <skipped>false</skipped>
          <failedSince>0</failedSince>
        </case>
        <case>
          <duration>0.932</duration>
          <className>TestRestRouters</className>
          <testName>TestCase01.test11</testName>
          <skipped>false</skipped>
          <failedSince>0</failedSince>
        </case>
        <case>
          <duration>1.967</duration>
          <className>TestRestRouters</className>
          <testName>TestCase01.test12</testName>
          <skipped>false</skipped>
          <failedSince>0</failedSince>
        </case>
      </cases>
    </suite>
    <suite>
      <file>/home/jenkins/workspace/Backend/CNE@2/test-results/TEST-pnqm-TestPNQMTraffic.xml</file>
      <name>pnqm.TestPNQMTraffic</name>
      <stdout>Test test01 skipped in sandbox
.Test test02 skipped in sandbox
.Test test03 skipped in sandbox
.Test test04 skipped in sandbox
.Test test05 skipped in sandbox
.Test test06 skipped in sandbox
.Test test07 skipped in sandbox
.Test test08 skipped in sandbox
.Test test09 skipped in sandbox
.Test test10 skipped in sandbox
.Test test11 skipped in sandbox
.Test test12 skipped in sandbox
.Test test13 skipped in sandbox
.Test test14 skipped in sandbox
.Test test15 skipped in sandbox
.Test test16 skipped 
...[truncated 17863 chars]...
ed in sandbox
.
TestCase01.test56: BQM-19224: check asccii_payload exported on the CSV is correctly escaped
Test test56 skipped in sandbox
.Test test57 skipped in sandbox
.
TestCase01.test58: test reset of DOWN streams on connection fail
Test test58 skipped in sandbox
.Test test59 skipped in sandbox
.Test test60 skipped in sandbox
..Test test62 skipped in sandbox
..Test test64 skipped in sandbox
..
TestCase01.test66: Clear session counters with shared streams
....Test test70 skipped in sandbox
.</stdout>
      <stderr>
==============================================
test22: custom signature match arm-application
==============================================
Configuring the probe...
Copying traffic files...
Waiting for PNQM to start up
Waiting for active pings
Sending packets
Waiting for correlation to complete
Checking channel stats via REST...
REST:
 channel//local-cne/probe-22/sg-22/ssh                : total 54, lost  0, rerouted  0, misclassified  0, min     0.0, mean     2.8, max    22.9
 channel//local-
...[truncated 14490 chars]...
ch-first-to-all (hash collision limit)
===================================================================
Waiting for PNQM to start up
Waiting for active pings
Sending traffic
Waiting for correlation to complete

===========================================================
test69: test many-to-many match-first-to-all (translations)
===========================================================
Waiting for PNQM to start up
Waiting for active pings
Sending traffic
Waiting for correlation to complete
</stderr>
      <duration>935.518</duration>
      <timestamp>2019-10-31T08:37:33.443157</timestamp>
      <time>935.518</time>
      <enclosingBlocks/>
      <enclosingBlockNames/>
      <cases>
        <case>
          <duration>20.698</duration>
          <className>TestPNQMTraffic</className>
          <testName>TestCase01.test01</testName>
          <skipped>false</skipped>
          <failedSince>0</failedSince>
        </case>
        <case>
          <duration>2.279</duration>
          <className>TestPNQMTraffic</className>
          <testName>TestCase01.test02</testName>
          <skipped>false</skipped>
          <failedSince>0</failedSince>
        </case>
        <case>
          <duration>1.419</duration>
          <className>TestPNQMTraffic</className>
          <testName>TestCase01.test03</testName>
          <skipped>false</skipped>
          <failedSince>0</failedSince>
        </case>
        <case>
          <duration>1.65</duration>
          <className>TestPNQMTraffic</className>
          <testName>TestCase01.test04</testName>
          <skipped>false</skipped>
          <failedSince>0</failedSince>
        </case>
        <case>
          <duration>2.347</duration>
          <className>TestPNQMTraffic</className>
          <testName>TestCase01.test05</testName>
          <skipped>false</skipped>
          <failedSince>0</failedSince>
        </case>
        <case>
          <duration>1.558</duration>
          <className>TestPNQMTraffic</className>
          <testName>TestCase01.test06</testName>
          <skipped>false</skipped>
          <failedSince>0</failedSince>
        </case>
        <case>
          <duration>3.737</duration>
          <className>TestPNQMTraffic</className>
          <testName>TestCase01.test07</testName>
          <skipped>false</skipped>
          <failedSince>0</failedSince>
        </case>
        <case>
          <duration>1.734</duration>
          <className>TestPNQMTraffic</className>
          <testName>TestCase01.test08</testName>
          <skipped>false</skipped>
          <failedSince>0</failedSince>
        </case>
        <case>
          <duration>1.92</duration>
          <className>TestPNQMTraffic</className>
          <testName>TestCase01.test09</testName>
          <skipped>false</skipped>
          <failedSince>0</failedSince>
        </case>
        <case>
          <duration>1.186</duration>
          <className>TestPNQMTraffic</className>
          <testName>TestCase01.test10</testName>
          <skipped>false</skipped>
          <failedSince>0</failedSince>
        </case>
        <case>
          <duration>1.367</duration>
          <className>TestPNQMTraffic</className>
          <testName>TestCase01.test11</testName>
          <skipped>false</skipped>
          <failedSince>0</failedSince>
        </case>
        <case>
          <duration>1.456</duration>
          <className>TestPNQMTraffic</className>
          <testName>TestCase01.test12</testName>
          <skipped>false</skipped>
          <failedSince>0</failedSince>
        </case>
        <case>
          <duration>1.6</duration>
          <className>TestPNQMTraffic</className>
          <testName>TestCase01.test13</testName>
          <skipped>false</skipped>
          <failedSince>0</failedSince>
        </case>
        <case>
          <duration>4.836</duration>
          <className>TestPNQMTraffic</className>
          <testName>TestCase01.test14</testName>
          <skipped>false</skipped>
          <failedSince>0</failedSince>
        </case>
        <case>
          <duration>1.533</duration>
          <className>TestPNQMTraffic</className>
          <testName>TestCase01.test15</testName>
          <skipped>false</skipped>
          <failedSince>0</failedSince>
        </case>
        <case>
          <duration>1.846</duration>
          <className>TestPNQMTraffic</className>
          <testName>TestCase01.test16</testName>
          <skipped>false</skipped>
          <failedSince>0</failedSince>
        </case>
        <case>
          <duration>1.579</duration>
          <className>TestPNQMTraffic</className>
          <testName>TestCase01.test17</testName>
          <skipped>false</skipped>
          <failedSince>0</failedSince>
        </case>
        <case>
          <duration>1.457</duration>
          <className>TestPNQMTraffic</className>
          <testName>TestCase01.test18</testName>
          <skipped>false</skipped>
          <failedSince>0</failedSince>
        </case>
        <case>
          <duration>2.189</duration>
          <className>TestPNQMTraffic</className>
          <testName>TestCase01.test19</testName>
          <skipped>false</skipped>
          <failedSince>0</failedSince>
        </case>
        <case>
          <duration>3.597</duration>
          <className>TestPNQMTraffic</className>
          <testName>TestCase01.test20</testName>
          <skipped>false</skipped>
          <failedSince>0</failedSince>
        </case>
        <case>
          <duration>1.9</duration>
          <className>TestPNQMTraffic</className>
          <testName>TestCase01.test21</testName>
          <skipped>false</skipped>
          <failedSince>0</failedSince>
        </case>
        <case>
          <duration>44.26</duration>
          <className>TestPNQMTraffic</className>
          <testName>TestCase01.test22</testName>
          <skipped>false</skipped>
          <failedSince>0</failedSince>
        </case>
        <case>
          <duration>2.257</duration>
          <className>TestPNQMTraffic</className>
          <testName>TestCase01.test23</testName>
          <skipped>false</skipped>
          <failedSince>0</failedSince>
        </case>
        <case>
          <duration>1.071</duration>
          <className>TestPNQMTraffic</className>
          <testName>TestCase01.test24</testName>
          <skipped>false</skipped>
          <failedSince>0</failedSince>
        </case>
        <case>
          <duration>1.495</duration>
          <className>TestPNQMTraffic</className>
          <testName>TestCase01.test25</testName>
          <skipped>false</skipped>
          <failedSince>0</failedSince>
        </case>
        <case>
          <duration>3.967</duration>
          <className>TestPNQMTraffic</className>
          <testName>TestCase01.test26</testName>
          <skipped>false</skipped>
          <failedSince>0</failedSince>
        </case>
        <case>
          <duration>1.844</duration>
          <className>TestPNQMTraffic</className>
          <testName>TestCase01.test27</testName>
          <skipped>false</skipped>
          <failedSince>0</failedSince>
        </case>
        <case>
          <duration>114.657</duration>
          <className>TestPNQMTraffic</className>
          <testName>TestCase01.test28</testName>
          <skipped>false</skipped>
          <failedSince>0</failedSince>
        </case>
        <case>
          <duration>2.098</duration>
          <className>TestPNQMTraffic</className>
          <testName>TestCase01.test29</testName>
          <skipped>false</skipped>
          <failedSince>0</failedSince>
        </case>
        <case>
          <duration>1.423</duration>
          <className>TestPNQMTraffic</className>
          <testName>TestCase01.test30</testName>
          <skipped>false</skipped>
          <failedSince>0</failedSince>
        </case>
        <case>
          <duration>3.577</duration>
          <className>TestPNQMTraffic</className>
          <testName>TestCase01.test31</testName>
          <skipped>false</skipped>
          <failedSince>0</failedSince>
        </case>
        <case>
          <duration>49.91</duration>
          <className>TestPNQMTraffic</className>
          <testName>TestCase01.test32</testName>
          <skipped>false</skipped>
          <failedSince>0</failedSince>
        </case>
        <case>
          <duration>3.39</duration>
          <className>TestPNQMTraffic</className>
          <testName>TestCase01.test33</testName>
          <skipped>false</skipped>
          <failedSince>0</failedSince>
        </case>
        <case>
          <duration>18.406</duration>
          <className>TestPNQMTraffic</className>
          <testName>TestCase01.test34</testName>
          <skipped>false</skipped>
          <failedSince>0</failedSince>
        </case>
        <case>
          <duration>108.039</duration>
          <className>TestPNQMTraffic</className>
          <testName>TestCase01.test35</testName>
          <skipped>false</skipped>
          <failedSince>0</failedSince>
        </case>
        <case>
          <duration>2.051</duration>
          <className>TestPNQMTraffic</className>
          <testName>TestCase01.test36</testName>
          <skipped>false</skipped>
          <failedSince>0</failedSince>
        </case>
        <case>
          <duration>1.784</duration>
          <className>TestPNQMTraffic</className>
          <testName>TestCase01.test37</testName>
          <skipped>false</skipped>
          <failedSince>0</failedSince>
        </case>
        <case>
          <duration>24.137</duration>
          <className>TestPNQMTraffic</className>
          <testName>TestCase01.test38</testName>
          <skipped>false</skipped>
          <failedSince>0</failedSince>
        </case>
        <case>
          <duration>22.498</duration>
          <className>TestPNQMTraffic</className>
          <testName>TestCase01.test39</testName>
          <skipped>false</skipped>
          <failedSince>0</failedSince>
        </case>
        <case>
          <duration>2.042</duration>
          <className>TestPNQMTraffic</className>
          <testName>TestCase01.test40</testName>
          <skipped>false</skipped>
          <failedSince>0</failedSince>
        </case>
        <case>
          <duration>21.691</duration>
          <className>TestPNQMTraffic</className>
          <testName>TestCase01.test41</testName>
          <skipped>false</skipped>
          <failedSince>0</failedSince>
        </case>
        <case>
          <duration>10.096</duration>
          <className>TestPNQMTraffic</className>
          <testName>TestCase01.test42</testName>
          <skipped>false</skipped>
          <failedSince>0</failedSince>
        </case>
        <case>
          <duration>16.899</duration>
          <className>TestPNQMTraffic</className>
          <testName>TestCase01.test43</testName>
          <skipped>false</skipped>
          <failedSince>0</failedSince>
        </case>
        <case>
          <duration>18.823</duration>
          <className>TestPNQMTraffic</className>
          <testName>TestCase01.test44</testName>
          <skipped>false</skipped>
          <failedSince>0</failedSince>
        </case>
        <case>
          <duration>4.107</duration>
          <className>TestPNQMTraffic</className>
          <testName>TestCase01.test45</testName>
          <skipped>false</skipped>
          <failedSince>0</failedSince>
        </case>
        <case>
          <duration>1.861</duration>
          <className>TestPNQMTraffic</className>
          <testName>TestCase01.test46</testName>
          <skipped>false</skipped>
          <failedSince>0</failedSince>
        </case>
        <case>
          <duration>1.704</duration>
          <className>TestPNQMTraffic</className>
          <testName>TestCase01.test47</testName>
          <skipped>false</skipped>
          <failedSince>0</failedSince>
        </case>
        <case>
          <duration>20.201</duration>
          <className>TestPNQMTraffic</className>
          <testName>TestCase01.test48</testName>
          <skipped>false</skipped>
          <failedSince>0</failedSince>
        </case>
        <case>
          <duration>2.311</duration>
          <className>TestPNQMTraffic</className>
          <testName>TestCase01.test49</testName>
          <skipped>false</skipped>
          <failedSince>0</failedSince>
        </case>
        <case>
          <duration>1.4</duration>
          <className>TestPNQMTraffic</className>
          <testName>TestCase01.test50</testName>
          <skipped>false</skipped>
          <failedSince>0</failedSince>
        </case>
        <case>
          <duration>1.416</duration>
          <className>TestPNQMTraffic</className>
          <testName>TestCase01.test51</testName>
          <skipped>false</skipped>
          <failedSince>0</failedSince>
        </case>
        <case>
          <duration>49.56</duration>
          <className>TestPNQMTraffic</className>
          <testName>TestCase01.test52</testName>
          <skipped>false</skipped>
          <failedSince>0</failedSince>
        </case>
        <case>
          <duration>36.97</duration>
          <className>TestPNQMTraffic</className>
          <testName>TestCase01.test53</testName>
          <skipped>false</skipped>
          <failedSince>0</failedSince>
        </case>
        <case>
          <duration>30.686</duration>
          <className>TestPNQMTraffic</className>
          <testName>TestCase01.test54</testName>
          <skipped>false</skipped>
          <failedSince>0</failedSince>
        </case>
        <case>
          <duration>2.565</duration>
          <className>TestPNQMTraffic</className>
          <testName>TestCase01.test55</testName>
          <skipped>false</skipped>
          <failedSince>0</failedSince>
        </case>
        <case>
          <duration>4.312</duration>
          <className>TestPNQMTraffic</className>
          <testName>TestCase01.test56</testName>
          <skipped>false</skipped>
          <failedSince>0</failedSince>
        </case>
        <case>
          <duration>2.695</duration>
          <className>TestPNQMTraffic</className>
          <testName>TestCase01.test57</testName>
          <skipped>false</skipped>
          <failedSince>0</failedSince>
        </case>
        <case>
          <duration>2.063</duration>
          <className>TestPNQMTraffic</className>
          <testName>TestCase01.test58</testName>
          <skipped>false</skipped>
          <failedSince>0</failedSince>
        </case>
        <case>
          <duration>1.648</duration>
          <className>TestPNQMTraffic</className>
          <testName>TestCase01.test59</testName>
          <skipped>false</skipped>
          <failedSince>0</failedSince>
        </case>
        <case>
          <duration>1.361</duration>
          <className>TestPNQMTraffic</className>
          <testName>TestCase01.test60</testName>
          <skipped>false</skipped>
          <failedSince>0</failedSince>
        </case>
        <case>
          <duration>42.507</duration>
          <className>TestPNQMTraffic</className>
          <testName>TestCase01.test61</testName>
          <skipped>false</skipped>
          <failedSince>0</failedSince>
        </case>
        <case>
          <duration>2.336</duration>
          <className>TestPNQMTraffic</className>
          <testName>TestCase01.test62</testName>
          <skipped>false</skipped>
          <failedSince>0</failedSince>
        </case>
        <case>
          <duration>36.676</duration>
          <className>TestPNQMTraffic</className>
          <testName>TestCase01.test63</testName>
          <skipped>false</skipped>
          <failedSince>0</failedSince>
        </case>
        <case>
          <duration>2.265</duration>
          <className>TestPNQMTraffic</className>
          <testName>TestCase01.test64</testName>
          <skipped>false</skipped>
          <failedSince>0</failedSince>
        </case>
        <case>
          <duration>19.401</duration>
          <className>TestPNQMTraffic</className>
          <testName>TestCase01.test65</testName>
          <skipped>false</skipped>
          <failedSince>0</failedSince>
        </case>
        <case>
          <duration>52.924</duration>
          <className>TestPNQMTraffic</className>
          <testName>TestCase01.test66</testName>
          <skipped>false</skipped>
          <failedSince>0</failedSince>
        </case>
        <case>
          <duration>20.569</duration>
          <className>TestPNQMTraffic</className>
          <testName>TestCase01.test67</testName>
          <skipped>false</skipped>
          <failedSince>0</failedSince>
        </case>
        <case>
          <duration>25.71</duration>
          <className>TestPNQMTraffic</className>
          <testName>TestCase01.test68</testName>
          <skipped>false</skipped>
          <failedSince>0</failedSince>
        </case>
        <case>
          <duration>27.796</duration>
          <className>TestPNQMTraffic</className>
          <testName>TestCase01.test69</testName>
          <skipped>false</skipped>
          <failedSince>0</failedSince>
        </case>
        <case>
          <duration>2.163</duration>
          <className>TestPNQMTraffic</className>
          <testName>TestCase01.test70</testName>
          <skipped>false</skipped>
          <failedSince>0</failedSince>
        </case>
      </cases>
    </suite>
    <suite>
      <file>/home/jenkins/workspace/Backend/CNE/test-results/TEST-cli-TestModules.xml</file>
      <name>cli.TestModules</name>
      <stdout>............................................................................[waiting for probed to restart.5s]
.....Test TestCase10 skipped in sandbox
.Test TestCase10 skipped in sandbox
.Test TestCase10 skipped in sandbox
.Test TestCase10 skipped in sandbox
.Test TestCase10 skipped in sandbox
.Test TestCase10 skipped in sandbox
.Test TestCase10 skipped in sandbox
.Test TestCase10 skipped in sandbox
.Test TestCase11 skipped because of insufficient capture buffer space (500)
.Test TestCase11 skip
...[truncated 1256 chars]...
of insufficient capture buffer space (500)
.Test TestCase16 skipped because of insufficient capture buffer space (500)
.Test TestCase16 skipped because of insufficient capture buffer space (500)
.Test TestCase16 skipped because of insufficient capture buffer space (500)
.Test TestCase16 skipped because of insufficient capture buffer space (500)
.Test TestCase16 skipped because of insufficient capture buffer space (500)
.Test TestCase17 skipped because of insufficient capture buffer space (500)
.</stdout>
      <stderr></stderr>
      <duration>589.736</duration>
      <timestamp>2019-10-31T08:43:47.801183</timestamp>
      <time>589.736</time>
      <enclosingBlocks/>
      <enclosingBlockNames/>
      <cases>
        <case>
          <duration>1.426</duration>
          <className>TestModules</className>
          <testName>TestCase01.test01</testName>
          <skipped>false</skipped>
          <failedSince>0</failedSince>
        </case>
        <case>
          <duration>0.009</duration>
          <className>TestModules</className>
          <testName>TestCase01.test02</testName>
          <skipped>false</skipped>
          <failedSince>0</failedSince>
        </case>
        <case>
          <duration>0.674</duration>
          <className>TestModules</className>
          <testName>TestCase01.test03</testName>
          <skipped>false</skipped>
          <failedSince>0</failedSince>
        </case>
        <case>
          <duration>0.467</duration>
          <className>TestModules</className>
          <testName>TestCase01.test04</testName>
          <skipped>false</skipped>
          <failedSince>0</failedSince>
        </case>
        <case>
          <duration>0.569</duration>
          <className>TestModules</className>
          <testName>TestCase01.test05</testName>
          <skipped>false</skipped>
          <failedSince>0</failedSince>
        </case>
        <case>
          <duration>0.668</duration>
          <className>TestModules</className>
          <testName>TestCase01.test06</testName>
          <skipped>false</skipped>
          <failedSince>0</failedSince>
        </case>
        <case>
          <duration>0.638</duration>
          <className>TestModules</className>
          <testName>TestCase01.test07</testName>
          <skipped>false</skipped>
          <failedSince>0</failedSince>
        </case>
        <case>
          <duration>0.643</duration>
          <className>TestModules</className>
          <testName>TestCase01.test08</testName>
          <skipped>false</skipped>
          <failedSince>0</failedSince>
        </case>
        <case>
          <duration>0.639</duration>
          <className>TestModules</className>
          <testName>TestCase01.test09</testName>
          <skipped>false</skipped>
          <failedSince>0</failedSince>
        </case>
        <case>
          <duration>0.988</duration>
          <className>TestModules</className>
          <testName>TestCase01.test10</testName>
          <skipped>false</skipped>
          <failedSince>0</failedSince>
        </case>
        <case>
          <duration>0.563</duration>
          <className>TestModules</className>
          <testName>TestCase01.test11</testName>
          <skipped>false</skipped>
          <failedSince>0</failedSince>
        </case>
        <case>
          <duration>1.79</duration>
          <className>TestModules</className>
          <testName>TestCase02.test01</testName>
          <skipped>false</skipped>
          <failedSince>0</failedSince>
        </case>
        <case>
          <duration>9.719</duration>
          <className>TestModules</className>
          <testName>TestCase02.test02a</testName>
          <skipped>false</skipped>
          <failedSince>0</failedSince>
        </case>
        <case>
          <duration>1.215</duration>
          <className>TestModules</className>
          <testName>TestCase02.test02b</testName>
          <skipped>false</skipped>
          <failedSince>0</failedSince>
        </case>
        <case>
          <duration>2.686</duration>
          <className>TestModules</className>
          <testName>TestCase02.test03a</testName>
          <skipped>false</skipped>
          <failedSince>0</failedSince>
        </case>
        <case>
          <duration>1.273</duration>
          <className>TestModules</className>
          <testName>TestCase02.test03b</testName>
          <skipped>false</skipped>
          <failedSince>0</failedSince>
        </case>
        <case>
          <duration>1.148</duration>
          <className>TestModules</className>
          <testName>TestCase02.test04</testName>
          <skipped>false</skipped>
          <failedSince>0</failedSince>
        </case>
        <case>
          <duration>1.073</duration>
          <className>TestModules</className>
          <testName>TestCase02.test05</testName>
          <skipped>false</skipped>
          <failedSince>0</failedSince>
        </case>
        <case>
          <duration>1.702</duration>
          <className>TestModules</className>
          <testName>TestCase02.test06</testName>
          <skipped>false</skipped>
          <failedSince>0</failedSince>
        </case>
        <case>
          <duration>0.885</duration>
          <className>TestModules</className>
          <testName>TestCase02.test07</testName>
          <skipped>false</skipped>
          <failedSince>0</failedSince>
        </case>
        <case>
          <duration>2.434</duration>
          <className>TestModules</className>
          <testName>TestCase02.test08</testName>
          <skipped>false</skipped>
          <failedSince>0</failedSince>
        </case>
        <case>
          <duration>2.75</duration>
          <className>TestModules</className>
          <testName>TestCase02.test09</testName>
          <skipped>false</skipped>
          <failedSince>0</failedSince>
        </case>
        <case>
          <duration>2.43</duration>
          <className>TestModules</className>
          <testName>TestCase02.test10</testName>
          <skipped>false</skipped>
          <failedSince>0</failedSince>
        </case>
        <case>
          <duration>2.497</duration>
          <className>TestModules</className>
          <testName>TestCase02.test11</testName>
          <skipped>false</skipped>
          <failedSince>0</failedSince>
        </case>
        <case>
          <duration>2.563</duration>
          <className>TestModules</className>
          <testName>TestCase02.test12</testName>
          <skipped>false</skipped>
          <failedSince>0</failedSince>
        </case>
        <case>
          <duration>22.657</duration>
          <className>TestModules</className>
          <testName>TestCase02.test13</testName>
          <skipped>false</skipped>
          <failedSince>0</failedSince>
        </case>
        <case>
          <duration>15.675</duration>
          <className>TestModules</className>
          <testName>TestCase02.test14</testName>
          <skipped>false</skipped>
          <failedSince>0</failedSince>
        </case>
        <case>
          <duration>2.694</duration>
          <className>TestModules</className>
          <testName>TestCase02.test15</testName>
          <skipped>false</skipped>
          <failedSince>0</failedSince>
        </case>
        <case>
          <duration>3.654</duration>
          <className>TestModules</className>
          <testName>TestCase02.test16</testName>
          <skipped>false</skipped>
          <failedSince>0</failedSince>
        </case>
        <case>
          <duration>3.536</duration>
          <className>TestModules</className>
          <testName>TestCase02.test17</testName>
          <skipped>false</skipped>
          <failedSince>0</failedSince>
        </case>
        <case>
          <duration>5.153</duration>
          <className>TestModules</className>
          <testName>TestCase03.test01_package_cmd_without_stdin</testName>
          <skipped>false</skipped>
          <failedSince>0</failedSince>
        </case>
        <case>
          <duration>4.032</duration>
          <className>TestModules</className>
          <testName>TestCase03.test02_package_cmd_module_not_exist</testName>
          <skipped>false</skipped>
          <failedSince>0</failedSince>
        </case>
        <case>
          <duration>4.522</duration>
          <className>TestModules</className>
          <testName>TestCase03.test03_package_cmd_ssh_cmd_script_not_exist</testName>
          <skipped>false</skipped>
          <failedSince>0</failedSince>
        </case>
        <case>
          <duration>3.789</duration>
          <className>TestModules</className>
          <testName>TestCase03.test04_package_cmd_with_stdin</testName>
          <skipped>false</skipped>
          <failedSince>0</failedSince>
        </case>
        <case>
          <duration>4.147</duration>
          <className>TestModules</className>
          <testName>TestCase03.test05_package_cmd_ssh_cmd_script_return_error</testName>
          <skipped>false</skipped>
          <failedSince>0</failedSince>
        </case>
        <case>
          <duration>3.263</duration>
          <className>TestModules</className>
          <testName>TestCase03.test06_package_cmd_missing_module_name</testName>
          <skipped>false</skipped>
          <failedSince>0</failedSince>
        </case>
        <case>
          <duration>2.501</duration>
          <className>TestModules</className>
          <testName>TestCase04.test01_normal_delete</testName>
          <skipped>false</skipped>
          <failedSince>0</failedSince>
        </case>
        <case>
          <duration>2.37</duration>
          <className>TestModules</className>
          <testName>TestCase04.test02_delete_force</testName>
          <skipped>false</skipped>
          <failedSince>0</failedSince>
        </case>
        <case>
          <duration>2.858</duration>
          <className>TestModules</className>
          <testName>TestCase04.test05_delete_internal_module_folder</testName>
          <skipped>false</skipped>
          <failedSince>0</failedSince>
        </case>
        <case>
          <duration>2.462</duration>
          <className>TestModules</className>
          <testName>TestCase04.test06_check_if_crontab_symlind_deleted</testName>
          <skipped>false</skipped>
          <failedSince>0</failedSince>
        </case>
        <case>
          <duration>13.974</duration>
          <className>TestModules</className>
          <testName>TestCase04.test07_uninstall_takes_too_much_time</testName>
          <skipped>false</skipped>
          <failedSince>0</failedSince>
        </case>
        <case>
          <duration>0.935</duration>
          <className>TestModules</className>
          <testName>TestCase05.test01</testName>
          <skipped>false</skipped>
          <failedSince>0</failedSince>
        </case>
        <case>
          <duration>0.957</duration>
          <className>TestModules</className>
          <testName>TestCase05.test02</testName>
          <skipped>false</skipped>
          <failedSince>0</failedSince>
        </case>
        <case>
          <duration>0.928</duration>
          <className>TestModules</className>
          <testName>TestCase05.test03</testName>
          <skipped>false</skipped>
          <failedSince>0</failedSince>
        </case>
        <case>
          <duration>0.919</duration>
          <className>TestModules</className>
          <testName>TestCase05.test04</testName>
          <skipped>false</skipped>
          <failedSince>0</failedSince>
        </case>
        <case>
          <duration>1.011</duration>
          <className>TestModules</className>
          <testName>TestCase05.test05</testName>
          <skipped>false</skipped>
          <failedSince>0</failedSince>
        </case>
        <case>
          <duration>0.991</duration>
          <className>TestModules</className>
          <testName>TestCase05.test06</testName>
          <skipped>false</skipped>
          <failedSince>0</failedSince>
        </case>
        <case>
          <duration>1.052</duration>
          <className>TestModules</className>
          <testName>TestCase05.test07</testName>
          <skipped>false</skipped>
          <failedSince>0</failedSince>
        </case>
        <case>
          <duration>0.915</duration>
          <className>TestModules</className>
          <testName>TestCase05.test08</testName>
          <skipped>false</skipped>
          <failedSince>0</failedSince>
        </case>
        <case>
          <duration>0.992</duration>
          <className>TestModules</className>
          <testName>TestCase05.test09</testName>
          <skipped>false</skipped>
          <failedSince>0</failedSince>
        </case>
        <case>
          <duration>6.432</duration>
          <className>TestModules</className>
          <testName>TestCase06.test01_starting_one_module</testName>
          <skipped>false</skipped>
          <failedSince>0</failedSince>
        </case>
        <case>
          <duration>8.207</duration>
          <className>TestModules</className>
          <testName>TestCase06.test02_check_if_module_partial_delete_is_eventually_removed</testName>
          <skipped>false</skipped>
          <failedSince>0</failedSince>
        </case>
        <case>
          <duration>8.565</duration>
          <className>TestModules</className>
          <testName>TestCase06.test02_check_if_module_partial_installed_is_removed</testName>
          <skipped>false</skipped>
          <failedSince>0</failedSince>
        </case>
        <case>
          <duration>13.162</duration>
          <className>TestModules</className>
          <testName>TestCase06.test02_check_if_module_partial_update_is_eventually_restored</testName>
          <skipped>false</skipped>
          <failedSince>0</failedSince>
        </case>
        <case>
          <duration>6.554</duration>
          <className>TestModules</className>
          <testName>TestCase06.test03_stoping_one_module</testName>
          <skipped>false</skipped>
          <failedSince>0</failedSince>
        </case>
        <case>
          <duration>7.519</duration>
          <className>TestModules</className>
          <testName>TestCase06.test05_starting_one_module_that_not_exist</testName>
          <skipped>false</skipped>
          <failedSince>0</failedSince>
        </case>
        <case>
          <duration>6.345</duration>
          <className>TestModules</className>
          <testName>TestCase06.test06_stoping_one_module_that_not_exist</testName>
          <skipped>false</skipped>
          <failedSince>0</failedSince>
        </case>
        <case>
          <duration>6.633</duration>
          <className>TestModules</className>
          <testName>TestCase06.test08_no_crontab_warning</testName>
          <skipped>false</skipped>
          <failedSince>0</failedSince>
        </case>
        <case>
          <duration>10.822</duration>
          <className>TestModules</className>
          <testName>TestCase06.test09_stopped_module_should_not_be_shut_down_on_pyrest_shutdown</testName>
          <skipped>false</skipped>
          <failedSince>0</failedSince>
        </case>
        <case>
          <duration>7.056</duration>
          <className>TestModules</className>
          <testName>TestCase06.test10_not_started_module_do_not_call_shutdown_script</testName>
          <skipped>false</skipped>
          <failedSince>0</failedSince>
        </case>
        <case>
          <duration>16.422</duration>
          <className>TestModules</className>
          <testName>TestCase07.test01_disk_usage_below_limit</testName>
          <skipped>false</skipped>
          <failedSince>0</failedSince>
        </case>
        <case>
          <duration>13.257</duration>
          <className>TestModules</className>
          <testName>TestCase07.test02_disk_usage_above_limit</testName>
          <skipped>false</skipped>
          <failedSince>0</failedSince>
        </case>
        <case>
          <duration>15.067</duration>
          <className>TestModules</className>
          <testName>TestCase07.test03_BQM_53734</testName>
          <skipped>false</skipped>
          <failedSince>0</failedSince>
        </case>
        <case>
          <duration>13.253</duration>
          <className>TestModules</className>
          <testName>TestCase08.test01</testName>
          <skipped>false</skipped>
          <failedSince>0</failedSince>
        </case>
        <case>
          <duration>14.44</duration>
          <className>TestModules</className>
          <testName>TestCase08.test02</testName>
          <skipped>false</skipped>
          <failedSince>0</failedSince>
        </case>
        <case>
          <duration>14.196</duration>
          <className>TestModules</className>
          <testName>TestCase08.test03</testName>
          <skipped>false</skipped>
          <failedSince>0</failedSince>
        </case>
        <case>
          <duration>17.097</duration>
          <className>TestModules</className>
          <testName>TestCase08.test04</testName>
          <skipped>false</skipped>
          <failedSince>0</failedSince>
        </case>
        <case>
          <duration>16.081</duration>
          <className>TestModules</className>
          <testName>TestCase08.test05</testName>
          <skipped>false</skipped>
          <failedSince>0</failedSince>
        </case>
        <case>
          <duration>19.363</duration>
          <className>TestModules</className>
          <testName>TestCase08.test06</testName>
          <skipped>false</skipped>
          <failedSince>0</failedSince>
        </case>
        <case>
          <duration>15.279</duration>
          <className>TestModules</className>
          <testName>TestCase08.test07</testName>
          <skipped>false</skipped>
          <failedSince>0</failedSince>
        </case>
        <case>
          <duration>17.195</duration>
          <className>TestModules</className>
          <testName>TestCase08.test08</testName>
          <skipped>false</skipped>
          <failedSince>0</failedSince>
        </case>
        <case>
          <duration>14.17</duration>
          <className>TestModules</className>
          <testName>TestCase08.test09</testName>
          <skipped>false</skipped>
          <failedSince>0</failedSince>
        </case>
        <case>
          <duration>17.077</duration>
          <className>TestModules</className>
          <testName>TestCase08.test10</testName>
          <skipped>false</skipped>
          <failedSince>0</failedSince>
        </case>
        <case>
          <duration>39.039</duration>
          <className>TestModules</className>
          <testName>TestCase08.test11</testName>
          <skipped>false</skipped>
          <failedSince>0</failedSince>
        </case>
        <case>
          <duration>30.125</duration>
          <className>TestModules</className>
          <testName>TestCase08.test12</testName>
          <skipped>false</skipped>
          <failedSince>0</failedSince>
        </case>
        <case>
          <duration>15.015</duration>
          <className>TestModules</className>
          <testName>TestCase08.test13</testName>
          <skipped>false</skipped>
          <failedSince>0</failedSince>
        </case>
        <case>
          <duration>62.457</duration>
          <className>TestModules</className>
          <testName>TestCase08.test14</testName>
          <skipped>false</skipped>
          <failedSince>0</failedSince>
        </case>
        <case>
          <duration>2.342</duration>
          <className>TestModules</className>
          <testName>TestCase09.test01_non_existing_module</testName>
          <skipped>false</skipped>
          <failedSince>0</failedSince>
        </case>
        <case>
          <duration>2.373</duration>
          <className>TestModules</className>
          <testName>TestCase09.test02_check_completeness_of_info</testName>
          <skipped>false</skipped>
          <failedSince>0</failedSince>
        </case>
        <case>
          <duration>2.487</duration>
          <className>TestModules</className>
          <testName>TestCase09.test03_check_autocomplete</testName>
          <skipped>false</skipped>
          <failedSince>0</failedSince>
        </case>
        <case>
          <duration>4.238</duration>
          <className>TestModules</className>
          <testName>TestCase09.test04_show_module_empty_name</testName>
          <skipped>false</skipped>
          <failedSince>0</failedSince>
        </case>
        <case>
          <duration>0.0</duration>
          <className>TestModules</className>
          <testName>TestCase10.test01_retrieve_diagnostics</testName>
          <skipped>false</skipped>
          <failedSince>0</failedSince>
        </case>
        <case>
          <duration>0.0</duration>
          <className>TestModules</className>
          <testName>TestCase10.test02_retrieve_diagnostics_script_doesnt_exist</testName>
          <skipped>false</skipped>
          <failedSince>0</failedSince>
        </case>
        <case>
          <duration>0.0</duration>
          <className>TestModules</className>
          <testName>TestCase10.test03_retrieve_diagnostics_script_is_not_executable</testName>
          <skipped>false</skipped>
          <failedSince>0</failedSince>
        </case>
        <case>
          <duration>0.0</duration>
          <className>TestModules</className>
          <testName>TestCase10.test04_retrieve_diagnostics_script_fails</testName>
          <skipped>false</skipped>
          <failedSince>0</failedSince>
        </case>
        <case>
          <duration>0.0</duration>
          <className>TestModules</className>
          <testName>TestCase10.test05_truncating_diagnostics</testName>
          <skipped>false</skipped>
          <failedSince>0</failedSince>
        </case>
        <case>
          <duration>0.0</duration>
          <className>TestModules</className>
          <testName>TestCase10.test06_show_module_output_in_diagnostics</testName>
          <skipped>false</skipped>
          <failedSince>0</failedSince>
        </case>
        <case>
          <duration>0.0</duration>
          <className>TestModules</className>
          <testName>TestCase10.test07_capture_stderr_while_generating_diagnostics</testName>
          <skipped>false</skipped>
          <failedSince>0</failedSince>
        </case>
        <case>
          <duration>0.0</duration>
          <className>TestModules</className>
          <testName>TestCase10.test08_include_modules_fail_install_log</testName>
          <skipped>false</skipped>
          <failedSince>0</failedSince>
        </case>
        <case>
          <duration>0.0</duration>
          <className>TestModules</className>
          <testName>TestCase11.test01_module_starts_after_installation_when_enough_memory</testName>
          <skipped>false</skipped>
          <failedSince>0</failedSince>
        </case>
        <case>
          <duration>0.0</duration>
          <className>TestModules</className>
          <testName>TestCase11.test02_module_starts_after_only_after_changes_in_probe</testName>
          <skipped>false</skipped>
          <failedSince>0</failedSince>
        </case>
        <case>
          <duration>0.0</duration>
          <className>TestModules</className>
          <testName>TestCase11.test03_module_is_not_started_when_use_whole_disk_limit</testName>
          <skipped>false</skipped>
          <failedSince>0</failedSince>
        </case>
        <case>
          <duration>0.0</duration>
          <className>TestModules</className>
          <testName>TestCase11.test04_all_modules_show_not_enough_memory</testName>
          <skipped>false</skipped>
          <failedSince>0</failedSince>
        </case>
        <case>
          <duration>0.0</duration>
          <className>TestModules</className>
          <testName>TestCase11.test04_install_uninstall</testName>
          <skipped>false</skipped>
          <failedSince>0</failedSince>
        </case>
        <case>
          <duration>0.0</duration>
          <className>TestModules</className>
          <testName>TestCase11.test05_after_reducing_av_memory_modules_are_stopped</testName>
          <skipped>false</skipped>
          <failedSince>0</failedSince>
        </case>
        <case>
          <duration>0.0</duration>
          <className>TestModules</className>
          <testName>TestCase11.test06_modules_start_when_probed_restart_is_completed</testName>
          <skipped>false</skipped>
          <failedSince>0</failedSince>
        </case>
        <case>
          <duration>0.0</duration>
          <className>TestModules</className>
          <testName>TestCase12.test01_with_and_without_alerts</testName>
          <skipped>false</skipped>
          <failedSince>0</failedSince>
        </case>
        <case>
          <duration>0.0</duration>
          <className>TestModules</className>
          <testName>TestCase12.test02_two_modules</testName>
          <skipped>false</skipped>
          <failedSince>0</failedSince>
        </case>
        <case>
          <duration>0.0</duration>
          <className>TestModules</className>
          <testName>TestCase12.test03_failed_module_startup</testName>
          <skipped>false</skipped>
          <failedSince>0</failedSince>
        </case>
        <case>
          <duration>0.0</duration>
          <className>TestModules</className>
          <testName>TestCase12.test04_not_using_detailed_status</testName>
          <skipped>false</skipped>
          <failedSince>0</failedSince>
        </case>
        <case>
          <duration>0.0</duration>
          <className>TestModules</className>
          <testName>TestCase13.test01_start_stop_module_check_crontab</testName>
          <skipped>false</skipped>
          <failedSince>0</failedSince>
        </case>
        <case>
          <duration>0.0</duration>
          <className>TestModules</className>
          <testName>TestCase14.test01</testName>
          <skipped>false</skipped>
          <failedSince>0</failedSince>
        </case>
        <case>
          <duration>0.0</duration>
          <className>TestModules</className>
          <testName>TestCase14.test02_start_if_probed_started</testName>
          <skipped>false</skipped>
          <failedSince>0</failedSince>
        </case>
        <case>
          <duration>0.0</duration>
          <className>TestModules</className>
          <testName>TestCase15.test01</testName>
          <skipped>false</skipped>
          <failedSince>0</failedSince>
        </case>
        <case>
          <duration>0.0</duration>
          <className>TestModules</className>
          <testName>TestCase15.test02</testName>
          <skipped>false</skipped>
          <failedSince>0</failedSince>
        </case>
        <case>
          <duration>0.0</duration>
          <className>TestModules</className>
          <testName>TestCase16.test01_stop_and_start_module</testName>
          <skipped>false</skipped>
          <failedSince>0</failedSince>
        </case>
        <case>
          <duration>0.0</duration>
          <className>TestModules</className>
          <testName>TestCase16.test02_install_and_stop_module</testName>
          <skipped>false</skipped>
          <failedSince>0</failedSince>
        </case>
        <case>
          <duration>0.0</duration>
          <className>TestModules</className>
          <testName>TestCase16.test03_test_start_nonexistent_module</testName>
          <skipped>false</skipped>
          <failedSince>0</failedSince>
        </case>
        <case>
          <duration>0.0</duration>
          <className>TestModules</className>
          <testName>TestCase16.test04_test_stop_nonexistent_module</testName>
          <skipped>false</skipped>
          <failedSince>0</failedSince>
        </case>
        <case>
          <duration>0.0</duration>
          <className>TestModules</className>
          <testName>TestCase16.test05_test_module_stop_cli</testName>
          <skipped>false</skipped>
          <failedSince>0</failedSince>
        </case>
        <case>
          <duration>0.0</duration>
          <className>TestModules</className>
          <testName>TestCase16.test05_test_stop_disable_module</testName>
          <skipped>false</skipped>
          <failedSince>0</failedSince>
        </case>
        <case>
          <duration>0.0</duration>
          <className>TestModules</className>
          <testName>TestCase16.test06_module_start_fails_insufficient_memory</testName>
          <skipped>false</skipped>
          <failedSince>0</failedSince>
        </case>
        <case>
          <duration>0.0</duration>
          <className>TestModules</className>
          <testName>TestCase16.test07_test_module_start_stop_command_completion</testName>
          <skipped>false</skipped>
          <failedSince>0</failedSince>
        </case>
        <case>
          <duration>0.0</duration>
          <className>TestModules</className>
          <testName>TestCase16.test08_startup_script_failure_status</testName>
          <skipped>false</skipped>
          <failedSince>0</failedSince>
        </case>
        <case>
          <duration>0.0</duration>
          <className>TestModules</className>
          <testName>TestCase16.test09_shutdown_script_failure_status</testName>
          <skipped>false</skipped>
          <failedSince>0</failedSince>
        </case>
        <case>
          <duration>0.0</duration>
          <className>TestModules</className>
          <testName>TestCase17.test01</testName>
          <skipped>false</skipped>
          <failedSince>0</failedSince>
        </case>
      </cases>
    </suite>
    <suite>
      <file>/home/jenkins/workspace/Backend/CNE@12/test-results/TEST-rest-TestRestNatDomain.xml</file>
      <name>rest.TestRestNatDomain</name>
      <stdout>Test skipped on the CorvilNet Engine
.Test skipped on the CorvilNet Engine
.Test skipped on the CorvilNet Engine
.Test skipped on the CorvilNet Engine
.Test skipped on the CorvilNet Engine
.Test skipped on the CorvilNet Engine
.Test skipped on the CorvilNet Engine
.Test skipped on the CorvilNet Engine
.Test skipped on the CorvilNet Engine
.Test skipped on the CorvilNet Engine
.</stdout>
      <stderr></stderr>
      <duration>19.629</duration>
      <timestamp>2019-10-31T08:53:21.448550</timestamp>
      <time>19.629</time>
      <enclosingBlocks/>
      <enclosingBlockNames/>
      <cases>
        <case>
          <duration>19.503</duration>
          <className>TestRestNatDomain</className>
          <testName>TestCase01.test01</testName>
          <skipped>false</skipped>
          <failedSince>0</failedSince>
        </case>
        <case>
          <duration>0.011</duration>
          <className>TestRestNatDomain</className>
          <testName>TestCase01.test02</testName>
          <skipped>false</skipped>
          <failedSince>0</failedSince>
        </case>
        <case>
          <duration>0.011</duration>
          <className>TestRestNatDomain</className>
          <testName>TestCase01.test03</testName>
          <skipped>false</skipped>
          <failedSince>0</failedSince>
        </case>
        <case>
          <duration>0.011</duration>
          <className>TestRestNatDomain</className>
          <testName>TestCase01.test04</testName>
          <skipped>false</skipped>
          <failedSince>0</failedSince>
        </case>
        <case>
          <duration>0.011</duration>
          <className>TestRestNatDomain</className>
          <testName>TestCase01.test05</testName>
          <skipped>false</skipped>
          <failedSince>0</failedSince>
        </case>
        <case>
          <duration>0.013</duration>
          <className>TestRestNatDomain</className>
          <testName>TestCase01.test06</testName>
          <skipped>false</skipped>
          <failedSince>0</failedSince>
        </case>
        <case>
          <duration>0.019</duration>
          <className>TestRestNatDomain</className>
          <testName>TestCase01.test07</testName>
          <skipped>false</skipped>
          <failedSince>0</failedSince>
        </case>
        <case>
          <duration>0.013</duration>
          <className>TestRestNatDomain</className>
          <testName>TestCase01.test08</testName>
          <skipped>false</skipped>
          <failedSince>0</failedSince>
        </case>
        <case>
          <duration>0.019</duration>
          <className>TestRestNatDomain</className>
          <testName>TestCase01.test09</testName>
          <skipped>false</skipped>
          <failedSince>0</failedSince>
        </case>
        <case>
          <duration>0.017</duration>
          <className>TestRestNatDomain</className>
          <testName>TestCase01.test10</testName>
          <skipped>false</skipped>
          <failedSince>0</failedSince>
        </case>
      </cases>
    </suite>
    <suite>
      <file>/home/jenkins/workspace/Backend/CNE@11/test-results/TEST-cli-TestSensor.xml</file>
      <name>cli.TestSensor</name>
      <stdout>
TestCase01.test01_Sensor_CLI_object_manipulation: Simple Sensor CLI object manipulation
[waiting for probed to restart.5s]
.
TestCase01.test02_Sensor_adress_command: Sensor adress command
.
TestCase01.test03_Sensor_remoteinterface_command: &quot;Sensor remote-interface command
.
TestCase01.test04_Sensor_limits
.
TestCase01.test05_Sensor_remote_interface_with_settings_command: Sensor remote-interface with settings command
.
TestCase01.test06_Attached_sensor_syntax: BQM-48163 attached-sensors function
...[truncated 3203 chars]...
rule
.Test skipped on the CorvilNet Engine
.Test skipped on the CorvilNet Engine
.Test skipped on the CorvilNet Engine
.Test skipped on the CorvilNet Engine
.Test skipped on the CorvilNet Engine
.Test skipped on the CorvilNet Engine
.Test skipped on the CorvilNet Engine
.Test skipped on the CorvilNet Engine
.Test skipped on the CorvilNet Engine
.Test skipped on the CorvilNet Engine
.Test skipped on the CorvilNet Engine
.Test skipped on the CorvilNet Engine
.Test skipped on the CorvilNet Engine
.</stdout>
      <stderr></stderr>
      <duration>562.854</duration>
      <timestamp>2019-10-31T08:44:19.126227</timestamp>
      <time>562.854</time>
      <enclosingBlocks/>
      <enclosingBlockNames/>
      <cases>
        <case>
          <duration>61.111</duration>
          <className>TestSensor</className>
          <testName>TestCase01.test01_Sensor_CLI_object_manipulation</testName>
          <skipped>false</skipped>
          <failedSince>0</failedSince>
        </case>
        <case>
          <duration>0.095</duration>
          <className>TestSensor</className>
          <testName>TestCase01.test02_Sensor_adress_command</testName>
          <skipped>false</skipped>
          <failedSince>0</failedSince>
        </case>
        <case>
          <duration>0.327</duration>
          <className>TestSensor</className>
          <testName>TestCase01.test03_Sensor_remoteinterface_command</testName>
          <skipped>false</skipped>
          <failedSince>0</failedSince>
        </case>
        <case>
          <duration>2.226</duration>
          <className>TestSensor</className>
          <testName>TestCase01.test04_Sensor_limits</testName>
          <skipped>false</skipped>
          <failedSince>0</failedSince>
        </case>
        <case>
          <duration>1.955</duration>
          <className>TestSensor</className>
          <testName>TestCase01.test05_Sensor_remote_interface_with_settings_command</testName>
          <skipped>false</skipped>
          <failedSince>0</failedSince>
        </case>
        <case>
          <duration>1.875</duration>
          <className>TestSensor</className>
          <testName>TestCase01.test06_Attached_sensor_syntax</testName>
          <skipped>false</skipped>
          <failedSince>0</failedSince>
        </case>
        <case>
          <duration>297.116</duration>
          <className>TestSensor</className>
          <testName>TestCase01.test07_Creating_and_deleting_sensors_quickly</testName>
          <skipped>false</skipped>
          <failedSince>0</failedSince>
        </case>
        <case>
          <duration>4.465</duration>
          <className>TestSensor</className>
          <testName>TestCase01.test08_Sensor_CLI_ShowSensors</testName>
          <skipped>false</skipped>
          <failedSince>0</failedSince>
        </case>
        <case>
          <duration>14.062</duration>
          <className>TestSensor</className>
          <testName>TestCase01.test09_Clear_Counter_Sensors</testName>
          <skipped>false</skipped>
          <failedSince>0</failedSince>
        </case>
        <case>
          <duration>2.207</duration>
          <className>TestSensor</className>
          <testName>TestCase01.test10_Sensor_disable_command</testName>
          <skipped>false</skipped>
          <failedSince>0</failedSince>
        </case>
        <case>
          <duration>1.02</duration>
          <className>TestSensor</className>
          <testName>TestCase01.test11_Sensor_add_when_already_exists</testName>
          <skipped>false</skipped>
          <failedSince>0</failedSince>
        </case>
        <case>
          <duration>1.841</duration>
          <className>TestSensor</className>
          <testName>TestCase01.test12_Sensor_show_and_wildcards</testName>
          <skipped>false</skipped>
          <failedSince>0</failedSince>
        </case>
        <case>
          <duration>2.603</duration>
          <className>TestSensor</className>
          <testName>TestCase01.test13_test_custom_sensor_id</testName>
          <skipped>false</skipped>
          <failedSince>0</failedSince>
        </case>
        <case>
          <duration>1.516</duration>
          <className>TestSensor</className>
          <testName>TestCase01.test14_test_self_attahed_cmd</testName>
          <skipped>false</skipped>
          <failedSince>0</failedSince>
        </case>
        <case>
          <duration>4.912</duration>
          <className>TestSensor</className>
          <testName>TestCase01.test15_test_address_remote_interface_commented_for_self_attached</testName>
          <skipped>false</skipped>
          <failedSince>0</failedSince>
        </case>
        <case>
          <duration>2.542</duration>
          <className>TestSensor</className>
          <testName>TestCase01.test16_self_attach_sensor_does_not_convert_manual_sensor</testName>
          <skipped>false</skipped>
          <failedSince>0</failedSince>
        </case>
        <case>
          <duration>4.265</duration>
          <className>TestSensor</className>
          <testName>TestCase01.test17_self_attach_sensor_dosent_connect_address_mismatch</testName>
          <skipped>false</skipped>
          <failedSince>0</failedSince>
        </case>
        <case>
          <duration>5.886</duration>
          <className>TestSensor</className>
          <testName>TestCase01.test18_self_attach_sensor_connects_to_empty_sensor_object</testName>
          <skipped>false</skipped>
          <failedSince>0</failedSince>
        </case>
        <case>
          <duration>3.848</duration>
          <className>TestSensor</className>
          <testName>TestCase01.test19_self_attach_sensor_connects_to_address_match__sensor_object</testName>
          <skipped>false</skipped>
          <failedSince>0</failedSince>
        </case>
        <case>
          <duration>1.869</duration>
          <className>TestSensor</className>
          <testName>TestCase01.test20_test_missing_attributes_warnings</testName>
          <skipped>false</skipped>
          <failedSince>0</failedSince>
        </case>
        <case>
          <duration>4.398</duration>
          <className>TestSensor</className>
          <testName>TestCase01.test21_self_attach_with_bpf_filter_change</testName>
          <skipped>false</skipped>
          <failedSince>0</failedSince>
        </case>
        <case>
          <duration>5.765</duration>
          <className>TestSensor</className>
          <testName>TestCase01.test22_self_attached_replace_config</testName>
          <skipped>false</skipped>
          <failedSince>0</failedSince>
        </case>
        <case>
          <duration>1.773</duration>
          <className>TestSensor</className>
          <testName>TestCase01.test23_BQM_58557_check_sensor_address_max_length</testName>
          <skipped>false</skipped>
          <failedSince>0</failedSince>
        </case>
        <case>
          <duration>2.307</duration>
          <className>TestSensor</className>
          <testName>TestCase01.test24_BQM_58556_check_max_capture_interface_length</testName>
          <skipped>false</skipped>
          <failedSince>0</failedSince>
        </case>
        <case>
          <duration>107.369</duration>
          <className>TestSensor</className>
          <testName>TestCase02.test06_Basic_match_sensor</testName>
          <skipped>false</skipped>
          <failedSince>0</failedSince>
        </case>
        <case>
          <duration>3.238</duration>
          <className>TestSensor</className>
          <testName>TestCase02.test07_Error_deleting_referenced_sensor</testName>
          <skipped>false</skipped>
          <failedSince>0</failedSince>
        </case>
        <case>
          <duration>14.302</duration>
          <className>TestSensor</className>
          <testName>TestCase02.test08_BQM47422_crash_when_custom_pnqm_enabled_in_session</testName>
          <skipped>false</skipped>
          <failedSince>0</failedSince>
        </case>
        <case>
          <duration>6.112</duration>
          <className>TestSensor</className>
          <testName>TestCase02.test09_Semantic_check_match_all</testName>
          <skipped>false</skipped>
          <failedSince>0</failedSince>
        </case>
        <case>
          <duration>1.842</duration>
          <className>TestSensor</className>
          <testName>TestCase02.test10_Semantic_check_mapping_rule</testName>
          <skipped>false</skipped>
          <failedSince>0</failedSince>
        </case>
        <case>
          <duration>0.0</duration>
          <className>TestSensor</className>
          <testName>TestCase05.test01_Semantic_checks_attached_sensors</testName>
          <skipped>false</skipped>
          <failedSince>0</failedSince>
        </case>
        <case>
          <duration>0.0</duration>
          <className>TestSensor</className>
          <testName>TestCase05.test02_Export_attached_sensors_from_CMC</testName>
          <skipped>false</skipped>
          <failedSince>0</failedSince>
        </case>
        <case>
          <duration>0.0</duration>
          <className>TestSensor</className>
          <testName>TestCase05.test03_Export_match_sensor_from_CMC</testName>
          <skipped>false</skipped>
          <failedSince>0</failedSince>
        </case>
        <case>
          <duration>0.0</duration>
          <className>TestSensor</className>
          <testName>TestCase05.test04_Semantic_check_match_all_on_CMC</testName>
          <skipped>false</skipped>
          <failedSince>0</failedSince>
        </case>
        <case>
          <duration>0.0</duration>
          <className>TestSensor</className>
          <testName>TestCase05.test05_Collapse_match_all_after_deleting_all_match_sensor_rules</testName>
          <skipped>false</skipped>
          <failedSince>0</failedSince>
        </case>
        <case>
          <duration>0.0</duration>
          <className>TestSensor</className>
          <testName>TestCase05.test06_Attached_sensor_context_help</testName>
          <skipped>false</skipped>
          <failedSince>0</failedSince>
        </case>
        <case>
          <duration>0.0</duration>
          <className>TestSensor</className>
          <testName>TestCase05.test07_Copy_replace_config_broken_on_CMC</testName>
          <skipped>false</skipped>
          <failedSince>0</failedSince>
        </case>
        <case>
          <duration>0.0</duration>
          <className>TestSensor</className>
          <testName>TestCase05.test08_sensor_and_copy_config</testName>
          <skipped>false</skipped>
          <failedSince>0</failedSince>
        </case>
        <case>
          <duration>0.0</duration>
          <className>TestSensor</className>
          <testName>TestCase05.test09_CLI_sensor_context_access_on_CMC</testName>
          <skipped>false</skipped>
          <failedSince>0</failedSince>
        </case>
        <case>
          <duration>0.0</duration>
          <className>TestSensor</className>
          <testName>TestCase05.test11_Semantic_check_mapping_rule_on_CMC</testName>
          <skipped>false</skipped>
          <failedSince>0</failedSince>
        </case>
        <case>
          <duration>0.0</duration>
          <className>TestSensor</className>
          <testName>TestCase05.test12_BQM_49563_check_cne_referenced_by_sensor_disallowed_delete</testName>
          <skipped>false</skipped>
          <failedSince>0</failedSince>
        </case>
        <case>
          <duration>0.0</duration>
          <className>TestSensor</className>
          <testName>TestCase05.test13_multiply_match_with_missing_sensor</testName>
          <skipped>false</skipped>
          <failedSince>0</failedSince>
        </case>
        <case>
          <duration>0.0</duration>
          <className>TestSensor</className>
          <testName>TestCase05.test_BQM48901_CMC_Sensor_limits</testName>
          <skipped>false</skipped>
          <failedSince>0</failedSince>
        </case>
      </cases>
    </suite>
    <suite>
      <file>/home/jenkins/workspace/Backend/CNE@17/test-results/TEST-cli-TestMeasuresDescription.xml</file>
      <name>cli.TestMeasuresDescription</name>
      <stdout>.........</stdout>
      <stderr></stderr>
      <duration>23.704</duration>
      <timestamp>2019-10-31T08:53:23.504285</timestamp>
      <time>23.704</time>
      <enclosingBlocks/>
      <enclosingBlockNames/>
      <cases>
        <case>
          <duration>23.347</duration>
          <className>TestMeasuresDescription</className>
          <testName>TestCase00.test00</testName>
          <skipped>false</skipped>
          <failedSince>0</failedSince>
        </case>
        <case>
          <duration>0.051</duration>
          <className>TestMeasuresDescription</className>
          <testName>TestCase01.test00</testName>
          <skipped>false</skipped>
          <failedSince>0</failedSince>
        </case>
        <case>
          <duration>0.098</duration>
          <className>TestMeasuresDescription</className>
          <testName>TestCase01.test01</testName>
          <skipped>false</skipped>
          <failedSince>0</failedSince>
        </case>
        <case>
          <duration>0.102</duration>
          <className>TestMeasuresDescription</className>
          <testName>TestCase01.test02</testName>
          <skipped>false</skipped>
          <failedSince>0</failedSince>
        </case>
        <case>
          <duration>0.051</duration>
          <className>TestMeasuresDescription</className>
          <testName>TestCase01.test03</testName>
          <skipped>false</skipped>
          <failedSince>0</failedSince>
        </case>
        <case>
          <duration>0.008</duration>
          <className>TestMeasuresDescription</className>
          <testName>TestCase01.test04</testName>
          <skipped>false</skipped>
          <failedSince>0</failedSince>
        </case>
        <case>
          <duration>0.016</duration>
          <className>TestMeasuresDescription</className>
          <testName>TestCase01.test05</testName>
          <skipped>false</skipped>
          <failedSince>0</failedSince>
        </case>
        <case>
          <duration>0.018</duration>
          <className>TestMeasuresDescription</className>
          <testName>TestCase01.test06</testName>
          <skipped>false</skipped>
          <failedSince>0</failedSince>
        </case>
        <case>
          <duration>0.011</duration>
          <className>TestMeasuresDescription</className>
          <testName>TestCase01.test07</testName>
          <skipped>false</skipped>
          <failedSince>0</failedSince>
        </case>
      </cases>
    </suite>
    <suite>
      <file>/home/jenkins/workspace/Backend/CNE@2/test-results/TEST-rest-TestRestDefaultClass.xml</file>
      <name>rest.TestRestDefaultClass</name>
      <stdout>....</stdout>
      <stderr></stderr>
      <duration>19.487</duration>
      <timestamp>2019-10-31T08:53:32.429006</timestamp>
      <time>19.487</time>
      <enclosingBlocks/>
      <enclosingBlockNames/>
      <cases>
        <case>
          <duration>19.38</duration>
          <className>TestRestDefaultClass</className>
          <testName>TestCase01.test01</testName>
          <skipped>false</skipped>
          <failedSince>0</failedSince>
        </case>
        <case>
          <duration>0.036</duration>
          <className>TestRestDefaultClass</className>
          <testName>TestCase01.test02</testName>
          <skipped>false</skipped>
          <failedSince>0</failedSince>
        </case>
        <case>
          <duration>0.023</duration>
          <className>TestRestDefaultClass</className>
          <testName>TestCase01.test03</testName>
          <skipped>false</skipped>
          <failedSince>0</failedSince>
        </case>
        <case>
          <duration>0.048</duration>
          <className>TestRestDefaultClass</className>
          <testName>TestCase01.test04</testName>
          <skipped>false</skipped>
          <failedSince>0</failedSince>
        </case>
      </cases>
    </suite>
    <suite>
      <file>/home/jenkins/workspace/Backend/CNE@5/test-results/TEST-cli-TestSysread.xml</file>
      <name>cli.TestSysread</name>
      <stdout>...</stdout>
      <stderr></stderr>
      <duration>21.55</duration>
      <timestamp>2019-10-31T08:53:36.398718</timestamp>
      <time>21.550</time>
      <enclosingBlocks/>
      <enclosingBlockNames/>
      <cases>
        <case>
          <duration>19.845</duration>
          <className>TestSysread</className>
          <testName>TestCase01.test01</testName>
          <skipped>false</skipped>
          <failedSince>0</failedSince>
        </case>
        <case>
          <duration>1.488</duration>
          <className>TestSysread</className>
          <testName>TestCase01.test02</testName>
          <skipped>false</skipped>
          <failedSince>0</failedSince>
        </case>
        <case>
          <duration>0.217</duration>
          <className>TestSysread</className>
          <testName>TestCase01.test03</testName>
          <skipped>false</skipped>
          <failedSince>0</failedSince>
        </case>
      </cases>
    </suite>
    <suite>
      <file>/home/jenkins/workspace/Backend/CNE@3/test-results/TEST-capture-TestFlowIndex.xml</file>
      <name>capture.TestFlowIndex</name>
      <stdout>
TestCase01.test01
Running with indexFields=False flush=False
Running with indexFields=False flush=True
.
TestCase01.test02
Running with indexFields=True flush=False
Running with indexFields=True flush=True
.
TestCase01.test03
.
TestCase01.test04
.
TestCase02.test01: Messages with background traffic
.
TestCase02.test02: Short random traffic test
Running at 10000 PPS for 30s
Sending on PortA, runtime 0.0s
Sending on PortB, runtime 8.9s
Sending on PortA, runtime 17.9s
Sending on PortB, runtime 27.1s
Event Retrieval Command:    channel//local-cne///PortA 1572511378000 1572511416000 38 PACKET_COUNT
Event Retrieval Command:    channel//local-cne///PortA 1572511320000 1572511440000 2 PACKET_COUNT
.
TestCase02.test03: Random traffic test with reduced flush interval
Test test03 skipped in sandbox
.
TestCase02.test04: Flow index with discovered child sessions
.
TestCase02.test05: Validate presence of quotes on the Application field of &apos;summaries applications&apos;
.
TestCase02.test06_deleted_unstable_app_quoted: Validates that deleted and unstable flag in application field is inside quotes.
.
TestCase02.test07_random_traffic_test_reduced_slots: Short random traffic test with reduced max slots
Running at 10000 PPS for 30s
Sending on PortA, runtime 0.0s
Sending on PortB, runtime 8.8s
Sending on PortA, runtime 17.7s
Sending on PortB, runtime 26.8s
Event Retrieval Command:    channel//local-cne///PortA 1572511500000 1572511538000 38 PACKET_COUNT
Event Retrieval Command:    channel//local-cne///PortA 1572511500000 1572511560000 1 PACKET_COUNT
.Checking flush on probed restart
[waiting for probed to restart.3s]
.
TestCase04.test01: Client-server direction flag is properly saved in the cpc file. Using simple TCP flow to check for the direction is correct. Using simple UDP flow to check that direction flag is not set. Using UDP with FIX to check that the direction flag is set by decoder.
Replaying pcap...
Waiting for traffic to settle...
Flushing global search...
Closing everything...
Retrieving the CPC file...
.
TestCase04.test02: Client-server direction changes from unknown to known (from decoder). Using TCP/FTP flow without initial TCP syn/synack.
Replaying pcap...
Waiting for traffic to settle...
Flushing global search...
Closing everything...
Retrieving the CPC file...
.
TestCase04.test03: Client-server direction changes over time from one direction to other and back. Using UDP/FIX with two FIX flows. One flow changes the direction in the second to last packet and then back.
Replaying pcap...
Waiting for traffic to settle...
Flushing global search...
Closing everything...
Retrieving the CPC file...
.
TestCase04.test04_incorrect_third_direction: BQM-57282: The client to server direction after third change is incorrect.
Replaying pcap...
Waiting for traffic to settle...
Flushing global search...
Closing everything...
Retrieving the CPC file...
.
TestCase05.test01: Flows without direction - should result in (unknown) aggregation field.
.
TestCase05.test02: Multiple single point flows. All should be separated.
.
TestCase05.test03: Server with multiple clients - aggregation by server should lead to single entry. Aggregation by clients should lead to multiple entries.
.
TestCase05.test04: One client connecting to multiple servers - aggregation by client should lead to single entry. Aggregation by servers should lead to multiple entries.
.
TestCase06.test01_no_direction: Flows without a direction should be aggregated under single summary.
.
TestCase06.test02_client_to_servers: One client communicating with multiple servers in both ways.  The aggregation by flow direction should result in two summary entries - 0 and 1.
.
TestCase06.test03_unstable: Flows with unstable direction should be aggregated under their respective direction and displayed as (unstable).
.
TestCase07.test01_rtt_mean_out_of_bounds: BQM-57651: Incorrect TCP Src-side RTT mean (us) (out of min/max bounds)
.
TestCase07.test02_magic_file: Magic file should disable output of TCP stats.
[waiting for probed to restart.4s]
[waiting for probed to restart.3s]
.
TestCase07.test03_rtt_values_propagation: BQM-57653 Flow Index RTT output is missing some RTTs values. Make sure that those are present.
Running with unfiltered RTT Stats calculation mode.
Running with filtered RTT Stats calculation mode.
.
TestCase07.test04_tcp_conn_metrics: Test TCP connection status counts are present
Wait 10
.
TestCase07.test05_tcp_conn_metrics_unidirectional: Test TCP connection status for unidirectional flows
.
TestCase07.test06_test_reestablished_syns: Test re-establishment of TCP connection
Wait 10
.
TestCase07.test07_test_connection_counts: Test connections are counted correctly
.
TestCase07.test08_test_connection_counts_limit: Test connection count limit
.
TestCase07.test09_test_data_start_end
#Flow index data

# Period start time: 1572511966000000000 (Thu Oct 31 2019 08:52:46.000000000 UTC)

# Period end time: 1572511971000000000 (Thu Oct 31 2019 08:52:51.000000000 UTC)

#Format:

Protocol,Src,Src Port,Dst,Dst Port,Group ID,Port,VPort,IP TOS,VLAN ID,VLAN Pri,MPLS Exp,Application,Packets,Messages,Bytes,First,Last,TCP Zero Window pkts,TCP Out of Sequence pkts,TCP Src-side RTT max (us),TCP Src-side RTT mean (us),TCP Src-side RTT min (us),TCP Src-side RTT count,TCP Setup OK count,TCP Setup Reset count,TCP Setup Timeout count,TCP End OK count,TCP End Reset count,Client to Server direction

UDP,10.0.0.1,4000,10.0.0.2,5000,0,PortA,,0,,,,&quot;Unknown&quot;,3,0,180,1572511968,1572511970,0,0,,,,0,0,0,0,0,0,

# Period start time: 1572511966000000000 (Thu Oct 31 2019 08:52:46.000000000 UTC)

# Period end time: 1572511971000000000 (Thu Oct 31 2019 08:52:51.000000000 UTC)

# Data availability: 100.00%, (1572511966000000000 - 1572511971000000000), (Thu Oct 31 2019 08:52:46.000000000 UTC - Thu Oct 31 2019 08:52:51.000000000 UTC)

F
TestCase07.test10_test_data_start_end_with_filter: Test data availability with filter
#Flow index data

# Period start time: 1572511974000000000 (Thu Oct 31 2019 08:52:54.000000000 UTC)

# Period end time: 1572511980000000000 (Thu Oct 31 2019 08:53:00.000000000 UTC)

#Format:

Protocol,Src,Src Port,Dst,Dst Port,Group ID,Port,VPort,IP TOS,VLAN ID,VLAN Pri,MPLS Exp,Application,Packets,Messages,Bytes,First,Last,TCP Zero Window pkts,TCP Out of Sequence pkts,TCP Src-side RTT max (us),TCP Src-side RTT mean (us),TCP Src-side RTT min (us),TCP Src-side RTT count,TCP Setup OK count,TCP Setup Reset count,TCP Setup Timeout count,TCP End OK count,TCP End Reset count,Client to Server direction

# Period start time: 1572511974000000000 (Thu Oct 31 2019 08:52:54.000000000 UTC)

# Period end time: 1572511980000000000 (Thu Oct 31 2019 08:53:00.000000000 UTC)

# Data availability: 100.00%, (1572511974000000000 - 1572511980000000000), (Thu Oct 31 2019 08:52:54.000000000 UTC - Thu Oct 31 2019 08:53:00.000000000 UTC)

Fwaiting 15 secs for connections to timeout
.
TestCase07.test12_test_missing_syn_ack_and_unidirectional: Test &gt;SYN no SYN/ACK, and &lt;DATA edge case
waiting 15 secs for connections to timeout
.
TestCase07.test13_test_last_not_changed_by_timeout: BQM-60479 Test the Last timestamp field is not changed by timeout events
waiting 15 secs for connections to timeout
.
TestCase07.test14_test_connection_counts_max: BQM-60531 Test the max is 1000000 not 1000001
.
TestCase07.test15_test_crash_entry_not_reset: BQM-60525 crash due to timeout not reseting old flow entry
.
TestCase07.test16_test_rsts_handled_correctly: BQM-61012 FIN-RST and RST ZW handling is incorrect
.
TestCase08.test01_test_conversation_aggregation
.</stdout>
      <stderr></stderr>
      <duration>837.439</duration>
      <timestamp>2019-10-31T08:40:51.665184</timestamp>
      <time>837.439</time>
      <enclosingBlocks/>
      <enclosingBlockNames/>
      <cases>
        <case>
          <duration>45.786</duration>
          <className>TestFlowIndex</className>
          <testName>TestCase01.test01</testName>
          <skipped>false</skipped>
          <failedSince>0</failedSince>
        </case>
        <case>
          <duration>25.124</duration>
          <className>TestFlowIndex</className>
          <testName>TestCase01.test02</testName>
          <skipped>false</skipped>
          <failedSince>0</failedSince>
        </case>
        <case>
          <duration>0.171</duration>
          <className>TestFlowIndex</className>
          <testName>TestCase01.test03</testName>
          <skipped>false</skipped>
          <failedSince>0</failedSince>
        </case>
        <case>
          <duration>0.04</duration>
          <className>TestFlowIndex</className>
          <testName>TestCase01.test04</testName>
          <skipped>false</skipped>
          <failedSince>0</failedSince>
        </case>
        <case>
          <duration>47.875</duration>
          <className>TestFlowIndex</className>
          <testName>TestCase02.test01</testName>
          <skipped>false</skipped>
          <failedSince>0</failedSince>
        </case>
        <case>
          <duration>70.548</duration>
          <className>TestFlowIndex</className>
          <testName>TestCase02.test02</testName>
          <skipped>false</skipped>
          <failedSince>0</failedSince>
        </case>
        <case>
          <duration>0.0</duration>
          <className>TestFlowIndex</className>
          <testName>TestCase02.test03</testName>
          <skipped>false</skipped>
          <failedSince>0</failedSince>
        </case>
        <case>
          <duration>28.966</duration>
          <className>TestFlowIndex</className>
          <testName>TestCase02.test04</testName>
          <skipped>false</skipped>
          <failedSince>0</failedSince>
        </case>
        <case>
          <duration>6.504</duration>
          <className>TestFlowIndex</className>
          <testName>TestCase02.test05</testName>
          <skipped>false</skipped>
          <failedSince>0</failedSince>
        </case>
        <case>
          <duration>16.349</duration>
          <className>TestFlowIndex</className>
          <testName>TestCase02.test06_deleted_unstable_app_quoted</testName>
          <skipped>false</skipped>
          <failedSince>0</failedSince>
        </case>
        <case>
          <duration>65.617</duration>
          <className>TestFlowIndex</className>
          <testName>TestCase02.test07_random_traffic_test_reduced_slots</testName>
          <skipped>false</skipped>
          <failedSince>0</failedSince>
        </case>
        <case>
          <duration>28.677</duration>
          <className>TestFlowIndex</className>
          <testName>TestCase03.test01</testName>
          <skipped>false</skipped>
          <failedSince>0</failedSince>
        </case>
        <case>
          <duration>12.434</duration>
          <className>TestFlowIndex</className>
          <testName>TestCase04.test01</testName>
          <skipped>false</skipped>
          <failedSince>0</failedSince>
        </case>
        <case>
          <duration>7.901</duration>
          <className>TestFlowIndex</className>
          <testName>TestCase04.test02</testName>
          <skipped>false</skipped>
          <failedSince>0</failedSince>
        </case>
        <case>
          <duration>9.978</duration>
          <className>TestFlowIndex</className>
          <testName>TestCase04.test03</testName>
          <skipped>false</skipped>
          <failedSince>0</failedSince>
        </case>
        <case>
          <duration>8.437</duration>
          <className>TestFlowIndex</className>
          <testName>TestCase04.test04_incorrect_third_direction</testName>
          <skipped>false</skipped>
          <failedSince>0</failedSince>
        </case>
        <case>
          <duration>11.782</duration>
          <className>TestFlowIndex</className>
          <testName>TestCase05.test01</testName>
          <skipped>false</skipped>
          <failedSince>0</failedSince>
        </case>
        <case>
          <duration>8.175</duration>
          <className>TestFlowIndex</className>
          <testName>TestCase05.test02</testName>
          <skipped>false</skipped>
          <failedSince>0</failedSince>
        </case>
        <case>
          <duration>7.069</duration>
          <className>TestFlowIndex</className>
          <testName>TestCase05.test03</testName>
          <skipped>false</skipped>
          <failedSince>0</failedSince>
        </case>
        <case>
          <duration>8.952</duration>
          <className>TestFlowIndex</className>
          <testName>TestCase05.test04</testName>
          <skipped>false</skipped>
          <failedSince>0</failedSince>
        </case>
        <case>
          <duration>9.411</duration>
          <className>TestFlowIndex</className>
          <testName>TestCase06.test01_no_direction</testName>
          <skipped>false</skipped>
          <failedSince>0</failedSince>
        </case>
        <case>
          <duration>7.879</duration>
          <className>TestFlowIndex</className>
          <testName>TestCase06.test02_client_to_servers</testName>
          <skipped>false</skipped>
          <failedSince>0</failedSince>
        </case>
        <case>
          <duration>8.786</duration>
          <className>TestFlowIndex</className>
          <testName>TestCase06.test03_unstable</testName>
          <skipped>false</skipped>
          <failedSince>0</failedSince>
        </case>
        <case>
          <duration>14.258</duration>
          <className>TestFlowIndex</className>
          <testName>TestCase07.test01_rtt_mean_out_of_bounds</testName>
          <skipped>false</skipped>
          <failedSince>0</failedSince>
        </case>
        <case>
          <duration>64.187</duration>
          <className>TestFlowIndex</className>
          <testName>TestCase07.test02_magic_file</testName>
          <skipped>false</skipped>
          <failedSince>0</failedSince>
        </case>
        <case>
          <duration>130.199</duration>
          <className>TestFlowIndex</className>
          <testName>TestCase07.test03_rtt_values_propagation</testName>
          <skipped>false</skipped>
          <failedSince>0</failedSince>
        </case>
        <case>
          <duration>16.472</duration>
          <className>TestFlowIndex</className>
          <testName>TestCase07.test04_tcp_conn_metrics</testName>
          <skipped>false</skipped>
          <failedSince>0</failedSince>
        </case>
        <case>
          <duration>6.119</duration>
          <className>TestFlowIndex</className>
          <testName>TestCase07.test05_tcp_conn_metrics_unidirectional</testName>
          <skipped>false</skipped>
          <failedSince>0</failedSince>
        </case>
        <case>
          <duration>23.106</duration>
          <className>TestFlowIndex</className>
          <testName>TestCase07.test06_test_reestablished_syns</testName>
          <skipped>false</skipped>
          <failedSince>0</failedSince>
        </case>
        <case>
          <duration>11.791</duration>
          <className>TestFlowIndex</className>
          <testName>TestCase07.test07_test_connection_counts</testName>
          <skipped>false</skipped>
          <failedSince>0</failedSince>
        </case>
        <case>
          <duration>10.724</duration>
          <className>TestFlowIndex</className>
          <testName>TestCase07.test08_test_connection_counts_limit</testName>
          <skipped>false</skipped>
          <failedSince>0</failedSince>
        </case>
        <case>
          <duration>8.064</duration>
          <className>TestFlowIndex</className>
          <testName>TestCase07.test09_test_data_start_end</testName>
          <skipped>false</skipped>
          <errorStackTrace>Traceback (most recent call last):
  File &quot;/components/probed/test/testcases/probe.py&quot;, line 836, in g
    r = f(*args,**kwargs)
  File &quot;/components/cna/host/src/probed/test/capture/TestFlowIndex.py&quot;, line 1637, in test09_test_data_start_end
    self.availability_check(&quot;&quot;, 1)
  File &quot;/components/cna/host/src/probed/test/capture/TestFlowIndex.py&quot;, line 1717, in availability_check
    probe.assertLessThan(parse_percentage(csvdata), 50)
  File &quot;/components/probed/test/testcases/probe.py&quot;, line 4469, in assertLessThan
    raise AssertionError(&quot;%s: `%s&apos; should be &lt; %s&quot; % (msg, val, reference))
AssertionError: assert failed: `52.0&apos; should be &lt; 50
</errorStackTrace>
          <failedSince>4489</failedSince>
        </case>
        <case>
          <duration>7.678</duration>
          <className>TestFlowIndex</className>
          <testName>TestCase07.test10_test_data_start_end_with_filter</testName>
          <skipped>false</skipped>
          <errorStackTrace>Traceback (most recent call last):
  File &quot;/components/probed/test/testcases/probe.py&quot;, line 836, in g
    r = f(*args,**kwargs)
  File &quot;/components/cna/host/src/probed/test/capture/TestFlowIndex.py&quot;, line 1733, in test10_test_data_start_end_with_filter
    self.availability_check(expression, 0)
  File &quot;/components/cna/host/src/probed/test/capture/TestFlowIndex.py&quot;, line 1717, in availability_check
    probe.assertLessThan(parse_percentage(csvdata), 50)
  File &quot;/components/probed/test/testcases/probe.py&quot;, line 4469, in assertLessThan
    raise AssertionError(&quot;%s: `%s&apos; should be &lt; %s&quot; % (msg, val, reference))
AssertionError: assert failed: `56.0&apos; should be &lt; 50
</errorStackTrace>
          <failedSince>4489</failedSince>
        </case>
        <case>
          <duration>19.646</duration>
          <className>TestFlowIndex</className>
          <testName>TestCase07.test11_rows_with_zero_packets</testName>
          <skipped>false</skipped>
          <failedSince>0</failedSince>
        </case>
        <case>
          <duration>19.99</duration>
          <className>TestFlowIndex</className>
          <testName>TestCase07.test12_test_missing_syn_ack_and_unidirectional</testName>
          <skipped>false</skipped>
          <failedSince>0</failedSince>
        </case>
        <case>
          <duration>19.588</duration>
          <className>TestFlowIndex</className>
          <testName>TestCase07.test13_test_last_not_changed_by_timeout</testName>
          <skipped>false</skipped>
          <failedSince>0</failedSince>
        </case>
        <case>
          <duration>4.481</duration>
          <className>TestFlowIndex</className>
          <testName>TestCase07.test14_test_connection_counts_max</testName>
          <skipped>false</skipped>
          <failedSince>0</failedSince>
        </case>
        <case>
          <duration>24.99</duration>
          <className>TestFlowIndex</className>
          <testName>TestCase07.test15_test_crash_entry_not_reset</testName>
          <skipped>false</skipped>
          <failedSince>0</failedSince>
        </case>
        <case>
          <duration>6.746</duration>
          <className>TestFlowIndex</className>
          <testName>TestCase07.test16_test_rsts_handled_correctly</testName>
          <skipped>false</skipped>
          <failedSince>0</failedSince>
        </case>
        <case>
          <duration>12.934</duration>
          <className>TestFlowIndex</className>
          <testName>TestCase08.test01_test_conversation_aggregation</testName>
          <skipped>false</skipped>
          <failedSince>0</failedSince>
        </case>
      </cases>
    </suite>
    <suite>
      <file>/home/jenkins/workspace/Backend/CNE/test-results/TEST-multicast-TestLiveTradeLens.xml</file>
      <name>multicast.TestLiveTradeLens</name>
      <stdout>Starting trade lens listener on host: 127.0.0.1, port: 8112
Halting trade lens listener on port 8112... done
.Starting trade lens listener on host: 127.0.0.1, port: 8112
Halting trade lens listener on port 8112... done
.Starting trade lens listener on host: 127.0.0.1, port: 8112
Halting trade lens listener on port 8112... done
.Starting trade lens listener on host: 127.0.0.1, port: 8112
Halting trade lens listener on port 8112... done
.Starting trade lens listener on host: 127.0.0.1, port: 8112
Halting trade lens listener on port 8112... done
.Starting trade lens listener on host: 127.0.0.1, port: 8112
Halting trade lens listener on port 8112... done
.Starting trade lens listener on host: 127.0.0.1, port: 8112
Halting trade lens listener on port 8112... done
.Starting trade lens listener on host: 127.0.0.1, port: 8112
Halting trade lens listener on port 8112... done
.Starting trade lens listener on host: 127.0.0.1, port: 8112
Halting trade lens listener on port 8112... done
.Starting trade lens listener on host: 127.0.0.1, port: 8112
Halting trade lens listener on port 8112... done
.Starting trade lens listener on host: 127.0.0.1, port: 8112
Halting trade lens listener on port 8112... done
.Starting trade lens listener on host: 127.0.0.1, port: 8112
Halting trade lens listener on port 8112... done
.Starting trade lens listener on host: 127.0.0.1, port: 8112
Halting trade lens listener on port 8112... done
.Starting trade lens listener on host: 127.0.0.1, port: 8112
Halting trade lens listener on port 8112... done
.Starting trade lens listener on host: 127.0.0.1, port: 8112
Halting trade lens listener on port 8112... done
.Starting trade lens listener on host: 127.0.0.1, port: 8112
Halting trade lens listener on port 8112... done
.Starting trade lens listener on host: 127.0.0.1, port: 8112

TestCase01.test17: Test export of multi-class sessions from Live Trade Lens
FHalting trade lens listener on port 8112... done
Starting trade lens listener on host: 127.0.0.1, port: 8112

TestCase01.test18: BQM-34910 - Probed keeps exporting live lens data for legacy-gui-only sessions
Halting trade lens listener on port 8112... done
.Starting trade lens listener on host: 127.0.0.1, port: 8112

TestCase01.test19: BQM-45145 Replacing the CSM is a session with another with shared measure names, remove thoses measures from the results
Halting trade lens listener on port 8112... done
.Starting trade lens listener on host: 127.0.0.1, port: 8112

TestCase01.test20: BQM-46302 loss count and % not present on reverse direction of the live session
Halting trade lens listener on port 8112... done
.</stdout>
      <stderr>UTC skip: [1572511330000000000, 1572511350000000000] 
</stderr>
      <duration>792.431</duration>
      <timestamp>2019-10-31T08:41:42.085387</timestamp>
      <time>792.431</time>
      <enclosingBlocks/>
      <enclosingBlockNames/>
      <cases>
        <case>
          <duration>98.683</duration>
          <className>TestLiveTradeLens</className>
          <testName>TestCase01.test01</testName>
          <skipped>false</skipped>
          <failedSince>0</failedSince>
        </case>
        <case>
          <duration>22.039</duration>
          <className>TestLiveTradeLens</className>
          <testName>TestCase01.test02</testName>
          <skipped>false</skipped>
          <failedSince>0</failedSince>
        </case>
        <case>
          <duration>18.665</duration>
          <className>TestLiveTradeLens</className>
          <testName>TestCase01.test03</testName>
          <skipped>false</skipped>
          <failedSince>0</failedSince>
        </case>
        <case>
          <duration>21.591</duration>
          <className>TestLiveTradeLens</className>
          <testName>TestCase01.test04</testName>
          <skipped>false</skipped>
          <failedSince>0</failedSince>
        </case>
        <case>
          <duration>19.809</duration>
          <className>TestLiveTradeLens</className>
          <testName>TestCase01.test05</testName>
          <skipped>false</skipped>
          <failedSince>0</failedSince>
        </case>
        <case>
          <duration>19.488</duration>
          <className>TestLiveTradeLens</className>
          <testName>TestCase01.test06</testName>
          <skipped>false</skipped>
          <failedSince>0</failedSince>
        </case>
        <case>
          <duration>20.859</duration>
          <className>TestLiveTradeLens</className>
          <testName>TestCase01.test07</testName>
          <skipped>false</skipped>
          <failedSince>0</failedSince>
        </case>
        <case>
          <duration>98.693</duration>
          <className>TestLiveTradeLens</className>
          <testName>TestCase01.test08</testName>
          <skipped>false</skipped>
          <failedSince>0</failedSince>
        </case>
        <case>
          <duration>19.918</duration>
          <className>TestLiveTradeLens</className>
          <testName>TestCase01.test09</testName>
          <skipped>false</skipped>
          <failedSince>0</failedSince>
        </case>
        <case>
          <duration>20.51</duration>
          <className>TestLiveTradeLens</className>
          <testName>TestCase01.test10</testName>
          <skipped>false</skipped>
          <failedSince>0</failedSince>
        </case>
        <case>
          <duration>29.232</duration>
          <className>TestLiveTradeLens</className>
          <testName>TestCase01.test11</testName>
          <skipped>false</skipped>
          <failedSince>0</failedSince>
        </case>
        <case>
          <duration>21.702</duration>
          <className>TestLiveTradeLens</className>
          <testName>TestCase01.test12</testName>
          <skipped>false</skipped>
          <failedSince>0</failedSince>
        </case>
        <case>
          <duration>19.442</duration>
          <className>TestLiveTradeLens</className>
          <testName>TestCase01.test13</testName>
          <skipped>false</skipped>
          <failedSince>0</failedSince>
        </case>
        <case>
          <duration>19.065</duration>
          <className>TestLiveTradeLens</className>
          <testName>TestCase01.test14</testName>
          <skipped>false</skipped>
          <failedSince>0</failedSince>
        </case>
        <case>
          <duration>21.098</duration>
          <className>TestLiveTradeLens</className>
          <testName>TestCase01.test15</testName>
          <skipped>false</skipped>
          <failedSince>0</failedSince>
        </case>
        <case>
          <duration>16.195</duration>
          <className>TestLiveTradeLens</className>
          <testName>TestCase01.test16</testName>
          <skipped>false</skipped>
          <failedSince>0</failedSince>
        </case>
        <case>
          <duration>149.88</duration>
          <className>TestLiveTradeLens</className>
          <testName>TestCase01.test17</testName>
          <skipped>false</skipped>
          <errorStackTrace>Traceback (most recent call last):
  File &quot;/components/probed/test/testcases/probe.py&quot;, line 836, in g
    r = f(*args,**kwargs)
  File &quot;/components/cna/host/src/probed/test/multicast/TestLiveTradeLens.py&quot;, line 1567, in test17
    probe.assertGreaterThan(len(sessions), 0)
  File &quot;/components/probed/test/testcases/probe.py&quot;, line 4473, in assertGreaterThan
    raise AssertionError(&quot;%s: `%s&apos; should be &gt; %s&quot; % (msg, val, reference))
AssertionError: assert failed: `0&apos; should be &gt; 0
</errorStackTrace>
          <failedSince>4489</failedSince>
        </case>
        <case>
          <duration>63.654</duration>
          <className>TestLiveTradeLens</className>
          <testName>TestCase01.test18</testName>
          <skipped>false</skipped>
          <failedSince>0</failedSince>
        </case>
        <case>
          <duration>48.377</duration>
          <className>TestLiveTradeLens</className>
          <testName>TestCase01.test19</testName>
          <skipped>false</skipped>
          <failedSince>0</failedSince>
        </case>
        <case>
          <duration>43.53</duration>
          <className>TestLiveTradeLens</className>
          <testName>TestCase01.test20</testName>
          <skipped>false</skipped>
          <failedSince>0</failedSince>
        </case>
      </cases>
    </suite>
    <suite>
      <file>/home/jenkins/workspace/Backend/CNE@2/test-results/TEST-cli-TestIpWatchlist.xml</file>
      <name>cli.TestIpWatchlist</name>
      <stdout>
TestCase01.test01: Syntax, help and completion info for top level command &apos;watchlist&apos;
.
TestCase01.test02: Test limit on number of watchlists and counting when creating/deleting
.
TestCase01.test03: Test illegal characters and limit in the watchlist name
.
TestCase01.test04: Shell command to install new watchlist content
.
TestCase01.test05: &apos;show watchlist&apos; command
.
TestCase01.test07: BQM-42690 watchlist objects must be present in the config prior their use in matching contexts.
.
TestCase01.
...[truncated 6059 chars]...
al Command:   -P 0:100 rt-class//local-cne///zerolen/class-default 1572511987000 1572512052000  
Event Retrieval Command:   -m 0:100 rt-class//local-cne///zerolen/class-default 1572511987000 1572512052000  
.
TestCase08.test01_watchlist_replace_config_ok: [BQM-53530] allow changing definition of metafield when used by class-map during replace-config
.
TestCase08.test02_watchlist_replace_config_error: [BQM-53530] disallow renaming/deleting metafield when used by class-map during replace-config
..</stdout>
      <stderr></stderr>
      <duration>834.386</duration>
      <timestamp>2019-10-31T08:41:07.279805</timestamp>
      <time>834.386</time>
      <enclosingBlocks/>
      <enclosingBlockNames/>
      <cases>
        <case>
          <duration>23.43</duration>
          <className>TestIpWatchlist</className>
          <testName>TestCase01.test01</testName>
          <skipped>false</skipped>
          <failedSince>0</failedSince>
        </case>
        <case>
          <duration>3.035</duration>
          <className>TestIpWatchlist</className>
          <testName>TestCase01.test02</testName>
          <skipped>false</skipped>
          <failedSince>0</failedSince>
        </case>
        <case>
          <duration>1.972</duration>
          <className>TestIpWatchlist</className>
          <testName>TestCase01.test03</testName>
          <skipped>false</skipped>
          <failedSince>0</failedSince>
        </case>
        <case>
          <duration>42.644</duration>
          <className>TestIpWatchlist</className>
          <testName>TestCase01.test04</testName>
          <skipped>false</skipped>
          <failedSince>0</failedSince>
        </case>
        <case>
          <duration>7.492</duration>
          <className>TestIpWatchlist</className>
          <testName>TestCase01.test05</testName>
          <skipped>false</skipped>
          <failedSince>0</failedSince>
        </case>
        <case>
          <duration>8.921</duration>
          <className>TestIpWatchlist</className>
          <testName>TestCase01.test07</testName>
          <skipped>false</skipped>
          <failedSince>0</failedSince>
        </case>
        <case>
          <duration>7.18</duration>
          <className>TestIpWatchlist</className>
          <testName>TestCase01.test08</testName>
          <skipped>false</skipped>
          <failedSince>0</failedSince>
        </case>
        <case>
          <duration>0.001</duration>
          <className>TestIpWatchlist</className>
          <testName>TestCase01.test09</testName>
          <skipped>false</skipped>
          <failedSince>0</failedSince>
        </case>
        <case>
          <duration>13.126</duration>
          <className>TestIpWatchlist</className>
          <testName>TestCase01.test10</testName>
          <skipped>false</skipped>
          <failedSince>0</failedSince>
        </case>
        <case>
          <duration>2.79</duration>
          <className>TestIpWatchlist</className>
          <testName>TestCase01.test11</testName>
          <skipped>false</skipped>
          <failedSince>0</failedSince>
        </case>
        <case>
          <duration>2.732</duration>
          <className>TestIpWatchlist</className>
          <testName>TestCase01.test12</testName>
          <skipped>false</skipped>
          <failedSince>0</failedSince>
        </case>
        <case>
          <duration>4.423</duration>
          <className>TestIpWatchlist</className>
          <testName>TestCase01.test13</testName>
          <skipped>false</skipped>
          <failedSince>0</failedSince>
        </case>
        <case>
          <duration>4.104</duration>
          <className>TestIpWatchlist</className>
          <testName>TestCase01.test14</testName>
          <skipped>false</skipped>
          <failedSince>0</failedSince>
        </case>
        <case>
          <duration>4.617</duration>
          <className>TestIpWatchlist</className>
          <testName>TestCase01.test15</testName>
          <skipped>false</skipped>
          <failedSince>0</failedSince>
        </case>
        <case>
          <duration>27.246</duration>
          <className>TestIpWatchlist</className>
          <testName>TestCase01.test16</testName>
          <skipped>false</skipped>
          <failedSince>0</failedSince>
        </case>
        <case>
          <duration>3.777</duration>
          <className>TestIpWatchlist</className>
          <testName>TestCase01.test17</testName>
          <skipped>false</skipped>
          <failedSince>0</failedSince>
        </case>
        <case>
          <duration>3.158</duration>
          <className>TestIpWatchlist</className>
          <testName>TestCase01.test18</testName>
          <skipped>false</skipped>
          <failedSince>0</failedSince>
        </case>
        <case>
          <duration>6.754</duration>
          <className>TestIpWatchlist</className>
          <testName>TestCase01.test19</testName>
          <skipped>false</skipped>
          <failedSince>0</failedSince>
        </case>
        <case>
          <duration>7.414</duration>
          <className>TestIpWatchlist</className>
          <testName>TestCase01.test20</testName>
          <skipped>false</skipped>
          <failedSince>0</failedSince>
        </case>
        <case>
          <duration>5.609</duration>
          <className>TestIpWatchlist</className>
          <testName>TestCase01.test21</testName>
          <skipped>false</skipped>
          <failedSince>0</failedSince>
        </case>
        <case>
          <duration>4.052</duration>
          <className>TestIpWatchlist</className>
          <testName>TestCase02.test01</testName>
          <skipped>false</skipped>
          <failedSince>0</failedSince>
        </case>
        <case>
          <duration>1.664</duration>
          <className>TestIpWatchlist</className>
          <testName>TestCase02.test02</testName>
          <skipped>false</skipped>
          <failedSince>0</failedSince>
        </case>
        <case>
          <duration>34.798</duration>
          <className>TestIpWatchlist</className>
          <testName>TestCase02.test03</testName>
          <skipped>false</skipped>
          <failedSince>0</failedSince>
        </case>
        <case>
          <duration>16.952</duration>
          <className>TestIpWatchlist</className>
          <testName>TestCase02.test04</testName>
          <skipped>false</skipped>
          <failedSince>0</failedSince>
        </case>
        <case>
          <duration>10.842</duration>
          <className>TestIpWatchlist</className>
          <testName>TestCase02.test05</testName>
          <skipped>false</skipped>
          <failedSince>0</failedSince>
        </case>
        <case>
          <duration>4.175</duration>
          <className>TestIpWatchlist</className>
          <testName>TestCase02.test06</testName>
          <skipped>false</skipped>
          <failedSince>0</failedSince>
        </case>
        <case>
          <duration>138.422</duration>
          <className>TestIpWatchlist</className>
          <testName>TestCase02.test07</testName>
          <skipped>false</skipped>
          <failedSince>0</failedSince>
        </case>
        <case>
          <duration>3.533</duration>
          <className>TestIpWatchlist</className>
          <testName>TestCase02.test08</testName>
          <skipped>false</skipped>
          <failedSince>0</failedSince>
        </case>
        <case>
          <duration>8.421</duration>
          <className>TestIpWatchlist</className>
          <testName>TestCase02.test09</testName>
          <skipped>false</skipped>
          <failedSince>0</failedSince>
        </case>
        <case>
          <duration>40.904</duration>
          <className>TestIpWatchlist</className>
          <testName>TestCase02.test10</testName>
          <skipped>false</skipped>
          <failedSince>0</failedSince>
        </case>
        <case>
          <duration>79.648</duration>
          <className>TestIpWatchlist</className>
          <testName>TestCase02.test11</testName>
          <skipped>false</skipped>
          <failedSince>0</failedSince>
        </case>
        <case>
          <duration>3.191</duration>
          <className>TestIpWatchlist</className>
          <testName>TestCase02.test12</testName>
          <skipped>false</skipped>
          <failedSince>0</failedSince>
        </case>
        <case>
          <duration>8.94</duration>
          <className>TestIpWatchlist</className>
          <testName>TestCase02.test13</testName>
          <skipped>false</skipped>
          <failedSince>0</failedSince>
        </case>
        <case>
          <duration>5.011</duration>
          <className>TestIpWatchlist</className>
          <testName>TestCase03.test01</testName>
          <skipped>false</skipped>
          <failedSince>0</failedSince>
        </case>
        <case>
          <duration>3.625</duration>
          <className>TestIpWatchlist</className>
          <testName>TestCase03.test02</testName>
          <skipped>false</skipped>
          <failedSince>0</failedSince>
        </case>
        <case>
          <duration>4.886</duration>
          <className>TestIpWatchlist</className>
          <testName>TestCase03.test03</testName>
          <skipped>false</skipped>
          <failedSince>0</failedSince>
        </case>
        <case>
          <duration>6.002</duration>
          <className>TestIpWatchlist</className>
          <testName>TestCase04.test01</testName>
          <skipped>false</skipped>
          <failedSince>0</failedSince>
        </case>
        <case>
          <duration>1.347</duration>
          <className>TestIpWatchlist</className>
          <testName>TestCase04.test02</testName>
          <skipped>false</skipped>
          <failedSince>0</failedSince>
        </case>
        <case>
          <duration>2.982</duration>
          <className>TestIpWatchlist</className>
          <testName>TestCase04.test03</testName>
          <skipped>false</skipped>
          <failedSince>0</failedSince>
        </case>
        <case>
          <duration>3.5</duration>
          <className>TestIpWatchlist</className>
          <testName>TestCase05.test01</testName>
          <skipped>false</skipped>
          <failedSince>0</failedSince>
        </case>
        <case>
          <duration>19.141</duration>
          <className>TestIpWatchlist</className>
          <testName>TestCase05.test02</testName>
          <skipped>false</skipped>
          <failedSince>0</failedSince>
        </case>
        <case>
          <duration>1.743</duration>
          <className>TestIpWatchlist</className>
          <testName>TestCase05.test03</testName>
          <skipped>false</skipped>
          <failedSince>0</failedSince>
        </case>
        <case>
          <duration>0.184</duration>
          <className>TestIpWatchlist</className>
          <testName>TestCase05.test04</testName>
          <skipped>false</skipped>
          <failedSince>0</failedSince>
        </case>
        <case>
          <duration>7.693</duration>
          <className>TestIpWatchlist</className>
          <testName>TestCase06.test01</testName>
          <skipped>false</skipped>
          <failedSince>0</failedSince>
        </case>
        <case>
          <duration>6.727</duration>
          <className>TestIpWatchlist</className>
          <testName>TestCase06.test02</testName>
          <skipped>false</skipped>
          <failedSince>0</failedSince>
        </case>
        <case>
          <duration>3.988</duration>
          <className>TestIpWatchlist</className>
          <testName>TestCase06.test03</testName>
          <skipped>false</skipped>
          <failedSince>0</failedSince>
        </case>
        <case>
          <duration>3.778</duration>
          <className>TestIpWatchlist</className>
          <testName>TestCase06.test04</testName>
          <skipped>false</skipped>
          <failedSince>0</failedSince>
        </case>
        <case>
          <duration>4.984</duration>
          <className>TestIpWatchlist</className>
          <testName>TestCase06.test05</testName>
          <skipped>false</skipped>
          <failedSince>0</failedSince>
        </case>
        <case>
          <duration>28.12</duration>
          <className>TestIpWatchlist</className>
          <testName>TestCase06.test06</testName>
          <skipped>false</skipped>
          <failedSince>0</failedSince>
        </case>
        <case>
          <duration>4.203</duration>
          <className>TestIpWatchlist</className>
          <testName>TestCase06.test07</testName>
          <skipped>false</skipped>
          <failedSince>0</failedSince>
        </case>
        <case>
          <duration>50.84</duration>
          <className>TestIpWatchlist</className>
          <testName>TestCase06.test08</testName>
          <skipped>false</skipped>
          <failedSince>0</failedSince>
        </case>
        <case>
          <duration>7.09</duration>
          <className>TestIpWatchlist</className>
          <testName>TestCase06.test09</testName>
          <skipped>false</skipped>
          <failedSince>0</failedSince>
        </case>
        <case>
          <duration>18.602</duration>
          <className>TestIpWatchlist</className>
          <testName>TestCase06.test10</testName>
          <skipped>false</skipped>
          <failedSince>0</failedSince>
        </case>
        <case>
          <duration>0.527</duration>
          <className>TestIpWatchlist</className>
          <testName>TestCase06.test99</testName>
          <skipped>false</skipped>
          <failedSince>0</failedSince>
        </case>
        <case>
          <duration>80.672</duration>
          <className>TestIpWatchlist</className>
          <testName>TestCase07.test01</testName>
          <skipped>false</skipped>
          <failedSince>0</failedSince>
        </case>
        <case>
          <duration>10.013</duration>
          <className>TestIpWatchlist</className>
          <testName>TestCase08.test01_watchlist_replace_config_ok</testName>
          <skipped>false</skipped>
          <failedSince>0</failedSince>
        </case>
        <case>
          <duration>10.744</duration>
          <className>TestIpWatchlist</className>
          <testName>TestCase08.test02_watchlist_replace_config_error</testName>
          <skipped>false</skipped>
          <failedSince>0</failedSince>
        </case>
        <case>
          <duration>12.008</duration>
          <className>TestIpWatchlist</className>
          <testName>TestCase08.test03_watchlist_replace_config_with_class_map</testName>
          <skipped>false</skipped>
          <failedSince>0</failedSince>
        </case>
      </cases>
    </suite>
    <suite>
      <file>/home/jenkins/workspace/Backend/CNE@2/test-results/TEST-rest-TestRestSessionDiscovery.xml</file>
      <name>rest.TestRestSessionDiscovery</name>
      <stdout>.
TestCase01.test02: Replacing an existent flow-tag-rule
..........
TestCase05.test01: Test error message when using non-channel interface
.
TestCase05.test02: XML validity check and basic functionality
.
TestCase05.test03: Broken upsert transaction
.
TestCase05.test04: Testing global channel limits
.
TestCase05.test05: Testing global session limits
..
TestCase05.test07: BQM-31809 Test that message is logged for attach and detach operations on a session
..&lt;cnx&gt;
  &lt;custom-application decoder=&quot;ASX
...[truncated 4313 chars]...
=&quot;true&quot;
                      variant=&quot;&quot;&gt;
    &lt;match ethertype=&quot;0x80f3&quot; type=&quot;ethertype&quot;/&gt;
    &lt;flow-tag-rule flow-direction=&quot;any&quot; id=&quot;294&quot; message-field=&quot;item.modifier_c&quot; name=&quot;test&quot;
                   regex=&quot;&quot; translation-map=&quot;&quot;/&gt;
    &lt;key-element translation-map=&quot;&quot; type=&quot;network-field&quot; value=&quot;server-address&quot;/&gt;
    &lt;session-tag-rule tag-type-name=&quot;Client&quot;&gt;
      &lt;key-element translation-map=&quot;&quot; type=&quot;network-field&quot; value=&quot;server-port&quot;/&gt;
    &lt;/session-tag-rule&gt;
  &lt;/custom-application&gt;
&lt;/cnx&gt;

..</stdout>
      <stderr></stderr>
      <duration>502.47</duration>
      <timestamp>2019-10-31T08:47:04.075146</timestamp>
      <time>502.470</time>
      <enclosingBlocks/>
      <enclosingBlockNames/>
      <cases>
        <case>
          <duration>128.627</duration>
          <className>TestRestSessionDiscovery</className>
          <testName>TestCase01.test01</testName>
          <skipped>false</skipped>
          <failedSince>0</failedSince>
        </case>
        <case>
          <duration>0.075</duration>
          <className>TestRestSessionDiscovery</className>
          <testName>TestCase01.test02</testName>
          <skipped>false</skipped>
          <failedSince>0</failedSince>
        </case>
        <case>
          <duration>70.794</duration>
          <className>TestRestSessionDiscovery</className>
          <testName>TestCase02.test01</testName>
          <skipped>false</skipped>
          <failedSince>0</failedSince>
        </case>
        <case>
          <duration>0.432</duration>
          <className>TestRestSessionDiscovery</className>
          <testName>TestCase02.test02</testName>
          <skipped>false</skipped>
          <failedSince>0</failedSince>
        </case>
        <case>
          <duration>99.854</duration>
          <className>TestRestSessionDiscovery</className>
          <testName>TestCase03.test01</testName>
          <skipped>false</skipped>
          <failedSince>0</failedSince>
        </case>
        <case>
          <duration>0.517</duration>
          <className>TestRestSessionDiscovery</className>
          <testName>TestCase04.test01</testName>
          <skipped>false</skipped>
          <failedSince>0</failedSince>
        </case>
        <case>
          <duration>0.294</duration>
          <className>TestRestSessionDiscovery</className>
          <testName>TestCase04.test02</testName>
          <skipped>false</skipped>
          <failedSince>0</failedSince>
        </case>
        <case>
          <duration>17.194</duration>
          <className>TestRestSessionDiscovery</className>
          <testName>TestCase04.test03</testName>
          <skipped>false</skipped>
          <failedSince>0</failedSince>
        </case>
        <case>
          <duration>6.927</duration>
          <className>TestRestSessionDiscovery</className>
          <testName>TestCase04.test04</testName>
          <skipped>false</skipped>
          <failedSince>0</failedSince>
        </case>
        <case>
          <duration>13.127</duration>
          <className>TestRestSessionDiscovery</className>
          <testName>TestCase04.test05</testName>
          <skipped>false</skipped>
          <failedSince>0</failedSince>
        </case>
        <case>
          <duration>11.753</duration>
          <className>TestRestSessionDiscovery</className>
          <testName>TestCase04.test06</testName>
          <skipped>false</skipped>
          <failedSince>0</failedSince>
        </case>
        <case>
          <duration>5.77</duration>
          <className>TestRestSessionDiscovery</className>
          <testName>TestCase05.test01</testName>
          <skipped>false</skipped>
          <failedSince>0</failedSince>
        </case>
        <case>
          <duration>4.526</duration>
          <className>TestRestSessionDiscovery</className>
          <testName>TestCase05.test02</testName>
          <skipped>false</skipped>
          <failedSince>0</failedSince>
        </case>
        <case>
          <duration>9.868</duration>
          <className>TestRestSessionDiscovery</className>
          <testName>TestCase05.test03</testName>
          <skipped>false</skipped>
          <failedSince>0</failedSince>
        </case>
        <case>
          <duration>37.085</duration>
          <className>TestRestSessionDiscovery</className>
          <testName>TestCase05.test04</testName>
          <skipped>false</skipped>
          <failedSince>0</failedSince>
        </case>
        <case>
          <duration>33.747</duration>
          <className>TestRestSessionDiscovery</className>
          <testName>TestCase05.test05</testName>
          <skipped>false</skipped>
          <failedSince>0</failedSince>
        </case>
        <case>
          <duration>24.002</duration>
          <className>TestRestSessionDiscovery</className>
          <testName>TestCase05.test06</testName>
          <skipped>false</skipped>
          <failedSince>0</failedSince>
        </case>
        <case>
          <duration>11.21</duration>
          <className>TestRestSessionDiscovery</className>
          <testName>TestCase05.test07</testName>
          <skipped>false</skipped>
          <failedSince>0</failedSince>
        </case>
        <case>
          <duration>9.485</duration>
          <className>TestRestSessionDiscovery</className>
          <testName>TestCase06.test01</testName>
          <skipped>false</skipped>
          <failedSince>0</failedSince>
        </case>
        <case>
          <duration>11.418</duration>
          <className>TestRestSessionDiscovery</className>
          <testName>TestCase06.test02</testName>
          <skipped>false</skipped>
          <failedSince>0</failedSince>
        </case>
        <case>
          <duration>5.736</duration>
          <className>TestRestSessionDiscovery</className>
          <testName>TestCase06.test03</testName>
          <skipped>false</skipped>
          <failedSince>0</failedSince>
        </case>
        <case>
          <duration>0.014</duration>
          <className>TestRestSessionDiscovery</className>
          <testName>TestCase06.test04</testName>
          <skipped>false</skipped>
          <failedSince>0</failedSince>
        </case>
      </cases>
    </suite>
    <suite>
      <file>/home/jenkins/workspace/Backend/CNE/test-results/TEST-rest-TestRestProbeSettings.xml</file>
      <name>rest.TestRestProbeSettings</name>
      <stdout>
reducing resMB1 to 1
reducing resMB2 to 1
....................Test skipped on the CorvilNet Engine
..Test skipped on the CorvilNet Engine
.
TestCase01.test24: BQM-30549 Test that attributes missing on shutdown &lt;ports&gt; cause no broken tests
.
TestCase01.test25: Test monitor clock on rest calls
..</stdout>
      <stderr></stderr>
      <duration>451.401</duration>
      <timestamp>2019-10-31T08:48:12.948266</timestamp>
      <time>451.401</time>
      <enclosingBlocks/>
      <enclosingBlockNames/>
      <cases>
        <case>
          <duration>319.082</duration>
          <className>TestRestProbeSettings</className>
          <testName>TestCase01.test01</testName>
          <skipped>false</skipped>
          <failedSince>0</failedSince>
        </case>
        <case>
          <duration>7.524</duration>
          <className>TestRestProbeSettings</className>
          <testName>TestCase01.test02</testName>
          <skipped>false</skipped>
          <failedSince>0</failedSince>
        </case>
        <case>
          <duration>6.193</duration>
          <className>TestRestProbeSettings</className>
          <testName>TestCase01.test03</testName>
          <skipped>false</skipped>
          <failedSince>0</failedSince>
        </case>
        <case>
          <duration>2.66</duration>
          <className>TestRestProbeSettings</className>
          <testName>TestCase01.test04</testName>
          <skipped>false</skipped>
          <failedSince>0</failedSince>
        </case>
        <case>
          <duration>6.186</duration>
          <className>TestRestProbeSettings</className>
          <testName>TestCase01.test05</testName>
          <skipped>false</skipped>
          <failedSince>0</failedSince>
        </case>
        <case>
          <duration>4.46</duration>
          <className>TestRestProbeSettings</className>
          <testName>TestCase01.test06</testName>
          <skipped>false</skipped>
          <failedSince>0</failedSince>
        </case>
        <case>
          <duration>16.268</duration>
          <className>TestRestProbeSettings</className>
          <testName>TestCase01.test07</testName>
          <skipped>false</skipped>
          <failedSince>0</failedSince>
        </case>
        <case>
          <duration>0.384</duration>
          <className>TestRestProbeSettings</className>
          <testName>TestCase01.test08</testName>
          <skipped>false</skipped>
          <failedSince>0</failedSince>
        </case>
        <case>
          <duration>15.932</duration>
          <className>TestRestProbeSettings</className>
          <testName>TestCase01.test09</testName>
          <skipped>false</skipped>
          <failedSince>0</failedSince>
        </case>
        <case>
          <duration>0.446</duration>
          <className>TestRestProbeSettings</className>
          <testName>TestCase01.test10</testName>
          <skipped>false</skipped>
          <failedSince>0</failedSince>
        </case>
        <case>
          <duration>0.886</duration>
          <className>TestRestProbeSettings</className>
          <testName>TestCase01.test11</testName>
          <skipped>false</skipped>
          <failedSince>0</failedSince>
        </case>
        <case>
          <duration>0.674</duration>
          <className>TestRestProbeSettings</className>
          <testName>TestCase01.test12</testName>
          <skipped>false</skipped>
          <failedSince>0</failedSince>
        </case>
        <case>
          <duration>1.951</duration>
          <className>TestRestProbeSettings</className>
          <testName>TestCase01.test13</testName>
          <skipped>false</skipped>
          <failedSince>0</failedSince>
        </case>
        <case>
          <duration>2.307</duration>
          <className>TestRestProbeSettings</className>
          <testName>TestCase01.test14</testName>
          <skipped>false</skipped>
          <failedSince>0</failedSince>
        </case>
        <case>
          <duration>2.371</duration>
          <className>TestRestProbeSettings</className>
          <testName>TestCase01.test15</testName>
          <skipped>false</skipped>
          <failedSince>0</failedSince>
        </case>
        <case>
          <duration>0.362</duration>
          <className>TestRestProbeSettings</className>
          <testName>TestCase01.test16</testName>
          <skipped>false</skipped>
          <failedSince>0</failedSince>
        </case>
        <case>
          <duration>2.223</duration>
          <className>TestRestProbeSettings</className>
          <testName>TestCase01.test17</testName>
          <skipped>false</skipped>
          <failedSince>0</failedSince>
        </case>
        <case>
          <duration>43.003</duration>
          <className>TestRestProbeSettings</className>
          <testName>TestCase01.test18</testName>
          <skipped>false</skipped>
          <failedSince>0</failedSince>
        </case>
        <case>
          <duration>2.796</duration>
          <className>TestRestProbeSettings</className>
          <testName>TestCase01.test19</testName>
          <skipped>false</skipped>
          <failedSince>0</failedSince>
        </case>
        <case>
          <duration>2.795</duration>
          <className>TestRestProbeSettings</className>
          <testName>TestCase01.test20</testName>
          <skipped>false</skipped>
          <failedSince>0</failedSince>
        </case>
        <case>
          <duration>0.037</duration>
          <className>TestRestProbeSettings</className>
          <testName>TestCase01.test21</testName>
          <skipped>false</skipped>
          <failedSince>0</failedSince>
        </case>
        <case>
          <duration>2.297</duration>
          <className>TestRestProbeSettings</className>
          <testName>TestCase01.test22</testName>
          <skipped>false</skipped>
          <failedSince>0</failedSince>
        </case>
        <case>
          <duration>0.021</duration>
          <className>TestRestProbeSettings</className>
          <testName>TestCase01.test23</testName>
          <skipped>false</skipped>
          <failedSince>0</failedSince>
        </case>
        <case>
          <duration>6.019</duration>
          <className>TestRestProbeSettings</className>
          <testName>TestCase01.test24</testName>
          <skipped>false</skipped>
          <failedSince>0</failedSince>
        </case>
        <case>
          <duration>4.238</duration>
          <className>TestRestProbeSettings</className>
          <testName>TestCase01.test25</testName>
          <skipped>false</skipped>
          <failedSince>0</failedSince>
        </case>
        <case>
          <duration>0.28</duration>
          <className>TestRestProbeSettings</className>
          <testName>TestCase01.test26</testName>
          <skipped>false</skipped>
          <failedSince>0</failedSince>
        </case>
      </cases>
    </suite>
    <suite>
      <file>/home/jenkins/workspace/Backend/CNE@2/test-results/TEST-capture-TestCapture.xml</file>
      <name>capture.TestCapture</name>
      <stdout>............Test test13 skipped in sandbox
.Test test14 skipped in sandbox
.Test test15 skipped in sandbox
.Test test16 skipped in sandbox
.Test test17 skipped in sandbox
.Test test18 skipped in sandbox
.Test test19 skipped in sandbox
.Test test20 skipped in sandbox
.Test test21 skipped in sandbox
.Test test22 skipped in sandbox
......
TestCase02.test05: BQM-18470: Check &quot;capture-settings capture-compression platform-default&quot; meaning
System type=force expectComp=False
[waiting for probed to restart.5s]
[waiting for probed to restart.5s]
...
TestCase05.test01: Check that the CNE port and the vport are included in the CPC file
Check that CNE port is included in the CPC file and the vport appears as n/a when no aggregation tap is configured
Check that CNE port and vport are included in the CPC file when an aggregation tap is configured
.</stdout>
      <stderr></stderr>
      <duration>243.507</duration>
      <timestamp>2019-10-31T08:52:48.873040</timestamp>
      <time>243.507</time>
      <enclosingBlocks/>
      <enclosingBlockNames/>
      <cases>
        <case>
          <duration>17.824</duration>
          <className>TestCapture</className>
          <testName>TestCase01.test00</testName>
          <skipped>false</skipped>
          <failedSince>0</failedSince>
        </case>
        <case>
          <duration>0.018</duration>
          <className>TestCapture</className>
          <testName>TestCase01.test01</testName>
          <skipped>false</skipped>
          <failedSince>0</failedSince>
        </case>
        <case>
          <duration>0.031</duration>
          <className>TestCapture</className>
          <testName>TestCase01.test02</testName>
          <skipped>false</skipped>
          <failedSince>0</failedSince>
        </case>
        <case>
          <duration>0.271</duration>
          <className>TestCapture</className>
          <testName>TestCase01.test03</testName>
          <skipped>false</skipped>
          <failedSince>0</failedSince>
        </case>
        <case>
          <duration>0.009</duration>
          <className>TestCapture</className>
          <testName>TestCase01.test04</testName>
          <skipped>false</skipped>
          <failedSince>0</failedSince>
        </case>
        <case>
          <duration>1.192</duration>
          <className>TestCapture</className>
          <testName>TestCase01.test05</testName>
          <skipped>false</skipped>
          <failedSince>0</failedSince>
        </case>
        <case>
          <duration>0.022</duration>
          <className>TestCapture</className>
          <testName>TestCase01.test06</testName>
          <skipped>false</skipped>
          <failedSince>0</failedSince>
        </case>
        <case>
          <duration>2.14</duration>
          <className>TestCapture</className>
          <testName>TestCase01.test07</testName>
          <skipped>false</skipped>
          <failedSince>0</failedSince>
        </case>
        <case>
          <duration>0.049</duration>
          <className>TestCapture</className>
          <testName>TestCase01.test08</testName>
          <skipped>false</skipped>
          <failedSince>0</failedSince>
        </case>
        <case>
          <duration>0.121</duration>
          <className>TestCapture</className>
          <testName>TestCase01.test09</testName>
          <skipped>false</skipped>
          <failedSince>0</failedSince>
        </case>
        <case>
          <duration>0.082</duration>
          <className>TestCapture</className>
          <testName>TestCase01.test10</testName>
          <skipped>false</skipped>
          <failedSince>0</failedSince>
        </case>
        <case>
          <duration>3.622</duration>
          <className>TestCapture</className>
          <testName>TestCase01.test11</testName>
          <skipped>false</skipped>
          <failedSince>0</failedSince>
        </case>
        <case>
          <duration>0.0</duration>
          <className>TestCapture</className>
          <testName>TestCase01.test13</testName>
          <skipped>false</skipped>
          <failedSince>0</failedSince>
        </case>
        <case>
          <duration>0.0</duration>
          <className>TestCapture</className>
          <testName>TestCase01.test14</testName>
          <skipped>false</skipped>
          <failedSince>0</failedSince>
        </case>
        <case>
          <duration>0.0</duration>
          <className>TestCapture</className>
          <testName>TestCase01.test15</testName>
          <skipped>false</skipped>
          <failedSince>0</failedSince>
        </case>
        <case>
          <duration>0.0</duration>
          <className>TestCapture</className>
          <testName>TestCase01.test16</testName>
          <skipped>false</skipped>
          <failedSince>0</failedSince>
        </case>
        <case>
          <duration>0.0</duration>
          <className>TestCapture</className>
          <testName>TestCase01.test17</testName>
          <skipped>false</skipped>
          <failedSince>0</failedSince>
        </case>
        <case>
          <duration>0.0</duration>
          <className>TestCapture</className>
          <testName>TestCase01.test18</testName>
          <skipped>false</skipped>
          <failedSince>0</failedSince>
        </case>
        <case>
          <duration>0.0</duration>
          <className>TestCapture</className>
          <testName>TestCase01.test19</testName>
          <skipped>false</skipped>
          <failedSince>0</failedSince>
        </case>
        <case>
          <duration>0.0</duration>
          <className>TestCapture</className>
          <testName>TestCase01.test20</testName>
          <skipped>false</skipped>
          <failedSince>0</failedSince>
        </case>
        <case>
          <duration>0.0</duration>
          <className>TestCapture</className>
          <testName>TestCase01.test21</testName>
          <skipped>false</skipped>
          <failedSince>0</failedSince>
        </case>
        <case>
          <duration>0.0</duration>
          <className>TestCapture</className>
          <testName>TestCase01.test22</testName>
          <skipped>false</skipped>
          <failedSince>0</failedSince>
        </case>
        <case>
          <duration>1.798</duration>
          <className>TestCapture</className>
          <testName>TestCase01.test23</testName>
          <skipped>false</skipped>
          <failedSince>0</failedSince>
        </case>
        <case>
          <duration>3.57</duration>
          <className>TestCapture</className>
          <testName>TestCase02.test01</testName>
          <skipped>false</skipped>
          <failedSince>0</failedSince>
        </case>
        <case>
          <duration>8.034</duration>
          <className>TestCapture</className>
          <testName>TestCase02.test02</testName>
          <skipped>false</skipped>
          <failedSince>0</failedSince>
        </case>
        <case>
          <duration>16.387</duration>
          <className>TestCapture</className>
          <testName>TestCase02.test03</testName>
          <skipped>false</skipped>
          <failedSince>0</failedSince>
        </case>
        <case>
          <duration>14.721</duration>
          <className>TestCapture</className>
          <testName>TestCase02.test04</testName>
          <skipped>false</skipped>
          <failedSince>0</failedSince>
        </case>
        <case>
          <duration>69.79</duration>
          <className>TestCapture</className>
          <testName>TestCase02.test05</testName>
          <skipped>false</skipped>
          <failedSince>0</failedSince>
        </case>
        <case>
          <duration>3.219</duration>
          <className>TestCapture</className>
          <testName>TestCase03.test01</testName>
          <skipped>false</skipped>
          <failedSince>0</failedSince>
        </case>
        <case>
          <duration>85.942</duration>
          <className>TestCapture</className>
          <testName>TestCase04.test01</testName>
          <skipped>false</skipped>
          <failedSince>0</failedSince>
        </case>
        <case>
          <duration>14.663</duration>
          <className>TestCapture</className>
          <testName>TestCase05.test01</testName>
          <skipped>false</skipped>
          <failedSince>0</failedSince>
        </case>
      </cases>
    </suite>
    <suite>
      <file>/home/jenkins/workspace/Backend/CNE@5/test-results/TEST-capture-TestFieldIndexing.xml</file>
      <name>capture.TestFieldIndexing</name>
      <stdout>TestCase01.test01: TestCase01.test01: Test PNQM merging ok with index buffers
Sending traffic
Waiting for packets to flush
.TestCase01.test02: TestCase01.test02: Test index buffer gets written on file close when appropriate
Sending traffic
Running cpccheck on /data/capture/IndexedManualCapture.cpc
Running cpccheck on /disk0/detect/703/channel--local-cne--indexed-site-foo1-indexed-1572511342
Running cpccheck on /data/capture/UnindexedManualCapture.cpc
Running cpccheck on /disk0/detect/702/channel--local-cne--unindexed-site-foo1-unindexed-1572511342
Running cpccheck on /data/capture/1MsgManualCapture.cpc
Running cpccheck on /disk0/detect/702/channel--local-cne--1msg-site-foo1-1msg-1572511342
Sending traffic
Waiting for packets to flush
Running cpccheck on /disk0/detect/702/channel--local-cne--indexed-site-foo2-indexed-1572511882
Running cpccheck on /disk0/detect/703/channel--local-cne--unindexed-site-foo2-unindexed-1572511882
.TestCase01.test03: TestCase01.test03: Test with no channels
Sending traffic with no channels
Adding a channel and sending more traffic
Disabling trace-events and sending more traffic
Running cpccheck on /disk0/detect/703/channel--local-cne--site-03-foo3-1572511929
ETestCase01.test04: TestCase01.test04: Test bloom filter batches are flushed correctly
Sending traffic
Waiting for packets and indices to flush
Running cpccheck on /disk0/detect/702/channel--local-cne---foo1-1572511971
ESending traffic
Waiting for packets to flush
.</stdout>
      <stderr></stderr>
      <duration>1152.727</duration>
      <timestamp>2019-10-31T08:37:51.651346</timestamp>
      <time>1152.727</time>
      <enclosingBlocks/>
      <enclosingBlockNames/>
      <cases>
        <case>
          <duration>267.615</duration>
          <className>TestFieldIndexing</className>
          <testName>TestCase01.test01</testName>
          <skipped>false</skipped>
          <failedSince>0</failedSince>
        </case>
        <case>
          <duration>568.409</duration>
          <className>TestFieldIndexing</className>
          <testName>TestCase01.test02</testName>
          <skipped>false</skipped>
          <failedSince>0</failedSince>
        </case>
        <case>
          <duration>61.869</duration>
          <className>TestFieldIndexing</className>
          <testName>TestCase01.test03</testName>
          <skipped>false</skipped>
          <errorStackTrace>Traceback (most recent call last):
  File &quot;/components/probed/test/testcases/probe.py&quot;, line 801, in wrapper
    r = f(*args, **kw)
  File &quot;/components/cna/host/src/probed/test/capture/TestFieldIndexing.py&quot;, line 442, in test03
    myRootShell.doCpcCheck(f)
  File &quot;/components/probed/test/testcases/probe.py&quot;, line 11438, in doCpcCheck
    self.run(cmd).noError()
  File &quot;/components/probed/test/testcases/probe.py&quot;, line 1391, in noError
    raise CmdOutputErrorException(self)
probe.CmdOutputErrorException: Command: cpccheck -v /disk0/detect/703/channel--local-cne--site-03-foo3-1572511929
Had this output: Checking CPC file /disk0/detect/703/channel--local-cne--site-03-foo3-1572511929 ... FAILED
cpcFile tcp: 0/0/0/0/0/0/0/0/0/0/0/0/91/0, calculated tcp: 0/0/0/0/0/0/0/0/0/0/0/0/100/0
Inconsistent summary record at 1572511932000000000: cpcFile(pkts: 100, msgs: 100), calculated(pkts: 100, msgs: 100)
cpcFile tcp: 0/0/0/0/0/0/0/0/0/0/0/0/108/0, calculated tcp: 0/0/0/0/0/0/0/0/0/0/0/0/99/0
Inconsistent summary record at 1572511932100000000: cpcFile(pkts: 99, msgs: 99), calculated(pkts: 99, msgs: 99)
cpcFile tcp: 0/0/0/0/0/0/0/0/0/0/0/0/95/0, calculated tcp: 0/0/0/0/0/0/0/0/0/0/0/0/99/0
Inconsistent summary record at 1572511933300000000: cpcFile(pkts: 99, msgs: 99), calculated(pkts: 99, msgs: 99)
cpcFile tcp: 0/0/0/0/0/0/0/0/0/0/0/0/103/0, calculated tcp: 0/0/0/0/0/0/0/0/0/0/0/0/99/0
Inconsistent summary record at 1572511933400000000: cpcFile(pkts: 99, msgs: 99), calculated(pkts: 99, msgs: 99)
cpcFile tcp: 0/0/0/0/0/0/0/0/0/0/0/0/98/0, calculated tcp: 0/0/0/0/0/0/0/0/0/0/0/0/99/0
Inconsistent summary record at 1572511933600000000: cpcFile(pkts: 99, msgs: 99), calculated(pkts: 99, msgs: 99)
cpcFile tcp: 0/0/0/0/0/0/0/0/0/0/0/0/100/0, calculated tcp: 0/0/0/0/0/0/0/0/0/0/0/0/99/0
Inconsistent summary record at 1572511933700000000: cpcFile(pkts: 99, msgs: 99), calculated(pkts: 99, msgs: 99)
cpcFile tcp: 0/0/0/0/0/0/0/0/0/0/0/0/99/0, calculated tcp: 0/0/0/0/0/0/0/0/0/0/0/0/100/0
Inconsistent summary record at 1572511935000000000: cpcFile(pkts: 100, msgs: 100), calculated(pkts: 100, msgs: 100)
cpcFile tcp: 0/0/0/0/0/0/0/0/0/0/0/0/100/0, calculated tcp: 0/0/0/0/0/0/0/0/0/0/0/0/99/0
Inconsistent summary record at 1572511935100000000: cpcFile(pkts: 99, msgs: 99), calculated(pkts: 99, msgs: 99)
cpcFile tcp: 0/0/0/0/0/0/0/0/0/0/0/0/98/0, calculated tcp: 0/0/0/0/0/0/0/0/0/0/0/0/99/0
Inconsistent summary record at 1572511935500000000: cpcFile(pkts: 99, msgs: 99), calculated(pkts: 99, msgs: 99)
cpcFile tcp: 0/0/0/0/0/0/0/0/0/0/0/0/101/0, calculated tcp: 0/0/0/0/0/0/0/0/0/0/0/0/100/0
Inconsistent summary record at 1572511935600000000: cpcFile(pkts: 100, msgs: 100), calculated(pkts: 100, msgs: 100)
cpcFile tcp: 0/0/0/0/0/0/0/0/0/0/0/0/98/0, calculated tcp: 0/0/0/0/0/0/0/0/0/0/0/0/99/0
Inconsistent summary record at 1572511937300000000: cpcFile(pkts: 99, msgs: 99), calculated(pkts: 99, msgs: 99)
cpcFile tcp: 0/0/0/0/0/0/0/0/0/0/0/0/100/0, calculated tcp: 0/0/0/0/0/0/0/0/0/0/0/0/99/0
Inconsistent summary record at 1572511937400000000: cpcFile(pkts: 99, msgs: 99), calculated(pkts: 99, msgs: 99)
Class = 514
  sumTs = 15725119313, pktCount = 80
  sumTs = 15725119314, pktCount = 99
  sumTs = 15725119315, pktCount = 99
  sumTs = 15725119316, pktCount = 100
  sumTs = 15725119317, pktCount = 99
  sumTs = 15725119318, pktCount = 100
  sumTs = 15725119319, pktCount = 99
  sumTs = 15725119320, pktCount = 100
  sumTs = 15725119321, pktCount = 99
  sumTs = 15725119322, pktCount = 100
  sumTs = 15725119323, pktCount = 25
  sumTs = 15725119331, pktCount = 22
  sumTs = 15725119332, pktCount = 100
  sumTs = 15725119333, pktCount = 99
  sumTs = 15725119334, pktCount = 99
  sumTs = 15725119335, pktCount = 100
  sumTs = 15725119336, pktCount = 99
  sumTs = 15725119337, pktCount = 99
  sumTs = 15725119338, pktCount = 100
  sumTs = 15725119339, pktCount = 99
  sumTs = 15725119340, pktCount = 99
  sumTs = 15725119341, pktCount = 84
  sumTs = 15725119349, pktCount = 16
  sumTs = 15725119350, pktCount = 100
  sumTs = 15725119351, pktCount = 99
  sumTs = 15725119352, pktCount = 100
  sumTs = 15725119353, pktCount = 99
  sumTs = 15725119354, pktCount = 100
  sumTs = 15725119355, pktCount = 99
  sumTs = 15725119356, pktCount = 100
  sumTs = 15725119357, pktCount = 99
  sumTs = 15725119358, pktCount = 100
  sumTs = 15725119359, pktCount = 88
  sumTs = 15725119367, pktCount = 27
  sumTs = 15725119368, pktCount = 100
  sumTs = 15725119369, pktCount = 99
  sumTs = 15725119370, pktCount = 100
  sumTs = 15725119371, pktCount = 99
  sumTs = 15725119372, pktCount = 100
  sumTs = 15725119373, pktCount = 99
  sumTs = 15725119374, pktCount = 99
  sumTs = 15725119375, pktCount = 100
  sumTs = 15725119376, pktCount = 99
  sumTs = 15725119377, pktCount = 78
  sumTs = 15725119385, pktCount = 86
  sumTs = 15725119386, pktCount = 100
  sumTs = 15725119387, pktCount = 99
  sumTs = 15725119388, pktCount = 99


But expected no errors
</errorStackTrace>
          <failedSince>4479</failedSince>
        </case>
        <case>
          <duration>104.883</duration>
          <className>TestFieldIndexing</className>
          <testName>TestCase01.test04</testName>
          <skipped>false</skipped>
          <errorStackTrace>Traceback (most recent call last):
  File &quot;/components/probed/test/testcases/probe.py&quot;, line 801, in wrapper
    r = f(*args, **kw)
  File &quot;/components/cna/host/src/probed/test/capture/TestFieldIndexing.py&quot;, line 519, in test04
    myRootShell.doCpcCheck(f)
  File &quot;/components/probed/test/testcases/probe.py&quot;, line 11438, in doCpcCheck
    self.run(cmd).noError()
  File &quot;/components/probed/test/testcases/probe.py&quot;, line 1391, in noError
    raise CmdOutputErrorException(self)
probe.CmdOutputErrorException: Command: cpccheck -v /disk0/detect/702/channel--local-cne---foo1-1572511971
Had this output: Checking CPC file /disk0/detect/702/channel--local-cne---foo1-1572511971 ... FAILED
cpcFile tcp: 0/0/0/0/0/0/0/0/0/0/0/0/470/0, calculated tcp: 0/0/0/0/0/0/0/0/0/0/0/0/474/0
Inconsistent summary record at 1572511975100000000: cpcFile(pkts: 474, msgs: 474), calculated(pkts: 474, msgs: 474)
cpcFile tcp: 0/0/0/0/0/0/0/0/0/0/0/0/1530/0, calculated tcp: 0/0/0/0/0/0/0/0/0/0/0/0/1526/0
Inconsistent summary record at 1572511975200000000: cpcFile(pkts: 1526, msgs: 1526), calculated(pkts: 1526, msgs: 1526)
cpcFile tcp: 0/0/0/0/0/0/0/0/0/0/0/0/1766/0, calculated tcp: 0/0/0/0/0/0/0/0/0/0/0/0/1800/0
Inconsistent summary record at 1572511976300000000: cpcFile(pkts: 1800, msgs: 1800), calculated(pkts: 1800, msgs: 1800)
cpcFile tcp: 0/0/0/0/0/0/0/0/0/0/0/0/234/0, calculated tcp: 0/0/0/0/0/0/0/0/0/0/0/0/200/0
Inconsistent summary record at 1572511976400000000: cpcFile(pkts: 200, msgs: 200), calculated(pkts: 200, msgs: 200)
cpcFile tcp: 0/0/0/0/0/0/0/0/0/0/0/0/66/0, calculated tcp: 0/0/0/0/0/0/0/0/0/0/0/0/90/0
Inconsistent summary record at 1572511986400000000: cpcFile(pkts: 90, msgs: 90), calculated(pkts: 90, msgs: 90)
cpcFile tcp: 0/0/0/0/0/0/0/0/0/0/0/0/1934/0, calculated tcp: 0/0/0/0/0/0/0/0/0/0/0/0/1910/0
Inconsistent summary record at 1572511986500000000: cpcFile(pkts: 1910, msgs: 1910), calculated(pkts: 1910, msgs: 1910)
cpcFile tcp: 0/0/0/0/0/0/0/0/0/0/0/0/1089/0, calculated tcp: 0/0/0/0/0/0/0/0/0/0/0/0/1111/0
Inconsistent summary record at 1572511994100000000: cpcFile(pkts: 1111, msgs: 1111), calculated(pkts: 1111, msgs: 1111)
cpcFile tcp: 0/0/0/0/0/0/0/0/0/0/0/0/911/0, calculated tcp: 0/0/0/0/0/0/0/0/0/0/0/0/889/0
Inconsistent summary record at 1572511994200000000: cpcFile(pkts: 889, msgs: 889), calculated(pkts: 889, msgs: 889)
cpcFile tcp: 0/0/0/0/0/0/0/0/0/0/0/0/1925/0, calculated tcp: 0/0/0/0/0/0/0/0/0/0/0/0/1929/0
Inconsistent summary record at 1572511995200000000: cpcFile(pkts: 1929, msgs: 1929), calculated(pkts: 1929, msgs: 1929)
cpcFile tcp: 0/0/0/0/0/0/0/0/0/0/0/0/75/0, calculated tcp: 0/0/0/0/0/0/0/0/0/0/0/0/71/0
Inconsistent summary record at 1572511995300000000: cpcFile(pkts: 71, msgs: 71), calculated(pkts: 71, msgs: 71)
cpcFile tcp: 0/0/0/0/0/0/0/0/0/0/0/0/1347/0, calculated tcp: 0/0/0/0/0/0/0/0/0/0/0/0/1385/0
Inconsistent summary record at 1572512002300000000: cpcFile(pkts: 1385, msgs: 1385), calculated(pkts: 1385, msgs: 1385)
cpcFile tcp: 0/0/0/0/0/0/0/0/0/0/0/0/653/0, calculated tcp: 0/0/0/0/0/0/0/0/0/0/0/0/615/0
Inconsistent summary record at 1572512002400000000: cpcFile(pkts: 615, msgs: 615), calculated(pkts: 615, msgs: 615)
cpcFile tcp: 0/0/0/0/0/0/0/0/0/0/0/0/1724/0, calculated tcp: 0/0/0/0/0/0/0/0/0/0/0/0/1727/0
Inconsistent summary record at 1572512003400000000: cpcFile(pkts: 1727, msgs: 1727), calculated(pkts: 1727, msgs: 1727)
cpcFile tcp: 0/0/0/0/0/0/0/0/0/0/0/0/276/0, calculated tcp: 0/0/0/0/0/0/0/0/0/0/0/0/273/0
Inconsistent summary record at 1572512003500000000: cpcFile(pkts: 273, msgs: 273), calculated(pkts: 273, msgs: 273)
cpcFile tcp: 0/0/0/0/0/0/0/0/0/0/0/0/273/0, calculated tcp: 0/0/0/0/0/0/0/0/0/0/0/0/287/0
Inconsistent summary record at 1572512004400000000: cpcFile(pkts: 287, msgs: 287), calculated(pkts: 287, msgs: 287)
cpcFile tcp: 0/0/0/0/0/0/0/0/0/0/0/0/1727/0, calculated tcp: 0/0/0/0/0/0/0/0/0/0/0/0/1713/0
Inconsistent summary record at 1572512004500000000: cpcFile(pkts: 1713, msgs: 1713), calculated(pkts: 1713, msgs: 1713)
Class = 557
  sumTs = 15725119728, pktCount = 1903
  sumTs = 15725119729, pktCount = 97
  sumTs = 15725119740, pktCount = 2000
  sumTs = 15725119751, pktCount = 474
  sumTs = 15725119752, pktCount = 1526
  sumTs = 15725119763, pktCount = 1800
  sumTs = 15725119764, pktCount = 200
  sumTs = 15725119776, pktCount = 2000
  sumTs = 15725119788, pktCount = 2000
  sumTs = 15725119799, pktCount = 2000
  sumTs = 15725119810, pktCount = 2000
  sumTs = 15725119821, pktCount = 2000
  sumTs = 15725119831, pktCount = 2000
  sumTs = 15725119842, pktCount = 2000
  sumTs = 15725119854, pktCount = 2000
  sumTs = 15725119864, pktCount = 90
  sumTs = 15725119865, pktCount = 1910
  sumTs = 15725119875, pktCount = 2000
  sumTs = 15725119886, pktCount = 2000
  sumTs = 15725119897, pktCount = 1705
  sumTs = 15725119898, pktCount = 295
  sumTs = 15725119908, pktCount = 2000
  sumTs = 15725119920, pktCount = 2000
  sumTs = 15725119931, pktCount = 2000
  sumTs = 15725119941, pktCount = 1111
  sumTs = 15725119942, pktCount = 889
  sumTs = 15725119952, pktCount = 1929
  sumTs = 15725119953, pktCount = 71
  sumTs = 15725119968, pktCount = 2000
  sumTs = 15725119979, pktCount = 2000
  sumTs = 15725119990, pktCount = 2000
  sumTs = 15725120001, pktCount = 2000
  sumTs = 15725120012, pktCount = 2000
  sumTs = 15725120023, pktCount = 1385
  sumTs = 15725120024, pktCount = 615
  sumTs = 15725120034, pktCount = 1727
  sumTs = 15725120035, pktCount = 273
  sumTs = 15725120044, pktCount = 287
  sumTs = 15725120045, pktCount = 1713
  sumTs = 15725120055, pktCount = 467
  sumTs = 15725120056, pktCount = 1533
  sumTs = 15725120065, pktCount = 1
  sumTs = 15725120070, pktCount = 1
  sumTs = 15725120075, pktCount = 1
  sumTs = 15725120080, pktCount = 1
  sumTs = 15725120085, pktCount = 1
  sumTs = 15725120090, pktCount = 1
  sumTs = 15725120095, pktCount = 1
  sumTs = 15725120100, pktCount = 1
  sumTs = 15725120105, pktCount = 1
  sumTs = 15725120110, pktCount = 1
  sumTs = 15725120115, pktCount = 1
  sumTs = 15725120120, pktCount = 1
  sumTs = 15725120125, pktCount = 1
  sumTs = 15725120130, pktCount = 1
  sumTs = 15725120135, pktCount = 1
  sumTs = 15725120140, pktCount = 1
  sumTs = 15725120145, pktCount = 1
  sumTs = 15725120150, pktCount = 1
  sumTs = 15725120155, pktCount = 1
  sumTs = 15725120160, pktCount = 1
  sumTs = 15725120165, pktCount = 1
  sumTs = 15725120170, pktCount = 1
  sumTs = 15725120175, pktCount = 1
  sumTs = 15725120180, pktCount = 1
  sumTs = 15725120185, pktCount = 1
  sumTs = 15725120190, pktCount = 1
  sumTs = 15725120195, pktCount = 1
  sumTs = 15725120200, pktCount = 1
  sumTs = 15725120205, pktCount = 1
  sumTs = 15725120210, pktCount = 1
  sumTs = 15725120215, pktCount = 1
  sumTs = 15725120220, pktCount = 1
  sumTs = 15725120225, pktCount = 1
  sumTs = 15725120230, pktCount = 1
  sumTs = 15725120235, pktCount = 1
  sumTs = 15725120240, pktCount = 1
  sumTs = 15725120245, pktCount = 1
  sumTs = 15725120250, pktCount = 1
  sumTs = 15725120255, pktCount = 1
  sumTs = 15725120260, pktCount = 1
  sumTs = 15725120265, pktCount = 1
  sumTs = 15725120270, pktCount = 1
  sumTs = 15725120275, pktCount = 1
  sumTs = 15725120280, pktCount = 1
  sumTs = 15725120285, pktCount = 1
  sumTs = 15725120290, pktCount = 1
  sumTs = 15725120295, pktCount = 1
  sumTs = 15725120300, pktCount = 1
  sumTs = 15725120305, pktCount = 1
  sumTs = 15725120310, pktCount = 1
  sumTs = 15725120315, pktCount = 1
  sumTs = 15725120320, pktCount = 1
  sumTs = 15725120325, pktCount = 1
  sumTs = 15725120330, pktCount = 1
  sumTs = 15725120335, pktCount = 1
  sumTs = 15725120340, pktCount = 1
  sumTs = 15725120345, pktCount = 1
  sumTs = 15725120350, pktCount = 1
  sumTs = 15725120355, pktCount = 1
  sumTs = 15725120360, pktCount = 1
  sumTs = 15725120365, pktCount = 1
  sumTs = 15725120370, pktCount = 1
  sumTs = 15725120375, pktCount = 1
  sumTs = 15725120380, pktCount = 1
  sumTs = 15725120385, pktCount = 1
  sumTs = 15725120390, pktCount = 1
  sumTs = 15725120395, pktCount = 1
  sumTs = 15725120400, pktCount = 1
  sumTs = 15725120405, pktCount = 1
  sumTs = 15725120410, pktCount = 1
  sumTs = 15725120415, pktCount = 1
  sumTs = 15725120420, pktCount = 1
  sumTs = 15725120425, pktCount = 1
  sumTs = 15725120430, pktCount = 1
  sumTs = 15725120435, pktCount = 1
  sumTs = 15725120440, pktCount = 1
  sumTs = 15725120445, pktCount = 1
  sumTs = 15725120450, pktCount = 1
  sumTs = 15725120455, pktCount = 1
  sumTs = 15725120460, pktCount = 1
  sumTs = 15725120465, pktCount = 1
  sumTs = 15725120470, pktCount = 1
  sumTs = 15725120475, pktCount = 1
  sumTs = 15725120480, pktCount = 1
  sumTs = 15725120485, pktCount = 1
  sumTs = 15725120490, pktCount = 1
  sumTs = 15725120495, pktCount = 1
  sumTs = 15725120500, pktCount = 1
  sumTs = 15725120505, pktCount = 1
  sumTs = 15725120510, pktCount = 1
  sumTs = 15725120515, pktCount = 1
  sumTs = 15725120520, pktCount = 1
  sumTs = 15725120525, pktCount = 1
  sumTs = 15725120530, pktCount = 1
  sumTs = 15725120535, pktCount = 1
  sumTs = 15725120540, pktCount = 1
  sumTs = 15725120545, pktCount = 1
  sumTs = 15725120550, pktCount = 1
  sumTs = 15725120555, pktCount = 1
  sumTs = 15725120560, pktCount = 1
  sumTs = 15725120578, pktCount = 0


But expected no errors
</errorStackTrace>
          <failedSince>4462</failedSince>
        </case>
        <case>
          <duration>149.95</duration>
          <className>TestFieldIndexing</className>
          <testName>TestCase01.test05</testName>
          <skipped>false</skipped>
          <failedSince>0</failedSince>
        </case>
      </cases>
    </suite>
    <suite>
      <file>/home/jenkins/workspace/Backend/CNE/test-results/TEST-cli-TestPacketTable.xml</file>
      <name>cli.TestPacketTable</name>
      <stdout>Sending traffic
Found 150 source sigs, 150 destination sigs, 104 total packets
Found 150 source sigs, 150 destination sigs, 115 total packets
Found 150 source sigs, 150 destination sigs, 122 total packets
Found 150 source sigs, 150 destination sigs, 133 total packets
Found 150 source sigs, 150 destination sigs, 140 total packets
Found 150 source sigs, 150 destination sigs, 150 total packets
Waiting for captures

TestCase01.test01: basic sanity test
Doing retrieval
Event Retrieval Command:   -P 0
...[truncated 21454 chars]...
Q support doesn&apos;t handle tags with ethertype 0x88A8/0x9100
Event Retrieval Command:   -P 0:50 rt-class//local-cne///VlanQinQ/class-default 1572512142000 1572515744000 
.
TestCase17.test01: Test Packet Table  - Mac-in-mac, with inner VLAN
Waiting for captures
Event Retrieval Command:   -P 0:50 rt-class//local-cne///MacInMac/class-default 1572512171000 1572515774000 
.Waiting for captures
Event Retrieval Command:   -P 0:50 rt-class//local-cne///MacInMac/class-default 1572512203000 1572515805000 
.</stdout>
      <stderr></stderr>
      <duration>951.456</duration>
      <timestamp>2019-10-31T08:41:18.734054</timestamp>
      <time>951.456</time>
      <enclosingBlocks/>
      <enclosingBlockNames/>
      <cases>
        <case>
          <duration>98.674</duration>
          <className>TestPacketTable</className>
          <testName>TestCase01.test01</testName>
          <skipped>false</skipped>
          <failedSince>0</failedSince>
        </case>
        <case>
          <duration>3.875</duration>
          <className>TestPacketTable</className>
          <testName>TestCase01.test02</testName>
          <skipped>false</skipped>
          <failedSince>0</failedSince>
        </case>
        <case>
          <duration>1.637</duration>
          <className>TestPacketTable</className>
          <testName>TestCase01.test03</testName>
          <skipped>false</skipped>
          <failedSince>0</failedSince>
        </case>
        <case>
          <duration>41.087</duration>
          <className>TestPacketTable</className>
          <testName>TestCase02.test01</testName>
          <skipped>false</skipped>
          <failedSince>0</failedSince>
        </case>
        <case>
          <duration>3.133</duration>
          <className>TestPacketTable</className>
          <testName>TestCase02.test02</testName>
          <skipped>false</skipped>
          <failedSince>0</failedSince>
        </case>
        <case>
          <duration>11.139</duration>
          <className>TestPacketTable</className>
          <testName>TestCase02.test03</testName>
          <skipped>false</skipped>
          <failedSince>0</failedSince>
        </case>
        <case>
          <duration>4.753</duration>
          <className>TestPacketTable</className>
          <testName>TestCase02.test04</testName>
          <skipped>false</skipped>
          <failedSince>0</failedSince>
        </case>
        <case>
          <duration>2.524</duration>
          <className>TestPacketTable</className>
          <testName>TestCase02.test05</testName>
          <skipped>false</skipped>
          <failedSince>0</failedSince>
        </case>
        <case>
          <duration>2.061</duration>
          <className>TestPacketTable</className>
          <testName>TestCase02.test06</testName>
          <skipped>false</skipped>
          <failedSince>0</failedSince>
        </case>
        <case>
          <duration>1.028</duration>
          <className>TestPacketTable</className>
          <testName>TestCase02.test07</testName>
          <skipped>false</skipped>
          <failedSince>0</failedSince>
        </case>
        <case>
          <duration>113.511</duration>
          <className>TestPacketTable</className>
          <testName>TestCase03.test01</testName>
          <skipped>false</skipped>
          <failedSince>0</failedSince>
        </case>
        <case>
          <duration>12.536</duration>
          <className>TestPacketTable</className>
          <testName>TestCase03.test02</testName>
          <skipped>false</skipped>
          <failedSince>0</failedSince>
        </case>
        <case>
          <duration>11.966</duration>
          <className>TestPacketTable</className>
          <testName>TestCase03.test03</testName>
          <skipped>false</skipped>
          <failedSince>0</failedSince>
        </case>
        <case>
          <duration>11.441</duration>
          <className>TestPacketTable</className>
          <testName>TestCase03.test04</testName>
          <skipped>false</skipped>
          <failedSince>0</failedSince>
        </case>
        <case>
          <duration>10.427</duration>
          <className>TestPacketTable</className>
          <testName>TestCase03.test05</testName>
          <skipped>false</skipped>
          <failedSince>0</failedSince>
        </case>
        <case>
          <duration>10.558</duration>
          <className>TestPacketTable</className>
          <testName>TestCase03.test06</testName>
          <skipped>false</skipped>
          <failedSince>0</failedSince>
        </case>
        <case>
          <duration>29.069</duration>
          <className>TestPacketTable</className>
          <testName>TestCase04.test01</testName>
          <skipped>false</skipped>
          <failedSince>0</failedSince>
        </case>
        <case>
          <duration>40.472</duration>
          <className>TestPacketTable</className>
          <testName>TestCase05.test01</testName>
          <skipped>false</skipped>
          <failedSince>0</failedSince>
        </case>
        <case>
          <duration>31.756</duration>
          <className>TestPacketTable</className>
          <testName>TestCase06.test01</testName>
          <skipped>false</skipped>
          <failedSince>0</failedSince>
        </case>
        <case>
          <duration>58.02</duration>
          <className>TestPacketTable</className>
          <testName>TestCase07.test01</testName>
          <skipped>false</skipped>
          <failedSince>0</failedSince>
        </case>
        <case>
          <duration>30.863</duration>
          <className>TestPacketTable</className>
          <testName>TestCase08.test01</testName>
          <skipped>false</skipped>
          <failedSince>0</failedSince>
        </case>
        <case>
          <duration>31.132</duration>
          <className>TestPacketTable</className>
          <testName>TestCase09.test01</testName>
          <skipped>false</skipped>
          <failedSince>0</failedSince>
        </case>
        <case>
          <duration>35.616</duration>
          <className>TestPacketTable</className>
          <testName>TestCase10.test01</testName>
          <skipped>false</skipped>
          <failedSince>0</failedSince>
        </case>
        <case>
          <duration>30.908</duration>
          <className>TestPacketTable</className>
          <testName>TestCase11.test01</testName>
          <skipped>false</skipped>
          <failedSince>0</failedSince>
        </case>
        <case>
          <duration>33.858</duration>
          <className>TestPacketTable</className>
          <testName>TestCase12.test01</testName>
          <skipped>false</skipped>
          <failedSince>0</failedSince>
        </case>
        <case>
          <duration>29.676</duration>
          <className>TestPacketTable</className>
          <testName>TestCase13.test01</testName>
          <skipped>false</skipped>
          <failedSince>0</failedSince>
        </case>
        <case>
          <duration>32.948</duration>
          <className>TestPacketTable</className>
          <testName>TestCase14.test01</testName>
          <skipped>false</skipped>
          <failedSince>0</failedSince>
        </case>
        <case>
          <duration>30.855</duration>
          <className>TestPacketTable</className>
          <testName>TestCase14.test02</testName>
          <skipped>false</skipped>
          <failedSince>0</failedSince>
        </case>
        <case>
          <duration>38.455</duration>
          <className>TestPacketTable</className>
          <testName>TestCase14.test03</testName>
          <skipped>false</skipped>
          <failedSince>0</failedSince>
        </case>
        <case>
          <duration>30.257</duration>
          <className>TestPacketTable</className>
          <testName>TestCase14.test04</testName>
          <skipped>false</skipped>
          <failedSince>0</failedSince>
        </case>
        <case>
          <duration>35.954</duration>
          <className>TestPacketTable</className>
          <testName>TestCase15.test01</testName>
          <skipped>false</skipped>
          <failedSince>0</failedSince>
        </case>
        <case>
          <duration>29.667</duration>
          <className>TestPacketTable</className>
          <testName>TestCase16.test01</testName>
          <skipped>false</skipped>
          <failedSince>0</failedSince>
        </case>
        <case>
          <duration>31.666</duration>
          <className>TestPacketTable</className>
          <testName>TestCase17.test01</testName>
          <skipped>false</skipped>
          <failedSince>0</failedSince>
        </case>
        <case>
          <duration>29.923</duration>
          <className>TestPacketTable</className>
          <testName>TestCase17.test02</testName>
          <skipped>false</skipped>
          <failedSince>0</failedSince>
        </case>
      </cases>
    </suite>
    <suite>
      <file>/home/jenkins/workspace/Backend/CNE@13/test-results/TEST-cli-TestSystemSetting.xml</file>
      <name>cli.TestSystemSetting</name>
      <stdout>.......................Test skipped on the CorvilNet Engine
....[waiting for probed to restart.5s]
[waiting for probed to restart.4s]
.restart not required
.......TestCase01.test35: Test confirmation behaviour of multicast reservation system-settings: BQM-12540
...[waiting for probed to restart.5s]
[waiting for probed to restart.4s]
...Test skipped on the CorvilNet Engine
..Test skipped on the CorvilNet Engine
.[waiting for probed to restart.4s]
[waiting for probed to restart.4s]
[waiting for pr
...[truncated 1083 chars]...
ral CLI password errors
.
TestCase05.test03: BQM-33543 test - password too long
.Test skipped on the CorvilNet Engine
.Test skipped on the CorvilNet Engine
.Test skipped on the CorvilNet Engine
.Test skipped on the CorvilNet Engine
.Test skipped on the CorvilNet Engine
.Test skipped on the CorvilNet Engine
.Test skipped on the CorvilNet Engine
.Test skipped on the CorvilNet Engine
.Test skipped on the CorvilNet Engine
.Test skipped on the CorvilNet Engine
.Test skipped on the CorvilNet Engine
..</stdout>
      <stderr></stderr>
      <duration>795.837</duration>
      <timestamp>2019-10-31T08:44:13.994036</timestamp>
      <time>795.837</time>
      <enclosingBlocks/>
      <enclosingBlockNames/>
      <cases>
        <case>
          <duration>26.228</duration>
          <className>TestSystemSetting</className>
          <testName>TestCase01.test01</testName>
          <skipped>false</skipped>
          <failedSince>0</failedSince>
        </case>
        <case>
          <duration>3.556</duration>
          <className>TestSystemSetting</className>
          <testName>TestCase01.test02</testName>
          <skipped>false</skipped>
          <failedSince>0</failedSince>
        </case>
        <case>
          <duration>13.614</duration>
          <className>TestSystemSetting</className>
          <testName>TestCase01.test03</testName>
          <skipped>false</skipped>
          <failedSince>0</failedSince>
        </case>
        <case>
          <duration>2.069</duration>
          <className>TestSystemSetting</className>
          <testName>TestCase01.test04</testName>
          <skipped>false</skipped>
          <failedSince>0</failedSince>
        </case>
        <case>
          <duration>3.129</duration>
          <className>TestSystemSetting</className>
          <testName>TestCase01.test05</testName>
          <skipped>false</skipped>
          <failedSince>0</failedSince>
        </case>
        <case>
          <duration>3.155</duration>
          <className>TestSystemSetting</className>
          <testName>TestCase01.test06</testName>
          <skipped>false</skipped>
          <failedSince>0</failedSince>
        </case>
        <case>
          <duration>1.249</duration>
          <className>TestSystemSetting</className>
          <testName>TestCase01.test07</testName>
          <skipped>false</skipped>
          <failedSince>0</failedSince>
        </case>
        <case>
          <duration>2.759</duration>
          <className>TestSystemSetting</className>
          <testName>TestCase01.test08</testName>
          <skipped>false</skipped>
          <failedSince>0</failedSince>
        </case>
        <case>
          <duration>5.185</duration>
          <className>TestSystemSetting</className>
          <testName>TestCase01.test09</testName>
          <skipped>false</skipped>
          <failedSince>0</failedSince>
        </case>
        <case>
          <duration>0.12</duration>
          <className>TestSystemSetting</className>
          <testName>TestCase01.test10</testName>
          <skipped>false</skipped>
          <failedSince>0</failedSince>
        </case>
        <case>
          <duration>1.985</duration>
          <className>TestSystemSetting</className>
          <testName>TestCase01.test11</testName>
          <skipped>false</skipped>
          <failedSince>0</failedSince>
        </case>
        <case>
          <duration>5.91</duration>
          <className>TestSystemSetting</className>
          <testName>TestCase01.test12</testName>
          <skipped>false</skipped>
          <failedSince>0</failedSince>
        </case>
        <case>
          <duration>2.818</duration>
          <className>TestSystemSetting</className>
          <testName>TestCase01.test13</testName>
          <skipped>false</skipped>
          <failedSince>0</failedSince>
        </case>
        <case>
          <duration>0.443</duration>
          <className>TestSystemSetting</className>
          <testName>TestCase01.test14</testName>
          <skipped>false</skipped>
          <failedSince>0</failedSince>
        </case>
        <case>
          <duration>0.144</duration>
          <className>TestSystemSetting</className>
          <testName>TestCase01.test15</testName>
          <skipped>false</skipped>
          <failedSince>0</failedSince>
        </case>
        <case>
          <duration>2.245</duration>
          <className>TestSystemSetting</className>
          <testName>TestCase01.test16</testName>
          <skipped>false</skipped>
          <failedSince>0</failedSince>
        </case>
        <case>
          <duration>3.127</duration>
          <className>TestSystemSetting</className>
          <testName>TestCase01.test17</testName>
          <skipped>false</skipped>
          <failedSince>0</failedSince>
        </case>
        <case>
          <duration>0.121</duration>
          <className>TestSystemSetting</className>
          <testName>TestCase01.test18</testName>
          <skipped>false</skipped>
          <failedSince>0</failedSince>
        </case>
        <case>
          <duration>4.793</duration>
          <className>TestSystemSetting</className>
          <testName>TestCase01.test19</testName>
          <skipped>false</skipped>
          <failedSince>0</failedSince>
        </case>
        <case>
          <duration>2.044</duration>
          <className>TestSystemSetting</className>
          <testName>TestCase01.test20</testName>
          <skipped>false</skipped>
          <failedSince>0</failedSince>
        </case>
        <case>
          <duration>1.81</duration>
          <className>TestSystemSetting</className>
          <testName>TestCase01.test21</testName>
          <skipped>false</skipped>
          <failedSince>0</failedSince>
        </case>
        <case>
          <duration>24.945</duration>
          <className>TestSystemSetting</className>
          <testName>TestCase01.test22</testName>
          <skipped>false</skipped>
          <failedSince>0</failedSince>
        </case>
        <case>
          <duration>16.15</duration>
          <className>TestSystemSetting</className>
          <testName>TestCase01.test23</testName>
          <skipped>false</skipped>
          <failedSince>0</failedSince>
        </case>
        <case>
          <duration>0.047</duration>
          <className>TestSystemSetting</className>
          <testName>TestCase01.test24</testName>
          <skipped>false</skipped>
          <failedSince>0</failedSince>
        </case>
        <case>
          <duration>4.343</duration>
          <className>TestSystemSetting</className>
          <testName>TestCase01.test25</testName>
          <skipped>false</skipped>
          <failedSince>0</failedSince>
        </case>
        <case>
          <duration>4.023</duration>
          <className>TestSystemSetting</className>
          <testName>TestCase01.test26</testName>
          <skipped>false</skipped>
          <failedSince>0</failedSince>
        </case>
        <case>
          <duration>0.75</duration>
          <className>TestSystemSetting</className>
          <testName>TestCase01.test27</testName>
          <skipped>false</skipped>
          <failedSince>0</failedSince>
        </case>
        <case>
          <duration>142.145</duration>
          <className>TestSystemSetting</className>
          <testName>TestCase01.test28</testName>
          <skipped>false</skipped>
          <failedSince>0</failedSince>
        </case>
        <case>
          <duration>0.268</duration>
          <className>TestSystemSetting</className>
          <testName>TestCase01.test29</testName>
          <skipped>false</skipped>
          <failedSince>0</failedSince>
        </case>
        <case>
          <duration>1.789</duration>
          <className>TestSystemSetting</className>
          <testName>TestCase01.test30</testName>
          <skipped>false</skipped>
          <failedSince>0</failedSince>
        </case>
        <case>
          <duration>0.216</duration>
          <className>TestSystemSetting</className>
          <testName>TestCase01.test30a</testName>
          <skipped>false</skipped>
          <failedSince>0</failedSince>
        </case>
        <case>
          <duration>3.399</duration>
          <className>TestSystemSetting</className>
          <testName>TestCase01.test31</testName>
          <skipped>false</skipped>
          <failedSince>0</failedSince>
        </case>
        <case>
          <duration>1.725</duration>
          <className>TestSystemSetting</className>
          <testName>TestCase01.test32</testName>
          <skipped>false</skipped>
          <failedSince>0</failedSince>
        </case>
        <case>
          <duration>0.168</duration>
          <className>TestSystemSetting</className>
          <testName>TestCase01.test33</testName>
          <skipped>false</skipped>
          <failedSince>0</failedSince>
        </case>
        <case>
          <duration>12.1</duration>
          <className>TestSystemSetting</className>
          <testName>TestCase01.test34</testName>
          <skipped>false</skipped>
          <failedSince>0</failedSince>
        </case>
        <case>
          <duration>12.031</duration>
          <className>TestSystemSetting</className>
          <testName>TestCase01.test35</testName>
          <skipped>false</skipped>
          <failedSince>0</failedSince>
        </case>
        <case>
          <duration>8.831</duration>
          <className>TestSystemSetting</className>
          <testName>TestCase01.test36</testName>
          <skipped>false</skipped>
          <failedSince>0</failedSince>
        </case>
        <case>
          <duration>23.781</duration>
          <className>TestSystemSetting</className>
          <testName>TestCase01.test37</testName>
          <skipped>false</skipped>
          <failedSince>0</failedSince>
        </case>
        <case>
          <duration>50.694</duration>
          <className>TestSystemSetting</className>
          <testName>TestCase01.test38</testName>
          <skipped>false</skipped>
          <failedSince>0</failedSince>
        </case>
        <case>
          <duration>4.693</duration>
          <className>TestSystemSetting</className>
          <testName>TestCase01.test39</testName>
          <skipped>false</skipped>
          <failedSince>0</failedSince>
        </case>
        <case>
          <duration>3.837</duration>
          <className>TestSystemSetting</className>
          <testName>TestCase01.test40</testName>
          <skipped>false</skipped>
          <failedSince>0</failedSince>
        </case>
        <case>
          <duration>0.042</duration>
          <className>TestSystemSetting</className>
          <testName>TestCase01.test41</testName>
          <skipped>false</skipped>
          <failedSince>0</failedSince>
        </case>
        <case>
          <duration>3.512</duration>
          <className>TestSystemSetting</className>
          <testName>TestCase01.test42</testName>
          <skipped>false</skipped>
          <failedSince>0</failedSince>
        </case>
        <case>
          <duration>0.047</duration>
          <className>TestSystemSetting</className>
          <testName>TestCase01.test43</testName>
          <skipped>false</skipped>
          <failedSince>0</failedSince>
        </case>
        <case>
          <duration>237.22</duration>
          <className>TestSystemSetting</className>
          <testName>TestCase01.test44</testName>
          <skipped>false</skipped>
          <failedSince>0</failedSince>
        </case>
        <case>
          <duration>0.182</duration>
          <className>TestSystemSetting</className>
          <testName>TestCase01.test45</testName>
          <skipped>false</skipped>
          <failedSince>0</failedSince>
        </case>
        <case>
          <duration>1.026</duration>
          <className>TestSystemSetting</className>
          <testName>TestCase01.test46</testName>
          <skipped>false</skipped>
          <failedSince>0</failedSince>
        </case>
        <case>
          <duration>0.245</duration>
          <className>TestSystemSetting</className>
          <testName>TestCase01.test47</testName>
          <skipped>false</skipped>
          <failedSince>0</failedSince>
        </case>
        <case>
          <duration>2.929</duration>
          <className>TestSystemSetting</className>
          <testName>TestCase01.test48</testName>
          <skipped>false</skipped>
          <failedSince>0</failedSince>
        </case>
        <case>
          <duration>3.934</duration>
          <className>TestSystemSetting</className>
          <testName>TestCase01.test50</testName>
          <skipped>false</skipped>
          <failedSince>0</failedSince>
        </case>
        <case>
          <duration>8.052</duration>
          <className>TestSystemSetting</className>
          <testName>TestCase01.test51</testName>
          <skipped>false</skipped>
          <failedSince>0</failedSince>
        </case>
        <case>
          <duration>4.235</duration>
          <className>TestSystemSetting</className>
          <testName>TestCase01.test52</testName>
          <skipped>false</skipped>
          <failedSince>0</failedSince>
        </case>
        <case>
          <duration>3.959</duration>
          <className>TestSystemSetting</className>
          <testName>TestCase01.test53</testName>
          <skipped>false</skipped>
          <failedSince>0</failedSince>
        </case>
        <case>
          <duration>0.001</duration>
          <className>TestSystemSetting</className>
          <testName>TestCase01.test54</testName>
          <skipped>false</skipped>
          <failedSince>0</failedSince>
        </case>
        <case>
          <duration>0.277</duration>
          <className>TestSystemSetting</className>
          <testName>TestCase01.test55</testName>
          <skipped>false</skipped>
          <failedSince>0</failedSince>
        </case>
        <case>
          <duration>0.166</duration>
          <className>TestSystemSetting</className>
          <testName>TestCase01.test56</testName>
          <skipped>false</skipped>
          <failedSince>0</failedSince>
        </case>
        <case>
          <duration>3.691</duration>
          <className>TestSystemSetting</className>
          <testName>TestCase01.test57</testName>
          <skipped>false</skipped>
          <failedSince>0</failedSince>
        </case>
        <case>
          <duration>0.042</duration>
          <className>TestSystemSetting</className>
          <testName>TestCase01.test58</testName>
          <skipped>false</skipped>
          <failedSince>0</failedSince>
        </case>
        <case>
          <duration>0.035</duration>
          <className>TestSystemSetting</className>
          <testName>TestCase01.test59</testName>
          <skipped>false</skipped>
          <failedSince>0</failedSince>
        </case>
        <case>
          <duration>0.337</duration>
          <className>TestSystemSetting</className>
          <testName>TestCase01.test60</testName>
          <skipped>false</skipped>
          <failedSince>0</failedSince>
        </case>
        <case>
          <duration>0.172</duration>
          <className>TestSystemSetting</className>
          <testName>TestCase01.test61</testName>
          <skipped>false</skipped>
          <failedSince>0</failedSince>
        </case>
        <case>
          <duration>0.029</duration>
          <className>TestSystemSetting</className>
          <testName>TestCase01.test62</testName>
          <skipped>false</skipped>
          <failedSince>0</failedSince>
        </case>
        <case>
          <duration>25.476</duration>
          <className>TestSystemSetting</className>
          <testName>TestCase01.test63</testName>
          <skipped>false</skipped>
          <failedSince>0</failedSince>
        </case>
        <case>
          <duration>2.411</duration>
          <className>TestSystemSetting</className>
          <testName>TestCase01.test64</testName>
          <skipped>false</skipped>
          <failedSince>0</failedSince>
        </case>
        <case>
          <duration>1.516</duration>
          <className>TestSystemSetting</className>
          <testName>TestCase01.test65_fi_rtt_calculation</testName>
          <skipped>false</skipped>
          <failedSince>0</failedSince>
        </case>
        <case>
          <duration>0.174</duration>
          <className>TestSystemSetting</className>
          <testName>TestCase01.test66</testName>
          <skipped>false</skipped>
          <failedSince>0</failedSince>
        </case>
        <case>
          <duration>0.039</duration>
          <className>TestSystemSetting</className>
          <testName>TestCase01.test67</testName>
          <skipped>false</skipped>
          <failedSince>0</failedSince>
        </case>
        <case>
          <duration>0.036</duration>
          <className>TestSystemSetting</className>
          <testName>TestCase01.test68</testName>
          <skipped>false</skipped>
          <failedSince>0</failedSince>
        </case>
        <case>
          <duration>2.254</duration>
          <className>TestSystemSetting</className>
          <testName>TestCase02.test01</testName>
          <skipped>false</skipped>
          <failedSince>0</failedSince>
        </case>
        <case>
          <duration>0.268</duration>
          <className>TestSystemSetting</className>
          <testName>TestCase02.test02</testName>
          <skipped>false</skipped>
          <failedSince>0</failedSince>
        </case>
        <case>
          <duration>0.198</duration>
          <className>TestSystemSetting</className>
          <testName>TestCase02.test03</testName>
          <skipped>false</skipped>
          <failedSince>0</failedSince>
        </case>
        <case>
          <duration>3.968</duration>
          <className>TestSystemSetting</className>
          <testName>TestCase02.test04</testName>
          <skipped>false</skipped>
          <failedSince>0</failedSince>
        </case>
        <case>
          <duration>1.222</duration>
          <className>TestSystemSetting</className>
          <testName>TestCase02.test05</testName>
          <skipped>false</skipped>
          <failedSince>0</failedSince>
        </case>
        <case>
          <duration>1.83</duration>
          <className>TestSystemSetting</className>
          <testName>TestCase02.test06</testName>
          <skipped>false</skipped>
          <failedSince>0</failedSince>
        </case>
        <case>
          <duration>0.512</duration>
          <className>TestSystemSetting</className>
          <testName>TestCase02.test07</testName>
          <skipped>false</skipped>
          <failedSince>0</failedSince>
        </case>
        <case>
          <duration>0.4</duration>
          <className>TestSystemSetting</className>
          <testName>TestCase02.test08</testName>
          <skipped>false</skipped>
          <failedSince>0</failedSince>
        </case>
        <case>
          <duration>1.56</duration>
          <className>TestSystemSetting</className>
          <testName>TestCase02.test09</testName>
          <skipped>false</skipped>
          <failedSince>0</failedSince>
        </case>
        <case>
          <duration>0.496</duration>
          <className>TestSystemSetting</className>
          <testName>TestCase02.test10</testName>
          <skipped>false</skipped>
          <failedSince>0</failedSince>
        </case>
        <case>
          <duration>46.171</duration>
          <className>TestSystemSetting</className>
          <testName>TestCase02.test11</testName>
          <skipped>false</skipped>
          <failedSince>0</failedSince>
        </case>
        <case>
          <duration>1.826</duration>
          <className>TestSystemSetting</className>
          <testName>TestCase02.test12</testName>
          <skipped>false</skipped>
          <failedSince>0</failedSince>
        </case>
        <case>
          <duration>0.745</duration>
          <className>TestSystemSetting</className>
          <testName>TestCase02.test13</testName>
          <skipped>false</skipped>
          <failedSince>0</failedSince>
        </case>
        <case>
          <duration>0.048</duration>
          <className>TestSystemSetting</className>
          <testName>TestCase02.test14</testName>
          <skipped>false</skipped>
          <failedSince>0</failedSince>
        </case>
        <case>
          <duration>2.929</duration>
          <className>TestSystemSetting</className>
          <testName>TestCase03.test00</testName>
          <skipped>false</skipped>
          <failedSince>0</failedSince>
        </case>
        <case>
          <duration>7.366</duration>
          <className>TestSystemSetting</className>
          <testName>TestCase03.test01</testName>
          <skipped>false</skipped>
          <failedSince>0</failedSince>
        </case>
        <case>
          <duration>3.586</duration>
          <className>TestSystemSetting</className>
          <testName>TestCase03.test02</testName>
          <skipped>false</skipped>
          <failedSince>0</failedSince>
        </case>
        <case>
          <duration>5.906</duration>
          <className>TestSystemSetting</className>
          <testName>TestCase04.test01</testName>
          <skipped>false</skipped>
          <failedSince>0</failedSince>
        </case>
        <case>
          <duration>3.262</duration>
          <className>TestSystemSetting</className>
          <testName>TestCase04.test02</testName>
          <skipped>false</skipped>
          <failedSince>0</failedSince>
        </case>
        <case>
          <duration>2.102</duration>
          <className>TestSystemSetting</className>
          <testName>TestCase04.test03</testName>
          <skipped>false</skipped>
          <failedSince>0</failedSince>
        </case>
        <case>
          <duration>2.182</duration>
          <className>TestSystemSetting</className>
          <testName>TestCase05.test01</testName>
          <skipped>false</skipped>
          <failedSince>0</failedSince>
        </case>
        <case>
          <duration>0.488</duration>
          <className>TestSystemSetting</className>
          <testName>TestCase05.test02</testName>
          <skipped>false</skipped>
          <failedSince>0</failedSince>
        </case>
        <case>
          <duration>0.258</duration>
          <className>TestSystemSetting</className>
          <testName>TestCase05.test03</testName>
          <skipped>false</skipped>
          <failedSince>0</failedSince>
        </case>
        <case>
          <duration>0.811</duration>
          <className>TestSystemSetting</className>
          <testName>TestCase06.test01</testName>
          <skipped>false</skipped>
          <failedSince>0</failedSince>
        </case>
        <case>
          <duration>0.041</duration>
          <className>TestSystemSetting</className>
          <testName>TestCase06.test02</testName>
          <skipped>false</skipped>
          <failedSince>0</failedSince>
        </case>
        <case>
          <duration>0.043</duration>
          <className>TestSystemSetting</className>
          <testName>TestCase06.test03</testName>
          <skipped>false</skipped>
          <failedSince>0</failedSince>
        </case>
        <case>
          <duration>0.052</duration>
          <className>TestSystemSetting</className>
          <testName>TestCase06.test04</testName>
          <skipped>false</skipped>
          <failedSince>0</failedSince>
        </case>
        <case>
          <duration>0.05</duration>
          <className>TestSystemSetting</className>
          <testName>TestCase06.test05</testName>
          <skipped>false</skipped>
          <failedSince>0</failedSince>
        </case>
        <case>
          <duration>0.048</duration>
          <className>TestSystemSetting</className>
          <testName>TestCase06.test06</testName>
          <skipped>false</skipped>
          <failedSince>0</failedSince>
        </case>
        <case>
          <duration>0.046</duration>
          <className>TestSystemSetting</className>
          <testName>TestCase06.test07</testName>
          <skipped>false</skipped>
          <failedSince>0</failedSince>
        </case>
        <case>
          <duration>0.038</duration>
          <className>TestSystemSetting</className>
          <testName>TestCase06.test08</testName>
          <skipped>false</skipped>
          <failedSince>0</failedSince>
        </case>
        <case>
          <duration>0.046</duration>
          <className>TestSystemSetting</className>
          <testName>TestCase06.test09</testName>
          <skipped>false</skipped>
          <failedSince>0</failedSince>
        </case>
        <case>
          <duration>0.046</duration>
          <className>TestSystemSetting</className>
          <testName>TestCase06.test10</testName>
          <skipped>false</skipped>
          <failedSince>0</failedSince>
        </case>
        <case>
          <duration>0.054</duration>
          <className>TestSystemSetting</className>
          <testName>TestCase06.test11</testName>
          <skipped>false</skipped>
          <failedSince>0</failedSince>
        </case>
        <case>
          <duration>2.752</duration>
          <className>TestSystemSetting</className>
          <testName>TestCase99.test01</testName>
          <skipped>false</skipped>
          <failedSince>0</failedSince>
        </case>
      </cases>
    </suite>
    <suite>
      <file>/home/jenkins/workspace/Backend/CNE/test-results/TEST-capture-TestCaptureSlicing.xml</file>
      <name>capture.TestCaptureSlicing</name>
      <stdout>
TestCase01.test01_basic_and_completion: Basic usage and completion info for &apos;attached-shard&apos; command
.
TestCase01.test02_shard_semantics
.
TestCase01.test03_renaming_local_cne: BQM-58866 ClockTracking session has incompatible changes after renaming local-cne
.
TestCase01.test04_no_attached_shard_nca: BQM-58665 Ensure attach-shard is completed
Switching to network-capture-analytics 
[waiting for probed to restart.....23s]
.
TestCase01.test05_use_shared_captures_enable_disable_fa: Check use-shared-captures
Switching to full-analytics 
[waiting for probed to restart.....25s]
.
TestCase01.test06_port_semantics
E
TestCase01.test07_rest_config_attached_shard: BQM-60669 Test modify channel rest attached-shard
.
TestCase01.test08_basic_and_completion_nca: Basic usage and completion info for &apos;attached-shard&apos; command in NCA mode
Switching to network-capture-analytics 
[waiting for probed to restart.....23s]
.
TestCase01.test09_use_shared_captures_semantics: Test the semantic checks for use-shared-captures
Switching to full-analytics 
[waiting for probed to restart.....25s]
.
TestCase01.test10_use_shared_captures_semantics_nca_mode: Test the semantic checks for use-shared-captures
Switching to network-capture-analytics 
[waiting for probed to restart.....22s]
.
TestCase02.test01_entering_and_leaving_nca_mode: Test that switching to the NCA mode creates Shard sessions and leaving it erases it
Switching to full-analytics 
[waiting for probed to restart.....24s]
.
TestCase02.test02_compression_mode: Test that the default compression mode is set to auto in the NCA mode
Switching to network-capture-analytics 
[waiting for probed to restart.....22s]
Switching to full-analytics 
[waiting for probed to restart.....25s]
.
TestCase02.test03_keep_config: Test the behaviour during software-mode changes
Switching to network-capture-analytics keep-config
[waiting for probed to restart.....22s]
Switching to full-analytics keep-config
[waiting for probed to restart.....24s]
.
TestCase02.test04_reload_correct_config: BQM-60672 Test that the config is correct on reload in NCA mode
Switching to network-capture-analytics 
[waiting for probed to restart.....22s]
[waiting for probed to restart.1s]
.
TestCase03.test01_summary_only: Test that the port shared capture sessions only save summaries
Event Retrieval Command: -S   channel//local-cne///PortA 0000 &apos;now&apos; 1 BYTE_COUNT,PACKET_COUNT,MEAN_PKTRATE,MEAN_BITRATE
Event Retrieval Command:    channel//local-cne///PortA 0000 &apos;now&apos; 1 BYTE_COUNT,PACKET_COUNT,MEAN_PKTRATE,MEAN_BITRATE
Event Retrieval Command: -S   channel//local-cne///PortB 0000 &apos;now&apos; 1 BYTE_COUNT,PACKET_COUNT,MEAN_PKTRATE,MEAN_BITRATE
Event Retrieval Command:    channel//local-cne///PortB 0000 &apos;now&apos; 1 BYTE_COUNT,PACKET_COUNT,MEAN_PKTRATE,MEAN_BITRATE
Switching to full-analytics keep-config
[waiting for probed to restart.....25s]
Event Retrieval Command: -S   channel//local-cne///PortA 0000 &apos;now&apos; 1 BYTE_COUNT,PACKET_COUNT,MEAN_PKTRATE,MEAN_BITRATE
Event Retrieval Command:    channel//local-cne///PortA 0000 &apos;now&apos; 1 BYTE_COUNT,PACKET_COUNT,MEAN_PKTRATE,MEAN_BITRATE
Event Retrieval Command: -S   channel//local-cne///PortB 0000 &apos;now&apos; 1 BYTE_COUNT,PACKET_COUNT,MEAN_PKTRATE,MEAN_BITRATE
Event Retrieval Command:    channel//local-cne///PortB 0000 &apos;now&apos; 1 BYTE_COUNT,PACKET_COUNT,MEAN_PKTRATE,MEAN_BITRATE
.
TestCase04.test03: Validates if the pcap played and the one exported are exactly the same
Switching to network-capture-analytics 
[waiting for probed to restart.....24s]
.
TestCase04.test04_traffic_filter_broken: BQM-59612 CPC tracks for odd shard sessions are considered the reverse directions of even shard sessions, which breaks application of ACLs, e.g. traffic filters
Switching to full-analytics 
[waiting for probed to restart.....26s]
.
TestCase04.test05_capture_availability: BQM-59956 capture availability bar in EventInspection shows port session specific data, and not the true packet capture history (shard sessions)
Switching to network-capture-analytics 
[waiting for probed to restart.....22s]
event-client -v channel//local-cne///PortA 1572251400000 1572510600000 12 TRACES_AVAILABLE
.
TestCase04.test06_test_export_nca: Test that a retrieval in network-capture-analytics applies the VBCS state correctly, applies the port filter and only specified packets are exported.
=== PCAP export cases ===
event-client -v -PX -w /data/misc/TestCaptureSlicing.TestCase04.pcap channel//local-cne///PortA,channel//local-cne///PortB,channel//local-cne///PortC,channel//local-cne///PortD 1572511968000 1572512090000
event-client -v -PX -w /data/misc/TestCaptureSlicing.TestCase04.pcap channel//local-cne///PortA,channel//local-cne///PortB 1572511968000 1572512090000
event-client -v -PX -w /data/misc/TestCaptureSlicing.TestCase04.pcap channel//local-cne///PortA 1572511968000 1572512090000
event-client -v -PX -w /data/misc/TestCaptureSlicing.TestCase04.pcap channel//local-cne///PortB 1572511968000 1572512090000
=== Packet table CSV cases ===
Calling nbitool with command: packet-csv channel//local-cne///PortA 1572511968000000000 1572512090000000000
Calling nbitool with command: packet-csv channel//local-cne///PortB 1572511968000000000 1572512090000000000
.
TestCase04.test07_test_export_fa: Test that a retrieval in full-analytics applies the VBCS state correctly, applies the port filter and only specified packets are exported.
Switching to full-analytics 
[waiting for probed to restart.....23s]
=== PCAP export cases ===
event-client -v -PX -w /data/misc/TestCaptureSlicing.TestCase04.pcap channel//local-cne///PortA,channel//local-cne///PortB,channel//local-cne///PortC,channel//local-cne///PortD 1572512098000 1572512220000
event-client -v -PX -w /data/misc/TestCaptureSlicing.TestCase04.pcap channel//local-cne///PortA,channel//local-cne///PortB 1572512098000 1572512220000
event-client -v -PX -w /data/misc/TestCaptureSlicing.TestCase04.pcap channel//local-cne///PortA 1572512098000 1572512220000
event-client -v -PX -w /data/misc/TestCaptureSlicing.TestCase04.pcap channel//local-cne///PortB 1572512098000 1572512220000
=== Packet table CSV cases ===
Calling nbitool with command: packet-csv channel//local-cne///PortA 1572512098000000000 1572512220000000000
Calling nbitool with command: packet-csv channel//local-cne///PortB 1572512098000000000 1572512220000000000
.
TestCase04.test08_test_stats_nca: Test port filter in executeTableRequest
Test test08_test_stats_nca skipped in sandbox
.
TestCase04.test09_test_stats_fa: Test that a retrieval in full-analytics applies the VBCS state correctly, applies the port filter, the correct statistics are returned and the packet table preview is populated.
Test test09_test_stats_fa skipped in sandbox
.
TestCase04.test10_test_mixed_session_request: BQM-62481 Combination of sessions with use-shared-captures and without is not properly detected
event-client -v -PX -w /data/misc/TestCaptureSlicing.TestCase05.pcap channel//local-cne///DNS,channel//local-cne///PortA 1572512201000 1572512323000
.
TestCase04.test11_no_fi_data_export: BQM-62459 Absent Flow Index data should not render VBCS exports empty
Switching to network-capture-analytics 
[waiting for probed to restart.....22s]
=== PCAP export cases ===
event-client -v -PX -w /data/misc/TestCaptureSlicing.TestCase04.pcap channel//local-cne///PortA,channel//local-cne///PortB,channel//local-cne///PortC,channel//local-cne///PortD 1572512292000 1572512414000
event-client -v -PX -w /data/misc/TestCaptureSlicing.TestCase04.pcap channel//local-cne///PortA,channel//local-cne///PortB 1572512292000 1572512414000
event-client -v -PX -w /data/misc/TestCaptureSlicing.TestCase04.pcap channel//local-cne///PortA 1572512292000 1572512414000
event-client -v -PX -w /data/misc/TestCaptureSlicing.TestCase04.pcap channel//local-cne///PortB 1572512292000 1572512414000
=== Packet table CSV cases ===
Calling nbitool with command: packet-csv channel//local-cne///PortA 1572512292000000000 1572512414000000000
Calling nbitool with command: packet-csv channel//local-cne///PortB 1572512292000000000 1572512414000000000
.
TestCase04.test12_no_fi_data_stats: BQM-62459 Absent Flow Index data should not render EI screen empty
Test test12_no_fi_data_stats skipped in sandbox
.
TestCase04.test13_equal_shards_history: Test that the shard sessions capture files are closed at the same time
Switching to full-analytics 
[waiting for probed to restart.....25s]
F
TestCase05.test01_attached_port: Shard sessions should not be offered for completion nor allowed in &apos;attached-port&apos;
Switching to network-capture-analytics 
[waiting for probed to restart.....24s]
.
TestCase05.test02_max_included_sessions: BQM-60758 Check number of sessions that can be included in capture-export-job
Switching to full-analytics 
[waiting for probed to restart.....25s]
.
TestCase07.test01_test_shard_include_full_analytics: Test shard sessions are disallowed in include-session
.
TestCase07.test02_test_shard_include_xml: Test shard sessions are disallowed xml
.
TestCase07.test03_test_including_then_attaching_shard: Test that attaching a shard in an included session is disallowed
.
TestCase07.test04_test_shards_not_allowed_in_message_based_streams: Check shard sessions are disallowed in message based streams
.
TestCase07.test05_include_shard_session_capture_export_job_disallowed_in_nca
Switching to network-capture-analytics 
[waiting for probed to restart.....21s]
.
TestCase08.test01_check_sessions_on_request
Switching to full-analytics 
[waiting for probed to restart......30s]
event-client -v -PX -w /data/misc/TestCaptureSlicing.TestCase07.pcap channel//local-cne///PortA,channel//local-cne///Shard0 1000 2000
.
TestCase08.test02_correct_configuration
event-client -v -PX -w /data/misc/TestCaptureSlicing.TestCase07.pcap channel//local-cne///PortA,channel//local-cne///PortB 1000 2000
.
TestCase08.test03_missing_shard_session
event-client -v -PX -w /data/misc/TestCaptureSlicing.TestCase07.pcap channel//local-cne///PortA,channel//local-cne///PortB 1000 2000
.
TestCase08.test04_duplicate_shard
event-client -v -PX -w /data/misc/TestCaptureSlicing.TestCase07.pcap channel//local-cne///PortA,channel//local-cne///PortB 1000 2000
.
TestCase08.test05_incomplete_with_duplicates
event-client -v -PX -w /data/misc/TestCaptureSlicing.TestCase07.pcap channel//local-cne///PortA,channel//local-cne///PortB 1000 2000
.
TestCase09.test01_test_attached_shard_cli: Test attached-shard cli
Switching to network-capture-analytics 
[waiting for probed to restart.....24s]
.
TestCase09.test02_test_use_shared_capture_port_nca: Test trace-events cannot be changed from use-shared-captures in NCA mode
.
TestCase09.test03_test_attached_shard_is_not_allowed_in_port_session_rest: Test trace-events cannot be changed from use-shared-captures in NCA mode
.
TestCase10.test01_test_attached_shard_cli: Test attached-shard cli
Switching to full-analytics 
[waiting for probed to restart.....24s]
.
TestCase11.test01_test_shard_limit: Test that we can not create more shards than the system limit
.
TestCase11.test02_test_shard_limit_cmc: Test that CMCs can manage CNEs that support 16 shards
Test skipped on the CorvilNet Engine
.
TestCase11.test03_test_shard_limit_cmc_multiple_cnes: Test that CMCs can configure sharding on multiple CNEs
Test skipped on the CorvilNet Engine
.
TestCase99.test99: Cleanup (switch back to full analytics)
.</stdout>
      <stderr></stderr>
      <duration>1450.26</duration>
      <timestamp>2019-10-31T08:40:23.522762</timestamp>
      <time>1450.260</time>
      <enclosingBlocks/>
      <enclosingBlockNames/>
      <cases>
        <case>
          <duration>39.635</duration>
          <className>TestCaptureSlicing</className>
          <testName>TestCase01.test01_basic_and_completion</testName>
          <skipped>false</skipped>
          <failedSince>0</failedSince>
        </case>
        <case>
          <duration>3.362</duration>
          <className>TestCaptureSlicing</className>
          <testName>TestCase01.test02_shard_semantics</testName>
          <skipped>false</skipped>
          <failedSince>0</failedSince>
        </case>
        <case>
          <duration>0.339</duration>
          <className>TestCaptureSlicing</className>
          <testName>TestCase01.test03_renaming_local_cne</testName>
          <skipped>false</skipped>
          <failedSince>0</failedSince>
        </case>
        <case>
          <duration>26.938</duration>
          <className>TestCaptureSlicing</className>
          <testName>TestCase01.test04_no_attached_shard_nca</testName>
          <skipped>false</skipped>
          <failedSince>0</failedSince>
        </case>
        <case>
          <duration>49.567</duration>
          <className>TestCaptureSlicing</className>
          <testName>TestCase01.test05_use_shared_captures_enable_disable_fa</testName>
          <skipped>false</skipped>
          <failedSince>0</failedSince>
        </case>
        <case>
          <duration>1.957</duration>
          <className>TestCaptureSlicing</className>
          <testName>TestCase01.test06_port_semantics</testName>
          <skipped>false</skipped>
          <errorStackTrace>Traceback (most recent call last):
  File &quot;/components/probed/test/testcases/probe.py&quot;, line 836, in g
    r = f(*args,**kwargs)
  File &quot;/components/cna/host/src/probed/test/capture/TestCaptureSlicing.py&quot;, line 34, in setNcaMode
    func(self_test, *args)
  File &quot;/components/cna/host/src/probed/test/capture/TestCaptureSlicing.py&quot;, line 249, in test06_port_semantics
    self.myProbe.run(&apos;bandwidth 1&apos;).isError(
  File &quot;/components/probed/test/testcases/probe.py&quot;, line 1383, in isError
    raise CmdOutputNotErrorException(self)
probe.CmdOutputNotErrorException: Command: bandwidth 1
Had this output: 
But expected an error
</errorStackTrace>
          <failedSince>4465</failedSince>
        </case>
        <case>
          <duration>0.63</duration>
          <className>TestCaptureSlicing</className>
          <testName>TestCase01.test07_rest_config_attached_shard</testName>
          <skipped>false</skipped>
          <failedSince>0</failedSince>
        </case>
        <case>
          <duration>35.44</duration>
          <className>TestCaptureSlicing</className>
          <testName>TestCase01.test08_basic_and_completion_nca</testName>
          <skipped>false</skipped>
          <failedSince>0</failedSince>
        </case>
        <case>
          <duration>27.038</duration>
          <className>TestCaptureSlicing</className>
          <testName>TestCase01.test09_use_shared_captures_semantics</testName>
          <skipped>false</skipped>
          <failedSince>0</failedSince>
        </case>
        <case>
          <duration>23.918</duration>
          <className>TestCaptureSlicing</className>
          <testName>TestCase01.test10_use_shared_captures_semantics_nca_mode</testName>
          <skipped>false</skipped>
          <failedSince>0</failedSince>
        </case>
        <case>
          <duration>31.853</duration>
          <className>TestCaptureSlicing</className>
          <testName>TestCase02.test01_entering_and_leaving_nca_mode</testName>
          <skipped>false</skipped>
          <failedSince>0</failedSince>
        </case>
        <case>
          <duration>50.906</duration>
          <className>TestCaptureSlicing</className>
          <testName>TestCase02.test02_compression_mode</testName>
          <skipped>false</skipped>
          <failedSince>0</failedSince>
        </case>
        <case>
          <duration>53.137</duration>
          <className>TestCaptureSlicing</className>
          <testName>TestCase02.test03_keep_config</testName>
          <skipped>false</skipped>
          <failedSince>0</failedSince>
        </case>
        <case>
          <duration>51.034</duration>
          <className>TestCaptureSlicing</className>
          <testName>TestCase02.test04_reload_correct_config</testName>
          <skipped>false</skipped>
          <failedSince>0</failedSince>
        </case>
        <case>
          <duration>118.257</duration>
          <className>TestCaptureSlicing</className>
          <testName>TestCase03.test01_summary_only</testName>
          <skipped>false</skipped>
          <failedSince>0</failedSince>
        </case>
        <case>
          <duration>83.829</duration>
          <className>TestCaptureSlicing</className>
          <testName>TestCase04.test03</testName>
          <skipped>false</skipped>
          <failedSince>0</failedSince>
        </case>
        <case>
          <duration>104.919</duration>
          <className>TestCaptureSlicing</className>
          <testName>TestCase04.test04_traffic_filter_broken</testName>
          <skipped>false</skipped>
          <failedSince>0</failedSince>
        </case>
        <case>
          <duration>39.588</duration>
          <className>TestCaptureSlicing</className>
          <testName>TestCase04.test05_capture_availability</testName>
          <skipped>false</skipped>
          <failedSince>0</failedSince>
        </case>
        <case>
          <duration>102.908</duration>
          <className>TestCaptureSlicing</className>
          <testName>TestCase04.test06_test_export_nca</testName>
          <skipped>false</skipped>
          <failedSince>0</failedSince>
        </case>
        <case>
          <duration>129.798</duration>
          <className>TestCaptureSlicing</className>
          <testName>TestCase04.test07_test_export_fa</testName>
          <skipped>false</skipped>
          <failedSince>0</failedSince>
        </case>
        <case>
          <duration>0.001</duration>
          <className>TestCaptureSlicing</className>
          <testName>TestCase04.test08_test_stats_nca</testName>
          <skipped>false</skipped>
          <failedSince>0</failedSince>
        </case>
        <case>
          <duration>0.0</duration>
          <className>TestCaptureSlicing</className>
          <testName>TestCase04.test09_test_stats_fa</testName>
          <skipped>false</skipped>
          <failedSince>0</failedSince>
        </case>
        <case>
          <duration>68.584</duration>
          <className>TestCaptureSlicing</className>
          <testName>TestCase04.test10_test_mixed_session_request</testName>
          <skipped>false</skipped>
          <failedSince>0</failedSince>
        </case>
        <case>
          <duration>123.748</duration>
          <className>TestCaptureSlicing</className>
          <testName>TestCase04.test11_no_fi_data_export</testName>
          <skipped>false</skipped>
          <failedSince>0</failedSince>
        </case>
        <case>
          <duration>0.001</duration>
          <className>TestCaptureSlicing</className>
          <testName>TestCase04.test12_no_fi_data_stats</testName>
          <skipped>false</skipped>
          <failedSince>0</failedSince>
        </case>
        <case>
          <duration>33.108</duration>
          <className>TestCaptureSlicing</className>
          <testName>TestCase04.test13_equal_shards_history</testName>
          <skipped>false</skipped>
          <errorStackTrace>Traceback (most recent call last):
  File &quot;/components/probed/test/testcases/probe.py&quot;, line 836, in g
    r = f(*args,**kwargs)
  File &quot;/components/cna/host/src/probed/test/capture/TestCaptureSlicing.py&quot;, line 34, in setNcaMode
    func(self_test, *args)
  File &quot;/components/cna/host/src/probed/test/capture/TestCaptureSlicing.py&quot;, line 1138, in test13_equal_shards_history
    probe.assertTrue(all(ts == times[0] for ts in times), &quot;input: &quot; + str(times))
  File &quot;/components/probed/test/testcases/probe.py&quot;, line 4420, in assertTrue
    raise AssertionError(&quot;%s: `%s&apos; should be True&quot; % (msg, val))
AssertionError: input: [&apos;2019-10-31 08:59:04&apos;, &apos;2019-10-31 08:59:04&apos;, &apos;2019-10-31 08:58:12&apos;, &apos;2019-10-31 08:58:12&apos;]: `False&apos; should be True
</errorStackTrace>
          <failedSince>4485</failedSince>
        </case>
        <case>
          <duration>29.588</duration>
          <className>TestCaptureSlicing</className>
          <testName>TestCase05.test01_attached_port</testName>
          <skipped>false</skipped>
          <failedSince>0</failedSince>
        </case>
        <case>
          <duration>26.819</duration>
          <className>TestCaptureSlicing</className>
          <testName>TestCase05.test02_max_included_sessions</testName>
          <skipped>false</skipped>
          <failedSince>0</failedSince>
        </case>
        <case>
          <duration>4.445</duration>
          <className>TestCaptureSlicing</className>
          <testName>TestCase07.test01_test_shard_include_full_analytics</testName>
          <skipped>false</skipped>
          <failedSince>0</failedSince>
        </case>
        <case>
          <duration>1.153</duration>
          <className>TestCaptureSlicing</className>
          <testName>TestCase07.test02_test_shard_include_xml</testName>
          <skipped>false</skipped>
          <failedSince>0</failedSince>
        </case>
        <case>
          <duration>2.378</duration>
          <className>TestCaptureSlicing</className>
          <testName>TestCase07.test03_test_including_then_attaching_shard</testName>
          <skipped>false</skipped>
          <failedSince>0</failedSince>
        </case>
        <case>
          <duration>2.089</duration>
          <className>TestCaptureSlicing</className>
          <testName>TestCase07.test04_test_shards_not_allowed_in_message_based_streams</testName>
          <skipped>false</skipped>
          <failedSince>0</failedSince>
        </case>
        <case>
          <duration>25.058</duration>
          <className>TestCaptureSlicing</className>
          <testName>TestCase07.test05_include_shard_session_capture_export_job_disallowed_in_nca</testName>
          <skipped>false</skipped>
          <failedSince>0</failedSince>
        </case>
        <case>
          <duration>39.069</duration>
          <className>TestCaptureSlicing</className>
          <testName>TestCase08.test01_check_sessions_on_request</testName>
          <skipped>false</skipped>
          <failedSince>0</failedSince>
        </case>
        <case>
          <duration>9.976</duration>
          <className>TestCaptureSlicing</className>
          <testName>TestCase08.test02_correct_configuration</testName>
          <skipped>false</skipped>
          <failedSince>0</failedSince>
        </case>
        <case>
          <duration>6.914</duration>
          <className>TestCaptureSlicing</className>
          <testName>TestCase08.test03_missing_shard_session</testName>
          <skipped>false</skipped>
          <failedSince>0</failedSince>
        </case>
        <case>
          <duration>6.828</duration>
          <className>TestCaptureSlicing</className>
          <testName>TestCase08.test04_duplicate_shard</testName>
          <skipped>false</skipped>
          <failedSince>0</failedSince>
        </case>
        <case>
          <duration>7.836</duration>
          <className>TestCaptureSlicing</className>
          <testName>TestCase08.test05_incomplete_with_duplicates</testName>
          <skipped>false</skipped>
          <failedSince>0</failedSince>
        </case>
        <case>
          <duration>27.751</duration>
          <className>TestCaptureSlicing</className>
          <testName>TestCase09.test01_test_attached_shard_cli</testName>
          <skipped>false</skipped>
          <failedSince>0</failedSince>
        </case>
        <case>
          <duration>0.226</duration>
          <className>TestCaptureSlicing</className>
          <testName>TestCase09.test02_test_use_shared_capture_port_nca</testName>
          <skipped>false</skipped>
          <failedSince>0</failedSince>
        </case>
        <case>
          <duration>0.09</duration>
          <className>TestCaptureSlicing</className>
          <testName>TestCase09.test03_test_attached_shard_is_not_allowed_in_port_session_rest</testName>
          <skipped>false</skipped>
          <failedSince>0</failedSince>
        </case>
        <case>
          <duration>54.735</duration>
          <className>TestCaptureSlicing</className>
          <testName>TestCase10.test01_test_attached_shard_cli</testName>
          <skipped>false</skipped>
          <failedSince>0</failedSince>
        </case>
        <case>
          <duration>2.88</duration>
          <className>TestCaptureSlicing</className>
          <testName>TestCase11.test01_test_shard_limit</testName>
          <skipped>false</skipped>
          <failedSince>0</failedSince>
        </case>
        <case>
          <duration>0.023</duration>
          <className>TestCaptureSlicing</className>
          <testName>TestCase11.test02_test_shard_limit_cmc</testName>
          <skipped>false</skipped>
          <failedSince>0</failedSince>
        </case>
        <case>
          <duration>0.023</duration>
          <className>TestCaptureSlicing</className>
          <testName>TestCase11.test03_test_shard_limit_cmc_multiple_cnes</testName>
          <skipped>false</skipped>
          <failedSince>0</failedSince>
        </case>
        <case>
          <duration>1.874</duration>
          <className>TestCaptureSlicing</className>
          <testName>TestCase99.test99</testName>
          <skipped>false</skipped>
          <failedSince>0</failedSince>
        </case>
      </cases>
    </suite>
    <suite>
      <file>/home/jenkins/workspace/Backend/CNE@8/test-results/TEST-cli-TestCaptureExportJob.xml</file>
      <name>cli.TestCaptureExportJob</name>
      <stdout>
TestCase01.test01: capture-export-job command
.
TestCase01.test02: time-period command
.
TestCase01.test03: destination command
.
TestCase01.test04: include-channel command
.
TestCase01.test05: reporting periods
.
TestCase01.test06
.
TestCase01.test07: system limits: number of jobs
.
TestCase01.test08: system limits: number of channel directions per jobs
.
TestCase01.test09: tshark filters: shell script injection
.
TestCase01.test10: filter command
.
TestCase01.test11: snaplength command
.
TestCase01.test12: export command
.
TestCase01.test13: check if renaming a capture-export-job after config reload doesn&apos;t crash (BQM-58788)
.Sending traffic
Waiting for captures to complete...
1572511397 1572511412

TestCase02.test01: Single-channel and multi-channel test
.
TestCase02.test02: UTC
.
TestCase02.test03: Remote location
Test test03 skipped in sandbox
.
TestCase02.test04: Default reporting period
.
TestCase02.test05: Filters
.
TestCase02.test06: Invalid characters
.
TestCase02.test07: Job cancellation: the user should be able to cancel the capture export job in the middle of the process. BQM-56236: cancellation should produce correct error message.
.
TestCase02.test08: capture-setting password
.
TestCase02.test09: no-overwrite option
.
TestCase02.test10: tshark command
.
TestCase02.test11: BQM-33713 - crash removing job when running tshark
.Sending traffic
Waiting for captures to complete...
1572511940 1572511955

TestCase03.test01: Basic CQL Filters
ESending traffic
Waiting for captures to complete...
1572511991 1572512005
.Sending traffic
Waiting for captures to complete...
1572512048 1572512063

TestCase04a.test01: BQM-38947 QinQ support doesn&apos;t handle tags with ethertype 0x88A8/0x9100
.Sending traffic
Waiting for captures to complete...
1572512101 1572512114
..
TestCase07.test02: BQM-32961 - symbols listed twice
.
TestCase08.test01: Insufficient disk space
Starting background traffic
Filling the disk
Stopping background traffic
Waiting for captures to complete...
Exporting captures
total 406944
-rw-r--r-- 1 root root 416710252 Oct 31 08:58 job01.pcap

..Switching to network-capture-analytics 
[waiting for probed to restart.......36s]

TestCase10.test01: Check that order-tracking cannot be enabled
.
TestCase10.test02: attached-port command
.
TestCase10.test03: Check that software-mode persists through both clear config and clear system-settings
[waiting for probed to restart.1s]
.
TestCase10.test04: Creating/deleting channels is not allowed
.
TestCase10.test05: Check that software-mode is not allowed in a config file
.
TestCase10.test06: Check that software-mode is ignored when it comes from a CMC
.
TestCase10.test07: Resource usage changes
.
TestCase10.test08: Config objects not allowed in NCA mode
.
TestCase10.test09: Check message displayed to cli user when there is already a job in progress using tshark
Sending traffic...

   Resource Usage by Component      Default   Configured     Active
----------------------------------------------------------------------
         packet-capture-buffer        680MB        679MB      680MB
                        tshark        3.8GB        3.8GB      3.8GB

                     AVAILABLE          0MB          0MB        0MB
----------------------------------------------------------------------

NOTE: Resource-usage change will be applied after reload of the server daemon

Checking tshark cannot continue due to pagination...
Running tests
.
TestCase10.test10: Check expected capture delay
.
TestCase10.test11: Creating a capture-export-job after renaming the local-cne
.
TestCase10.test12: Decoding is disabled in NCA mode
.
TestCase10.test13: Protocol discovery is disabled in NCA mode
.
+~~~~~~~~~~~~~~~~~~~~~~~~~~~~~~~~~~~~~~~~~~~~~~~~~~~~+
| TestCase10.test14 SKIPPED until BQM-35305 is fixed |
+~~~~~~~~~~~~~~~~~~~~~~~~~~~~~~~~~~~~~~~~~~~~~~~~~~~~+
Note: JIRA check was skipped.
.
TestCase10.test15: Test the default for global-data-search and that it is only allowed in NCA with-flow-index
.
TestCase10.test16: Set global-data-search-capture-quota percent higer than 1 is allowed in Network Capture Analytics mode only with &apos;global-data-search enabled with-flow-index&apos;
.
TestCase10.test17_Sensors_disallowed_in_NCA: Creating sensors and attaching them in sessions is not allowed
.
TestCase10.test99: Switching back to full-analytics mode
Switching to full-analytics 
[waiting for probed to restart.....22s]
.Switching to network-capture-analytics keep-config
[waiting for probed to restart....18s]
Switching to full-analytics keep-config
[waiting for probed to restart....20s]
.
TestCase11.test02: Test for channel attributes that cannot be changed in NCA mode
.
TestCase11.test03: app-port is changed before switching to NCA mode
Switching to network-capture-analytics 
[waiting for probed to restart....19s]
.
TestCase11.test99: Restore default system-settings
Switching to full-analytics 
[waiting for probed to restart....21s]
.Sending traffic
Waiting for captures to complete...
1572512654 1572512669

TestCase12.test01: CQL Filters using hostnames
.Sending traffic
Waiting for captures to complete...
1572512868 1572512881

TestCase13.test01: BQM-38947 QinQ support doesn&apos;t handle tags with ethertype 0x88A8/0x9100
.</stdout>
      <stderr></stderr>
      <duration>1589.468</duration>
      <timestamp>2019-10-31T08:42:30.094264</timestamp>
      <time>1589.468</time>
      <enclosingBlocks/>
      <enclosingBlockNames/>
      <cases>
        <case>
          <duration>23.638</duration>
          <className>TestCaptureExportJob</className>
          <testName>TestCase01.test01</testName>
          <skipped>false</skipped>
          <failedSince>0</failedSince>
        </case>
        <case>
          <duration>0.215</duration>
          <className>TestCaptureExportJob</className>
          <testName>TestCase01.test02</testName>
          <skipped>false</skipped>
          <failedSince>0</failedSince>
        </case>
        <case>
          <duration>0.412</duration>
          <className>TestCaptureExportJob</className>
          <testName>TestCase01.test03</testName>
          <skipped>false</skipped>
          <failedSince>0</failedSince>
        </case>
        <case>
          <duration>0.161</duration>
          <className>TestCaptureExportJob</className>
          <testName>TestCase01.test04</testName>
          <skipped>false</skipped>
          <failedSince>0</failedSince>
        </case>
        <case>
          <duration>6.248</duration>
          <className>TestCaptureExportJob</className>
          <testName>TestCase01.test05</testName>
          <skipped>false</skipped>
          <failedSince>0</failedSince>
        </case>
        <case>
          <duration>7.711</duration>
          <className>TestCaptureExportJob</className>
          <testName>TestCase01.test06</testName>
          <skipped>false</skipped>
          <failedSince>0</failedSince>
        </case>
        <case>
          <duration>0.137</duration>
          <className>TestCaptureExportJob</className>
          <testName>TestCase01.test07</testName>
          <skipped>false</skipped>
          <failedSince>0</failedSince>
        </case>
        <case>
          <duration>0.636</duration>
          <className>TestCaptureExportJob</className>
          <testName>TestCase01.test08</testName>
          <skipped>false</skipped>
          <failedSince>0</failedSince>
        </case>
        <case>
          <duration>0.738</duration>
          <className>TestCaptureExportJob</className>
          <testName>TestCase01.test09</testName>
          <skipped>false</skipped>
          <failedSince>0</failedSince>
        </case>
        <case>
          <duration>0.837</duration>
          <className>TestCaptureExportJob</className>
          <testName>TestCase01.test10</testName>
          <skipped>false</skipped>
          <failedSince>0</failedSince>
        </case>
        <case>
          <duration>0.683</duration>
          <className>TestCaptureExportJob</className>
          <testName>TestCase01.test11</testName>
          <skipped>false</skipped>
          <failedSince>0</failedSince>
        </case>
        <case>
          <duration>1.137</duration>
          <className>TestCaptureExportJob</className>
          <testName>TestCase01.test12</testName>
          <skipped>false</skipped>
          <failedSince>0</failedSince>
        </case>
        <case>
          <duration>0.938</duration>
          <className>TestCaptureExportJob</className>
          <testName>TestCase01.test13</testName>
          <skipped>false</skipped>
          <failedSince>0</failedSince>
        </case>
        <case>
          <duration>56.509</duration>
          <className>TestCaptureExportJob</className>
          <testName>TestCase02.test01</testName>
          <skipped>false</skipped>
          <failedSince>0</failedSince>
        </case>
        <case>
          <duration>41.651</duration>
          <className>TestCaptureExportJob</className>
          <testName>TestCase02.test02</testName>
          <skipped>false</skipped>
          <failedSince>0</failedSince>
        </case>
        <case>
          <duration>0.0</duration>
          <className>TestCaptureExportJob</className>
          <testName>TestCase02.test03</testName>
          <skipped>false</skipped>
          <failedSince>0</failedSince>
        </case>
        <case>
          <duration>4.781</duration>
          <className>TestCaptureExportJob</className>
          <testName>TestCase02.test04</testName>
          <skipped>false</skipped>
          <failedSince>0</failedSince>
        </case>
        <case>
          <duration>29.567</duration>
          <className>TestCaptureExportJob</className>
          <testName>TestCase02.test05</testName>
          <skipped>false</skipped>
          <failedSince>0</failedSince>
        </case>
        <case>
          <duration>4.702</duration>
          <className>TestCaptureExportJob</className>
          <testName>TestCase02.test06</testName>
          <skipped>false</skipped>
          <failedSince>0</failedSince>
        </case>
        <case>
          <duration>260.876</duration>
          <className>TestCaptureExportJob</className>
          <testName>TestCase02.test07</testName>
          <skipped>false</skipped>
          <failedSince>0</failedSince>
        </case>
        <case>
          <duration>12.821</duration>
          <className>TestCaptureExportJob</className>
          <testName>TestCase02.test08</testName>
          <skipped>false</skipped>
          <failedSince>0</failedSince>
        </case>
        <case>
          <duration>86.147</duration>
          <className>TestCaptureExportJob</className>
          <testName>TestCase02.test09</testName>
          <skipped>false</skipped>
          <failedSince>0</failedSince>
        </case>
        <case>
          <duration>32.111</duration>
          <className>TestCaptureExportJob</className>
          <testName>TestCase02.test10</testName>
          <skipped>false</skipped>
          <failedSince>0</failedSince>
        </case>
        <case>
          <duration>13.292</duration>
          <className>TestCaptureExportJob</className>
          <testName>TestCase02.test11</testName>
          <skipped>false</skipped>
          <failedSince>0</failedSince>
        </case>
        <case>
          <duration>48.441</duration>
          <className>TestCaptureExportJob</className>
          <testName>TestCase03.test01</testName>
          <skipped>false</skipped>
          <errorStackTrace>Traceback (most recent call last):
  File &quot;/components/probed/test/testcases/probe.py&quot;, line 836, in g
    r = f(*args,**kwargs)
  File &quot;/components/cna/host/src/probed/test/cli/TestCaptureExportJob.py&quot;, line 1256, in test01
    self.checkExportedPcap(self.expected_pcap_filename, 17414)
  File &quot;/components/cna/host/src/probed/test/cli/TestCaptureExportJob.py&quot;, line 73, in checkExportedPcap
    ).noError().contains(str(expected_packets))
  File &quot;/components/probed/test/testcases/probe.py&quot;, line 1322, in contains
    raise CmdOutputNotFoundException(self, message)
probe.CmdOutputNotFoundException: Command: tshark -r /data/capture/job03-01-filters-1572511940000000000-1572511955000000000.pcap | wc -l
Had this output: Running as user &quot;root&quot; and group &quot;root&quot;. This could be dangerous.
8255

But it did not contain this: 17414
</errorStackTrace>
          <failedSince>4489</failedSince>
        </case>
        <case>
          <duration>60.082</duration>
          <className>TestCaptureExportJob</className>
          <testName>TestCase04.test01</testName>
          <skipped>false</skipped>
          <failedSince>0</failedSince>
        </case>
        <case>
          <duration>52.872</duration>
          <className>TestCaptureExportJob</className>
          <testName>TestCase04a.test01</testName>
          <skipped>false</skipped>
          <failedSince>0</failedSince>
        </case>
        <case>
          <duration>68.914</duration>
          <className>TestCaptureExportJob</className>
          <testName>TestCase05.test01</testName>
          <skipped>false</skipped>
          <failedSince>0</failedSince>
        </case>
        <case>
          <duration>0.223</duration>
          <className>TestCaptureExportJob</className>
          <testName>TestCase07.test01</testName>
          <skipped>false</skipped>
          <failedSince>0</failedSince>
        </case>
        <case>
          <duration>0.02</duration>
          <className>TestCaptureExportJob</className>
          <testName>TestCase07.test02</testName>
          <skipped>false</skipped>
          <failedSince>0</failedSince>
        </case>
        <case>
          <duration>132.465</duration>
          <className>TestCaptureExportJob</className>
          <testName>TestCase08.test01</testName>
          <skipped>false</skipped>
          <failedSince>0</failedSince>
        </case>
        <case>
          <duration>5.458</duration>
          <className>TestCaptureExportJob</className>
          <testName>TestCase09.test01</testName>
          <skipped>false</skipped>
          <failedSince>0</failedSince>
        </case>
        <case>
          <duration>40.561</duration>
          <className>TestCaptureExportJob</className>
          <testName>TestCase10.test01</testName>
          <skipped>false</skipped>
          <failedSince>0</failedSince>
        </case>
        <case>
          <duration>0.053</duration>
          <className>TestCaptureExportJob</className>
          <testName>TestCase10.test02</testName>
          <skipped>false</skipped>
          <failedSince>0</failedSince>
        </case>
        <case>
          <duration>24.094</duration>
          <className>TestCaptureExportJob</className>
          <testName>TestCase10.test03</testName>
          <skipped>false</skipped>
          <failedSince>0</failedSince>
        </case>
        <case>
          <duration>0.108</duration>
          <className>TestCaptureExportJob</className>
          <testName>TestCase10.test04</testName>
          <skipped>false</skipped>
          <failedSince>0</failedSince>
        </case>
        <case>
          <duration>1.218</duration>
          <className>TestCaptureExportJob</className>
          <testName>TestCase10.test05</testName>
          <skipped>false</skipped>
          <failedSince>0</failedSince>
        </case>
        <case>
          <duration>2.487</duration>
          <className>TestCaptureExportJob</className>
          <testName>TestCase10.test06</testName>
          <skipped>false</skipped>
          <failedSince>0</failedSince>
        </case>
        <case>
          <duration>0.199</duration>
          <className>TestCaptureExportJob</className>
          <testName>TestCase10.test07</testName>
          <skipped>false</skipped>
          <failedSince>0</failedSince>
        </case>
        <case>
          <duration>0.702</duration>
          <className>TestCaptureExportJob</className>
          <testName>TestCase10.test08</testName>
          <skipped>false</skipped>
          <failedSince>0</failedSince>
        </case>
        <case>
          <duration>79.504</duration>
          <className>TestCaptureExportJob</className>
          <testName>TestCase10.test09</testName>
          <skipped>false</skipped>
          <failedSince>0</failedSince>
        </case>
        <case>
          <duration>18.948</duration>
          <className>TestCaptureExportJob</className>
          <testName>TestCase10.test10</testName>
          <skipped>false</skipped>
          <failedSince>0</failedSince>
        </case>
        <case>
          <duration>2.213</duration>
          <className>TestCaptureExportJob</className>
          <testName>TestCase10.test11</testName>
          <skipped>false</skipped>
          <failedSince>0</failedSince>
        </case>
        <case>
          <duration>24.613</duration>
          <className>TestCaptureExportJob</className>
          <testName>TestCase10.test12</testName>
          <skipped>false</skipped>
          <failedSince>0</failedSince>
        </case>
        <case>
          <duration>25.115</duration>
          <className>TestCaptureExportJob</className>
          <testName>TestCase10.test13</testName>
          <skipped>false</skipped>
          <failedSince>0</failedSince>
        </case>
        <case>
          <duration>0.007</duration>
          <className>TestCaptureExportJob</className>
          <testName>TestCase10.test14</testName>
          <skipped>false</skipped>
          <failedSince>0</failedSince>
        </case>
        <case>
          <duration>0.221</duration>
          <className>TestCaptureExportJob</className>
          <testName>TestCase10.test15</testName>
          <skipped>false</skipped>
          <failedSince>0</failedSince>
        </case>
        <case>
          <duration>0.358</duration>
          <className>TestCaptureExportJob</className>
          <testName>TestCase10.test16</testName>
          <skipped>false</skipped>
          <failedSince>0</failedSince>
        </case>
        <case>
          <duration>0.02</duration>
          <className>TestCaptureExportJob</className>
          <testName>TestCase10.test17_Sensors_disallowed_in_NCA</testName>
          <skipped>false</skipped>
          <failedSince>0</failedSince>
        </case>
        <case>
          <duration>23.912</duration>
          <className>TestCaptureExportJob</className>
          <testName>TestCase10.test99</testName>
          <skipped>false</skipped>
          <failedSince>0</failedSince>
        </case>
        <case>
          <duration>45.996</duration>
          <className>TestCaptureExportJob</className>
          <testName>TestCase11.test01</testName>
          <skipped>false</skipped>
          <failedSince>0</failedSince>
        </case>
        <case>
          <duration>4.737</duration>
          <className>TestCaptureExportJob</className>
          <testName>TestCase11.test02</testName>
          <skipped>false</skipped>
          <failedSince>0</failedSince>
        </case>
        <case>
          <duration>28.833</duration>
          <className>TestCaptureExportJob</className>
          <testName>TestCase11.test03</testName>
          <skipped>false</skipped>
          <failedSince>0</failedSince>
        </case>
        <case>
          <duration>22.75</duration>
          <className>TestCaptureExportJob</className>
          <testName>TestCase11.test99</testName>
          <skipped>false</skipped>
          <failedSince>0</failedSince>
        </case>
        <case>
          <duration>213.532</duration>
          <className>TestCaptureExportJob</className>
          <testName>TestCase12.test01</testName>
          <skipped>false</skipped>
          <failedSince>0</failedSince>
        </case>
        <case>
          <duration>74.858</duration>
          <className>TestCaptureExportJob</className>
          <testName>TestCase13.test01</testName>
          <skipped>false</skipped>
          <failedSince>0</failedSince>
        </case>
      </cases>
    </suite>
    <suite>
      <file>/home/jenkins/workspace/Backend/CNE@3/test-results/TEST-rest-TestRestConfig.xml</file>
      <name>rest.TestRestConfig</name>
      <stdout>doing cheap clear config
..............Test skipped on the CorvilNet Engine
.Test skipped on the CorvilNet Engine
........Warning: this extra step shouldn&apos;t be necessary
..Test skipped on the CorvilNet Engine
.Test skipped on the CorvilNet Engine
.Test skipped on the CorvilNet Engine
...Test skipped on the CorvilNet Engine
.............Test skipped on the CorvilNet Engine
...Diff is 21.57182788848877
...Test test06 skipped in sandbox
..Test test08 skipped in sandbox
..Test test10 skipped in sand
...[truncated 1734 chars]...
tion IPINIP
no custom-application IPSec
no custom-application IPX
no custom-application IPv6
!
metadata-translation-map a
  translate-text a b
!
custom-application match-any Foo
  session-key-rule network-field server-address translate-with a
!
end
!
no stored-data-analysis-job &quot;Application and Network Analysis&quot;
no stored-data-analysis-job &quot;Network Latency&quot;
!
service telnet
service webcli

.[waiting for probed to restart.3s]
[waiting for probed to restart.3s]
[waiting for probed to restart.3s]
.</stdout>
      <stderr></stderr>
      <duration>1355.793</duration>
      <timestamp>2019-10-31T08:52:29.774258</timestamp>
      <time>1355.793</time>
      <enclosingBlocks/>
      <enclosingBlockNames/>
      <cases>
        <case>
          <duration>15.296</duration>
          <className>TestRestConfig</className>
          <testName>TestCase00.test01</testName>
          <skipped>false</skipped>
          <failedSince>0</failedSince>
        </case>
        <case>
          <duration>1.562</duration>
          <className>TestRestConfig</className>
          <testName>TestCase01.test01</testName>
          <skipped>false</skipped>
          <failedSince>0</failedSince>
        </case>
        <case>
          <duration>0.021</duration>
          <className>TestRestConfig</className>
          <testName>TestCase01.test02</testName>
          <skipped>false</skipped>
          <failedSince>0</failedSince>
        </case>
        <case>
          <duration>3.16</duration>
          <className>TestRestConfig</className>
          <testName>TestCase01.test03</testName>
          <skipped>false</skipped>
          <failedSince>0</failedSince>
        </case>
        <case>
          <duration>0.755</duration>
          <className>TestRestConfig</className>
          <testName>TestCase01.test04</testName>
          <skipped>false</skipped>
          <failedSince>0</failedSince>
        </case>
        <case>
          <duration>5.15</duration>
          <className>TestRestConfig</className>
          <testName>TestCase01.test05</testName>
          <skipped>false</skipped>
          <failedSince>0</failedSince>
        </case>
        <case>
          <duration>6.418</duration>
          <className>TestRestConfig</className>
          <testName>TestCase01.test06</testName>
          <skipped>false</skipped>
          <failedSince>0</failedSince>
        </case>
        <case>
          <duration>9.738</duration>
          <className>TestRestConfig</className>
          <testName>TestCase01.test07</testName>
          <skipped>false</skipped>
          <failedSince>0</failedSince>
        </case>
        <case>
          <duration>8.511</duration>
          <className>TestRestConfig</className>
          <testName>TestCase01.test08</testName>
          <skipped>false</skipped>
          <failedSince>0</failedSince>
        </case>
        <case>
          <duration>6.625</duration>
          <className>TestRestConfig</className>
          <testName>TestCase01.test09</testName>
          <skipped>false</skipped>
          <failedSince>0</failedSince>
        </case>
        <case>
          <duration>7.942</duration>
          <className>TestRestConfig</className>
          <testName>TestCase01.test10</testName>
          <skipped>false</skipped>
          <failedSince>0</failedSince>
        </case>
        <case>
          <duration>8.317</duration>
          <className>TestRestConfig</className>
          <testName>TestCase01.test11</testName>
          <skipped>false</skipped>
          <failedSince>0</failedSince>
        </case>
        <case>
          <duration>2.869</duration>
          <className>TestRestConfig</className>
          <testName>TestCase01.test12</testName>
          <skipped>false</skipped>
          <failedSince>0</failedSince>
        </case>
        <case>
          <duration>8.834</duration>
          <className>TestRestConfig</className>
          <testName>TestCase01.test13</testName>
          <skipped>false</skipped>
          <failedSince>0</failedSince>
        </case>
        <case>
          <duration>0.647</duration>
          <className>TestRestConfig</className>
          <testName>TestCase01.test15</testName>
          <skipped>false</skipped>
          <failedSince>0</failedSince>
        </case>
        <case>
          <duration>0.011</duration>
          <className>TestRestConfig</className>
          <testName>TestCase01.test16</testName>
          <skipped>false</skipped>
          <failedSince>0</failedSince>
        </case>
        <case>
          <duration>8.825</duration>
          <className>TestRestConfig</className>
          <testName>TestCase01.test17</testName>
          <skipped>false</skipped>
          <failedSince>0</failedSince>
        </case>
        <case>
          <duration>12.43</duration>
          <className>TestRestConfig</className>
          <testName>TestCase01.test18</testName>
          <skipped>false</skipped>
          <failedSince>0</failedSince>
        </case>
        <case>
          <duration>1.497</duration>
          <className>TestRestConfig</className>
          <testName>TestCase01.test19</testName>
          <skipped>false</skipped>
          <failedSince>0</failedSince>
        </case>
        <case>
          <duration>5.96</duration>
          <className>TestRestConfig</className>
          <testName>TestCase01.test20</testName>
          <skipped>false</skipped>
          <failedSince>0</failedSince>
        </case>
        <case>
          <duration>5.013</duration>
          <className>TestRestConfig</className>
          <testName>TestCase01.test21</testName>
          <skipped>false</skipped>
          <failedSince>0</failedSince>
        </case>
        <case>
          <duration>2.653</duration>
          <className>TestRestConfig</className>
          <testName>TestCase01.test22</testName>
          <skipped>false</skipped>
          <failedSince>0</failedSince>
        </case>
        <case>
          <duration>2.584</duration>
          <className>TestRestConfig</className>
          <testName>TestCase01.test23</testName>
          <skipped>false</skipped>
          <failedSince>0</failedSince>
        </case>
        <case>
          <duration>23.141</duration>
          <className>TestRestConfig</className>
          <testName>TestCase01.test24</testName>
          <skipped>false</skipped>
          <failedSince>0</failedSince>
        </case>
        <case>
          <duration>1.583</duration>
          <className>TestRestConfig</className>
          <testName>TestCase01.test25</testName>
          <skipped>false</skipped>
          <failedSince>0</failedSince>
        </case>
        <case>
          <duration>0.015</duration>
          <className>TestRestConfig</className>
          <testName>TestCase01.test26</testName>
          <skipped>false</skipped>
          <failedSince>0</failedSince>
        </case>
        <case>
          <duration>0.008</duration>
          <className>TestRestConfig</className>
          <testName>TestCase01.test27</testName>
          <skipped>false</skipped>
          <failedSince>0</failedSince>
        </case>
        <case>
          <duration>0.008</duration>
          <className>TestRestConfig</className>
          <testName>TestCase01.test28</testName>
          <skipped>false</skipped>
          <failedSince>0</failedSince>
        </case>
        <case>
          <duration>0.026</duration>
          <className>TestRestConfig</className>
          <testName>TestCase01.test29</testName>
          <skipped>false</skipped>
          <failedSince>0</failedSince>
        </case>
        <case>
          <duration>2.325</duration>
          <className>TestRestConfig</className>
          <testName>TestCase01.test30</testName>
          <skipped>false</skipped>
          <failedSince>0</failedSince>
        </case>
        <case>
          <duration>0.01</duration>
          <className>TestRestConfig</className>
          <testName>TestCase01.test31</testName>
          <skipped>false</skipped>
          <failedSince>0</failedSince>
        </case>
        <case>
          <duration>2.374</duration>
          <className>TestRestConfig</className>
          <testName>TestCase01.test32</testName>
          <skipped>false</skipped>
          <failedSince>0</failedSince>
        </case>
        <case>
          <duration>3.009</duration>
          <className>TestRestConfig</className>
          <testName>TestCase01.test33</testName>
          <skipped>false</skipped>
          <failedSince>0</failedSince>
        </case>
        <case>
          <duration>9.267</duration>
          <className>TestRestConfig</className>
          <testName>TestCase01.test34</testName>
          <skipped>false</skipped>
          <failedSince>0</failedSince>
        </case>
        <case>
          <duration>2.406</duration>
          <className>TestRestConfig</className>
          <testName>TestCase01.test35</testName>
          <skipped>false</skipped>
          <failedSince>0</failedSince>
        </case>
        <case>
          <duration>6.024</duration>
          <className>TestRestConfig</className>
          <testName>TestCase01.test36</testName>
          <skipped>false</skipped>
          <failedSince>0</failedSince>
        </case>
        <case>
          <duration>0.403</duration>
          <className>TestRestConfig</className>
          <testName>TestCase01.test37</testName>
          <skipped>false</skipped>
          <failedSince>0</failedSince>
        </case>
        <case>
          <duration>7.752</duration>
          <className>TestRestConfig</className>
          <testName>TestCase01.test38</testName>
          <skipped>false</skipped>
          <failedSince>0</failedSince>
        </case>
        <case>
          <duration>5.494</duration>
          <className>TestRestConfig</className>
          <testName>TestCase01.test39</testName>
          <skipped>false</skipped>
          <failedSince>0</failedSince>
        </case>
        <case>
          <duration>6.158</duration>
          <className>TestRestConfig</className>
          <testName>TestCase01.test40</testName>
          <skipped>false</skipped>
          <failedSince>0</failedSince>
        </case>
        <case>
          <duration>2.909</duration>
          <className>TestRestConfig</className>
          <testName>TestCase01.test41</testName>
          <skipped>false</skipped>
          <failedSince>0</failedSince>
        </case>
        <case>
          <duration>5.43</duration>
          <className>TestRestConfig</className>
          <testName>TestCase01.test42</testName>
          <skipped>false</skipped>
          <failedSince>0</failedSince>
        </case>
        <case>
          <duration>2.429</duration>
          <className>TestRestConfig</className>
          <testName>TestCase01.test43</testName>
          <skipped>false</skipped>
          <failedSince>0</failedSince>
        </case>
        <case>
          <duration>0.614</duration>
          <className>TestRestConfig</className>
          <testName>TestCase01.test44</testName>
          <skipped>false</skipped>
          <failedSince>0</failedSince>
        </case>
        <case>
          <duration>12.981</duration>
          <className>TestRestConfig</className>
          <testName>TestCase02.test01</testName>
          <skipped>false</skipped>
          <failedSince>0</failedSince>
        </case>
        <case>
          <duration>8.696</duration>
          <className>TestRestConfig</className>
          <testName>TestCase02.test02</testName>
          <skipped>false</skipped>
          <failedSince>0</failedSince>
        </case>
        <case>
          <duration>22.219</duration>
          <className>TestRestConfig</className>
          <testName>TestCase02.test03</testName>
          <skipped>false</skipped>
          <failedSince>0</failedSince>
        </case>
        <case>
          <duration>19.905</duration>
          <className>TestRestConfig</className>
          <testName>TestCase02.test04</testName>
          <skipped>false</skipped>
          <failedSince>0</failedSince>
        </case>
        <case>
          <duration>8.777</duration>
          <className>TestRestConfig</className>
          <testName>TestCase02.test05</testName>
          <skipped>false</skipped>
          <failedSince>0</failedSince>
        </case>
        <case>
          <duration>0.533</duration>
          <className>TestRestConfig</className>
          <testName>TestCase02.test06</testName>
          <skipped>false</skipped>
          <failedSince>0</failedSince>
        </case>
        <case>
          <duration>4.579</duration>
          <className>TestRestConfig</className>
          <testName>TestCase02.test07</testName>
          <skipped>false</skipped>
          <failedSince>0</failedSince>
        </case>
        <case>
          <duration>0.17</duration>
          <className>TestRestConfig</className>
          <testName>TestCase02.test08</testName>
          <skipped>false</skipped>
          <failedSince>0</failedSince>
        </case>
        <case>
          <duration>7.029</duration>
          <className>TestRestConfig</className>
          <testName>TestCase02.test09</testName>
          <skipped>false</skipped>
          <failedSince>0</failedSince>
        </case>
        <case>
          <duration>0.487</duration>
          <className>TestRestConfig</className>
          <testName>TestCase02.test10</testName>
          <skipped>false</skipped>
          <failedSince>0</failedSince>
        </case>
        <case>
          <duration>0.588</duration>
          <className>TestRestConfig</className>
          <testName>TestCase02.test99</testName>
          <skipped>false</skipped>
          <failedSince>0</failedSince>
        </case>
        <case>
          <duration>0.0</duration>
          <className>TestRestConfig</className>
          <testName>TestCase03.test01</testName>
          <skipped>false</skipped>
          <failedSince>0</failedSince>
        </case>
        <case>
          <duration>7.942</duration>
          <className>TestRestConfig</className>
          <testName>TestCase04.test01</testName>
          <skipped>false</skipped>
          <failedSince>0</failedSince>
        </case>
        <case>
          <duration>4.042</duration>
          <className>TestRestConfig</className>
          <testName>TestCase04.test02</testName>
          <skipped>false</skipped>
          <failedSince>0</failedSince>
        </case>
        <case>
          <duration>4.179</duration>
          <className>TestRestConfig</className>
          <testName>TestCase04.test03</testName>
          <skipped>false</skipped>
          <failedSince>0</failedSince>
        </case>
        <case>
          <duration>3.001</duration>
          <className>TestRestConfig</className>
          <testName>TestCase04.test04</testName>
          <skipped>false</skipped>
          <failedSince>0</failedSince>
        </case>
        <case>
          <duration>3.01</duration>
          <className>TestRestConfig</className>
          <testName>TestCase04.test05</testName>
          <skipped>false</skipped>
          <failedSince>0</failedSince>
        </case>
        <case>
          <duration>3.83</duration>
          <className>TestRestConfig</className>
          <testName>TestCase04.test06</testName>
          <skipped>false</skipped>
          <failedSince>0</failedSince>
        </case>
        <case>
          <duration>4.603</duration>
          <className>TestRestConfig</className>
          <testName>TestCase04.test07</testName>
          <skipped>false</skipped>
          <failedSince>0</failedSince>
        </case>
        <case>
          <duration>4.485</duration>
          <className>TestRestConfig</className>
          <testName>TestCase04.test08</testName>
          <skipped>false</skipped>
          <failedSince>0</failedSince>
        </case>
        <case>
          <duration>5.049</duration>
          <className>TestRestConfig</className>
          <testName>TestCase04.test09</testName>
          <skipped>false</skipped>
          <failedSince>0</failedSince>
        </case>
        <case>
          <duration>4.508</duration>
          <className>TestRestConfig</className>
          <testName>TestCase04.test17</testName>
          <skipped>false</skipped>
          <failedSince>0</failedSince>
        </case>
        <case>
          <duration>26.442</duration>
          <className>TestRestConfig</className>
          <testName>TestCase04.test18</testName>
          <skipped>false</skipped>
          <failedSince>0</failedSince>
        </case>
        <case>
          <duration>32.807</duration>
          <className>TestRestConfig</className>
          <testName>TestCase04.test19</testName>
          <skipped>false</skipped>
          <failedSince>0</failedSince>
        </case>
        <case>
          <duration>27.518</duration>
          <className>TestRestConfig</className>
          <testName>TestCase04.test20</testName>
          <skipped>false</skipped>
          <failedSince>0</failedSince>
        </case>
        <case>
          <duration>32.414</duration>
          <className>TestRestConfig</className>
          <testName>TestCase04.test21</testName>
          <skipped>false</skipped>
          <failedSince>0</failedSince>
        </case>
        <case>
          <duration>34.385</duration>
          <className>TestRestConfig</className>
          <testName>TestCase04.test22</testName>
          <skipped>false</skipped>
          <failedSince>0</failedSince>
        </case>
        <case>
          <duration>6.315</duration>
          <className>TestRestConfig</className>
          <testName>TestCase04.test23</testName>
          <skipped>false</skipped>
          <failedSince>0</failedSince>
        </case>
        <case>
          <duration>8.7</duration>
          <className>TestRestConfig</className>
          <testName>TestCase04.test24</testName>
          <skipped>false</skipped>
          <failedSince>0</failedSince>
        </case>
        <case>
          <duration>7.529</duration>
          <className>TestRestConfig</className>
          <testName>TestCase04.test25</testName>
          <skipped>false</skipped>
          <failedSince>0</failedSince>
        </case>
        <case>
          <duration>3.18</duration>
          <className>TestRestConfig</className>
          <testName>TestCase04.test26</testName>
          <skipped>false</skipped>
          <failedSince>0</failedSince>
        </case>
        <case>
          <duration>9.649</duration>
          <className>TestRestConfig</className>
          <testName>TestCase04.test27</testName>
          <skipped>false</skipped>
          <failedSince>0</failedSince>
        </case>
        <case>
          <duration>5.488</duration>
          <className>TestRestConfig</className>
          <testName>TestCase04.test28</testName>
          <skipped>false</skipped>
          <failedSince>0</failedSince>
        </case>
        <case>
          <duration>7.693</duration>
          <className>TestRestConfig</className>
          <testName>TestCase04.test29</testName>
          <skipped>false</skipped>
          <failedSince>0</failedSince>
        </case>
        <case>
          <duration>4.224</duration>
          <className>TestRestConfig</className>
          <testName>TestCase04.test30</testName>
          <skipped>false</skipped>
          <failedSince>0</failedSince>
        </case>
        <case>
          <duration>5.527</duration>
          <className>TestRestConfig</className>
          <testName>TestCase05.test01</testName>
          <skipped>false</skipped>
          <failedSince>0</failedSince>
        </case>
        <case>
          <duration>10.087</duration>
          <className>TestRestConfig</className>
          <testName>TestCase05.test02</testName>
          <skipped>false</skipped>
          <failedSince>0</failedSince>
        </case>
        <case>
          <duration>7.271</duration>
          <className>TestRestConfig</className>
          <testName>TestCase06.test01</testName>
          <skipped>false</skipped>
          <failedSince>0</failedSince>
        </case>
        <case>
          <duration>69.704</duration>
          <className>TestRestConfig</className>
          <testName>TestCase06.test02</testName>
          <skipped>false</skipped>
          <failedSince>0</failedSince>
        </case>
        <case>
          <duration>14.013</duration>
          <className>TestRestConfig</className>
          <testName>TestCase06.test03</testName>
          <skipped>false</skipped>
          <failedSince>0</failedSince>
        </case>
        <case>
          <duration>5.58</duration>
          <className>TestRestConfig</className>
          <testName>TestCase06.test04</testName>
          <skipped>false</skipped>
          <failedSince>0</failedSince>
        </case>
        <case>
          <duration>7.185</duration>
          <className>TestRestConfig</className>
          <testName>TestCase06.test05</testName>
          <skipped>false</skipped>
          <failedSince>0</failedSince>
        </case>
        <case>
          <duration>25.799</duration>
          <className>TestRestConfig</className>
          <testName>TestCase07.test03</testName>
          <skipped>false</skipped>
          <failedSince>0</failedSince>
        </case>
        <case>
          <duration>0.028</duration>
          <className>TestRestConfig</className>
          <testName>TestCase07.test05</testName>
          <skipped>false</skipped>
          <failedSince>0</failedSince>
        </case>
        <case>
          <duration>6.704</duration>
          <className>TestRestConfig</className>
          <testName>TestCase07.test06</testName>
          <skipped>false</skipped>
          <failedSince>0</failedSince>
        </case>
        <case>
          <duration>40.562</duration>
          <className>TestRestConfig</className>
          <testName>TestCase07.test07</testName>
          <skipped>false</skipped>
          <failedSince>0</failedSince>
        </case>
        <case>
          <duration>0.496</duration>
          <className>TestRestConfig</className>
          <testName>TestCase07.test08</testName>
          <skipped>false</skipped>
          <failedSince>0</failedSince>
        </case>
        <case>
          <duration>22.616</duration>
          <className>TestRestConfig</className>
          <testName>TestCase07.test09</testName>
          <skipped>false</skipped>
          <failedSince>0</failedSince>
        </case>
        <case>
          <duration>23.742</duration>
          <className>TestRestConfig</className>
          <testName>TestCase07.test10</testName>
          <skipped>false</skipped>
          <failedSince>0</failedSince>
        </case>
        <case>
          <duration>4.36</duration>
          <className>TestRestConfig</className>
          <testName>TestCase07.test11</testName>
          <skipped>false</skipped>
          <failedSince>0</failedSince>
        </case>
        <case>
          <duration>1.285</duration>
          <className>TestRestConfig</className>
          <testName>TestCase08.test01</testName>
          <skipped>false</skipped>
          <failedSince>0</failedSince>
        </case>
        <case>
          <duration>8.726</duration>
          <className>TestRestConfig</className>
          <testName>TestCase08.test02</testName>
          <skipped>false</skipped>
          <failedSince>0</failedSince>
        </case>
        <case>
          <duration>0.311</duration>
          <className>TestRestConfig</className>
          <testName>TestCase08.test03</testName>
          <skipped>false</skipped>
          <failedSince>0</failedSince>
        </case>
        <case>
          <duration>3.97</duration>
          <className>TestRestConfig</className>
          <testName>TestCase08.test04</testName>
          <skipped>false</skipped>
          <failedSince>0</failedSince>
        </case>
        <case>
          <duration>0.015</duration>
          <className>TestRestConfig</className>
          <testName>TestCase08.test05</testName>
          <skipped>false</skipped>
          <failedSince>0</failedSince>
        </case>
        <case>
          <duration>0.009</duration>
          <className>TestRestConfig</className>
          <testName>TestCase08.test06</testName>
          <skipped>false</skipped>
          <failedSince>0</failedSince>
        </case>
        <case>
          <duration>8.234</duration>
          <className>TestRestConfig</className>
          <testName>TestCase08.test07</testName>
          <skipped>false</skipped>
          <failedSince>0</failedSince>
        </case>
        <case>
          <duration>1.372</duration>
          <className>TestRestConfig</className>
          <testName>TestCase09.test01</testName>
          <skipped>false</skipped>
          <failedSince>0</failedSince>
        </case>
        <case>
          <duration>0.005</duration>
          <className>TestRestConfig</className>
          <testName>TestCase09.test02</testName>
          <skipped>false</skipped>
          <failedSince>0</failedSince>
        </case>
        <case>
          <duration>0.004</duration>
          <className>TestRestConfig</className>
          <testName>TestCase09.test03</testName>
          <skipped>false</skipped>
          <failedSince>0</failedSince>
        </case>
        <case>
          <duration>0.004</duration>
          <className>TestRestConfig</className>
          <testName>TestCase09.test04</testName>
          <skipped>false</skipped>
          <failedSince>0</failedSince>
        </case>
        <case>
          <duration>0.004</duration>
          <className>TestRestConfig</className>
          <testName>TestCase09.test05</testName>
          <skipped>false</skipped>
          <failedSince>0</failedSince>
        </case>
        <case>
          <duration>0.004</duration>
          <className>TestRestConfig</className>
          <testName>TestCase09.test06</testName>
          <skipped>false</skipped>
          <failedSince>0</failedSince>
        </case>
        <case>
          <duration>0.021</duration>
          <className>TestRestConfig</className>
          <testName>TestCase09.test07</testName>
          <skipped>false</skipped>
          <failedSince>0</failedSince>
        </case>
        <case>
          <duration>0.028</duration>
          <className>TestRestConfig</className>
          <testName>TestCase09.test08</testName>
          <skipped>false</skipped>
          <failedSince>0</failedSince>
        </case>
        <case>
          <duration>0.005</duration>
          <className>TestRestConfig</className>
          <testName>TestCase09.test09</testName>
          <skipped>false</skipped>
          <failedSince>0</failedSince>
        </case>
        <case>
          <duration>0.912</duration>
          <className>TestRestConfig</className>
          <testName>TestCase10.test01</testName>
          <skipped>false</skipped>
          <failedSince>0</failedSince>
        </case>
        <case>
          <duration>5.641</duration>
          <className>TestRestConfig</className>
          <testName>TestCase11.test01</testName>
          <skipped>false</skipped>
          <failedSince>0</failedSince>
        </case>
        <case>
          <duration>6.989</duration>
          <className>TestRestConfig</className>
          <testName>TestCase11.test02</testName>
          <skipped>false</skipped>
          <failedSince>0</failedSince>
        </case>
        <case>
          <duration>5.333</duration>
          <className>TestRestConfig</className>
          <testName>TestCase11.test03</testName>
          <skipped>false</skipped>
          <failedSince>0</failedSince>
        </case>
        <case>
          <duration>3.717</duration>
          <className>TestRestConfig</className>
          <testName>TestCase11.test04</testName>
          <skipped>false</skipped>
          <failedSince>0</failedSince>
        </case>
        <case>
          <duration>0.05</duration>
          <className>TestRestConfig</className>
          <testName>TestCase11.test05</testName>
          <skipped>false</skipped>
          <failedSince>0</failedSince>
        </case>
        <case>
          <duration>9.639</duration>
          <className>TestRestConfig</className>
          <testName>TestCase12.test01</testName>
          <skipped>false</skipped>
          <failedSince>0</failedSince>
        </case>
        <case>
          <duration>1.289</duration>
          <className>TestRestConfig</className>
          <testName>TestCase12.test02</testName>
          <skipped>false</skipped>
          <failedSince>0</failedSince>
        </case>
        <case>
          <duration>3.965</duration>
          <className>TestRestConfig</className>
          <testName>TestCase12.test03</testName>
          <skipped>false</skipped>
          <failedSince>0</failedSince>
        </case>
        <case>
          <duration>3.148</duration>
          <className>TestRestConfig</className>
          <testName>TestCase12.test04</testName>
          <skipped>false</skipped>
          <failedSince>0</failedSince>
        </case>
        <case>
          <duration>504.263</duration>
          <className>TestRestConfig</className>
          <testName>TestCase12.test05</testName>
          <skipped>false</skipped>
          <failedSince>0</failedSince>
        </case>
      </cases>
    </suite>
  </suites>
  <duration>67841.53</duration>
  <keepLongStdio>false</keepLongStdio>
</result>